#
# A fatal error has been detected by the Java Runtime Environment:
#
#  EXCEPTION_ACCESS_VIOLATION (0xc0000005) at pc=0x00007ffd5a2b6462, pid=10720, tid=0x0000000000005f3c
#
# JRE version: Java(TM) SE Runtime Environment (8.0_161-b12) (build 1.8.0_161-b12)
# Java VM: Java HotSpot(TM) 64-Bit Server VM (25.161-b12 mixed mode windows-amd64 compressed oops)
# Problematic frame:
# C  [ig75icd64.dll+0x226462]
#
# Failed to write core dump. Minidumps are not enabled by default on client versions of Windows
#
# If you would like to submit a bug report, please visit:
#   http://bugreport.java.com/bugreport/crash.jsp
# The crash happened outside the Java Virtual Machine in native code.
# See problematic frame for where to report the bug.
#

---------------  T H R E A D  ---------------

Current thread (0x000000001d3cc000):  JavaThread "AWT-EventQueue-0" [_thread_in_native, id=24380, stack(0x000000001d870000,0x000000001d970000)]

siginfo: ExceptionCode=0xc0000005, reading address 0x0000000000000028

Registers:
RAX=0x0000000069659db0, RBX=0x0000000000000000, RCX=0x0000000000000300, RDX=0x00000000627b0c50
RSP=0x000000001d969610, RBP=0x000000001d969710, RSI=0x00000000626f7400, RDI=0x00000000627b1830
R8 =0x00000000699de7b0, R9 =0x0000000000000190, R10=0x0000000000000000, R11=0x0000000000000000
R12=0x000000001d96a0e0, R13=0x00000000627b10f8, R14=0x0000000069659e60, R15=0x0000000000000000
RIP=0x00007ffd5a2b6462, EFLAGS=0x0000000000010206

Top of Stack: (sp=0x000000001d969610)
0x000000001d969610:   0000f984636451a0 00000000636451e0
0x000000001d969620:   0000000063645160 000000006862d780
0x000000001d969630:   0000000062a34030 000000007066820e
0x000000001d969640:   00000000699de7b0 00000000686378d8
0x000000001d969650:   0000000062a33f90 0000000000000190
0x000000001d969660:   0000000000000010 000000001d96a0e0
0x000000001d969670:   0000000064799884 000000000000001c
0x000000001d969680:   0000000000000000 0000000000002864
0x000000001d969690:   0000000069659e60 0000000000010000
0x000000001d9696a0:   0000000064799864 0000000070428b31
0x000000001d9696b0:   0000000062a33e70 0000000000000000
0x000000001d9696c0:   00000000686378b8 00000000198c8080
0x000000001d9696d0:   0000000000000000 00000000705bff51
0x000000001d9696e0:   000000001d9697e0 0000000064799880
0x000000001d9696f0:   00000000686aa1d8 000000006a56c1e8
0x000000001d969700:   00000000686aa218 00000000686439f0 

Instructions: (pc=0x00007ffd5a2b6462)
0x00007ffd5a2b6442:   89 4d d0 8b 5f 14 e9 95 04 00 00 83 78 08 00 74
0x00007ffd5a2b6452:   53 4c 8d b0 b0 00 00 00 4c 89 75 80 49 8b 5e 30
0x00007ffd5a2b6462:   48 8b 43 28 48 8b 48 20 48 8b 49 08 e8 ed bf 37
0x00007ffd5a2b6472:   00 41 89 44 24 08 8b 47 08 03 43 08 41 89 44 24 


Register to memory mapping:

RAX=0x0000000069659db0 is an unknown value
RBX=0x0000000000000000 is an unknown value
RCX=0x0000000000000300 is an unknown value
RDX=0x00000000627b0c50 is an unknown value
RSP=0x000000001d969610 is pointing into the stack for thread: 0x000000001d3cc000
RBP=0x000000001d969710 is pointing into the stack for thread: 0x000000001d3cc000
RSI=0x00000000626f7400 is an unknown value
RDI=0x00000000627b1830 is an unknown value
R8 =0x00000000699de7b0 is an unknown value
R9 =0x0000000000000190 is an unknown value
R10=0x0000000000000000 is an unknown value
R11=0x0000000000000000 is an unknown value
R12=0x000000001d96a0e0 is pointing into the stack for thread: 0x000000001d3cc000
R13=0x00000000627b10f8 is an unknown value
R14=0x0000000069659e60 is an unknown value
R15=0x0000000000000000 is an unknown value


Stack: [0x000000001d870000,0x000000001d970000],  sp=0x000000001d969610,  free space=997k
Native frames: (J=compiled Java code, j=interpreted, Vv=VM code, C=native code)
C  [ig75icd64.dll+0x226462]
C  [ig75icd64.dll+0x252655]
C  [ig75icd64.dll+0x3037eb]
C  [ig75icd64.dll+0x303227]
C  [ig75icd64.dll+0x4d4914]
C  [ig75icd64.dll+0x4d5193]
C  0x0000000004f48c67

Java frames: (J=compiled Java code, j=interpreted, Vv=VM code)
j  jogamp.opengl.gl4.GL4bcImpl.dispatch_glDrawArrays1(IIIJ)V+0
j  jogamp.opengl.gl4.GL4bcImpl.glDrawArrays(III)V+45
j  com.jogamp.opengl.util.awt.TextRenderer$Pipelined_QuadRenderer.drawVertexArrays()V+209
j  com.jogamp.opengl.util.awt.TextRenderer$Pipelined_QuadRenderer.draw()V+11
J 3877 C2 com.jogamp.opengl.util.awt.TextRenderer$Pipelined_QuadRenderer.glVertex3f(FFF)V (52 bytes) @ 0x0000000005b50678 [0x0000000005b505a0+0xd8]
J 3717 C1 com.jogamp.opengl.util.awt.TextRenderer$Glyph.draw3D(FFFF)F (530 bytes) @ 0x0000000005aebf24 [0x0000000005ae9320+0x2c04]
j  com.jogamp.opengl.util.awt.TextRenderer.internal_draw3D(Ljava/lang/CharSequence;FFFF)V+45
j  com.jogamp.opengl.util.awt.TextRenderer.draw3D(Ljava/lang/String;FFFF)V+8
j  com.jogamp.opengl.util.awt.TextRenderer.draw(Ljava/lang/String;II)V+8
j  ch.unizh.ini.jaer.projects.jjslam.JJSlam.annotate(Lcom/jogamp/opengl/GLAutoDrawable;)V+129
j  net.sf.jaer.graphics.ChipCanvas.drawAnnotationsIncludingEnclosed(Lnet/sf/jaer/eventprocessing/EventFilter;Lnet/sf/jaer/graphics/FrameAnnotater;Lcom/jogamp/opengl/GLAutoDrawable;)V+2
j  net.sf.jaer.graphics.ChipCanvas.annotate(Lcom/jogamp/opengl/GLAutoDrawable;)V+191
j  net.sf.jaer.graphics.ChipCanvas.display(Lcom/jogamp/opengl/GLAutoDrawable;)V+151
j  jogamp.opengl.GLDrawableHelper.displayImpl(Lcom/jogamp/opengl/GLAutoDrawable;)V+62
j  jogamp.opengl.GLDrawableHelper.display(Lcom/jogamp/opengl/GLAutoDrawable;)V+2
j  com.jogamp.opengl.awt.GLCanvas$11.run()V+118
j  jogamp.opengl.GLDrawableHelper.invokeGLImpl(Lcom/jogamp/opengl/GLDrawable;Lcom/jogamp/opengl/GLContext;Ljava/lang/Runnable;Ljava/lang/Runnable;)V+203
j  jogamp.opengl.GLDrawableHelper.invokeGL(Lcom/jogamp/opengl/GLDrawable;Lcom/jogamp/opengl/GLContext;Ljava/lang/Runnable;Ljava/lang/Runnable;)V+72
j  com.jogamp.opengl.awt.GLCanvas$12.run()V+104
j  com.jogamp.opengl.Threading.invoke(ZLjava/lang/Runnable;Ljava/lang/Object;)V+27
j  com.jogamp.opengl.awt.GLCanvas.display()V+64
j  com.jogamp.opengl.awt.GLCanvas.paint(Ljava/awt/Graphics;)V+137
j  sun.awt.RepaintArea.paintComponent(Ljava/awt/Component;Ljava/awt/Graphics;)V+6
j  sun.awt.RepaintArea.paint(Ljava/lang/Object;Z)V+326
J 3157 C1 sun.awt.windows.WComponentPeer.handleEvent(Ljava/awt/AWTEvent;)V (173 bytes) @ 0x000000000597c4ac [0x000000000597b5c0+0xeec]
J 3084 C1 java.awt.Component.dispatchEventImpl(Ljava/awt/AWTEvent;)V (883 bytes) @ 0x0000000005917a84 [0x00000000059105e0+0x74a4]
J 2398 C1 java.awt.EventQueue.dispatchEventImpl(Ljava/awt/AWTEvent;Ljava/lang/Object;)V (149 bytes) @ 0x00000000056735bc [0x0000000005671d80+0x183c]
J 2396 C1 java.awt.EventQueue$3.run()Ljava/lang/Void; (60 bytes) @ 0x00000000054ce68c [0x00000000054ce480+0x20c]
J 2395 C1 java.awt.EventQueue$3.run()Ljava/lang/Object; (5 bytes) @ 0x00000000052b1e8c [0x00000000052b1e00+0x8c]
v  ~StubRoutines::call_stub
J 478  java.security.AccessController.doPrivileged(Ljava/security/PrivilegedAction;Ljava/security/AccessControlContext;)Ljava/lang/Object; (0 bytes) @ 0x00000000051533a6 [0x0000000005153340+0x66]
J 3112 C1 java.awt.EventQueue$4.run()Ljava/lang/Object; (5 bytes) @ 0x000000000595eb6c [0x000000000595e740+0x42c]
v  ~StubRoutines::call_stub
J 478  java.security.AccessController.doPrivileged(Ljava/security/PrivilegedAction;Ljava/security/AccessControlContext;)Ljava/lang/Object; (0 bytes) @ 0x00000000051533a6 [0x0000000005153340+0x66]
J 2344 C1 java.awt.EventQueue.dispatchEvent(Ljava/awt/AWTEvent;)V (80 bytes) @ 0x0000000005665c3c [0x0000000005664dc0+0xe7c]
J 2346 C1 java.awt.EventDispatchThread.pumpOneEventForFilters(I)V (295 bytes) @ 0x0000000005668a64 [0x0000000005666f00+0x1b64]
j  java.awt.EventDispatchThread.pumpEventsForFilter(ILjava/awt/Conditional;Ljava/awt/EventFilter;)V+35
j  java.awt.EventDispatchThread.pumpEventsForHierarchy(ILjava/awt/Conditional;Ljava/awt/Component;)V+11
j  java.awt.EventDispatchThread.pumpEvents(ILjava/awt/Conditional;)V+4
j  java.awt.EventDispatchThread.pumpEvents(Ljava/awt/Conditional;)V+3
j  java.awt.EventDispatchThread.run()V+9
v  ~StubRoutines::call_stub

---------------  P R O C E S S  ---------------

Java Threads: ( => current thread )
  0x000000002099a800 JavaThread "SwingWorker-pool-2-thread-1" daemon [_thread_blocked, id=24152, stack(0x000000006ab50000,0x000000006ac50000)]
  0x000000002099e000 JavaThread "Swing-Shell" daemon [_thread_blocked, id=22092, stack(0x0000000069ec0000,0x0000000069fc0000)]
  0x000000002099d000 JavaThread "RemoteControlDatagramSocketThread" [_thread_in_native, id=19628, stack(0x00000000688c0000,0x00000000689c0000)]
  0x000000002099e800 JavaThread "AEViewer.ViewLoop" [_thread_blocked, id=22912, stack(0x00000000687c0000,0x00000000688c0000)]
  0x00000000209a1000 JavaThread "AEServerSocket port=8990" [_thread_in_native, id=10888, stack(0x00000000643d0000,0x00000000644d0000)]
  0x000000002099b800 JavaThread "Thread-9" daemon [_thread_blocked, id=24160, stack(0x00000000642d0000,0x00000000643d0000)]
  0x00000000209a0000 JavaThread "JavaCPP Deallocator" daemon [_thread_blocked, id=14744, stack(0x0000000063fd0000,0x00000000640d0000)]
  0x000000002099f800 JavaThread "Java Sound Event Dispatcher" daemon [_thread_blocked, id=8576, stack(0x0000000063bd0000,0x0000000063cd0000)]
  0x00000000207af800 JavaThread "RemoteControlDatagramSocketThread" [_thread_in_native, id=22448, stack(0x00000000637d0000,0x00000000638d0000)]
  0x0000000020629000 JavaThread "TimerQueue" daemon [_thread_blocked, id=8204, stack(0x0000000062fe0000,0x00000000630e0000)]
  0x000000001e0a6800 JavaThread "AWT-EventQueue-0-SharedResourceRunner" daemon [_thread_blocked, id=21612, stack(0x0000000020330000,0x0000000020430000)]
  0x0000000004e36800 JavaThread "DestroyJavaVM" [_thread_blocked, id=11336, stack(0x0000000004d30000,0x0000000004e30000)]
=>0x000000001d3cc000 JavaThread "AWT-EventQueue-0" [_thread_in_native, id=24380, stack(0x000000001d870000,0x000000001d970000)]
  0x000000001d3cb000 JavaThread "AWT-Windows" daemon [_thread_in_native, id=15080, stack(0x000000001d660000,0x000000001d760000)]
  0x000000001d3ca800 JavaThread "AWT-Shutdown" [_thread_blocked, id=25088, stack(0x000000001d560000,0x000000001d660000)]
  0x000000001d3c3800 JavaThread "Java2D Disposer" daemon [_thread_blocked, id=19136, stack(0x000000001d460000,0x000000001d560000)]
  0x000000001bcb2000 JavaThread "Service Thread" daemon [_thread_blocked, id=13556, stack(0x000000001c900000,0x000000001ca00000)]
  0x000000001bc20000 JavaThread "C1 CompilerThread3" daemon [_thread_blocked, id=24868, stack(0x000000001c800000,0x000000001c900000)]
  0x000000001bc19800 JavaThread "C2 CompilerThread2" daemon [_thread_blocked, id=18532, stack(0x000000001c700000,0x000000001c800000)]
  0x000000001bc15800 JavaThread "C2 CompilerThread1" daemon [_thread_blocked, id=25068, stack(0x000000001c600000,0x000000001c700000)]
  0x000000001bc11800 JavaThread "C2 CompilerThread0" daemon [_thread_in_native, id=5956, stack(0x000000001c500000,0x000000001c600000)]
  0x000000001bc0d800 JavaThread "Attach Listener" daemon [_thread_blocked, id=23240, stack(0x000000001c400000,0x000000001c500000)]
  0x0000000019d0e800 JavaThread "Signal Dispatcher" daemon [_thread_blocked, id=17996, stack(0x000000001c300000,0x000000001c400000)]
  0x000000001bc00800 JavaThread "Finalizer" daemon [_thread_blocked, id=18760, stack(0x000000001bfe0000,0x000000001c0e0000)]
  0x0000000004f2a000 JavaThread "Reference Handler" daemon [_thread_blocked, id=12012, stack(0x000000001bae0000,0x000000001bbe0000)]

Other Threads:
  0x0000000019cf9800 VMThread [stack: 0x000000001b9e0000,0x000000001bae0000] [id=18484]
  0x000000001bc65000 WatcherThread [stack: 0x000000001cb60000,0x000000001cc60000] [id=16420]

VM state:not at safepoint (normal execution)

VM Mutex/Monitor currently owned by a thread: None

Heap:
 PSYoungGen      total 81920K, used 46219K [0x00000000d6f80000, 0x00000000ddd00000, 0x0000000100000000)
  eden space 52736K, 87% used [0x00000000d6f80000,0x00000000d9ca2f70,0x00000000da300000)
  from space 29184K, 0% used [0x00000000dc080000,0x00000000dc080000,0x00000000ddd00000)
  to   space 29696K, 0% used [0x00000000da300000,0x00000000da300000,0x00000000dc000000)
 ParOldGen       total 141312K, used 63358K [0x0000000084e00000, 0x000000008d800000, 0x00000000d6f80000)
  object space 141312K, 44% used [0x0000000084e00000,0x0000000088bdfbd0,0x000000008d800000)
 Metaspace       used 32083K, capacity 32512K, committed 32896K, reserved 1079296K
  class space    used 3787K, capacity 3895K, committed 3968K, reserved 1048576K

Card table byte_map: [0x00000000142f0000,0x00000000146d0000] byte_map_base: 0x0000000013ec9000

Marking Bits: (ParMarkBitMap*) 0x0000000070baf860
 Begin Bits: [0x0000000015170000, 0x0000000017038000)
 End Bits:   [0x0000000017038000, 0x0000000018f00000)

Polling page: 0x0000000002ea0000

CodeCache: size=245760Kb used=13373Kb max_used=13393Kb free=232386Kb
 bounds [0x0000000004f30000, 0x0000000005c60000, 0x0000000013f30000]
 total_blobs=4887 nmethods=3890 adapters=905
 compilation: enabled

Compilation events (10 events):
Event: 47.594 Thread 0x000000001bc20000 nmethod 4161 0x000000000509ae90 code [0x000000000509b060, 0x000000000509ba90]
Event: 47.594 Thread 0x000000001bc20000 4158       3       javax.swing.text.ParagraphView$Row::calculateMinorAxisRequirements (7 bytes)
Event: 47.594 Thread 0x000000001bc20000 nmethod 4158 0x0000000005c4a490 code [0x0000000005c4a600, 0x0000000005c4a808]
Event: 47.594 Thread 0x000000001bc20000 4160       3       javax.swing.text.ParagraphView$Row::layoutMajorAxis (481 bytes)
Event: 47.599 Thread 0x000000001bc20000 nmethod 4160 0x00000000053e7c90 code [0x00000000053e7f60, 0x00000000053e93f8]
Event: 47.599 Thread 0x000000001bc15800 4164  s    4       java.awt.KeyboardFocusManager::getCurrentKeyboardFocusManager (32 bytes)
Event: 47.599 Thread 0x000000001bc20000 4163       1       javax.swing.DefaultBoundedRangeModel::getMaximum (5 bytes)
Event: 47.599 Thread 0x000000001bc20000 nmethod 4163 0x00000000053cdd50 code [0x00000000053cdea0, 0x00000000053cdfb0]
Event: 47.602 Thread 0x000000001bc15800 nmethod 4164 0x00000000053d6c50 code [0x00000000053d6dc0, 0x00000000053d7128]
Event: 47.611 Thread 0x000000001bc15800 4165       4       java.util.regex.Matcher::search (109 bytes)

GC Heap History (10 events):
Event: 41.805 GC heap before
{Heap before GC invocations=13 (full 3):
 PSYoungGen      total 73216K, used 48753K [0x00000000d6f80000, 0x00000000ddc00000, 0x0000000100000000)
  eden space 46592K, 100% used [0x00000000d6f80000,0x00000000d9d00000,0x00000000d9d00000)
  from space 26624K, 8% used [0x00000000d9d00000,0x00000000d9f1c5b8,0x00000000db700000)
  to   space 26112K, 0% used [0x00000000dc280000,0x00000000dc280000,0x00000000ddc00000)
 ParOldGen       total 141312K, used 39681K [0x0000000084e00000, 0x000000008d800000, 0x00000000d6f80000)
  object space 141312K, 28% used [0x0000000084e00000,0x00000000874c06a8,0x000000008d800000)
 Metaspace       used 31490K, capacity 31778K, committed 32256K, reserved 1077248K
  class space    used 3749K, capacity 3826K, committed 3840K, reserved 1048576K
Event: 41.809 GC heap after
Heap after GC invocations=13 (full 3):
 PSYoungGen      total 71680K, used 3378K [0x00000000d6f80000, 0x00000000dd500000, 0x0000000100000000)
  eden space 52736K, 0% used [0x00000000d6f80000,0x00000000d6f80000,0x00000000da300000)
  from space 18944K, 17% used [0x00000000dc280000,0x00000000dc5ccb90,0x00000000dd500000)
  to   space 25600K, 0% used [0x00000000da300000,0x00000000da300000,0x00000000dbc00000)
 ParOldGen       total 141312K, used 39689K [0x0000000084e00000, 0x000000008d800000, 0x00000000d6f80000)
  object space 141312K, 28% used [0x0000000084e00000,0x00000000874c26a8,0x000000008d800000)
 Metaspace       used 31490K, capacity 31778K, committed 32256K, reserved 1077248K
  class space    used 3749K, capacity 3826K, committed 3840K, reserved 1048576K
}
Event: 46.096 GC heap before
{Heap before GC invocations=14 (full 3):
 PSYoungGen      total 71680K, used 39601K [0x00000000d6f80000, 0x00000000dd500000, 0x0000000100000000)
  eden space 52736K, 68% used [0x00000000d6f80000,0x00000000d92dfb20,0x00000000da300000)
  from space 18944K, 17% used [0x00000000dc280000,0x00000000dc5ccb90,0x00000000dd500000)
  to   space 25600K, 0% used [0x00000000da300000,0x00000000da300000,0x00000000dbc00000)
 ParOldGen       total 141312K, used 39689K [0x0000000084e00000, 0x000000008d800000, 0x00000000d6f80000)
  object space 141312K, 28% used [0x0000000084e00000,0x00000000874c26a8,0x000000008d800000)
 Metaspace       used 31905K, capacity 32270K, committed 32640K, reserved 1077248K
  class space    used 3771K, capacity 3860K, committed 3968K, reserved 1048576K
Event: 46.116 GC heap after
Heap after GC invocations=14 (full 3):
 PSYoungGen      total 78336K, used 25076K [0x00000000d6f80000, 0x00000000dde00000, 0x0000000100000000)
  eden space 52736K, 0% used [0x00000000d6f80000,0x00000000d6f80000,0x00000000da300000)
  from space 25600K, 97% used [0x00000000da300000,0x00000000dbb7d340,0x00000000dbc00000)
  to   space 30208K, 0% used [0x00000000dc080000,0x00000000dc080000,0x00000000dde00000)
 ParOldGen       total 141312K, used 39697K [0x0000000084e00000, 0x000000008d800000, 0x00000000d6f80000)
  object space 141312K, 28% used [0x0000000084e00000,0x00000000874c46a8,0x000000008d800000)
 Metaspace       used 31905K, capacity 32270K, committed 32640K, reserved 1077248K
  class space    used 3771K, capacity 3860K, committed 3968K, reserved 1048576K
}
Event: 46.116 GC heap before
{Heap before GC invocations=15 (full 4):
 PSYoungGen      total 78336K, used 25076K [0x00000000d6f80000, 0x00000000dde00000, 0x0000000100000000)
  eden space 52736K, 0% used [0x00000000d6f80000,0x00000000d6f80000,0x00000000da300000)
  from space 25600K, 97% used [0x00000000da300000,0x00000000dbb7d340,0x00000000dbc00000)
  to   space 30208K, 0% used [0x00000000dc080000,0x00000000dc080000,0x00000000dde00000)
 ParOldGen       total 141312K, used 39697K [0x0000000084e00000, 0x000000008d800000, 0x00000000d6f80000)
  object space 141312K, 28% used [0x0000000084e00000,0x00000000874c46a8,0x000000008d800000)
 Metaspace       used 31905K, capacity 32270K, committed 32640K, reserved 1077248K
  class space    used 3771K, capacity 3860K, committed 3968K, reserved 1048576K
Event: 46.311 GC heap after
Heap after GC invocations=15 (full 4):
 PSYoungGen      total 78336K, used 0K [0x00000000d6f80000, 0x00000000dde00000, 0x0000000100000000)
  eden space 52736K, 0% used [0x00000000d6f80000,0x00000000d6f80000,0x00000000da300000)
  from space 25600K, 0% used [0x00000000da300000,0x00000000da300000,0x00000000dbc00000)
  to   space 30208K, 0% used [0x00000000dc080000,0x00000000dc080000,0x00000000dde00000)
 ParOldGen       total 141312K, used 64058K [0x0000000084e00000, 0x000000008d800000, 0x00000000d6f80000)
  object space 141312K, 45% used [0x0000000084e00000,0x0000000088c8eba0,0x000000008d800000)
 Metaspace       used 31905K, capacity 32270K, committed 32640K, reserved 1077248K
  class space    used 3771K, capacity 3860K, committed 3968K, reserved 1048576K
}
Event: 46.323 GC heap before
{Heap before GC invocations=16 (full 4):
 PSYoungGen      total 78336K, used 1987K [0x00000000d6f80000, 0x00000000dde00000, 0x0000000100000000)
  eden space 52736K, 3% used [0x00000000d6f80000,0x00000000d7170e58,0x00000000da300000)
  from space 25600K, 0% used [0x00000000da300000,0x00000000da300000,0x00000000dbc00000)
  to   space 30208K, 0% used [0x00000000dc080000,0x00000000dc080000,0x00000000dde00000)
 ParOldGen       total 141312K, used 64058K [0x0000000084e00000, 0x000000008d800000, 0x00000000d6f80000)
  object space 141312K, 45% used [0x0000000084e00000,0x0000000088c8eba0,0x000000008d800000)
 Metaspace       used 31909K, capacity 32270K, committed 32640K, reserved 1077248K
  class space    used 3772K, capacity 3860K, committed 3968K, reserved 1048576K
Event: 46.328 GC heap after
Heap after GC invocations=16 (full 4):
 PSYoungGen      total 81920K, used 96K [0x00000000d6f80000, 0x00000000ddd00000, 0x0000000100000000)
  eden space 52736K, 0% used [0x00000000d6f80000,0x00000000d6f80000,0x00000000da300000)
  from space 29184K, 0% used [0x00000000dc080000,0x00000000dc098000,0x00000000ddd00000)
  to   space 29696K, 0% used [0x00000000da300000,0x00000000da300000,0x00000000dc000000)
 ParOldGen       total 141312K, used 64058K [0x0000000084e00000, 0x000000008d800000, 0x00000000d6f80000)
  object space 141312K, 45% used [0x0000000084e00000,0x0000000088c8eba0,0x000000008d800000)
 Metaspace       used 31909K, capacity 32270K, committed 32640K, reserved 1077248K
  class space    used 3772K, capacity 3860K, committed 3968K, reserved 1048576K
}
Event: 46.328 GC heap before
{Heap before GC invocations=17 (full 5):
 PSYoungGen      total 81920K, used 96K [0x00000000d6f80000, 0x00000000ddd00000, 0x0000000100000000)
  eden space 52736K, 0% used [0x00000000d6f80000,0x00000000d6f80000,0x00000000da300000)
  from space 29184K, 0% used [0x00000000dc080000,0x00000000dc098000,0x00000000ddd00000)
  to   space 29696K, 0% used [0x00000000da300000,0x00000000da300000,0x00000000dc000000)
 ParOldGen       total 141312K, used 64058K [0x0000000084e00000, 0x000000008d800000, 0x00000000d6f80000)
  object space 141312K, 45% used [0x0000000084e00000,0x0000000088c8eba0,0x000000008d800000)
 Metaspace       used 31909K, capacity 32270K, committed 32640K, reserved 1077248K
  class space    used 3772K, capacity 3860K, committed 3968K, reserved 1048576K
Event: 46.418 GC heap after
Heap after GC invocations=17 (full 5):
 PSYoungGen      total 81920K, used 0K [0x00000000d6f80000, 0x00000000ddd00000, 0x0000000100000000)
  eden space 52736K, 0% used [0x00000000d6f80000,0x00000000d6f80000,0x00000000da300000)
  from space 29184K, 0% used [0x00000000dc080000,0x00000000dc080000,0x00000000ddd00000)
  to   space 29696K, 0% used [0x00000000da300000,0x00000000da300000,0x00000000dc000000)
 ParOldGen       total 141312K, used 63358K [0x0000000084e00000, 0x000000008d800000, 0x00000000d6f80000)
  object space 141312K, 44% used [0x0000000084e00000,0x0000000088bdfbd0,0x000000008d800000)
 Metaspace       used 31909K, capacity 32270K, committed 32640K, reserved 1077248K
  class space    used 3772K, capacity 3860K, committed 3968K, reserved 1048576K
}

Deoptimization events (10 events):
Event: 44.661 Thread 0x000000001d3cc000 Uncommon trap: reason=unstable_if action=reinterpret pc=0x0000000005b4fa4c method=eu.seebetter.ini.chips.davis.imu.IMUSample.constructFromAEPacketRaw(Lnet/sf/jaer/aemonitor/AEPacketRaw;ILeu/seebetter/ini/chips/davis/imu/IMUSample$IncompleteIMUSampleExcept
Event: 45.989 Thread 0x000000001d3cc000 Uncommon trap: reason=unstable_if action=reinterpret pc=0x0000000005ba98b0 method=net.sf.jaer.event.EventPacket$OutItr.nextOutput()Lnet/sf/jaer/event/BasicEvent; @ 14
Event: 46.442 Thread 0x000000001d3cc000 Uncommon trap: reason=unstable_if action=reinterpret pc=0x0000000005ab1650 method=net.sf.jaer.eventio.AEFileInputStream.readHeaderLine(Ljava/io/BufferedReader;)Ljava/lang/String; @ 26
Event: 46.926 Thread 0x000000001d3cc000 Uncommon trap: reason=array_check action=maybe_recompile pc=0x0000000005c0a944 method=net.sf.jaer.event.EventPacket$OutItr.writeToNextOutput(Lnet/sf/jaer/event/BasicEvent;)V @ 51
Event: 46.927 Thread 0x000000001d3cc000 Uncommon trap: reason=array_check action=maybe_recompile pc=0x0000000005bf443c method=net.sf.jaer.event.EventPacket$OutItr.writeToNextOutput(Lnet/sf/jaer/event/BasicEvent;)V @ 51
Event: 46.928 Thread 0x000000001d3cc000 Uncommon trap: reason=array_check action=maybe_recompile pc=0x0000000005bf443c method=net.sf.jaer.event.EventPacket$OutItr.writeToNextOutput(Lnet/sf/jaer/event/BasicEvent;)V @ 51
Event: 46.993 Thread 0x000000001d3cc000 Uncommon trap: reason=array_check action=maybe_recompile pc=0x0000000005c0a944 method=net.sf.jaer.event.EventPacket$OutItr.writeToNextOutput(Lnet/sf/jaer/event/BasicEvent;)V @ 51
Event: 46.994 Thread 0x000000001d3cc000 Uncommon trap: reason=array_check action=maybe_recompile pc=0x0000000005bf443c method=net.sf.jaer.event.EventPacket$OutItr.writeToNextOutput(Lnet/sf/jaer/event/BasicEvent;)V @ 51
Event: 47.463 Thread 0x000000001d3cc000 Uncommon trap: reason=unstable_if action=reinterpret pc=0x00000000059a9d44 method=java.awt.Component.getInputContext()Ljava/awt/im/InputContext; @ 6
Event: 47.510 Thread 0x000000002099a800 Uncommon trap: reason=unstable_if action=reinterpret pc=0x0000000005c203a4 method=sun.nio.cs.UTF_8$Decoder.decodeArrayLoop(Ljava/nio/ByteBuffer;Ljava/nio/CharBuffer;)Ljava/nio/charset/CoderResult; @ 184

Classes redefined (0 events):
No events

Internal exceptions (10 events):
Event: 34.064 Thread 0x000000002099e800 Exception <a 'java/net/SocketTimeoutException': Receive timed out> (0x00000000d8034740) thrown at [C:\re\workspace\8-2-build-windows-amd64-cygwin\jdk8u161\10277\hotspot\src\share\vm\prims\jni.cpp, line 735]
Event: 34.863 Thread 0x000000002099e800 Exception <a 'java/net/SocketTimeoutException': Receive timed out> (0x00000000d8035d60) thrown at [C:\re\workspace\8-2-build-windows-amd64-cygwin\jdk8u161\10277\hotspot\src\share\vm\prims\jni.cpp, line 735]
Event: 35.657 Thread 0x000000002099e800 Exception <a 'java/net/SocketTimeoutException': Receive timed out> (0x00000000d8037380) thrown at [C:\re\workspace\8-2-build-windows-amd64-cygwin\jdk8u161\10277\hotspot\src\share\vm\prims\jni.cpp, line 735]
Event: 36.453 Thread 0x000000002099e800 Exception <a 'java/net/SocketTimeoutException': Receive timed out> (0x00000000d80389a0) thrown at [C:\re\workspace\8-2-build-windows-amd64-cygwin\jdk8u161\10277\hotspot\src\share\vm\prims\jni.cpp, line 735]
Event: 37.246 Thread 0x000000002099e800 Exception <a 'java/net/SocketTimeoutException': Receive timed out> (0x00000000d8039fa0) thrown at [C:\re\workspace\8-2-build-windows-amd64-cygwin\jdk8u161\10277\hotspot\src\share\vm\prims\jni.cpp, line 735]
Event: 38.038 Thread 0x000000002099e800 Exception <a 'java/net/SocketTimeoutException': Receive timed out> (0x00000000d803b5c0) thrown at [C:\re\workspace\8-2-build-windows-amd64-cygwin\jdk8u161\10277\hotspot\src\share\vm\prims\jni.cpp, line 735]
Event: 38.831 Thread 0x000000002099e800 Exception <a 'java/net/SocketTimeoutException': Receive timed out> (0x00000000d803cbe0) thrown at [C:\re\workspace\8-2-build-windows-amd64-cygwin\jdk8u161\10277\hotspot\src\share\vm\prims\jni.cpp, line 735]
Event: 39.624 Thread 0x000000002099e800 Exception <a 'java/net/SocketTimeoutException': Receive timed out> (0x00000000d803e200) thrown at [C:\re\workspace\8-2-build-windows-amd64-cygwin\jdk8u161\10277\hotspot\src\share\vm\prims\jni.cpp, line 735]
Event: 39.919 Thread 0x000000001d3cc000 Exception <a 'java/lang/reflect/InvocationTargetException'> (0x00000000d9b7d570) thrown at [C:\re\workspace\8-2-build-windows-amd64-cygwin\jdk8u161\10277\hotspot\src\share\vm\runtime\reflection.cpp, line 1092]
Event: 47.514 Thread 0x000000002099e800 Exception <a 'java/lang/InterruptedException'> (0x00000000d9b88a38) thrown at [C:\re\workspace\8-2-build-windows-amd64-cygwin\jdk8u161\10277\hotspot\src\share\vm\runtime\objectMonitor.cpp, line 1684]

Events (10 events):
Event: 47.526 loading class javax/swing/SwingWorker$5
Event: 47.526 loading class javax/swing/SwingWorker$5 done
Event: 47.544 loading class java/awt/Polygon$PolygonPathIterator
Event: 47.544 loading class java/awt/Polygon$PolygonPathIterator done
Event: 47.545 loading class sun/java2d/loops/MaskBlit$General
Event: 47.546 loading class sun/java2d/loops/GraphicsPrimitive$GeneralBinaryOp
Event: 47.546 loading class sun/java2d/loops/GraphicsPrimitive$GeneralBinaryOp done
Event: 47.546 loading class sun/java2d/loops/MaskBlit$General done
Event: 47.547 Executing VM operation: Deoptimize
Event: 47.548 Executing VM operation: Deoptimize done


Dynamic libraries:
0x00007ff6e5150000 - 0x00007ff6e5187000 	C:\Program Files\Java\jdk1.8.0_161\jre\bin\java.exe
0x00007ffd8f130000 - 0x00007ffd8f310000 	C:\WINDOWS\SYSTEM32\ntdll.dll
0x00007ffd8df50000 - 0x00007ffd8dffe000 	C:\WINDOWS\System32\KERNEL32.DLL
0x00007ffd8b6b0000 - 0x00007ffd8b916000 	C:\WINDOWS\System32\KERNELBASE.dll
0x00007ffd8eb00000 - 0x00007ffd8eba1000 	C:\WINDOWS\System32\ADVAPI32.dll
0x00007ffd8e870000 - 0x00007ffd8e90d000 	C:\WINDOWS\System32\msvcrt.dll
0x00007ffd8e910000 - 0x00007ffd8e96b000 	C:\WINDOWS\System32\sechost.dll
0x00007ffd8dc10000 - 0x00007ffd8dd2f000 	C:\WINDOWS\System32\RPCRT4.dll
0x00007ffd8e970000 - 0x00007ffd8eaff000 	C:\WINDOWS\System32\USER32.dll
0x00007ffd8be90000 - 0x00007ffd8beb0000 	C:\WINDOWS\System32\win32u.dll
0x00007ffd8e6c0000 - 0x00007ffd8e6e8000 	C:\WINDOWS\System32\GDI32.dll
0x00007ffd8bac0000 - 0x00007ffd8bc53000 	C:\WINDOWS\System32\gdi32full.dll
0x00007ffd8b920000 - 0x00007ffd8b9bb000 	C:\WINDOWS\System32\msvcp_win.dll
0x00007ffd8b5b0000 - 0x00007ffd8b6a6000 	C:\WINDOWS\System32\ucrtbase.dll
0x00007ffd87590000 - 0x00007ffd877f9000 	C:\WINDOWS\WinSxS\amd64_microsoft.windows.common-controls_6595b64144ccf1df_6.0.16299.431_none_15c7d3ee93659e73\COMCTL32.dll
0x00007ffd8ed50000 - 0x00007ffd8f058000 	C:\WINDOWS\System32\combase.dll
0x00007ffd8b530000 - 0x00007ffd8b5a2000 	C:\WINDOWS\System32\bcryptPrimitives.dll
0x00007ffd8ed10000 - 0x00007ffd8ed3d000 	C:\WINDOWS\System32\IMM32.DLL
0x00000000702b0000 - 0x0000000070382000 	C:\Program Files\Java\jdk1.8.0_161\jre\bin\msvcr100.dll
0x0000000070390000 - 0x0000000070c2f000 	C:\Program Files\Java\jdk1.8.0_161\jre\bin\server\jvm.dll
0x00007ffd8e860000 - 0x00007ffd8e868000 	C:\WINDOWS\System32\PSAPI.DLL
0x00007ffd78cf0000 - 0x00007ffd78cf9000 	C:\WINDOWS\SYSTEM32\WSOCK32.dll
0x00007ffd88f30000 - 0x00007ffd88f53000 	C:\WINDOWS\SYSTEM32\WINMM.dll
0x00007ffd8ec20000 - 0x00007ffd8ec8c000 	C:\WINDOWS\System32\WS2_32.dll
0x00007ffd83d50000 - 0x00007ffd83d5a000 	C:\WINDOWS\SYSTEM32\VERSION.dll
0x00007ffd88dc0000 - 0x00007ffd88dea000 	C:\WINDOWS\SYSTEM32\winmmbase.dll
0x00007ffd8b9c0000 - 0x00007ffd8ba0a000 	C:\WINDOWS\System32\cfgmgr32.dll
0x0000000071220000 - 0x0000000071258000 	C:\Program Files\Java\jdk1.8.0_161\jre\bin\splashscreen.dll
0x0000000071210000 - 0x000000007121f000 	C:\Program Files\Java\jdk1.8.0_161\jre\bin\verify.dll
0x0000000070280000 - 0x00000000702a9000 	C:\Program Files\Java\jdk1.8.0_161\jre\bin\java.dll
0x00000000711d0000 - 0x00000000711e6000 	C:\Program Files\Java\jdk1.8.0_161\jre\bin\zip.dll
0x00007ffd8c710000 - 0x00007ffd8db48000 	C:\WINDOWS\System32\SHELL32.dll
0x00007ffd8dea0000 - 0x00007ffd8df46000 	C:\WINDOWS\System32\shcore.dll
0x00007ffd8beb0000 - 0x00007ffd8c5f7000 	C:\WINDOWS\System32\windows.storage.dll
0x00007ffd8db50000 - 0x00007ffd8dba1000 	C:\WINDOWS\System32\shlwapi.dll
0x00007ffd8b4f0000 - 0x00007ffd8b501000 	C:\WINDOWS\System32\kernel.appcore.dll
0x00007ffd8b4a0000 - 0x00007ffd8b4ec000 	C:\WINDOWS\System32\powrprof.dll
0x00007ffd8b510000 - 0x00007ffd8b52b000 	C:\WINDOWS\System32\profapi.dll
0x00000000700a0000 - 0x0000000070238000 	C:\Program Files\Java\jdk1.8.0_161\jre\bin\awt.dll
0x00007ffd8e000000 - 0x00007ffd8e0c5000 	C:\WINDOWS\System32\OLEAUT32.dll
0x00007ffd89020000 - 0x00007ffd890a8000 	C:\WINDOWS\SYSTEM32\apphelp.dll
0x00007ffd891e0000 - 0x00007ffd89275000 	C:\WINDOWS\system32\uxtheme.dll
0x00007ffd8e6f0000 - 0x00007ffd8e857000 	C:\WINDOWS\System32\MSCTF.dll
0x00007ffd79200000 - 0x00007ffd792a9000 	C:\Program Files\Common Files\microsoft shared\ink\tiptsf.dll
0x00007ffd89410000 - 0x00007ffd8943a000 	C:\WINDOWS\system32\dwmapi.dll
0x00007ffd8dd30000 - 0x00007ffd8de79000 	C:\WINDOWS\System32\ole32.dll
0x00007ffd64e50000 - 0x00007ffd64f6e000 	C:\WINDOWS\system32\opengl32.dll
0x00007ffd64c40000 - 0x00007ffd64c6c000 	C:\WINDOWS\SYSTEM32\GLU32.dll
0x00007ffd8aed0000 - 0x00007ffd8aee7000 	C:\WINDOWS\SYSTEM32\CRYPTSP.dll
0x00007ffd8a910000 - 0x00007ffd8a943000 	C:\WINDOWS\system32\rsaenh.dll
0x00007ffd8afe0000 - 0x00007ffd8b005000 	C:\WINDOWS\SYSTEM32\bcrypt.dll
0x00007ffd8b380000 - 0x00007ffd8b3a9000 	C:\WINDOWS\SYSTEM32\USERENV.dll
0x00007ffd8aef0000 - 0x00007ffd8aefb000 	C:\WINDOWS\SYSTEM32\CRYPTBASE.dll
0x0000000070260000 - 0x000000007027a000 	C:\Program Files\Java\jdk1.8.0_161\jre\bin\net.dll
0x00007ffd8ad10000 - 0x00007ffd8ad76000 	C:\WINDOWS\system32\mswsock.dll
0x00007ffd8aaa0000 - 0x00007ffd8aad9000 	C:\WINDOWS\SYSTEM32\IPHLPAPI.DLL
0x00007ffd8ed40000 - 0x00007ffd8ed48000 	C:\WINDOWS\System32\NSI.dll
0x00007ffd84030000 - 0x00007ffd84046000 	C:\WINDOWS\SYSTEM32\dhcpcsvc6.DLL
0x00007ffd83f90000 - 0x00007ffd83faa000 	C:\WINDOWS\SYSTEM32\dhcpcsvc.DLL
0x0000000070240000 - 0x0000000070251000 	C:\Program Files\Java\jdk1.8.0_161\jre\bin\nio.dll
0x00000000637c0000 - 0x00000000637cd000 	C:\Users\Robin\AppData\Local\Temp\jogamp_0000\file_cache\jln4258536562773034281\jln6529471820915953002\natives\windows-amd64\gluegen-rt.dll
0x000000006ff70000 - 0x000000006ff77000 	C:\Program Files\Java\jdk1.8.0_161\jre\bin\jawt.dll
0x000000006a440000 - 0x000000006a44d000 	C:\Users\Robin\AppData\Local\Temp\jogamp_0000\file_cache\jln4258536562773034281\jln6529471820915953002\natives\windows-amd64\nativewindow_awt.dll
0x000000006c100000 - 0x000000006c10f000 	C:\Users\Robin\AppData\Local\Temp\jogamp_0000\file_cache\jln4258536562773034281\jln6529471820915953002\natives\windows-amd64\nativewindow_win32.dll
0x0000000064500000 - 0x00000000645b1000 	C:\Users\Robin\AppData\Local\Temp\jogamp_0000\file_cache\jln4258536562773034281\jln6529471820915953002\natives\windows-amd64\jogl_desktop.dll
0x00007ffd5a090000 - 0x00007ffd5abd7000 	C:\WINDOWS\SYSTEM32\ig75icd64.dll
0x00007ffd814e0000 - 0x00007ffd81f1f000 	C:\WINDOWS\SYSTEM32\igdusc64.dll
0x00007ffd89e40000 - 0x00007ffd89e53000 	C:\WINDOWS\SYSTEM32\WTSAPI32.dll
0x00007ffd8a2e0000 - 0x00007ffd8a38f000 	C:\WINDOWS\SYSTEM32\dxgi.dll
0x00007ffd87fe0000 - 0x00007ffd882c2000 	C:\WINDOWS\SYSTEM32\d3d11.dll
0x00007ffd824e0000 - 0x00007ffd8343d000 	C:\WINDOWS\SYSTEM32\igd10iumd64.dll
0x00007ffd8afb0000 - 0x00007ffd8afd6000 	C:\WINDOWS\SYSTEM32\ncrypt.dll
0x00007ffd8af70000 - 0x00007ffd8afa6000 	C:\WINDOWS\SYSTEM32\NTASN1.dll
0x0000000070050000 - 0x0000000070097000 	C:\Program Files\Java\jdk1.8.0_161\jre\bin\fontmanager.dll
0x00007ffd8f060000 - 0x00007ffd8f0fe000 	C:\WINDOWS\System32\clbcatq.dll
0x00007ffd86420000 - 0x00007ffd865cb000 	C:\WINDOWS\SYSTEM32\WindowsCodecs.dll
0x00007ffd69120000 - 0x00007ffd6916f000 	C:\WINDOWS\system32\dataexchange.dll
0x00007ffd88970000 - 0x00007ffd88ab2000 	C:\WINDOWS\system32\dcomp.dll
0x00007ffd89500000 - 0x00007ffd8967b000 	C:\WINDOWS\system32\twinapi.appcore.dll
0x00007ffd896b0000 - 0x00007ffd896d0000 	C:\WINDOWS\system32\RMCLIENT.dll
0x0000000070000000 - 0x0000000070042000 	C:\Program Files\Java\jdk1.8.0_161\jre\bin\t2k.dll
0x000000006b600000 - 0x000000006b62f000 	C:\Users\Robin\AppData\Local\Temp\usb4java1384759214340523116.tmp\libusb-1.0.dll
0x00000000632f0000 - 0x0000000063307000 	C:\Users\Robin\AppData\Local\Temp\usb4java1384759214340523116.tmp\libusb4java.dll
0x00007ffd8e0d0000 - 0x00007ffd8e51e000 	C:\WINDOWS\System32\SetupAPI.dll
0x00007ffd8a240000 - 0x00007ffd8a24b000 	C:\WINDOWS\SYSTEM32\WinUSB.DLL
0x00007ffd8a250000 - 0x00007ffd8a25c000 	C:\WINDOWS\SYSTEM32\hid.dll
0x00007ffd8b290000 - 0x00007ffd8b2b7000 	C:\WINDOWS\SYSTEM32\DEVOBJ.dll
0x00007ffd8bc60000 - 0x00007ffd8bcb8000 	C:\WINDOWS\System32\WINTRUST.dll
0x00007ffd8b480000 - 0x00007ffd8b492000 	C:\WINDOWS\System32\MSASN1.dll
0x00007ffd8bcc0000 - 0x00007ffd8be8e000 	C:\WINDOWS\System32\CRYPT32.dll
0x000000006af40000 - 0x000000006af71000 	C:\Users\Robin\AppData\Local\Temp\libNRJavaSerial_Robin_0\libNRJavaSerial.dll
0x00007ffd7b310000 - 0x00007ffd7b335000 	C:\Users\Robin\AppData\Local\Temp\jna-79133066\jna3201620135699169115.dll
0x000000006ff60000 - 0x000000006ff6c000 	C:\Program Files\Java\jdk1.8.0_161\jre\bin\jsound.dll
0x000000006ff50000 - 0x000000006ff5b000 	C:\Program Files\Java\jdk1.8.0_161\jre\bin\jsoundds.dll
0x00007ffd60730000 - 0x00007ffd607bf000 	C:\WINDOWS\SYSTEM32\DSOUND.dll
0x00007ffd83880000 - 0x00007ffd838ef000 	C:\WINDOWS\SYSTEM32\MMDevAPI.DLL
0x00007ffd87800000 - 0x00007ffd879b1000 	C:\WINDOWS\SYSTEM32\PROPSYS.dll
0x00007ffd79b80000 - 0x00007ffd79bc2000 	C:\WINDOWS\SYSTEM32\wdmaud.drv
0x00007ffd86750000 - 0x00007ffd8675a000 	C:\WINDOWS\SYSTEM32\AVRT.dll
0x00007ffd87a40000 - 0x00007ffd87a49000 	C:\WINDOWS\SYSTEM32\ksuser.dll
0x00007ffd803b0000 - 0x00007ffd804d2000 	C:\WINDOWS\SYSTEM32\AUDIOSES.DLL
0x00007ffd86e90000 - 0x00007ffd86fc6000 	C:\WINDOWS\SYSTEM32\wintypes.dll
0x00007ffd85500000 - 0x00007ffd8550c000 	C:\WINDOWS\SYSTEM32\msacm32.drv
0x00007ffd79b60000 - 0x00007ffd79b7c000 	C:\WINDOWS\SYSTEM32\MSACM32.dll
0x00007ffd85190000 - 0x00007ffd8519a000 	C:\WINDOWS\SYSTEM32\midimap.dll
0x00007ffd60640000 - 0x00007ffd6072f000 	C:\Users\Robin\.javacpp\cache\opencv-3.2.0-1.3-windows-x86_64.jar\org\bytedeco\javacpp\windows-x86_64\msvcr120.dll
0x00007ffd60590000 - 0x00007ffd60636000 	C:\Users\Robin\.javacpp\cache\opencv-3.2.0-1.3-windows-x86_64.jar\org\bytedeco\javacpp\windows-x86_64\msvcp120.dll
0x00007ffd53050000 - 0x00007ffd532d8000 	C:\Users\Robin\.javacpp\cache\opencv-3.2.0-1.3-windows-x86_64.jar\org\bytedeco\javacpp\windows-x86_64\opencv_core320.dll
0x00007ffd50750000 - 0x00007ffd50ab2000 	C:\Users\Robin\.javacpp\cache\opencv-3.2.0-1.3-windows-x86_64.jar\org\bytedeco\javacpp\windows-x86_64\opencv_imgproc320.dll
0x00007ffd52e00000 - 0x00007ffd5304a000 	C:\Users\Robin\.javacpp\cache\opencv-3.2.0-1.3-windows-x86_64.jar\org\bytedeco\javacpp\windows-x86_64\jniopencv_core.dll
0x00007ffd7ba90000 - 0x00007ffd7bc96000 	C:\Windows\System32\uiautomationcore.dll
0x00007ffd8b2e0000 - 0x00007ffd8b37a000 	C:\WINDOWS\SYSTEM32\sxs.dll
0x00007ffd88890000 - 0x00007ffd8896c000 	C:\Windows\System32\CoreMessaging.dll
0x00007ffd85a60000 - 0x00007ffd85d4e000 	C:\Windows\System32\CoreUIComponents.dll
0x00007ffd8a5b0000 - 0x00007ffd8a5e1000 	C:\WINDOWS\SYSTEM32\ntmarta.dll
0x00007ffd7cd70000 - 0x00007ffd7ce08000 	C:\WINDOWS\System32\TextInputFramework.dll
0x00007ffd839f0000 - 0x00007ffd83a5e000 	C:\Windows\System32\OLEACC.dll
0x00007ffd6bb10000 - 0x00007ffd6bb91000 	C:\WINDOWS\SYSTEM32\twinapi.dll
0x00007ffd83ca0000 - 0x00007ffd83d46000 	C:\WINDOWS\WinSxS\amd64_microsoft.windows.common-controls_6595b64144ccf1df_5.82.16299.431_none_887985224abb0026\comctl32.dll
0x00007ffd86890000 - 0x00007ffd868a9000 	C:\WINDOWS\SYSTEM32\CLDAPI.dll
0x00007ffd87450000 - 0x00007ffd8745a000 	C:\WINDOWS\SYSTEM32\FLTLIB.DLL
0x00007ffd701c0000 - 0x00007ffd70204000 	C:\WINDOWS\SYSTEM32\AEPIC.dll
0x00007ffd84550000 - 0x00007ffd84b44000 	C:\Windows\System32\OneCoreUAPCommonProxyStub.dll
0x00007ffd654a0000 - 0x00007ffd655c7000 	C:\WINDOWS\system32\NetworkExplorer.dll
0x00007ffd851b0000 - 0x00007ffd851cb000 	C:\WINDOWS\SYSTEM32\MPR.dll
0x00007ffd87410000 - 0x00007ffd8741b000 	C:\WINDOWS\System32\drprov.dll
0x00007ffd8a620000 - 0x00007ffd8a675000 	C:\WINDOWS\System32\WINSTA.dll
0x00007ffd70610000 - 0x00007ffd70626000 	C:\WINDOWS\System32\ntlanman.dll

VM Arguments:
jvm_args: -Dfile.encoding=UTF-8 -Djava.library.path=jars -Djava.util.logging.config.file=conf/Logging.properties -Dsun.java2d.noddraw=true -Dsun.java2d.opengl=false -Djogl.disable.opengles=false 
java_command: net.sf.jaer.JAERViewer
java_class_path (initial): C:\Users\Robin\Documents\GitHub\jaer\jars\USBTransferThread-0.9.6.jar;C:\Users\Robin\Documents\GitHub\jaer\jars\UsbIoJava.jar;C:\Users\Robin\Documents\GitHub\jaer\jars\ant.jar;C:\Users\Robin\Documents\GitHub\jaer\jars\openni2\org.openni.jar;C:\Users\Robin\Documents\GitHub\jaer\jars\rosjava-0.3.5.jar;C:\Users\Robin\Documents\GitHub\jaer\jars\message_generation-0.3.0.jar;C:\Users\Robin\Documents\GitHub\jaer\lib\annotations-1.0.0.jar;C:\Users\Robin\Documents\GitHub\jaer\lib\artoolkitplus-2.3.1-1.0.jar;C:\Users\Robin\Documents\GitHub\jaer\lib\bag-reader-java-1.10.0-javadoc.jar;C:\Users\Robin\Documents\GitHub\jaer\lib\bag-reader-java-1.10.0-sources.jar;C:\Users\Robin\Documents\GitHub\jaer\lib\bag-reader-java-1.10.0.jar;C:\Users\Robin\Documents\GitHub\jaer\lib\beansbinding-1.2.1.jar;C:\Users\Robin\Documents\GitHub\jaer\lib\commons-codec-1.10.jar;C:\Users\Robin\Documents\GitHub\jaer\lib\commons-compress-1.10.jar;C:\Users\Robin\Documents\GitHub\jaer\lib\commons-io-2.4.jar;C:\Users\Robin\Documents\GitHub\jaer\lib\commons-lang3-3.7-javadoc.jar;C:\Users\Robin\Documents\GitHub\jaer\lib\commons-lang3-3.7-sources.jar;C:\Users\Robin\Documents\GitHub\jaer\lib\commons-lang3-3.7.jar;C:\Users\Robin\Documents\GitHub\jaer\lib\commons-math3-3.6.1-javadoc.jar;C:\Users\Robin\Documents\GitHub\jaer\lib\commons-math3-3.6.1-sources.jar;C:\Users\Robin\Documents\GitHub\jaer\lib\commons-math3-3.6.1.jar;C:\Users\Robin\Documents\GitHub\jaer\lib\commons-net-3.6-javadoc.jar;C:\Users\Robin\Documents\GitHub\jaer\lib\commons-net-3.6-sources.jar;C:\Users\Robin\Documents\GitHub\jaer\lib\commons-net-3.6.jar;C:\Users\Robin\Documents\GitHub\jaer\lib\ffmpeg-2.7.1-1.0.jar;C:\Users\Robin\Documents\GitHub\jaer\lib\flandmark-1.07-1.0.jar;C:\Users\Robin\Documents\GitHub\jaer\lib\flycapture-2.7.3.19-1.0.jar;C:\Users\Robin\Documents\GitHub\jaer\lib\gluegen-rt-2.3.2-natives-linux-amd64.jar;C:\Users\Robin\Documents\GitHub\jaer\lib\gluegen-rt-2.3.2-natives-linux-i586.jar;C:\Users\Robin\Docu
Launcher Type: SUN_STANDARD

Environment Variables:
PATH=C:\ProgramData\Oracle\Java\javapath;C:\Program Files (x86)\Intel\iCLS Client\;C:\Program Files\Intel\iCLS Client\;C:\WINDOWS\system32;C:\WINDOWS;C:\WINDOWS\System32\Wbem;C:\WINDOWS\System32\WindowsPowerShell\v1.0\;C:\Program Files\Lenovo\Fingerprint Manager Pro\;C:\Program Files (x86)\Common Files\Lenovo;C:\ProgramData\Lenovo\ReadyApps;C:\Program Files\MATLAB\R2017a\runtime\win64;C:\Program Files\MATLAB\R2017a\bin;C:\Program Files\MiKTeX 2.9\miktex\bin\x64\;C:\Program Files (x86)\IVI Foundation\VISA\WinNT\Bin\;C:\Program Files\IVI Foundation\VISA\Win64\Bin\;C:\Program Files (x86)\IVI Foundation\VISA\WinNT\Bin;C:\Program Files (x86)\Intel\Intel(R) Management Engine Components\DAL;C:\Program Files\Intel\Intel(R) Management Engine Components\DAL;C:\Program Files (x86)\Intel\Intel(R) Management Engine Components\IPT;C:\Program Files\Intel\Intel(R) Management Engine Components\IPT;C:\Program Files\Intel\WiFi\bin\;C:\Program Files\Common Files\Intel\WirelessCommon\;C:\Users\Robin\AppData\Local\Microsoft\WindowsApps;C:\Users\Robin\AppData\Local\GitHubDesktop\bin;C:\Program Files\Intel\WiFi\bin\;C:\Program Files\Common Files\Intel\WirelessCommon\
USERNAME=Robin
OS=Windows_NT
PROCESSOR_IDENTIFIER=Intel64 Family 6 Model 60 Stepping 3, GenuineIntel



---------------  S Y S T E M  ---------------

OS: Windows 10.0 , 64 bit Build 16299 (10.0.16299.431)

CPU:total 8 (initial active 8) (4 cores per cpu, 2 threads per core) family 6 model 60 stepping 3, cmov, cx8, fxsr, mmx, sse, sse2, sse3, ssse3, sse4.1, sse4.2, popcnt, avx, avx2, aes, clmul, erms, lzcnt, ht, tsc, tscinvbit, bmi1, bmi2

Memory: 4k page, physical 8067900k(335524k free), swap 16194364k(2774620k free)

vm_info: Java HotSpot(TM) 64-Bit Server VM (25.161-b12) for windows-amd64 JRE (1.8.0_161-b12), built on Dec 19 2017 17:52:25 by "java_re" with MS VC++ 10.0 (VS2010)

time: Wed May 30 19:20:26 2018
elapsed time: 47 seconds (0d 0h 0m 47s)

