#
# A fatal error has been detected by the Java Runtime Environment:
#
#  EXCEPTION_ACCESS_VIOLATION (0xc0000005) at pc=0x00007ffd5a2b6462, pid=9368, tid=0x0000000000000114
#
# JRE version: Java(TM) SE Runtime Environment (8.0_161-b12) (build 1.8.0_161-b12)
# Java VM: Java HotSpot(TM) 64-Bit Server VM (25.161-b12 mixed mode windows-amd64 compressed oops)
# Problematic frame:
# C  [ig75icd64.dll+0x226462]
#
# Failed to write core dump. Minidumps are not enabled by default on client versions of Windows
#
# If you would like to submit a bug report, please visit:
#   http://bugreport.java.com/bugreport/crash.jsp
# The crash happened outside the Java Virtual Machine in native code.
# See problematic frame for where to report the bug.
#

---------------  T H R E A D  ---------------

Current thread (0x000000001d6fe800):  JavaThread "AWT-EventQueue-0" [_thread_in_native, id=276, stack(0x000000001eba0000,0x000000001eca0000)]

siginfo: ExceptionCode=0xc0000005, reading address 0x0000000000000028

Registers:
RAX=0x0000000069997c00, RBX=0x0000000000000000, RCX=0x0000000000000300, RDX=0x0000000062a0d920
RSP=0x000000001ec99360, RBP=0x000000001ec99460, RSI=0x000000006294cc40, RDI=0x0000000062a0e500
R8 =0x0000000069c6eae0, R9 =0x0000000000000190, R10=0x0000000000000000, R11=0x0000000000000000
R12=0x000000001ec99e30, R13=0x0000000062a0ddc8, R14=0x0000000069997cb0, R15=0x0000000000000000
RIP=0x00007ffd5a2b6462, EFLAGS=0x0000000000010206

Top of Stack: (sp=0x000000001ec99360)
0x000000001ec99360:   0000000000000007 0000000068836cb8
0x000000001ec99370:   00000000688597a8 000000006882d050
0x000000001ec99380:   000000001ffdf5f8 0000000019ca0f98
0x000000001ec99390:   0000000069c6eae0 0000000021883420
0x000000001ec993a0:   000000002185bff8 0000000000000190
0x000000001ec993b0:   000001be00000010 000000001ec99e30
0x000000001ec993c0:   0000000064799884 000000000000001c
0x000000001ec993d0:   0000000000000000 0000000000002864
0x000000001ec993e0:   0000000069997cb0 00007ffd00010000
0x000000001ec993f0:   0000000064799864 00007ffd8f1716d0
0x000000001ec99400:   0000000069f3f5d0 0000000000000000
0x000000001ec99410:   0000004463d07cb8 00000000688446f0
0x000000001ec99420:   0000000000000000 00007ffd634af9a0
0x000000001ec99430:   0000000063d076c8 0000000064799880
0x000000001ec99440:   0000000000000000 00000000688a7f80
0x000000001ec99450:   00000000688b4d30 00000000688a7fc0 

Instructions: (pc=0x00007ffd5a2b6462)
0x00007ffd5a2b6442:   89 4d d0 8b 5f 14 e9 95 04 00 00 83 78 08 00 74
0x00007ffd5a2b6452:   53 4c 8d b0 b0 00 00 00 4c 89 75 80 49 8b 5e 30
0x00007ffd5a2b6462:   48 8b 43 28 48 8b 48 20 48 8b 49 08 e8 ed bf 37
0x00007ffd5a2b6472:   00 41 89 44 24 08 8b 47 08 03 43 08 41 89 44 24 


Register to memory mapping:

RAX=0x0000000069997c00 is an unknown value
RBX=0x0000000000000000 is an unknown value
RCX=0x0000000000000300 is an unknown value
RDX=0x0000000062a0d920 is an unknown value
RSP=0x000000001ec99360 is pointing into the stack for thread: 0x000000001d6fe800
RBP=0x000000001ec99460 is pointing into the stack for thread: 0x000000001d6fe800
RSI=0x000000006294cc40 is an unknown value
RDI=0x0000000062a0e500 is an unknown value
R8 =0x0000000069c6eae0 is an unknown value
R9 =0x0000000000000190 is an unknown value
R10=0x0000000000000000 is an unknown value
R11=0x0000000000000000 is an unknown value
R12=0x000000001ec99e30 is pointing into the stack for thread: 0x000000001d6fe800
R13=0x0000000062a0ddc8 is an unknown value
R14=0x0000000069997cb0 is an unknown value
R15=0x0000000000000000 is an unknown value


Stack: [0x000000001eba0000,0x000000001eca0000],  sp=0x000000001ec99360,  free space=996k
Native frames: (J=compiled Java code, j=interpreted, Vv=VM code, C=native code)
C  [ig75icd64.dll+0x226462]
C  [ig75icd64.dll+0x252655]
C  [ig75icd64.dll+0x3037eb]
C  [ig75icd64.dll+0x303227]
C  [ig75icd64.dll+0x4d4914]
C  [ig75icd64.dll+0x4d5193]
C  0x0000000005238c67

Java frames: (J=compiled Java code, j=interpreted, Vv=VM code)
j  jogamp.opengl.gl4.GL4bcImpl.dispatch_glDrawArrays1(IIIJ)V+0
j  jogamp.opengl.gl4.GL4bcImpl.glDrawArrays(III)V+45
j  com.jogamp.opengl.util.awt.TextRenderer$Pipelined_QuadRenderer.drawVertexArrays()V+209
J 3636 C1 com.jogamp.opengl.util.awt.TextRenderer$Pipelined_QuadRenderer.glVertex3f(FFF)V (52 bytes) @ 0x0000000005d8a1cc [0x0000000005d89e40+0x38c]
J 3869 C1 com.jogamp.opengl.util.awt.TextRenderer$Glyph.draw3D(FFFF)F (530 bytes) @ 0x0000000005e42be4 [0x0000000005e3ffe0+0x2c04]
j  com.jogamp.opengl.util.awt.TextRenderer.internal_draw3D(Ljava/lang/CharSequence;FFFF)V+45
j  com.jogamp.opengl.util.awt.TextRenderer.draw3D(Ljava/lang/String;FFFF)V+8
j  com.jogamp.opengl.util.awt.TextRenderer.draw(Ljava/lang/String;II)V+8
j  ch.unizh.ini.jaer.projects.jjslam.JJSlam.annotate(Lcom/jogamp/opengl/GLAutoDrawable;)V+129
j  net.sf.jaer.graphics.ChipCanvas.drawAnnotationsIncludingEnclosed(Lnet/sf/jaer/eventprocessing/EventFilter;Lnet/sf/jaer/graphics/FrameAnnotater;Lcom/jogamp/opengl/GLAutoDrawable;)V+2
j  net.sf.jaer.graphics.ChipCanvas.annotate(Lcom/jogamp/opengl/GLAutoDrawable;)V+191
j  net.sf.jaer.graphics.ChipCanvas.display(Lcom/jogamp/opengl/GLAutoDrawable;)V+151
j  jogamp.opengl.GLDrawableHelper.displayImpl(Lcom/jogamp/opengl/GLAutoDrawable;)V+62
j  jogamp.opengl.GLDrawableHelper.display(Lcom/jogamp/opengl/GLAutoDrawable;)V+2
j  com.jogamp.opengl.awt.GLCanvas$11.run()V+118
j  jogamp.opengl.GLDrawableHelper.invokeGLImpl(Lcom/jogamp/opengl/GLDrawable;Lcom/jogamp/opengl/GLContext;Ljava/lang/Runnable;Ljava/lang/Runnable;)V+203
j  jogamp.opengl.GLDrawableHelper.invokeGL(Lcom/jogamp/opengl/GLDrawable;Lcom/jogamp/opengl/GLContext;Ljava/lang/Runnable;Ljava/lang/Runnable;)V+72
j  com.jogamp.opengl.awt.GLCanvas$12.run()V+104
j  com.jogamp.opengl.Threading.invoke(ZLjava/lang/Runnable;Ljava/lang/Object;)V+27
j  com.jogamp.opengl.awt.GLCanvas.display()V+64
j  com.jogamp.opengl.awt.GLCanvas.paint(Ljava/awt/Graphics;)V+137
j  sun.awt.RepaintArea.paintComponent(Ljava/awt/Component;Ljava/awt/Graphics;)V+6
j  sun.awt.RepaintArea.paint(Ljava/lang/Object;Z)V+326
J 3104 C1 sun.awt.windows.WComponentPeer.handleEvent(Ljava/awt/AWTEvent;)V (173 bytes) @ 0x0000000005c058ec [0x0000000005c04a00+0xeec]
J 2493 C1 java.awt.Component.dispatchEventImpl(Ljava/awt/AWTEvent;)V (883 bytes) @ 0x00000000059b775c [0x00000000059b0280+0x74dc]
J 2458 C1 java.awt.EventQueue.dispatchEventImpl(Ljava/awt/AWTEvent;Ljava/lang/Object;)V (149 bytes) @ 0x0000000005998ebc [0x0000000005997680+0x183c]
J 2456 C1 java.awt.EventQueue$3.run()Ljava/lang/Void; (60 bytes) @ 0x0000000005996a8c [0x0000000005996880+0x20c]
J 2397 C1 java.awt.EventQueue$3.run()Ljava/lang/Object; (5 bytes) @ 0x000000000595920c [0x0000000005959180+0x8c]
v  ~StubRoutines::call_stub
J 485  java.security.AccessController.doPrivileged(Ljava/security/PrivilegedAction;Ljava/security/AccessControlContext;)Ljava/lang/Object; (0 bytes) @ 0x0000000005454de6 [0x0000000005454d80+0x66]
J 3163 C1 java.awt.EventQueue$4.run()Ljava/lang/Object; (5 bytes) @ 0x0000000005c2b0ec [0x0000000005c2acc0+0x42c]
v  ~StubRoutines::call_stub
J 485  java.security.AccessController.doPrivileged(Ljava/security/PrivilegedAction;Ljava/security/AccessControlContext;)Ljava/lang/Object; (0 bytes) @ 0x0000000005454de6 [0x0000000005454d80+0x66]
J 2393 C1 java.awt.EventQueue.dispatchEvent(Ljava/awt/AWTEvent;)V (80 bytes) @ 0x0000000005956d3c [0x0000000005955ec0+0xe7c]
J 2401 C1 java.awt.EventDispatchThread.pumpOneEventForFilters(I)V (295 bytes) @ 0x00000000059657e4 [0x0000000005963c80+0x1b64]
j  java.awt.EventDispatchThread.pumpEventsForFilter(ILjava/awt/Conditional;Ljava/awt/EventFilter;)V+35
j  java.awt.EventDispatchThread.pumpEventsForHierarchy(ILjava/awt/Conditional;Ljava/awt/Component;)V+11
j  java.awt.EventDispatchThread.pumpEvents(ILjava/awt/Conditional;)V+4
j  java.awt.EventDispatchThread.pumpEvents(Ljava/awt/Conditional;)V+3
j  java.awt.EventDispatchThread.run()V+9
v  ~StubRoutines::call_stub

---------------  P R O C E S S  ---------------

Java Threads: ( => current thread )
  0x0000000020db0800 JavaThread "SwingWorker-pool-2-thread-1" daemon [_thread_blocked, id=8720, stack(0x000000006ab60000,0x000000006ac60000)]
  0x0000000020dae000 JavaThread "Swing-Shell" daemon [_thread_blocked, id=23356, stack(0x000000006a1c0000,0x000000006a2c0000)]
  0x0000000020daf000 JavaThread "RemoteControlDatagramSocketThread" [_thread_in_native, id=23732, stack(0x0000000068bc0000,0x0000000068cc0000)]
  0x0000000020daf800 JavaThread "AEViewer.ViewLoop" [_thread_blocked, id=892, stack(0x0000000068ac0000,0x0000000068bc0000)]
  0x0000000020dad800 JavaThread "AEServerSocket port=8990" [_thread_in_native, id=23944, stack(0x00000000689c0000,0x0000000068ac0000)]
  0x0000000020dac000 JavaThread "Thread-9" daemon [_thread_blocked, id=1756, stack(0x0000000064310000,0x0000000064410000)]
  0x0000000020db2000 JavaThread "JavaCPP Deallocator" daemon [_thread_blocked, id=24956, stack(0x0000000064210000,0x0000000064310000)]
  0x000000001d700000 JavaThread "Java Sound Event Dispatcher" daemon [_thread_blocked, id=11928, stack(0x0000000063dd0000,0x0000000063ed0000)]
  0x000000001d6fd000 JavaThread "RemoteControlDatagramSocketThread" [_thread_in_native, id=21488, stack(0x00000000638d0000,0x00000000639d0000)]
  0x000000001d6ff000 JavaThread "TimerQueue" daemon [_thread_blocked, id=4684, stack(0x0000000063300000,0x0000000063400000)]
  0x000000001d6fc000 JavaThread "AWT-EventQueue-0-SharedResourceRunner" daemon [_thread_blocked, id=22392, stack(0x0000000020650000,0x0000000020750000)]
  0x000000001d700800 JavaThread "DestroyJavaVM" [_thread_blocked, id=9936, stack(0x0000000005020000,0x0000000005120000)]
=>0x000000001d6fe800 JavaThread "AWT-EventQueue-0" [_thread_in_native, id=276, stack(0x000000001eba0000,0x000000001eca0000)]
  0x000000001d703000 JavaThread "AWT-Windows" daemon [_thread_in_native, id=13488, stack(0x000000001e920000,0x000000001ea20000)]
  0x000000001d68b800 JavaThread "AWT-Shutdown" [_thread_blocked, id=12792, stack(0x000000001e820000,0x000000001e920000)]
  0x000000001d688800 JavaThread "Java2D Disposer" daemon [_thread_blocked, id=8408, stack(0x000000001e720000,0x000000001e820000)]
  0x000000001bf83000 JavaThread "Service Thread" daemon [_thread_blocked, id=1476, stack(0x000000001cbf0000,0x000000001ccf0000)]
  0x000000001bef5000 JavaThread "C1 CompilerThread3" daemon [_thread_blocked, id=8548, stack(0x000000001caf0000,0x000000001cbf0000)]
  0x000000001bef2000 JavaThread "C2 CompilerThread2" daemon [_thread_blocked, id=21916, stack(0x000000001c9f0000,0x000000001caf0000)]
  0x000000001beed000 JavaThread "C2 CompilerThread1" daemon [_thread_in_native, id=8432, stack(0x000000001c8f0000,0x000000001c9f0000)]
  0x000000001beeb000 JavaThread "C2 CompilerThread0" daemon [_thread_blocked, id=25464, stack(0x000000001c7f0000,0x000000001c8f0000)]
  0x000000001befc000 JavaThread "Attach Listener" daemon [_thread_blocked, id=924, stack(0x000000001c6f0000,0x000000001c7f0000)]
  0x000000001befb000 JavaThread "Signal Dispatcher" daemon [_thread_blocked, id=4600, stack(0x000000001c5f0000,0x000000001c6f0000)]
  0x000000001bee0800 JavaThread "Finalizer" daemon [_thread_blocked, id=6040, stack(0x000000001c2c0000,0x000000001c3c0000)]
  0x0000000019fed000 JavaThread "Reference Handler" daemon [_thread_blocked, id=19724, stack(0x000000001bdc0000,0x000000001bec0000)]

Other Threads:
  0x0000000019fe9000 VMThread [stack: 0x000000001bcc0000,0x000000001bdc0000] [id=18740]
  0x000000001bf95000 WatcherThread [stack: 0x000000001ce50000,0x000000001cf50000] [id=6272]

VM state:not at safepoint (normal execution)

VM Mutex/Monitor currently owned by a thread: None

Heap:
 PSYoungGen      total 88576K, used 55592K [0x00000000d6f80000, 0x00000000de900000, 0x0000000100000000)
  eden space 74240K, 55% used [0x00000000d6f80000,0x00000000d9802250,0x00000000db800000)
  from space 14336K, 98% used [0x00000000ddb00000,0x00000000de8c8070,0x00000000de900000)
  to   space 20480K, 0% used [0x00000000dc100000,0x00000000dc100000,0x00000000dd500000)
 ParOldGen       total 139776K, used 41096K [0x0000000084e00000, 0x000000008d680000, 0x00000000d6f80000)
  object space 139776K, 29% used [0x0000000084e00000,0x0000000087622270,0x000000008d680000)
 Metaspace       used 32056K, capacity 32418K, committed 32896K, reserved 1079296K
  class space    used 3778K, capacity 3865K, committed 3968K, reserved 1048576K

Card table byte_map: [0x00000000145e0000,0x00000000149c0000] byte_map_base: 0x00000000141b9000

Marking Bits: (ParMarkBitMap*) 0x0000000070baf860
 Begin Bits: [0x0000000015460000, 0x0000000017328000)
 End Bits:   [0x0000000017328000, 0x00000000191f0000)

Polling page: 0x0000000004fd0000

CodeCache: size=245760Kb used=12674Kb max_used=12775Kb free=233085Kb
 bounds [0x0000000005220000, 0x0000000005eb0000, 0x0000000014220000]
 total_blobs=4737 nmethods=3732 adapters=916
 compilation: enabled

Compilation events (10 events):
Event: 27.771 Thread 0x000000001bef5000 4044       3       javax.swing.text.View::getAttributes (10 bytes)
Event: 27.771 Thread 0x000000001bef5000 nmethod 4044 0x00000000056c5b50 code [0x00000000056c5cc0, 0x00000000056c5f30]
Event: 27.775 Thread 0x000000001bef5000 4046       3       javax.swing.text.ParagraphView$Row::getStartOffset (40 bytes)
Event: 27.776 Thread 0x000000001bef5000 nmethod 4046 0x00000000056c6c90 code [0x00000000056c6e20, 0x00000000056c7348]
Event: 27.777 Thread 0x000000001bef5000 4047       3       sun.awt.image.SunVolatileImage::createGraphics (27 bytes)
Event: 27.780 Thread 0x000000001bef5000 nmethod 4047 0x00000000056c97d0 code [0x00000000056c99a0, 0x00000000056ca0d8]
Event: 27.780 Thread 0x000000001bef5000 4048       3       sun.awt.image.SunVolatileImage::getForeground (19 bytes)
Event: 27.781 Thread 0x000000001bef5000 nmethod 4048 0x0000000005476390 code [0x0000000005476520, 0x0000000005476a88]
Event: 27.787 Thread 0x000000001bef5000 4050       3       java.beans.Beans::isDesignTime (7 bytes)
Event: 27.788 Thread 0x000000001bef5000 nmethod 4050 0x0000000005a18310 code [0x0000000005a184a0, 0x0000000005a18928]

GC Heap History (10 events):
Event: 5.135 GC heap before
{Heap before GC invocations=9 (full 2):
 PSYoungGen      total 48128K, used 48122K [0x00000000d6f80000, 0x00000000dac00000, 0x0000000100000000)
  eden space 43008K, 100% used [0x00000000d6f80000,0x00000000d9980000,0x00000000d9980000)
  from space 5120K, 99% used [0x00000000da080000,0x00000000da57e8c0,0x00000000da580000)
  to   space 7168K, 0% used [0x00000000d9980000,0x00000000d9980000,0x00000000da080000)
 ParOldGen       total 55808K, used 11184K [0x0000000084e00000, 0x0000000088480000, 0x00000000d6f80000)
  object space 55808K, 20% used [0x0000000084e00000,0x00000000858ec3a8,0x0000000088480000)
 Metaspace       used 27243K, capacity 27510K, committed 27904K, reserved 1073152K
  class space    used 3212K, capacity 3299K, committed 3328K, reserved 1048576K
Event: 5.141 GC heap after
Heap after GC invocations=9 (full 2):
 PSYoungGen      total 50176K, used 7162K [0x00000000d6f80000, 0x00000000dbe00000, 0x0000000100000000)
  eden space 43008K, 0% used [0x00000000d6f80000,0x00000000d6f80000,0x00000000d9980000)
  from space 7168K, 99% used [0x00000000d9980000,0x00000000da07e8c0,0x00000000da080000)
  to   space 8192K, 0% used [0x00000000db600000,0x00000000db600000,0x00000000dbe00000)
 ParOldGen       total 55808K, used 11224K [0x0000000084e00000, 0x0000000088480000, 0x00000000d6f80000)
  object space 55808K, 20% used [0x0000000084e00000,0x00000000858f63a8,0x0000000088480000)
 Metaspace       used 27243K, capacity 27510K, committed 27904K, reserved 1073152K
  class space    used 3212K, capacity 3299K, committed 3328K, reserved 1048576K
}
Event: 7.372 GC heap before
{Heap before GC invocations=10 (full 2):
 PSYoungGen      total 50176K, used 49520K [0x00000000d6f80000, 0x00000000dbe00000, 0x0000000100000000)
  eden space 43008K, 98% used [0x00000000d6f80000,0x00000000d98ddb38,0x00000000d9980000)
  from space 7168K, 99% used [0x00000000d9980000,0x00000000da07e8c0,0x00000000da080000)
  to   space 8192K, 0% used [0x00000000db600000,0x00000000db600000,0x00000000dbe00000)
 ParOldGen       total 55808K, used 11224K [0x0000000084e00000, 0x0000000088480000, 0x00000000d6f80000)
  object space 55808K, 20% used [0x0000000084e00000,0x00000000858f63a8,0x0000000088480000)
 Metaspace       used 27652K, capacity 27958K, committed 28288K, reserved 1075200K
  class space    used 3261K, capacity 3363K, committed 3456K, reserved 1048576K
Event: 7.386 GC heap after
Heap after GC invocations=10 (full 2):
 PSYoungGen      total 71168K, used 7995K [0x00000000d6f80000, 0x00000000dbe00000, 0x0000000100000000)
  eden space 62976K, 0% used [0x00000000d6f80000,0x00000000d6f80000,0x00000000dad00000)
  from space 8192K, 97% used [0x00000000db600000,0x00000000dbdcefc0,0x00000000dbe00000)
  to   space 8704K, 0% used [0x00000000dad00000,0x00000000dad00000,0x00000000db580000)
 ParOldGen       total 55808K, used 28671K [0x0000000084e00000, 0x0000000088480000, 0x00000000d6f80000)
  object space 55808K, 51% used [0x0000000084e00000,0x00000000869ffcd8,0x0000000088480000)
 Metaspace       used 27652K, capacity 27958K, committed 28288K, reserved 1075200K
  class space    used 3261K, capacity 3363K, committed 3456K, reserved 1048576K
}
Event: 11.589 GC heap before
{Heap before GC invocations=11 (full 2):
 PSYoungGen      total 71168K, used 70971K [0x00000000d6f80000, 0x00000000dbe00000, 0x0000000100000000)
  eden space 62976K, 100% used [0x00000000d6f80000,0x00000000dad00000,0x00000000dad00000)
  from space 8192K, 97% used [0x00000000db600000,0x00000000dbdcefc0,0x00000000dbe00000)
  to   space 8704K, 0% used [0x00000000dad00000,0x00000000dad00000,0x00000000db580000)
 ParOldGen       total 55808K, used 28671K [0x0000000084e00000, 0x0000000088480000, 0x00000000d6f80000)
  object space 55808K, 51% used [0x0000000084e00000,0x00000000869ffcd8,0x0000000088480000)
 Metaspace       used 30125K, capacity 30466K, committed 30848K, reserved 1077248K
  class space    used 3559K, capacity 3657K, committed 3712K, reserved 1048576K
Event: 11.621 GC heap after
Heap after GC invocations=11 (full 2):
 PSYoungGen      total 71680K, used 8687K [0x00000000d6f80000, 0x00000000dee00000, 0x0000000100000000)
  eden space 62976K, 0% used [0x00000000d6f80000,0x00000000d6f80000,0x00000000dad00000)
  from space 8704K, 99% used [0x00000000dad00000,0x00000000db57bef8,0x00000000db580000)
  to   space 19456K, 0% used [0x00000000ddb00000,0x00000000ddb00000,0x00000000dee00000)
 ParOldGen       total 55808K, used 52861K [0x0000000084e00000, 0x0000000088480000, 0x00000000d6f80000)
  object space 55808K, 94% used [0x0000000084e00000,0x000000008819f680,0x0000000088480000)
 Metaspace       used 30125K, capacity 30466K, committed 30848K, reserved 1077248K
  class space    used 3559K, capacity 3657K, committed 3712K, reserved 1048576K
}
Event: 11.621 GC heap before
{Heap before GC invocations=12 (full 3):
 PSYoungGen      total 71680K, used 8687K [0x00000000d6f80000, 0x00000000dee00000, 0x0000000100000000)
  eden space 62976K, 0% used [0x00000000d6f80000,0x00000000d6f80000,0x00000000dad00000)
  from space 8704K, 99% used [0x00000000dad00000,0x00000000db57bef8,0x00000000db580000)
  to   space 19456K, 0% used [0x00000000ddb00000,0x00000000ddb00000,0x00000000dee00000)
 ParOldGen       total 55808K, used 52861K [0x0000000084e00000, 0x0000000088480000, 0x00000000d6f80000)
  object space 55808K, 94% used [0x0000000084e00000,0x000000008819f680,0x0000000088480000)
 Metaspace       used 30125K, capacity 30466K, committed 30848K, reserved 1077248K
  class space    used 3559K, capacity 3657K, committed 3712K, reserved 1048576K
Event: 11.789 GC heap after
Heap after GC invocations=12 (full 3):
 PSYoungGen      total 71680K, used 0K [0x00000000d6f80000, 0x00000000dee00000, 0x0000000100000000)
  eden space 62976K, 0% used [0x00000000d6f80000,0x00000000d6f80000,0x00000000dad00000)
  from space 8704K, 0% used [0x00000000dad00000,0x00000000dad00000,0x00000000db580000)
  to   space 19456K, 0% used [0x00000000ddb00000,0x00000000ddb00000,0x00000000dee00000)
 ParOldGen       total 139776K, used 41088K [0x0000000084e00000, 0x000000008d680000, 0x00000000d6f80000)
  object space 139776K, 29% used [0x0000000084e00000,0x0000000087620270,0x000000008d680000)
 Metaspace       used 30125K, capacity 30466K, committed 30848K, reserved 1077248K
  class space    used 3559K, capacity 3657K, committed 3712K, reserved 1048576K
}
Event: 25.936 GC heap before
{Heap before GC invocations=13 (full 3):
 PSYoungGen      total 71680K, used 60081K [0x00000000d6f80000, 0x00000000dee00000, 0x0000000100000000)
  eden space 62976K, 95% used [0x00000000d6f80000,0x00000000daa2c490,0x00000000dad00000)
  from space 8704K, 0% used [0x00000000dad00000,0x00000000dad00000,0x00000000db580000)
  to   space 19456K, 0% used [0x00000000ddb00000,0x00000000ddb00000,0x00000000dee00000)
 ParOldGen       total 139776K, used 41088K [0x0000000084e00000, 0x000000008d680000, 0x00000000d6f80000)
  object space 139776K, 29% used [0x0000000084e00000,0x0000000087620270,0x000000008d680000)
 Metaspace       used 31667K, capacity 32036K, committed 32512K, reserved 1077248K
  class space    used 3748K, capacity 3828K, committed 3840K, reserved 1048576K
Event: 25.953 GC heap after
Heap after GC invocations=13 (full 3):
 PSYoungGen      total 88576K, used 14112K [0x00000000d6f80000, 0x00000000de900000, 0x0000000100000000)
  eden space 74240K, 0% used [0x00000000d6f80000,0x00000000d6f80000,0x00000000db800000)
  from space 14336K, 98% used [0x00000000ddb00000,0x00000000de8c8070,0x00000000de900000)
  to   space 20480K, 0% used [0x00000000dc100000,0x00000000dc100000,0x00000000dd500000)
 ParOldGen       total 139776K, used 41096K [0x0000000084e00000, 0x000000008d680000, 0x00000000d6f80000)
  object space 139776K, 29% used [0x0000000084e00000,0x0000000087622270,0x000000008d680000)
 Metaspace       used 31667K, capacity 32036K, committed 32512K, reserved 1077248K
  class space    used 3748K, capacity 3828K, committed 3840K, reserved 1048576K
}

Deoptimization events (10 events):
Event: 12.294 Thread 0x000000001d6fe800 Uncommon trap: reason=class_check action=maybe_recompile pc=0x0000000005b7e664 method=javax.swing.RepaintManager.addDirtyRegion0(Ljava/awt/Container;IIII)V @ 91
Event: 12.357 Thread 0x000000001d6fe800 Uncommon trap: reason=class_check action=maybe_recompile pc=0x0000000005b7e664 method=javax.swing.RepaintManager.addDirtyRegion0(Ljava/awt/Container;IIII)V @ 91
Event: 13.313 Thread 0x000000001d6fe800 Uncommon trap: reason=class_check action=maybe_recompile pc=0x0000000005b81948 method=javax.swing.RepaintManager.addDirtyRegion0(Ljava/awt/Container;IIII)V @ 91
Event: 15.888 Thread 0x000000001d6fe800 Uncommon trap: reason=predicate action=maybe_recompile pc=0x0000000005824abc method=java.lang.String.regionMatches(ZILjava/lang/String;II)Z @ 63
Event: 22.184 Thread 0x000000001d6fe800 Uncommon trap: reason=bimorphic action=maybe_recompile pc=0x0000000005647cec method=javax.swing.UIDefaults.getFromHashtable(Ljava/lang/Object;)Ljava/lang/Object; @ 126
Event: 22.548 Thread 0x000000001d6fe800 Uncommon trap: reason=unstable_if action=reinterpret pc=0x00000000055fae60 method=java.util.Hashtable.get(Ljava/lang/Object;)Ljava/lang/Object; @ 48
Event: 22.548 Thread 0x000000001d6fe800 Uncommon trap: reason=unstable_if action=reinterpret pc=0x000000000575a5fc method=java.util.Hashtable.put(Ljava/lang/Object;Ljava/lang/Object;)Ljava/lang/Object; @ 63
Event: 22.957 Thread 0x000000001d6fe800 Uncommon trap: reason=unstable_if action=reinterpret pc=0x00000000058ba6fc method=java.util.regex.Pattern$Start.match(Ljava/util/regex/Matcher;ILjava/lang/CharSequence;)Z @ 10
Event: 24.976 Thread 0x000000001d6fe800 Uncommon trap: reason=unstable_if action=reinterpret pc=0x0000000005d940c4 method=sun.font.CMap$CMapFormat4.getGlyph(I)C @ 181
Event: 27.671 Thread 0x000000001d6fe800 Uncommon trap: reason=unstable_if action=reinterpret pc=0x0000000005c555c4 method=java.awt.Component.getInputContext()Ljava/awt/im/InputContext; @ 6

Classes redefined (0 events):
No events

Internal exceptions (10 events):
Event: 16.786 Thread 0x0000000020daf800 Exception <a 'java/net/SocketTimeoutException': Receive timed out> (0x00000000d6f89670) thrown at [C:\re\workspace\8-2-build-windows-amd64-cygwin\jdk8u161\10277\hotspot\src\share\vm\prims\jni.cpp, line 735]
Event: 17.578 Thread 0x0000000020daf800 Exception <a 'java/net/SocketTimeoutException': Receive timed out> (0x00000000d6f8ac70) thrown at [C:\re\workspace\8-2-build-windows-amd64-cygwin\jdk8u161\10277\hotspot\src\share\vm\prims\jni.cpp, line 735]
Event: 18.371 Thread 0x0000000020daf800 Exception <a 'java/net/SocketTimeoutException': Receive timed out> (0x00000000d6f8c290) thrown at [C:\re\workspace\8-2-build-windows-amd64-cygwin\jdk8u161\10277\hotspot\src\share\vm\prims\jni.cpp, line 735]
Event: 19.164 Thread 0x0000000020daf800 Exception <a 'java/net/SocketTimeoutException': Receive timed out> (0x00000000d6f9d398) thrown at [C:\re\workspace\8-2-build-windows-amd64-cygwin\jdk8u161\10277\hotspot\src\share\vm\prims\jni.cpp, line 735]
Event: 19.958 Thread 0x0000000020daf800 Exception <a 'java/net/SocketTimeoutException': Receive timed out> (0x00000000d6f9e9b8) thrown at [C:\re\workspace\8-2-build-windows-amd64-cygwin\jdk8u161\10277\hotspot\src\share\vm\prims\jni.cpp, line 735]
Event: 20.750 Thread 0x0000000020daf800 Exception <a 'java/net/SocketTimeoutException': Receive timed out> (0x00000000d99fc3a0) thrown at [C:\re\workspace\8-2-build-windows-amd64-cygwin\jdk8u161\10277\hotspot\src\share\vm\prims\jni.cpp, line 735]
Event: 21.542 Thread 0x0000000020daf800 Exception <a 'java/net/SocketTimeoutException': Receive timed out> (0x00000000d99fd9c0) thrown at [C:\re\workspace\8-2-build-windows-amd64-cygwin\jdk8u161\10277\hotspot\src\share\vm\prims\jni.cpp, line 735]
Event: 22.344 Thread 0x0000000020daf800 Exception <a 'java/net/SocketTimeoutException': Receive timed out> (0x00000000d99fefe0) thrown at [C:\re\workspace\8-2-build-windows-amd64-cygwin\jdk8u161\10277\hotspot\src\share\vm\prims\jni.cpp, line 735]
Event: 22.785 Thread 0x000000001d6fe800 Exception <a 'java/lang/reflect/InvocationTargetException'> (0x00000000d9c285e8) thrown at [C:\re\workspace\8-2-build-windows-amd64-cygwin\jdk8u161\10277\hotspot\src\share\vm\runtime\reflection.cpp, line 1092]
Event: 27.720 Thread 0x0000000020daf800 Exception <a 'java/lang/InterruptedException'> (0x00000000d97b4aa0) thrown at [C:\re\workspace\8-2-build-windows-amd64-cygwin\jdk8u161\10277\hotspot\src\share\vm\runtime\objectMonitor.cpp, line 1684]

Events (10 events):
Event: 27.731 loading class javax/swing/SwingWorker$5
Event: 27.731 loading class javax/swing/SwingWorker$5 done
Event: 27.740 loading class java/awt/Polygon$PolygonPathIterator
Event: 27.740 loading class java/awt/Polygon$PolygonPathIterator done
Event: 27.741 loading class sun/java2d/loops/MaskBlit$General
Event: 27.741 loading class sun/java2d/loops/GraphicsPrimitive$GeneralBinaryOp
Event: 27.741 loading class sun/java2d/loops/GraphicsPrimitive$GeneralBinaryOp done
Event: 27.741 loading class sun/java2d/loops/MaskBlit$General done
Event: 27.741 Executing VM operation: Deoptimize
Event: 27.744 Executing VM operation: Deoptimize done


Dynamic libraries:
0x00007ff6e5150000 - 0x00007ff6e5187000 	C:\Program Files\Java\jdk1.8.0_161\jre\bin\java.exe
0x00007ffd8f130000 - 0x00007ffd8f310000 	C:\WINDOWS\SYSTEM32\ntdll.dll
0x00007ffd8df50000 - 0x00007ffd8dffe000 	C:\WINDOWS\System32\KERNEL32.DLL
0x00007ffd8b6b0000 - 0x00007ffd8b916000 	C:\WINDOWS\System32\KERNELBASE.dll
0x00007ffd8eb00000 - 0x00007ffd8eba1000 	C:\WINDOWS\System32\ADVAPI32.dll
0x00007ffd8e870000 - 0x00007ffd8e90d000 	C:\WINDOWS\System32\msvcrt.dll
0x00007ffd8e910000 - 0x00007ffd8e96b000 	C:\WINDOWS\System32\sechost.dll
0x00007ffd8dc10000 - 0x00007ffd8dd2f000 	C:\WINDOWS\System32\RPCRT4.dll
0x00007ffd8e970000 - 0x00007ffd8eaff000 	C:\WINDOWS\System32\USER32.dll
0x00007ffd8be90000 - 0x00007ffd8beb0000 	C:\WINDOWS\System32\win32u.dll
0x00007ffd8e6c0000 - 0x00007ffd8e6e8000 	C:\WINDOWS\System32\GDI32.dll
0x00007ffd8bac0000 - 0x00007ffd8bc53000 	C:\WINDOWS\System32\gdi32full.dll
0x00007ffd8b920000 - 0x00007ffd8b9bb000 	C:\WINDOWS\System32\msvcp_win.dll
0x00007ffd8b5b0000 - 0x00007ffd8b6a6000 	C:\WINDOWS\System32\ucrtbase.dll
0x00007ffd87590000 - 0x00007ffd877f9000 	C:\WINDOWS\WinSxS\amd64_microsoft.windows.common-controls_6595b64144ccf1df_6.0.16299.431_none_15c7d3ee93659e73\COMCTL32.dll
0x00007ffd8ed50000 - 0x00007ffd8f058000 	C:\WINDOWS\System32\combase.dll
0x00007ffd8b530000 - 0x00007ffd8b5a2000 	C:\WINDOWS\System32\bcryptPrimitives.dll
0x00007ffd8ed10000 - 0x00007ffd8ed3d000 	C:\WINDOWS\System32\IMM32.DLL
0x00000000702b0000 - 0x0000000070382000 	C:\Program Files\Java\jdk1.8.0_161\jre\bin\msvcr100.dll
0x0000000070390000 - 0x0000000070c2f000 	C:\Program Files\Java\jdk1.8.0_161\jre\bin\server\jvm.dll
0x00007ffd8e860000 - 0x00007ffd8e868000 	C:\WINDOWS\System32\PSAPI.DLL
0x00007ffd78cf0000 - 0x00007ffd78cf9000 	C:\WINDOWS\SYSTEM32\WSOCK32.dll
0x00007ffd83d50000 - 0x00007ffd83d5a000 	C:\WINDOWS\SYSTEM32\VERSION.dll
0x00007ffd88f30000 - 0x00007ffd88f53000 	C:\WINDOWS\SYSTEM32\WINMM.dll
0x00007ffd8ec20000 - 0x00007ffd8ec8c000 	C:\WINDOWS\System32\WS2_32.dll
0x00007ffd88dc0000 - 0x00007ffd88dea000 	C:\WINDOWS\SYSTEM32\winmmbase.dll
0x00007ffd8b9c0000 - 0x00007ffd8ba0a000 	C:\WINDOWS\System32\cfgmgr32.dll
0x0000000071220000 - 0x0000000071258000 	C:\Program Files\Java\jdk1.8.0_161\jre\bin\splashscreen.dll
0x0000000071210000 - 0x000000007121f000 	C:\Program Files\Java\jdk1.8.0_161\jre\bin\verify.dll
0x0000000070280000 - 0x00000000702a9000 	C:\Program Files\Java\jdk1.8.0_161\jre\bin\java.dll
0x00000000711d0000 - 0x00000000711e6000 	C:\Program Files\Java\jdk1.8.0_161\jre\bin\zip.dll
0x00007ffd8c710000 - 0x00007ffd8db48000 	C:\WINDOWS\System32\SHELL32.dll
0x00007ffd8dea0000 - 0x00007ffd8df46000 	C:\WINDOWS\System32\shcore.dll
0x00007ffd8beb0000 - 0x00007ffd8c5f7000 	C:\WINDOWS\System32\windows.storage.dll
0x00007ffd8db50000 - 0x00007ffd8dba1000 	C:\WINDOWS\System32\shlwapi.dll
0x00007ffd8b4f0000 - 0x00007ffd8b501000 	C:\WINDOWS\System32\kernel.appcore.dll
0x00007ffd8b4a0000 - 0x00007ffd8b4ec000 	C:\WINDOWS\System32\powrprof.dll
0x00007ffd8b510000 - 0x00007ffd8b52b000 	C:\WINDOWS\System32\profapi.dll
0x00000000700a0000 - 0x0000000070238000 	C:\Program Files\Java\jdk1.8.0_161\jre\bin\awt.dll
0x00007ffd8e000000 - 0x00007ffd8e0c5000 	C:\WINDOWS\System32\OLEAUT32.dll
0x00007ffd89020000 - 0x00007ffd890a8000 	C:\WINDOWS\SYSTEM32\apphelp.dll
0x00007ffd891e0000 - 0x00007ffd89275000 	C:\WINDOWS\system32\uxtheme.dll
0x00007ffd8e6f0000 - 0x00007ffd8e857000 	C:\WINDOWS\System32\MSCTF.dll
0x00007ffd79200000 - 0x00007ffd792a9000 	C:\Program Files\Common Files\microsoft shared\ink\tiptsf.dll
0x00007ffd89410000 - 0x00007ffd8943a000 	C:\WINDOWS\system32\dwmapi.dll
0x00007ffd8dd30000 - 0x00007ffd8de79000 	C:\WINDOWS\System32\ole32.dll
0x00007ffd64e50000 - 0x00007ffd64f6e000 	C:\WINDOWS\system32\opengl32.dll
0x00007ffd64c40000 - 0x00007ffd64c6c000 	C:\WINDOWS\SYSTEM32\GLU32.dll
0x00007ffd8aed0000 - 0x00007ffd8aee7000 	C:\WINDOWS\SYSTEM32\CRYPTSP.dll
0x00007ffd8a910000 - 0x00007ffd8a943000 	C:\WINDOWS\system32\rsaenh.dll
0x00007ffd8afe0000 - 0x00007ffd8b005000 	C:\WINDOWS\SYSTEM32\bcrypt.dll
0x00007ffd8b380000 - 0x00007ffd8b3a9000 	C:\WINDOWS\SYSTEM32\USERENV.dll
0x00007ffd8aef0000 - 0x00007ffd8aefb000 	C:\WINDOWS\SYSTEM32\CRYPTBASE.dll
0x0000000070260000 - 0x000000007027a000 	C:\Program Files\Java\jdk1.8.0_161\jre\bin\net.dll
0x00007ffd8ad10000 - 0x00007ffd8ad76000 	C:\WINDOWS\system32\mswsock.dll
0x00007ffd8aaa0000 - 0x00007ffd8aad9000 	C:\WINDOWS\SYSTEM32\IPHLPAPI.DLL
0x00007ffd8ed40000 - 0x00007ffd8ed48000 	C:\WINDOWS\System32\NSI.dll
0x00007ffd84030000 - 0x00007ffd84046000 	C:\WINDOWS\SYSTEM32\dhcpcsvc6.DLL
0x00007ffd83f90000 - 0x00007ffd83faa000 	C:\WINDOWS\SYSTEM32\dhcpcsvc.DLL
0x0000000070240000 - 0x0000000070251000 	C:\Program Files\Java\jdk1.8.0_161\jre\bin\nio.dll
0x00000000637c0000 - 0x00000000637cd000 	C:\Users\Robin\AppData\Local\Temp\jogamp_0000\file_cache\jln6042220295508161281\jln9134237718481609654\natives\windows-amd64\gluegen-rt.dll
0x000000006ff70000 - 0x000000006ff77000 	C:\Program Files\Java\jdk1.8.0_161\jre\bin\jawt.dll
0x000000006a440000 - 0x000000006a44d000 	C:\Users\Robin\AppData\Local\Temp\jogamp_0000\file_cache\jln6042220295508161281\jln9134237718481609654\natives\windows-amd64\nativewindow_awt.dll
0x000000006c100000 - 0x000000006c10f000 	C:\Users\Robin\AppData\Local\Temp\jogamp_0000\file_cache\jln6042220295508161281\jln9134237718481609654\natives\windows-amd64\nativewindow_win32.dll
0x0000000064500000 - 0x00000000645b1000 	C:\Users\Robin\AppData\Local\Temp\jogamp_0000\file_cache\jln6042220295508161281\jln9134237718481609654\natives\windows-amd64\jogl_desktop.dll
0x00007ffd5a090000 - 0x00007ffd5abd7000 	C:\WINDOWS\SYSTEM32\ig75icd64.dll
0x00007ffd814e0000 - 0x00007ffd81f1f000 	C:\WINDOWS\SYSTEM32\igdusc64.dll
0x00007ffd89e40000 - 0x00007ffd89e53000 	C:\WINDOWS\SYSTEM32\WTSAPI32.dll
0x00007ffd8a2e0000 - 0x00007ffd8a38f000 	C:\WINDOWS\SYSTEM32\dxgi.dll
0x00007ffd87fe0000 - 0x00007ffd882c2000 	C:\WINDOWS\SYSTEM32\d3d11.dll
0x00007ffd824e0000 - 0x00007ffd8343d000 	C:\WINDOWS\SYSTEM32\igd10iumd64.dll
0x00007ffd8afb0000 - 0x00007ffd8afd6000 	C:\WINDOWS\SYSTEM32\ncrypt.dll
0x00007ffd8af70000 - 0x00007ffd8afa6000 	C:\WINDOWS\SYSTEM32\NTASN1.dll
0x0000000070050000 - 0x0000000070097000 	C:\Program Files\Java\jdk1.8.0_161\jre\bin\fontmanager.dll
0x00007ffd8f060000 - 0x00007ffd8f0fe000 	C:\WINDOWS\System32\clbcatq.dll
0x00007ffd86420000 - 0x00007ffd865cb000 	C:\WINDOWS\SYSTEM32\WindowsCodecs.dll
0x00007ffd69120000 - 0x00007ffd6916f000 	C:\WINDOWS\system32\dataexchange.dll
0x00007ffd88970000 - 0x00007ffd88ab2000 	C:\WINDOWS\system32\dcomp.dll
0x00007ffd89500000 - 0x00007ffd8967b000 	C:\WINDOWS\system32\twinapi.appcore.dll
0x00007ffd896b0000 - 0x00007ffd896d0000 	C:\WINDOWS\system32\RMCLIENT.dll
0x0000000070000000 - 0x0000000070042000 	C:\Program Files\Java\jdk1.8.0_161\jre\bin\t2k.dll
0x000000006b600000 - 0x000000006b62f000 	C:\Users\Robin\AppData\Local\Temp\usb4java7831419658313373114.tmp\libusb-1.0.dll
0x0000000063610000 - 0x0000000063627000 	C:\Users\Robin\AppData\Local\Temp\usb4java7831419658313373114.tmp\libusb4java.dll
0x00007ffd8e0d0000 - 0x00007ffd8e51e000 	C:\WINDOWS\System32\SetupAPI.dll
0x00007ffd8a240000 - 0x00007ffd8a24b000 	C:\WINDOWS\SYSTEM32\WinUSB.DLL
0x00007ffd8a250000 - 0x00007ffd8a25c000 	C:\WINDOWS\SYSTEM32\hid.dll
0x00007ffd8b290000 - 0x00007ffd8b2b7000 	C:\WINDOWS\SYSTEM32\DEVOBJ.dll
0x00007ffd8bc60000 - 0x00007ffd8bcb8000 	C:\WINDOWS\System32\WINTRUST.dll
0x00007ffd8b480000 - 0x00007ffd8b492000 	C:\WINDOWS\System32\MSASN1.dll
0x00007ffd8bcc0000 - 0x00007ffd8be8e000 	C:\WINDOWS\System32\CRYPT32.dll
0x000000006af40000 - 0x000000006af71000 	C:\Users\Robin\AppData\Local\Temp\libNRJavaSerial_Robin_0\libNRJavaSerial.dll
0x000000006ff60000 - 0x000000006ff6c000 	C:\Program Files\Java\jdk1.8.0_161\jre\bin\jsound.dll
0x000000006ff50000 - 0x000000006ff5b000 	C:\Program Files\Java\jdk1.8.0_161\jre\bin\jsoundds.dll
0x00007ffd79420000 - 0x00007ffd794af000 	C:\WINDOWS\SYSTEM32\DSOUND.dll
0x00007ffd83880000 - 0x00007ffd838ef000 	C:\WINDOWS\SYSTEM32\MMDevAPI.DLL
0x00007ffd87800000 - 0x00007ffd879b1000 	C:\WINDOWS\SYSTEM32\PROPSYS.dll
0x00007ffd79b80000 - 0x00007ffd79bc2000 	C:\WINDOWS\SYSTEM32\wdmaud.drv
0x00007ffd87a40000 - 0x00007ffd87a49000 	C:\WINDOWS\SYSTEM32\ksuser.dll
0x00007ffd86750000 - 0x00007ffd8675a000 	C:\WINDOWS\SYSTEM32\AVRT.dll
0x00007ffd803b0000 - 0x00007ffd804d2000 	C:\WINDOWS\SYSTEM32\AUDIOSES.DLL
0x00007ffd86e90000 - 0x00007ffd86fc6000 	C:\WINDOWS\SYSTEM32\wintypes.dll
0x00007ffd793f0000 - 0x00007ffd79415000 	C:\Users\Robin\AppData\Local\Temp\jna-79133066\jna7059932949634230599.dll
0x00007ffd85500000 - 0x00007ffd8550c000 	C:\WINDOWS\SYSTEM32\msacm32.drv
0x00007ffd79b60000 - 0x00007ffd79b7c000 	C:\WINDOWS\SYSTEM32\MSACM32.dll
0x00007ffd85190000 - 0x00007ffd8519a000 	C:\WINDOWS\SYSTEM32\midimap.dll
0x00007ffd65c40000 - 0x00007ffd65d2f000 	C:\Users\Robin\.javacpp\cache\opencv-3.2.0-1.3-windows-x86_64.jar\org\bytedeco\javacpp\windows-x86_64\msvcr120.dll
0x00007ffd5e5b0000 - 0x00007ffd5e656000 	C:\Users\Robin\.javacpp\cache\opencv-3.2.0-1.3-windows-x86_64.jar\org\bytedeco\javacpp\windows-x86_64\msvcp120.dll
0x00007ffd54ee0000 - 0x00007ffd55168000 	C:\Users\Robin\.javacpp\cache\opencv-3.2.0-1.3-windows-x86_64.jar\org\bytedeco\javacpp\windows-x86_64\opencv_core320.dll
0x00007ffd52f70000 - 0x00007ffd532d2000 	C:\Users\Robin\.javacpp\cache\opencv-3.2.0-1.3-windows-x86_64.jar\org\bytedeco\javacpp\windows-x86_64\opencv_imgproc320.dll
0x00007ffd54760000 - 0x00007ffd549aa000 	C:\Users\Robin\.javacpp\cache\opencv-3.2.0-1.3-windows-x86_64.jar\org\bytedeco\javacpp\windows-x86_64\jniopencv_core.dll
0x00007ffd7cd70000 - 0x00007ffd7ce08000 	C:\WINDOWS\System32\TextInputFramework.dll
0x00007ffd85a60000 - 0x00007ffd85d4e000 	C:\WINDOWS\System32\CoreUIComponents.dll
0x00007ffd88890000 - 0x00007ffd8896c000 	C:\WINDOWS\System32\CoreMessaging.dll
0x00007ffd8a5b0000 - 0x00007ffd8a5e1000 	C:\WINDOWS\SYSTEM32\ntmarta.dll
0x00007ffd7ba90000 - 0x00007ffd7bc96000 	C:\Windows\System32\uiautomationcore.dll
0x00007ffd8b2e0000 - 0x00007ffd8b37a000 	C:\WINDOWS\SYSTEM32\sxs.dll
0x00007ffd839f0000 - 0x00007ffd83a5e000 	C:\Windows\System32\OLEACC.dll
0x00007ffd6bb10000 - 0x00007ffd6bb91000 	C:\WINDOWS\SYSTEM32\twinapi.dll
0x00007ffd83ca0000 - 0x00007ffd83d46000 	C:\WINDOWS\WinSxS\amd64_microsoft.windows.common-controls_6595b64144ccf1df_5.82.16299.431_none_887985224abb0026\comctl32.dll
0x00007ffd86890000 - 0x00007ffd868a9000 	C:\WINDOWS\SYSTEM32\CLDAPI.dll
0x00007ffd87450000 - 0x00007ffd8745a000 	C:\WINDOWS\SYSTEM32\FLTLIB.DLL
0x00007ffd701c0000 - 0x00007ffd70204000 	C:\WINDOWS\SYSTEM32\AEPIC.dll
0x00007ffd84550000 - 0x00007ffd84b44000 	C:\Windows\System32\OneCoreUAPCommonProxyStub.dll
0x00007ffd654a0000 - 0x00007ffd655c7000 	C:\WINDOWS\system32\NetworkExplorer.dll
0x00007ffd851b0000 - 0x00007ffd851cb000 	C:\WINDOWS\SYSTEM32\MPR.dll
0x00007ffd87410000 - 0x00007ffd8741b000 	C:\WINDOWS\System32\drprov.dll
0x00007ffd8a620000 - 0x00007ffd8a675000 	C:\WINDOWS\System32\WINSTA.dll
0x00007ffd70610000 - 0x00007ffd70626000 	C:\WINDOWS\System32\ntlanman.dll

VM Arguments:
jvm_args: -Dfile.encoding=UTF-8 -Djava.library.path=jars -Djava.util.logging.config.file=conf/Logging.properties -Dsun.java2d.noddraw=true -Dsun.java2d.opengl=false -Djogl.disable.opengles=false 
java_command: net.sf.jaer.JAERViewer
java_class_path (initial): C:\Users\Robin\Documents\GitHub\jaer\jars\USBTransferThread-0.9.6.jar;C:\Users\Robin\Documents\GitHub\jaer\jars\UsbIoJava.jar;C:\Users\Robin\Documents\GitHub\jaer\jars\ant.jar;C:\Users\Robin\Documents\GitHub\jaer\jars\openni2\org.openni.jar;C:\Users\Robin\Documents\GitHub\jaer\jars\rosjava-0.3.5.jar;C:\Users\Robin\Documents\GitHub\jaer\jars\message_generation-0.3.0.jar;C:\Users\Robin\Documents\GitHub\jaer\lib\annotations-1.0.0.jar;C:\Users\Robin\Documents\GitHub\jaer\lib\artoolkitplus-2.3.1-1.0.jar;C:\Users\Robin\Documents\GitHub\jaer\lib\bag-reader-java-1.10.0-javadoc.jar;C:\Users\Robin\Documents\GitHub\jaer\lib\bag-reader-java-1.10.0-sources.jar;C:\Users\Robin\Documents\GitHub\jaer\lib\bag-reader-java-1.10.0.jar;C:\Users\Robin\Documents\GitHub\jaer\lib\beansbinding-1.2.1.jar;C:\Users\Robin\Documents\GitHub\jaer\lib\commons-codec-1.10.jar;C:\Users\Robin\Documents\GitHub\jaer\lib\commons-compress-1.10.jar;C:\Users\Robin\Documents\GitHub\jaer\lib\commons-io-2.4.jar;C:\Users\Robin\Documents\GitHub\jaer\lib\commons-lang3-3.7-javadoc.jar;C:\Users\Robin\Documents\GitHub\jaer\lib\commons-lang3-3.7-sources.jar;C:\Users\Robin\Documents\GitHub\jaer\lib\commons-lang3-3.7.jar;C:\Users\Robin\Documents\GitHub\jaer\lib\commons-math3-3.6.1-javadoc.jar;C:\Users\Robin\Documents\GitHub\jaer\lib\commons-math3-3.6.1-sources.jar;C:\Users\Robin\Documents\GitHub\jaer\lib\commons-math3-3.6.1.jar;C:\Users\Robin\Documents\GitHub\jaer\lib\commons-net-3.6-javadoc.jar;C:\Users\Robin\Documents\GitHub\jaer\lib\commons-net-3.6-sources.jar;C:\Users\Robin\Documents\GitHub\jaer\lib\commons-net-3.6.jar;C:\Users\Robin\Documents\GitHub\jaer\lib\ffmpeg-2.7.1-1.0.jar;C:\Users\Robin\Documents\GitHub\jaer\lib\flandmark-1.07-1.0.jar;C:\Users\Robin\Documents\GitHub\jaer\lib\flycapture-2.7.3.19-1.0.jar;C:\Users\Robin\Documents\GitHub\jaer\lib\gluegen-rt-2.3.2-natives-linux-amd64.jar;C:\Users\Robin\Documents\GitHub\jaer\lib\gluegen-rt-2.3.2-natives-linux-i586.jar;C:\Users\Robin\Docu
Launcher Type: SUN_STANDARD

Environment Variables:
PATH=C:\ProgramData\Oracle\Java\javapath;C:\Program Files (x86)\Intel\iCLS Client\;C:\Program Files\Intel\iCLS Client\;C:\WINDOWS\system32;C:\WINDOWS;C:\WINDOWS\System32\Wbem;C:\WINDOWS\System32\WindowsPowerShell\v1.0\;C:\Program Files\Lenovo\Fingerprint Manager Pro\;C:\Program Files (x86)\Common Files\Lenovo;C:\ProgramData\Lenovo\ReadyApps;C:\Program Files\MATLAB\R2017a\runtime\win64;C:\Program Files\MATLAB\R2017a\bin;C:\Program Files\MiKTeX 2.9\miktex\bin\x64\;C:\Program Files (x86)\IVI Foundation\VISA\WinNT\Bin\;C:\Program Files\IVI Foundation\VISA\Win64\Bin\;C:\Program Files (x86)\IVI Foundation\VISA\WinNT\Bin;C:\Program Files (x86)\Intel\Intel(R) Management Engine Components\DAL;C:\Program Files\Intel\Intel(R) Management Engine Components\DAL;C:\Program Files (x86)\Intel\Intel(R) Management Engine Components\IPT;C:\Program Files\Intel\Intel(R) Management Engine Components\IPT;C:\Program Files\Intel\WiFi\bin\;C:\Program Files\Common Files\Intel\WirelessCommon\;C:\Users\Robin\AppData\Local\Microsoft\WindowsApps;C:\Users\Robin\AppData\Local\GitHubDesktop\bin;C:\Program Files\Intel\WiFi\bin\;C:\Program Files\Common Files\Intel\WirelessCommon\
USERNAME=Robin
OS=Windows_NT
PROCESSOR_IDENTIFIER=Intel64 Family 6 Model 60 Stepping 3, GenuineIntel



---------------  S Y S T E M  ---------------

OS: Windows 10.0 , 64 bit Build 16299 (10.0.16299.431)

CPU:total 8 (initial active 8) (4 cores per cpu, 2 threads per core) family 6 model 60 stepping 3, cmov, cx8, fxsr, mmx, sse, sse2, sse3, ssse3, sse4.1, sse4.2, popcnt, avx, avx2, aes, clmul, erms, lzcnt, ht, tsc, tscinvbit, bmi1, bmi2

Memory: 4k page, physical 8067900k(872720k free), swap 16194364k(3017260k free)

vm_info: Java HotSpot(TM) 64-Bit Server VM (25.161-b12) for windows-amd64 JRE (1.8.0_161-b12), built on Dec 19 2017 17:52:25 by "java_re" with MS VC++ 10.0 (VS2010)

time: Wed May 30 19:37:33 2018
elapsed time: 27 seconds (0d 0h 0m 27s)

