#
# A fatal error has been detected by the Java Runtime Environment:
#
#  EXCEPTION_ACCESS_VIOLATION (0xc0000005) at pc=0x00007ffd414c6462, pid=10324, tid=0x0000000000005df0
#
# JRE version: Java(TM) SE Runtime Environment (8.0_161-b12) (build 1.8.0_161-b12)
# Java VM: Java HotSpot(TM) 64-Bit Server VM (25.161-b12 mixed mode windows-amd64 compressed oops)
# Problematic frame:
# C  [ig75icd64.dll+0x226462]
#
# Failed to write core dump. Minidumps are not enabled by default on client versions of Windows
#
# If you would like to submit a bug report, please visit:
#   http://bugreport.java.com/bugreport/crash.jsp
# The crash happened outside the Java Virtual Machine in native code.
# See problematic frame for where to report the bug.
#

---------------  T H R E A D  ---------------

Current thread (0x000000001cc48000):  JavaThread "AWT-EventQueue-0" [_thread_in_native, id=24048, stack(0x000000001d110000,0x000000001d210000)]

siginfo: ExceptionCode=0xc0000005, reading address 0x0000000000000028

Registers:
RAX=0x000000006941de30, RBX=0x0000000000000000, RCX=0x0000000000000300, RDX=0x0000000062001370
RSP=0x000000001d209410, RBP=0x000000001d209510, RSI=0x0000000061f603c0, RDI=0x0000000062001f50
R8 =0x00000000693fae20, R9 =0x0000000000000190, R10=0x0000000000000000, R11=0x0000000000000000
R12=0x000000001d209ee0, R13=0x0000000062001818, R14=0x000000006941dee0, R15=0x0000000000000000
RIP=0x00007ffd414c6462, EFLAGS=0x0000000000010206

Top of Stack: (sp=0x000000001d209410)
0x000000001d209410:   000000001cc48000 0000000000000003
0x000000001d209420:   000000006228e808 0000000063c44fb0
0x000000001d209430:   000000001f52a6d0 000000001cc48000
0x000000001d209440:   00000000693fae20 0000000020dd3710
0x000000001d209450:   0000000020dac558 0000000000000190
0x000000001d209460:   0000000000000010 000000001d209ee0
0x000000001d209470:   0000000064799884 000000000000001c
0x000000001d209480:   0000000000000000 0000000000002864
0x000000001d209490:   000000006941dee0 0000000000010000
0x000000001d2094a0:   0000000064799864 000000001cc48000
0x000000001d2094b0:   000000006434d4d0 0000000000000000
0x000000001d2094c0:   0000000063241b60 0000000000000000
0x000000001d2094d0:   0000000000000000 0000000063c4f3d8
0x000000001d2094e0:   0000000063241570 0000000064799880
0x000000001d2094f0:   0000000000000000 0000000063cca328
0x000000001d209500:   0000000063c8f710 0000000063cca368 

Instructions: (pc=0x00007ffd414c6462)
0x00007ffd414c6442:   89 4d d0 8b 5f 14 e9 95 04 00 00 83 78 08 00 74
0x00007ffd414c6452:   53 4c 8d b0 b0 00 00 00 4c 89 75 80 49 8b 5e 30
0x00007ffd414c6462:   48 8b 43 28 48 8b 48 20 48 8b 49 08 e8 ed bf 37
0x00007ffd414c6472:   00 41 89 44 24 08 8b 47 08 03 43 08 41 89 44 24 


Register to memory mapping:

RAX=0x000000006941de30 is an unknown value
RBX=0x0000000000000000 is an unknown value
RCX=0x0000000000000300 is an unknown value
RDX=0x0000000062001370 is an unknown value
RSP=0x000000001d209410 is pointing into the stack for thread: 0x000000001cc48000
RBP=0x000000001d209510 is pointing into the stack for thread: 0x000000001cc48000
RSI=0x0000000061f603c0 is an unknown value
RDI=0x0000000062001f50 is an unknown value
R8 =0x00000000693fae20 is an unknown value
R9 =0x0000000000000190 is an unknown value
R10=0x0000000000000000 is an unknown value
R11=0x0000000000000000 is an unknown value
R12=0x000000001d209ee0 is pointing into the stack for thread: 0x000000001cc48000
R13=0x0000000062001818 is an unknown value
R14=0x000000006941dee0 is an unknown value
R15=0x0000000000000000 is an unknown value


Stack: [0x000000001d110000,0x000000001d210000],  sp=0x000000001d209410,  free space=997k
Native frames: (J=compiled Java code, j=interpreted, Vv=VM code, C=native code)
C  [ig75icd64.dll+0x226462]
C  [ig75icd64.dll+0x252655]
C  [ig75icd64.dll+0x3037eb]
C  [ig75icd64.dll+0x303227]
C  [ig75icd64.dll+0x4d4914]
C  [ig75icd64.dll+0x4d5193]
C  0x0000000004848c67

Java frames: (J=compiled Java code, j=interpreted, Vv=VM code)
j  jogamp.opengl.gl4.GL4bcImpl.dispatch_glDrawArrays1(IIIJ)V+0
j  jogamp.opengl.gl4.GL4bcImpl.glDrawArrays(III)V+45
j  com.jogamp.opengl.util.awt.TextRenderer$Pipelined_QuadRenderer.drawVertexArrays()V+209
J 3662 C1 com.jogamp.opengl.util.awt.TextRenderer$Pipelined_QuadRenderer.glVertex3f(FFF)V (52 bytes) @ 0x00000000053a170c [0x00000000053a1380+0x38c]
J 3879 C1 com.jogamp.opengl.util.awt.TextRenderer$Glyph.draw3D(FFFF)F (530 bytes) @ 0x000000000546c3e4 [0x00000000054697e0+0x2c04]
j  com.jogamp.opengl.util.awt.TextRenderer.internal_draw3D(Ljava/lang/CharSequence;FFFF)V+45
j  com.jogamp.opengl.util.awt.TextRenderer.draw3D(Ljava/lang/String;FFFF)V+8
j  com.jogamp.opengl.util.awt.TextRenderer.draw(Ljava/lang/String;II)V+8
j  ch.unizh.ini.jaer.projects.jjslam.JJSlam.annotate(Lcom/jogamp/opengl/GLAutoDrawable;)V+129
j  net.sf.jaer.graphics.ChipCanvas.drawAnnotationsIncludingEnclosed(Lnet/sf/jaer/eventprocessing/EventFilter;Lnet/sf/jaer/graphics/FrameAnnotater;Lcom/jogamp/opengl/GLAutoDrawable;)V+2
j  net.sf.jaer.graphics.ChipCanvas.annotate(Lcom/jogamp/opengl/GLAutoDrawable;)V+191
j  net.sf.jaer.graphics.ChipCanvas.display(Lcom/jogamp/opengl/GLAutoDrawable;)V+151
j  jogamp.opengl.GLDrawableHelper.displayImpl(Lcom/jogamp/opengl/GLAutoDrawable;)V+62
j  jogamp.opengl.GLDrawableHelper.display(Lcom/jogamp/opengl/GLAutoDrawable;)V+2
j  com.jogamp.opengl.awt.GLCanvas$11.run()V+118
j  jogamp.opengl.GLDrawableHelper.invokeGLImpl(Lcom/jogamp/opengl/GLDrawable;Lcom/jogamp/opengl/GLContext;Ljava/lang/Runnable;Ljava/lang/Runnable;)V+203
j  jogamp.opengl.GLDrawableHelper.invokeGL(Lcom/jogamp/opengl/GLDrawable;Lcom/jogamp/opengl/GLContext;Ljava/lang/Runnable;Ljava/lang/Runnable;)V+72
j  com.jogamp.opengl.awt.GLCanvas$12.run()V+104
j  com.jogamp.opengl.Threading.invoke(ZLjava/lang/Runnable;Ljava/lang/Object;)V+27
j  com.jogamp.opengl.awt.GLCanvas.display()V+64
j  com.jogamp.opengl.awt.GLCanvas.paint(Ljava/awt/Graphics;)V+137
j  sun.awt.RepaintArea.paintComponent(Ljava/awt/Component;Ljava/awt/Graphics;)V+6
j  sun.awt.RepaintArea.paint(Ljava/lang/Object;Z)V+326
J 3153 C1 sun.awt.windows.WComponentPeer.handleEvent(Ljava/awt/AWTEvent;)V (173 bytes) @ 0x0000000004b5e36c [0x0000000004b5d480+0xeec]
J 3046 C1 java.awt.Component.dispatchEventImpl(Ljava/awt/AWTEvent;)V (883 bytes) @ 0x0000000005299ec4 [0x0000000005292a20+0x74a4]
J 2400 C1 java.awt.EventQueue.dispatchEventImpl(Ljava/awt/AWTEvent;Ljava/lang/Object;)V (149 bytes) @ 0x0000000005001c7c [0x0000000005000440+0x183c]
J 2438 C1 java.awt.EventQueue$3.run()Ljava/lang/Void; (60 bytes) @ 0x000000000502a38c [0x000000000502a180+0x20c]
J 2336 C1 java.awt.EventQueue$3.run()Ljava/lang/Object; (5 bytes) @ 0x0000000004fce50c [0x0000000004fce480+0x8c]
v  ~StubRoutines::call_stub
J 486  java.security.AccessController.doPrivileged(Ljava/security/PrivilegedAction;Ljava/security/AccessControlContext;)Ljava/lang/Object; (0 bytes) @ 0x0000000004a5cd26 [0x0000000004a5ccc0+0x66]
J 3095 C1 java.awt.EventQueue$4.run()Ljava/lang/Object; (5 bytes) @ 0x00000000052bef2c [0x00000000052beb00+0x42c]
v  ~StubRoutines::call_stub
J 486  java.security.AccessController.doPrivileged(Ljava/security/PrivilegedAction;Ljava/security/AccessControlContext;)Ljava/lang/Object; (0 bytes) @ 0x0000000004a5cd26 [0x0000000004a5ccc0+0x66]
J 2334 C1 java.awt.EventQueue.dispatchEvent(Ljava/awt/AWTEvent;)V (80 bytes) @ 0x0000000004fcd03c [0x0000000004fcc1c0+0xe7c]
J 2404 C1 java.awt.EventDispatchThread.pumpOneEventForFilters(I)V (295 bytes) @ 0x00000000050150e4 [0x0000000005013580+0x1b64]
j  java.awt.EventDispatchThread.pumpEventsForFilter(ILjava/awt/Conditional;Ljava/awt/EventFilter;)V+35
j  java.awt.EventDispatchThread.pumpEventsForHierarchy(ILjava/awt/Conditional;Ljava/awt/Component;)V+11
j  java.awt.EventDispatchThread.pumpEvents(ILjava/awt/Conditional;)V+4
j  java.awt.EventDispatchThread.pumpEvents(Ljava/awt/Conditional;)V+3
j  java.awt.EventDispatchThread.run()V+9
v  ~StubRoutines::call_stub

---------------  P R O C E S S  ---------------

Java Threads: ( => current thread )
  0x00000000206ce000 JavaThread "SwingWorker-pool-2-thread-1" daemon [_thread_blocked, id=11756, stack(0x000000006a060000,0x000000006a160000)]
  0x00000000206c8800 JavaThread "Swing-Shell" daemon [_thread_blocked, id=9596, stack(0x00000000696c0000,0x00000000697c0000)]
  0x00000000206cd000 JavaThread "Image Fetcher 0" daemon [_thread_blocked, id=4524, stack(0x00000000695c0000,0x00000000696c0000)]
  0x000000001b4cc800 JavaThread "RemoteControlDatagramSocketThread" [_thread_in_native, id=13792, stack(0x0000000063fd0000,0x00000000640d0000)]
  0x000000001b4cb800 JavaThread "AEViewer.ViewLoop" [_thread_blocked, id=9416, stack(0x0000000063ed0000,0x0000000063fd0000)]
  0x000000001b4c7000 JavaThread "AEServerSocket port=8990" [_thread_in_native, id=22068, stack(0x0000000063dd0000,0x0000000063ed0000)]
  0x000000001b4cb000 JavaThread "Thread-9" daemon [_thread_blocked, id=18260, stack(0x0000000063ad0000,0x0000000063bd0000)]
  0x000000001b4c6800 JavaThread "JavaCPP Deallocator" daemon [_thread_blocked, id=12540, stack(0x00000000637d0000,0x00000000638d0000)]
  0x0000000020098800 JavaThread "Java Sound Event Dispatcher" daemon [_thread_blocked, id=22460, stack(0x0000000063300000,0x0000000063400000)]
  0x000000002007b000 JavaThread "RemoteControlDatagramSocketThread" [_thread_in_native, id=10996, stack(0x0000000062d60000,0x0000000062e60000)]
  0x000000001ffed000 JavaThread "TimerQueue" daemon [_thread_blocked, id=16500, stack(0x0000000062830000,0x0000000062930000)]
  0x000000001d9bf000 JavaThread "AWT-EventQueue-0-SharedResourceRunner" daemon [_thread_blocked, id=12928, stack(0x000000001fb90000,0x000000001fc90000)]
  0x0000000004736800 JavaThread "DestroyJavaVM" [_thread_blocked, id=8556, stack(0x00000000045b0000,0x00000000046b0000)]
=>0x000000001cc48000 JavaThread "AWT-EventQueue-0" [_thread_in_native, id=24048, stack(0x000000001d110000,0x000000001d210000)]
  0x000000001cc59800 JavaThread "AWT-Windows" daemon [_thread_in_native, id=21392, stack(0x000000001cf10000,0x000000001d010000)]
  0x000000001cc58800 JavaThread "AWT-Shutdown" [_thread_blocked, id=17612, stack(0x000000001ce10000,0x000000001cf10000)]
  0x000000001cc57800 JavaThread "Java2D Disposer" daemon [_thread_blocked, id=18084, stack(0x000000001cd10000,0x000000001ce10000)]
  0x000000001b55e000 JavaThread "Service Thread" daemon [_thread_blocked, id=5420, stack(0x000000001c1b0000,0x000000001c2b0000)]
  0x000000001b4c5800 JavaThread "C1 CompilerThread3" daemon [_thread_blocked, id=7128, stack(0x000000001c0b0000,0x000000001c1b0000)]
  0x000000001b4c8000 JavaThread "C2 CompilerThread2" daemon [_thread_blocked, id=12704, stack(0x000000001bfb0000,0x000000001c0b0000)]
  0x000000001b4ca000 JavaThread "C2 CompilerThread1" daemon [_thread_blocked, id=12472, stack(0x000000001beb0000,0x000000001bfb0000)]
  0x000000001b4c1800 JavaThread "C2 CompilerThread0" daemon [_thread_in_native, id=7512, stack(0x000000001bdb0000,0x000000001beb0000)]
  0x000000001b4bd800 JavaThread "Attach Listener" daemon [_thread_blocked, id=17856, stack(0x000000001bcb0000,0x000000001bdb0000)]
  0x00000000195de800 JavaThread "Signal Dispatcher" daemon [_thread_blocked, id=25396, stack(0x000000001bbb0000,0x000000001bcb0000)]
  0x000000001b4b0800 JavaThread "Finalizer" daemon [_thread_blocked, id=18920, stack(0x000000001b890000,0x000000001b990000)]
  0x000000000482a000 JavaThread "Reference Handler" daemon [_thread_blocked, id=9736, stack(0x000000001b390000,0x000000001b490000)]

Other Threads:
  0x00000000195c9800 VMThread [stack: 0x000000001b290000,0x000000001b390000] [id=9132]
  0x000000001b570800 WatcherThread [stack: 0x000000001c410000,0x000000001c510000] [id=25556]

VM state:not at safepoint (normal execution)

VM Mutex/Monitor currently owned by a thread: None

Heap:
 PSYoungGen      total 106496K, used 70288K [0x00000000d6f80000, 0x00000000e5880000, 0x0000000100000000)
  eden space 101376K, 69% used [0x00000000d6f80000,0x00000000db4242a8,0x00000000dd280000)
  from space 5120K, 0% used [0x00000000df180000,0x00000000df180000,0x00000000df680000)
  to   space 31744K, 0% used [0x00000000dd280000,0x00000000dd280000,0x00000000df180000)
 ParOldGen       total 150016K, used 41835K [0x0000000084e00000, 0x000000008e080000, 0x00000000d6f80000)
  object space 150016K, 27% used [0x0000000084e00000,0x00000000876daec8,0x000000008e080000)
 Metaspace       used 32030K, capacity 32432K, committed 32896K, reserved 1079296K
  class space    used 3776K, capacity 3863K, committed 3968K, reserved 1048576K

Card table byte_map: [0x0000000013bf0000,0x0000000013fd0000] byte_map_base: 0x00000000137c9000

Marking Bits: (ParMarkBitMap*) 0x0000000070baf860
 Begin Bits: [0x0000000014a70000, 0x0000000016938000)
 End Bits:   [0x0000000016938000, 0x0000000018800000)

Polling page: 0x0000000002c70000

CodeCache: size=245760Kb used=12295Kb max_used=12740Kb free=233464Kb
 bounds [0x0000000004830000, 0x00000000054b0000, 0x0000000013830000]
 total_blobs=4635 nmethods=3642 adapters=903
 compilation: enabled

Compilation events (10 events):
Event: 27.881 Thread 0x000000001b4c5800 4026       3       javax.swing.text.ParagraphView$Row::getStartOffset (40 bytes)
Event: 27.882 Thread 0x000000001b4c5800 nmethod 4026 0x0000000004c6c110 code [0x0000000004c6c2a0, 0x0000000004c6c7c8]
Event: 27.882 Thread 0x000000001b4c5800 4025       3       javax.swing.text.CompositeView::getChildAllocation (14 bytes)
Event: 27.882 Thread 0x000000001b4c5800 nmethod 4025 0x0000000004c70610 code [0x0000000004c70780, 0x0000000004c70a78]
Event: 27.882 Thread 0x000000001b4c5800 4027       3       javax.swing.text.BoxView::isAllocationValid (20 bytes)
Event: 27.882 Thread 0x000000001b4c5800 nmethod 4027 0x000000000499a250 code [0x000000000499a3a0, 0x000000000499a590]
Event: 27.882 Thread 0x000000001b4c8000 nmethod 3988 0x00000000052095d0 code [0x0000000005209780, 0x000000000520a018]
Event: 27.882 Thread 0x000000001b4c8000 4021       4       javax.swing.text.GlyphView::getPreferredSpan (138 bytes)
Event: 27.884 Thread 0x000000001b4c5800 4028   !   3       java.awt.KeyboardFocusManager::retargetFocusEvent (244 bytes)
Event: 27.891 Thread 0x000000001b4c5800 nmethod 4028 0x00000000050d1490 code [0x00000000050d1900, 0x00000000050d4858]

GC Heap History (10 events):
Event: 4.209 GC heap before
{Heap before GC invocations=5 (full 1):
 PSYoungGen      total 68608K, used 43553K [0x00000000d6f80000, 0x00000000df580000, 0x0000000100000000)
  eden space 63488K, 68% used [0x00000000d6f80000,0x00000000d9a084b8,0x00000000dad80000)
  from space 5120K, 0% used [0x00000000dad80000,0x00000000dad80000,0x00000000db280000)
  to   space 5120K, 0% used [0x00000000df080000,0x00000000df080000,0x00000000df580000)
 ParOldGen       total 56320K, used 5660K [0x0000000084e00000, 0x0000000088500000, 0x00000000d6f80000)
  object space 56320K, 10% used [0x0000000084e00000,0x00000000853872c0,0x0000000088500000)
 Metaspace       used 24838K, capacity 25124K, committed 25600K, reserved 1071104K
  class space    used 2914K, capacity 3009K, committed 3072K, reserved 1048576K
Event: 4.215 GC heap after
Heap after GC invocations=5 (full 1):
 PSYoungGen      total 97280K, used 4663K [0x00000000d6f80000, 0x00000000df580000, 0x0000000100000000)
  eden space 92160K, 0% used [0x00000000d6f80000,0x00000000d6f80000,0x00000000dc980000)
  from space 5120K, 91% used [0x00000000df080000,0x00000000df50dde0,0x00000000df580000)
  to   space 5120K, 0% used [0x00000000deb80000,0x00000000deb80000,0x00000000df080000)
 ParOldGen       total 56320K, used 5668K [0x0000000084e00000, 0x0000000088500000, 0x00000000d6f80000)
  object space 56320K, 10% used [0x0000000084e00000,0x00000000853892c0,0x0000000088500000)
 Metaspace       used 24838K, capacity 25124K, committed 25600K, reserved 1071104K
  class space    used 2914K, capacity 3009K, committed 3072K, reserved 1048576K
}
Event: 4.216 GC heap before
{Heap before GC invocations=6 (full 2):
 PSYoungGen      total 97280K, used 4663K [0x00000000d6f80000, 0x00000000df580000, 0x0000000100000000)
  eden space 92160K, 0% used [0x00000000d6f80000,0x00000000d6f80000,0x00000000dc980000)
  from space 5120K, 91% used [0x00000000df080000,0x00000000df50dde0,0x00000000df580000)
  to   space 5120K, 0% used [0x00000000deb80000,0x00000000deb80000,0x00000000df080000)
 ParOldGen       total 56320K, used 5668K [0x0000000084e00000, 0x0000000088500000, 0x00000000d6f80000)
  object space 56320K, 10% used [0x0000000084e00000,0x00000000853892c0,0x0000000088500000)
 Metaspace       used 24838K, capacity 25124K, committed 25600K, reserved 1071104K
  class space    used 2914K, capacity 3009K, committed 3072K, reserved 1048576K
Event: 4.311 GC heap after
Heap after GC invocations=6 (full 2):
 PSYoungGen      total 97280K, used 0K [0x00000000d6f80000, 0x00000000df580000, 0x0000000100000000)
  eden space 92160K, 0% used [0x00000000d6f80000,0x00000000d6f80000,0x00000000dc980000)
  from space 5120K, 0% used [0x00000000df080000,0x00000000df080000,0x00000000df580000)
  to   space 5120K, 0% used [0x00000000deb80000,0x00000000deb80000,0x00000000df080000)
 ParOldGen       total 56320K, used 9918K [0x0000000084e00000, 0x0000000088500000, 0x00000000d6f80000)
  object space 56320K, 17% used [0x0000000084e00000,0x00000000857af8a0,0x0000000088500000)
 Metaspace       used 24838K, capacity 25124K, committed 25600K, reserved 1071104K
  class space    used 2914K, capacity 3009K, committed 3072K, reserved 1048576K
}
Event: 7.251 GC heap before
{Heap before GC invocations=7 (full 2):
 PSYoungGen      total 97280K, used 89098K [0x00000000d6f80000, 0x00000000df580000, 0x0000000100000000)
  eden space 92160K, 96% used [0x00000000d6f80000,0x00000000dc682bb8,0x00000000dc980000)
  from space 5120K, 0% used [0x00000000df080000,0x00000000df080000,0x00000000df580000)
  to   space 5120K, 0% used [0x00000000deb80000,0x00000000deb80000,0x00000000df080000)
 ParOldGen       total 56320K, used 9918K [0x0000000084e00000, 0x0000000088500000, 0x00000000d6f80000)
  object space 56320K, 17% used [0x0000000084e00000,0x00000000857af8a0,0x0000000088500000)
 Metaspace       used 27383K, capacity 27652K, committed 28160K, reserved 1075200K
  class space    used 3212K, capacity 3297K, committed 3328K, reserved 1048576K
Event: 7.255 GC heap after
Heap after GC invocations=7 (full 2):
 PSYoungGen      total 132096K, used 5102K [0x00000000d6f80000, 0x00000000df680000, 0x0000000100000000)
  eden space 126976K, 0% used [0x00000000d6f80000,0x00000000d6f80000,0x00000000deb80000)
  from space 5120K, 99% used [0x00000000deb80000,0x00000000df07bbc0,0x00000000df080000)
  to   space 5120K, 0% used [0x00000000df180000,0x00000000df180000,0x00000000df680000)
 ParOldGen       total 56320K, used 10495K [0x0000000084e00000, 0x0000000088500000, 0x00000000d6f80000)
  object space 56320K, 18% used [0x0000000084e00000,0x000000008583fe90,0x0000000088500000)
 Metaspace       used 27383K, capacity 27652K, committed 28160K, reserved 1075200K
  class space    used 3212K, capacity 3297K, committed 3328K, reserved 1048576K
}
Event: 11.365 GC heap before
{Heap before GC invocations=8 (full 2):
 PSYoungGen      total 132096K, used 132078K [0x00000000d6f80000, 0x00000000df680000, 0x0000000100000000)
  eden space 126976K, 100% used [0x00000000d6f80000,0x00000000deb80000,0x00000000deb80000)
  from space 5120K, 99% used [0x00000000deb80000,0x00000000df07bbc0,0x00000000df080000)
  to   space 5120K, 0% used [0x00000000df180000,0x00000000df180000,0x00000000df680000)
 ParOldGen       total 56320K, used 10495K [0x0000000084e00000, 0x0000000088500000, 0x00000000d6f80000)
  object space 56320K, 18% used [0x0000000084e00000,0x000000008583fe90,0x0000000088500000)
 Metaspace       used 30152K, capacity 30486K, committed 31104K, reserved 1077248K
  class space    used 3556K, capacity 3656K, committed 3712K, reserved 1048576K
Event: 11.400 GC heap after
Heap after GC invocations=8 (full 2):
 PSYoungGen      total 106496K, used 5088K [0x00000000d6f80000, 0x00000000e5880000, 0x0000000100000000)
  eden space 101376K, 0% used [0x00000000d6f80000,0x00000000d6f80000,0x00000000dd280000)
  from space 5120K, 99% used [0x00000000df180000,0x00000000df678020,0x00000000df680000)
  to   space 31744K, 0% used [0x00000000dd280000,0x00000000dd280000,0x00000000df180000)
 ParOldGen       total 56320K, used 56163K [0x0000000084e00000, 0x0000000088500000, 0x00000000d6f80000)
  object space 56320K, 99% used [0x0000000084e00000,0x00000000884d8eb0,0x0000000088500000)
 Metaspace       used 30152K, capacity 30486K, committed 31104K, reserved 1077248K
  class space    used 3556K, capacity 3656K, committed 3712K, reserved 1048576K
}
Event: 11.400 GC heap before
{Heap before GC invocations=9 (full 3):
 PSYoungGen      total 106496K, used 5088K [0x00000000d6f80000, 0x00000000e5880000, 0x0000000100000000)
  eden space 101376K, 0% used [0x00000000d6f80000,0x00000000d6f80000,0x00000000dd280000)
  from space 5120K, 99% used [0x00000000df180000,0x00000000df678020,0x00000000df680000)
  to   space 31744K, 0% used [0x00000000dd280000,0x00000000dd280000,0x00000000df180000)
 ParOldGen       total 56320K, used 56163K [0x0000000084e00000, 0x0000000088500000, 0x00000000d6f80000)
  object space 56320K, 99% used [0x0000000084e00000,0x00000000884d8eb0,0x0000000088500000)
 Metaspace       used 30152K, capacity 30486K, committed 31104K, reserved 1077248K
  class space    used 3556K, capacity 3656K, committed 3712K, reserved 1048576K
Event: 11.512 GC heap after
Heap after GC invocations=9 (full 3):
 PSYoungGen      total 106496K, used 0K [0x00000000d6f80000, 0x00000000e5880000, 0x0000000100000000)
  eden space 101376K, 0% used [0x00000000d6f80000,0x00000000d6f80000,0x00000000dd280000)
  from space 5120K, 0% used [0x00000000df180000,0x00000000df180000,0x00000000df680000)
  to   space 31744K, 0% used [0x00000000dd280000,0x00000000dd280000,0x00000000df180000)
 ParOldGen       total 150016K, used 41835K [0x0000000084e00000, 0x000000008e080000, 0x00000000d6f80000)
  object space 150016K, 27% used [0x0000000084e00000,0x00000000876daec8,0x000000008e080000)
 Metaspace       used 30152K, capacity 30486K, committed 31104K, reserved 1077248K
  class space    used 3556K, capacity 3656K, committed 3712K, reserved 1048576K
}

Deoptimization events (10 events):
Event: 11.519 Thread 0x000000001cc48000 Uncommon trap: reason=array_check action=maybe_recompile pc=0x0000000004982924 method=java.util.AbstractCollection.toArray([Ljava/lang/Object;)[Ljava/lang/Object; @ 119
Event: 11.520 Thread 0x000000001cc48000 Uncommon trap: reason=array_check action=maybe_recompile pc=0x0000000004982924 method=java.util.AbstractCollection.toArray([Ljava/lang/Object;)[Ljava/lang/Object; @ 119
Event: 11.521 Thread 0x000000001cc48000 Uncommon trap: reason=array_check action=maybe_recompile pc=0x0000000004982924 method=java.util.AbstractCollection.toArray([Ljava/lang/Object;)[Ljava/lang/Object; @ 119
Event: 11.521 Thread 0x000000001cc48000 Uncommon trap: reason=array_check action=maybe_recompile pc=0x0000000004982924 method=java.util.AbstractCollection.toArray([Ljava/lang/Object;)[Ljava/lang/Object; @ 119
Event: 15.961 Thread 0x000000001cc48000 Uncommon trap: reason=predicate action=maybe_recompile pc=0x0000000004e4f104 method=java.lang.String.regionMatches(ZILjava/lang/String;II)Z @ 63
Event: 24.843 Thread 0x000000001cc48000 Uncommon trap: reason=unstable_if action=reinterpret pc=0x0000000004c14a20 method=java.util.Hashtable.get(Ljava/lang/Object;)Ljava/lang/Object; @ 48
Event: 24.844 Thread 0x000000001cc48000 Uncommon trap: reason=unstable_if action=reinterpret pc=0x0000000004d608d0 method=java.util.Hashtable.put(Ljava/lang/Object;Ljava/lang/Object;)Ljava/lang/Object; @ 63
Event: 25.134 Thread 0x000000001cc48000 Uncommon trap: reason=unstable_if action=reinterpret pc=0x0000000004ec6104 method=java.util.regex.Pattern$Start.match(Ljava/util/regex/Matcher;ILjava/lang/CharSequence;)Z @ 10
Event: 26.828 Thread 0x000000001cc48000 Uncommon trap: reason=unstable_if action=reinterpret pc=0x00000000053a9d04 method=sun.font.CMap$CMapFormat4.getGlyph(I)C @ 181
Event: 27.792 Thread 0x000000001cc48000 Uncommon trap: reason=unstable_if action=reinterpret pc=0x0000000004baec84 method=java.awt.Component.getInputContext()Ljava/awt/im/InputContext; @ 6

Classes redefined (0 events):
No events

Internal exceptions (10 events):
Event: 18.902 Thread 0x000000001b4cb800 Exception <a 'java/net/SocketTimeoutException': Receive timed out> (0x00000000d7218d50) thrown at [C:\re\workspace\8-2-build-windows-amd64-cygwin\jdk8u161\10277\hotspot\src\share\vm\prims\jni.cpp, line 735]
Event: 19.693 Thread 0x000000001b4cb800 Exception <a 'java/net/SocketTimeoutException': Receive timed out> (0x00000000d721a370) thrown at [C:\re\workspace\8-2-build-windows-amd64-cygwin\jdk8u161\10277\hotspot\src\share\vm\prims\jni.cpp, line 735]
Event: 20.487 Thread 0x000000001b4cb800 Exception <a 'java/net/SocketTimeoutException': Receive timed out> (0x00000000d721b990) thrown at [C:\re\workspace\8-2-build-windows-amd64-cygwin\jdk8u161\10277\hotspot\src\share\vm\prims\jni.cpp, line 735]
Event: 21.281 Thread 0x000000001b4cb800 Exception <a 'java/net/SocketTimeoutException': Receive timed out> (0x00000000d721cfa8) thrown at [C:\re\workspace\8-2-build-windows-amd64-cygwin\jdk8u161\10277\hotspot\src\share\vm\prims\jni.cpp, line 735]
Event: 22.073 Thread 0x000000001b4cb800 Exception <a 'java/net/SocketTimeoutException': Receive timed out> (0x00000000d721e5a8) thrown at [C:\re\workspace\8-2-build-windows-amd64-cygwin\jdk8u161\10277\hotspot\src\share\vm\prims\jni.cpp, line 735]
Event: 22.870 Thread 0x000000001b4cb800 Exception <a 'java/net/SocketTimeoutException': Receive timed out> (0x00000000d721fbc8) thrown at [C:\re\workspace\8-2-build-windows-amd64-cygwin\jdk8u161\10277\hotspot\src\share\vm\prims\jni.cpp, line 735]
Event: 23.664 Thread 0x000000001b4cb800 Exception <a 'java/net/SocketTimeoutException': Receive timed out> (0x00000000d72211e8) thrown at [C:\re\workspace\8-2-build-windows-amd64-cygwin\jdk8u161\10277\hotspot\src\share\vm\prims\jni.cpp, line 735]
Event: 24.458 Thread 0x000000001b4cb800 Exception <a 'java/net/SocketTimeoutException': Receive timed out> (0x00000000d7222808) thrown at [C:\re\workspace\8-2-build-windows-amd64-cygwin\jdk8u161\10277\hotspot\src\share\vm\prims\jni.cpp, line 735]
Event: 24.994 Thread 0x000000001cc48000 Exception <a 'java/lang/reflect/InvocationTargetException'> (0x00000000d7e64b40) thrown at [C:\re\workspace\8-2-build-windows-amd64-cygwin\jdk8u161\10277\hotspot\src\share\vm\runtime\reflection.cpp, line 1092]
Event: 27.833 Thread 0x000000001b4cb800 Exception <a 'java/lang/InterruptedException'> (0x00000000d7222c50) thrown at [C:\re\workspace\8-2-build-windows-amd64-cygwin\jdk8u161\10277\hotspot\src\share\vm\runtime\objectMonitor.cpp, line 1684]

Events (10 events):
Event: 27.860 Thread 0x000000001b4c5800 flushing nmethod 0x00000000050b4cd0
Event: 27.860 Thread 0x000000001b4c5800 flushing nmethod 0x00000000050bb6d0
Event: 27.860 Thread 0x000000001b4c5800 flushing nmethod 0x00000000050c0850
Event: 27.860 Thread 0x000000001b4c5800 flushing nmethod 0x00000000050c2890
Event: 27.860 Thread 0x000000001b4c5800 flushing nmethod 0x00000000050c5410
Event: 27.860 Thread 0x000000001b4c5800 flushing nmethod 0x00000000050cfed0
Event: 27.860 Thread 0x000000001b4c5800 flushing nmethod 0x00000000050e0fd0
Event: 27.867 Thread 0x000000001b4c5800 flushing nmethod 0x00000000052095d0
Event: 27.867 Thread 0x000000001b4c5800 flushing nmethod 0x0000000005236810
Event: 27.867 Thread 0x000000001b4c5800 flushing nmethod 0x000000000525ae10


Dynamic libraries:
0x00007ff6e5150000 - 0x00007ff6e5187000 	C:\Program Files\Java\jdk1.8.0_161\jre\bin\java.exe
0x00007ffd8f130000 - 0x00007ffd8f310000 	C:\WINDOWS\SYSTEM32\ntdll.dll
0x00007ffd8df50000 - 0x00007ffd8dffe000 	C:\WINDOWS\System32\KERNEL32.DLL
0x00007ffd8b6b0000 - 0x00007ffd8b916000 	C:\WINDOWS\System32\KERNELBASE.dll
0x00007ffd8eb00000 - 0x00007ffd8eba1000 	C:\WINDOWS\System32\ADVAPI32.dll
0x00007ffd8e870000 - 0x00007ffd8e90d000 	C:\WINDOWS\System32\msvcrt.dll
0x00007ffd8e910000 - 0x00007ffd8e96b000 	C:\WINDOWS\System32\sechost.dll
0x00007ffd8dc10000 - 0x00007ffd8dd2f000 	C:\WINDOWS\System32\RPCRT4.dll
0x00007ffd8e970000 - 0x00007ffd8eaff000 	C:\WINDOWS\System32\USER32.dll
0x00007ffd8be90000 - 0x00007ffd8beb0000 	C:\WINDOWS\System32\win32u.dll
0x00007ffd8e6c0000 - 0x00007ffd8e6e8000 	C:\WINDOWS\System32\GDI32.dll
0x00007ffd8bac0000 - 0x00007ffd8bc53000 	C:\WINDOWS\System32\gdi32full.dll
0x00007ffd8b920000 - 0x00007ffd8b9bb000 	C:\WINDOWS\System32\msvcp_win.dll
0x00007ffd8b5b0000 - 0x00007ffd8b6a6000 	C:\WINDOWS\System32\ucrtbase.dll
0x00007ffd87590000 - 0x00007ffd877f9000 	C:\WINDOWS\WinSxS\amd64_microsoft.windows.common-controls_6595b64144ccf1df_6.0.16299.431_none_15c7d3ee93659e73\COMCTL32.dll
0x00007ffd8ed50000 - 0x00007ffd8f058000 	C:\WINDOWS\System32\combase.dll
0x00007ffd8b530000 - 0x00007ffd8b5a2000 	C:\WINDOWS\System32\bcryptPrimitives.dll
0x00007ffd8ed10000 - 0x00007ffd8ed3d000 	C:\WINDOWS\System32\IMM32.DLL
0x00000000702b0000 - 0x0000000070382000 	C:\Program Files\Java\jdk1.8.0_161\jre\bin\msvcr100.dll
0x0000000070390000 - 0x0000000070c2f000 	C:\Program Files\Java\jdk1.8.0_161\jre\bin\server\jvm.dll
0x00007ffd8e860000 - 0x00007ffd8e868000 	C:\WINDOWS\System32\PSAPI.DLL
0x00007ffd88f30000 - 0x00007ffd88f53000 	C:\WINDOWS\SYSTEM32\WINMM.dll
0x00007ffd78cf0000 - 0x00007ffd78cf9000 	C:\WINDOWS\SYSTEM32\WSOCK32.dll
0x00007ffd83d50000 - 0x00007ffd83d5a000 	C:\WINDOWS\SYSTEM32\VERSION.dll
0x00007ffd8ec20000 - 0x00007ffd8ec8c000 	C:\WINDOWS\System32\WS2_32.dll
0x00007ffd88dc0000 - 0x00007ffd88dea000 	C:\WINDOWS\SYSTEM32\winmmbase.dll
0x00007ffd8b9c0000 - 0x00007ffd8ba0a000 	C:\WINDOWS\System32\cfgmgr32.dll
0x0000000071220000 - 0x0000000071258000 	C:\Program Files\Java\jdk1.8.0_161\jre\bin\splashscreen.dll
0x0000000071210000 - 0x000000007121f000 	C:\Program Files\Java\jdk1.8.0_161\jre\bin\verify.dll
0x0000000070280000 - 0x00000000702a9000 	C:\Program Files\Java\jdk1.8.0_161\jre\bin\java.dll
0x00000000711d0000 - 0x00000000711e6000 	C:\Program Files\Java\jdk1.8.0_161\jre\bin\zip.dll
0x00007ffd8c710000 - 0x00007ffd8db48000 	C:\WINDOWS\System32\SHELL32.dll
0x00007ffd8dea0000 - 0x00007ffd8df46000 	C:\WINDOWS\System32\shcore.dll
0x00007ffd8beb0000 - 0x00007ffd8c5f7000 	C:\WINDOWS\System32\windows.storage.dll
0x00007ffd8db50000 - 0x00007ffd8dba1000 	C:\WINDOWS\System32\shlwapi.dll
0x00007ffd8b4f0000 - 0x00007ffd8b501000 	C:\WINDOWS\System32\kernel.appcore.dll
0x00007ffd8b4a0000 - 0x00007ffd8b4ec000 	C:\WINDOWS\System32\powrprof.dll
0x00007ffd8b510000 - 0x00007ffd8b52b000 	C:\WINDOWS\System32\profapi.dll
0x00000000700a0000 - 0x0000000070238000 	C:\Program Files\Java\jdk1.8.0_161\jre\bin\awt.dll
0x00007ffd8e000000 - 0x00007ffd8e0c5000 	C:\WINDOWS\System32\OLEAUT32.dll
0x00007ffd89020000 - 0x00007ffd890a8000 	C:\WINDOWS\SYSTEM32\apphelp.dll
0x00007ffd891e0000 - 0x00007ffd89275000 	C:\WINDOWS\system32\uxtheme.dll
0x00007ffd8e6f0000 - 0x00007ffd8e857000 	C:\WINDOWS\System32\MSCTF.dll
0x00007ffd79200000 - 0x00007ffd792a9000 	C:\Program Files\Common Files\microsoft shared\ink\tiptsf.dll
0x00007ffd89410000 - 0x00007ffd8943a000 	C:\WINDOWS\system32\dwmapi.dll
0x00007ffd8dd30000 - 0x00007ffd8de79000 	C:\WINDOWS\System32\ole32.dll
0x00007ffd64e50000 - 0x00007ffd64f6e000 	C:\WINDOWS\system32\opengl32.dll
0x00007ffd64c40000 - 0x00007ffd64c6c000 	C:\WINDOWS\SYSTEM32\GLU32.dll
0x00007ffd8aed0000 - 0x00007ffd8aee7000 	C:\WINDOWS\SYSTEM32\CRYPTSP.dll
0x00007ffd8a910000 - 0x00007ffd8a943000 	C:\WINDOWS\system32\rsaenh.dll
0x00007ffd8afe0000 - 0x00007ffd8b005000 	C:\WINDOWS\SYSTEM32\bcrypt.dll
0x00007ffd8b380000 - 0x00007ffd8b3a9000 	C:\WINDOWS\SYSTEM32\USERENV.dll
0x00007ffd8aef0000 - 0x00007ffd8aefb000 	C:\WINDOWS\SYSTEM32\CRYPTBASE.dll
0x0000000070260000 - 0x000000007027a000 	C:\Program Files\Java\jdk1.8.0_161\jre\bin\net.dll
0x00007ffd8ad10000 - 0x00007ffd8ad76000 	C:\WINDOWS\system32\mswsock.dll
0x00007ffd8aaa0000 - 0x00007ffd8aad9000 	C:\WINDOWS\SYSTEM32\IPHLPAPI.DLL
0x00007ffd8ed40000 - 0x00007ffd8ed48000 	C:\WINDOWS\System32\NSI.dll
0x00007ffd84030000 - 0x00007ffd84046000 	C:\WINDOWS\SYSTEM32\dhcpcsvc6.DLL
0x00007ffd83f90000 - 0x00007ffd83faa000 	C:\WINDOWS\SYSTEM32\dhcpcsvc.DLL
0x0000000070240000 - 0x0000000070251000 	C:\Program Files\Java\jdk1.8.0_161\jre\bin\nio.dll
0x00000000637c0000 - 0x00000000637cd000 	C:\Users\Robin\AppData\Local\Temp\jogamp_0000\file_cache\jln1344682371732959774\jln2119941952846654536\natives\windows-amd64\gluegen-rt.dll
0x000000006ffb0000 - 0x000000006ffb7000 	C:\Program Files\Java\jdk1.8.0_161\jre\bin\jawt.dll
0x000000006a440000 - 0x000000006a44d000 	C:\Users\Robin\AppData\Local\Temp\jogamp_0000\file_cache\jln1344682371732959774\jln2119941952846654536\natives\windows-amd64\nativewindow_awt.dll
0x000000006c100000 - 0x000000006c10f000 	C:\Users\Robin\AppData\Local\Temp\jogamp_0000\file_cache\jln1344682371732959774\jln2119941952846654536\natives\windows-amd64\nativewindow_win32.dll
0x0000000064500000 - 0x00000000645b1000 	C:\Users\Robin\AppData\Local\Temp\jogamp_0000\file_cache\jln1344682371732959774\jln2119941952846654536\natives\windows-amd64\jogl_desktop.dll
0x00007ffd412a0000 - 0x00007ffd41de7000 	C:\WINDOWS\SYSTEM32\ig75icd64.dll
0x00007ffd814e0000 - 0x00007ffd81f1f000 	C:\WINDOWS\SYSTEM32\igdusc64.dll
0x00007ffd89e40000 - 0x00007ffd89e53000 	C:\WINDOWS\SYSTEM32\WTSAPI32.dll
0x00007ffd8a2e0000 - 0x00007ffd8a38f000 	C:\WINDOWS\SYSTEM32\dxgi.dll
0x00007ffd87fe0000 - 0x00007ffd882c2000 	C:\WINDOWS\SYSTEM32\d3d11.dll
0x00007ffd824e0000 - 0x00007ffd8343d000 	C:\WINDOWS\SYSTEM32\igd10iumd64.dll
0x00007ffd8afb0000 - 0x00007ffd8afd6000 	C:\WINDOWS\SYSTEM32\ncrypt.dll
0x00007ffd8af70000 - 0x00007ffd8afa6000 	C:\WINDOWS\SYSTEM32\NTASN1.dll
0x0000000070050000 - 0x0000000070097000 	C:\Program Files\Java\jdk1.8.0_161\jre\bin\fontmanager.dll
0x00007ffd8f060000 - 0x00007ffd8f0fe000 	C:\WINDOWS\System32\clbcatq.dll
0x00007ffd86420000 - 0x00007ffd865cb000 	C:\WINDOWS\SYSTEM32\WindowsCodecs.dll
0x00007ffd69120000 - 0x00007ffd6916f000 	C:\WINDOWS\system32\dataexchange.dll
0x00007ffd88970000 - 0x00007ffd88ab2000 	C:\WINDOWS\system32\dcomp.dll
0x00007ffd89500000 - 0x00007ffd8967b000 	C:\WINDOWS\system32\twinapi.appcore.dll
0x00007ffd896b0000 - 0x00007ffd896d0000 	C:\WINDOWS\system32\RMCLIENT.dll
0x0000000070000000 - 0x0000000070042000 	C:\Program Files\Java\jdk1.8.0_161\jre\bin\t2k.dll
0x000000006b600000 - 0x000000006b62f000 	C:\Users\Robin\AppData\Local\Temp\usb4java5477378655846209948.tmp\libusb-1.0.dll
0x0000000062b40000 - 0x0000000062b57000 	C:\Users\Robin\AppData\Local\Temp\usb4java5477378655846209948.tmp\libusb4java.dll
0x00007ffd8e0d0000 - 0x00007ffd8e51e000 	C:\WINDOWS\System32\SetupAPI.dll
0x00007ffd8a240000 - 0x00007ffd8a24b000 	C:\WINDOWS\SYSTEM32\WinUSB.DLL
0x00007ffd8a250000 - 0x00007ffd8a25c000 	C:\WINDOWS\SYSTEM32\hid.dll
0x00007ffd8b290000 - 0x00007ffd8b2b7000 	C:\WINDOWS\SYSTEM32\DEVOBJ.dll
0x00007ffd8bc60000 - 0x00007ffd8bcb8000 	C:\WINDOWS\System32\WINTRUST.dll
0x00007ffd8b480000 - 0x00007ffd8b492000 	C:\WINDOWS\System32\MSASN1.dll
0x00007ffd8bcc0000 - 0x00007ffd8be8e000 	C:\WINDOWS\System32\CRYPT32.dll
0x000000006af40000 - 0x000000006af71000 	C:\Users\Robin\AppData\Local\Temp\libNRJavaSerial_Robin_0\libNRJavaSerial.dll
0x000000006ffa0000 - 0x000000006ffac000 	C:\Program Files\Java\jdk1.8.0_161\jre\bin\jsound.dll
0x000000006ff90000 - 0x000000006ff9b000 	C:\Program Files\Java\jdk1.8.0_161\jre\bin\jsoundds.dll
0x00007ffd65ca0000 - 0x00007ffd65d2f000 	C:\WINDOWS\SYSTEM32\DSOUND.dll
0x00007ffd83880000 - 0x00007ffd838ef000 	C:\WINDOWS\SYSTEM32\MMDevAPI.DLL
0x00007ffd87800000 - 0x00007ffd879b1000 	C:\WINDOWS\SYSTEM32\PROPSYS.dll
0x00007ffd79b80000 - 0x00007ffd79bc2000 	C:\WINDOWS\SYSTEM32\wdmaud.drv
0x00007ffd86750000 - 0x00007ffd8675a000 	C:\WINDOWS\SYSTEM32\AVRT.dll
0x00007ffd87a40000 - 0x00007ffd87a49000 	C:\WINDOWS\SYSTEM32\ksuser.dll
0x00007ffd793c0000 - 0x00007ffd793e5000 	C:\Users\Robin\AppData\Local\Temp\jna-79133066\jna4222217243244374951.dll
0x00007ffd803b0000 - 0x00007ffd804d2000 	C:\WINDOWS\SYSTEM32\AUDIOSES.DLL
0x00007ffd86e90000 - 0x00007ffd86fc6000 	C:\WINDOWS\SYSTEM32\wintypes.dll
0x00007ffd85500000 - 0x00007ffd8550c000 	C:\WINDOWS\SYSTEM32\msacm32.drv
0x00007ffd79b60000 - 0x00007ffd79b7c000 	C:\WINDOWS\SYSTEM32\MSACM32.dll
0x00007ffd85190000 - 0x00007ffd8519a000 	C:\WINDOWS\SYSTEM32\midimap.dll
0x00007ffd606d0000 - 0x00007ffd607bf000 	C:\Users\Robin\.javacpp\cache\opencv-3.2.0-1.3-windows-x86_64.jar\org\bytedeco\javacpp\windows-x86_64\msvcr120.dll
0x00007ffd60620000 - 0x00007ffd606c6000 	C:\Users\Robin\.javacpp\cache\opencv-3.2.0-1.3-windows-x86_64.jar\org\bytedeco\javacpp\windows-x86_64\msvcp120.dll
0x00007ffd5a670000 - 0x00007ffd5a8f8000 	C:\Users\Robin\.javacpp\cache\opencv-3.2.0-1.3-windows-x86_64.jar\org\bytedeco\javacpp\windows-x86_64\opencv_core320.dll
0x00007ffd5a300000 - 0x00007ffd5a662000 	C:\Users\Robin\.javacpp\cache\opencv-3.2.0-1.3-windows-x86_64.jar\org\bytedeco\javacpp\windows-x86_64\opencv_imgproc320.dll
0x00007ffd5a0b0000 - 0x00007ffd5a2fa000 	C:\Users\Robin\.javacpp\cache\opencv-3.2.0-1.3-windows-x86_64.jar\org\bytedeco\javacpp\windows-x86_64\jniopencv_core.dll
0x00007ffd7cd70000 - 0x00007ffd7ce08000 	C:\WINDOWS\System32\TextInputFramework.dll
0x00007ffd85a60000 - 0x00007ffd85d4e000 	C:\WINDOWS\System32\CoreUIComponents.dll
0x00007ffd88890000 - 0x00007ffd8896c000 	C:\WINDOWS\System32\CoreMessaging.dll
0x00007ffd8a5b0000 - 0x00007ffd8a5e1000 	C:\WINDOWS\SYSTEM32\ntmarta.dll
0x00007ffd7ba90000 - 0x00007ffd7bc96000 	C:\Windows\System32\uiautomationcore.dll
0x00007ffd8b2e0000 - 0x00007ffd8b37a000 	C:\WINDOWS\SYSTEM32\sxs.dll
0x00007ffd839f0000 - 0x00007ffd83a5e000 	C:\Windows\System32\OLEACC.dll
0x00007ffd6bb10000 - 0x00007ffd6bb91000 	C:\WINDOWS\SYSTEM32\twinapi.dll
0x00007ffd83ca0000 - 0x00007ffd83d46000 	C:\WINDOWS\WinSxS\amd64_microsoft.windows.common-controls_6595b64144ccf1df_5.82.16299.431_none_887985224abb0026\comctl32.dll
0x00007ffd86890000 - 0x00007ffd868a9000 	C:\WINDOWS\SYSTEM32\CLDAPI.dll
0x00007ffd87450000 - 0x00007ffd8745a000 	C:\WINDOWS\SYSTEM32\FLTLIB.DLL
0x00007ffd701c0000 - 0x00007ffd70204000 	C:\WINDOWS\SYSTEM32\AEPIC.dll
0x00007ffd84550000 - 0x00007ffd84b44000 	C:\Windows\System32\OneCoreUAPCommonProxyStub.dll
0x00007ffd654a0000 - 0x00007ffd655c7000 	C:\WINDOWS\system32\NetworkExplorer.dll
0x00007ffd851b0000 - 0x00007ffd851cb000 	C:\WINDOWS\SYSTEM32\MPR.dll
0x00007ffd87410000 - 0x00007ffd8741b000 	C:\WINDOWS\System32\drprov.dll
0x00007ffd8a620000 - 0x00007ffd8a675000 	C:\WINDOWS\System32\WINSTA.dll
0x00007ffd70610000 - 0x00007ffd70626000 	C:\WINDOWS\System32\ntlanman.dll

VM Arguments:
jvm_args: -Dfile.encoding=UTF-8 -Djava.library.path=jars -Djava.util.logging.config.file=conf/Logging.properties -Dsun.java2d.noddraw=true -Dsun.java2d.opengl=false -Djogl.disable.opengles=false 
java_command: net.sf.jaer.JAERViewer
java_class_path (initial): C:\Users\Robin\Documents\GitHub\jaer\jars\USBTransferThread-0.9.6.jar;C:\Users\Robin\Documents\GitHub\jaer\jars\UsbIoJava.jar;C:\Users\Robin\Documents\GitHub\jaer\jars\ant.jar;C:\Users\Robin\Documents\GitHub\jaer\jars\openni2\org.openni.jar;C:\Users\Robin\Documents\GitHub\jaer\jars\rosjava-0.3.5.jar;C:\Users\Robin\Documents\GitHub\jaer\jars\message_generation-0.3.0.jar;C:\Users\Robin\Documents\GitHub\jaer\lib\annotations-1.0.0.jar;C:\Users\Robin\Documents\GitHub\jaer\lib\artoolkitplus-2.3.1-1.0.jar;C:\Users\Robin\Documents\GitHub\jaer\lib\bag-reader-java-1.10.0-javadoc.jar;C:\Users\Robin\Documents\GitHub\jaer\lib\bag-reader-java-1.10.0-sources.jar;C:\Users\Robin\Documents\GitHub\jaer\lib\bag-reader-java-1.10.0.jar;C:\Users\Robin\Documents\GitHub\jaer\lib\beansbinding-1.2.1.jar;C:\Users\Robin\Documents\GitHub\jaer\lib\commons-codec-1.10.jar;C:\Users\Robin\Documents\GitHub\jaer\lib\commons-compress-1.10.jar;C:\Users\Robin\Documents\GitHub\jaer\lib\commons-io-2.4.jar;C:\Users\Robin\Documents\GitHub\jaer\lib\commons-lang3-3.7-javadoc.jar;C:\Users\Robin\Documents\GitHub\jaer\lib\commons-lang3-3.7-sources.jar;C:\Users\Robin\Documents\GitHub\jaer\lib\commons-lang3-3.7.jar;C:\Users\Robin\Documents\GitHub\jaer\lib\commons-math3-3.6.1-javadoc.jar;C:\Users\Robin\Documents\GitHub\jaer\lib\commons-math3-3.6.1-sources.jar;C:\Users\Robin\Documents\GitHub\jaer\lib\commons-math3-3.6.1.jar;C:\Users\Robin\Documents\GitHub\jaer\lib\commons-net-3.6-javadoc.jar;C:\Users\Robin\Documents\GitHub\jaer\lib\commons-net-3.6-sources.jar;C:\Users\Robin\Documents\GitHub\jaer\lib\commons-net-3.6.jar;C:\Users\Robin\Documents\GitHub\jaer\lib\ffmpeg-2.7.1-1.0.jar;C:\Users\Robin\Documents\GitHub\jaer\lib\flandmark-1.07-1.0.jar;C:\Users\Robin\Documents\GitHub\jaer\lib\flycapture-2.7.3.19-1.0.jar;C:\Users\Robin\Documents\GitHub\jaer\lib\gluegen-rt-2.3.2-natives-linux-amd64.jar;C:\Users\Robin\Documents\GitHub\jaer\lib\gluegen-rt-2.3.2-natives-linux-i586.jar;C:\Users\Robin\Docu
Launcher Type: SUN_STANDARD

Environment Variables:
PATH=C:\ProgramData\Oracle\Java\javapath;C:\Program Files (x86)\Intel\iCLS Client\;C:\Program Files\Intel\iCLS Client\;C:\WINDOWS\system32;C:\WINDOWS;C:\WINDOWS\System32\Wbem;C:\WINDOWS\System32\WindowsPowerShell\v1.0\;C:\Program Files\Lenovo\Fingerprint Manager Pro\;C:\Program Files (x86)\Common Files\Lenovo;C:\ProgramData\Lenovo\ReadyApps;C:\Program Files\MATLAB\R2017a\runtime\win64;C:\Program Files\MATLAB\R2017a\bin;C:\Program Files\MiKTeX 2.9\miktex\bin\x64\;C:\Program Files (x86)\IVI Foundation\VISA\WinNT\Bin\;C:\Program Files\IVI Foundation\VISA\Win64\Bin\;C:\Program Files (x86)\IVI Foundation\VISA\WinNT\Bin;C:\Program Files (x86)\Intel\Intel(R) Management Engine Components\DAL;C:\Program Files\Intel\Intel(R) Management Engine Components\DAL;C:\Program Files (x86)\Intel\Intel(R) Management Engine Components\IPT;C:\Program Files\Intel\Intel(R) Management Engine Components\IPT;C:\Program Files\Intel\WiFi\bin\;C:\Program Files\Common Files\Intel\WirelessCommon\;C:\Users\Robin\AppData\Local\Microsoft\WindowsApps;C:\Users\Robin\AppData\Local\GitHubDesktop\bin;C:\Program Files\Intel\WiFi\bin\;C:\Program Files\Common Files\Intel\WirelessCommon\
USERNAME=Robin
OS=Windows_NT
PROCESSOR_IDENTIFIER=Intel64 Family 6 Model 60 Stepping 3, GenuineIntel



---------------  S Y S T E M  ---------------

OS: Windows 10.0 , 64 bit Build 16299 (10.0.16299.431)

CPU:total 8 (initial active 8) (4 cores per cpu, 2 threads per core) family 6 model 60 stepping 3, cmov, cx8, fxsr, mmx, sse, sse2, sse3, ssse3, sse4.1, sse4.2, popcnt, avx, avx2, aes, clmul, erms, lzcnt, ht, tsc, tscinvbit, bmi1, bmi2

Memory: 4k page, physical 8067900k(1022828k free), swap 16194364k(3110352k free)

vm_info: Java HotSpot(TM) 64-Bit Server VM (25.161-b12) for windows-amd64 JRE (1.8.0_161-b12), built on Dec 19 2017 17:52:25 by "java_re" with MS VC++ 10.0 (VS2010)

time: Wed May 30 19:42:39 2018
elapsed time: 28 seconds (0d 0h 0m 28s)

