#
# A fatal error has been detected by the Java Runtime Environment:
#
#  EXCEPTION_ACCESS_VIOLATION (0xc0000005) at pc=0x00007ffd5a2b6462, pid=23720, tid=0x00000000000034d4
#
# JRE version: Java(TM) SE Runtime Environment (8.0_161-b12) (build 1.8.0_161-b12)
# Java VM: Java HotSpot(TM) 64-Bit Server VM (25.161-b12 mixed mode windows-amd64 compressed oops)
# Problematic frame:
# C  [ig75icd64.dll+0x226462]
#
# Failed to write core dump. Minidumps are not enabled by default on client versions of Windows
#
# If you would like to submit a bug report, please visit:
#   http://bugreport.java.com/bugreport/crash.jsp
# The crash happened outside the Java Virtual Machine in native code.
# See problematic frame for where to report the bug.
#

---------------  T H R E A D  ---------------

Current thread (0x000000001d4a7800):  JavaThread "AWT-EventQueue-0" [_thread_in_native, id=13524, stack(0x000000001daf0000,0x000000001dbf0000)]

siginfo: ExceptionCode=0xc0000005, reading address 0x0000000000000028

Registers:
RAX=0x0000000069cd8e80, RBX=0x0000000000000000, RCX=0x0000000000000300, RDX=0x0000000069bfa810
RSP=0x000000001dbe5ff0, RBP=0x000000001dbe60f0, RSI=0x0000000069cebcc0, RDI=0x0000000069bfb3f0
R8 =0x0000000069eb4ba0, R9 =0x0000000000000190, R10=0x0000000000000000, R11=0x0000000000000000
R12=0x000000001dbe6ac0, R13=0x0000000069bfacb8, R14=0x0000000069cd8f30, R15=0x0000000000000000
RIP=0x00007ffd5a2b6462, EFLAGS=0x0000000000010206

Top of Stack: (sp=0x000000001dbe5ff0)
0x000000001dbe5ff0:   00007ffd40000200 0000000000000000
0x000000001dbe6000:   0000000063e59a00 000000007fffffff
0x000000001dbe6010:   0000000040006900 0000000021b1a6d8
0x000000001dbe6020:   0000000069eb4ba0 0000000021af3710
0x000000001dbe6030:   0000000021acc558 0000000000000190
0x000000001dbe6040:   0000000000000010 000000001dbe6ac0
0x000000001dbe6050:   0000000064f0c8cc 000000000000001c
0x000000001dbe6060:   0000000000000000 00000000000008ac
0x000000001dbe6070:   0000000069cd8f30 0000000000010000
0x000000001dbe6080:   0000000064f0c8ac 00000000200b6ea8
0x000000001dbe6090:   0000000200000001 0000000000000000
0x000000001dbe60a0:   ffffffff63eb2340 0000000000000000
0x000000001dbe60b0:   0000000000000000 000000006890c000
0x000000001dbe60c0:   000000000000000c 0000000064f0c8c8
0x000000001dbe60d0:   0000000064f0c000 00000000689ba038
0x000000001dbe60e0:   0000000069d668a0 00000000689ba078 

Instructions: (pc=0x00007ffd5a2b6462)
0x00007ffd5a2b6442:   89 4d d0 8b 5f 14 e9 95 04 00 00 83 78 08 00 74
0x00007ffd5a2b6452:   53 4c 8d b0 b0 00 00 00 4c 89 75 80 49 8b 5e 30
0x00007ffd5a2b6462:   48 8b 43 28 48 8b 48 20 48 8b 49 08 e8 ed bf 37
0x00007ffd5a2b6472:   00 41 89 44 24 08 8b 47 08 03 43 08 41 89 44 24 


Register to memory mapping:

RAX=0x0000000069cd8e80 is an unknown value
RBX=0x0000000000000000 is an unknown value
RCX=0x0000000000000300 is an unknown value
RDX=0x0000000069bfa810 is an unknown value
RSP=0x000000001dbe5ff0 is pointing into the stack for thread: 0x000000001d4a7800
RBP=0x000000001dbe60f0 is pointing into the stack for thread: 0x000000001d4a7800
RSI=0x0000000069cebcc0 is an unknown value
RDI=0x0000000069bfb3f0 is an unknown value
R8 =0x0000000069eb4ba0 is an unknown value
R9 =0x0000000000000190 is an unknown value
R10=0x0000000000000000 is an unknown value
R11=0x0000000000000000 is an unknown value
R12=0x000000001dbe6ac0 is pointing into the stack for thread: 0x000000001d4a7800
R13=0x0000000069bfacb8 is an unknown value
R14=0x0000000069cd8f30 is an unknown value
R15=0x0000000000000000 is an unknown value


Stack: [0x000000001daf0000,0x000000001dbf0000],  sp=0x000000001dbe5ff0,  free space=983k
Native frames: (J=compiled Java code, j=interpreted, Vv=VM code, C=native code)
C  [ig75icd64.dll+0x226462]
C  [ig75icd64.dll+0x252655]
C  [ig75icd64.dll+0x3037eb]
C  [ig75icd64.dll+0x303227]
C  [ig75icd64.dll+0x4d4914]
C  [ig75icd64.dll+0x4d5193]
C  0x00000000051f8c67

Java frames: (J=compiled Java code, j=interpreted, Vv=VM code)
j  jogamp.opengl.gl4.GL4bcImpl.dispatch_glDrawArrays1(IIIJ)V+0
j  jogamp.opengl.gl4.GL4bcImpl.glDrawArrays(III)V+45
j  com.jogamp.opengl.util.awt.TextRenderer$Pipelined_QuadRenderer.drawVertexArrays()V+209
J 3458 C1 com.jogamp.opengl.util.awt.TextRenderer$Pipelined_QuadRenderer.glVertex3f(FFF)V (52 bytes) @ 0x0000000005caf8cc [0x0000000005caf540+0x38c]
j  com.jogamp.opengl.util.awt.TextRenderer$Glyph.draw3D(FFFF)F+512
j  com.jogamp.opengl.util.awt.TextRenderer.internal_draw3D(Ljava/lang/CharSequence;FFFF)V+45
j  com.jogamp.opengl.util.awt.TextRenderer.draw3D(Ljava/lang/String;FFFF)V+8
j  com.jogamp.opengl.util.awt.TextRenderer.draw(Ljava/lang/String;II)V+8
j  ch.unizh.ini.jaer.projects.jjslam.JJSlam.annotate(Lcom/jogamp/opengl/GLAutoDrawable;)V+129
j  net.sf.jaer.graphics.ChipCanvas.drawAnnotationsIncludingEnclosed(Lnet/sf/jaer/eventprocessing/EventFilter;Lnet/sf/jaer/graphics/FrameAnnotater;Lcom/jogamp/opengl/GLAutoDrawable;)V+2
j  net.sf.jaer.graphics.ChipCanvas.annotate(Lcom/jogamp/opengl/GLAutoDrawable;)V+191
j  net.sf.jaer.graphics.ChipCanvas.display(Lcom/jogamp/opengl/GLAutoDrawable;)V+151
j  jogamp.opengl.GLDrawableHelper.displayImpl(Lcom/jogamp/opengl/GLAutoDrawable;)V+62
j  jogamp.opengl.GLDrawableHelper.display(Lcom/jogamp/opengl/GLAutoDrawable;)V+2
j  com.jogamp.opengl.awt.GLCanvas$11.run()V+118
j  jogamp.opengl.GLDrawableHelper.invokeGLImpl(Lcom/jogamp/opengl/GLDrawable;Lcom/jogamp/opengl/GLContext;Ljava/lang/Runnable;Ljava/lang/Runnable;)V+203
j  jogamp.opengl.GLDrawableHelper.invokeGL(Lcom/jogamp/opengl/GLDrawable;Lcom/jogamp/opengl/GLContext;Ljava/lang/Runnable;Ljava/lang/Runnable;)V+72
j  com.jogamp.opengl.awt.GLCanvas$12.run()V+104
j  com.jogamp.opengl.Threading.invoke(ZLjava/lang/Runnable;Ljava/lang/Object;)V+27
j  com.jogamp.opengl.awt.GLCanvas.display()V+64
j  com.jogamp.opengl.awt.GLCanvas.paint(Ljava/awt/Graphics;)V+137
j  sun.awt.RepaintArea.paintComponent(Ljava/awt/Component;Ljava/awt/Graphics;)V+6
j  sun.awt.RepaintArea.paint(Ljava/lang/Object;Z)V+326
J 3117 C1 sun.awt.windows.WComponentPeer.handleEvent(Ljava/awt/AWTEvent;)V (173 bytes) @ 0x0000000005bbb9ec [0x0000000005bbab00+0xeec]
J 2503 C1 java.awt.Component.dispatchEventImpl(Ljava/awt/AWTEvent;)V (883 bytes) @ 0x00000000059667dc [0x000000000595f300+0x74dc]
J 2461 C1 java.awt.EventQueue.dispatchEventImpl(Ljava/awt/AWTEvent;Ljava/lang/Object;)V (149 bytes) @ 0x0000000005946dbc [0x0000000005945580+0x183c]
J 2462 C1 java.awt.EventQueue$3.run()Ljava/lang/Void; (60 bytes) @ 0x000000000594814c [0x0000000005947f40+0x20c]
J 2398 C1 java.awt.EventQueue$3.run()Ljava/lang/Object; (5 bytes) @ 0x0000000005787ecc [0x0000000005787e40+0x8c]
v  ~StubRoutines::call_stub
J 485  java.security.AccessController.doPrivileged(Ljava/security/PrivilegedAction;Ljava/security/AccessControlContext;)Ljava/lang/Object; (0 bytes) @ 0x0000000005410a66 [0x0000000005410a00+0x66]
J 2526 C1 java.awt.EventQueue$4.run()Ljava/lang/Object; (5 bytes) @ 0x0000000005996cac [0x0000000005996880+0x42c]
v  ~StubRoutines::call_stub
J 485  java.security.AccessController.doPrivileged(Ljava/security/PrivilegedAction;Ljava/security/AccessControlContext;)Ljava/lang/Object; (0 bytes) @ 0x0000000005410a66 [0x0000000005410a00+0x66]
J 2394 C1 java.awt.EventQueue.dispatchEvent(Ljava/awt/AWTEvent;)V (80 bytes) @ 0x000000000591f07c [0x000000000591e200+0xe7c]
J 2403 C1 java.awt.EventDispatchThread.pumpOneEventForFilters(I)V (295 bytes) @ 0x000000000592f1a4 [0x000000000592d640+0x1b64]
j  java.awt.EventDispatchThread.pumpEventsForFilter(ILjava/awt/Conditional;Ljava/awt/EventFilter;)V+35
j  java.awt.EventDispatchThread.pumpEventsForFilter(Ljava/awt/Conditional;Ljava/awt/EventFilter;)V+4
j  java.awt.WaitDispatchSupport$2.run()V+59
j  java.awt.WaitDispatchSupport$4.run()Ljava/lang/Void;+4
j  java.awt.WaitDispatchSupport$4.run()Ljava/lang/Object;+1
v  ~StubRoutines::call_stub
J 495  java.security.AccessController.doPrivileged(Ljava/security/PrivilegedAction;)Ljava/lang/Object; (0 bytes) @ 0x000000000541cd52 [0x000000000541cd00+0x52]
j  java.awt.WaitDispatchSupport.enter()Z+325
j  java.awt.Dialog.show()V+233
j  javax.swing.JFileChooser.showDialog(Ljava/awt/Component;Ljava/lang/String;)I+60
j  javax.swing.JFileChooser.showOpenDialog(Ljava/awt/Component;)I+8
j  net.sf.jaer.graphics.AEPlayer.openAEInputFileDialog()V+177
j  net.sf.jaer.graphics.AEViewer.openMenuItemActionPerformed(Ljava/awt/event/ActionEvent;)V+4
j  net.sf.jaer.graphics.AEViewer.access$4900(Lnet/sf/jaer/graphics/AEViewer;Ljava/awt/event/ActionEvent;)V+2
j  net.sf.jaer.graphics.AEViewer$21.actionPerformed(Ljava/awt/event/ActionEvent;)V+5
j  javax.swing.AbstractButton.fireActionPerformed(Ljava/awt/event/ActionEvent;)V+83
j  javax.swing.AbstractButton$Handler.actionPerformed(Ljava/awt/event/ActionEvent;)V+5
j  javax.swing.DefaultButtonModel.fireActionPerformed(Ljava/awt/event/ActionEvent;)V+34
j  javax.swing.DefaultButtonModel.setPressed(Z)V+117
j  javax.swing.AbstractButton.doClick(I)V+64
j  javax.swing.plaf.basic.BasicMenuItemUI.doClick(Ljavax/swing/MenuSelectionManager;)V+53
j  javax.swing.plaf.basic.BasicMenuItemUI$Handler.mouseReleased(Ljava/awt/event/MouseEvent;)V+76
j  java.awt.AWTEventMulticaster.mouseReleased(Ljava/awt/event/MouseEvent;)V+8
J 3630 C1 java.awt.Component.processMouseEvent(Ljava/awt/event/MouseEvent;)V (100 bytes) @ 0x0000000005d8e5fc [0x0000000005d8e260+0x39c]
j  javax.swing.JComponent.processMouseEvent(Ljava/awt/event/MouseEvent;)V+23
J 3075 C1 java.awt.Component.processEvent(Ljava/awt/AWTEvent;)V (220 bytes) @ 0x0000000005ba1944 [0x0000000005ba1420+0x524]
J 3166 C1 java.awt.Container.processEvent(Ljava/awt/AWTEvent;)V (22 bytes) @ 0x0000000005bd848c [0x0000000005bd8160+0x32c]
J 2503 C1 java.awt.Component.dispatchEventImpl(Ljava/awt/AWTEvent;)V (883 bytes) @ 0x0000000005964804 [0x000000000595f300+0x5504]
J 3078 C1 java.awt.Container.dispatchEventImpl(Ljava/awt/AWTEvent;)V (129 bytes) @ 0x0000000005ba5d84 [0x0000000005ba5c40+0x144]
J 3208 C1 java.awt.LightweightDispatcher.retargetMouseEvent(Ljava/awt/Component;ILjava/awt/event/MouseEvent;)V (350 bytes) @ 0x0000000005c0206c [0x0000000005bffb00+0x256c]
J 3341 C1 java.awt.LightweightDispatcher.processMouseEvent(Ljava/awt/event/MouseEvent;)Z (286 bytes) @ 0x0000000005c6224c [0x0000000005c60b40+0x170c]
J 3200 C1 java.awt.LightweightDispatcher.dispatchEvent(Ljava/awt/AWTEvent;)Z (73 bytes) @ 0x0000000005bf443c [0x0000000005bf4000+0x43c]
J 3078 C1 java.awt.Container.dispatchEventImpl(Ljava/awt/AWTEvent;)V (129 bytes) @ 0x0000000005ba5d24 [0x0000000005ba5c40+0xe4]
J 3204 C1 java.awt.Window.dispatchEventImpl(Ljava/awt/AWTEvent;)V (23 bytes) @ 0x0000000005bfde24 [0x0000000005bfd840+0x5e4]
J 2461 C1 java.awt.EventQueue.dispatchEventImpl(Ljava/awt/AWTEvent;Ljava/lang/Object;)V (149 bytes) @ 0x0000000005946dbc [0x0000000005945580+0x183c]
J 2462 C1 java.awt.EventQueue$3.run()Ljava/lang/Void; (60 bytes) @ 0x000000000594814c [0x0000000005947f40+0x20c]
J 2398 C1 java.awt.EventQueue$3.run()Ljava/lang/Object; (5 bytes) @ 0x0000000005787ecc [0x0000000005787e40+0x8c]
v  ~StubRoutines::call_stub
J 485  java.security.AccessController.doPrivileged(Ljava/security/PrivilegedAction;Ljava/security/AccessControlContext;)Ljava/lang/Object; (0 bytes) @ 0x0000000005410a66 [0x0000000005410a00+0x66]
J 2526 C1 java.awt.EventQueue$4.run()Ljava/lang/Object; (5 bytes) @ 0x0000000005996cac [0x0000000005996880+0x42c]
v  ~StubRoutines::call_stub
J 485  java.security.AccessController.doPrivileged(Ljava/security/PrivilegedAction;Ljava/security/AccessControlContext;)Ljava/lang/Object; (0 bytes) @ 0x0000000005410a66 [0x0000000005410a00+0x66]
J 2394 C1 java.awt.EventQueue.dispatchEvent(Ljava/awt/AWTEvent;)V (80 bytes) @ 0x000000000591f07c [0x000000000591e200+0xe7c]
J 2403 C1 java.awt.EventDispatchThread.pumpOneEventForFilters(I)V (295 bytes) @ 0x000000000592f1a4 [0x000000000592d640+0x1b64]
j  java.awt.EventDispatchThread.pumpEventsForFilter(ILjava/awt/Conditional;Ljava/awt/EventFilter;)V+35
j  java.awt.EventDispatchThread.pumpEventsForHierarchy(ILjava/awt/Conditional;Ljava/awt/Component;)V+11
j  java.awt.EventDispatchThread.pumpEvents(ILjava/awt/Conditional;)V+4
j  java.awt.EventDispatchThread.pumpEvents(Ljava/awt/Conditional;)V+3
j  java.awt.EventDispatchThread.run()V+9
v  ~StubRoutines::call_stub

---------------  P R O C E S S  ---------------

Java Threads: ( => current thread )
  0x000000001bfc9000 JavaThread "Swing-Shell" daemon [_thread_blocked, id=396, stack(0x000000006a450000,0x000000006a550000)]
  0x0000000020d85000 JavaThread "Image Fetcher 0" daemon [_thread_blocked, id=16420, stack(0x000000006a2c0000,0x000000006a3c0000)]
  0x0000000020d89800 JavaThread "RemoteControlDatagramSocketThread" [_thread_in_native, id=11608, stack(0x0000000068dc0000,0x0000000068ec0000)]
  0x0000000020d87000 JavaThread "AEViewer.ViewLoop" [_thread_blocked, id=24404, stack(0x0000000068cc0000,0x0000000068dc0000)]
  0x0000000020d82800 JavaThread "AEServerSocket port=8990" [_thread_in_native, id=3080, stack(0x0000000068bc0000,0x0000000068cc0000)]
  0x0000000020d88000 JavaThread "Thread-9" daemon [_thread_blocked, id=24616, stack(0x00000000687c0000,0x00000000688c0000)]
  0x0000000020d85800 JavaThread "JavaCPP Deallocator" daemon [_thread_blocked, id=12740, stack(0x0000000064370000,0x0000000064470000)]
  0x0000000020d84000 JavaThread "Java Sound Event Dispatcher" daemon [_thread_blocked, id=13868, stack(0x0000000063f70000,0x0000000064070000)]
  0x0000000020d58800 JavaThread "RemoteControlDatagramSocketThread" [_thread_in_native, id=10900, stack(0x00000000639d0000,0x0000000063ad0000)]
  0x0000000020c41000 JavaThread "TimerQueue" daemon [_thread_blocked, id=21160, stack(0x0000000063430000,0x0000000063530000)]
  0x000000001e12b000 JavaThread "AWT-EventQueue-0-SharedResourceRunner" daemon [_thread_blocked, id=16312, stack(0x00000000208b0000,0x00000000209b0000)]
  0x00000000050e6800 JavaThread "DestroyJavaVM" [_thread_blocked, id=15880, stack(0x0000000004fa0000,0x00000000050a0000)]
=>0x000000001d4a7800 JavaThread "AWT-EventQueue-0" [_thread_in_native, id=13524, stack(0x000000001daf0000,0x000000001dbf0000)]
  0x000000001d4a7000 JavaThread "AWT-Windows" daemon [_thread_in_native, id=19556, stack(0x000000001d900000,0x000000001da00000)]
  0x000000001d444000 JavaThread "AWT-Shutdown" [_thread_blocked, id=4504, stack(0x000000001d800000,0x000000001d900000)]
  0x000000001d53f800 JavaThread "Java2D Disposer" daemon [_thread_blocked, id=11712, stack(0x000000001d700000,0x000000001d800000)]
  0x000000001bf48000 JavaThread "Service Thread" daemon [_thread_blocked, id=25220, stack(0x000000001cba0000,0x000000001cca0000)]
  0x000000001bebb800 JavaThread "C1 CompilerThread3" daemon [_thread_blocked, id=21332, stack(0x000000001caa0000,0x000000001cba0000)]
  0x000000001beb8800 JavaThread "C2 CompilerThread2" daemon [_thread_blocked, id=14920, stack(0x000000001c9a0000,0x000000001caa0000)]
  0x000000001beb7800 JavaThread "C2 CompilerThread1" daemon [_thread_blocked, id=22896, stack(0x000000001c8a0000,0x000000001c9a0000)]
  0x000000001beb3800 JavaThread "C2 CompilerThread0" daemon [_thread_blocked, id=23204, stack(0x000000001c7a0000,0x000000001c8a0000)]
  0x000000001beaf800 JavaThread "Attach Listener" daemon [_thread_blocked, id=10780, stack(0x000000001c6a0000,0x000000001c7a0000)]
  0x000000001beae800 JavaThread "Signal Dispatcher" daemon [_thread_blocked, id=16212, stack(0x000000001c5a0000,0x000000001c6a0000)]
  0x000000001bea0800 JavaThread "Finalizer" daemon [_thread_blocked, id=17780, stack(0x000000001c280000,0x000000001c380000)]
  0x00000000051da000 JavaThread "Reference Handler" daemon [_thread_blocked, id=23496, stack(0x000000001bd80000,0x000000001be80000)]

Other Threads:
  0x0000000019f79800 VMThread [stack: 0x000000001bc80000,0x000000001bd80000] [id=16532]
  0x000000001bf5a000 WatcherThread [stack: 0x000000001ce00000,0x000000001cf00000] [id=21324]

VM state:not at safepoint (normal execution)

VM Mutex/Monitor currently owned by a thread: None

Heap:
 PSYoungGen      total 91648K, used 6533K [0x00000000d6f80000, 0x00000000df580000, 0x0000000100000000)
  eden space 69120K, 5% used [0x00000000d6f80000,0x00000000d7327218,0x00000000db300000)
  from space 22528K, 12% used [0x00000000db300000,0x00000000db5ba380,0x00000000dc900000)
  to   space 22528K, 0% used [0x00000000ddf80000,0x00000000ddf80000,0x00000000df580000)
 ParOldGen       total 138240K, used 40961K [0x0000000084e00000, 0x000000008d500000, 0x00000000d6f80000)
  object space 138240K, 29% used [0x0000000084e00000,0x0000000087600490,0x000000008d500000)
 Metaspace       used 31788K, capacity 32114K, committed 32512K, reserved 1077248K
  class space    used 3745K, capacity 3826K, committed 3840K, reserved 1048576K

Card table byte_map: [0x00000000145a0000,0x0000000014980000] byte_map_base: 0x0000000014179000

Marking Bits: (ParMarkBitMap*) 0x0000000070baf860
 Begin Bits: [0x0000000015420000, 0x00000000172e8000)
 End Bits:   [0x00000000172e8000, 0x00000000191b0000)

Polling page: 0x0000000003200000

CodeCache: size=245760Kb used=12381Kb max_used=12402Kb free=233378Kb
 bounds [0x00000000051e0000, 0x0000000005e10000, 0x00000000141e0000]
 total_blobs=4533 nmethods=3528 adapters=915
 compilation: enabled

Compilation events (10 events):
Event: 61.233 Thread 0x000000001bebb800 nmethod 3847 0x00000000059ecd10 code [0x00000000059ecf20, 0x00000000059edad8]
Event: 61.233 Thread 0x000000001bebb800 3848       3       com.jogamp.opengl.util.awt.TextureRenderer::getTexture (54 bytes)
Event: 61.234 Thread 0x000000001bebb800 nmethod 3848 0x0000000005597710 code [0x00000000055978c0, 0x0000000005597c98]
Event: 61.238 Thread 0x000000001bebb800 3849       3       com.jogamp.opengl.util.awt.TextRenderer$CharacterCache::valueOf (17 bytes)
Event: 61.238 Thread 0x000000001beb7800 3853       4       java.nio.DirectFloatBufferU::put (17 bytes)
Event: 61.238 Thread 0x000000001beb3800 3854       4       java.util.Formatter$Conversion::isGeneral (64 bytes)
Event: 61.240 Thread 0x000000001bebb800 nmethod 3849 0x00000000059da790 code [0x00000000059da920, 0x00000000059dacb0]
Event: 61.240 Thread 0x000000001bebb800 3850       3       com.jogamp.opengl.util.awt.TextRenderer$GlyphProducer::getGlyph (92 bytes)
Event: 61.241 Thread 0x000000001beb7800 nmethod 3853 0x000000000559de10 code [0x000000000559df40, 0x000000000559dff8]
Event: 61.242 Thread 0x000000001beb3800 nmethod 3854 0x0000000005436410 code [0x0000000005436740, 0x00000000054367b8]

GC Heap History (10 events):
Event: 6.217 GC heap before
{Heap before GC invocations=8 (full 2):
 PSYoungGen      total 50176K, used 46080K [0x00000000d6f80000, 0x00000000db300000, 0x0000000100000000)
  eden space 46080K, 100% used [0x00000000d6f80000,0x00000000d9c80000,0x00000000d9c80000)
  from space 4096K, 0% used [0x00000000dad00000,0x00000000dad00000,0x00000000db100000)
  to   space 2048K, 0% used [0x00000000db100000,0x00000000db100000,0x00000000db300000)
 ParOldGen       total 54784K, used 9219K [0x0000000084e00000, 0x0000000088380000, 0x00000000d6f80000)
  object space 54784K, 16% used [0x0000000084e00000,0x0000000085700c60,0x0000000088380000)
 Metaspace       used 27090K, capacity 27364K, committed 27904K, reserved 1073152K
  class space    used 3188K, capacity 3265K, committed 3328K, reserved 1048576K
Event: 6.222 GC heap after
Heap after GC invocations=8 (full 2):
 PSYoungGen      total 62464K, used 2045K [0x00000000d6f80000, 0x00000000dbd80000, 0x0000000100000000)
  eden space 60416K, 0% used [0x00000000d6f80000,0x00000000d6f80000,0x00000000daa80000)
  from space 2048K, 99% used [0x00000000db100000,0x00000000db2ff6c0,0x00000000db300000)
  to   space 6656K, 0% used [0x00000000daa80000,0x00000000daa80000,0x00000000db100000)
 ParOldGen       total 54784K, used 13367K [0x0000000084e00000, 0x0000000088380000, 0x00000000d6f80000)
  object space 54784K, 24% used [0x0000000084e00000,0x0000000085b0dfd8,0x0000000088380000)
 Metaspace       used 27090K, capacity 27364K, committed 27904K, reserved 1073152K
  class space    used 3188K, capacity 3265K, committed 3328K, reserved 1048576K
}
Event: 9.051 GC heap before
{Heap before GC invocations=9 (full 2):
 PSYoungGen      total 62464K, used 59215K [0x00000000d6f80000, 0x00000000dbd80000, 0x0000000100000000)
  eden space 60416K, 94% used [0x00000000d6f80000,0x00000000da754550,0x00000000daa80000)
  from space 2048K, 99% used [0x00000000db100000,0x00000000db2ff6c0,0x00000000db300000)
  to   space 6656K, 0% used [0x00000000daa80000,0x00000000daa80000,0x00000000db100000)
 ParOldGen       total 54784K, used 13367K [0x0000000084e00000, 0x0000000088380000, 0x00000000d6f80000)
  object space 54784K, 24% used [0x0000000084e00000,0x0000000085b0dfd8,0x0000000088380000)
 Metaspace       used 27391K, capacity 27652K, committed 28160K, reserved 1075200K
  class space    used 3212K, capacity 3297K, committed 3328K, reserved 1048576K
Event: 9.060 GC heap after
Heap after GC invocations=9 (full 2):
 PSYoungGen      total 67072K, used 6173K [0x00000000d6f80000, 0x00000000dd000000, 0x0000000100000000)
  eden space 60416K, 0% used [0x00000000d6f80000,0x00000000d6f80000,0x00000000daa80000)
  from space 6656K, 92% used [0x00000000daa80000,0x00000000db0876b0,0x00000000db100000)
  to   space 7168K, 0% used [0x00000000dc900000,0x00000000dc900000,0x00000000dd000000)
 ParOldGen       total 54784K, used 21567K [0x0000000084e00000, 0x0000000088380000, 0x00000000d6f80000)
  object space 54784K, 39% used [0x0000000084e00000,0x000000008630fff8,0x0000000088380000)
 Metaspace       used 27391K, capacity 27652K, committed 28160K, reserved 1075200K
  class space    used 3212K, capacity 3297K, committed 3328K, reserved 1048576K
}
Event: 21.868 GC heap before
{Heap before GC invocations=10 (full 2):
 PSYoungGen      total 67072K, used 66589K [0x00000000d6f80000, 0x00000000dd000000, 0x0000000100000000)
  eden space 60416K, 100% used [0x00000000d6f80000,0x00000000daa80000,0x00000000daa80000)
  from space 6656K, 92% used [0x00000000daa80000,0x00000000db0876b0,0x00000000db100000)
  to   space 7168K, 0% used [0x00000000dc900000,0x00000000dc900000,0x00000000dd000000)
 ParOldGen       total 54784K, used 21567K [0x0000000084e00000, 0x0000000088380000, 0x00000000d6f80000)
  object space 54784K, 39% used [0x0000000084e00000,0x000000008630fff8,0x0000000088380000)
 Metaspace       used 30109K, capacity 30516K, committed 30848K, reserved 1077248K
  class space    used 3557K, capacity 3661K, committed 3712K, reserved 1048576K
Event: 21.895 GC heap after
Heap after GC invocations=10 (full 2):
 PSYoungGen      total 76288K, used 7153K [0x00000000d6f80000, 0x00000000deb00000, 0x0000000100000000)
  eden space 69120K, 0% used [0x00000000d6f80000,0x00000000d6f80000,0x00000000db300000)
  from space 7168K, 99% used [0x00000000dc900000,0x00000000dcffc6d0,0x00000000dd000000)
  to   space 22528K, 0% used [0x00000000db300000,0x00000000db300000,0x00000000dc900000)
 ParOldGen       total 59392K, used 55307K [0x0000000084e00000, 0x0000000088800000, 0x00000000d6f80000)
  object space 59392K, 93% used [0x0000000084e00000,0x0000000088402ce0,0x0000000088800000)
 Metaspace       used 30109K, capacity 30516K, committed 30848K, reserved 1077248K
  class space    used 3557K, capacity 3661K, committed 3712K, reserved 1048576K
}
Event: 21.895 GC heap before
{Heap before GC invocations=11 (full 3):
 PSYoungGen      total 76288K, used 7153K [0x00000000d6f80000, 0x00000000deb00000, 0x0000000100000000)
  eden space 69120K, 0% used [0x00000000d6f80000,0x00000000d6f80000,0x00000000db300000)
  from space 7168K, 99% used [0x00000000dc900000,0x00000000dcffc6d0,0x00000000dd000000)
  to   space 22528K, 0% used [0x00000000db300000,0x00000000db300000,0x00000000dc900000)
 ParOldGen       total 59392K, used 55307K [0x0000000084e00000, 0x0000000088800000, 0x00000000d6f80000)
  object space 59392K, 93% used [0x0000000084e00000,0x0000000088402ce0,0x0000000088800000)
 Metaspace       used 30109K, capacity 30516K, committed 30848K, reserved 1077248K
  class space    used 3557K, capacity 3661K, committed 3712K, reserved 1048576K
Event: 22.018 GC heap after
Heap after GC invocations=11 (full 3):
 PSYoungGen      total 76288K, used 0K [0x00000000d6f80000, 0x00000000deb00000, 0x0000000100000000)
  eden space 69120K, 0% used [0x00000000d6f80000,0x00000000d6f80000,0x00000000db300000)
  from space 7168K, 0% used [0x00000000dc900000,0x00000000dc900000,0x00000000dd000000)
  to   space 22528K, 0% used [0x00000000db300000,0x00000000db300000,0x00000000dc900000)
 ParOldGen       total 138240K, used 40953K [0x0000000084e00000, 0x000000008d500000, 0x00000000d6f80000)
  object space 138240K, 29% used [0x0000000084e00000,0x00000000875fe490,0x000000008d500000)
 Metaspace       used 30109K, capacity 30516K, committed 30848K, reserved 1077248K
  class space    used 3557K, capacity 3661K, committed 3712K, reserved 1048576K
}
Event: 61.079 GC heap before
{Heap before GC invocations=12 (full 3):
 PSYoungGen      total 76288K, used 69050K [0x00000000d6f80000, 0x00000000deb00000, 0x0000000100000000)
  eden space 69120K, 99% used [0x00000000d6f80000,0x00000000db2ee8d8,0x00000000db300000)
  from space 7168K, 0% used [0x00000000dc900000,0x00000000dc900000,0x00000000dd000000)
  to   space 22528K, 0% used [0x00000000db300000,0x00000000db300000,0x00000000dc900000)
 ParOldGen       total 138240K, used 40953K [0x0000000084e00000, 0x000000008d500000, 0x00000000d6f80000)
  object space 138240K, 29% used [0x0000000084e00000,0x00000000875fe490,0x000000008d500000)
 Metaspace       used 31730K, capacity 32114K, committed 32512K, reserved 1077248K
  class space    used 3744K, capacity 3826K, committed 3840K, reserved 1048576K
Event: 61.091 GC heap after
Heap after GC invocations=12 (full 3):
 PSYoungGen      total 91648K, used 2792K [0x00000000d6f80000, 0x00000000df580000, 0x0000000100000000)
  eden space 69120K, 0% used [0x00000000d6f80000,0x00000000d6f80000,0x00000000db300000)
  from space 22528K, 12% used [0x00000000db300000,0x00000000db5ba380,0x00000000dc900000)
  to   space 22528K, 0% used [0x00000000ddf80000,0x00000000ddf80000,0x00000000df580000)
 ParOldGen       total 138240K, used 40961K [0x0000000084e00000, 0x000000008d500000, 0x00000000d6f80000)
  object space 138240K, 29% used [0x0000000084e00000,0x0000000087600490,0x000000008d500000)
 Metaspace       used 31730K, capacity 32114K, committed 32512K, reserved 1077248K
  class space    used 3744K, capacity 3826K, committed 3840K, reserved 1048576K
}

Deoptimization events (10 events):
Event: 35.148 Thread 0x000000001d4a7800 Uncommon trap: reason=unstable_if action=reinterpret pc=0x00000000058591c4 method=java.util.regex.Pattern$Start.match(Ljava/util/regex/Matcher;ILjava/lang/CharSequence;)Z @ 10
Event: 60.268 Thread 0x000000001d4a7800 Uncommon trap: reason=unstable_if action=reinterpret pc=0x0000000005d1cd18 method=javax.swing.UIDefaults$TextAndMnemonicHashMap.get(Ljava/lang/Object;)Ljava/lang/Object; @ 7
Event: 60.312 Thread 0x000000001bfc9000 Uncommon trap: reason=class_check action=maybe_recompile pc=0x0000000005c6372c method=java.util.concurrent.locks.AbstractQueuedSynchronizer.release(I)Z @ 2
Event: 60.313 Thread 0x000000001bfc9000 Uncommon trap: reason=class_check action=maybe_recompile pc=0x0000000005c6372c method=java.util.concurrent.locks.AbstractQueuedSynchronizer.release(I)Z @ 2
Event: 60.314 Thread 0x000000001bfc9000 Uncommon trap: reason=class_check action=maybe_recompile pc=0x0000000005c6372c method=java.util.concurrent.locks.AbstractQueuedSynchronizer.release(I)Z @ 2
Event: 60.315 Thread 0x000000001bfc9000 Uncommon trap: reason=class_check action=maybe_recompile pc=0x0000000005c6372c method=java.util.concurrent.locks.AbstractQueuedSynchronizer.release(I)Z @ 2
Event: 60.424 Thread 0x000000001d4a7800 Uncommon trap: reason=array_check action=maybe_recompile pc=0x0000000005b290a4 method=java.util.AbstractCollection.toArray([Ljava/lang/Object;)[Ljava/lang/Object; @ 119
Event: 60.747 Thread 0x000000001d4a7800 Uncommon trap: reason=unstable_if action=reinterpret pc=0x00000000055c0c20 method=java.util.Hashtable.get(Ljava/lang/Object;)Ljava/lang/Object; @ 48
Event: 60.747 Thread 0x000000001d4a7800 Uncommon trap: reason=unstable_if action=reinterpret pc=0x000000000570677c method=java.util.Hashtable.put(Ljava/lang/Object;Ljava/lang/Object;)Ljava/lang/Object; @ 63
Event: 61.040 Thread 0x000000001d4a7800 Uncommon trap: reason=unstable_if action=reinterpret pc=0x0000000005d07984 method=sun.font.CMap$CMapFormat4.getGlyph(I)C @ 181

Classes redefined (0 events):
No events

Internal exceptions (10 events):
Event: 54.093 Thread 0x0000000020d87000 Exception <a 'java/net/SocketTimeoutException': Receive timed out> (0x00000000dac7a018) thrown at [C:\re\workspace\8-2-build-windows-amd64-cygwin\jdk8u161\10277\hotspot\src\share\vm\prims\jni.cpp, line 735]
Event: 54.897 Thread 0x0000000020d87000 Exception <a 'java/net/SocketTimeoutException': Receive timed out> (0x00000000dac7b638) thrown at [C:\re\workspace\8-2-build-windows-amd64-cygwin\jdk8u161\10277\hotspot\src\share\vm\prims\jni.cpp, line 735]
Event: 55.689 Thread 0x0000000020d87000 Exception <a 'java/net/SocketTimeoutException': Receive timed out> (0x00000000dac7cc58) thrown at [C:\re\workspace\8-2-build-windows-amd64-cygwin\jdk8u161\10277\hotspot\src\share\vm\prims\jni.cpp, line 735]
Event: 56.483 Thread 0x0000000020d87000 Exception <a 'java/net/SocketTimeoutException': Receive timed out> (0x00000000dac7e278) thrown at [C:\re\workspace\8-2-build-windows-amd64-cygwin\jdk8u161\10277\hotspot\src\share\vm\prims\jni.cpp, line 735]
Event: 57.275 Thread 0x0000000020d87000 Exception <a 'java/net/SocketTimeoutException': Receive timed out> (0x00000000dac7f898) thrown at [C:\re\workspace\8-2-build-windows-amd64-cygwin\jdk8u161\10277\hotspot\src\share\vm\prims\jni.cpp, line 735]
Event: 58.065 Thread 0x0000000020d87000 Exception <a 'java/net/SocketTimeoutException': Receive timed out> (0x00000000dac80eb8) thrown at [C:\re\workspace\8-2-build-windows-amd64-cygwin\jdk8u161\10277\hotspot\src\share\vm\prims\jni.cpp, line 735]
Event: 58.858 Thread 0x0000000020d87000 Exception <a 'java/net/SocketTimeoutException': Receive timed out> (0x00000000dac824d8) thrown at [C:\re\workspace\8-2-build-windows-amd64-cygwin\jdk8u161\10277\hotspot\src\share\vm\prims\jni.cpp, line 735]
Event: 59.660 Thread 0x0000000020d87000 Exception <a 'java/net/SocketTimeoutException': Receive timed out> (0x00000000dac83af8) thrown at [C:\re\workspace\8-2-build-windows-amd64-cygwin\jdk8u161\10277\hotspot\src\share\vm\prims\jni.cpp, line 735]
Event: 60.469 Thread 0x0000000020d87000 Exception <a 'java/net/SocketTimeoutException': Receive timed out> (0x00000000dac85118) thrown at [C:\re\workspace\8-2-build-windows-amd64-cygwin\jdk8u161\10277\hotspot\src\share\vm\prims\jni.cpp, line 735]
Event: 61.032 Thread 0x000000001d4a7800 Exception <a 'java/lang/reflect/InvocationTargetException'> (0x00000000db15d048) thrown at [C:\re\workspace\8-2-build-windows-amd64-cygwin\jdk8u161\10277\hotspot\src\share\vm\runtime\reflection.cpp, line 1092]

Events (10 events):
Event: 61.116 Thread 0x000000001bebb800 flushing nmethod 0x00000000059d5a90
Event: 61.116 Thread 0x000000001bebb800 flushing nmethod 0x00000000059da5d0
Event: 61.116 Thread 0x000000001bebb800 flushing nmethod 0x00000000059db750
Event: 61.116 Thread 0x000000001bebb800 flushing nmethod 0x00000000059dd350
Event: 61.116 Thread 0x000000001bebb800 flushing nmethod 0x00000000059e5190
Event: 61.116 Thread 0x000000001bebb800 flushing nmethod 0x00000000059eca50
Event: 61.116 Thread 0x000000001bebb800 flushing nmethod 0x00000000059f9a50
Event: 61.116 Thread 0x000000001bebb800 flushing nmethod 0x0000000005a26e90
Event: 61.147 loading class javax/swing/text/JTextComponent$InputMethodRequestsHandler
Event: 61.147 loading class javax/swing/text/JTextComponent$InputMethodRequestsHandler done


Dynamic libraries:
0x00007ff6e5150000 - 0x00007ff6e5187000 	C:\Program Files\Java\jdk1.8.0_161\jre\bin\java.exe
0x00007ffd8f130000 - 0x00007ffd8f310000 	C:\WINDOWS\SYSTEM32\ntdll.dll
0x00007ffd8df50000 - 0x00007ffd8dffe000 	C:\WINDOWS\System32\KERNEL32.DLL
0x00007ffd8b6b0000 - 0x00007ffd8b916000 	C:\WINDOWS\System32\KERNELBASE.dll
0x00007ffd8eb00000 - 0x00007ffd8eba1000 	C:\WINDOWS\System32\ADVAPI32.dll
0x00007ffd8e870000 - 0x00007ffd8e90d000 	C:\WINDOWS\System32\msvcrt.dll
0x00007ffd8e910000 - 0x00007ffd8e96b000 	C:\WINDOWS\System32\sechost.dll
0x00007ffd8dc10000 - 0x00007ffd8dd2f000 	C:\WINDOWS\System32\RPCRT4.dll
0x00007ffd8e970000 - 0x00007ffd8eaff000 	C:\WINDOWS\System32\USER32.dll
0x00007ffd8be90000 - 0x00007ffd8beb0000 	C:\WINDOWS\System32\win32u.dll
0x00007ffd8e6c0000 - 0x00007ffd8e6e8000 	C:\WINDOWS\System32\GDI32.dll
0x00007ffd8bac0000 - 0x00007ffd8bc53000 	C:\WINDOWS\System32\gdi32full.dll
0x00007ffd8b920000 - 0x00007ffd8b9bb000 	C:\WINDOWS\System32\msvcp_win.dll
0x00007ffd8b5b0000 - 0x00007ffd8b6a6000 	C:\WINDOWS\System32\ucrtbase.dll
0x00007ffd87590000 - 0x00007ffd877f9000 	C:\WINDOWS\WinSxS\amd64_microsoft.windows.common-controls_6595b64144ccf1df_6.0.16299.431_none_15c7d3ee93659e73\COMCTL32.dll
0x00007ffd8ed50000 - 0x00007ffd8f058000 	C:\WINDOWS\System32\combase.dll
0x00007ffd8b530000 - 0x00007ffd8b5a2000 	C:\WINDOWS\System32\bcryptPrimitives.dll
0x00007ffd8ed10000 - 0x00007ffd8ed3d000 	C:\WINDOWS\System32\IMM32.DLL
0x00000000702b0000 - 0x0000000070382000 	C:\Program Files\Java\jdk1.8.0_161\jre\bin\msvcr100.dll
0x0000000070390000 - 0x0000000070c2f000 	C:\Program Files\Java\jdk1.8.0_161\jre\bin\server\jvm.dll
0x00007ffd8e860000 - 0x00007ffd8e868000 	C:\WINDOWS\System32\PSAPI.DLL
0x00007ffd78cf0000 - 0x00007ffd78cf9000 	C:\WINDOWS\SYSTEM32\WSOCK32.dll
0x00007ffd88f30000 - 0x00007ffd88f53000 	C:\WINDOWS\SYSTEM32\WINMM.dll
0x00007ffd83d50000 - 0x00007ffd83d5a000 	C:\WINDOWS\SYSTEM32\VERSION.dll
0x00007ffd8ec20000 - 0x00007ffd8ec8c000 	C:\WINDOWS\System32\WS2_32.dll
0x00007ffd88dc0000 - 0x00007ffd88dea000 	C:\WINDOWS\SYSTEM32\WINMMBASE.dll
0x00007ffd8b9c0000 - 0x00007ffd8ba0a000 	C:\WINDOWS\System32\cfgmgr32.dll
0x0000000071220000 - 0x0000000071258000 	C:\Program Files\Java\jdk1.8.0_161\jre\bin\splashscreen.dll
0x0000000071210000 - 0x000000007121f000 	C:\Program Files\Java\jdk1.8.0_161\jre\bin\verify.dll
0x0000000070280000 - 0x00000000702a9000 	C:\Program Files\Java\jdk1.8.0_161\jre\bin\java.dll
0x00000000711d0000 - 0x00000000711e6000 	C:\Program Files\Java\jdk1.8.0_161\jre\bin\zip.dll
0x00007ffd8c710000 - 0x00007ffd8db48000 	C:\WINDOWS\System32\SHELL32.dll
0x00007ffd8dea0000 - 0x00007ffd8df46000 	C:\WINDOWS\System32\shcore.dll
0x00007ffd8beb0000 - 0x00007ffd8c5f7000 	C:\WINDOWS\System32\windows.storage.dll
0x00007ffd8db50000 - 0x00007ffd8dba1000 	C:\WINDOWS\System32\shlwapi.dll
0x00007ffd8b4f0000 - 0x00007ffd8b501000 	C:\WINDOWS\System32\kernel.appcore.dll
0x00007ffd8b4a0000 - 0x00007ffd8b4ec000 	C:\WINDOWS\System32\powrprof.dll
0x00007ffd8b510000 - 0x00007ffd8b52b000 	C:\WINDOWS\System32\profapi.dll
0x00000000700a0000 - 0x0000000070238000 	C:\Program Files\Java\jdk1.8.0_161\jre\bin\awt.dll
0x00007ffd8e000000 - 0x00007ffd8e0c5000 	C:\WINDOWS\System32\OLEAUT32.dll
0x00007ffd89020000 - 0x00007ffd890a8000 	C:\WINDOWS\SYSTEM32\apphelp.dll
0x00007ffd891e0000 - 0x00007ffd89275000 	C:\WINDOWS\system32\uxtheme.dll
0x00007ffd8e6f0000 - 0x00007ffd8e857000 	C:\WINDOWS\System32\MSCTF.dll
0x00007ffd79200000 - 0x00007ffd792a9000 	C:\Program Files\Common Files\microsoft shared\ink\tiptsf.dll
0x00007ffd89410000 - 0x00007ffd8943a000 	C:\WINDOWS\system32\dwmapi.dll
0x00007ffd8dd30000 - 0x00007ffd8de79000 	C:\WINDOWS\System32\ole32.dll
0x00007ffd64e50000 - 0x00007ffd64f6e000 	C:\WINDOWS\system32\opengl32.dll
0x00007ffd64c40000 - 0x00007ffd64c6c000 	C:\WINDOWS\SYSTEM32\GLU32.dll
0x00007ffd8aed0000 - 0x00007ffd8aee7000 	C:\WINDOWS\SYSTEM32\CRYPTSP.dll
0x00007ffd8a910000 - 0x00007ffd8a943000 	C:\WINDOWS\system32\rsaenh.dll
0x00007ffd8afe0000 - 0x00007ffd8b005000 	C:\WINDOWS\SYSTEM32\bcrypt.dll
0x00007ffd8b380000 - 0x00007ffd8b3a9000 	C:\WINDOWS\SYSTEM32\USERENV.dll
0x00007ffd8aef0000 - 0x00007ffd8aefb000 	C:\WINDOWS\SYSTEM32\CRYPTBASE.dll
0x0000000070260000 - 0x000000007027a000 	C:\Program Files\Java\jdk1.8.0_161\jre\bin\net.dll
0x00007ffd8ad10000 - 0x00007ffd8ad76000 	C:\WINDOWS\system32\mswsock.dll
0x00007ffd8aaa0000 - 0x00007ffd8aad9000 	C:\WINDOWS\SYSTEM32\IPHLPAPI.DLL
0x00007ffd8ed40000 - 0x00007ffd8ed48000 	C:\WINDOWS\System32\NSI.dll
0x00007ffd84030000 - 0x00007ffd84046000 	C:\WINDOWS\SYSTEM32\dhcpcsvc6.DLL
0x00007ffd83f90000 - 0x00007ffd83faa000 	C:\WINDOWS\SYSTEM32\dhcpcsvc.DLL
0x0000000070240000 - 0x0000000070251000 	C:\Program Files\Java\jdk1.8.0_161\jre\bin\nio.dll
0x00000000637c0000 - 0x00000000637cd000 	C:\Users\Robin\AppData\Local\Temp\jogamp_0000\file_cache\jln8720192219849005305\jln8256255425698798637\natives\windows-amd64\gluegen-rt.dll
0x000000006ff70000 - 0x000000006ff77000 	C:\Program Files\Java\jdk1.8.0_161\jre\bin\jawt.dll
0x000000006a440000 - 0x000000006a44d000 	C:\Users\Robin\AppData\Local\Temp\jogamp_0000\file_cache\jln8720192219849005305\jln8256255425698798637\natives\windows-amd64\nativewindow_awt.dll
0x000000006c100000 - 0x000000006c10f000 	C:\Users\Robin\AppData\Local\Temp\jogamp_0000\file_cache\jln8720192219849005305\jln8256255425698798637\natives\windows-amd64\nativewindow_win32.dll
0x0000000064500000 - 0x00000000645b1000 	C:\Users\Robin\AppData\Local\Temp\jogamp_0000\file_cache\jln8720192219849005305\jln8256255425698798637\natives\windows-amd64\jogl_desktop.dll
0x00007ffd5a090000 - 0x00007ffd5abd7000 	C:\WINDOWS\SYSTEM32\ig75icd64.dll
0x00007ffd814e0000 - 0x00007ffd81f1f000 	C:\WINDOWS\SYSTEM32\igdusc64.dll
0x00007ffd89e40000 - 0x00007ffd89e53000 	C:\WINDOWS\SYSTEM32\WTSAPI32.dll
0x00007ffd8a2e0000 - 0x00007ffd8a38f000 	C:\WINDOWS\SYSTEM32\dxgi.dll
0x00007ffd87fe0000 - 0x00007ffd882c2000 	C:\WINDOWS\SYSTEM32\d3d11.dll
0x00007ffd824e0000 - 0x00007ffd8343d000 	C:\WINDOWS\SYSTEM32\igd10iumd64.dll
0x00007ffd8afb0000 - 0x00007ffd8afd6000 	C:\WINDOWS\SYSTEM32\ncrypt.dll
0x00007ffd8af70000 - 0x00007ffd8afa6000 	C:\WINDOWS\SYSTEM32\NTASN1.dll
0x0000000070050000 - 0x0000000070097000 	C:\Program Files\Java\jdk1.8.0_161\jre\bin\fontmanager.dll
0x00007ffd8f060000 - 0x00007ffd8f0fe000 	C:\WINDOWS\System32\clbcatq.dll
0x00007ffd86420000 - 0x00007ffd865cb000 	C:\WINDOWS\SYSTEM32\WindowsCodecs.dll
0x00007ffd69120000 - 0x00007ffd6916f000 	C:\WINDOWS\system32\dataexchange.dll
0x00007ffd88970000 - 0x00007ffd88ab2000 	C:\WINDOWS\system32\dcomp.dll
0x00007ffd89500000 - 0x00007ffd8967b000 	C:\WINDOWS\system32\twinapi.appcore.dll
0x00007ffd896b0000 - 0x00007ffd896d0000 	C:\WINDOWS\system32\RMCLIENT.dll
0x0000000070000000 - 0x0000000070042000 	C:\Program Files\Java\jdk1.8.0_161\jre\bin\t2k.dll
0x000000006b600000 - 0x000000006b62f000 	C:\Users\Robin\AppData\Local\Temp\usb4java4671434621015033788.tmp\libusb-1.0.dll
0x0000000021eb0000 - 0x0000000021ec7000 	C:\Users\Robin\AppData\Local\Temp\usb4java4671434621015033788.tmp\libusb4java.dll
0x00007ffd8e0d0000 - 0x00007ffd8e51e000 	C:\WINDOWS\System32\SetupAPI.dll
0x00007ffd8a240000 - 0x00007ffd8a24b000 	C:\WINDOWS\SYSTEM32\WinUSB.DLL
0x00007ffd8a250000 - 0x00007ffd8a25c000 	C:\WINDOWS\SYSTEM32\hid.dll
0x00007ffd8b290000 - 0x00007ffd8b2b7000 	C:\WINDOWS\SYSTEM32\DEVOBJ.dll
0x00007ffd8bc60000 - 0x00007ffd8bcb8000 	C:\WINDOWS\System32\WINTRUST.dll
0x00007ffd8b480000 - 0x00007ffd8b492000 	C:\WINDOWS\System32\MSASN1.dll
0x00007ffd8bcc0000 - 0x00007ffd8be8e000 	C:\WINDOWS\System32\CRYPT32.dll
0x000000006af40000 - 0x000000006af71000 	C:\Users\Robin\AppData\Local\Temp\libNRJavaSerial_Robin_0\libNRJavaSerial.dll
0x000000006ff60000 - 0x000000006ff6c000 	C:\Program Files\Java\jdk1.8.0_161\jre\bin\jsound.dll
0x000000006ff50000 - 0x000000006ff5b000 	C:\Program Files\Java\jdk1.8.0_161\jre\bin\jsoundds.dll
0x00007ffd79420000 - 0x00007ffd794af000 	C:\WINDOWS\SYSTEM32\DSOUND.dll
0x00007ffd83880000 - 0x00007ffd838ef000 	C:\WINDOWS\SYSTEM32\MMDevAPI.DLL
0x00007ffd87800000 - 0x00007ffd879b1000 	C:\WINDOWS\SYSTEM32\PROPSYS.dll
0x00007ffd79b80000 - 0x00007ffd79bc2000 	C:\WINDOWS\SYSTEM32\wdmaud.drv
0x00007ffd87a40000 - 0x00007ffd87a49000 	C:\WINDOWS\SYSTEM32\ksuser.dll
0x00007ffd86750000 - 0x00007ffd8675a000 	C:\WINDOWS\SYSTEM32\AVRT.dll
0x00007ffd803b0000 - 0x00007ffd804d2000 	C:\WINDOWS\SYSTEM32\AUDIOSES.DLL
0x00007ffd86e90000 - 0x00007ffd86fc6000 	C:\WINDOWS\SYSTEM32\wintypes.dll
0x00007ffd793f0000 - 0x00007ffd79415000 	C:\Users\Robin\AppData\Local\Temp\jna-79133066\jna1286545882900972641.dll
0x00007ffd85500000 - 0x00007ffd8550c000 	C:\WINDOWS\SYSTEM32\msacm32.drv
0x00007ffd79b60000 - 0x00007ffd79b7c000 	C:\WINDOWS\SYSTEM32\MSACM32.dll
0x00007ffd85190000 - 0x00007ffd8519a000 	C:\WINDOWS\SYSTEM32\midimap.dll
0x00007ffd65c40000 - 0x00007ffd65d2f000 	C:\Users\Robin\.javacpp\cache\opencv-3.2.0-1.3-windows-x86_64.jar\org\bytedeco\javacpp\windows-x86_64\msvcr120.dll
0x00007ffd5e5b0000 - 0x00007ffd5e656000 	C:\Users\Robin\.javacpp\cache\opencv-3.2.0-1.3-windows-x86_64.jar\org\bytedeco\javacpp\windows-x86_64\msvcp120.dll
0x00007ffd54ee0000 - 0x00007ffd55168000 	C:\Users\Robin\.javacpp\cache\opencv-3.2.0-1.3-windows-x86_64.jar\org\bytedeco\javacpp\windows-x86_64\opencv_core320.dll
0x00007ffd52f70000 - 0x00007ffd532d2000 	C:\Users\Robin\.javacpp\cache\opencv-3.2.0-1.3-windows-x86_64.jar\org\bytedeco\javacpp\windows-x86_64\opencv_imgproc320.dll
0x00007ffd54760000 - 0x00007ffd549aa000 	C:\Users\Robin\.javacpp\cache\opencv-3.2.0-1.3-windows-x86_64.jar\org\bytedeco\javacpp\windows-x86_64\jniopencv_core.dll
0x00007ffd7cd70000 - 0x00007ffd7ce08000 	C:\WINDOWS\System32\TextInputFramework.dll
0x00007ffd88890000 - 0x00007ffd8896c000 	C:\WINDOWS\System32\CoreMessaging.dll
0x00007ffd85a60000 - 0x00007ffd85d4e000 	C:\WINDOWS\System32\CoreUIComponents.dll
0x00007ffd8a5b0000 - 0x00007ffd8a5e1000 	C:\WINDOWS\SYSTEM32\ntmarta.dll
0x00007ffd7ba90000 - 0x00007ffd7bc96000 	C:\Windows\System32\uiautomationcore.dll
0x00007ffd8b2e0000 - 0x00007ffd8b37a000 	C:\WINDOWS\SYSTEM32\sxs.dll
0x00007ffd839f0000 - 0x00007ffd83a5e000 	C:\Windows\System32\OLEACC.dll
0x00007ffd6bb10000 - 0x00007ffd6bb91000 	C:\WINDOWS\SYSTEM32\twinapi.dll
0x00007ffd83ca0000 - 0x00007ffd83d46000 	C:\WINDOWS\WinSxS\amd64_microsoft.windows.common-controls_6595b64144ccf1df_5.82.16299.431_none_887985224abb0026\comctl32.dll
0x00007ffd86890000 - 0x00007ffd868a9000 	C:\WINDOWS\SYSTEM32\CLDAPI.dll
0x00007ffd87450000 - 0x00007ffd8745a000 	C:\WINDOWS\SYSTEM32\FLTLIB.DLL
0x00007ffd701c0000 - 0x00007ffd70204000 	C:\WINDOWS\SYSTEM32\AEPIC.dll
0x00007ffd84550000 - 0x00007ffd84b44000 	C:\Windows\System32\OneCoreUAPCommonProxyStub.dll
0x00007ffd654a0000 - 0x00007ffd655c7000 	C:\WINDOWS\system32\NetworkExplorer.dll
0x00007ffd851b0000 - 0x00007ffd851cb000 	C:\WINDOWS\SYSTEM32\MPR.dll
0x00007ffd87410000 - 0x00007ffd8741b000 	C:\WINDOWS\System32\drprov.dll
0x00007ffd8a620000 - 0x00007ffd8a675000 	C:\WINDOWS\System32\WINSTA.dll
0x00007ffd70610000 - 0x00007ffd70626000 	C:\WINDOWS\System32\ntlanman.dll

VM Arguments:
jvm_args: -Dfile.encoding=UTF-8 -Djava.library.path=jars -Djava.util.logging.config.file=conf/Logging.properties -Dsun.java2d.noddraw=true -Dsun.java2d.opengl=false -Djogl.disable.opengles=false 
java_command: net.sf.jaer.JAERViewer
java_class_path (initial): C:\Users\Robin\Documents\GitHub\jaer\jars\USBTransferThread-0.9.6.jar;C:\Users\Robin\Documents\GitHub\jaer\jars\UsbIoJava.jar;C:\Users\Robin\Documents\GitHub\jaer\jars\ant.jar;C:\Users\Robin\Documents\GitHub\jaer\jars\openni2\org.openni.jar;C:\Users\Robin\Documents\GitHub\jaer\jars\rosjava-0.3.5.jar;C:\Users\Robin\Documents\GitHub\jaer\jars\message_generation-0.3.0.jar;C:\Users\Robin\Documents\GitHub\jaer\lib\annotations-1.0.0.jar;C:\Users\Robin\Documents\GitHub\jaer\lib\artoolkitplus-2.3.1-1.0.jar;C:\Users\Robin\Documents\GitHub\jaer\lib\bag-reader-java-1.10.0-javadoc.jar;C:\Users\Robin\Documents\GitHub\jaer\lib\bag-reader-java-1.10.0-sources.jar;C:\Users\Robin\Documents\GitHub\jaer\lib\bag-reader-java-1.10.0.jar;C:\Users\Robin\Documents\GitHub\jaer\lib\beansbinding-1.2.1.jar;C:\Users\Robin\Documents\GitHub\jaer\lib\commons-codec-1.10.jar;C:\Users\Robin\Documents\GitHub\jaer\lib\commons-compress-1.10.jar;C:\Users\Robin\Documents\GitHub\jaer\lib\commons-io-2.4.jar;C:\Users\Robin\Documents\GitHub\jaer\lib\commons-lang3-3.7-javadoc.jar;C:\Users\Robin\Documents\GitHub\jaer\lib\commons-lang3-3.7-sources.jar;C:\Users\Robin\Documents\GitHub\jaer\lib\commons-lang3-3.7.jar;C:\Users\Robin\Documents\GitHub\jaer\lib\commons-math3-3.6.1-javadoc.jar;C:\Users\Robin\Documents\GitHub\jaer\lib\commons-math3-3.6.1-sources.jar;C:\Users\Robin\Documents\GitHub\jaer\lib\commons-math3-3.6.1.jar;C:\Users\Robin\Documents\GitHub\jaer\lib\commons-net-3.6-javadoc.jar;C:\Users\Robin\Documents\GitHub\jaer\lib\commons-net-3.6-sources.jar;C:\Users\Robin\Documents\GitHub\jaer\lib\commons-net-3.6.jar;C:\Users\Robin\Documents\GitHub\jaer\lib\ffmpeg-2.7.1-1.0.jar;C:\Users\Robin\Documents\GitHub\jaer\lib\flandmark-1.07-1.0.jar;C:\Users\Robin\Documents\GitHub\jaer\lib\flycapture-2.7.3.19-1.0.jar;C:\Users\Robin\Documents\GitHub\jaer\lib\gluegen-rt-2.3.2-natives-linux-amd64.jar;C:\Users\Robin\Documents\GitHub\jaer\lib\gluegen-rt-2.3.2-natives-linux-i586.jar;C:\Users\Robin\Docu
Launcher Type: SUN_STANDARD

Environment Variables:
PATH=C:\ProgramData\Oracle\Java\javapath;C:\Program Files (x86)\Intel\iCLS Client\;C:\Program Files\Intel\iCLS Client\;C:\WINDOWS\system32;C:\WINDOWS;C:\WINDOWS\System32\Wbem;C:\WINDOWS\System32\WindowsPowerShell\v1.0\;C:\Program Files\Lenovo\Fingerprint Manager Pro\;C:\Program Files (x86)\Common Files\Lenovo;C:\ProgramData\Lenovo\ReadyApps;C:\Program Files\MATLAB\R2017a\runtime\win64;C:\Program Files\MATLAB\R2017a\bin;C:\Program Files\MiKTeX 2.9\miktex\bin\x64\;C:\Program Files (x86)\IVI Foundation\VISA\WinNT\Bin\;C:\Program Files\IVI Foundation\VISA\Win64\Bin\;C:\Program Files (x86)\IVI Foundation\VISA\WinNT\Bin;C:\Program Files (x86)\Intel\Intel(R) Management Engine Components\DAL;C:\Program Files\Intel\Intel(R) Management Engine Components\DAL;C:\Program Files (x86)\Intel\Intel(R) Management Engine Components\IPT;C:\Program Files\Intel\Intel(R) Management Engine Components\IPT;C:\Program Files\Intel\WiFi\bin\;C:\Program Files\Common Files\Intel\WirelessCommon\;C:\Users\Robin\AppData\Local\Microsoft\WindowsApps;C:\Users\Robin\AppData\Local\GitHubDesktop\bin;C:\Program Files\Intel\WiFi\bin\;C:\Program Files\Common Files\Intel\WirelessCommon\
USERNAME=Robin
OS=Windows_NT
PROCESSOR_IDENTIFIER=Intel64 Family 6 Model 60 Stepping 3, GenuineIntel



---------------  S Y S T E M  ---------------

OS: Windows 10.0 , 64 bit Build 16299 (10.0.16299.431)

CPU:total 8 (initial active 8) (4 cores per cpu, 2 threads per core) family 6 model 60 stepping 3, cmov, cx8, fxsr, mmx, sse, sse2, sse3, ssse3, sse4.1, sse4.2, popcnt, avx, avx2, aes, clmul, erms, lzcnt, ht, tsc, tscinvbit, bmi1, bmi2

Memory: 4k page, physical 8067900k(884428k free), swap 16194364k(2990936k free)

vm_info: Java HotSpot(TM) 64-Bit Server VM (25.161-b12) for windows-amd64 JRE (1.8.0_161-b12), built on Dec 19 2017 17:52:25 by "java_re" with MS VC++ 10.0 (VS2010)

time: Wed May 30 19:36:56 2018
elapsed time: 61 seconds (0d 0h 1m 1s)

