#
# A fatal error has been detected by the Java Runtime Environment:
#
#  EXCEPTION_ACCESS_VIOLATION (0xc0000005) at pc=0x00007ffd5a2b6462, pid=23976, tid=0x0000000000005d74
#
# JRE version: Java(TM) SE Runtime Environment (8.0_161-b12) (build 1.8.0_161-b12)
# Java VM: Java HotSpot(TM) 64-Bit Server VM (25.161-b12 mixed mode windows-amd64 compressed oops)
# Problematic frame:
# C  [ig75icd64.dll+0x226462]
#
# Failed to write core dump. Minidumps are not enabled by default on client versions of Windows
#
# If you would like to submit a bug report, please visit:
#   http://bugreport.java.com/bugreport/crash.jsp
# The crash happened outside the Java Virtual Machine in native code.
# See problematic frame for where to report the bug.
#

---------------  T H R E A D  ---------------

Current thread (0x000000001cb0d000):  JavaThread "AWT-EventQueue-0" [_thread_in_native, id=23924, stack(0x000000001d200000,0x000000001d300000)]

siginfo: ExceptionCode=0xc0000005, reading address 0x0000000000000028

Registers:
RAX=0x00000000693c2240, RBX=0x0000000000000000, RCX=0x0000000000000300, RDX=0x0000000062026f70
RSP=0x000000001d2f92a0, RBP=0x000000001d2f93a0, RSI=0x0000000061f770c0, RDI=0x0000000062027b50
R8 =0x00000000693ee000, R9 =0x0000000000000190, R10=0x0000000000000000, R11=0x0000000000000000
R12=0x000000001d2f9d70, R13=0x0000000062027418, R14=0x00000000693c22f0, R15=0x0000000000000000
RIP=0x00007ffd5a2b6462, EFLAGS=0x0000000000010206

Top of Stack: (sp=0x000000001d2f92a0)
0x000000001d2f92a0:   0000000000000000 00007ffd63c4f120
0x000000001d2f92b0:   000014ac622a1768 00007ffd63c45638
0x000000001d2f92c0:   000000001f60daa8 0000000062a808e0
0x000000001d2f92d0:   00000000693ee000 00000000699834d8
0x000000001d2f92e0:   000014ac20e8c558 0000000000000190
0x000000001d2f92f0:   0000000000000010 000000001d2f9d70
0x000000001d2f9300:   0000000064799884 000000000000001c
0x000000001d2f9310:   0000000000000000 0000000000002864
0x000000001d2f9320:   00000000693c22f0 0000000000010000
0x000000001d2f9330:   0000000064799864 0000000002b68ba8
0x000000001d2f9340:   0000000000000000 0000000000000000
0x000000001d2f9350:   0000000063293cf0 0000000069982248
0x000000001d2f9360:   0000000000000000 00000000620c09e8
0x000000001d2f9370:   0000000063293700 0000000064799880
0x000000001d2f9380:   0000000000000000 0000000663cba260
0x000000001d2f9390:   0000000063cc0338 0000000063cba2a0 

Instructions: (pc=0x00007ffd5a2b6462)
0x00007ffd5a2b6442:   89 4d d0 8b 5f 14 e9 95 04 00 00 83 78 08 00 74
0x00007ffd5a2b6452:   53 4c 8d b0 b0 00 00 00 4c 89 75 80 49 8b 5e 30
0x00007ffd5a2b6462:   48 8b 43 28 48 8b 48 20 48 8b 49 08 e8 ed bf 37
0x00007ffd5a2b6472:   00 41 89 44 24 08 8b 47 08 03 43 08 41 89 44 24 


Register to memory mapping:

RAX=0x00000000693c2240 is an unknown value
RBX=0x0000000000000000 is an unknown value
RCX=0x0000000000000300 is an unknown value
RDX=0x0000000062026f70 is an unknown value
RSP=0x000000001d2f92a0 is pointing into the stack for thread: 0x000000001cb0d000
RBP=0x000000001d2f93a0 is pointing into the stack for thread: 0x000000001cb0d000
RSI=0x0000000061f770c0 is an unknown value
RDI=0x0000000062027b50 is an unknown value
R8 =0x00000000693ee000 is an unknown value
R9 =0x0000000000000190 is an unknown value
R10=0x0000000000000000 is an unknown value
R11=0x0000000000000000 is an unknown value
R12=0x000000001d2f9d70 is pointing into the stack for thread: 0x000000001cb0d000
R13=0x0000000062027418 is an unknown value
R14=0x00000000693c22f0 is an unknown value
R15=0x0000000000000000 is an unknown value


Stack: [0x000000001d200000,0x000000001d300000],  sp=0x000000001d2f92a0,  free space=996k
Native frames: (J=compiled Java code, j=interpreted, Vv=VM code, C=native code)
C  [ig75icd64.dll+0x226462]
C  [ig75icd64.dll+0x252655]
C  [ig75icd64.dll+0x3037eb]
C  [ig75icd64.dll+0x303227]
C  [ig75icd64.dll+0x4d4914]
C  [ig75icd64.dll+0x4d5193]
C  0x0000000004888c67

Java frames: (J=compiled Java code, j=interpreted, Vv=VM code)
j  jogamp.opengl.gl4.GL4bcImpl.dispatch_glDrawArrays1(IIIJ)V+0
j  jogamp.opengl.gl4.GL4bcImpl.glDrawArrays(III)V+45
j  com.jogamp.opengl.util.awt.TextRenderer$Pipelined_QuadRenderer.drawVertexArrays()V+209
J 3557 C1 com.jogamp.opengl.util.awt.TextRenderer$Pipelined_QuadRenderer.glVertex3f(FFF)V (52 bytes) @ 0x0000000004ff430c [0x0000000004ff3f80+0x38c]
J 3596 C1 com.jogamp.opengl.util.awt.TextRenderer$Glyph.draw3D(FFFF)F (530 bytes) @ 0x0000000005381584 [0x000000000537e7a0+0x2de4]
j  com.jogamp.opengl.util.awt.TextRenderer.internal_draw3D(Ljava/lang/CharSequence;FFFF)V+45
j  com.jogamp.opengl.util.awt.TextRenderer.draw3D(Ljava/lang/String;FFFF)V+8
j  com.jogamp.opengl.util.awt.TextRenderer.draw(Ljava/lang/String;II)V+8
j  ch.unizh.ini.jaer.projects.jjslam.JJSlam.annotate(Lcom/jogamp/opengl/GLAutoDrawable;)V+129
j  net.sf.jaer.graphics.ChipCanvas.drawAnnotationsIncludingEnclosed(Lnet/sf/jaer/eventprocessing/EventFilter;Lnet/sf/jaer/graphics/FrameAnnotater;Lcom/jogamp/opengl/GLAutoDrawable;)V+2
j  net.sf.jaer.graphics.ChipCanvas.annotate(Lcom/jogamp/opengl/GLAutoDrawable;)V+191
j  net.sf.jaer.graphics.ChipCanvas.display(Lcom/jogamp/opengl/GLAutoDrawable;)V+151
j  jogamp.opengl.GLDrawableHelper.displayImpl(Lcom/jogamp/opengl/GLAutoDrawable;)V+62
j  jogamp.opengl.GLDrawableHelper.display(Lcom/jogamp/opengl/GLAutoDrawable;)V+2
j  com.jogamp.opengl.awt.GLCanvas$11.run()V+118
j  jogamp.opengl.GLDrawableHelper.invokeGLImpl(Lcom/jogamp/opengl/GLDrawable;Lcom/jogamp/opengl/GLContext;Ljava/lang/Runnable;Ljava/lang/Runnable;)V+203
j  jogamp.opengl.GLDrawableHelper.invokeGL(Lcom/jogamp/opengl/GLDrawable;Lcom/jogamp/opengl/GLContext;Ljava/lang/Runnable;Ljava/lang/Runnable;)V+72
j  com.jogamp.opengl.awt.GLCanvas$12.run()V+104
j  com.jogamp.opengl.Threading.invoke(ZLjava/lang/Runnable;Ljava/lang/Object;)V+27
j  com.jogamp.opengl.awt.GLCanvas.display()V+64
j  com.jogamp.opengl.awt.GLCanvas.paint(Ljava/awt/Graphics;)V+137
j  sun.awt.RepaintArea.paintComponent(Ljava/awt/Component;Ljava/awt/Graphics;)V+6
j  sun.awt.RepaintArea.paint(Ljava/lang/Object;Z)V+326
J 2671 C1 sun.awt.windows.WComponentPeer.handleEvent(Ljava/awt/AWTEvent;)V (173 bytes) @ 0x000000000512056c [0x000000000511f680+0xeec]
J 2600 C1 java.awt.Component.dispatchEventImpl(Ljava/awt/AWTEvent;)V (883 bytes) @ 0x00000000050da1dc [0x00000000050d2d00+0x74dc]
J 2393 C1 java.awt.EventQueue.dispatchEventImpl(Ljava/awt/AWTEvent;Ljava/lang/Object;)V (149 bytes) @ 0x00000000050533bc [0x0000000005051b80+0x183c]
J 2391 C1 java.awt.EventQueue$3.run()Ljava/lang/Void; (60 bytes) @ 0x0000000005036d8c [0x0000000005036b80+0x20c]
J 2390 C1 java.awt.EventQueue$3.run()Ljava/lang/Object; (5 bytes) @ 0x00000000050398cc [0x0000000005039840+0x8c]
v  ~StubRoutines::call_stub
J 486  java.security.AccessController.doPrivileged(Ljava/security/PrivilegedAction;Ljava/security/AccessControlContext;)Ljava/lang/Object; (0 bytes) @ 0x0000000004aa6de6 [0x0000000004aa6d80+0x66]
J 2655 C1 java.awt.EventQueue$4.run()Ljava/lang/Object; (5 bytes) @ 0x0000000005116f6c [0x0000000005116b40+0x42c]
v  ~StubRoutines::call_stub
J 486  java.security.AccessController.doPrivileged(Ljava/security/PrivilegedAction;Ljava/security/AccessControlContext;)Ljava/lang/Object; (0 bytes) @ 0x0000000004aa6de6 [0x0000000004aa6d80+0x66]
J 2326 C1 java.awt.EventQueue.dispatchEvent(Ljava/awt/AWTEvent;)V (80 bytes) @ 0x000000000501513c [0x00000000050142c0+0xe7c]
J 2402 C1 java.awt.EventDispatchThread.pumpOneEventForFilters(I)V (295 bytes) @ 0x0000000005066ba4 [0x0000000005065040+0x1b64]
j  java.awt.EventDispatchThread.pumpEventsForFilter(ILjava/awt/Conditional;Ljava/awt/EventFilter;)V+35
j  java.awt.EventDispatchThread.pumpEventsForHierarchy(ILjava/awt/Conditional;Ljava/awt/Component;)V+11
j  java.awt.EventDispatchThread.pumpEvents(ILjava/awt/Conditional;)V+4
j  java.awt.EventDispatchThread.pumpEvents(Ljava/awt/Conditional;)V+3
j  java.awt.EventDispatchThread.run()V+9
v  ~StubRoutines::call_stub

---------------  P R O C E S S  ---------------

Java Threads: ( => current thread )
  0x00000000200e9000 JavaThread "SwingWorker-pool-2-thread-1" daemon [_thread_blocked, id=6316, stack(0x000000006a550000,0x000000006a650000)]
  0x00000000200e7800 JavaThread "Swing-Shell" daemon [_thread_blocked, id=19768, stack(0x00000000643d0000,0x00000000644d0000)]
  0x00000000200eb800 JavaThread "Image Fetcher 0" daemon [_thread_blocked, id=7796, stack(0x00000000642d0000,0x00000000643d0000)]
  0x00000000200e5800 JavaThread "RemoteControlDatagramSocketThread" [_thread_in_native, id=2516, stack(0x0000000063fd0000,0x00000000640d0000)]
  0x00000000200e6000 JavaThread "AEViewer.ViewLoop" [_thread_blocked, id=6624, stack(0x0000000063ed0000,0x0000000063fd0000)]
  0x00000000200e4800 JavaThread "AEServerSocket port=8990" [_thread_in_native, id=14104, stack(0x0000000063dd0000,0x0000000063ed0000)]
  0x00000000200e8800 JavaThread "Thread-9" daemon [_thread_blocked, id=23800, stack(0x0000000063ad0000,0x0000000063bd0000)]
  0x00000000200e7000 JavaThread "JavaCPP Deallocator" daemon [_thread_blocked, id=2916, stack(0x00000000637d0000,0x00000000638d0000)]
  0x00000000200c9000 JavaThread "Java Sound Event Dispatcher" daemon [_thread_blocked, id=12256, stack(0x0000000063360000,0x0000000063460000)]
  0x00000000200b0800 JavaThread "RemoteControlDatagramSocketThread" [_thread_in_native, id=14528, stack(0x0000000062e00000,0x0000000062f00000)]
  0x0000000020069800 JavaThread "TimerQueue" daemon [_thread_blocked, id=15516, stack(0x00000000628d0000,0x00000000629d0000)]
  0x000000001e3c8800 JavaThread "AWT-EventQueue-0-SharedResourceRunner" daemon [_thread_blocked, id=25520, stack(0x000000001fc80000,0x000000001fd80000)]
  0x0000000004776800 JavaThread "DestroyJavaVM" [_thread_blocked, id=23368, stack(0x00000000045f0000,0x00000000046f0000)]
=>0x000000001cb0d000 JavaThread "AWT-EventQueue-0" [_thread_in_native, id=23924, stack(0x000000001d200000,0x000000001d300000)]
  0x000000001ca99800 JavaThread "AWT-Windows" daemon [_thread_in_native, id=10808, stack(0x000000001cf50000,0x000000001d050000)]
  0x000000001ca99000 JavaThread "AWT-Shutdown" [_thread_blocked, id=204, stack(0x000000001ce50000,0x000000001cf50000)]
  0x000000001ca98000 JavaThread "Java2D Disposer" daemon [_thread_blocked, id=10992, stack(0x000000001cd50000,0x000000001ce50000)]
  0x000000001b596800 JavaThread "Service Thread" daemon [_thread_blocked, id=22372, stack(0x000000001c1f0000,0x000000001c2f0000)]
  0x000000001b50d000 JavaThread "C1 CompilerThread3" daemon [_thread_blocked, id=14452, stack(0x000000001c0f0000,0x000000001c1f0000)]
  0x000000001b509800 JavaThread "C2 CompilerThread2" daemon [_thread_blocked, id=12404, stack(0x000000001bff0000,0x000000001c0f0000)]
  0x000000001b509000 JavaThread "C2 CompilerThread1" daemon [_thread_blocked, id=24272, stack(0x000000001bef0000,0x000000001bff0000)]
  0x000000001b503000 JavaThread "C2 CompilerThread0" daemon [_thread_blocked, id=5016, stack(0x000000001bdf0000,0x000000001bef0000)]
  0x000000001b4ff000 JavaThread "Attach Listener" daemon [_thread_blocked, id=1144, stack(0x000000001bcf0000,0x000000001bdf0000)]
  0x000000001b4fe000 JavaThread "Signal Dispatcher" daemon [_thread_blocked, id=10892, stack(0x000000001bbf0000,0x000000001bcf0000)]
  0x0000000019614000 JavaThread "Finalizer" daemon [_thread_blocked, id=13500, stack(0x000000001b8d0000,0x000000001b9d0000)]
  0x000000000486c000 JavaThread "Reference Handler" daemon [_thread_blocked, id=24908, stack(0x000000001b3d0000,0x000000001b4d0000)]

Other Threads:
  0x0000000019609000 VMThread [stack: 0x000000001b2d0000,0x000000001b3d0000] [id=25552]
  0x000000001b5b1000 WatcherThread [stack: 0x000000001c450000,0x000000001c550000] [id=24128]

VM state:not at safepoint (normal execution)

VM Mutex/Monitor currently owned by a thread: None

Heap:
 PSYoungGen      total 129024K, used 46650K [0x00000000d6f80000, 0x00000000e0880000, 0x0000000100000000)
  eden space 104960K, 44% used [0x00000000d6f80000,0x00000000d9d0e830,0x00000000dd600000)
  from space 24064K, 0% used [0x00000000dd600000,0x00000000dd600000,0x00000000ded80000)
  to   space 24576K, 0% used [0x00000000df080000,0x00000000df080000,0x00000000e0880000)
 ParOldGen       total 132096K, used 63121K [0x0000000084e00000, 0x000000008cf00000, 0x00000000d6f80000)
  object space 132096K, 47% used [0x0000000084e00000,0x0000000088ba4520,0x000000008cf00000)
 Metaspace       used 32032K, capacity 32416K, committed 32896K, reserved 1079296K
  class space    used 3777K, capacity 3863K, committed 3968K, reserved 1048576K

Card table byte_map: [0x0000000013c30000,0x0000000014010000] byte_map_base: 0x0000000013809000

Marking Bits: (ParMarkBitMap*) 0x0000000070baf860
 Begin Bits: [0x0000000014ab0000, 0x0000000016978000)
 End Bits:   [0x0000000016978000, 0x0000000018840000)

Polling page: 0x0000000004570000

CodeCache: size=245760Kb used=12542Kb max_used=12779Kb free=233217Kb
 bounds [0x0000000004870000, 0x0000000005500000, 0x0000000013870000]
 total_blobs=4647 nmethods=3650 adapters=905
 compilation: enabled

Compilation events (10 events):
Event: 74.385 Thread 0x000000001b50d000 nmethod 4029 0x0000000004e5ab10 code [0x0000000004e5ac80, 0x0000000004e5aee8]
Event: 74.385 Thread 0x000000001b50d000 4028       3       javax.swing.text.ParagraphView$Row::layoutMajorAxis (481 bytes)
Event: 74.389 Thread 0x000000001b50d000 nmethod 4028 0x0000000004c90250 code [0x0000000004c90520, 0x0000000004c919b8]
Event: 74.390 Thread 0x000000001b50d000 4030       3       javax.swing.text.BoxView::getChildAllocation (66 bytes)
Event: 74.391 Thread 0x000000001b50d000 nmethod 4030 0x00000000049ee050 code [0x00000000049ee200, 0x00000000049eea28]
Event: 74.392 Thread 0x000000001b50d000 4032       1       com.jogamp.opengl.awt.GLCanvas::access$700 (5 bytes)
Event: 74.392 Thread 0x000000001b50d000 nmethod 4032 0x00000000049edd90 code [0x00000000049edee0, 0x00000000049edfd0]
Event: 74.393 Thread 0x000000001b50d000 4031       1       javax.swing.JLayeredPane::isOptimizedDrawingEnabled (5 bytes)
Event: 74.393 Thread 0x000000001b50d000 nmethod 4031 0x0000000004faf310 code [0x0000000004faf460, 0x0000000004faf570]
Event: 74.407 Thread 0x000000001b509000 nmethod 4022 0x000000000516bb50 code [0x000000000516bda0, 0x000000000516cc90]

GC Heap History (10 events):
Event: 72.142 GC heap before
{Heap before GC invocations=12 (full 3):
 PSYoungGen      total 80896K, used 71279K [0x00000000d6f80000, 0x00000000dee80000, 0x0000000100000000)
  eden space 73728K, 96% used [0x00000000d6f80000,0x00000000db51bd88,0x00000000db780000)
  from space 7168K, 0% used [0x00000000dcd80000,0x00000000dcd80000,0x00000000dd480000)
  to   space 22528K, 0% used [0x00000000db780000,0x00000000db780000,0x00000000dcd80000)
 ParOldGen       total 132096K, used 40985K [0x0000000084e00000, 0x000000008cf00000, 0x00000000d6f80000)
  object space 132096K, 31% used [0x0000000084e00000,0x0000000087606710,0x000000008cf00000)
 Metaspace       used 31626K, capacity 31970K, committed 32256K, reserved 1077248K
  class space    used 3743K, capacity 3826K, committed 3840K, reserved 1048576K
Event: 72.150 GC heap after
Heap after GC invocations=12 (full 3):
 PSYoungGen      total 96256K, used 10209K [0x00000000d6f80000, 0x00000000e0280000, 0x0000000100000000)
  eden space 73728K, 0% used [0x00000000d6f80000,0x00000000d6f80000,0x00000000db780000)
  from space 22528K, 45% used [0x00000000db780000,0x00000000dc178618,0x00000000dcd80000)
  to   space 21504K, 0% used [0x00000000ded80000,0x00000000ded80000,0x00000000e0280000)
 ParOldGen       total 132096K, used 40993K [0x0000000084e00000, 0x000000008cf00000, 0x00000000d6f80000)
  object space 132096K, 31% used [0x0000000084e00000,0x0000000087608710,0x000000008cf00000)
 Metaspace       used 31626K, capacity 31970K, committed 32256K, reserved 1077248K
  class space    used 3743K, capacity 3826K, committed 3840K, reserved 1048576K
}
Event: 73.155 GC heap before
{Heap before GC invocations=13 (full 3):
 PSYoungGen      total 96256K, used 32962K [0x00000000d6f80000, 0x00000000e0280000, 0x0000000100000000)
  eden space 73728K, 30% used [0x00000000d6f80000,0x00000000d85b83c8,0x00000000db780000)
  from space 22528K, 45% used [0x00000000db780000,0x00000000dc178618,0x00000000dcd80000)
  to   space 21504K, 0% used [0x00000000ded80000,0x00000000ded80000,0x00000000e0280000)
 ParOldGen       total 132096K, used 40993K [0x0000000084e00000, 0x000000008cf00000, 0x00000000d6f80000)
  object space 132096K, 31% used [0x0000000084e00000,0x0000000087608710,0x000000008cf00000)
 Metaspace       used 31835K, capacity 32174K, committed 32512K, reserved 1077248K
  class space    used 3760K, capacity 3828K, committed 3840K, reserved 1048576K
Event: 73.169 GC heap after
Heap after GC invocations=13 (full 3):
 PSYoungGen      total 126464K, used 19716K [0x00000000d6f80000, 0x00000000e0780000, 0x0000000100000000)
  eden space 104960K, 0% used [0x00000000d6f80000,0x00000000d6f80000,0x00000000dd600000)
  from space 21504K, 91% used [0x00000000ded80000,0x00000000e00c1300,0x00000000e0280000)
  to   space 24064K, 0% used [0x00000000dd600000,0x00000000dd600000,0x00000000ded80000)
 ParOldGen       total 132096K, used 45097K [0x0000000084e00000, 0x000000008cf00000, 0x00000000d6f80000)
  object space 132096K, 34% used [0x0000000084e00000,0x0000000087a0a720,0x000000008cf00000)
 Metaspace       used 31835K, capacity 32174K, committed 32512K, reserved 1077248K
  class space    used 3760K, capacity 3828K, committed 3840K, reserved 1048576K
}
Event: 73.169 GC heap before
{Heap before GC invocations=14 (full 4):
 PSYoungGen      total 126464K, used 19716K [0x00000000d6f80000, 0x00000000e0780000, 0x0000000100000000)
  eden space 104960K, 0% used [0x00000000d6f80000,0x00000000d6f80000,0x00000000dd600000)
  from space 21504K, 91% used [0x00000000ded80000,0x00000000e00c1300,0x00000000e0280000)
  to   space 24064K, 0% used [0x00000000dd600000,0x00000000dd600000,0x00000000ded80000)
 ParOldGen       total 132096K, used 45097K [0x0000000084e00000, 0x000000008cf00000, 0x00000000d6f80000)
  object space 132096K, 34% used [0x0000000084e00000,0x0000000087a0a720,0x000000008cf00000)
 Metaspace       used 31835K, capacity 32174K, committed 32512K, reserved 1077248K
  class space    used 3760K, capacity 3828K, committed 3840K, reserved 1048576K
Event: 73.296 GC heap after
Heap after GC invocations=14 (full 4):
 PSYoungGen      total 126464K, used 0K [0x00000000d6f80000, 0x00000000e0780000, 0x0000000100000000)
  eden space 104960K, 0% used [0x00000000d6f80000,0x00000000d6f80000,0x00000000dd600000)
  from space 21504K, 0% used [0x00000000ded80000,0x00000000ded80000,0x00000000e0280000)
  to   space 24064K, 0% used [0x00000000dd600000,0x00000000dd600000,0x00000000ded80000)
 ParOldGen       total 132096K, used 63818K [0x0000000084e00000, 0x000000008cf00000, 0x00000000d6f80000)
  object space 132096K, 48% used [0x0000000084e00000,0x0000000088c52a60,0x000000008cf00000)
 Metaspace       used 31835K, capacity 32174K, committed 32512K, reserved 1077248K
  class space    used 3760K, capacity 3828K, committed 3840K, reserved 1048576K
}
Event: 73.297 GC heap before
{Heap before GC invocations=15 (full 4):
 PSYoungGen      total 126464K, used 3822K [0x00000000d6f80000, 0x00000000e0780000, 0x0000000100000000)
  eden space 104960K, 3% used [0x00000000d6f80000,0x00000000d733ba28,0x00000000dd600000)
  from space 21504K, 0% used [0x00000000ded80000,0x00000000ded80000,0x00000000e0280000)
  to   space 24064K, 0% used [0x00000000dd600000,0x00000000dd600000,0x00000000ded80000)
 ParOldGen       total 132096K, used 63818K [0x0000000084e00000, 0x000000008cf00000, 0x00000000d6f80000)
  object space 132096K, 48% used [0x0000000084e00000,0x0000000088c52a60,0x000000008cf00000)
 Metaspace       used 31839K, capacity 32174K, committed 32512K, reserved 1077248K
  class space    used 3761K, capacity 3828K, committed 3840K, reserved 1048576K
Event: 73.299 GC heap after
Heap after GC invocations=15 (full 4):
 PSYoungGen      total 129024K, used 160K [0x00000000d6f80000, 0x00000000e0880000, 0x0000000100000000)
  eden space 104960K, 0% used [0x00000000d6f80000,0x00000000d6f80000,0x00000000dd600000)
  from space 24064K, 0% used [0x00000000dd600000,0x00000000dd628000,0x00000000ded80000)
  to   space 24576K, 0% used [0x00000000df080000,0x00000000df080000,0x00000000e0880000)
 ParOldGen       total 132096K, used 63818K [0x0000000084e00000, 0x000000008cf00000, 0x00000000d6f80000)
  object space 132096K, 48% used [0x0000000084e00000,0x0000000088c52a60,0x000000008cf00000)
 Metaspace       used 31839K, capacity 32174K, committed 32512K, reserved 1077248K
  class space    used 3761K, capacity 3828K, committed 3840K, reserved 1048576K
}
Event: 73.299 GC heap before
{Heap before GC invocations=16 (full 5):
 PSYoungGen      total 129024K, used 160K [0x00000000d6f80000, 0x00000000e0880000, 0x0000000100000000)
  eden space 104960K, 0% used [0x00000000d6f80000,0x00000000d6f80000,0x00000000dd600000)
  from space 24064K, 0% used [0x00000000dd600000,0x00000000dd628000,0x00000000ded80000)
  to   space 24576K, 0% used [0x00000000df080000,0x00000000df080000,0x00000000e0880000)
 ParOldGen       total 132096K, used 63818K [0x0000000084e00000, 0x000000008cf00000, 0x00000000d6f80000)
  object space 132096K, 48% used [0x0000000084e00000,0x0000000088c52a60,0x000000008cf00000)
 Metaspace       used 31839K, capacity 32174K, committed 32512K, reserved 1077248K
  class space    used 3761K, capacity 3828K, committed 3840K, reserved 1048576K
Event: 73.353 GC heap after
Heap after GC invocations=16 (full 5):
 PSYoungGen      total 129024K, used 0K [0x00000000d6f80000, 0x00000000e0880000, 0x0000000100000000)
  eden space 104960K, 0% used [0x00000000d6f80000,0x00000000d6f80000,0x00000000dd600000)
  from space 24064K, 0% used [0x00000000dd600000,0x00000000dd600000,0x00000000ded80000)
  to   space 24576K, 0% used [0x00000000df080000,0x00000000df080000,0x00000000e0880000)
 ParOldGen       total 132096K, used 63121K [0x0000000084e00000, 0x000000008cf00000, 0x00000000d6f80000)
  object space 132096K, 47% used [0x0000000084e00000,0x0000000088ba4520,0x000000008cf00000)
 Metaspace       used 31839K, capacity 32174K, committed 32512K, reserved 1077248K
  class space    used 3761K, capacity 3828K, committed 3840K, reserved 1048576K
}

Deoptimization events (10 events):
Event: 65.086 Thread 0x000000001cb0d000 Uncommon trap: reason=array_check action=maybe_recompile pc=0x00000000049fa3a4 method=java.util.AbstractCollection.toArray([Ljava/lang/Object;)[Ljava/lang/Object; @ 119
Event: 65.086 Thread 0x000000001cb0d000 Uncommon trap: reason=array_check action=maybe_recompile pc=0x00000000049fa3a4 method=java.util.AbstractCollection.toArray([Ljava/lang/Object;)[Ljava/lang/Object; @ 119
Event: 65.087 Thread 0x000000001cb0d000 Uncommon trap: reason=array_check action=maybe_recompile pc=0x00000000049fa3a4 method=java.util.AbstractCollection.toArray([Ljava/lang/Object;)[Ljava/lang/Object; @ 119
Event: 65.088 Thread 0x000000001cb0d000 Uncommon trap: reason=array_check action=maybe_recompile pc=0x00000000049fa3a4 method=java.util.AbstractCollection.toArray([Ljava/lang/Object;)[Ljava/lang/Object; @ 119
Event: 70.566 Thread 0x000000001cb0d000 Uncommon trap: reason=unstable_if action=reinterpret pc=0x0000000004c4eb20 method=java.util.Hashtable.get(Ljava/lang/Object;)Ljava/lang/Object; @ 48
Event: 70.566 Thread 0x000000001cb0d000 Uncommon trap: reason=unstable_if action=reinterpret pc=0x0000000004dabdfc method=java.util.Hashtable.put(Ljava/lang/Object;Ljava/lang/Object;)Ljava/lang/Object; @ 63
Event: 70.887 Thread 0x000000001cb0d000 Uncommon trap: reason=unstable_if action=reinterpret pc=0x0000000005094644 method=sun.font.CMap$CMapFormat4.getGlyph(I)C @ 181
Event: 70.930 Thread 0x000000001cb0d000 Uncommon trap: reason=unstable_if action=reinterpret pc=0x0000000004f1917c method=java.util.regex.Pattern$Start.match(Ljava/util/regex/Matcher;ILjava/lang/CharSequence;)Z @ 10
Event: 74.288 Thread 0x000000001cb0d000 Uncommon trap: reason=unstable_if action=reinterpret pc=0x0000000004b85144 method=java.awt.Component.getInputContext()Ljava/awt/im/InputContext; @ 6
Event: 74.307 Thread 0x00000000200e9000 Uncommon trap: reason=unstable_if action=reinterpret pc=0x000000000548daf8 method=sun.nio.cs.UTF_8$Decoder.decodeArrayLoop(Ljava/nio/ByteBuffer;Ljava/nio/CharBuffer;)Ljava/nio/charset/CoderResult; @ 287

Classes redefined (0 events):
No events

Internal exceptions (10 events):
Event: 65.099 Thread 0x000000001cb0d000 Exception <a 'java/lang/ClassNotFoundException': org/jdesktop/swingbinding/adapters/AbstractButtonAdapterProvider$AdapterCustomizer> (0x00000000da40e400) thrown at [C:\re\workspace\8-2-build-windows-amd64-cygwin\jdk8u161\10277\hotspot\src\share\vm\classfi
Event: 65.627 Thread 0x00000000200e6000 Exception <a 'java/net/SocketTimeoutException': Receive timed out> (0x00000000d6f82870) thrown at [C:\re\workspace\8-2-build-windows-amd64-cygwin\jdk8u161\10277\hotspot\src\share\vm\prims\jni.cpp, line 735]
Event: 66.419 Thread 0x00000000200e6000 Exception <a 'java/net/SocketTimeoutException': Receive timed out> (0x00000000d6f83e90) thrown at [C:\re\workspace\8-2-build-windows-amd64-cygwin\jdk8u161\10277\hotspot\src\share\vm\prims\jni.cpp, line 735]
Event: 67.213 Thread 0x00000000200e6000 Exception <a 'java/net/SocketTimeoutException': Receive timed out> (0x00000000d6f854b0) thrown at [C:\re\workspace\8-2-build-windows-amd64-cygwin\jdk8u161\10277\hotspot\src\share\vm\prims\jni.cpp, line 735]
Event: 68.007 Thread 0x00000000200e6000 Exception <a 'java/net/SocketTimeoutException': Receive timed out> (0x00000000d6f86ad0) thrown at [C:\re\workspace\8-2-build-windows-amd64-cygwin\jdk8u161\10277\hotspot\src\share\vm\prims\jni.cpp, line 735]
Event: 68.802 Thread 0x00000000200e6000 Exception <a 'java/net/SocketTimeoutException': Receive timed out> (0x00000000d6f880f0) thrown at [C:\re\workspace\8-2-build-windows-amd64-cygwin\jdk8u161\10277\hotspot\src\share\vm\prims\jni.cpp, line 735]
Event: 69.598 Thread 0x00000000200e6000 Exception <a 'java/net/SocketTimeoutException': Receive timed out> (0x00000000d6f89710) thrown at [C:\re\workspace\8-2-build-windows-amd64-cygwin\jdk8u161\10277\hotspot\src\share\vm\prims\jni.cpp, line 735]
Event: 70.393 Thread 0x00000000200e6000 Exception <a 'java/net/SocketTimeoutException': Receive timed out> (0x00000000d6f8ad30) thrown at [C:\re\workspace\8-2-build-windows-amd64-cygwin\jdk8u161\10277\hotspot\src\share\vm\prims\jni.cpp, line 735]
Event: 70.776 Thread 0x000000001cb0d000 Exception <a 'java/lang/reflect/InvocationTargetException'> (0x00000000dab00450) thrown at [C:\re\workspace\8-2-build-windows-amd64-cygwin\jdk8u161\10277\hotspot\src\share\vm\runtime\reflection.cpp, line 1092]
Event: 74.314 Thread 0x00000000200e6000 Exception <a 'java/lang/InterruptedException'> (0x00000000d9c8b860) thrown at [C:\re\workspace\8-2-build-windows-amd64-cygwin\jdk8u161\10277\hotspot\src\share\vm\runtime\objectMonitor.cpp, line 1684]

Events (10 events):
Event: 74.392 Thread 0x000000001b50d000 flushing nmethod 0x00000000051775d0
Event: 74.392 Thread 0x000000001b50d000 flushing nmethod 0x0000000005178190
Event: 74.392 Thread 0x000000001b50d000 flushing nmethod 0x0000000005178850
Event: 74.392 Thread 0x000000001b50d000 flushing nmethod 0x000000000517ee90
Event: 74.392 Thread 0x000000001b50d000 flushing nmethod 0x0000000005180150
Event: 74.392 Thread 0x000000001b50d000 flushing nmethod 0x0000000005181cd0
Event: 74.392 Thread 0x000000001b50d000 flushing nmethod 0x0000000005184950
Event: 74.392 Thread 0x000000001b50d000 flushing nmethod 0x00000000051a0910
Event: 74.392 Thread 0x000000001b50d000 flushing nmethod 0x00000000051a1050
Event: 74.392 Thread 0x000000001b50d000 flushing nmethod 0x00000000051b6f10


Dynamic libraries:
0x00007ff6e5150000 - 0x00007ff6e5187000 	C:\Program Files\Java\jdk1.8.0_161\jre\bin\java.exe
0x00007ffd8f130000 - 0x00007ffd8f310000 	C:\WINDOWS\SYSTEM32\ntdll.dll
0x00007ffd8df50000 - 0x00007ffd8dffe000 	C:\WINDOWS\System32\KERNEL32.DLL
0x00007ffd8b6b0000 - 0x00007ffd8b916000 	C:\WINDOWS\System32\KERNELBASE.dll
0x00007ffd8eb00000 - 0x00007ffd8eba1000 	C:\WINDOWS\System32\ADVAPI32.dll
0x00007ffd8e870000 - 0x00007ffd8e90d000 	C:\WINDOWS\System32\msvcrt.dll
0x00007ffd8e910000 - 0x00007ffd8e96b000 	C:\WINDOWS\System32\sechost.dll
0x00007ffd8dc10000 - 0x00007ffd8dd2f000 	C:\WINDOWS\System32\RPCRT4.dll
0x00007ffd8e970000 - 0x00007ffd8eaff000 	C:\WINDOWS\System32\USER32.dll
0x00007ffd8be90000 - 0x00007ffd8beb0000 	C:\WINDOWS\System32\win32u.dll
0x00007ffd8e6c0000 - 0x00007ffd8e6e8000 	C:\WINDOWS\System32\GDI32.dll
0x00007ffd8bac0000 - 0x00007ffd8bc53000 	C:\WINDOWS\System32\gdi32full.dll
0x00007ffd8b920000 - 0x00007ffd8b9bb000 	C:\WINDOWS\System32\msvcp_win.dll
0x00007ffd8b5b0000 - 0x00007ffd8b6a6000 	C:\WINDOWS\System32\ucrtbase.dll
0x00007ffd87590000 - 0x00007ffd877f9000 	C:\WINDOWS\WinSxS\amd64_microsoft.windows.common-controls_6595b64144ccf1df_6.0.16299.431_none_15c7d3ee93659e73\COMCTL32.dll
0x00007ffd8ed50000 - 0x00007ffd8f058000 	C:\WINDOWS\System32\combase.dll
0x00007ffd8b530000 - 0x00007ffd8b5a2000 	C:\WINDOWS\System32\bcryptPrimitives.dll
0x00007ffd8ed10000 - 0x00007ffd8ed3d000 	C:\WINDOWS\System32\IMM32.DLL
0x00000000702b0000 - 0x0000000070382000 	C:\Program Files\Java\jdk1.8.0_161\jre\bin\msvcr100.dll
0x0000000070390000 - 0x0000000070c2f000 	C:\Program Files\Java\jdk1.8.0_161\jre\bin\server\jvm.dll
0x00007ffd8e860000 - 0x00007ffd8e868000 	C:\WINDOWS\System32\PSAPI.DLL
0x00007ffd78cf0000 - 0x00007ffd78cf9000 	C:\WINDOWS\SYSTEM32\WSOCK32.dll
0x00007ffd88f30000 - 0x00007ffd88f53000 	C:\WINDOWS\SYSTEM32\WINMM.dll
0x00007ffd83d50000 - 0x00007ffd83d5a000 	C:\WINDOWS\SYSTEM32\VERSION.dll
0x00007ffd8ec20000 - 0x00007ffd8ec8c000 	C:\WINDOWS\System32\WS2_32.dll
0x00007ffd88dc0000 - 0x00007ffd88dea000 	C:\WINDOWS\SYSTEM32\WINMMBASE.dll
0x00007ffd8b9c0000 - 0x00007ffd8ba0a000 	C:\WINDOWS\System32\cfgmgr32.dll
0x0000000071220000 - 0x0000000071258000 	C:\Program Files\Java\jdk1.8.0_161\jre\bin\splashscreen.dll
0x0000000071210000 - 0x000000007121f000 	C:\Program Files\Java\jdk1.8.0_161\jre\bin\verify.dll
0x0000000070280000 - 0x00000000702a9000 	C:\Program Files\Java\jdk1.8.0_161\jre\bin\java.dll
0x00000000711d0000 - 0x00000000711e6000 	C:\Program Files\Java\jdk1.8.0_161\jre\bin\zip.dll
0x00007ffd8c710000 - 0x00007ffd8db48000 	C:\WINDOWS\System32\SHELL32.dll
0x00007ffd8dea0000 - 0x00007ffd8df46000 	C:\WINDOWS\System32\shcore.dll
0x00007ffd8beb0000 - 0x00007ffd8c5f7000 	C:\WINDOWS\System32\windows.storage.dll
0x00007ffd8db50000 - 0x00007ffd8dba1000 	C:\WINDOWS\System32\shlwapi.dll
0x00007ffd8b4f0000 - 0x00007ffd8b501000 	C:\WINDOWS\System32\kernel.appcore.dll
0x00007ffd8b4a0000 - 0x00007ffd8b4ec000 	C:\WINDOWS\System32\powrprof.dll
0x00007ffd8b510000 - 0x00007ffd8b52b000 	C:\WINDOWS\System32\profapi.dll
0x00000000700a0000 - 0x0000000070238000 	C:\Program Files\Java\jdk1.8.0_161\jre\bin\awt.dll
0x00007ffd8e000000 - 0x00007ffd8e0c5000 	C:\WINDOWS\System32\OLEAUT32.dll
0x00007ffd89020000 - 0x00007ffd890a8000 	C:\WINDOWS\SYSTEM32\apphelp.dll
0x00007ffd891e0000 - 0x00007ffd89275000 	C:\WINDOWS\system32\uxtheme.dll
0x00007ffd8e6f0000 - 0x00007ffd8e857000 	C:\WINDOWS\System32\MSCTF.dll
0x00007ffd79200000 - 0x00007ffd792a9000 	C:\Program Files\Common Files\microsoft shared\ink\tiptsf.dll
0x00007ffd89410000 - 0x00007ffd8943a000 	C:\WINDOWS\system32\dwmapi.dll
0x00007ffd8dd30000 - 0x00007ffd8de79000 	C:\WINDOWS\System32\ole32.dll
0x00007ffd64e50000 - 0x00007ffd64f6e000 	C:\WINDOWS\system32\opengl32.dll
0x00007ffd64c40000 - 0x00007ffd64c6c000 	C:\WINDOWS\SYSTEM32\GLU32.dll
0x00007ffd8aed0000 - 0x00007ffd8aee7000 	C:\WINDOWS\SYSTEM32\CRYPTSP.dll
0x00007ffd8a910000 - 0x00007ffd8a943000 	C:\WINDOWS\system32\rsaenh.dll
0x00007ffd8afe0000 - 0x00007ffd8b005000 	C:\WINDOWS\SYSTEM32\bcrypt.dll
0x00007ffd8b380000 - 0x00007ffd8b3a9000 	C:\WINDOWS\SYSTEM32\USERENV.dll
0x00007ffd8aef0000 - 0x00007ffd8aefb000 	C:\WINDOWS\SYSTEM32\CRYPTBASE.dll
0x0000000070260000 - 0x000000007027a000 	C:\Program Files\Java\jdk1.8.0_161\jre\bin\net.dll
0x00007ffd8ad10000 - 0x00007ffd8ad76000 	C:\WINDOWS\system32\mswsock.dll
0x00007ffd8aaa0000 - 0x00007ffd8aad9000 	C:\WINDOWS\SYSTEM32\IPHLPAPI.DLL
0x00007ffd8ed40000 - 0x00007ffd8ed48000 	C:\WINDOWS\System32\NSI.dll
0x00007ffd84030000 - 0x00007ffd84046000 	C:\WINDOWS\SYSTEM32\dhcpcsvc6.DLL
0x00007ffd83f90000 - 0x00007ffd83faa000 	C:\WINDOWS\SYSTEM32\dhcpcsvc.DLL
0x0000000070240000 - 0x0000000070251000 	C:\Program Files\Java\jdk1.8.0_161\jre\bin\nio.dll
0x00000000637c0000 - 0x00000000637cd000 	C:\Users\Robin\AppData\Local\Temp\jogamp_0000\file_cache\jln35806672402671858\jln2148637465507337606\natives\windows-amd64\gluegen-rt.dll
0x000000006ff70000 - 0x000000006ff77000 	C:\Program Files\Java\jdk1.8.0_161\jre\bin\jawt.dll
0x000000006a440000 - 0x000000006a44d000 	C:\Users\Robin\AppData\Local\Temp\jogamp_0000\file_cache\jln35806672402671858\jln2148637465507337606\natives\windows-amd64\nativewindow_awt.dll
0x000000006c100000 - 0x000000006c10f000 	C:\Users\Robin\AppData\Local\Temp\jogamp_0000\file_cache\jln35806672402671858\jln2148637465507337606\natives\windows-amd64\nativewindow_win32.dll
0x0000000064500000 - 0x00000000645b1000 	C:\Users\Robin\AppData\Local\Temp\jogamp_0000\file_cache\jln35806672402671858\jln2148637465507337606\natives\windows-amd64\jogl_desktop.dll
0x00007ffd5a090000 - 0x00007ffd5abd7000 	C:\WINDOWS\SYSTEM32\ig75icd64.dll
0x00007ffd814e0000 - 0x00007ffd81f1f000 	C:\WINDOWS\SYSTEM32\igdusc64.dll
0x00007ffd89e40000 - 0x00007ffd89e53000 	C:\WINDOWS\SYSTEM32\WTSAPI32.dll
0x00007ffd8a2e0000 - 0x00007ffd8a38f000 	C:\WINDOWS\SYSTEM32\dxgi.dll
0x00007ffd87fe0000 - 0x00007ffd882c2000 	C:\WINDOWS\SYSTEM32\d3d11.dll
0x00007ffd824e0000 - 0x00007ffd8343d000 	C:\WINDOWS\SYSTEM32\igd10iumd64.dll
0x00007ffd8afb0000 - 0x00007ffd8afd6000 	C:\WINDOWS\SYSTEM32\ncrypt.dll
0x00007ffd8af70000 - 0x00007ffd8afa6000 	C:\WINDOWS\SYSTEM32\NTASN1.dll
0x0000000070050000 - 0x0000000070097000 	C:\Program Files\Java\jdk1.8.0_161\jre\bin\fontmanager.dll
0x00007ffd8f060000 - 0x00007ffd8f0fe000 	C:\WINDOWS\System32\clbcatq.dll
0x00007ffd86420000 - 0x00007ffd865cb000 	C:\WINDOWS\SYSTEM32\WindowsCodecs.dll
0x00007ffd69120000 - 0x00007ffd6916f000 	C:\WINDOWS\system32\dataexchange.dll
0x00007ffd88970000 - 0x00007ffd88ab2000 	C:\WINDOWS\system32\dcomp.dll
0x00007ffd89500000 - 0x00007ffd8967b000 	C:\WINDOWS\system32\twinapi.appcore.dll
0x00007ffd896b0000 - 0x00007ffd896d0000 	C:\WINDOWS\system32\RMCLIENT.dll
0x0000000070000000 - 0x0000000070042000 	C:\Program Files\Java\jdk1.8.0_161\jre\bin\t2k.dll
0x000000006b600000 - 0x000000006b62f000 	C:\Users\Robin\AppData\Local\Temp\usb4java4667427502205246065.tmp\libusb-1.0.dll
0x0000000062be0000 - 0x0000000062bf7000 	C:\Users\Robin\AppData\Local\Temp\usb4java4667427502205246065.tmp\libusb4java.dll
0x00007ffd8e0d0000 - 0x00007ffd8e51e000 	C:\WINDOWS\System32\SetupAPI.dll
0x00007ffd8a240000 - 0x00007ffd8a24b000 	C:\WINDOWS\SYSTEM32\WinUSB.DLL
0x00007ffd8a250000 - 0x00007ffd8a25c000 	C:\WINDOWS\SYSTEM32\hid.dll
0x00007ffd8b290000 - 0x00007ffd8b2b7000 	C:\WINDOWS\SYSTEM32\DEVOBJ.dll
0x00007ffd8bc60000 - 0x00007ffd8bcb8000 	C:\WINDOWS\System32\WINTRUST.dll
0x00007ffd8b480000 - 0x00007ffd8b492000 	C:\WINDOWS\System32\MSASN1.dll
0x00007ffd8bcc0000 - 0x00007ffd8be8e000 	C:\WINDOWS\System32\CRYPT32.dll
0x000000006af40000 - 0x000000006af71000 	C:\Users\Robin\AppData\Local\Temp\libNRJavaSerial_Robin_0\libNRJavaSerial.dll
0x000000006ff60000 - 0x000000006ff6c000 	C:\Program Files\Java\jdk1.8.0_161\jre\bin\jsound.dll
0x000000006ff50000 - 0x000000006ff5b000 	C:\Program Files\Java\jdk1.8.0_161\jre\bin\jsoundds.dll
0x00007ffd65ca0000 - 0x00007ffd65d2f000 	C:\WINDOWS\SYSTEM32\DSOUND.dll
0x00007ffd83880000 - 0x00007ffd838ef000 	C:\WINDOWS\SYSTEM32\MMDevAPI.DLL
0x00007ffd87800000 - 0x00007ffd879b1000 	C:\WINDOWS\SYSTEM32\PROPSYS.dll
0x00007ffd79b80000 - 0x00007ffd79bc2000 	C:\WINDOWS\SYSTEM32\wdmaud.drv
0x00007ffd87a40000 - 0x00007ffd87a49000 	C:\WINDOWS\SYSTEM32\ksuser.dll
0x00007ffd86750000 - 0x00007ffd8675a000 	C:\WINDOWS\SYSTEM32\AVRT.dll
0x00007ffd793c0000 - 0x00007ffd793e5000 	C:\Users\Robin\AppData\Local\Temp\jna-79133066\jna4565969905633223567.dll
0x00007ffd803b0000 - 0x00007ffd804d2000 	C:\WINDOWS\SYSTEM32\AUDIOSES.DLL
0x00007ffd86e90000 - 0x00007ffd86fc6000 	C:\WINDOWS\SYSTEM32\wintypes.dll
0x00007ffd85500000 - 0x00007ffd8550c000 	C:\WINDOWS\SYSTEM32\msacm32.drv
0x00007ffd79b60000 - 0x00007ffd79b7c000 	C:\WINDOWS\SYSTEM32\MSACM32.dll
0x00007ffd85190000 - 0x00007ffd8519a000 	C:\WINDOWS\SYSTEM32\midimap.dll
0x00007ffd5e570000 - 0x00007ffd5e65f000 	C:\Users\Robin\.javacpp\cache\opencv-3.2.0-1.3-windows-x86_64.jar\org\bytedeco\javacpp\windows-x86_64\msvcr120.dll
0x00007ffd5d730000 - 0x00007ffd5d7d6000 	C:\Users\Robin\.javacpp\cache\opencv-3.2.0-1.3-windows-x86_64.jar\org\bytedeco\javacpp\windows-x86_64\msvcp120.dll
0x00007ffd55110000 - 0x00007ffd55398000 	C:\Users\Robin\.javacpp\cache\opencv-3.2.0-1.3-windows-x86_64.jar\org\bytedeco\javacpp\windows-x86_64\opencv_core320.dll
0x00007ffd54da0000 - 0x00007ffd55102000 	C:\Users\Robin\.javacpp\cache\opencv-3.2.0-1.3-windows-x86_64.jar\org\bytedeco\javacpp\windows-x86_64\opencv_imgproc320.dll
0x00007ffd54760000 - 0x00007ffd549aa000 	C:\Users\Robin\.javacpp\cache\opencv-3.2.0-1.3-windows-x86_64.jar\org\bytedeco\javacpp\windows-x86_64\jniopencv_core.dll
0x00007ffd7cd70000 - 0x00007ffd7ce08000 	C:\WINDOWS\System32\TextInputFramework.dll
0x00007ffd85a60000 - 0x00007ffd85d4e000 	C:\WINDOWS\System32\CoreUIComponents.dll
0x00007ffd88890000 - 0x00007ffd8896c000 	C:\WINDOWS\System32\CoreMessaging.dll
0x00007ffd8a5b0000 - 0x00007ffd8a5e1000 	C:\WINDOWS\SYSTEM32\ntmarta.dll
0x00007ffd7ba90000 - 0x00007ffd7bc96000 	C:\Windows\System32\uiautomationcore.dll
0x00007ffd8b2e0000 - 0x00007ffd8b37a000 	C:\WINDOWS\SYSTEM32\sxs.dll
0x00007ffd839f0000 - 0x00007ffd83a5e000 	C:\Windows\System32\OLEACC.dll
0x00007ffd6bb10000 - 0x00007ffd6bb91000 	C:\WINDOWS\SYSTEM32\twinapi.dll
0x00007ffd83ca0000 - 0x00007ffd83d46000 	C:\WINDOWS\WinSxS\amd64_microsoft.windows.common-controls_6595b64144ccf1df_5.82.16299.431_none_887985224abb0026\comctl32.dll
0x00007ffd86890000 - 0x00007ffd868a9000 	C:\WINDOWS\SYSTEM32\CLDAPI.dll
0x00007ffd87450000 - 0x00007ffd8745a000 	C:\WINDOWS\SYSTEM32\FLTLIB.DLL
0x00007ffd701c0000 - 0x00007ffd70204000 	C:\WINDOWS\SYSTEM32\AEPIC.dll
0x00007ffd84550000 - 0x00007ffd84b44000 	C:\Windows\System32\OneCoreUAPCommonProxyStub.dll
0x00007ffd654a0000 - 0x00007ffd655c7000 	C:\WINDOWS\system32\NetworkExplorer.dll
0x00007ffd851b0000 - 0x00007ffd851cb000 	C:\WINDOWS\SYSTEM32\MPR.dll
0x00007ffd87410000 - 0x00007ffd8741b000 	C:\WINDOWS\System32\drprov.dll
0x00007ffd8a620000 - 0x00007ffd8a675000 	C:\WINDOWS\System32\WINSTA.dll
0x00007ffd70610000 - 0x00007ffd70626000 	C:\WINDOWS\System32\ntlanman.dll

VM Arguments:
jvm_args: -Dfile.encoding=UTF-8 -Djava.library.path=jars -Djava.util.logging.config.file=conf/Logging.properties -Dsun.java2d.noddraw=true -Dsun.java2d.opengl=false -Djogl.disable.opengles=false 
java_command: net.sf.jaer.JAERViewer
java_class_path (initial): C:\Users\Robin\Documents\GitHub\jaer\jars\USBTransferThread-0.9.6.jar;C:\Users\Robin\Documents\GitHub\jaer\jars\UsbIoJava.jar;C:\Users\Robin\Documents\GitHub\jaer\jars\ant.jar;C:\Users\Robin\Documents\GitHub\jaer\jars\openni2\org.openni.jar;C:\Users\Robin\Documents\GitHub\jaer\jars\rosjava-0.3.5.jar;C:\Users\Robin\Documents\GitHub\jaer\jars\message_generation-0.3.0.jar;C:\Users\Robin\Documents\GitHub\jaer\lib\annotations-1.0.0.jar;C:\Users\Robin\Documents\GitHub\jaer\lib\artoolkitplus-2.3.1-1.0.jar;C:\Users\Robin\Documents\GitHub\jaer\lib\bag-reader-java-1.10.0-javadoc.jar;C:\Users\Robin\Documents\GitHub\jaer\lib\bag-reader-java-1.10.0-sources.jar;C:\Users\Robin\Documents\GitHub\jaer\lib\bag-reader-java-1.10.0.jar;C:\Users\Robin\Documents\GitHub\jaer\lib\beansbinding-1.2.1.jar;C:\Users\Robin\Documents\GitHub\jaer\lib\commons-codec-1.10.jar;C:\Users\Robin\Documents\GitHub\jaer\lib\commons-compress-1.10.jar;C:\Users\Robin\Documents\GitHub\jaer\lib\commons-io-2.4.jar;C:\Users\Robin\Documents\GitHub\jaer\lib\commons-lang3-3.7-javadoc.jar;C:\Users\Robin\Documents\GitHub\jaer\lib\commons-lang3-3.7-sources.jar;C:\Users\Robin\Documents\GitHub\jaer\lib\commons-lang3-3.7.jar;C:\Users\Robin\Documents\GitHub\jaer\lib\commons-math3-3.6.1-javadoc.jar;C:\Users\Robin\Documents\GitHub\jaer\lib\commons-math3-3.6.1-sources.jar;C:\Users\Robin\Documents\GitHub\jaer\lib\commons-math3-3.6.1.jar;C:\Users\Robin\Documents\GitHub\jaer\lib\commons-net-3.6-javadoc.jar;C:\Users\Robin\Documents\GitHub\jaer\lib\commons-net-3.6-sources.jar;C:\Users\Robin\Documents\GitHub\jaer\lib\commons-net-3.6.jar;C:\Users\Robin\Documents\GitHub\jaer\lib\ffmpeg-2.7.1-1.0.jar;C:\Users\Robin\Documents\GitHub\jaer\lib\flandmark-1.07-1.0.jar;C:\Users\Robin\Documents\GitHub\jaer\lib\flycapture-2.7.3.19-1.0.jar;C:\Users\Robin\Documents\GitHub\jaer\lib\gluegen-rt-2.3.2-natives-linux-amd64.jar;C:\Users\Robin\Documents\GitHub\jaer\lib\gluegen-rt-2.3.2-natives-linux-i586.jar;C:\Users\Robin\Docu
Launcher Type: SUN_STANDARD

Environment Variables:
PATH=C:\ProgramData\Oracle\Java\javapath;C:\Program Files (x86)\Intel\iCLS Client\;C:\Program Files\Intel\iCLS Client\;C:\WINDOWS\system32;C:\WINDOWS;C:\WINDOWS\System32\Wbem;C:\WINDOWS\System32\WindowsPowerShell\v1.0\;C:\Program Files\Lenovo\Fingerprint Manager Pro\;C:\Program Files (x86)\Common Files\Lenovo;C:\ProgramData\Lenovo\ReadyApps;C:\Program Files\MATLAB\R2017a\runtime\win64;C:\Program Files\MATLAB\R2017a\bin;C:\Program Files\MiKTeX 2.9\miktex\bin\x64\;C:\Program Files (x86)\IVI Foundation\VISA\WinNT\Bin\;C:\Program Files\IVI Foundation\VISA\Win64\Bin\;C:\Program Files (x86)\IVI Foundation\VISA\WinNT\Bin;C:\Program Files (x86)\Intel\Intel(R) Management Engine Components\DAL;C:\Program Files\Intel\Intel(R) Management Engine Components\DAL;C:\Program Files (x86)\Intel\Intel(R) Management Engine Components\IPT;C:\Program Files\Intel\Intel(R) Management Engine Components\IPT;C:\Program Files\Intel\WiFi\bin\;C:\Program Files\Common Files\Intel\WirelessCommon\;C:\Users\Robin\AppData\Local\Microsoft\WindowsApps;C:\Users\Robin\AppData\Local\GitHubDesktop\bin;C:\Program Files\Intel\WiFi\bin\;C:\Program Files\Common Files\Intel\WirelessCommon\
USERNAME=Robin
OS=Windows_NT
PROCESSOR_IDENTIFIER=Intel64 Family 6 Model 60 Stepping 3, GenuineIntel



---------------  S Y S T E M  ---------------

OS: Windows 10.0 , 64 bit Build 16299 (10.0.16299.431)

CPU:total 8 (initial active 8) (4 cores per cpu, 2 threads per core) family 6 model 60 stepping 3, cmov, cx8, fxsr, mmx, sse, sse2, sse3, ssse3, sse4.1, sse4.2, popcnt, avx, avx2, aes, clmul, erms, lzcnt, ht, tsc, tscinvbit, bmi1, bmi2

Memory: 4k page, physical 8067900k(864916k free), swap 16194364k(2963364k free)

vm_info: Java HotSpot(TM) 64-Bit Server VM (25.161-b12) for windows-amd64 JRE (1.8.0_161-b12), built on Dec 19 2017 17:52:25 by "java_re" with MS VC++ 10.0 (VS2010)

time: Wed May 30 19:40:01 2018
elapsed time: 74 seconds (0d 0h 1m 14s)

