#
# A fatal error has been detected by the Java Runtime Environment:
#
#  EXCEPTION_ACCESS_VIOLATION (0xc0000005) at pc=0x00007ffd5a2b6462, pid=25088, tid=0x0000000000002eb8
#
# JRE version: Java(TM) SE Runtime Environment (8.0_161-b12) (build 1.8.0_161-b12)
# Java VM: Java HotSpot(TM) 64-Bit Server VM (25.161-b12 mixed mode windows-amd64 compressed oops)
# Problematic frame:
# C  [ig75icd64.dll+0x226462]
#
# Failed to write core dump. Minidumps are not enabled by default on client versions of Windows
#
# If you would like to submit a bug report, please visit:
#   http://bugreport.java.com/bugreport/crash.jsp
# The crash happened outside the Java Virtual Machine in native code.
# See problematic frame for where to report the bug.
#

---------------  T H R E A D  ---------------

Current thread (0x000000001cce3000):  JavaThread "AWT-EventQueue-0" [_thread_in_native, id=11960, stack(0x000000001d2a0000,0x000000001d3a0000)]

siginfo: ExceptionCode=0xc0000005, reading address 0x0000000000000028

Registers:
RAX=0x0000000068fc6b60, RBX=0x0000000000000000, RCX=0x0000000000000300, RDX=0x000000006224daf0
RSP=0x000000001d399520, RBP=0x000000001d399620, RSI=0x000000006218e080, RDI=0x000000006224e6d0
R8 =0x00000000693c2a50, R9 =0x0000000000000190, R10=0x0000000000000000, R11=0x0000000000000000
R12=0x000000001d399ff0, R13=0x000000006224df98, R14=0x0000000068fc6c10, R15=0x0000000000000000
RIP=0x00007ffd5a2b6462, EFLAGS=0x0000000000010206

Top of Stack: (sp=0x000000001d399520)
0x000000001d399520:   000000001cce3000 0000000069781a80
0x000000001d399530:   00000000697816f0 000000006968cf20
0x000000001d399540:   0000000018da3058 0000000021287898
0x000000001d399550:   00000000693c2a50 0000000021263710
0x000000001d399560:   000000002123c558 0000000000000190
0x000000001d399570:   0000000000000010 000000001d399ff0
0x000000001d399580:   0000000064add884 000000000000001c
0x000000001d399590:   0000000000000000 0000000000002864
0x000000001d3995a0:   0000000068fc6c10 0000000000010000
0x000000001d3995b0:   0000000064add864 000000001cce3000
0x000000001d3995c0:   0000000018da3058 0000000000000000
0x000000001d3995d0:   0000000063e12490 000000001f825be8
0x000000001d3995e0:   0000000000000000 0000000100000000
0x000000001d3995f0:   000000001cce3000 0000000064add880
0x000000001d399600:   000000000000000c 0000000063e0a260
0x000000001d399610:   0000000064adb000 0000000063e0a2a0 

Instructions: (pc=0x00007ffd5a2b6462)
0x00007ffd5a2b6442:   89 4d d0 8b 5f 14 e9 95 04 00 00 83 78 08 00 74
0x00007ffd5a2b6452:   53 4c 8d b0 b0 00 00 00 4c 89 75 80 49 8b 5e 30
0x00007ffd5a2b6462:   48 8b 43 28 48 8b 48 20 48 8b 49 08 e8 ed bf 37
0x00007ffd5a2b6472:   00 41 89 44 24 08 8b 47 08 03 43 08 41 89 44 24 


Register to memory mapping:

RAX=0x0000000068fc6b60 is an unknown value
RBX=0x0000000000000000 is an unknown value
RCX=0x0000000000000300 is an unknown value
RDX=0x000000006224daf0 is an unknown value
RSP=0x000000001d399520 is pointing into the stack for thread: 0x000000001cce3000
RBP=0x000000001d399620 is pointing into the stack for thread: 0x000000001cce3000
RSI=0x000000006218e080 is an unknown value
RDI=0x000000006224e6d0 is an unknown value
R8 =0x00000000693c2a50 is an unknown value
R9 =0x0000000000000190 is an unknown value
R10=0x0000000000000000 is an unknown value
R11=0x0000000000000000 is an unknown value
R12=0x000000001d399ff0 is pointing into the stack for thread: 0x000000001cce3000
R13=0x000000006224df98 is an unknown value
R14=0x0000000068fc6c10 is an unknown value
R15=0x0000000000000000 is an unknown value


Stack: [0x000000001d2a0000,0x000000001d3a0000],  sp=0x000000001d399520,  free space=997k
Native frames: (J=compiled Java code, j=interpreted, Vv=VM code, C=native code)
C  [ig75icd64.dll+0x226462]
C  [ig75icd64.dll+0x252655]
C  [ig75icd64.dll+0x3037eb]
C  [ig75icd64.dll+0x303227]
C  [ig75icd64.dll+0x4d4914]
C  [ig75icd64.dll+0x4d5193]
C  0x0000000004948c67

Java frames: (J=compiled Java code, j=interpreted, Vv=VM code)
j  jogamp.opengl.gl4.GL4bcImpl.dispatch_glDrawArrays1(IIIJ)V+0
j  jogamp.opengl.gl4.GL4bcImpl.glDrawArrays(III)V+45
j  com.jogamp.opengl.util.awt.TextRenderer$Pipelined_QuadRenderer.drawVertexArrays()V+209
J 3502 C1 com.jogamp.opengl.util.awt.TextRenderer$Pipelined_QuadRenderer.glVertex3f(FFF)V (52 bytes) @ 0x000000000542b58c [0x000000000542b200+0x38c]
j  com.jogamp.opengl.util.awt.TextRenderer$Glyph.draw3D(FFFF)F+512
j  com.jogamp.opengl.util.awt.TextRenderer.internal_draw3D(Ljava/lang/CharSequence;FFFF)V+45
j  com.jogamp.opengl.util.awt.TextRenderer.draw3D(Ljava/lang/String;FFFF)V+8
j  com.jogamp.opengl.util.awt.TextRenderer.draw(Ljava/lang/String;II)V+8
j  ch.unizh.ini.jaer.projects.jjslam.JJSlam.annotate(Lcom/jogamp/opengl/GLAutoDrawable;)V+129
j  net.sf.jaer.graphics.ChipCanvas.drawAnnotationsIncludingEnclosed(Lnet/sf/jaer/eventprocessing/EventFilter;Lnet/sf/jaer/graphics/FrameAnnotater;Lcom/jogamp/opengl/GLAutoDrawable;)V+2
j  net.sf.jaer.graphics.ChipCanvas.annotate(Lcom/jogamp/opengl/GLAutoDrawable;)V+191
j  net.sf.jaer.graphics.ChipCanvas.display(Lcom/jogamp/opengl/GLAutoDrawable;)V+151
j  jogamp.opengl.GLDrawableHelper.displayImpl(Lcom/jogamp/opengl/GLAutoDrawable;)V+62
j  jogamp.opengl.GLDrawableHelper.display(Lcom/jogamp/opengl/GLAutoDrawable;)V+2
j  com.jogamp.opengl.awt.GLCanvas$11.run()V+118
j  jogamp.opengl.GLDrawableHelper.invokeGLImpl(Lcom/jogamp/opengl/GLDrawable;Lcom/jogamp/opengl/GLContext;Ljava/lang/Runnable;Ljava/lang/Runnable;)V+203
j  jogamp.opengl.GLDrawableHelper.invokeGL(Lcom/jogamp/opengl/GLDrawable;Lcom/jogamp/opengl/GLContext;Ljava/lang/Runnable;Ljava/lang/Runnable;)V+72
j  com.jogamp.opengl.awt.GLCanvas$12.run()V+104
j  com.jogamp.opengl.Threading.invoke(ZLjava/lang/Runnable;Ljava/lang/Object;)V+27
j  com.jogamp.opengl.awt.GLCanvas.display()V+64
j  com.jogamp.opengl.awt.GLCanvas.paint(Ljava/awt/Graphics;)V+137
j  sun.awt.RepaintArea.paintComponent(Ljava/awt/Component;Ljava/awt/Graphics;)V+6
j  sun.awt.RepaintArea.paint(Ljava/lang/Object;Z)V+326
J 3111 C1 sun.awt.windows.WComponentPeer.handleEvent(Ljava/awt/AWTEvent;)V (173 bytes) @ 0x000000000530f1ec [0x000000000530e300+0xeec]
J 3034 C1 java.awt.Component.dispatchEventImpl(Ljava/awt/AWTEvent;)V (883 bytes) @ 0x00000000052c5704 [0x00000000052be260+0x74a4]
J 2445 C1 java.awt.EventQueue.dispatchEventImpl(Ljava/awt/AWTEvent;Ljava/lang/Object;)V (149 bytes) @ 0x0000000005110f7c [0x000000000510f740+0x183c]
J 2391 C1 java.awt.EventQueue$3.run()Ljava/lang/Void; (60 bytes) @ 0x00000000050e094c [0x00000000050e0740+0x20c]
J 2390 C1 java.awt.EventQueue$3.run()Ljava/lang/Object; (5 bytes) @ 0x00000000050e03cc [0x00000000050e0340+0x8c]
v  ~StubRoutines::call_stub
J 482  java.security.AccessController.doPrivileged(Ljava/security/PrivilegedAction;Ljava/security/AccessControlContext;)Ljava/lang/Object; (0 bytes) @ 0x0000000004b61466 [0x0000000004b61400+0x66]
J 3049 C1 java.awt.EventQueue$4.run()Ljava/lang/Object; (5 bytes) @ 0x00000000052a39ac [0x00000000052a3580+0x42c]
v  ~StubRoutines::call_stub
J 482  java.security.AccessController.doPrivileged(Ljava/security/PrivilegedAction;Ljava/security/AccessControlContext;)Ljava/lang/Object; (0 bytes) @ 0x0000000004b61466 [0x0000000004b61400+0x66]
J 2386 C1 java.awt.EventQueue.dispatchEvent(Ljava/awt/AWTEvent;)V (80 bytes) @ 0x00000000050ddafc [0x00000000050dcc80+0xe7c]
J 2395 C1 java.awt.EventDispatchThread.pumpOneEventForFilters(I)V (295 bytes) @ 0x00000000050f0f64 [0x00000000050ef400+0x1b64]
j  java.awt.EventDispatchThread.pumpEventsForFilter(ILjava/awt/Conditional;Ljava/awt/EventFilter;)V+35
j  java.awt.EventDispatchThread.pumpEventsForHierarchy(ILjava/awt/Conditional;Ljava/awt/Component;)V+11
j  java.awt.EventDispatchThread.pumpEvents(ILjava/awt/Conditional;)V+4
j  java.awt.EventDispatchThread.pumpEvents(Ljava/awt/Conditional;)V+3
j  java.awt.EventDispatchThread.run()V+9
v  ~StubRoutines::call_stub

---------------  P R O C E S S  ---------------

Java Threads: ( => current thread )
  0x00000000204e1800 JavaThread "SwingWorker-pool-2-thread-1" daemon [_thread_blocked, id=21352, stack(0x000000006a280000,0x000000006a380000)]
  0x00000000204da800 JavaThread "Swing-Shell" daemon [_thread_blocked, id=19576, stack(0x00000000698c0000,0x00000000699c0000)]
  0x00000000204e0000 JavaThread "Image Fetcher 0" daemon [_thread_blocked, id=18620, stack(0x00000000697c0000,0x00000000698c0000)]
  0x00000000204de800 JavaThread "RemoteControlDatagramSocketThread" [_thread_in_native, id=13172, stack(0x0000000064110000,0x0000000064210000)]
  0x00000000204dd800 JavaThread "AEViewer.ViewLoop" [_thread_blocked, id=9136, stack(0x0000000064010000,0x0000000064110000)]
  0x00000000204dd000 JavaThread "AEServerSocket port=8990" [_thread_in_native, id=25084, stack(0x0000000063f10000,0x0000000064010000)]
  0x00000000204db800 JavaThread "Thread-9" daemon [_thread_blocked, id=25512, stack(0x0000000063c10000,0x0000000063d10000)]
  0x00000000204dc000 JavaThread "JavaCPP Deallocator" daemon [_thread_blocked, id=22296, stack(0x0000000063910000,0x0000000063a10000)]
  0x00000000204df000 JavaThread "Java Sound Event Dispatcher" daemon [_thread_blocked, id=19252, stack(0x00000000634b0000,0x00000000635b0000)]
  0x00000000204ad800 JavaThread "RemoteControlDatagramSocketThread" [_thread_in_native, id=21900, stack(0x0000000062f50000,0x0000000063050000)]
  0x000000001dd17800 JavaThread "TimerQueue" daemon [_thread_blocked, id=19272, stack(0x0000000062a50000,0x0000000062b50000)]
  0x000000001dba9800 JavaThread "AWT-EventQueue-0-SharedResourceRunner" daemon [_thread_blocked, id=24264, stack(0x0000000020020000,0x0000000020120000)]
  0x0000000004836800 JavaThread "DestroyJavaVM" [_thread_blocked, id=22164, stack(0x0000000004730000,0x0000000004830000)]
=>0x000000001cce3000 JavaThread "AWT-EventQueue-0" [_thread_in_native, id=11960, stack(0x000000001d2a0000,0x000000001d3a0000)]
  0x000000001cce1800 JavaThread "AWT-Windows" daemon [_thread_in_native, id=10460, stack(0x000000001d010000,0x000000001d110000)]
  0x000000001cb21000 JavaThread "AWT-Shutdown" [_thread_blocked, id=10948, stack(0x000000001cf10000,0x000000001d010000)]
  0x000000001cb20800 JavaThread "Java2D Disposer" daemon [_thread_blocked, id=12480, stack(0x000000001ce10000,0x000000001cf10000)]
  0x000000001b650800 JavaThread "Service Thread" daemon [_thread_blocked, id=22240, stack(0x000000001c2b0000,0x000000001c3b0000)]
  0x000000001b5cc000 JavaThread "C1 CompilerThread3" daemon [_thread_blocked, id=7012, stack(0x000000001c1b0000,0x000000001c2b0000)]
  0x000000001b5c9000 JavaThread "C2 CompilerThread2" daemon [_thread_in_native, id=16860, stack(0x000000001c0b0000,0x000000001c1b0000)]
  0x000000001b5c4000 JavaThread "C2 CompilerThread1" daemon [_thread_blocked, id=19964, stack(0x000000001bfb0000,0x000000001c0b0000)]
  0x000000001b5c2000 JavaThread "C2 CompilerThread0" daemon [_thread_blocked, id=25360, stack(0x000000001beb0000,0x000000001bfb0000)]
  0x000000001b5be000 JavaThread "Attach Listener" daemon [_thread_blocked, id=10688, stack(0x000000001bdb0000,0x000000001beb0000)]
  0x000000001b5bd000 JavaThread "Signal Dispatcher" daemon [_thread_blocked, id=19244, stack(0x000000001bcb0000,0x000000001bdb0000)]
  0x000000001b5b0800 JavaThread "Finalizer" daemon [_thread_blocked, id=21424, stack(0x000000001b990000,0x000000001ba90000)]
  0x00000000196cd000 JavaThread "Reference Handler" daemon [_thread_blocked, id=25032, stack(0x000000001b490000,0x000000001b590000)]

Other Threads:
  0x00000000196c9000 VMThread [stack: 0x000000001b390000,0x000000001b490000] [id=16484]
  0x000000001b67c000 WatcherThread [stack: 0x000000001c510000,0x000000001c610000] [id=4168]

VM state:not at safepoint (normal execution)

VM Mutex/Monitor currently owned by a thread: None

Heap:
 PSYoungGen      total 81920K, used 45430K [0x00000000d6f80000, 0x00000000dd600000, 0x0000000100000000)
  eden space 75776K, 52% used [0x00000000d6f80000,0x00000000d960cd18,0x00000000db980000)
  from space 6144K, 96% used [0x00000000dd000000,0x00000000dd5d0ba0,0x00000000dd600000)
  to   space 9728K, 0% used [0x00000000dc300000,0x00000000dc300000,0x00000000dcc80000)
 ParOldGen       total 137728K, used 49254K [0x0000000084e00000, 0x000000008d480000, 0x00000000d6f80000)
  object space 137728K, 35% used [0x0000000084e00000,0x0000000087e19b00,0x000000008d480000)
 Metaspace       used 31880K, capacity 32240K, committed 32640K, reserved 1077248K
  class space    used 3772K, capacity 3863K, committed 3968K, reserved 1048576K

Card table byte_map: [0x0000000013cf0000,0x00000000140d0000] byte_map_base: 0x00000000138c9000

Marking Bits: (ParMarkBitMap*) 0x0000000070baf860
 Begin Bits: [0x0000000014b70000, 0x0000000016a38000)
 End Bits:   [0x0000000016a38000, 0x0000000018900000)

Polling page: 0x0000000002d20000

CodeCache: size=245760Kb used=11944Kb max_used=12007Kb free=233815Kb
 bounds [0x0000000004930000, 0x0000000005500000, 0x0000000013930000]
 total_blobs=4467 nmethods=3472 adapters=903
 compilation: enabled

Compilation events (10 events):
Event: 21.600 Thread 0x000000001b5cc000 nmethod 3785 0x0000000004eaac10 code [0x0000000004eaad60, 0x0000000004eaae90]
Event: 21.600 Thread 0x000000001b5cc000 3786       3       com.jogamp.opengl.util.awt.TextureRenderer::getTexture (54 bytes)
Event: 21.600 Thread 0x000000001b5cc000 nmethod 3786 0x00000000051600d0 code [0x0000000005160280, 0x0000000005160658]
Event: 21.600 Thread 0x000000001b5cc000 3788       1       java.awt.geom.Rectangle2D$Double::getHeight (5 bytes)
Event: 21.600 Thread 0x000000001b5cc000 nmethod 3788 0x0000000004dccd50 code [0x0000000004dccea0, 0x0000000004dccfb0]
Event: 21.600 Thread 0x000000001b5cc000 3787       3       com.jogamp.opengl.util.awt.TextRenderer$GlyphProducer::getGlyph (92 bytes)
Event: 21.601 Thread 0x000000001b5c4000 nmethod 3735 0x0000000004edde10 code [0x0000000004eddfe0, 0x0000000004edf000]
Event: 21.601 Thread 0x000000001b5c4000 3766       4       javax.swing.text.BoxView::getMinimumSpan (63 bytes)
Event: 21.601 Thread 0x000000001b5cc000 nmethod 3787 0x0000000004d70310 code [0x0000000004d70500, 0x0000000004d70d88]
Event: 21.601 Thread 0x000000001b5cc000 3789   !   3       com.jogamp.opengl.util.awt.TextRenderer$Glyph::draw3D (530 bytes)

GC Heap History (10 events):
Event: 4.967 GC heap before
{Heap before GC invocations=9 (full 2):
 PSYoungGen      total 47616K, used 47610K [0x00000000d6f80000, 0x00000000dac00000, 0x0000000100000000)
  eden space 42496K, 100% used [0x00000000d6f80000,0x00000000d9900000,0x00000000d9900000)
  from space 5120K, 99% used [0x00000000da000000,0x00000000da4fe8c0,0x00000000da500000)
  to   space 7168K, 0% used [0x00000000d9900000,0x00000000d9900000,0x00000000da000000)
 ParOldGen       total 56832K, used 11187K [0x0000000084e00000, 0x0000000088580000, 0x00000000d6f80000)
  object space 56832K, 19% used [0x0000000084e00000,0x00000000858ecd20,0x0000000088580000)
 Metaspace       used 27175K, capacity 27460K, committed 27904K, reserved 1073152K
  class space    used 3203K, capacity 3297K, committed 3328K, reserved 1048576K
Event: 4.974 GC heap after
Heap after GC invocations=9 (full 2):
 PSYoungGen      total 49664K, used 7162K [0x00000000d6f80000, 0x00000000dbd80000, 0x0000000100000000)
  eden space 42496K, 0% used [0x00000000d6f80000,0x00000000d6f80000,0x00000000d9900000)
  from space 7168K, 99% used [0x00000000d9900000,0x00000000d9ffe8c0,0x00000000da000000)
  to   space 8192K, 0% used [0x00000000db580000,0x00000000db580000,0x00000000dbd80000)
 ParOldGen       total 56832K, used 11219K [0x0000000084e00000, 0x0000000088580000, 0x00000000d6f80000)
  object space 56832K, 19% used [0x0000000084e00000,0x00000000858f4d20,0x0000000088580000)
 Metaspace       used 27175K, capacity 27460K, committed 27904K, reserved 1073152K
  class space    used 3203K, capacity 3297K, committed 3328K, reserved 1048576K
}
Event: 6.920 GC heap before
{Heap before GC invocations=10 (full 2):
 PSYoungGen      total 49664K, used 48731K [0x00000000d6f80000, 0x00000000dbd80000, 0x0000000100000000)
  eden space 42496K, 97% used [0x00000000d6f80000,0x00000000d9818520,0x00000000d9900000)
  from space 7168K, 99% used [0x00000000d9900000,0x00000000d9ffe8c0,0x00000000da000000)
  to   space 8192K, 0% used [0x00000000db580000,0x00000000db580000,0x00000000dbd80000)
 ParOldGen       total 56832K, used 11219K [0x0000000084e00000, 0x0000000088580000, 0x00000000d6f80000)
  object space 56832K, 19% used [0x0000000084e00000,0x00000000858f4d20,0x0000000088580000)
 Metaspace       used 27641K, capacity 27972K, committed 28544K, reserved 1075200K
  class space    used 3257K, capacity 3361K, committed 3456K, reserved 1048576K
Event: 6.934 GC heap after
Heap after GC invocations=10 (full 2):
 PSYoungGen      total 70656K, used 8091K [0x00000000d6f80000, 0x00000000dbe80000, 0x0000000100000000)
  eden space 62464K, 0% used [0x00000000d6f80000,0x00000000d6f80000,0x00000000dac80000)
  from space 8192K, 98% used [0x00000000db580000,0x00000000dbd66fa0,0x00000000dbd80000)
  to   space 9216K, 0% used [0x00000000dac80000,0x00000000dac80000,0x00000000db580000)
 ParOldGen       total 56832K, used 28665K [0x0000000084e00000, 0x0000000088580000, 0x00000000d6f80000)
  object space 56832K, 50% used [0x0000000084e00000,0x00000000869fe670,0x0000000088580000)
 Metaspace       used 27641K, capacity 27972K, committed 28544K, reserved 1075200K
  class space    used 3257K, capacity 3361K, committed 3456K, reserved 1048576K
}
Event: 12.099 GC heap before
{Heap before GC invocations=11 (full 2):
 PSYoungGen      total 70656K, used 70555K [0x00000000d6f80000, 0x00000000dbe80000, 0x0000000100000000)
  eden space 62464K, 100% used [0x00000000d6f80000,0x00000000dac80000,0x00000000dac80000)
  from space 8192K, 98% used [0x00000000db580000,0x00000000dbd66fa0,0x00000000dbd80000)
  to   space 9216K, 0% used [0x00000000dac80000,0x00000000dac80000,0x00000000db580000)
 ParOldGen       total 56832K, used 28665K [0x0000000084e00000, 0x0000000088580000, 0x00000000d6f80000)
  object space 56832K, 50% used [0x0000000084e00000,0x00000000869fe670,0x0000000088580000)
 Metaspace       used 30056K, capacity 30416K, committed 30848K, reserved 1077248K
  class space    used 3558K, capacity 3655K, committed 3712K, reserved 1048576K
Event: 12.119 GC heap after
Heap after GC invocations=11 (full 2):
 PSYoungGen      total 71680K, used 8902K [0x00000000d6f80000, 0x00000000dd980000, 0x0000000100000000)
  eden space 62464K, 0% used [0x00000000d6f80000,0x00000000d6f80000,0x00000000dac80000)
  from space 9216K, 96% used [0x00000000dac80000,0x00000000db531af0,0x00000000db580000)
  to   space 9728K, 0% used [0x00000000dd000000,0x00000000dd000000,0x00000000dd980000)
 ParOldGen       total 56832K, used 51638K [0x0000000084e00000, 0x0000000088580000, 0x00000000d6f80000)
  object space 56832K, 90% used [0x0000000084e00000,0x000000008806d828,0x0000000088580000)
 Metaspace       used 30056K, capacity 30416K, committed 30848K, reserved 1077248K
  class space    used 3558K, capacity 3655K, committed 3712K, reserved 1048576K
}
Event: 12.119 GC heap before
{Heap before GC invocations=12 (full 3):
 PSYoungGen      total 71680K, used 8902K [0x00000000d6f80000, 0x00000000dd980000, 0x0000000100000000)
  eden space 62464K, 0% used [0x00000000d6f80000,0x00000000d6f80000,0x00000000dac80000)
  from space 9216K, 96% used [0x00000000dac80000,0x00000000db531af0,0x00000000db580000)
  to   space 9728K, 0% used [0x00000000dd000000,0x00000000dd000000,0x00000000dd980000)
 ParOldGen       total 56832K, used 51638K [0x0000000084e00000, 0x0000000088580000, 0x00000000d6f80000)
  object space 56832K, 90% used [0x0000000084e00000,0x000000008806d828,0x0000000088580000)
 Metaspace       used 30056K, capacity 30416K, committed 30848K, reserved 1077248K
  class space    used 3558K, capacity 3655K, committed 3712K, reserved 1048576K
Event: 12.224 GC heap after
Heap after GC invocations=12 (full 3):
 PSYoungGen      total 71680K, used 0K [0x00000000d6f80000, 0x00000000dd980000, 0x0000000100000000)
  eden space 62464K, 0% used [0x00000000d6f80000,0x00000000d6f80000,0x00000000dac80000)
  from space 9216K, 0% used [0x00000000dac80000,0x00000000dac80000,0x00000000db580000)
  to   space 9728K, 0% used [0x00000000dd000000,0x00000000dd000000,0x00000000dd980000)
 ParOldGen       total 137728K, used 41054K [0x0000000084e00000, 0x000000008d480000, 0x00000000d6f80000)
  object space 137728K, 29% used [0x0000000084e00000,0x0000000087617ae0,0x000000008d480000)
 Metaspace       used 30056K, capacity 30416K, committed 30848K, reserved 1077248K
  class space    used 3558K, capacity 3655K, committed 3712K, reserved 1048576K
}
Event: 21.194 GC heap before
{Heap before GC invocations=13 (full 3):
 PSYoungGen      total 71680K, used 60700K [0x00000000d6f80000, 0x00000000dd980000, 0x0000000100000000)
  eden space 62464K, 97% used [0x00000000d6f80000,0x00000000daac70f8,0x00000000dac80000)
  from space 9216K, 0% used [0x00000000dac80000,0x00000000dac80000,0x00000000db580000)
  to   space 9728K, 0% used [0x00000000dd000000,0x00000000dd000000,0x00000000dd980000)
 ParOldGen       total 137728K, used 41054K [0x0000000084e00000, 0x000000008d480000, 0x00000000d6f80000)
  object space 137728K, 29% used [0x0000000084e00000,0x0000000087617ae0,0x000000008d480000)
 Metaspace       used 31544K, capacity 31922K, committed 32256K, reserved 1077248K
  class space    used 3741K, capacity 3826K, committed 3840K, reserved 1048576K
Event: 21.203 GC heap after
Heap after GC invocations=13 (full 3):
 PSYoungGen      total 81920K, used 5954K [0x00000000d6f80000, 0x00000000dd600000, 0x0000000100000000)
  eden space 75776K, 0% used [0x00000000d6f80000,0x00000000d6f80000,0x00000000db980000)
  from space 6144K, 96% used [0x00000000dd000000,0x00000000dd5d0ba0,0x00000000dd600000)
  to   space 9728K, 0% used [0x00000000dc300000,0x00000000dc300000,0x00000000dcc80000)
 ParOldGen       total 137728K, used 49254K [0x0000000084e00000, 0x000000008d480000, 0x00000000d6f80000)
  object space 137728K, 35% used [0x0000000084e00000,0x0000000087e19b00,0x000000008d480000)
 Metaspace       used 31544K, capacity 31922K, committed 32256K, reserved 1077248K
  class space    used 3741K, capacity 3826K, committed 3840K, reserved 1048576K
}

Deoptimization events (10 events):
Event: 11.888 Thread 0x000000001cce3000 Uncommon trap: reason=range_check action=make_not_entrant pc=0x000000000516d160 method=sun.reflect.generics.parser.SignatureParser.current()C @ 34
Event: 11.891 Thread 0x000000001cce3000 Uncommon trap: reason=unstable_if action=reinterpret pc=0x00000000051865a4 method=java.lang.reflect.Method.equals(Ljava/lang/Object;)Z @ 49
Event: 12.305 Thread 0x000000001cce3000 Uncommon trap: reason=class_check action=maybe_recompile pc=0x0000000004d5b278 method=javax.swing.UIDefaults.getFromHashtable(Ljava/lang/Object;)Ljava/lang/Object; @ 92
Event: 12.370 Thread 0x000000001cce3000 Uncommon trap: reason=class_check action=maybe_recompile pc=0x0000000004d5b278 method=javax.swing.UIDefaults.getFromHashtable(Ljava/lang/Object;)Ljava/lang/Object; @ 92
Event: 16.052 Thread 0x000000001cce3000 Uncommon trap: reason=predicate action=maybe_recompile pc=0x0000000004f3a47c method=java.lang.String.regionMatches(ZILjava/lang/String;II)Z @ 63
Event: 19.020 Thread 0x000000001cce3000 Uncommon trap: reason=unstable_if action=reinterpret pc=0x0000000004d114e0 method=java.util.Hashtable.get(Ljava/lang/Object;)Ljava/lang/Object; @ 48
Event: 19.020 Thread 0x000000001cce3000 Uncommon trap: reason=unstable_if action=reinterpret pc=0x0000000004e611d0 method=java.util.Hashtable.put(Ljava/lang/Object;Ljava/lang/Object;)Ljava/lang/Object; @ 63
Event: 19.349 Thread 0x000000001cce3000 Uncommon trap: reason=unstable_if action=reinterpret pc=0x0000000004fbe43c method=java.util.regex.Pattern$Start.match(Ljava/util/regex/Matcher;ILjava/lang/CharSequence;)Z @ 10
Event: 21.336 Thread 0x000000001cce3000 Uncommon trap: reason=unstable_if action=reinterpret pc=0x00000000054342d0 method=sun.font.CMap$CMapFormat4.getGlyph(I)C @ 181
Event: 21.479 Thread 0x000000001cce3000 Uncommon trap: reason=unstable_if action=reinterpret pc=0x0000000004c96304 method=java.awt.Component.getInputContext()Ljava/awt/im/InputContext; @ 6

Classes redefined (0 events):
No events

Internal exceptions (10 events):
Event: 13.080 Thread 0x00000000204dd800 Exception <a 'java/net/SocketTimeoutException': Receive timed out> (0x00000000d70565f0) thrown at [C:\re\workspace\8-2-build-windows-amd64-cygwin\jdk8u161\10277\hotspot\src\share\vm\prims\jni.cpp, line 735]
Event: 13.878 Thread 0x00000000204dd800 Exception <a 'java/net/SocketTimeoutException': Receive timed out> (0x00000000d7057c10) thrown at [C:\re\workspace\8-2-build-windows-amd64-cygwin\jdk8u161\10277\hotspot\src\share\vm\prims\jni.cpp, line 735]
Event: 14.676 Thread 0x00000000204dd800 Exception <a 'java/net/SocketTimeoutException': Receive timed out> (0x00000000d7059230) thrown at [C:\re\workspace\8-2-build-windows-amd64-cygwin\jdk8u161\10277\hotspot\src\share\vm\prims\jni.cpp, line 735]
Event: 15.471 Thread 0x00000000204dd800 Exception <a 'java/net/SocketTimeoutException': Receive timed out> (0x00000000d705a848) thrown at [C:\re\workspace\8-2-build-windows-amd64-cygwin\jdk8u161\10277\hotspot\src\share\vm\prims\jni.cpp, line 735]
Event: 16.263 Thread 0x00000000204dd800 Exception <a 'java/net/SocketTimeoutException': Receive timed out> (0x00000000d705be68) thrown at [C:\re\workspace\8-2-build-windows-amd64-cygwin\jdk8u161\10277\hotspot\src\share\vm\prims\jni.cpp, line 735]
Event: 17.064 Thread 0x00000000204dd800 Exception <a 'java/net/SocketTimeoutException': Receive timed out> (0x00000000d705d488) thrown at [C:\re\workspace\8-2-build-windows-amd64-cygwin\jdk8u161\10277\hotspot\src\share\vm\prims\jni.cpp, line 735]
Event: 17.857 Thread 0x00000000204dd800 Exception <a 'java/net/SocketTimeoutException': Receive timed out> (0x00000000d705eaa8) thrown at [C:\re\workspace\8-2-build-windows-amd64-cygwin\jdk8u161\10277\hotspot\src\share\vm\prims\jni.cpp, line 735]
Event: 18.654 Thread 0x00000000204dd800 Exception <a 'java/net/SocketTimeoutException': Receive timed out> (0x00000000d706fbb0) thrown at [C:\re\workspace\8-2-build-windows-amd64-cygwin\jdk8u161\10277\hotspot\src\share\vm\prims\jni.cpp, line 735]
Event: 19.212 Thread 0x000000001cce3000 Exception <a 'java/lang/reflect/InvocationTargetException'> (0x00000000d9c7a748) thrown at [C:\re\workspace\8-2-build-windows-amd64-cygwin\jdk8u161\10277\hotspot\src\share\vm\runtime\reflection.cpp, line 1092]
Event: 21.521 Thread 0x00000000204dd800 Exception <a 'java/lang/InterruptedException'> (0x00000000d95b7e10) thrown at [C:\re\workspace\8-2-build-windows-amd64-cygwin\jdk8u161\10277\hotspot\src\share\vm\runtime\objectMonitor.cpp, line 1684]

Events (10 events):
Event: 21.538 Thread 0x000000001b5cc000 flushing nmethod 0x0000000005186050
Event: 21.538 Thread 0x000000001b5cc000 flushing nmethod 0x0000000005186b50
Event: 21.554 loading class java/awt/Polygon$PolygonPathIterator
Event: 21.555 loading class java/awt/Polygon$PolygonPathIterator done
Event: 21.555 loading class sun/java2d/loops/MaskBlit$General
Event: 21.556 loading class sun/java2d/loops/GraphicsPrimitive$GeneralBinaryOp
Event: 21.556 loading class sun/java2d/loops/GraphicsPrimitive$GeneralBinaryOp done
Event: 21.556 loading class sun/java2d/loops/MaskBlit$General done
Event: 21.556 Executing VM operation: Deoptimize
Event: 21.558 Executing VM operation: Deoptimize done


Dynamic libraries:
0x00007ff6e5150000 - 0x00007ff6e5187000 	C:\Program Files\Java\jdk1.8.0_161\jre\bin\java.exe
0x00007ffd8f130000 - 0x00007ffd8f310000 	C:\WINDOWS\SYSTEM32\ntdll.dll
0x00007ffd8df50000 - 0x00007ffd8dffe000 	C:\WINDOWS\System32\KERNEL32.DLL
0x00007ffd8b6b0000 - 0x00007ffd8b916000 	C:\WINDOWS\System32\KERNELBASE.dll
0x00007ffd8eb00000 - 0x00007ffd8eba1000 	C:\WINDOWS\System32\ADVAPI32.dll
0x00007ffd8e870000 - 0x00007ffd8e90d000 	C:\WINDOWS\System32\msvcrt.dll
0x00007ffd8e910000 - 0x00007ffd8e96b000 	C:\WINDOWS\System32\sechost.dll
0x00007ffd8dc10000 - 0x00007ffd8dd2f000 	C:\WINDOWS\System32\RPCRT4.dll
0x00007ffd8e970000 - 0x00007ffd8eaff000 	C:\WINDOWS\System32\USER32.dll
0x00007ffd8be90000 - 0x00007ffd8beb0000 	C:\WINDOWS\System32\win32u.dll
0x00007ffd8e6c0000 - 0x00007ffd8e6e8000 	C:\WINDOWS\System32\GDI32.dll
0x00007ffd8bac0000 - 0x00007ffd8bc53000 	C:\WINDOWS\System32\gdi32full.dll
0x00007ffd8b920000 - 0x00007ffd8b9bb000 	C:\WINDOWS\System32\msvcp_win.dll
0x00007ffd8b5b0000 - 0x00007ffd8b6a6000 	C:\WINDOWS\System32\ucrtbase.dll
0x00007ffd87590000 - 0x00007ffd877f9000 	C:\WINDOWS\WinSxS\amd64_microsoft.windows.common-controls_6595b64144ccf1df_6.0.16299.431_none_15c7d3ee93659e73\COMCTL32.dll
0x00007ffd8ed50000 - 0x00007ffd8f058000 	C:\WINDOWS\System32\combase.dll
0x00007ffd8b530000 - 0x00007ffd8b5a2000 	C:\WINDOWS\System32\bcryptPrimitives.dll
0x00007ffd8ed10000 - 0x00007ffd8ed3d000 	C:\WINDOWS\System32\IMM32.DLL
0x00000000702b0000 - 0x0000000070382000 	C:\Program Files\Java\jdk1.8.0_161\jre\bin\msvcr100.dll
0x0000000070390000 - 0x0000000070c2f000 	C:\Program Files\Java\jdk1.8.0_161\jre\bin\server\jvm.dll
0x00007ffd8e860000 - 0x00007ffd8e868000 	C:\WINDOWS\System32\PSAPI.DLL
0x00007ffd78cf0000 - 0x00007ffd78cf9000 	C:\WINDOWS\SYSTEM32\WSOCK32.dll
0x00007ffd88f30000 - 0x00007ffd88f53000 	C:\WINDOWS\SYSTEM32\WINMM.dll
0x00007ffd83d50000 - 0x00007ffd83d5a000 	C:\WINDOWS\SYSTEM32\VERSION.dll
0x00007ffd8ec20000 - 0x00007ffd8ec8c000 	C:\WINDOWS\System32\WS2_32.dll
0x00007ffd88dc0000 - 0x00007ffd88dea000 	C:\WINDOWS\SYSTEM32\winmmbase.dll
0x00007ffd8b9c0000 - 0x00007ffd8ba0a000 	C:\WINDOWS\System32\cfgmgr32.dll
0x0000000071220000 - 0x0000000071258000 	C:\Program Files\Java\jdk1.8.0_161\jre\bin\splashscreen.dll
0x0000000071210000 - 0x000000007121f000 	C:\Program Files\Java\jdk1.8.0_161\jre\bin\verify.dll
0x0000000070280000 - 0x00000000702a9000 	C:\Program Files\Java\jdk1.8.0_161\jre\bin\java.dll
0x00000000711d0000 - 0x00000000711e6000 	C:\Program Files\Java\jdk1.8.0_161\jre\bin\zip.dll
0x00007ffd8c710000 - 0x00007ffd8db48000 	C:\WINDOWS\System32\SHELL32.dll
0x00007ffd8dea0000 - 0x00007ffd8df46000 	C:\WINDOWS\System32\shcore.dll
0x00007ffd8beb0000 - 0x00007ffd8c5f7000 	C:\WINDOWS\System32\windows.storage.dll
0x00007ffd8db50000 - 0x00007ffd8dba1000 	C:\WINDOWS\System32\shlwapi.dll
0x00007ffd8b4f0000 - 0x00007ffd8b501000 	C:\WINDOWS\System32\kernel.appcore.dll
0x00007ffd8b4a0000 - 0x00007ffd8b4ec000 	C:\WINDOWS\System32\powrprof.dll
0x00007ffd8b510000 - 0x00007ffd8b52b000 	C:\WINDOWS\System32\profapi.dll
0x00000000700a0000 - 0x0000000070238000 	C:\Program Files\Java\jdk1.8.0_161\jre\bin\awt.dll
0x00007ffd8e000000 - 0x00007ffd8e0c5000 	C:\WINDOWS\System32\OLEAUT32.dll
0x00007ffd89020000 - 0x00007ffd890a8000 	C:\WINDOWS\SYSTEM32\apphelp.dll
0x00007ffd891e0000 - 0x00007ffd89275000 	C:\WINDOWS\system32\uxtheme.dll
0x00007ffd8e6f0000 - 0x00007ffd8e857000 	C:\WINDOWS\System32\MSCTF.dll
0x00007ffd79200000 - 0x00007ffd792a9000 	C:\Program Files\Common Files\microsoft shared\ink\tiptsf.dll
0x00007ffd89410000 - 0x00007ffd8943a000 	C:\WINDOWS\system32\dwmapi.dll
0x00007ffd8dd30000 - 0x00007ffd8de79000 	C:\WINDOWS\System32\ole32.dll
0x00007ffd64e50000 - 0x00007ffd64f6e000 	C:\WINDOWS\system32\opengl32.dll
0x00007ffd64c40000 - 0x00007ffd64c6c000 	C:\WINDOWS\SYSTEM32\GLU32.dll
0x00007ffd8aed0000 - 0x00007ffd8aee7000 	C:\WINDOWS\SYSTEM32\CRYPTSP.dll
0x00007ffd8a910000 - 0x00007ffd8a943000 	C:\WINDOWS\system32\rsaenh.dll
0x00007ffd8afe0000 - 0x00007ffd8b005000 	C:\WINDOWS\SYSTEM32\bcrypt.dll
0x00007ffd8b380000 - 0x00007ffd8b3a9000 	C:\WINDOWS\SYSTEM32\USERENV.dll
0x00007ffd8aef0000 - 0x00007ffd8aefb000 	C:\WINDOWS\SYSTEM32\CRYPTBASE.dll
0x0000000070260000 - 0x000000007027a000 	C:\Program Files\Java\jdk1.8.0_161\jre\bin\net.dll
0x00007ffd8ad10000 - 0x00007ffd8ad76000 	C:\WINDOWS\system32\mswsock.dll
0x00007ffd8aaa0000 - 0x00007ffd8aad9000 	C:\WINDOWS\SYSTEM32\IPHLPAPI.DLL
0x00007ffd8ed40000 - 0x00007ffd8ed48000 	C:\WINDOWS\System32\NSI.dll
0x00007ffd84030000 - 0x00007ffd84046000 	C:\WINDOWS\SYSTEM32\dhcpcsvc6.DLL
0x00007ffd83f90000 - 0x00007ffd83faa000 	C:\WINDOWS\SYSTEM32\dhcpcsvc.DLL
0x0000000070240000 - 0x0000000070251000 	C:\Program Files\Java\jdk1.8.0_161\jre\bin\nio.dll
0x00000000637c0000 - 0x00000000637cd000 	C:\Users\Robin\AppData\Local\Temp\jogamp_0000\file_cache\jln5061344290384773528\jln3054613520400096162\natives\windows-amd64\gluegen-rt.dll
0x000000006ff70000 - 0x000000006ff77000 	C:\Program Files\Java\jdk1.8.0_161\jre\bin\jawt.dll
0x000000006a440000 - 0x000000006a44d000 	C:\Users\Robin\AppData\Local\Temp\jogamp_0000\file_cache\jln5061344290384773528\jln3054613520400096162\natives\windows-amd64\nativewindow_awt.dll
0x000000006c100000 - 0x000000006c10f000 	C:\Users\Robin\AppData\Local\Temp\jogamp_0000\file_cache\jln5061344290384773528\jln3054613520400096162\natives\windows-amd64\nativewindow_win32.dll
0x0000000064500000 - 0x00000000645b1000 	C:\Users\Robin\AppData\Local\Temp\jogamp_0000\file_cache\jln5061344290384773528\jln3054613520400096162\natives\windows-amd64\jogl_desktop.dll
0x00007ffd5a090000 - 0x00007ffd5abd7000 	C:\WINDOWS\SYSTEM32\ig75icd64.dll
0x00007ffd814e0000 - 0x00007ffd81f1f000 	C:\WINDOWS\SYSTEM32\igdusc64.dll
0x00007ffd89e40000 - 0x00007ffd89e53000 	C:\WINDOWS\SYSTEM32\WTSAPI32.dll
0x00007ffd8a2e0000 - 0x00007ffd8a38f000 	C:\WINDOWS\SYSTEM32\dxgi.dll
0x00007ffd87fe0000 - 0x00007ffd882c2000 	C:\WINDOWS\SYSTEM32\d3d11.dll
0x00007ffd824e0000 - 0x00007ffd8343d000 	C:\WINDOWS\SYSTEM32\igd10iumd64.dll
0x00007ffd8afb0000 - 0x00007ffd8afd6000 	C:\WINDOWS\SYSTEM32\ncrypt.dll
0x00007ffd8af70000 - 0x00007ffd8afa6000 	C:\WINDOWS\SYSTEM32\NTASN1.dll
0x0000000070050000 - 0x0000000070097000 	C:\Program Files\Java\jdk1.8.0_161\jre\bin\fontmanager.dll
0x00007ffd8f060000 - 0x00007ffd8f0fe000 	C:\WINDOWS\System32\clbcatq.dll
0x00007ffd86420000 - 0x00007ffd865cb000 	C:\WINDOWS\SYSTEM32\WindowsCodecs.dll
0x00007ffd69120000 - 0x00007ffd6916f000 	C:\WINDOWS\system32\dataexchange.dll
0x00007ffd88970000 - 0x00007ffd88ab2000 	C:\WINDOWS\system32\dcomp.dll
0x00007ffd89500000 - 0x00007ffd8967b000 	C:\WINDOWS\system32\twinapi.appcore.dll
0x00007ffd896b0000 - 0x00007ffd896d0000 	C:\WINDOWS\system32\RMCLIENT.dll
0x0000000070000000 - 0x0000000070042000 	C:\Program Files\Java\jdk1.8.0_161\jre\bin\t2k.dll
0x000000006b600000 - 0x000000006b62f000 	C:\Users\Robin\AppData\Local\Temp\usb4java3738665298470627076.tmp\libusb-1.0.dll
0x0000000021620000 - 0x0000000021637000 	C:\Users\Robin\AppData\Local\Temp\usb4java3738665298470627076.tmp\libusb4java.dll
0x00007ffd8e0d0000 - 0x00007ffd8e51e000 	C:\WINDOWS\System32\SetupAPI.dll
0x00007ffd8a240000 - 0x00007ffd8a24b000 	C:\WINDOWS\SYSTEM32\WinUSB.DLL
0x00007ffd8a250000 - 0x00007ffd8a25c000 	C:\WINDOWS\SYSTEM32\hid.dll
0x00007ffd8b290000 - 0x00007ffd8b2b7000 	C:\WINDOWS\SYSTEM32\DEVOBJ.dll
0x00007ffd8bc60000 - 0x00007ffd8bcb8000 	C:\WINDOWS\System32\WINTRUST.dll
0x00007ffd8b480000 - 0x00007ffd8b492000 	C:\WINDOWS\System32\MSASN1.dll
0x00007ffd8bcc0000 - 0x00007ffd8be8e000 	C:\WINDOWS\System32\CRYPT32.dll
0x000000006af40000 - 0x000000006af71000 	C:\Users\Robin\AppData\Local\Temp\libNRJavaSerial_Robin_0\libNRJavaSerial.dll
0x000000006ff60000 - 0x000000006ff6c000 	C:\Program Files\Java\jdk1.8.0_161\jre\bin\jsound.dll
0x000000006ff50000 - 0x000000006ff5b000 	C:\Program Files\Java\jdk1.8.0_161\jre\bin\jsoundds.dll
0x00007ffd65ca0000 - 0x00007ffd65d2f000 	C:\WINDOWS\SYSTEM32\DSOUND.dll
0x00007ffd83880000 - 0x00007ffd838ef000 	C:\WINDOWS\SYSTEM32\MMDevAPI.DLL
0x00007ffd87800000 - 0x00007ffd879b1000 	C:\WINDOWS\SYSTEM32\PROPSYS.dll
0x00007ffd79b80000 - 0x00007ffd79bc2000 	C:\WINDOWS\SYSTEM32\wdmaud.drv
0x00007ffd87a40000 - 0x00007ffd87a49000 	C:\WINDOWS\SYSTEM32\ksuser.dll
0x00007ffd86750000 - 0x00007ffd8675a000 	C:\WINDOWS\SYSTEM32\AVRT.dll
0x00007ffd803b0000 - 0x00007ffd804d2000 	C:\WINDOWS\SYSTEM32\AUDIOSES.DLL
0x00007ffd86e90000 - 0x00007ffd86fc6000 	C:\WINDOWS\SYSTEM32\wintypes.dll
0x00007ffd793c0000 - 0x00007ffd793e5000 	C:\Users\Robin\AppData\Local\Temp\jna-79133066\jna2260912069169138876.dll
0x00007ffd85500000 - 0x00007ffd8550c000 	C:\WINDOWS\SYSTEM32\msacm32.drv
0x00007ffd79b60000 - 0x00007ffd79b7c000 	C:\WINDOWS\SYSTEM32\MSACM32.dll
0x00007ffd85190000 - 0x00007ffd8519a000 	C:\WINDOWS\SYSTEM32\midimap.dll
0x00007ffd5e570000 - 0x00007ffd5e65f000 	C:\Users\Robin\.javacpp\cache\opencv-3.2.0-1.3-windows-x86_64.jar\org\bytedeco\javacpp\windows-x86_64\msvcr120.dll
0x00007ffd5d730000 - 0x00007ffd5d7d6000 	C:\Users\Robin\.javacpp\cache\opencv-3.2.0-1.3-windows-x86_64.jar\org\bytedeco\javacpp\windows-x86_64\msvcp120.dll
0x00007ffd55110000 - 0x00007ffd55398000 	C:\Users\Robin\.javacpp\cache\opencv-3.2.0-1.3-windows-x86_64.jar\org\bytedeco\javacpp\windows-x86_64\opencv_core320.dll
0x00007ffd54da0000 - 0x00007ffd55102000 	C:\Users\Robin\.javacpp\cache\opencv-3.2.0-1.3-windows-x86_64.jar\org\bytedeco\javacpp\windows-x86_64\opencv_imgproc320.dll
0x00007ffd54760000 - 0x00007ffd549aa000 	C:\Users\Robin\.javacpp\cache\opencv-3.2.0-1.3-windows-x86_64.jar\org\bytedeco\javacpp\windows-x86_64\jniopencv_core.dll
0x00007ffd7cd70000 - 0x00007ffd7ce08000 	C:\WINDOWS\System32\TextInputFramework.dll
0x00007ffd85a60000 - 0x00007ffd85d4e000 	C:\WINDOWS\System32\CoreUIComponents.dll
0x00007ffd88890000 - 0x00007ffd8896c000 	C:\WINDOWS\System32\CoreMessaging.dll
0x00007ffd8a5b0000 - 0x00007ffd8a5e1000 	C:\WINDOWS\SYSTEM32\ntmarta.dll
0x00007ffd7ba90000 - 0x00007ffd7bc96000 	C:\Windows\System32\uiautomationcore.dll
0x00007ffd8b2e0000 - 0x00007ffd8b37a000 	C:\WINDOWS\SYSTEM32\sxs.dll
0x00007ffd839f0000 - 0x00007ffd83a5e000 	C:\Windows\System32\OLEACC.dll
0x00007ffd6bb10000 - 0x00007ffd6bb91000 	C:\WINDOWS\SYSTEM32\twinapi.dll
0x00007ffd83ca0000 - 0x00007ffd83d46000 	C:\WINDOWS\WinSxS\amd64_microsoft.windows.common-controls_6595b64144ccf1df_5.82.16299.431_none_887985224abb0026\comctl32.dll
0x00007ffd86890000 - 0x00007ffd868a9000 	C:\WINDOWS\SYSTEM32\CLDAPI.dll
0x00007ffd87450000 - 0x00007ffd8745a000 	C:\WINDOWS\SYSTEM32\FLTLIB.DLL
0x00007ffd701c0000 - 0x00007ffd70204000 	C:\WINDOWS\SYSTEM32\AEPIC.dll
0x00007ffd84550000 - 0x00007ffd84b44000 	C:\Windows\System32\OneCoreUAPCommonProxyStub.dll
0x00007ffd654a0000 - 0x00007ffd655c7000 	C:\WINDOWS\system32\NetworkExplorer.dll
0x00007ffd851b0000 - 0x00007ffd851cb000 	C:\WINDOWS\SYSTEM32\MPR.dll
0x00007ffd87410000 - 0x00007ffd8741b000 	C:\WINDOWS\System32\drprov.dll
0x00007ffd8a620000 - 0x00007ffd8a675000 	C:\WINDOWS\System32\WINSTA.dll
0x00007ffd70610000 - 0x00007ffd70626000 	C:\WINDOWS\System32\ntlanman.dll

VM Arguments:
jvm_args: -Dfile.encoding=UTF-8 -Djava.library.path=jars -Djava.util.logging.config.file=conf/Logging.properties -Dsun.java2d.noddraw=true -Dsun.java2d.opengl=false -Djogl.disable.opengles=false 
java_command: net.sf.jaer.JAERViewer
java_class_path (initial): C:\Users\Robin\Documents\GitHub\jaer\jars\USBTransferThread-0.9.6.jar;C:\Users\Robin\Documents\GitHub\jaer\jars\UsbIoJava.jar;C:\Users\Robin\Documents\GitHub\jaer\jars\ant.jar;C:\Users\Robin\Documents\GitHub\jaer\jars\openni2\org.openni.jar;C:\Users\Robin\Documents\GitHub\jaer\jars\rosjava-0.3.5.jar;C:\Users\Robin\Documents\GitHub\jaer\jars\message_generation-0.3.0.jar;C:\Users\Robin\Documents\GitHub\jaer\lib\annotations-1.0.0.jar;C:\Users\Robin\Documents\GitHub\jaer\lib\artoolkitplus-2.3.1-1.0.jar;C:\Users\Robin\Documents\GitHub\jaer\lib\bag-reader-java-1.10.0-javadoc.jar;C:\Users\Robin\Documents\GitHub\jaer\lib\bag-reader-java-1.10.0-sources.jar;C:\Users\Robin\Documents\GitHub\jaer\lib\bag-reader-java-1.10.0.jar;C:\Users\Robin\Documents\GitHub\jaer\lib\beansbinding-1.2.1.jar;C:\Users\Robin\Documents\GitHub\jaer\lib\commons-codec-1.10.jar;C:\Users\Robin\Documents\GitHub\jaer\lib\commons-compress-1.10.jar;C:\Users\Robin\Documents\GitHub\jaer\lib\commons-io-2.4.jar;C:\Users\Robin\Documents\GitHub\jaer\lib\commons-lang3-3.7-javadoc.jar;C:\Users\Robin\Documents\GitHub\jaer\lib\commons-lang3-3.7-sources.jar;C:\Users\Robin\Documents\GitHub\jaer\lib\commons-lang3-3.7.jar;C:\Users\Robin\Documents\GitHub\jaer\lib\commons-math3-3.6.1-javadoc.jar;C:\Users\Robin\Documents\GitHub\jaer\lib\commons-math3-3.6.1-sources.jar;C:\Users\Robin\Documents\GitHub\jaer\lib\commons-math3-3.6.1.jar;C:\Users\Robin\Documents\GitHub\jaer\lib\commons-net-3.6-javadoc.jar;C:\Users\Robin\Documents\GitHub\jaer\lib\commons-net-3.6-sources.jar;C:\Users\Robin\Documents\GitHub\jaer\lib\commons-net-3.6.jar;C:\Users\Robin\Documents\GitHub\jaer\lib\ffmpeg-2.7.1-1.0.jar;C:\Users\Robin\Documents\GitHub\jaer\lib\flandmark-1.07-1.0.jar;C:\Users\Robin\Documents\GitHub\jaer\lib\flycapture-2.7.3.19-1.0.jar;C:\Users\Robin\Documents\GitHub\jaer\lib\gluegen-rt-2.3.2-natives-linux-amd64.jar;C:\Users\Robin\Documents\GitHub\jaer\lib\gluegen-rt-2.3.2-natives-linux-i586.jar;C:\Users\Robin\Docu
Launcher Type: SUN_STANDARD

Environment Variables:
PATH=C:\ProgramData\Oracle\Java\javapath;C:\Program Files (x86)\Intel\iCLS Client\;C:\Program Files\Intel\iCLS Client\;C:\WINDOWS\system32;C:\WINDOWS;C:\WINDOWS\System32\Wbem;C:\WINDOWS\System32\WindowsPowerShell\v1.0\;C:\Program Files\Lenovo\Fingerprint Manager Pro\;C:\Program Files (x86)\Common Files\Lenovo;C:\ProgramData\Lenovo\ReadyApps;C:\Program Files\MATLAB\R2017a\runtime\win64;C:\Program Files\MATLAB\R2017a\bin;C:\Program Files\MiKTeX 2.9\miktex\bin\x64\;C:\Program Files (x86)\IVI Foundation\VISA\WinNT\Bin\;C:\Program Files\IVI Foundation\VISA\Win64\Bin\;C:\Program Files (x86)\IVI Foundation\VISA\WinNT\Bin;C:\Program Files (x86)\Intel\Intel(R) Management Engine Components\DAL;C:\Program Files\Intel\Intel(R) Management Engine Components\DAL;C:\Program Files (x86)\Intel\Intel(R) Management Engine Components\IPT;C:\Program Files\Intel\Intel(R) Management Engine Components\IPT;C:\Program Files\Intel\WiFi\bin\;C:\Program Files\Common Files\Intel\WirelessCommon\;C:\Users\Robin\AppData\Local\Microsoft\WindowsApps;C:\Users\Robin\AppData\Local\GitHubDesktop\bin;C:\Program Files\Intel\WiFi\bin\;C:\Program Files\Common Files\Intel\WirelessCommon\
USERNAME=Robin
OS=Windows_NT
PROCESSOR_IDENTIFIER=Intel64 Family 6 Model 60 Stepping 3, GenuineIntel



---------------  S Y S T E M  ---------------

OS: Windows 10.0 , 64 bit Build 16299 (10.0.16299.431)

CPU:total 8 (initial active 8) (4 cores per cpu, 2 threads per core) family 6 model 60 stepping 3, cmov, cx8, fxsr, mmx, sse, sse2, sse3, ssse3, sse4.1, sse4.2, popcnt, avx, avx2, aes, clmul, erms, lzcnt, ht, tsc, tscinvbit, bmi1, bmi2

Memory: 4k page, physical 8067900k(892740k free), swap 16194364k(3023028k free)

vm_info: Java HotSpot(TM) 64-Bit Server VM (25.161-b12) for windows-amd64 JRE (1.8.0_161-b12), built on Dec 19 2017 17:52:25 by "java_re" with MS VC++ 10.0 (VS2010)

time: Wed May 30 19:40:47 2018
elapsed time: 21 seconds (0d 0h 0m 21s)

