#
# A fatal error has been detected by the Java Runtime Environment:
#
#  EXCEPTION_ACCESS_VIOLATION (0xc0000005) at pc=0x000000006af475c9, pid=7500, tid=0x0000000000001a4c
#
# JRE version: Java(TM) SE Runtime Environment (8.0_121-b13) (build 1.8.0_121-b13)
# Java VM: Java HotSpot(TM) 64-Bit Server VM (25.121-b13 mixed mode windows-amd64 compressed oops)
# Problematic frame:
# C  [libNRJavaSerial.dll+0x75c9]
#
# Failed to write core dump. Minidumps are not enabled by default on client versions of Windows
#
# If you would like to submit a bug report, please visit:
#   http://bugreport.java.com/bugreport/crash.jsp
# The crash happened outside the Java Virtual Machine in native code.
# See problematic frame for where to report the bug.
#

---------------  T H R E A D  ---------------

Current thread (0x0000000021599800):  JavaThread "eDVS_AEReader" [_thread_in_native, id=6732, stack(0x000000002b0e0000,0x000000002b1e0000)]

siginfo: ExceptionCode=0xc0000005, writing address 0x000000002b0dea98

Registers:
RAX=0x000000002b0dea90, RBX=0x0000000000000001, RCX=0x984d29357a5e0000, RDX=0x0000000000000000
RSP=0x000000002b1dee40, RBP=0x0000000000000001, RSI=0x0000000000000000, RDI=0x0000000000000000
R8 =0x000000002b1deb18, R9 =0x000000002b1debd0, R10=0x0000000000000000, R11=0x0000000000000246
R12=0x0000000000000001, R13=0x0000000020009420, R14=0x00000000ffffffff, R15=0x0000000021599800
RIP=0x000000006af475c9, EFLAGS=0x0000000000010246

Top of Stack: (sp=0x000000002b1dee40)
0x000000002b1dee40:   0000000000000000 0000000000000000
0x000000002b1dee50:   0000000000000000 0000000000000000
0x000000002b1dee60:   000000002b0dea90 00000000215999f8
0x000000002b1dee70:   00000000215ced58 00000000215999f8
0x000000002b1dee80:   0000000000000001 000000002b1defa0
0x000000002b1dee90:   0000000020009420 0000000000000001
0x000000002b1deea0:   0000000000000000 00000000ffffffff
0x000000002b1deeb0:   0000000021599800 000000006af47876
0x000000002b1deec0:   000000002b1defd0 0000000000000001
0x000000002b1deed0:   0000000000000001 0000000000000000
0x000000002b1deee0:   0000000000000001 00000006ffffffff
0x000000002b1deef0:   0000000000000000 00000000ffffffff
0x000000002b1def00:   0000000000000000 00000000520f8d94
0x000000002b1def10:   0000000021599800 0000000000000000
0x000000002b1def20:   000000002f9fea10 00000000215999f8
0x000000002b1def30:   000000000000064b 00000000282193d8 

Instructions: (pc=0x000000006af475c9)
0x000000006af475a9:   e8 03 00 00 e8 7e 16 00 00 39 dd 7f c7 66 2e 0f
0x000000006af475b9:   1f 84 00 00 00 00 00 48 8b 44 24 20 8b 74 24 2c
0x000000006af475c9:   89 70 08 89 d8 48 83 c4 38 5b 5e 5f 5d 41 5c 41
0x000000006af475d9:   5d 41 5e 41 5f c3 90 e8 53 73 00 00 83 38 04 74 


Register to memory mapping:

RAX=0x000000002b0dea90 is an unknown value
RBX=0x0000000000000001 is an unknown value
RCX=0x984d29357a5e0000 is an unknown value
RDX=0x0000000000000000 is an unknown value
RSP=0x000000002b1dee40 is pointing into the stack for thread: 0x0000000021599800
RBP=0x0000000000000001 is an unknown value
RSI=0x0000000000000000 is an unknown value
RDI=0x0000000000000000 is an unknown value
R8 =0x000000002b1deb18 is pointing into the stack for thread: 0x0000000021599800
R9 =0x000000002b1debd0 is pointing into the stack for thread: 0x0000000021599800
R10=0x0000000000000000 is an unknown value
R11=0x0000000000000246 is an unknown value
R12=0x0000000000000001 is an unknown value
R13=0x0000000020009420 is an unknown value
R14=0x00000000ffffffff is an unknown value
R15=0x0000000021599800 is a thread


Stack: [0x000000002b0e0000,0x000000002b1e0000],  sp=0x000000002b1dee40,  free space=1019k
Native frames: (J=compiled Java code, j=interpreted, Vv=VM code, C=native code)
C  [libNRJavaSerial.dll+0x75c9]
C  [libNRJavaSerial.dll+0x7876]
C  0x0000000003219012

Java frames: (J=compiled Java code, j=interpreted, Vv=VM code)
J 3496  gnu.io.RXTXPort.readArray([BII)I (0 bytes) @ 0x0000000003218f94 [0x0000000003218f40+0x54]
J 2232 C2 gnu.io.RXTXPort$SerialInputStream.read([BII)I (230 bytes) @ 0x0000000003803390 [0x0000000003803180+0x210]
J 3643 C1 java.io.InputStream.skip(J)J (70 bytes) @ 0x00000000033b6e2c [0x00000000033b6aa0+0x38c]
J 3547% C2 net.sf.jaer.hardwareinterface.serial.eDVS128.eDVS128_HardwareInterface$AEReader.run()V (513 bytes) @ 0x0000000003ef3bc8 [0x0000000003ef32a0+0x928]
v  ~StubRoutines::call_stub

---------------  P R O C E S S  ---------------

Java Threads: ( => current thread )
=>0x0000000021599800 JavaThread "eDVS_AEReader" [_thread_in_native, id=6732, stack(0x000000002b0e0000,0x000000002b1e0000)]
  0x000000002159c800 JavaThread "RemoteControlDatagramSocketThread" [_thread_in_native, id=5616, stack(0x000000002aee0000,0x000000002afe0000)]
  0x000000002159f000 JavaThread "AEViewer.ViewLoop" [_thread_blocked, id=7916, stack(0x000000002ade0000,0x000000002aee0000)]
  0x000000002159c000 JavaThread "AEServerSocket port=8990" [_thread_in_native, id=8444, stack(0x000000002ace0000,0x000000002ade0000)]
  0x000000002159b000 JavaThread "Thread-9" daemon [_thread_blocked, id=6348, stack(0x0000000029a40000,0x0000000029b40000)]
  0x0000000021523800 JavaThread "Timer-0" [_thread_blocked, id=4588, stack(0x0000000029940000,0x0000000029a40000)]
  0x00000000214f0800 JavaThread "Java Sound Event Dispatcher" daemon [_thread_blocked, id=4972, stack(0x0000000029640000,0x0000000029740000)]
  0x00000000214f2800 JavaThread "RemoteControlDatagramSocketThread" [_thread_in_native, id=5732, stack(0x0000000029340000,0x0000000029440000)]
  0x0000000020e43800 JavaThread "TimerQueue" daemon [_thread_blocked, id=2716, stack(0x0000000028f40000,0x0000000029040000)]
  0x0000000020c58800 JavaThread "AWT-EventQueue-0-SharedResourceRunner" daemon [_thread_blocked, id=10044, stack(0x0000000021950000,0x0000000021a50000)]
  0x0000000020051800 JavaThread "AWT-EventQueue-0" [_thread_blocked, id=8808, stack(0x0000000020780000,0x0000000020880000)]
  0x0000000020050800 JavaThread "AWT-Windows" daemon [_thread_in_native, id=1928, stack(0x0000000020680000,0x0000000020780000)]
  0x000000002007c800 JavaThread "AWT-Shutdown" [_thread_blocked, id=8964, stack(0x0000000020580000,0x0000000020680000)]
  0x0000000020081000 JavaThread "Java2D Disposer" daemon [_thread_blocked, id=9520, stack(0x0000000020480000,0x0000000020580000)]
  0x000000001d1af000 JavaThread "Service Thread" daemon [_thread_blocked, id=9472, stack(0x000000001f950000,0x000000001fa50000)]
  0x000000001d126000 JavaThread "C1 CompilerThread3" daemon [_thread_blocked, id=9484, stack(0x000000001f850000,0x000000001f950000)]
  0x000000001d114000 JavaThread "C2 CompilerThread2" daemon [_thread_blocked, id=9452, stack(0x000000001f750000,0x000000001f850000)]
  0x000000001d111800 JavaThread "C2 CompilerThread1" daemon [_thread_blocked, id=4932, stack(0x000000001f650000,0x000000001f750000)]
  0x000000001d10f800 JavaThread "C2 CompilerThread0" daemon [_thread_blocked, id=5880, stack(0x000000001f550000,0x000000001f650000)]
  0x000000001d10e000 JavaThread "Attach Listener" daemon [_thread_blocked, id=5756, stack(0x000000001f450000,0x000000001f550000)]
  0x000000001d10d000 JavaThread "Signal Dispatcher" daemon [_thread_blocked, id=3504, stack(0x000000001f350000,0x000000001f450000)]
  0x000000001d0f6000 JavaThread "Finalizer" daemon [_thread_blocked, id=7928, stack(0x000000001f160000,0x000000001f260000)]
  0x0000000002c77000 JavaThread "Reference Handler" daemon [_thread_blocked, id=10056, stack(0x000000001f060000,0x000000001f160000)]
  0x0000000002cee000 JavaThread "main" [_thread_blocked, id=1200, stack(0x0000000000c00000,0x0000000000d00000)]

Other Threads:
  0x0000000002eee000 VMThread [stack: 0x000000001ef60000,0x000000001f060000] [id=7776]
  0x000000001d1d4000 WatcherThread [stack: 0x000000001fa50000,0x000000001fb50000] [id=9588]

VM state:not at safepoint (normal execution)

VM Mutex/Monitor currently owned by a thread: None

Heap:
 PSYoungGen      total 1092096K, used 93584K [0x000000076b100000, 0x00000007c0000000, 0x00000007c0000000)
  eden space 1050112K, 6% used [0x000000076b100000,0x000000076f3cb660,0x00000007ab280000)
  from space 41984K, 59% used [0x00000007ab280000,0x00000007acb18ca8,0x00000007adb80000)
  to   space 41472K, 0% used [0x00000007bd780000,0x00000007bd780000,0x00000007c0000000)
 ParOldGen       total 215040K, used 151659K [0x00000006c1200000, 0x00000006ce400000, 0x000000076b100000)
  object space 215040K, 70% used [0x00000006c1200000,0x00000006ca61ac08,0x00000006ce400000)
 Metaspace       used 25411K, capacity 25624K, committed 25856K, reserved 1073152K
  class space    used 2965K, capacity 3064K, committed 3072K, reserved 1048576K

Card table byte_map: [0x0000000012900000,0x0000000013100000] byte_map_base: 0x000000000f2f7000

Marking Bits: (ParMarkBitMap*) 0x000000005200b6d0
 Begin Bits: [0x0000000013e50000, 0x0000000017e08000)
 End Bits:   [0x0000000017e08000, 0x000000001bdc0000)

Polling page: 0x0000000002980000

CodeCache: size=245760Kb used=13651Kb max_used=14603Kb free=232109Kb
 bounds [0x0000000003100000, 0x0000000003f60000, 0x0000000012100000]
 total_blobs=4190 nmethods=3255 adapters=845
 compilation: enabled

Compilation events (10 events):
Event: 25.762 Thread 0x000000001d114000 nmethod 3749 0x000000000358d8d0 code [0x000000000358da40, 0x000000000358de38]
Event: 25.765 Thread 0x000000001d111800 nmethod 3746 0x0000000003565790 code [0x0000000003565a80, 0x0000000003567768]
Event: 25.777 Thread 0x000000001d10f800 3750       4       java.util.PriorityQueue::removeAt (87 bytes)
Event: 25.780 Thread 0x000000001d10f800 nmethod 3750 0x00000000036f3950 code [0x00000000036f3ae0, 0x00000000036f4068]
Event: 25.910 Thread 0x000000001d114000 3751   !   4       javax.swing.Timer::stop (46 bytes)
Event: 25.911 Thread 0x000000001d111800 3752   !   4       javax.swing.TimerQueue::removeTimer (58 bytes)
Event: 25.913 Thread 0x000000001d10f800 3753       4       java.util.PriorityQueue::indexOf (37 bytes)
Event: 25.914 Thread 0x000000001d10f800 nmethod 3753 0x000000000378c190 code [0x000000000378c2e0, 0x000000000378c3d8]
Event: 25.923 Thread 0x000000001d111800 nmethod 3752 0x0000000003424cd0 code [0x0000000003424f00, 0x0000000003425d90]
Event: 25.928 Thread 0x000000001d114000 nmethod 3751 0x000000000399ef50 code [0x000000000399f220, 0x00000000039a0738]

GC Heap History (10 events):
Event: 16.991 GC heap before
{Heap before GC invocations=17 (full 2):
 PSYoungGen      total 578048K, used 556544K [0x000000076b100000, 0x000000078fd80000, 0x00000007c0000000)
  eden space 556544K, 100% used [0x000000076b100000,0x000000078d080000,0x000000078d080000)
  from space 21504K, 0% used [0x000000078e600000,0x000000078e600000,0x000000078fb00000)
  to   space 22016K, 0% used [0x000000078d080000,0x000000078d080000,0x000000078e600000)
 ParOldGen       total 215040K, used 68186K [0x00000006c1200000, 0x00000006ce400000, 0x000000076b100000)
  object space 215040K, 31% used [0x00000006c1200000,0x00000006c5496800,0x00000006ce400000)
 Metaspace       used 25377K, capacity 25624K, committed 25856K, reserved 1073152K
  class space    used 2965K, capacity 3064K, committed 3072K, reserved 1048576K
Event: 17.021 GC heap after
Heap after GC invocations=17 (full 2):
 PSYoungGen      total 578560K, used 21984K [0x000000076b100000, 0x00000007a0080000, 0x00000007c0000000)
  eden space 556544K, 0% used [0x000000076b100000,0x000000076b100000,0x000000078d080000)
  from space 22016K, 99% used [0x000000078d080000,0x000000078e5f83f8,0x000000078e600000)
  to   space 25088K, 0% used [0x000000079e800000,0x000000079e800000,0x00000007a0080000)
 ParOldGen       total 215040K, used 70378K [0x00000006c1200000, 0x00000006ce400000, 0x000000076b100000)
  object space 215040K, 32% used [0x00000006c1200000,0x00000006c56ba800,0x00000006ce400000)
 Metaspace       used 25377K, capacity 25624K, committed 25856K, reserved 1073152K
  class space    used 2965K, capacity 3064K, committed 3072K, reserved 1048576K
}
Event: 18.328 GC heap before
{Heap before GC invocations=18 (full 2):
 PSYoungGen      total 578560K, used 578528K [0x000000076b100000, 0x00000007a0080000, 0x00000007c0000000)
  eden space 556544K, 100% used [0x000000076b100000,0x000000078d080000,0x000000078d080000)
  from space 22016K, 99% used [0x000000078d080000,0x000000078e5f83f8,0x000000078e600000)
  to   space 25088K, 0% used [0x000000079e800000,0x000000079e800000,0x00000007a0080000)
 ParOldGen       total 215040K, used 70378K [0x00000006c1200000, 0x00000006ce400000, 0x000000076b100000)
  object space 215040K, 32% used [0x00000006c1200000,0x00000006c56ba800,0x00000006ce400000)
 Metaspace       used 25382K, capacity 25624K, committed 25856K, reserved 1073152K
  class space    used 2965K, capacity 3064K, committed 3072K, reserved 1048576K
Event: 18.358 GC heap after
Heap after GC invocations=18 (full 2):
 PSYoungGen      total 833536K, used 21184K [0x000000076b100000, 0x000000079fd80000, 0x00000007c0000000)
  eden space 811520K, 0% used [0x000000076b100000,0x000000076b100000,0x000000079c980000)
  from space 22016K, 96% used [0x000000079e800000,0x000000079fcb0000,0x000000079fd80000)
  to   space 26624K, 0% used [0x000000079c980000,0x000000079c980000,0x000000079e380000)
 ParOldGen       total 215040K, used 86010K [0x00000006c1200000, 0x00000006ce400000, 0x000000076b100000)
  object space 215040K, 39% used [0x00000006c1200000,0x00000006c65febf8,0x00000006ce400000)
 Metaspace       used 25382K, capacity 25624K, committed 25856K, reserved 1073152K
  class space    used 2965K, capacity 3064K, committed 3072K, reserved 1048576K
}
Event: 19.506 GC heap before
{Heap before GC invocations=19 (full 2):
 PSYoungGen      total 833536K, used 832704K [0x000000076b100000, 0x000000079fd80000, 0x00000007c0000000)
  eden space 811520K, 100% used [0x000000076b100000,0x000000079c980000,0x000000079c980000)
  from space 22016K, 96% used [0x000000079e800000,0x000000079fcb0000,0x000000079fd80000)
  to   space 26624K, 0% used [0x000000079c980000,0x000000079c980000,0x000000079e380000)
 ParOldGen       total 215040K, used 86010K [0x00000006c1200000, 0x00000006ce400000, 0x000000076b100000)
  object space 215040K, 39% used [0x00000006c1200000,0x00000006c65febf8,0x00000006ce400000)
 Metaspace       used 25382K, capacity 25624K, committed 25856K, reserved 1073152K
  class space    used 2965K, capacity 3064K, committed 3072K, reserved 1048576K
Event: 19.557 GC heap after
Heap after GC invocations=19 (full 2):
 PSYoungGen      total 838144K, used 24763K [0x000000076b100000, 0x00000007af800000, 0x00000007c0000000)
  eden space 811520K, 0% used [0x000000076b100000,0x000000076b100000,0x000000079c980000)
  from space 26624K, 93% used [0x000000079c980000,0x000000079e1aed00,0x000000079e380000)
  to   space 29184K, 0% used [0x00000007adb80000,0x00000007adb80000,0x00000007af800000)
 ParOldGen       total 215040K, used 103170K [0x00000006c1200000, 0x00000006ce400000, 0x000000076b100000)
  object space 215040K, 47% used [0x00000006c1200000,0x00000006c76c0bf8,0x00000006ce400000)
 Metaspace       used 25382K, capacity 25624K, committed 25856K, reserved 1073152K
  class space    used 2965K, capacity 3064K, committed 3072K, reserved 1048576K
}
Event: 22.548 GC heap before
{Heap before GC invocations=20 (full 2):
 PSYoungGen      total 838144K, used 836283K [0x000000076b100000, 0x00000007af800000, 0x00000007c0000000)
  eden space 811520K, 100% used [0x000000076b100000,0x000000079c980000,0x000000079c980000)
  from space 26624K, 93% used [0x000000079c980000,0x000000079e1aed00,0x000000079e380000)
  to   space 29184K, 0% used [0x00000007adb80000,0x00000007adb80000,0x00000007af800000)
 ParOldGen       total 215040K, used 103170K [0x00000006c1200000, 0x00000006ce400000, 0x000000076b100000)
  object space 215040K, 47% used [0x00000006c1200000,0x00000006c76c0bf8,0x00000006ce400000)
 Metaspace       used 25384K, capacity 25624K, committed 25856K, reserved 1073152K
  class space    used 2965K, capacity 3064K, committed 3072K, reserved 1048576K
Event: 22.600 GC heap after
Heap after GC invocations=20 (full 2):
 PSYoungGen      total 1079296K, used 29175K [0x000000076b100000, 0x00000007b0900000, 0x00000007c0000000)
  eden space 1050112K, 0% used [0x000000076b100000,0x000000076b100000,0x00000007ab280000)
  from space 29184K, 99% used [0x00000007adb80000,0x00000007af7fde70,0x00000007af800000)
  to   space 41984K, 0% used [0x00000007ab280000,0x00000007ab280000,0x00000007adb80000)
 ParOldGen       total 215040K, used 128786K [0x00000006c1200000, 0x00000006ce400000, 0x000000076b100000)
  object space 215040K, 59% used [0x00000006c1200000,0x00000006c8fc4bf8,0x00000006ce400000)
 Metaspace       used 25384K, capacity 25624K, committed 25856K, reserved 1073152K
  class space    used 2965K, capacity 3064K, committed 3072K, reserved 1048576K
}
Event: 25.672 GC heap before
{Heap before GC invocations=21 (full 2):
 PSYoungGen      total 1079296K, used 1079287K [0x000000076b100000, 0x00000007b0900000, 0x00000007c0000000)
  eden space 1050112K, 100% used [0x000000076b100000,0x00000007ab280000,0x00000007ab280000)
  from space 29184K, 99% used [0x00000007adb80000,0x00000007af7fde70,0x00000007af800000)
  to   space 41984K, 0% used [0x00000007ab280000,0x00000007ab280000,0x00000007adb80000)
 ParOldGen       total 215040K, used 128786K [0x00000006c1200000, 0x00000006ce400000, 0x000000076b100000)
  object space 215040K, 59% used [0x00000006c1200000,0x00000006c8fc4bf8,0x00000006ce400000)
 Metaspace       used 25409K, capacity 25624K, committed 25856K, reserved 1073152K
  class space    used 2965K, capacity 3064K, committed 3072K, reserved 1048576K
Event: 25.736 GC heap after
Heap after GC invocations=21 (full 2):
 PSYoungGen      total 1092096K, used 25187K [0x000000076b100000, 0x00000007c0000000, 0x00000007c0000000)
  eden space 1050112K, 0% used [0x000000076b100000,0x000000076b100000,0x00000007ab280000)
  from space 41984K, 59% used [0x00000007ab280000,0x00000007acb18ca8,0x00000007adb80000)
  to   space 41472K, 0% used [0x00000007bd780000,0x00000007bd780000,0x00000007c0000000)
 ParOldGen       total 215040K, used 151659K [0x00000006c1200000, 0x00000006ce400000, 0x000000076b100000)
  object space 215040K, 70% used [0x00000006c1200000,0x00000006ca61ac08,0x00000006ce400000)
 Metaspace       used 25409K, capacity 25624K, committed 25856K, reserved 1073152K
  class space    used 2965K, capacity 3064K, committed 3072K, reserved 1048576K
}

Deoptimization events (10 events):
Event: 24.859 Thread 0x0000000020051800 Uncommon trap: reason=unstable_if action=reinterpret pc=0x0000000003eb1d88 method=java.util.PriorityQueue.offer(Ljava/lang/Object;)Z @ 51
Event: 24.859 Thread 0x0000000020051800 Uncommon trap: reason=unstable_if action=reinterpret pc=0x00000000032de5b8 method=java.util.PriorityQueue.offer(Ljava/lang/Object;)Z @ 51
Event: 24.875 Thread 0x0000000020051800 Uncommon trap: reason=unstable_if action=reinterpret pc=0x000000000321dacc method=java.util.PriorityQueue.removeAt(I)Ljava/lang/Object; @ 24
Event: 24.875 Thread 0x0000000020051800 Uncommon trap: reason=class_check action=maybe_recompile pc=0x000000000336cd34 method=java.awt.Container.dispatchEventImpl(Ljava/awt/AWTEvent;)V @ 34
Event: 25.376 Thread 0x0000000020e43800 Uncommon trap: reason=unstable_if action=reinterpret pc=0x0000000003e58124 method=java.util.concurrent.locks.AbstractQueuedSynchronizer$ConditionObject.awaitNanos(J)J @ 53
Event: 25.376 Thread 0x0000000020e43800 Uncommon trap: reason=unstable_if action=reinterpret pc=0x0000000003e815bc method=java.util.concurrent.locks.AbstractQueuedSynchronizer.transferForSignal(Ljava/util/concurrent/locks/AbstractQueuedSynchronizer$Node;)Z @ 7
Event: 25.917 Thread 0x0000000020051800 Uncommon trap: reason=predicate action=maybe_recompile pc=0x0000000003dab6a8 method=java.util.Vector.indexOf(Ljava/lang/Object;I)I @ 44
Event: 25.917 Thread 0x0000000020051800 Uncommon trap: reason=unstable_if action=reinterpret pc=0x00000000037d5f1c method=java.util.concurrent.locks.ReentrantReadWriteLock$Sync.tryAcquireShared(I)I @ 60
Event: 25.917 Thread 0x0000000020051800 Uncommon trap: reason=unstable_if action=reinterpret pc=0x00000000037d633c method=java.util.concurrent.locks.ReentrantReadWriteLock$Sync.tryReleaseShared(I)Z @ 9
Event: 25.927 Thread 0x0000000020051800 Uncommon trap: reason=unstable_if action=reinterpret pc=0x0000000003e11744 method=java.util.concurrent.locks.AbstractQueuedSynchronizer.enq(Ljava/util/concurrent/locks/AbstractQueuedSynchronizer$Node;)Ljava/util/concurrent/locks/AbstractQueuedSynchronizer

Internal exceptions (10 events):
Event: 25.851 Thread 0x0000000021599800 Exception <a 'java/io/IOException'> (0x000000076b16a558) thrown at [C:\re\workspace\8-2-build-windows-amd64-cygwin\jdk8u121\8372\hotspot\src\share\vm\prims\jni.cpp, line 709]
Event: 25.851 Thread 0x0000000021599800 Exception <a 'java/io/IOException'> (0x000000076b16a7b8) thrown at [C:\re\workspace\8-2-build-windows-amd64-cygwin\jdk8u121\8372\hotspot\src\share\vm\prims\jni.cpp, line 709]
Event: 25.867 Thread 0x0000000021599800 Exception <a 'java/io/IOException'> (0x000000076b16e968) thrown at [C:\re\workspace\8-2-build-windows-amd64-cygwin\jdk8u121\8372\hotspot\src\share\vm\prims\jni.cpp, line 709]
Event: 25.867 Thread 0x0000000021599800 Exception <a 'java/io/IOException'> (0x000000076b16ebc8) thrown at [C:\re\workspace\8-2-build-windows-amd64-cygwin\jdk8u121\8372\hotspot\src\share\vm\prims\jni.cpp, line 709]
Event: 25.883 Thread 0x0000000021599800 Exception <a 'java/io/IOException'> (0x000000076b172d30) thrown at [C:\re\workspace\8-2-build-windows-amd64-cygwin\jdk8u121\8372\hotspot\src\share\vm\prims\jni.cpp, line 709]
Event: 25.883 Thread 0x0000000021599800 Exception <a 'java/io/IOException'> (0x000000076b172f90) thrown at [C:\re\workspace\8-2-build-windows-amd64-cygwin\jdk8u121\8372\hotspot\src\share\vm\prims\jni.cpp, line 709]
Event: 25.916 Thread 0x0000000020051800 Exception <a 'java/io/IOException'> (0x000000076e63bcd0) thrown at [C:\re\workspace\8-2-build-windows-amd64-cygwin\jdk8u121\8372\hotspot\src\share\vm\prims\jni.cpp, line 709]
Event: 25.916 Thread 0x0000000020051800 Exception <a 'java/io/IOException'> (0x000000076e63c118) thrown at [C:\re\workspace\8-2-build-windows-amd64-cygwin\jdk8u121\8372\hotspot\src\share\vm\prims\jni.cpp, line 709]
Event: 25.916 Thread 0x0000000020051800 Exception <a 'java/io/IOException'> (0x000000076e641290) thrown at [C:\re\workspace\8-2-build-windows-amd64-cygwin\jdk8u121\8372\hotspot\src\share\vm\prims\jni.cpp, line 709]
Event: 25.916 Thread 0x0000000020051800 Exception <a 'java/io/IOException'> (0x000000076e6416d8) thrown at [C:\re\workspace\8-2-build-windows-amd64-cygwin\jdk8u121\8372\hotspot\src\share\vm\prims\jni.cpp, line 709]

Events (10 events):
Event: 25.917 Thread 0x0000000020051800 DEOPT UNPACKING pc=0x000000000314582a sp=0x000000002087d448 mode 2
Event: 25.917 Executing VM operation: RevokeBias
Event: 25.917 Executing VM operation: RevokeBias done
Event: 25.923 Thread 0x000000001d111800 flushing nmethod 0x0000000003213ed0
Event: 25.923 Thread 0x000000001d111800 flushing nmethod 0x0000000003238890
Event: 25.927 Thread 0x000000002159d800 Thread exited: 0x000000002159d800
Event: 25.927 Thread 0x0000000020051800 Uncommon trap: trap_request=0xffffff65 fr.pc=0x0000000003e11744
Event: 25.927 Thread 0x0000000020051800 DEOPT PACKING pc=0x0000000003e11744 sp=0x000000002087d3f0
Event: 25.927 Thread 0x0000000020051800 DEOPT UNPACKING pc=0x000000000314582a sp=0x000000002087d390 mode 2
Event: 25.928 Thread 0x000000001d114000 flushing nmethod 0x00000000032f1150


Dynamic libraries:
0x00007ff79a790000 - 0x00007ff79a7e7000 	C:\Users\Greg\Documents\jAER\jAER\trunk\jAERViewer1.5_win64.exe
0x00007ff9f79a0000 - 0x00007ff9f7b71000 	C:\Windows\SYSTEM32\ntdll.dll
0x00007ff9f4fd0000 - 0x00007ff9f507b000 	C:\Windows\System32\KERNEL32.DLL
0x00007ff9f4760000 - 0x00007ff9f497d000 	C:\Windows\System32\KERNELBASE.dll
0x00007ff9f5190000 - 0x00007ff9f52f5000 	C:\Windows\System32\USER32.dll
0x00007ff9f4740000 - 0x00007ff9f475e000 	C:\Windows\System32\win32u.dll
0x00007ff9f5300000 - 0x00007ff9f5334000 	C:\Windows\System32\GDI32.dll
0x00007ff9f4cf0000 - 0x00007ff9f4e72000 	C:\Windows\System32\gdi32full.dll
0x00007ff9f50e0000 - 0x00007ff9f5182000 	C:\Windows\System32\ADVAPI32.dll
0x00007ff9f74a0000 - 0x00007ff9f753e000 	C:\Windows\System32\msvcrt.dll
0x00007ff9f5080000 - 0x00007ff9f50d9000 	C:\Windows\System32\sechost.dll
0x00007ff9f7870000 - 0x00007ff9f7991000 	C:\Windows\System32\RPCRT4.dll
0x00007ff9f6c80000 - 0x00007ff9f6cae000 	C:\Windows\System32\IMM32.DLL
0x00007ff9ea900000 - 0x00007ff9eab79000 	C:\Windows\WinSxS\amd64_microsoft.windows.common-controls_6595b64144ccf1df_6.0.14393.447_none_42191651c6827bb3\comctl32.dll
0x00007ff9f7140000 - 0x00007ff9f7408000 	C:\Windows\System32\combase.dll
0x00007ff9f4980000 - 0x00007ff9f4a75000 	C:\Windows\System32\ucrtbase.dll
0x00007ff9f4c80000 - 0x00007ff9f4cea000 	C:\Windows\System32\bcryptPrimitives.dll
0x00000000517f0000 - 0x000000005208b000 	c:\program files\java\jre1.8.0_121\bin\server\jvm.dll
0x00007ff9f6c70000 - 0x00007ff9f6c78000 	C:\Windows\System32\PSAPI.DLL
0x00007ff9ee710000 - 0x00007ff9ee719000 	C:\Windows\SYSTEM32\WSOCK32.dll
0x00007ff9ed900000 - 0x00007ff9ed90a000 	C:\Windows\SYSTEM32\VERSION.dll
0x00007ff9f2000000 - 0x00007ff9f2023000 	C:\Windows\SYSTEM32\WINMM.dll
0x00007ff9f7410000 - 0x00007ff9f747a000 	C:\Windows\System32\WS2_32.dll
0x0000000052090000 - 0x0000000052162000 	c:\program files\java\jre1.8.0_121\bin\MSVCR100.dll
0x00007ff9f1fa0000 - 0x00007ff9f1fcb000 	C:\Windows\SYSTEM32\WINMMBASE.dll
0x00007ff9f4a80000 - 0x00007ff9f4ac2000 	C:\Windows\System32\cfgmgr32.dll
0x0000000052dc0000 - 0x0000000052df9000 	c:\program files\java\jre1.8.0_121\bin\splashscreen.dll
0x00007ff9f2590000 - 0x00007ff9f2625000 	C:\Windows\system32\uxtheme.dll
0x00007ff9f6b10000 - 0x00007ff9f6c6b000 	C:\Windows\System32\MSCTF.dll
0x00007ff9f6910000 - 0x00007ff9f69cf000 	C:\Windows\System32\OLEAUT32.dll
0x00007ff9f4ad0000 - 0x00007ff9f4b6c000 	C:\Windows\System32\msvcp_win.dll
0x0000000053040000 - 0x000000005304f000 	c:\program files\java\jre1.8.0_121\bin\verify.dll
0x0000000052d90000 - 0x0000000052db9000 	c:\program files\java\jre1.8.0_121\bin\java.dll
0x0000000053020000 - 0x0000000053036000 	c:\program files\java\jre1.8.0_121\bin\zip.dll
0x00007ff9f3e30000 - 0x00007ff9f3e3f000 	C:\Windows\System32\kernel.appcore.dll
0x00007ff9f53a0000 - 0x00007ff9f68a9000 	C:\Windows\System32\SHELL32.dll
0x00007ff9f4060000 - 0x00007ff9f473a000 	C:\Windows\System32\windows.storage.dll
0x00007ff9f3e40000 - 0x00007ff9f3e8c000 	C:\Windows\System32\powrprof.dll
0x00007ff9f70e0000 - 0x00007ff9f7132000 	C:\Windows\System32\shlwapi.dll
0x00007ff9f4e80000 - 0x00007ff9f4f29000 	C:\Windows\System32\shcore.dll
0x00007ff9f3e00000 - 0x00007ff9f3e14000 	C:\Windows\System32\profapi.dll
0x00000000529b0000 - 0x0000000052b48000 	C:\Program Files\Java\jre1.8.0_121\bin\awt.dll
0x00007ff9f2270000 - 0x00007ff9f22ea000 	C:\Windows\SYSTEM32\apphelp.dll
0x00007ff9f1840000 - 0x00007ff9f1866000 	C:\Windows\system32\dwmapi.dll
0x00007ff9f69d0000 - 0x00007ff9f6b07000 	C:\Windows\System32\ole32.dll
0x00007ff9dcd10000 - 0x00007ff9dce33000 	C:\Windows\system32\opengl32.dll
0x00007ff9dcb60000 - 0x00007ff9dcc57000 	C:\Windows\SYSTEM32\DDRAW.dll
0x00007ff9ddd50000 - 0x00007ff9ddd7d000 	C:\Windows\SYSTEM32\GLU32.dll
0x00007ff9e7570000 - 0x00007ff9e7578000 	C:\Windows\SYSTEM32\DCIMAN32.dll
0x00007ff9f38d0000 - 0x00007ff9f38e7000 	C:\Windows\SYSTEM32\CRYPTSP.dll
0x00007ff9f3340000 - 0x00007ff9f3373000 	C:\Windows\system32\rsaenh.dll
0x00007ff9f39e0000 - 0x00007ff9f3a0b000 	C:\Windows\SYSTEM32\bcrypt.dll
0x00007ff9f35b0000 - 0x00007ff9f35cf000 	C:\Windows\SYSTEM32\USERENV.dll
0x00007ff9f38f0000 - 0x00007ff9f38fb000 	C:\Windows\SYSTEM32\CRYPTBASE.dll
0x0000000052d40000 - 0x0000000052d5a000 	C:\Program Files\Java\jre1.8.0_121\bin\net.dll
0x00007ff9f3730000 - 0x00007ff9f378c000 	C:\Windows\system32\mswsock.dll
0x00007ff9f34c0000 - 0x00007ff9f34f8000 	C:\Windows\SYSTEM32\IPHLPAPI.DLL
0x00007ff9f7540000 - 0x00007ff9f7548000 	C:\Windows\System32\NSI.dll
0x00007ff9f01e0000 - 0x00007ff9f01f6000 	C:\Windows\SYSTEM32\dhcpcsvc6.DLL
0x00007ff9f01c0000 - 0x00007ff9f01da000 	C:\Windows\SYSTEM32\dhcpcsvc.DLL
0x0000000051760000 - 0x0000000051771000 	C:\Program Files\Java\jre1.8.0_121\bin\nio.dll
0x00000000637c0000 - 0x00000000637cd000 	C:\Users\Greg\AppData\Local\Temp\jogamp_0000\file_cache\jln3240249419736134814\jln3791443986914693188\natives\windows-amd64\gluegen-rt.dll
0x0000000053060000 - 0x0000000053067000 	C:\Program Files\Java\jre1.8.0_121\bin\jawt.dll
0x000000006a440000 - 0x000000006a44d000 	C:\Users\Greg\AppData\Local\Temp\jogamp_0000\file_cache\jln3240249419736134814\jln3791443986914693188\natives\windows-amd64\nativewindow_awt.dll
0x000000006c100000 - 0x000000006c10f000 	C:\Users\Greg\AppData\Local\Temp\jogamp_0000\file_cache\jln3240249419736134814\jln3791443986914693188\natives\windows-amd64\nativewindow_win32.dll
0x0000000064500000 - 0x00000000645b1000 	C:\Users\Greg\AppData\Local\Temp\jogamp_0000\file_cache\jln3240249419736134814\jln3791443986914693188\natives\windows-amd64\jogl_desktop.dll
0x0000000064340000 - 0x00000000643a2000 	C:\Users\Greg\AppData\Local\Temp\jogamp_0000\file_cache\jln3240249419736134814\jln3791443986914693188\natives\windows-amd64\jogl_mobile.dll
0x00007ff9ee670000 - 0x00007ff9ee69c000 	C:\Windows\SYSTEM32\DriverStore\FileRepository\nv_dispiwu.inf_amd64_bf2d88c4ea749bb8\nvoglshim64.dll
0x00007ff9c98c0000 - 0x00007ff9ca406000 	C:\Windows\system32\ig75icd64.dll
0x00007ff9eb1f0000 - 0x00007ff9ebc30000 	C:\Windows\SYSTEM32\igdusc64.dll
0x00007ff9f0bf0000 - 0x00007ff9f0c03000 	C:\Windows\SYSTEM32\WTSAPI32.dll
0x0000000052960000 - 0x00000000529a7000 	C:\Program Files\Java\jre1.8.0_121\bin\fontmanager.dll
0x0000000052910000 - 0x0000000052952000 	C:\Program Files\Java\jre1.8.0_121\bin\t2k.dll
0x00007ff9f4f30000 - 0x00007ff9f4fcf000 	C:\Windows\System32\clbcatq.dll
0x00007ff9f0650000 - 0x00007ff9f07f8000 	C:\Windows\SYSTEM32\WindowsCodecs.dll
0x00007ff9de5e0000 - 0x00007ff9de629000 	C:\Windows\system32\dataexchange.dll
0x00007ff9efe60000 - 0x00007ff9f0116000 	C:\Windows\system32\d3d11.dll
0x00007ff9f1cd0000 - 0x00007ff9f1e21000 	C:\Windows\system32\dcomp.dll
0x00007ff9f2d90000 - 0x00007ff9f2e2f000 	C:\Windows\system32\dxgi.dll
0x00007ff9f2860000 - 0x00007ff9f297c000 	C:\Windows\system32\twinapi.appcore.dll
0x0000000180000000 - 0x0000000180032000 	C:\Users\Greg\Documents\jAER\jAER\trunk\jars\win64\usbiojava.dll
0x00007ff9f6cb0000 - 0x00007ff9f70d9000 	C:\Windows\System32\setupapi.dll
0x00007ff9f29e0000 - 0x00007ff9f2a08000 	C:\Windows\SYSTEM32\DEVOBJ.dll
0x00007ff9f4c20000 - 0x00007ff9f4c75000 	C:\Windows\System32\WINTRUST.dll
0x00007ff9f3e20000 - 0x00007ff9f3e30000 	C:\Windows\System32\MSASN1.dll
0x00007ff9f3e90000 - 0x00007ff9f4059000 	C:\Windows\System32\CRYPT32.dll
0x000000006b600000 - 0x000000006b62f000 	C:\Users\Greg\AppData\Local\Temp\usb4java3884143387229131910.tmp\libusb-1.0.dll
0x0000000070880000 - 0x0000000070897000 	C:\Users\Greg\AppData\Local\Temp\usb4java3884143387229131910.tmp\libusb4java.dll
0x00007ff9f1880000 - 0x00007ff9f188b000 	C:\Windows\SYSTEM32\WinUSB.DLL
0x00007ff9f2cf0000 - 0x00007ff9f2cfc000 	C:\Windows\SYSTEM32\hid.dll
0x000000006af40000 - 0x000000006af71000 	C:\Users\Greg\AppData\Local\Temp\libNRJavaSerial_Greg_0\libNRJavaSerial.dll
0x0000000053050000 - 0x000000005305c000 	C:\Program Files\Java\jre1.8.0_121\bin\jsound.dll
0x0000000052e10000 - 0x0000000052e1b000 	C:\Program Files\Java\jre1.8.0_121\bin\jsoundds.dll
0x00007ff9dfb50000 - 0x00007ff9dfbeb000 	C:\Windows\SYSTEM32\DSOUND.dll
0x00007ff9ef280000 - 0x00007ff9ef2f1000 	C:\Windows\SYSTEM32\MMDevAPI.DLL
0x00007ff9f0c80000 - 0x00007ff9f0e05000 	C:\Windows\SYSTEM32\PROPSYS.dll
0x00007ff9e8950000 - 0x00007ff9e898f000 	C:\Windows\SYSTEM32\wdmaud.drv
0x00007ff9f0800000 - 0x00007ff9f0809000 	C:\Windows\SYSTEM32\ksuser.dll
0x00007ff9ef8e0000 - 0x00007ff9ef8eb000 	C:\Windows\SYSTEM32\AVRT.dll
0x00007ff9d4850000 - 0x00007ff9d48e4000 	C:\Windows\SYSTEM32\AUDIOSES.DLL
0x00007ff9ef040000 - 0x00007ff9ef176000 	C:\Windows\SYSTEM32\wintypes.dll
0x00007ff9ee740000 - 0x00007ff9ee74d000 	C:\Windows\SYSTEM32\msacm32.drv
0x00007ff9ebcb0000 - 0x00007ff9ebccc000 	C:\Windows\SYSTEM32\MSACM32.dll
0x00007ff9eab80000 - 0x00007ff9eab8a000 	C:\Windows\SYSTEM32\midimap.dll
0x00007ff9e8a90000 - 0x00007ff9e8c22000 	C:\Windows\SYSTEM32\dbghelp.dll

VM Arguments:
jvm_args: -Dexe4j.semaphoreName=Local\c:_users_greg_documents_jaer_jaer_trunk_jaerviewer1.5_win64.exe0 -Dexe4j.moduleName=C:\Users\Greg\Documents\jAER\jAER\trunk\jAERViewer1.5_win64.exe -Dexe4j.tempDir=C:\Users\Greg\AppData\Local\Temp\e4j2F48.tmp_dir1486559194 -Dexe4j.unextractedPosition=401166 -Djava.library.path=C:\Users\Greg\Documents\jAER\jAER\trunk\.\.\jars\win64;C:\ProgramData\Oracle\Java\javapath;C:\Windows\system32;C:\Windows;C:\Windows\System32\Wbem;C:\Windows\System32\WindowsPowerShell\v1.0\;C:\Program Files\TortoiseSVN\bin;C:\Program Files\MATLAB\R2016b\runtime\win64;C:\Program Files\MATLAB\R2016b\bin;C:\Program Files (x86)\PuTTY\;C:\Users\Greg\AppData\Local\Microsoft\WindowsApps;c:\program files\java\jre1.8.0_121\bin -Dexe4j.consoleCodepage=cp0 -Djava.util.logging.config.file=conf/Logging.properties -Dsun.java2d.noddraw=true -Dsun.java2d.opengl=false 
java_command: C:\Users\Greg\Documents\jAER\jAER\trunk\jAERViewer1.5_win64.exe
java_class_path (initial): C:\Users\Greg\AppData\Local\Temp\e4j2F48.tmp_dir1486559194\exe4jlib.jar;C:\Users\Greg\Documents\jAER\jAER\trunk\.\.\dist\jAER.jar;C:\Users\Greg\Documents\jAER\jAER\trunk\.\.\jars\ant.jar;C:\Users\Greg\Documents\jAER\jAER\trunk\.\.\jars\betterbeansbinding-1.3.0-all.jar;C:\Users\Greg\Documents\jAER\jAER\trunk\.\.\jars\comm.jar;C:\Users\Greg\Documents\jAER\jAER\trunk\.\.\jars\commons-lang3-3.4.jar;C:\Users\Greg\Documents\jAER\jAER\trunk\.\.\jars\commons-math3-3.6.1.jar;C:\Users\Greg\Documents\jAER\jAER\trunk\.\.\jars\commons-net-3.4.jar;C:\Users\Greg\Documents\jAER\jAER\trunk\.\.\jars\gson-2.8.0-javadoc.jar;C:\Users\Greg\Documents\jAER\jAER\trunk\.\.\jars\gson-2.8.0-sources.jar;C:\Users\Greg\Documents\jAER\jAER\trunk\.\.\jars\gson-2.8.0.jar;C:\Users\Greg\Documents\jAER\jAER\trunk\.\.\jars\javax.mail-1.5.0.jar;C:\Users\Greg\Documents\jAER\jAER\trunk\.\.\jars\jblas-1.2.4.jar;C:\Users\Greg\Documents\jAER\jAER\trunk\.\.\jars\JEvtLearn.jar;C:\Users\Greg\Documents\jAER\jAER\trunk\.\.\jars\jlfgr-1.0.jar;C:\Users\Greg\Documents\jAER\jAER\trunk\.\.\jars\jmatio.jar;C:\Users\Greg\Documents\jAER\jAER\trunk\.\.\jars\nrjavaserial-3.12.0.jar;C:\Users\Greg\Documents\jAER\jAER\trunk\.\.\jars\phidget21-2.1.8.20130618.jar;C:\Users\Greg\Documents\jAER\jAER\trunk\.\.\jars\svgSalamander-tiny-2013-07-13.jar;C:\Users\Greg\Documents\jAER\jAER\trunk\.\.\jars\swing-layout-1.0.4.jar;C:\Users\Greg\Documents\jAER\jAER\trunk\.\.\jars\uncommons-maths-1.2.3.jar;C:\Users\Greg\Documents\jAER\jAER\trunk\.\.\jars\UsbIoJava.jar;C:\Users\Greg\Documents\jAER\jAER\trunk\.\.\jars\USBTransferThread-0.9.6.jar;C:\Users\Greg\Documents\jAER\jAER\trunk\.\.\jars\javacv\javacpp.jar;C:\Users\Greg\Documents\jAER\jAER\trunk\.\.\jars\javacv\javacv.jar;C:\Users\Greg\Documents\jAER\jAER\trunk\.\.\jars\javacv\opencv-linux-x86.jar;C:\Users\Greg\Documents\jAER\jAER\trunk\.\.\jars\javacv\opencv-linux-x86_64.jar;C:\Users\Greg\Documents\jAER\jAER\trunk\.\.\jars\javacv\opencv-macosx-x86_64.jar;C:\Users
Launcher Type: generic

Environment Variables:
PATH=C:\Users\Greg\Documents\jAER\jAER\trunk\.\.\jars\win64;C:\ProgramData\Oracle\Java\javapath;C:\Windows\system32;C:\Windows;C:\Windows\System32\Wbem;C:\Windows\System32\WindowsPowerShell\v1.0\;C:\Program Files\TortoiseSVN\bin;C:\Program Files\MATLAB\R2016b\runtime\win64;C:\Program Files\MATLAB\R2016b\bin;C:\Program Files (x86)\PuTTY\;C:\Users\Greg\AppData\Local\Microsoft\WindowsApps;c:\program files\java\jre1.8.0_121\bin
USERNAME=Greg
OS=Windows_NT
PROCESSOR_IDENTIFIER=Intel64 Family 6 Model 60 Stepping 3, GenuineIntel



---------------  S Y S T E M  ---------------

OS: Windows 10.0 , 64 bit Build 14393 (10.0.14393.0)

CPU:total 8 (4 cores per cpu, 2 threads per core) family 6 model 60 stepping 3, cmov, cx8, fxsr, mmx, sse, sse2, sse3, ssse3, sse4.1, sse4.2, popcnt, avx, avx2, aes, clmul, erms, lzcnt, ht, tsc, tscinvbit, bmi1, bmi2

Memory: 4k page, physical 16698648k(10333288k free), swap 19189016k(11430424k free)

vm_info: Java HotSpot(TM) 64-Bit Server VM (25.121-b13) for windows-amd64 JRE (1.8.0_121-b13), built on Dec 12 2016 18:21:36 by "java_re" with MS VC++ 10.0 (VS2010)

time: Wed Feb 08 14:07:00 2017
elapsed time: 25 seconds (0d 0h 0m 25s)

