#
# A fatal error has been detected by the Java Runtime Environment:
#
#  EXCEPTION_ACCESS_VIOLATION (0xc0000005) at pc=0x00007ff800646462, pid=19320, tid=0x00000000000037cc
#
# JRE version: Java(TM) SE Runtime Environment (8.0_161-b12) (build 1.8.0_161-b12)
# Java VM: Java HotSpot(TM) 64-Bit Server VM (25.161-b12 mixed mode windows-amd64 compressed oops)
# Problematic frame:
# C  [ig75icd64.dll+0x226462]
#
# Failed to write core dump. Minidumps are not enabled by default on client versions of Windows
#
# If you would like to submit a bug report, please visit:
#   http://bugreport.java.com/bugreport/crash.jsp
# The crash happened outside the Java Virtual Machine in native code.
# See problematic frame for where to report the bug.
#

---------------  T H R E A D  ---------------

Current thread (0x000000001b2ab800):  JavaThread "AWT-EventQueue-0" [_thread_in_native, id=14284, stack(0x000000001c0e0000,0x000000001c1e0000)]

siginfo: ExceptionCode=0xc0000005, reading address 0x0000000000000028

Registers:
RAX=0x0000000063d439e0, RBX=0x0000000000000000, RCX=0x0000000000000300, RDX=0x0000000063a65040
RSP=0x000000001c1d9c40, RBP=0x000000001c1d9d40, RSI=0x0000000061b4df00, RDI=0x0000000063a65c20
R8 =0x00000000640b2480, R9 =0x0000000000000184, R10=0x0000000000000000, R11=0x0000000000000000
R12=0x000000001c1da710, R13=0x0000000063a654e8, R14=0x0000000063d43a90, R15=0x0000000000000000
RIP=0x00007ff800646462, EFLAGS=0x0000000000010206

Top of Stack: (sp=0x000000001c1d9c40)
0x000000001c1d9c40:   000000001c1d9d50 00007ff80064992b
0x000000001c1d9c50:   0000000063c189d0 00000000020b5000
0x000000001c1d9c60:   000000001fecaea0 0000000063c189d0
0x000000001c1d9c70:   00000000640b2480 000000001fe7c158
0x000000001c1d9c80:   000000107a000003 0000000000000184
0x000000001c1d9c90:   0000000000000010 000000001c1da710
0x000000001c1d9ca0:   00000000647d3884 000000000000001c
0x000000001c1d9cb0:   0000000000000000 0000000000002864
0x000000001c1d9cc0:   0000000063d43a90 0000000000010000
0x000000001c1d9cd0:   00000000647d3864 0000000000200000
0x000000001c1d9ce0:   00000000647d1000 0000000000000000
0x000000001c1d9cf0:   0000000000000000 0000000000000003
0x000000001c1d9d00:   0000000000000000 000000006324ee88
0x000000001c1d9d10:   00000000633e6530 00000000647d3880
0x000000001c1d9d20:   00000000633e65d0 00000000633aff38
0x000000001c1d9d30:   00000000633e6610 0000000000000000 

Instructions: (pc=0x00007ff800646462)
0x00007ff800646442:   89 4d d0 8b 5f 14 e9 95 04 00 00 83 78 08 00 74
0x00007ff800646452:   53 4c 8d b0 b0 00 00 00 4c 89 75 80 49 8b 5e 30
0x00007ff800646462:   48 8b 43 28 48 8b 48 20 48 8b 49 08 e8 ed bf 37
0x00007ff800646472:   00 41 89 44 24 08 8b 47 08 03 43 08 41 89 44 24 


Register to memory mapping:

RAX=0x0000000063d439e0 is an unknown value
RBX=0x0000000000000000 is an unknown value
RCX=0x0000000000000300 is an unknown value
RDX=0x0000000063a65040 is an unknown value
RSP=0x000000001c1d9c40 is pointing into the stack for thread: 0x000000001b2ab800
RBP=0x000000001c1d9d40 is pointing into the stack for thread: 0x000000001b2ab800
RSI=0x0000000061b4df00 is an unknown value
RDI=0x0000000063a65c20 is an unknown value
R8 =0x00000000640b2480 is an unknown value
R9 =0x0000000000000184 is an unknown value
R10=0x0000000000000000 is an unknown value
R11=0x0000000000000000 is an unknown value
R12=0x000000001c1da710 is pointing into the stack for thread: 0x000000001b2ab800
R13=0x0000000063a654e8 is an unknown value
R14=0x0000000063d43a90 is an unknown value
R15=0x0000000000000000 is an unknown value


Stack: [0x000000001c0e0000,0x000000001c1e0000],  sp=0x000000001c1d9c40,  free space=999k
Native frames: (J=compiled Java code, j=interpreted, Vv=VM code, C=native code)
C  [ig75icd64.dll+0x226462]
C  [ig75icd64.dll+0x252655]
C  [ig75icd64.dll+0x3037eb]
C  [ig75icd64.dll+0x303227]
C  [ig75icd64.dll+0x4d4914]
C  [ig75icd64.dll+0x4d5193]
C  0x0000000002f78c67

Java frames: (J=compiled Java code, j=interpreted, Vv=VM code)
j  jogamp.opengl.gl4.GL4bcImpl.dispatch_glDrawArrays1(IIIJ)V+0
j  jogamp.opengl.gl4.GL4bcImpl.glDrawArrays(III)V+45
j  com.jogamp.opengl.util.awt.TextRenderer$Pipelined_QuadRenderer.drawVertexArrays()V+209
j  com.jogamp.opengl.util.awt.TextRenderer$Pipelined_QuadRenderer.draw()V+11
j  com.jogamp.opengl.util.awt.TextRenderer$Pipelined_QuadRenderer.access$000(Lcom/jogamp/opengl/util/awt/TextRenderer$Pipelined_QuadRenderer;)V+1
j  com.jogamp.opengl.util.awt.TextRenderer.flushGlyphPipeline()V+11
j  com.jogamp.opengl.util.awt.TextRenderer.endRendering(Z)V+1
j  com.jogamp.opengl.util.awt.TextRenderer.endRendering()V+2
j  ch.unizh.ini.jaer.projects.jjslam.JJSlam.annotate(Lcom/jogamp/opengl/GLAutoDrawable;)V+152
j  net.sf.jaer.graphics.ChipCanvas.drawAnnotationsIncludingEnclosed(Lnet/sf/jaer/eventprocessing/EventFilter;Lnet/sf/jaer/graphics/FrameAnnotater;Lcom/jogamp/opengl/GLAutoDrawable;)V+2
j  net.sf.jaer.graphics.ChipCanvas.annotate(Lcom/jogamp/opengl/GLAutoDrawable;)V+191
j  net.sf.jaer.graphics.ChipCanvas.display(Lcom/jogamp/opengl/GLAutoDrawable;)V+151
j  jogamp.opengl.GLDrawableHelper.displayImpl(Lcom/jogamp/opengl/GLAutoDrawable;)V+62
j  jogamp.opengl.GLDrawableHelper.display(Lcom/jogamp/opengl/GLAutoDrawable;)V+2
j  com.jogamp.opengl.awt.GLCanvas$11.run()V+118
j  jogamp.opengl.GLDrawableHelper.invokeGLImpl(Lcom/jogamp/opengl/GLDrawable;Lcom/jogamp/opengl/GLContext;Ljava/lang/Runnable;Ljava/lang/Runnable;)V+203
j  jogamp.opengl.GLDrawableHelper.invokeGL(Lcom/jogamp/opengl/GLDrawable;Lcom/jogamp/opengl/GLContext;Ljava/lang/Runnable;Ljava/lang/Runnable;)V+72
j  com.jogamp.opengl.awt.GLCanvas$12.run()V+104
j  com.jogamp.opengl.Threading.invoke(ZLjava/lang/Runnable;Ljava/lang/Object;)V+27
j  com.jogamp.opengl.awt.GLCanvas.display()V+64
j  com.jogamp.opengl.awt.GLCanvas.paint(Ljava/awt/Graphics;)V+137
j  sun.awt.RepaintArea.paintComponent(Ljava/awt/Component;Ljava/awt/Graphics;)V+6
j  sun.awt.RepaintArea.paint(Ljava/lang/Object;Z)V+326
J 3163 C1 sun.awt.windows.WComponentPeer.handleEvent(Ljava/awt/AWTEvent;)V (173 bytes) @ 0x000000000393c0ac [0x000000000393b1c0+0xeec]
J 3089 C1 java.awt.Component.dispatchEventImpl(Ljava/awt/AWTEvent;)V (883 bytes) @ 0x000000000390d904 [0x0000000003906460+0x74a4]
J 4436 C2 java.awt.EventQueue$3.run()Ljava/lang/Object; (5 bytes) @ 0x0000000003cc9210 [0x0000000003cc8e80+0x390]
v  ~StubRoutines::call_stub
J 484  java.security.AccessController.doPrivileged(Ljava/security/PrivilegedAction;Ljava/security/AccessControlContext;)Ljava/lang/Object; (0 bytes) @ 0x0000000003190de6 [0x0000000003190d80+0x66]
J 3201 C1 java.awt.EventQueue$4.run()Ljava/lang/Object; (5 bytes) @ 0x000000000396ca6c [0x000000000396c640+0x42c]
v  ~StubRoutines::call_stub
J 484  java.security.AccessController.doPrivileged(Ljava/security/PrivilegedAction;Ljava/security/AccessControlContext;)Ljava/lang/Object; (0 bytes) @ 0x0000000003190de6 [0x0000000003190d80+0x66]
J 4434 C2 java.awt.EventQueue.dispatchEvent(Ljava/awt/AWTEvent;)V (80 bytes) @ 0x0000000003083410 [0x0000000003083180+0x290]
J 2374 C1 java.awt.EventDispatchThread.pumpOneEventForFilters(I)V (295 bytes) @ 0x00000000030ab224 [0x00000000030a96c0+0x1b64]
j  java.awt.EventDispatchThread.pumpEventsForFilter(ILjava/awt/Conditional;Ljava/awt/EventFilter;)V+35
j  java.awt.EventDispatchThread.pumpEventsForHierarchy(ILjava/awt/Conditional;Ljava/awt/Component;)V+11
j  java.awt.EventDispatchThread.pumpEvents(ILjava/awt/Conditional;)V+4
j  java.awt.EventDispatchThread.pumpEvents(Ljava/awt/Conditional;)V+3
j  java.awt.EventDispatchThread.run()V+9
v  ~StubRoutines::call_stub

---------------  P R O C E S S  ---------------

Java Threads: ( => current thread )
  0x000000001efe8800 JavaThread "SwingWorker-pool-2-thread-1" daemon [_thread_blocked, id=6232, stack(0x000000006b080000,0x000000006b180000)]
  0x000000001efe7800 JavaThread "Swing-Shell" daemon [_thread_blocked, id=13084, stack(0x0000000067f90000,0x0000000068090000)]
  0x000000001efec000 JavaThread "RemoteControlDatagramSocketThread" [_thread_in_native, id=17456, stack(0x00000000638d0000,0x00000000639d0000)]
  0x000000001efe9000 JavaThread "AEViewer.ViewLoop" [_thread_blocked, id=16340, stack(0x00000000637d0000,0x00000000638d0000)]
  0x000000001efeb800 JavaThread "AEServerSocket port=8990" [_thread_in_native, id=16432, stack(0x0000000063620000,0x0000000063720000)]
  0x000000001efea800 JavaThread "Thread-9" daemon [_thread_blocked, id=15468, stack(0x0000000063420000,0x0000000063520000)]
  0x000000001b24c800 JavaThread "Java Sound Event Dispatcher" daemon [_thread_blocked, id=6752, stack(0x0000000062e20000,0x0000000062f20000)]
  0x000000001f104800 JavaThread "RemoteControlDatagramSocketThread" [_thread_in_native, id=15804, stack(0x0000000062920000,0x0000000062a20000)]
  0x000000001f007000 JavaThread "TimerQueue" daemon [_thread_blocked, id=17888, stack(0x0000000062420000,0x0000000062520000)]
  0x000000001d2a7000 JavaThread "AWT-EventQueue-0-SharedResourceRunner" daemon [_thread_blocked, id=12976, stack(0x000000001ec70000,0x000000001ed70000)]
  0x0000000002e67000 JavaThread "DestroyJavaVM" [_thread_blocked, id=14488, stack(0x0000000002d60000,0x0000000002e60000)]
=>0x000000001b2ab800 JavaThread "AWT-EventQueue-0" [_thread_in_native, id=14284, stack(0x000000001c0e0000,0x000000001c1e0000)]
  0x000000001b2aa800 JavaThread "AWT-Windows" daemon [_thread_in_native, id=14116, stack(0x000000001b590000,0x000000001b690000)]
  0x000000001b2a9800 JavaThread "AWT-Shutdown" [_thread_blocked, id=18856, stack(0x000000001b490000,0x000000001b590000)]
  0x000000001b2a7000 JavaThread "Java2D Disposer" daemon [_thread_blocked, id=16992, stack(0x000000001b390000,0x000000001b490000)]
  0x0000000019cc7000 JavaThread "Service Thread" daemon [_thread_blocked, id=5952, stack(0x000000001a820000,0x000000001a920000)]
  0x0000000019c40800 JavaThread "C1 CompilerThread3" daemon [_thread_blocked, id=19396, stack(0x000000001a720000,0x000000001a820000)]
  0x0000000019c39800 JavaThread "C2 CompilerThread2" daemon [_thread_in_native, id=19132, stack(0x000000001a620000,0x000000001a720000)]
  0x0000000019c34800 JavaThread "C2 CompilerThread1" daemon [_thread_blocked, id=3036, stack(0x000000001a520000,0x000000001a620000)]
  0x0000000019c32000 JavaThread "C2 CompilerThread0" daemon [_thread_blocked, id=14240, stack(0x000000001a420000,0x000000001a520000)]
  0x0000000019c2f000 JavaThread "Attach Listener" daemon [_thread_blocked, id=17832, stack(0x000000001a320000,0x000000001a420000)]
  0x0000000019c2e000 JavaThread "Signal Dispatcher" daemon [_thread_blocked, id=3728, stack(0x000000001a220000,0x000000001a320000)]
  0x0000000019c20800 JavaThread "Finalizer" daemon [_thread_blocked, id=15872, stack(0x000000001a000000,0x000000001a100000)]
  0x0000000017d2d800 JavaThread "Reference Handler" daemon [_thread_blocked, id=17492, stack(0x0000000019b00000,0x0000000019c00000)]

Other Threads:
  0x0000000017d29800 VMThread [stack: 0x0000000019a00000,0x0000000019b00000] [id=3972]
  0x0000000019c8a800 WatcherThread [stack: 0x000000001aa90000,0x000000001ab90000] [id=17444]

VM state:not at safepoint (normal execution)

VM Mutex/Monitor currently owned by a thread: None

Heap:
 PSYoungGen      total 171520K, used 92574K [0x00000000d6f80000, 0x00000000e4100000, 0x0000000100000000)
  eden space 130560K, 63% used [0x00000000d6f80000,0x00000000dc0778b0,0x00000000def00000)
  from space 40960K, 23% used [0x00000000e1900000,0x00000000e22702b0,0x00000000e4100000)
  to   space 41984K, 0% used [0x00000000def00000,0x00000000def00000,0x00000000e1800000)
 ParOldGen       total 119808K, used 92244K [0x0000000084e00000, 0x000000008c300000, 0x00000000d6f80000)
  object space 119808K, 76% used [0x0000000084e00000,0x000000008a8150f8,0x000000008c300000)
 Metaspace       used 31058K, capacity 31468K, committed 32000K, reserved 1077248K
  class space    used 3637K, capacity 3737K, committed 3840K, reserved 1048576K

Card table byte_map: [0x0000000012320000,0x0000000012700000] byte_map_base: 0x0000000011ef9000

Marking Bits: (ParMarkBitMap*) 0x000000006174f860
 Begin Bits: [0x00000000131a0000, 0x0000000015068000)
 End Bits:   [0x0000000015068000, 0x0000000016f30000)

Polling page: 0x00000000012b0000

CodeCache: size=245760Kb used=13752Kb max_used=13767Kb free=232007Kb
 bounds [0x0000000002f60000, 0x0000000003cf0000, 0x0000000011f60000]
 total_blobs=5017 nmethods=3987 adapters=940
 compilation: enabled

Compilation events (10 events):
Event: 91.801 Thread 0x0000000019c40800 4498       3       com.jogamp.common.nio.Buffers::isDirect (69 bytes)
Event: 91.803 Thread 0x0000000019c32000 nmethod 4446 0x0000000003cdc010 code [0x0000000003cdc360, 0x0000000003cde170]
Event: 91.804 Thread 0x0000000019c32000 4482       4       javax.swing.text.View::getMaximumSpan (19 bytes)
Event: 91.806 Thread 0x0000000019c32000 nmethod 4482 0x0000000003ab6cd0 code [0x0000000003ab6e20, 0x0000000003ab6ed8]
Event: 91.806 Thread 0x0000000019c32000 4493       4       sun.java2d.SurfaceData::markDirty (8 bytes)
Event: 91.806 Thread 0x0000000019c40800 nmethod 4498 0x0000000003cda350 code [0x0000000003cda5a0, 0x0000000003cdb668]
Event: 91.806 Thread 0x0000000019c32000 nmethod 4493 0x000000000326ae90 code [0x000000000326afc0, 0x000000000326b038]
Event: 91.806 Thread 0x0000000019c32000 4486       4       javax.swing.text.GlyphView::getBreakWeight (69 bytes)
Event: 91.807 Thread 0x0000000019c40800 4499       3       jogamp.opengl.GLBufferStateTracker::getBoundBufferObject (221 bytes)
Event: 91.808 Thread 0x0000000019c40800 nmethod 4499 0x0000000003cd98d0 code [0x0000000003cd9aa0, 0x0000000003cda0d8]

GC Heap History (10 events):
Event: 89.972 GC heap before
{Heap before GC invocations=15 (full 3):
 PSYoungGen      total 68608K, used 51405K [0x00000000d6f80000, 0x00000000dd880000, 0x0000000100000000)
  eden space 47616K, 100% used [0x00000000d6f80000,0x00000000d9e00000,0x00000000d9e00000)
  from space 20992K, 18% used [0x00000000d9e00000,0x00000000da1b3690,0x00000000db280000)
  to   space 20480K, 0% used [0x00000000dc480000,0x00000000dc480000,0x00000000dd880000)
 ParOldGen       total 119808K, used 41379K [0x0000000084e00000, 0x000000008c300000, 0x00000000d6f80000)
  object space 119808K, 34% used [0x0000000084e00000,0x0000000087668f10,0x000000008c300000)
 Metaspace       used 30812K, capacity 31156K, committed 31616K, reserved 1077248K
  class space    used 3621K, capacity 3701K, committed 3712K, reserved 1048576K
Event: 89.988 GC heap after
Heap after GC invocations=15 (full 3):
 PSYoungGen      total 78848K, used 20449K [0x00000000d6f80000, 0x00000000de700000, 0x0000000100000000)
  eden space 58368K, 0% used [0x00000000d6f80000,0x00000000d6f80000,0x00000000da880000)
  from space 20480K, 99% used [0x00000000dc480000,0x00000000dd878450,0x00000000dd880000)
  to   space 28672K, 0% used [0x00000000da880000,0x00000000da880000,0x00000000dc480000)
 ParOldGen       total 119808K, used 54805K [0x0000000084e00000, 0x000000008c300000, 0x00000000d6f80000)
  object space 119808K, 45% used [0x0000000084e00000,0x00000000883855d0,0x000000008c300000)
 Metaspace       used 30812K, capacity 31156K, committed 31616K, reserved 1077248K
  class space    used 3621K, capacity 3701K, committed 3712K, reserved 1048576K
}
Event: 90.220 GC heap before
{Heap before GC invocations=16 (full 3):
 PSYoungGen      total 78848K, used 78817K [0x00000000d6f80000, 0x00000000de700000, 0x0000000100000000)
  eden space 58368K, 100% used [0x00000000d6f80000,0x00000000da880000,0x00000000da880000)
  from space 20480K, 99% used [0x00000000dc480000,0x00000000dd878450,0x00000000dd880000)
  to   space 28672K, 0% used [0x00000000da880000,0x00000000da880000,0x00000000dc480000)
 ParOldGen       total 119808K, used 54805K [0x0000000084e00000, 0x000000008c300000, 0x00000000d6f80000)
  object space 119808K, 45% used [0x0000000084e00000,0x00000000883855d0,0x000000008c300000)
 Metaspace       used 30850K, capacity 31220K, committed 31616K, reserved 1077248K
  class space    used 3622K, capacity 3701K, committed 3712K, reserved 1048576K
Event: 90.249 GC heap after
Heap after GC invocations=16 (full 3):
 PSYoungGen      total 87040K, used 28641K [0x00000000d6f80000, 0x00000000e1680000, 0x0000000100000000)
  eden space 58368K, 0% used [0x00000000d6f80000,0x00000000d6f80000,0x00000000da880000)
  from space 28672K, 99% used [0x00000000da880000,0x00000000dc4785c0,0x00000000dc480000)
  to   space 41472K, 0% used [0x00000000dee00000,0x00000000dee00000,0x00000000e1680000)
 ParOldGen       total 119808K, used 75605K [0x0000000084e00000, 0x000000008c300000, 0x00000000d6f80000)
  object space 119808K, 63% used [0x0000000084e00000,0x00000000897d55d0,0x000000008c300000)
 Metaspace       used 30850K, capacity 31220K, committed 31616K, reserved 1077248K
  class space    used 3622K, capacity 3701K, committed 3712K, reserved 1048576K
}
Event: 90.502 GC heap before
{Heap before GC invocations=17 (full 3):
 PSYoungGen      total 87040K, used 87009K [0x00000000d6f80000, 0x00000000e1680000, 0x0000000100000000)
  eden space 58368K, 100% used [0x00000000d6f80000,0x00000000da880000,0x00000000da880000)
  from space 28672K, 99% used [0x00000000da880000,0x00000000dc4785c0,0x00000000dc480000)
  to   space 41472K, 0% used [0x00000000dee00000,0x00000000dee00000,0x00000000e1680000)
 ParOldGen       total 119808K, used 75605K [0x0000000084e00000, 0x000000008c300000, 0x00000000d6f80000)
  object space 119808K, 63% used [0x0000000084e00000,0x00000000897d55d0,0x000000008c300000)
 Metaspace       used 30875K, capacity 31226K, committed 31616K, reserved 1077248K
  class space    used 3622K, capacity 3702K, committed 3712K, reserved 1048576K
Event: 90.523 GC heap after
Heap after GC invocations=17 (full 3):
 PSYoungGen      total 126976K, used 28817K [0x00000000d6f80000, 0x00000000e1c80000, 0x0000000100000000)
  eden space 85504K, 0% used [0x00000000d6f80000,0x00000000d6f80000,0x00000000dc300000)
  from space 41472K, 69% used [0x00000000dee00000,0x00000000e0a246e0,0x00000000e1680000)
  to   space 44032K, 0% used [0x00000000dc300000,0x00000000dc300000,0x00000000dee00000)
 ParOldGen       total 119808K, used 75605K [0x0000000084e00000, 0x000000008c300000, 0x00000000d6f80000)
  object space 119808K, 63% used [0x0000000084e00000,0x00000000897d55d0,0x000000008c300000)
 Metaspace       used 30875K, capacity 31226K, committed 31616K, reserved 1077248K
  class space    used 3622K, capacity 3702K, committed 3712K, reserved 1048576K
}
Event: 90.908 GC heap before
{Heap before GC invocations=18 (full 3):
 PSYoungGen      total 126976K, used 114321K [0x00000000d6f80000, 0x00000000e1c80000, 0x0000000100000000)
  eden space 85504K, 100% used [0x00000000d6f80000,0x00000000dc300000,0x00000000dc300000)
  from space 41472K, 69% used [0x00000000dee00000,0x00000000e0a246e0,0x00000000e1680000)
  to   space 44032K, 0% used [0x00000000dc300000,0x00000000dc300000,0x00000000dee00000)
 ParOldGen       total 119808K, used 75605K [0x0000000084e00000, 0x000000008c300000, 0x00000000d6f80000)
  object space 119808K, 63% used [0x0000000084e00000,0x00000000897d55d0,0x000000008c300000)
 Metaspace       used 30886K, capacity 31226K, committed 31616K, reserved 1077248K
  class space    used 3622K, capacity 3702K, committed 3712K, reserved 1048576K
Event: 90.923 GC heap after
Heap after GC invocations=18 (full 3):
 PSYoungGen      total 129536K, used 22060K [0x00000000d6f80000, 0x00000000e4380000, 0x0000000100000000)
  eden space 85504K, 0% used [0x00000000d6f80000,0x00000000d6f80000,0x00000000dc300000)
  from space 44032K, 50% used [0x00000000dc300000,0x00000000dd88b2d0,0x00000000dee00000)
  to   space 43520K, 0% used [0x00000000e1900000,0x00000000e1900000,0x00000000e4380000)
 ParOldGen       total 119808K, used 75613K [0x0000000084e00000, 0x000000008c300000, 0x00000000d6f80000)
  object space 119808K, 63% used [0x0000000084e00000,0x00000000897d75d0,0x000000008c300000)
 Metaspace       used 30886K, capacity 31226K, committed 31616K, reserved 1077248K
  class space    used 3622K, capacity 3702K, committed 3712K, reserved 1048576K
}
Event: 91.330 GC heap before
{Heap before GC invocations=19 (full 3):
 PSYoungGen      total 129536K, used 107564K [0x00000000d6f80000, 0x00000000e4380000, 0x0000000100000000)
  eden space 85504K, 100% used [0x00000000d6f80000,0x00000000dc300000,0x00000000dc300000)
  from space 44032K, 50% used [0x00000000dc300000,0x00000000dd88b2d0,0x00000000dee00000)
  to   space 43520K, 0% used [0x00000000e1900000,0x00000000e1900000,0x00000000e4380000)
 ParOldGen       total 119808K, used 75613K [0x0000000084e00000, 0x000000008c300000, 0x00000000d6f80000)
  object space 119808K, 63% used [0x0000000084e00000,0x00000000897d75d0,0x000000008c300000)
 Metaspace       used 30890K, capacity 31290K, committed 31616K, reserved 1077248K
  class space    used 3622K, capacity 3702K, committed 3712K, reserved 1048576K
Event: 91.351 GC heap after
Heap after GC invocations=19 (full 3):
 PSYoungGen      total 171520K, used 9664K [0x00000000d6f80000, 0x00000000e4100000, 0x0000000100000000)
  eden space 130560K, 0% used [0x00000000d6f80000,0x00000000d6f80000,0x00000000def00000)
  from space 40960K, 23% used [0x00000000e1900000,0x00000000e22702b0,0x00000000e4100000)
  to   space 41984K, 0% used [0x00000000def00000,0x00000000def00000,0x00000000e1800000)
 ParOldGen       total 119808K, used 92244K [0x0000000084e00000, 0x000000008c300000, 0x00000000d6f80000)
  object space 119808K, 76% used [0x0000000084e00000,0x000000008a8150f8,0x000000008c300000)
 Metaspace       used 30890K, capacity 31290K, committed 31616K, reserved 1077248K
  class space    used 3622K, capacity 3702K, committed 3712K, reserved 1048576K
}

Deoptimization events (10 events):
Event: 90.755 Thread 0x000000001b2ab800 Uncommon trap: reason=unstable_if action=reinterpret pc=0x000000000334b884 method=java.nio.Buffer.nextGetIndex(I)I @ 10
Event: 90.756 Thread 0x000000001b2ab800 Uncommon trap: reason=unstable_if action=reinterpret pc=0x0000000003c70ae4 method=net.sf.jaer.eventio.AEFileInputStream.readPacketByTime(I)Lnet/sf/jaer/aemonitor/AEPacketRaw; @ 185
Event: 91.648 Thread 0x000000001b2ab800 Uncommon trap: reason=class_check action=maybe_recompile pc=0x0000000003b964d0 method=sun.awt.shell.Win32ShellFolder2.equals(Ljava/lang/Object;)Z @ 5
Event: 91.648 Thread 0x000000001b2ab800 Uncommon trap: reason=class_check action=maybe_recompile pc=0x0000000003b964d0 method=sun.awt.shell.Win32ShellFolder2.equals(Ljava/lang/Object;)Z @ 5
Event: 91.648 Thread 0x000000001b2ab800 Uncommon trap: reason=class_check action=maybe_recompile pc=0x0000000003b964d0 method=sun.awt.shell.Win32ShellFolder2.equals(Ljava/lang/Object;)Z @ 5
Event: 91.648 Thread 0x000000001b2ab800 Uncommon trap: reason=class_check action=maybe_recompile pc=0x0000000003b964d0 method=sun.awt.shell.Win32ShellFolder2.equals(Ljava/lang/Object;)Z @ 5
Event: 91.693 Thread 0x000000001b2ab800 Uncommon trap: reason=unstable_if action=reinterpret pc=0x0000000003993c04 method=java.awt.Component.getInputContext()Ljava/awt/im/InputContext; @ 6
Event: 91.720 Thread 0x000000001efe8800 Uncommon trap: reason=unstable_if action=reinterpret pc=0x0000000003520d50 method=net.sf.jaer.eventio.AEFileInputStream.readHeaderLine(Ljava/io/BufferedReader;)Ljava/lang/String; @ 26
Event: 91.748 Thread 0x000000001b2ab800 Uncommon trap: reason=unstable_if action=reinterpret pc=0x0000000003be4d44 method=sun.java2d.SunGraphics2D.setColor(Ljava/awt/Color;)V @ 42
Event: 91.750 Thread 0x000000001b2ab800 Uncommon trap: reason=unstable_if action=reinterpret pc=0x0000000003be0958 method=sun.java2d.SunGraphics2D.validateCompClip()V @ 211

Classes redefined (0 events):
No events

Internal exceptions (10 events):
Event: 55.372 Thread 0x000000001efe9000 Exception <a 'java/net/SocketTimeoutException': Receive timed out> (0x00000000d9589960) thrown at [C:\re\workspace\8-2-build-windows-amd64-cygwin\jdk8u161\10277\hotspot\src\share\vm\prims\jni.cpp, line 735]
Event: 56.166 Thread 0x000000001efe9000 Exception <a 'java/net/SocketTimeoutException': Receive timed out> (0x00000000d958aed0) thrown at [C:\re\workspace\8-2-build-windows-amd64-cygwin\jdk8u161\10277\hotspot\src\share\vm\prims\jni.cpp, line 735]
Event: 56.958 Thread 0x000000001efe9000 Exception <a 'java/net/SocketTimeoutException': Receive timed out> (0x00000000d958c440) thrown at [C:\re\workspace\8-2-build-windows-amd64-cygwin\jdk8u161\10277\hotspot\src\share\vm\prims\jni.cpp, line 735]
Event: 57.751 Thread 0x000000001efe9000 Exception <a 'java/net/SocketTimeoutException': Receive timed out> (0x00000000d958d9b0) thrown at [C:\re\workspace\8-2-build-windows-amd64-cygwin\jdk8u161\10277\hotspot\src\share\vm\prims\jni.cpp, line 735]
Event: 58.544 Thread 0x000000001efe9000 Exception <a 'java/net/SocketTimeoutException': Receive timed out> (0x00000000d958ef20) thrown at [C:\re\workspace\8-2-build-windows-amd64-cygwin\jdk8u161\10277\hotspot\src\share\vm\prims\jni.cpp, line 735]
Event: 59.336 Thread 0x000000001efe9000 Exception <a 'java/net/SocketTimeoutException': Receive timed out> (0x00000000d9590490) thrown at [C:\re\workspace\8-2-build-windows-amd64-cygwin\jdk8u161\10277\hotspot\src\share\vm\prims\jni.cpp, line 735]
Event: 60.131 Thread 0x000000001efe9000 Exception <a 'java/net/SocketTimeoutException': Receive timed out> (0x00000000d9591a00) thrown at [C:\re\workspace\8-2-build-windows-amd64-cygwin\jdk8u161\10277\hotspot\src\share\vm\prims\jni.cpp, line 735]
Event: 60.461 Thread 0x000000001b2ab800 Exception <a 'java/lang/reflect/InvocationTargetException'> (0x00000000d98ff690) thrown at [C:\re\workspace\8-2-build-windows-amd64-cygwin\jdk8u161\10277\hotspot\src\share\vm\runtime\reflection.cpp, line 1092]
Event: 89.912 Thread 0x000000001b2ab800 Implicit null exception at 0x00000000036390b4 to 0x0000000003639360
Event: 91.725 Thread 0x000000001efe9000 Exception <a 'java/lang/InterruptedException'> (0x00000000dc05fb30) thrown at [C:\re\workspace\8-2-build-windows-amd64-cygwin\jdk8u161\10277\hotspot\src\share\vm\runtime\objectMonitor.cpp, line 1684]

Events (10 events):
Event: 91.749 loading class sun/java2d/loops/GraphicsPrimitive$GeneralBinaryOp
Event: 91.749 loading class sun/java2d/loops/GraphicsPrimitive$GeneralBinaryOp done
Event: 91.749 loading class sun/java2d/loops/MaskBlit$General done
Event: 91.749 Executing VM operation: Deoptimize
Event: 91.750 Executing VM operation: Deoptimize done
Event: 91.750 Thread 0x000000001b2ab800 Uncommon trap: trap_request=0xffffff65 fr.pc=0x0000000003be0958
Event: 91.750 Thread 0x000000001b2ab800 DEOPT PACKING pc=0x0000000003be0958 sp=0x000000001c1dbb20
Event: 91.750 Thread 0x000000001b2ab800 DEOPT UNPACKING pc=0x0000000002fa583b sp=0x000000001c1dbab8 mode 2
Event: 91.758 Executing VM operation: RevokeBias
Event: 91.759 Executing VM operation: RevokeBias done


Dynamic libraries:
0x00007ff6e9ab0000 - 0x00007ff6e9ae7000 	C:\Program Files\Java\jdk1.8.0_161\jre\bin\java.exe
0x00007ff84dab0000 - 0x00007ff84dc91000 	C:\WINDOWS\SYSTEM32\ntdll.dll
0x00007ff84b660000 - 0x00007ff84b712000 	C:\WINDOWS\System32\KERNEL32.DLL
0x00007ff849e80000 - 0x00007ff84a0f3000 	C:\WINDOWS\System32\KERNELBASE.dll
0x00007ff84b500000 - 0x00007ff84b5a1000 	C:\WINDOWS\System32\ADVAPI32.dll
0x00007ff84d230000 - 0x00007ff84d2ce000 	C:\WINDOWS\System32\msvcrt.dll
0x00007ff84b170000 - 0x00007ff84b1cb000 	C:\WINDOWS\System32\sechost.dll
0x00007ff84d730000 - 0x00007ff84d854000 	C:\WINDOWS\System32\RPCRT4.dll
0x00007ff84d8f0000 - 0x00007ff84da80000 	C:\WINDOWS\System32\USER32.dll
0x00007ff84a370000 - 0x00007ff84a390000 	C:\WINDOWS\System32\win32u.dll
0x00007ff84b5b0000 - 0x00007ff84b5d8000 	C:\WINDOWS\System32\GDI32.dll
0x00007ff84abf0000 - 0x00007ff84ad82000 	C:\WINDOWS\System32\gdi32full.dll
0x00007ff84ab50000 - 0x00007ff84abef000 	C:\WINDOWS\System32\msvcp_win.dll
0x00007ff84ad90000 - 0x00007ff84ae8a000 	C:\WINDOWS\System32\ucrtbase.dll
0x00007ff847b80000 - 0x00007ff847de9000 	C:\WINDOWS\WinSxS\amd64_microsoft.windows.common-controls_6595b64144ccf1df_6.0.17134.137_none_fb44974530639b67\COMCTL32.dll
0x00007ff84d3a0000 - 0x00007ff84d6c3000 	C:\WINDOWS\System32\combase.dll
0x00007ff84a2f0000 - 0x00007ff84a36a000 	C:\WINDOWS\System32\bcryptPrimitives.dll
0x00007ff84d860000 - 0x00007ff84d88d000 	C:\WINDOWS\System32\IMM32.DLL
0x0000000068240000 - 0x0000000068312000 	C:\Program Files\Java\jdk1.8.0_161\jre\bin\msvcr100.dll
0x0000000060f30000 - 0x00000000617cf000 	C:\Program Files\Java\jdk1.8.0_161\jre\bin\server\jvm.dll
0x00007ff84b320000 - 0x00007ff84b328000 	C:\WINDOWS\System32\PSAPI.DLL
0x00007ff83e530000 - 0x00007ff83e553000 	C:\WINDOWS\SYSTEM32\WINMM.dll
0x00007ff847130000 - 0x00007ff84713a000 	C:\WINDOWS\SYSTEM32\VERSION.dll
0x00007ff837ed0000 - 0x00007ff837ed9000 	C:\WINDOWS\SYSTEM32\WSOCK32.dll
0x00007ff83e410000 - 0x00007ff83e43a000 	C:\WINDOWS\SYSTEM32\winmmbase.dll
0x00007ff84b0a0000 - 0x00007ff84b10c000 	C:\WINDOWS\System32\WS2_32.dll
0x00007ff84aef0000 - 0x00007ff84af39000 	C:\WINDOWS\System32\cfgmgr32.dll
0x0000000060ef0000 - 0x0000000060f28000 	C:\Program Files\Java\jdk1.8.0_161\jre\bin\splashscreen.dll
0x0000000068230000 - 0x000000006823f000 	C:\Program Files\Java\jdk1.8.0_161\jre\bin\verify.dll
0x0000000060ec0000 - 0x0000000060ee9000 	C:\Program Files\Java\jdk1.8.0_161\jre\bin\java.dll
0x0000000060ea0000 - 0x0000000060eb6000 	C:\Program Files\Java\jdk1.8.0_161\jre\bin\zip.dll
0x00007ff84b990000 - 0x00007ff84cdd0000 	C:\WINDOWS\System32\SHELL32.dll
0x00007ff84b1d0000 - 0x00007ff84b279000 	C:\WINDOWS\System32\shcore.dll
0x00007ff84a440000 - 0x00007ff84ab4d000 	C:\WINDOWS\System32\windows.storage.dll
0x00007ff84d890000 - 0x00007ff84d8e1000 	C:\WINDOWS\System32\shlwapi.dll
0x00007ff849e60000 - 0x00007ff849e71000 	C:\WINDOWS\System32\kernel.appcore.dll
0x00007ff849e20000 - 0x00007ff849e3f000 	C:\WINDOWS\System32\profapi.dll
0x00007ff849dc0000 - 0x00007ff849e0c000 	C:\WINDOWS\System32\powrprof.dll
0x00007ff849e10000 - 0x00007ff849e1a000 	C:\WINDOWS\System32\FLTLIB.DLL
0x0000000060cc0000 - 0x0000000060e58000 	C:\Program Files\Java\jdk1.8.0_161\jre\bin\awt.dll
0x00007ff84d2d0000 - 0x00007ff84d392000 	C:\WINDOWS\System32\OLEAUT32.dll
0x00007ff846fc0000 - 0x00007ff84704b000 	C:\WINDOWS\SYSTEM32\apphelp.dll
0x00007ff8477b0000 - 0x00007ff847848000 	C:\WINDOWS\system32\uxtheme.dll
0x00007ff84b810000 - 0x00007ff84b985000 	C:\WINDOWS\System32\MSCTF.dll
0x00007ff847f80000 - 0x00007ff847fa9000 	C:\WINDOWS\system32\dwmapi.dll
0x00007ff84af40000 - 0x00007ff84b091000 	C:\WINDOWS\System32\ole32.dll
0x00007ff826c30000 - 0x00007ff826d50000 	C:\WINDOWS\system32\opengl32.dll
0x00007ff826c00000 - 0x00007ff826c2c000 	C:\WINDOWS\SYSTEM32\GLU32.dll
0x00007ff8497f0000 - 0x00007ff849807000 	C:\WINDOWS\SYSTEM32\CRYPTSP.dll
0x00007ff849220000 - 0x00007ff849253000 	C:\WINDOWS\system32\rsaenh.dll
0x00007ff849920000 - 0x00007ff849945000 	C:\WINDOWS\SYSTEM32\bcrypt.dll
0x00007ff849cc0000 - 0x00007ff849ce8000 	C:\WINDOWS\SYSTEM32\USERENV.dll
0x00007ff849810000 - 0x00007ff84981b000 	C:\WINDOWS\SYSTEM32\CRYPTBASE.dll
0x0000000060e80000 - 0x0000000060e9a000 	C:\Program Files\Java\jdk1.8.0_161\jre\bin\net.dll
0x00007ff849640000 - 0x00007ff8496a6000 	C:\WINDOWS\system32\mswsock.dll
0x00007ff8493c0000 - 0x00007ff8493f8000 	C:\WINDOWS\SYSTEM32\IPHLPAPI.DLL
0x00007ff84cdd0000 - 0x00007ff84cdd8000 	C:\WINDOWS\System32\NSI.dll
0x00007ff83f2e0000 - 0x00007ff83f2f6000 	C:\WINDOWS\SYSTEM32\dhcpcsvc6.DLL
0x00007ff83f2c0000 - 0x00007ff83f2da000 	C:\WINDOWS\SYSTEM32\dhcpcsvc.DLL
0x0000000060e60000 - 0x0000000060e71000 	C:\Program Files\Java\jdk1.8.0_161\jre\bin\nio.dll
0x00000000637c0000 - 0x00000000637cd000 	C:\Users\Robin\AppData\Local\Temp\jogamp_0000\file_cache\jln8908284742544403395\jln1161465931812152243\natives\windows-amd64\gluegen-rt.dll
0x0000000060ba0000 - 0x0000000060ba7000 	C:\Program Files\Java\jdk1.8.0_161\jre\bin\jawt.dll
0x000000006a440000 - 0x000000006a44d000 	C:\Users\Robin\AppData\Local\Temp\jogamp_0000\file_cache\jln8908284742544403395\jln1161465931812152243\natives\windows-amd64\nativewindow_awt.dll
0x000000006c100000 - 0x000000006c10f000 	C:\Users\Robin\AppData\Local\Temp\jogamp_0000\file_cache\jln8908284742544403395\jln1161465931812152243\natives\windows-amd64\nativewindow_win32.dll
0x0000000064500000 - 0x00000000645b1000 	C:\Users\Robin\AppData\Local\Temp\jogamp_0000\file_cache\jln8908284742544403395\jln1161465931812152243\natives\windows-amd64\jogl_desktop.dll
0x00007ff800420000 - 0x00007ff800f67000 	C:\WINDOWS\SYSTEM32\ig75icd64.dll
0x00007ff8430e0000 - 0x00007ff843b1f000 	C:\WINDOWS\SYSTEM32\igdusc64.dll
0x00007ff8486f0000 - 0x00007ff848703000 	C:\WINDOWS\SYSTEM32\WTSAPI32.dll
0x00007ff848b70000 - 0x00007ff848c2b000 	C:\WINDOWS\SYSTEM32\dxgi.dll
0x00007ff846680000 - 0x00007ff84698b000 	C:\WINDOWS\SYSTEM32\d3d11.dll
0x00007ff844380000 - 0x00007ff8452dd000 	C:\WINDOWS\SYSTEM32\igd10iumd64.dll
0x00007ff8498f0000 - 0x00007ff849916000 	C:\WINDOWS\SYSTEM32\ncrypt.dll
0x00007ff8498b0000 - 0x00007ff8498e6000 	C:\WINDOWS\SYSTEM32\NTASN1.dll
0x0000000060c70000 - 0x0000000060cb7000 	C:\Program Files\Java\jdk1.8.0_161\jre\bin\fontmanager.dll
0x00007ff84b280000 - 0x00007ff84b320000 	C:\WINDOWS\System32\clbcatq.dll
0x00007ff847600000 - 0x00007ff8477ae000 	C:\WINDOWS\SYSTEM32\WindowsCodecs.dll
0x00007ff823980000 - 0x00007ff8239d8000 	C:\WINDOWS\system32\dataexchange.dll
0x00007ff846990000 - 0x00007ff846b2c000 	C:\WINDOWS\system32\dcomp.dll
0x00007ff8441c0000 - 0x00007ff844378000 	C:\WINDOWS\system32\twinapi.appcore.dll
0x00007ff846f90000 - 0x00007ff846fb1000 	C:\WINDOWS\system32\RMCLIENT.dll
0x00000000623d0000 - 0x0000000062412000 	C:\Program Files\Java\jdk1.8.0_161\jre\bin\t2k.dll
0x000000006b600000 - 0x000000006b62f000 	C:\Users\Robin\AppData\Local\Temp\usb4java7144443245425792562.tmp\libusb-1.0.dll
0x0000000070880000 - 0x0000000070897000 	C:\Users\Robin\AppData\Local\Temp\usb4java7144443245425792562.tmp\libusb4java.dll
0x00007ff84cde0000 - 0x00007ff84d22b000 	C:\WINDOWS\System32\SetupAPI.dll
0x00007ff848f60000 - 0x00007ff848f6b000 	C:\WINDOWS\SYSTEM32\WinUSB.DLL
0x00007ff848270000 - 0x00007ff84827c000 	C:\WINDOWS\SYSTEM32\hid.dll
0x00007ff849bd0000 - 0x00007ff849bf7000 	C:\WINDOWS\SYSTEM32\DEVOBJ.dll
0x00007ff84ae90000 - 0x00007ff84aee7000 	C:\WINDOWS\System32\WINTRUST.dll
0x00007ff849e40000 - 0x00007ff849e52000 	C:\WINDOWS\System32\MSASN1.dll
0x00007ff84a100000 - 0x00007ff84a2e2000 	C:\WINDOWS\System32\CRYPT32.dll
0x000000006af40000 - 0x000000006af71000 	C:\Users\Robin\AppData\Local\Temp\libNRJavaSerial_Robin_0\libNRJavaSerial.dll
0x000000001c1e0000 - 0x000000001c1ec000 	C:\Program Files\Java\jdk1.8.0_161\jre\bin\jsound.dll
0x000000001c1f0000 - 0x000000001c1fb000 	C:\Program Files\Java\jdk1.8.0_161\jre\bin\jsoundds.dll
0x00007ff81cae0000 - 0x00007ff81cb6f000 	C:\WINDOWS\SYSTEM32\DSOUND.dll
0x00007ff83cf90000 - 0x00007ff83d006000 	C:\WINDOWS\SYSTEM32\MMDevAPI.DLL
0x00007ff83f8b0000 - 0x00007ff83fa64000 	C:\WINDOWS\SYSTEM32\PROPSYS.dll
0x00007ff8266c0000 - 0x00007ff826704000 	C:\WINDOWS\SYSTEM32\wdmaud.drv
0x00007ff842c40000 - 0x00007ff842c49000 	C:\WINDOWS\SYSTEM32\ksuser.dll
0x00007ff847220000 - 0x00007ff84722a000 	C:\WINDOWS\SYSTEM32\AVRT.dll
0x00007ff8364a0000 - 0x00007ff8364c5000 	C:\Users\Robin\AppData\Local\Temp\jna-79133066\jna4242376591130568626.dll
0x00007ff839d40000 - 0x00007ff839e6c000 	C:\WINDOWS\SYSTEM32\AUDIOSES.DLL
0x00007ff845400000 - 0x00007ff84554d000 	C:\WINDOWS\SYSTEM32\wintypes.dll
0x00007ff841940000 - 0x00007ff84194d000 	C:\WINDOWS\SYSTEM32\msacm32.drv
0x00007ff835a90000 - 0x00007ff835aac000 	C:\WINDOWS\SYSTEM32\MSACM32.dll
0x00007ff8416e0000 - 0x00007ff8416ea000 	C:\WINDOWS\SYSTEM32\midimap.dll
0x00007ffff8230000 - 0x00007ffffa127000 	C:\Users\Robin\AppData\Local\Temp\opencv_openpnp1015664703726390661\nu\pattern\opencv\windows\x86_64\opencv_java320.dll
0x00007ff836480000 - 0x00007ff836498000 	C:\WINDOWS\SYSTEM32\AVICAP32.dll
0x00007ff836460000 - 0x00007ff83647f000 	C:\WINDOWS\SYSTEM32\AVIFIL32.dll
0x00007ff833530000 - 0x00007ff833559000 	C:\WINDOWS\SYSTEM32\MSVFW32.dll
0x00007ff831600000 - 0x00007ff831698000 	C:\WINDOWS\System32\TextInputFramework.dll
0x00007ff845550000 - 0x00007ff84586e000 	C:\WINDOWS\System32\CoreUIComponents.dll
0x00007ff847050000 - 0x00007ff84712a000 	C:\WINDOWS\System32\CoreMessaging.dll
0x00007ff848fc0000 - 0x00007ff848ff1000 	C:\WINDOWS\SYSTEM32\ntmarta.dll
0x00007ff83e480000 - 0x00007ff83e527000 	C:\WINDOWS\WinSxS\amd64_microsoft.windows.common-controls_6595b64144ccf1df_5.82.17134.137_none_f951182d3096de12\comctl32.dll
0x00007ff843b20000 - 0x00007ff8441bb000 	C:\Windows\System32\OneCoreUAPCommonProxyStub.dll
0x00007ff826550000 - 0x00007ff826677000 	C:\WINDOWS\system32\NetworkExplorer.dll
0x00007ff842700000 - 0x00007ff84271a000 	C:\WINDOWS\SYSTEM32\MPR.dll
0x00007ff8421c0000 - 0x00007ff8421cb000 	C:\WINDOWS\System32\drprov.dll
0x00007ff848ed0000 - 0x00007ff848f26000 	C:\WINDOWS\System32\WINSTA.dll
0x00007ff833b60000 - 0x00007ff833b76000 	C:\WINDOWS\System32\ntlanman.dll
0x00007ff833b40000 - 0x00007ff833b5d000 	C:\WINDOWS\System32\davclnt.dll
0x00007ff840e40000 - 0x00007ff840e4c000 	C:\WINDOWS\System32\DAVHLPR.dll
0x00007ff83ee80000 - 0x00007ff83ee97000 	C:\WINDOWS\System32\wkscli.dll
0x00007ff83ad70000 - 0x00007ff83ad82000 	C:\WINDOWS\SYSTEM32\cscapi.dll
0x00007ff8494c0000 - 0x00007ff8494ce000 	C:\WINDOWS\System32\netutils.dll
0x00007ff82db60000 - 0x00007ff82dbaa000 	C:\Windows\System32\dlnashext.dll
0x00007ff833180000 - 0x00007ff8331e3000 	C:\Windows\System32\PlayToDevice.dll
0x00007ff842ee0000 - 0x00007ff842efe000 	C:\Windows\System32\DevDispItemProvider.dll

VM Arguments:
jvm_args: -Dfile.encoding=UTF-8 -Djava.library.path=jars -Djava.util.logging.config.file=conf/Logging.properties -Dsun.java2d.noddraw=true -Dsun.java2d.opengl=false -Djogl.disable.opengles=false 
java_command: net.sf.jaer.JAERViewer
java_class_path (initial): C:\Users\Robin\Documents\GitHub\jaer\jars\USBTransferThread-0.9.6.jar;C:\Users\Robin\Documents\GitHub\jaer\jars\UsbIoJava.jar;C:\Users\Robin\Documents\GitHub\jaer\jars\ant.jar;C:\Users\Robin\Documents\GitHub\jaer\jars\openni2\org.openni.jar;C:\Users\Robin\Documents\GitHub\jaer\jars\rosjava-0.3.5.jar;C:\Users\Robin\Documents\GitHub\jaer\jars\message_generation-0.3.0.jar;C:\Users\Robin\Documents\GitHub\jaer\lib\annotations-1.0.0.jar;C:\Users\Robin\Documents\GitHub\jaer\lib\artoolkitplus-2.3.1-1.0.jar;C:\Users\Robin\Documents\GitHub\jaer\lib\bag-reader-java-1.10.0-javadoc.jar;C:\Users\Robin\Documents\GitHub\jaer\lib\bag-reader-java-1.10.0-sources.jar;C:\Users\Robin\Documents\GitHub\jaer\lib\bag-reader-java-1.10.0.jar;C:\Users\Robin\Documents\GitHub\jaer\lib\beansbinding-1.2.1.jar;C:\Users\Robin\Documents\GitHub\jaer\lib\commons-codec-1.10.jar;C:\Users\Robin\Documents\GitHub\jaer\lib\commons-compress-1.10.jar;C:\Users\Robin\Documents\GitHub\jaer\lib\commons-io-2.4.jar;C:\Users\Robin\Documents\GitHub\jaer\lib\commons-lang3-3.7-javadoc.jar;C:\Users\Robin\Documents\GitHub\jaer\lib\commons-lang3-3.7-sources.jar;C:\Users\Robin\Documents\GitHub\jaer\lib\commons-lang3-3.7.jar;C:\Users\Robin\Documents\GitHub\jaer\lib\commons-math3-3.6.1-javadoc.jar;C:\Users\Robin\Documents\GitHub\jaer\lib\commons-math3-3.6.1-sources.jar;C:\Users\Robin\Documents\GitHub\jaer\lib\commons-math3-3.6.1.jar;C:\Users\Robin\Documents\GitHub\jaer\lib\commons-net-3.6-javadoc.jar;C:\Users\Robin\Documents\GitHub\jaer\lib\commons-net-3.6-sources.jar;C:\Users\Robin\Documents\GitHub\jaer\lib\commons-net-3.6.jar;C:\Users\Robin\Documents\GitHub\jaer\lib\ffmpeg-2.7.1-1.0.jar;C:\Users\Robin\Documents\GitHub\jaer\lib\flandmark-1.07-1.0.jar;C:\Users\Robin\Documents\GitHub\jaer\lib\flycapture-2.7.3.19-1.0.jar;C:\Users\Robin\Documents\GitHub\jaer\lib\gluegen-rt-2.3.2-natives-linux-amd64.jar;C:\Users\Robin\Documents\GitHub\jaer\lib\gluegen-rt-2.3.2-natives-linux-i586.jar;C:\Users\Robin\Docu
Launcher Type: SUN_STANDARD

Environment Variables:
PATH=C:\ProgramData\Oracle\Java\javapath;C:\Program Files (x86)\Intel\iCLS Client\;C:\Program Files\Intel\iCLS Client\;C:\WINDOWS\system32;C:\WINDOWS;C:\WINDOWS\System32\Wbem;C:\WINDOWS\System32\WindowsPowerShell\v1.0\;C:\Program Files\Lenovo\Fingerprint Manager Pro\;C:\Program Files (x86)\Common Files\Lenovo;C:\ProgramData\Lenovo\ReadyApps;C:\Program Files\MATLAB\R2017a\runtime\win64;C:\Program Files\MATLAB\R2017a\bin;C:\Program Files\MiKTeX 2.9\miktex\bin\x64\;C:\Program Files (x86)\IVI Foundation\VISA\WinNT\Bin\;C:\Program Files\IVI Foundation\VISA\Win64\Bin\;C:\Program Files (x86)\IVI Foundation\VISA\WinNT\Bin;C:\Program Files (x86)\Intel\Intel(R) Management Engine Components\DAL;C:\Program Files\Intel\Intel(R) Management Engine Components\DAL;C:\Program Files (x86)\Intel\Intel(R) Management Engine Components\IPT;C:\Program Files\Intel\Intel(R) Management Engine Components\IPT;C:\Program Files\Git\cmd;C:\Program Files\Intel\WiFi\bin\;C:\Program Files\Common Files\Intel\WirelessCommon\;C:\WINDOWS\System32\OpenSSH\;C:\Users\Robin\AppData\Local\Microsoft\WindowsApps;C:\Users\Robin\AppData\Local\GitHubDesktop\bin;C:\Program Files\Intel\WiFi\bin\;C:\Program Files\Common Files\Intel\WirelessCommon\;
USERNAME=Robin
OS=Windows_NT
PROCESSOR_IDENTIFIER=Intel64 Family 6 Model 60 Stepping 3, GenuineIntel



---------------  S Y S T E M  ---------------

OS: Windows 10.0 , 64 bit Build 17134 (10.0.17134.1)

CPU:total 8 (initial active 8) (4 cores per cpu, 2 threads per core) family 6 model 60 stepping 3, cmov, cx8, fxsr, mmx, sse, sse2, sse3, ssse3, sse4.1, sse4.2, popcnt, avx, avx2, aes, clmul, erms, lzcnt, ht, tsc, tscinvbit, bmi1, bmi2

Memory: 4k page, physical 8067900k(1904012k free), swap 16194364k(7582256k free)

vm_info: Java HotSpot(TM) 64-Bit Server VM (25.161-b12) for windows-amd64 JRE (1.8.0_161-b12), built on Dec 19 2017 17:52:25 by "java_re" with MS VC++ 10.0 (VS2010)

time: Sun Jul 01 16:35:39 2018
elapsed time: 91 seconds (0d 0h 1m 31s)

