#
# A fatal error has been detected by the Java Runtime Environment:
#
#  SIGSEGV (0xb) at pc=0x00007fb776cdf759, pid=13130, tid=140425960740608
#
# JRE version: 6.0_32-b05
# Java VM: Java HotSpot(TM) 64-Bit Server VM (20.7-b02 mixed mode linux-amd64 compressed oops)
# Problematic frame:
# C  [libGL.so.1+0x91759]  __float128+0x25289
#
# If you would like to submit a bug report, please visit:
#   http://java.sun.com/webapps/bugreport/crash.jsp
# The crash happened outside the Java Virtual Machine in native code.
# See problematic frame for where to report the bug.
#

---------------  T H R E A D  ---------------

Current thread (0x0000000040fdc800):  JavaThread "AWT-EventQueue-0" [_thread_in_native, id=13164, stack(0x00007fb77771d000,0x00007fb77781e000)]

siginfo:si_signo=SIGSEGV: si_errno=0, si_code=1 (SEGV_MAPERR), si_addr=0x000000004175e000

Registers:
RAX=0x000000004175e000, RBX=0x00007fb7703297f8, RCX=0x00007fb776f3dce0, RDX=0x00007fb776a1abc0
RSP=0x00007fb77781ac70, RBP=0x0000000000000001, RSI=0x00007fb7703297f8, RDI=0x00007fb776f3df40
R8 =0x0000000000001b9a, R9 =0x00000000412a30a0, R10=0x0000000000000000, R11=0x0000000000000206
R12=0x00007fb77781ac90, R13=0x0000000000000001, R14=0x00007fb7703297f8, R15=0x00007fb776f22750
RIP=0x00007fb776cdf759, EFLAGS=0x0000000000010202, CSGSFS=0x0000000000000033, ERR=0x0000000000000004
  TRAPNO=0x000000000000000e

Top of Stack: (sp=0x00007fb77781ac70)
0x00007fb77781ac70:   00007fb77781ac90 000000004175e000
0x00007fb77781ac80:   0000012c7781acd0 000000010000012c
0x00007fb77781ac90:   000000004175e000 00007fb77487aee8
0x00007fb77781aca0:   0000000000000000 00007fb77781ad58
0x00007fb77781acb0:   00007fb77781ad60 0000000040fdc9d0
0x00007fb77781acc0:   0000000000000000 00007fb776ce57a9
0x00007fb77781acd0:   0000000000000000 00007fb77aa3e33e
0x00007fb77781ace0:   00007fb77781ad48 0000000005200034
0x00007fb77781acf0:   00007fb776a36f20 000000000000334a
0x00007fb77781ad00:   0000000040f91230 00007fb775d070b0
0x00007fb77781ad10:   000000009e963b60 0000000040d8c350
0x00007fb77781ad20:   00007fb7703297b0 00007fb7702bf0c0
0x00007fb77781ad30:   000000009e963b60 00007fb77781ae68
0x00007fb77781ad40:   0000000040fdc800 00007fb776cb7e27
0x00007fb77781ad50:   00007fb77aa39298 00000000a42a1538
0x00007fb77781ad60:   00000000a42a1500 00007fb77781ad68
0x00007fb77781ad70:   000000009e9792e5 000000009e963b60
0x00007fb77781ad80:   00007fb77781adc0 0000000000000000
0x00007fb77781ad90:   000000009e963b60 00007fb774cd4b42
0x00007fb77781ada0:   0000000005200034 0000000040d8c350
0x00007fb77781adb0:   00007fb77781ae40 0000000040fdc9d0
0x00007fb77781adc0:   00007fb77781ae30 00007fb77aa3db55
0x00007fb77781add0:   00007fb77781ae10 000000009e93e748
0x00007fb77781ade0:   0000000000000000 000000009e92cab0
0x00007fb77781adf0:   00007fb77781adf0 0000000000000000
0x00007fb77781ae00:   00007fb77781ae68 000000009e9677c8
0x00007fb77781ae10:   0000000000000000 000000009e963b60
0x00007fb77781ae20:   0000000000000000 00007fb77781ae50
0x00007fb77781ae30:   00007fb77781aeb0 00007fb77aa2cb02
0x00007fb77781ae40:   000000009e964e90 00007fb77aa39298
0x00007fb77781ae50:   0000000005200034 00007fb77781aeb0
0x00007fb77781ae60:   0000000040d8c350 00000000a5134bb8 

Instructions: (pc=0x00007fb776cdf759)
0x00007fb776cdf739:   44 3b 6c 24 1c 75 90 4c 8b 24 24 31 ed 48 8b 0d
0x00007fb776cdf749:   db bf 23 00 49 8b 04 24 4c 89 f6 ff c5 48 8b 11
0x00007fb776cdf759:   48 8b 38 ff 92 68 03 00 00 48 8b 15 bf bf 23 00
0x00007fb776cdf769:   48 89 c3 49 8b 3c 24 49 83 c4 08 48 8b 02 ff 90 

Register to memory mapping:

RAX=0x000000004175e000 is an unknown value
RBX=0x00007fb7703297f8 is an unknown value
RCX=0x00007fb776f3dce0: <offset 0x2efce0> in /usr/lib/nvidia-current/libGL.so.1 at 0x00007fb776c4e000
RDX=0x00007fb776a1abc0: <offset 0x1ba7bc0> in /usr/lib/nvidia-current/libnvidia-glcore.so.260.19.06 at 0x00007fb774e73000
RSP=0x00007fb77781ac70 is pointing into the stack for thread: 0x0000000040fdc800
RBP=0x0000000000000001 is an unknown value
RSI=0x00007fb7703297f8 is an unknown value
RDI=0x00007fb776f3df40: <offset 0x2eff40> in /usr/lib/nvidia-current/libGL.so.1 at 0x00007fb776c4e000
R8 =0x0000000000001b9a is an unknown value
R9 =0x00000000412a30a0 is an unknown value
R10=0x0000000000000000 is an unknown value
R11=0x0000000000000206 is an unknown value
R12=0x00007fb77781ac90 is pointing into the stack for thread: 0x0000000040fdc800
R13=0x0000000000000001 is an unknown value
R14=0x00007fb7703297f8 is an unknown value
R15=0x00007fb776f22750: <offset 0x2d4750> in /usr/lib/nvidia-current/libGL.so.1 at 0x00007fb776c4e000


Stack: [0x00007fb77771d000,0x00007fb77781e000],  sp=0x00007fb77781ac70,  free space=1015k
Native frames: (J=compiled Java code, j=interpreted, Vv=VM code, C=native code)
C  [libGL.so.1+0x91759]  __float128+0x25289

Java frames: (J=compiled Java code, j=interpreted, Vv=VM code)
j  com.sun.opengl.impl.x11.GLX.glXSwapBuffers(JJ)V+0
j  com.sun.opengl.impl.x11.X11OnscreenGLDrawable.swapBuffers()V+38
j  com.sun.opengl.impl.GLDrawableHelper.invokeGL(Ljavax/media/opengl/GLDrawable;Ljavax/media/opengl/GLContext;Ljava/lang/Runnable;Ljava/lang/Runnable;)V+435
j  javax.media.opengl.GLCanvas.maybeDoSingleThreadedWorkaround(Ljava/lang/Runnable;Ljava/lang/Runnable;)V+36
j  javax.media.opengl.GLCanvas.display()V+9
j  javax.media.opengl.GLCanvas.paint(Ljava/awt/Graphics;)V+125
j  javax.media.opengl.GLCanvas.update(Ljava/awt/Graphics;)V+2
j  sun.awt.RepaintArea.updateComponent(Ljava/awt/Component;Ljava/awt/Graphics;)V+6
j  sun.awt.X11.XRepaintArea.updateComponent(Ljava/awt/Component;Ljava/awt/Graphics;)V+23
j  sun.awt.RepaintArea.paint(Ljava/lang/Object;Z)V+263
j  sun.awt.X11.XComponentPeer.handleEvent(Ljava/awt/AWTEvent;)V+224
j  java.awt.Component.dispatchEventImpl(Ljava/awt/AWTEvent;)V+861
j  java.awt.Component.dispatchEvent(Ljava/awt/AWTEvent;)V+2
j  java.awt.EventQueue.dispatchEventImpl(Ljava/awt/AWTEvent;Ljava/lang/Object;)V+41
j  java.awt.EventQueue.access$000(Ljava/awt/EventQueue;Ljava/awt/AWTEvent;Ljava/lang/Object;)V+3
j  java.awt.EventQueue$1.run()Ljava/lang/Void;+12
j  java.awt.EventQueue$1.run()Ljava/lang/Object;+1
v  ~StubRoutines::call_stub
j  java.security.AccessController.doPrivileged(Ljava/security/PrivilegedAction;Ljava/security/AccessControlContext;)Ljava/lang/Object;+0
j  java.security.AccessControlContext$1.doIntersectionPrivilege(Ljava/security/PrivilegedAction;Ljava/security/AccessControlContext;Ljava/security/AccessControlContext;)Ljava/lang/Object;+28
j  java.security.AccessControlContext$1.doIntersectionPrivilege(Ljava/security/PrivilegedAction;Ljava/security/AccessControlContext;)Ljava/lang/Object;+6
j  java.awt.EventQueue$2.run()Ljava/lang/Void;+11
j  java.awt.EventQueue$2.run()Ljava/lang/Object;+1
v  ~StubRoutines::call_stub
j  java.security.AccessController.doPrivileged(Ljava/security/PrivilegedAction;Ljava/security/AccessControlContext;)Ljava/lang/Object;+0
j  java.security.AccessControlContext$1.doIntersectionPrivilege(Ljava/security/PrivilegedAction;Ljava/security/AccessControlContext;Ljava/security/AccessControlContext;)Ljava/lang/Object;+28
j  java.awt.EventQueue.dispatchEvent(Ljava/awt/AWTEvent;)V+73
j  java.awt.EventDispatchThread.pumpOneEventForFilters(I)Z+204
j  java.awt.EventDispatchThread.pumpEventsForFilter(ILjava/awt/Conditional;Ljava/awt/EventFilter;)V+30
j  java.awt.EventDispatchThread.pumpEventsForHierarchy(ILjava/awt/Conditional;Ljava/awt/Component;)V+11
j  java.awt.EventDispatchThread.pumpEvents(ILjava/awt/Conditional;)V+4
j  java.awt.EventDispatchThread.pumpEvents(Ljava/awt/Conditional;)V+3
j  java.awt.EventDispatchThread.run()V+9
v  ~StubRoutines::call_stub

---------------  P R O C E S S  ---------------

Java Threads: ( => current thread )
  0x0000000041169800 JavaThread "NetPlotter" [_thread_blocked, id=13174, stack(0x00007fb774779000,0x00007fb77487a000)]
  0x0000000041154000 JavaThread "Timer-0" daemon [_thread_blocked, id=13173, stack(0x00007fb7770f9000,0x00007fb7771fa000)]
  0x0000000041015800 JavaThread "TimerQueue" daemon [_thread_blocked, id=13172, stack(0x00007fb7771fa000,0x00007fb7772fb000)]
  0x00007fb7700ed000 JavaThread "DestroyJavaVM" [_thread_blocked, id=13135, stack(0x00007fb78532c000,0x00007fb78542d000)]
  0x00000000410e6800 JavaThread "org.netbeans.modules.debugger.jpda.visual AWT Access Loop" daemon [_thread_blocked, id=13165, stack(0x00007fb77761c000,0x00007fb77771d000)]
=>0x0000000040fdc800 JavaThread "AWT-EventQueue-0" [_thread_in_native, id=13164, stack(0x00007fb77771d000,0x00007fb77781e000)]
  0x00000000410b3800 JavaThread "AWT-Shutdown" [_thread_blocked, id=13163, stack(0x00007fb77781e000,0x00007fb77791f000)]
  0x00007fb770043800 JavaThread "AWT-XAWT" daemon [_thread_blocked, id=13162, stack(0x00007fb777b3e000,0x00007fb777c3f000)]
  0x0000000040eb1000 JavaThread "Java2D Disposer" daemon [_thread_blocked, id=13161, stack(0x00007fb777c3f000,0x00007fb777d40000)]
  0x00007fb780138000 JavaThread "Low Memory Detector" daemon [_thread_blocked, id=13159, stack(0x00007fb778741000,0x00007fb778842000)]
  0x00007fb780136000 JavaThread "C2 CompilerThread1" daemon [_thread_blocked, id=13158, stack(0x00007fb778842000,0x00007fb778943000)]
  0x00007fb780134000 JavaThread "C2 CompilerThread0" daemon [_thread_blocked, id=13157, stack(0x00007fb778943000,0x00007fb778a44000)]
  0x00007fb780126000 JavaThread "JDWP Event Helper Thread" daemon [_thread_blocked, id=13153, stack(0x00007fb778b45000,0x00007fb778c46000)]
  0x00007fb780122000 JavaThread "JDWP Transport Listener: dt_socket" daemon [_thread_in_native, id=13151, stack(0x00007fb778c46000,0x00007fb778d47000)]
  0x00007fb780117800 JavaThread "Signal Dispatcher" daemon [_thread_blocked, id=13150, stack(0x00007fb778e4b000,0x00007fb778f4c000)]
  0x00007fb7800fc800 JavaThread "Finalizer" daemon [_thread_blocked, id=13149, stack(0x00007fb778f4c000,0x00007fb77904d000)]
  0x00007fb7800fa800 JavaThread "Reference Handler" daemon [_thread_blocked, id=13148, stack(0x00007fb77904d000,0x00007fb77914e000)]

Other Threads:
  0x00007fb7800f4800 VMThread [stack: 0x00007fb77914e000,0x00007fb77924f000] [id=13147]
  0x00007fb78014b000 WatcherThread [stack: 0x00007fb778640000,0x00007fb778741000] [id=13160]

VM state:not at safepoint (normal execution)

VM Mutex/Monitor currently owned by a thread: None

Heap
 PSYoungGen      total 88064K, used 20776K [0x00000000e0e00000, 0x00000000ecbe0000, 0x0000000100000000)
  eden space 84864K, 20% used [0x00000000e0e00000,0x00000000e1f2c518,0x00000000e60e0000)
  from space 3200K, 99% used [0x00000000ec8c0000,0x00000000ecbddd88,0x00000000ecbe0000)
  to   space 19328K, 0% used [0x00000000ea620000,0x00000000ea620000,0x00000000eb900000)
 PSOldGen        total 63744K, used 43544K [0x00000000a2a00000, 0x00000000a6840000, 0x00000000e0e00000)
  object space 63744K, 68% used [0x00000000a2a00000,0x00000000a5486128,0x00000000a6840000)
 PSPermGen       total 21248K, used 20955K [0x000000009d800000, 0x000000009ecc0000, 0x00000000a2a00000)
  object space 21248K, 98% used [0x000000009d800000,0x000000009ec76d48,0x000000009ecc0000)

Code Cache  [0x00007fb77aa27000, 0x00007fb77ac97000, 0x00007fb77da27000)
 total_blobs=940 nmethods=215 adapters=687 free_code_cache=49080000 largest_free_block=8768

Dynamic libraries:
40000000-40009000 r-xp 00000000 08:08 5900415                            /users/oconnorp/Programs/jdk1.6.0_32/jre/bin/java
40108000-4010a000 rwxp 00008000 08:08 5900415                            /users/oconnorp/Programs/jdk1.6.0_32/jre/bin/java
40c1a000-414d7000 rwxp 00000000 00:00 0                                  [heap]
9d800000-9ecc0000 rwxp 00000000 00:00 0 
9ecc0000-a2a00000 rwxp 00000000 00:00 0 
a2a00000-a6840000 rwxp 00000000 00:00 0 
a6840000-e0e00000 rwxp 00000000 00:00 0 
e0e00000-ecbe0000 rwxp 00000000 00:00 0 
ecbe0000-eee40000 ---p 00000000 00:00 0 
eee40000-100000000 rwxp 00000000 00:00 0 
7fb76ecf0000-7fb76ee25000 rwxp 00000000 00:00 0 
7fb76f01c000-7fb76f82e000 rwxp 00000000 00:00 0 
7fb76f837000-7fb76ff37000 rwxp 00000000 00:00 0 
7fb770000000-7fb77036f000 rwxp 00000000 00:00 0 
7fb77036f000-7fb774000000 ---p 00000000 00:00 0 
7fb7741cf000-7fb7743cf000 rwxs 1b6d97000 00:05 8245                      /dev/nvidia0
7fb774598000-7fb774779000 rwxs 00000000 00:04 33914896                   /SYSV00000000 (deleted)
7fb774779000-7fb77477c000 ---p 00000000 00:00 0 
7fb77477c000-7fb77487a000 rwxp 00000000 00:00 0 
7fb77487a000-7fb77487c000 r-xp 00000000 08:08 9176651                    /users/oconnorp/Desktop/jsstest/JSpikeStack/jars/libjogl_awt.so
7fb77487c000-7fb77497b000 ---p 00002000 08:08 9176651                    /users/oconnorp/Desktop/jsstest/JSpikeStack/jars/libjogl_awt.so
7fb77497b000-7fb77497c000 rwxp 00001000 08:08 9176651                    /users/oconnorp/Desktop/jsstest/JSpikeStack/jars/libjogl_awt.so
7fb77497c000-7fb77497d000 r-xp 00000000 08:08 5901041                    /users/oconnorp/Programs/jdk1.6.0_32/jre/lib/amd64/libjawt.so
7fb77497d000-7fb774a7c000 ---p 00001000 08:08 5901041                    /users/oconnorp/Programs/jdk1.6.0_32/jre/lib/amd64/libjawt.so
7fb774a7c000-7fb774a7d000 rwxp 00000000 08:08 5901041                    /users/oconnorp/Programs/jdk1.6.0_32/jre/lib/amd64/libjawt.so
7fb774a7d000-7fb774a82000 r-xp 00000000 08:02 526129                     /usr/lib/libXxf86vm.so.1.0.0
7fb774a82000-7fb774c81000 ---p 00005000 08:02 526129                     /usr/lib/libXxf86vm.so.1.0.0
7fb774c81000-7fb774c82000 r-xp 00004000 08:02 526129                     /usr/lib/libXxf86vm.so.1.0.0
7fb774c82000-7fb774c83000 rwxp 00005000 08:02 526129                     /usr/lib/libXxf86vm.so.1.0.0
7fb774c83000-7fb774d72000 r-xp 00000000 08:08 9176644                    /users/oconnorp/Desktop/jsstest/JSpikeStack/jars/libjogl.so
7fb774d72000-7fb774e72000 ---p 000ef000 08:08 9176644                    /users/oconnorp/Desktop/jsstest/JSpikeStack/jars/libjogl.so
7fb774e72000-7fb774e73000 rwxp 000ef000 08:08 9176644                    /users/oconnorp/Desktop/jsstest/JSpikeStack/jars/libjogl.so
7fb774e73000-7fb77625b000 r-xp 00000000 08:02 666465                     /usr/lib/nvidia-current/libnvidia-glcore.so.260.19.06
7fb77625b000-7fb77645a000 ---p 013e8000 08:02 666465                     /usr/lib/nvidia-current/libnvidia-glcore.so.260.19.06
7fb77645a000-7fb776a36000 rwxp 013e7000 08:02 666465                     /usr/lib/nvidia-current/libnvidia-glcore.so.260.19.06
7fb776a36000-7fb776a4c000 rwxp 00000000 00:00 0 
7fb776a4c000-7fb776a4d000 r-xp 00000000 08:02 666460                     /usr/lib/nvidia-current/tls/libnvidia-tls.so.260.19.06
7fb776a4d000-7fb776c4d000 ---p 00001000 08:02 666460                     /usr/lib/nvidia-current/tls/libnvidia-tls.so.260.19.06
7fb776c4d000-7fb776c4e000 rwxp 00001000 08:02 666460                     /usr/lib/nvidia-current/tls/libnvidia-tls.so.260.19.06
7fb776c4e000-7fb776d05000 r-xp 00000000 08:02 666455                     /usr/lib/nvidia-current/libGL.so.260.19.06
7fb776d05000-7fb776f05000 ---p 000b7000 08:02 666455                     /usr/lib/nvidia-current/libGL.so.260.19.06
7fb776f05000-7fb776f3d000 rwxp 000b7000 08:02 666455                     /usr/lib/nvidia-current/libGL.so.260.19.06
7fb776f3d000-7fb776f53000 rwxp 00000000 00:00 0 
7fb776f53000-7fb776f54000 r-xp 00000000 08:08 9176634                    /users/oconnorp/Desktop/jsstest/JSpikeStack/jars/libgluegen-rt.so
7fb776f54000-7fb777053000 ---p 00001000 08:08 9176634                    /users/oconnorp/Desktop/jsstest/JSpikeStack/jars/libgluegen-rt.so
7fb777053000-7fb777054000 rwxp 00000000 08:08 9176634                    /users/oconnorp/Desktop/jsstest/JSpikeStack/jars/libgluegen-rt.so
7fb7770f9000-7fb7770fc000 ---p 00000000 00:00 0 
7fb7770fc000-7fb7771fa000 rwxp 00000000 00:00 0 
7fb7771fa000-7fb7771fd000 ---p 00000000 00:00 0 
7fb7771fd000-7fb7772fb000 rwxp 00000000 00:00 0 
7fb7772fb000-7fb7772fe000 ---p 00000000 00:00 0 
7fb7772fe000-7fb7773fc000 rwxp 00000000 00:00 0 
7fb7773fc000-7fb7773ff000 ---p 00000000 00:00 0 
7fb7773ff000-7fb7774fd000 rwxp 00000000 00:00 0 
7fb7774fd000-7fb7774fe000 r-xs 00000000 08:02 1706781                    /var/cache/fontconfig/c05880de57d1f5e948fdfacc138775d9-le64.cache-3
7fb7774fe000-7fb777507000 r-xs 00000000 08:02 1706778                    /var/cache/fontconfig/945677eb7aeaf62f1d50efc3fb3ec7d8-le64.cache-3
7fb777507000-7fb777509000 r-xs 00000000 08:02 1706779                    /var/cache/fontconfig/99e8ed0e538f840c565b6ed5dad60d56-le64.cache-3
7fb777509000-7fb77750c000 r-xs 00000000 08:02 1706788                    /var/cache/fontconfig/e383d7ea5fbe662a33d9b44caf393297-le64.cache-3
7fb77750c000-7fb77750f000 r-xs 00000000 08:02 1704604                    /var/cache/fontconfig/2cd17615ca594fa2959ae173292e504c-le64.cache-3
7fb77750f000-7fb777510000 r-xs 00000000 08:02 1706789                    /var/cache/fontconfig/e7071f4a29fa870f4323321c154eba04-le64.cache-3
7fb777510000-7fb777513000 r-xs 00000000 08:02 1704494                    /var/cache/fontconfig/b5ea634b0fb353b8ea17632d1f9ef766-le64.cache-3
7fb777513000-7fb777517000 r-xs 00000000 08:02 1706775                    /var/cache/fontconfig/6eb3985aa4124903f6ff08ba781cd364-le64.cache-3
7fb777517000-7fb777518000 r-xs 00000000 08:02 1706771                    /var/cache/fontconfig/4c73fe0c47614734b17d736dbde7580a-le64.cache-3
7fb777518000-7fb777519000 r-xs 00000000 08:02 1706764                    /var/cache/fontconfig/0d8c3b2ac0904cb8a57a757ad11a4a08-le64.cache-3
7fb777519000-7fb77751a000 r-xs 00000000 08:02 1706773                    /var/cache/fontconfig/6a53c69dea097a2d716e069445527da8-le64.cache-3
7fb77751a000-7fb777520000 r-xs 00000000 08:02 1706780                    /var/cache/fontconfig/a755afe4a08bf5b97852ceb7400b47bc-le64.cache-3
7fb777520000-7fb777529000 r-xs 00000000 08:02 1704816                    /var/cache/fontconfig/6d41288fd70b0be22e8c3a91e032eec0-le64.cache-3
7fb777529000-7fb777539000 r-xs 00000000 08:02 1706765                    /var/cache/fontconfig/0f34bcd4b6ee430af32735b75db7f02b-le64.cache-3
7fb777539000-7fb77753c000 r-xs 00000000 08:02 1706785                    /var/cache/fontconfig/d60319d88cac85ba9e1a07bd06cfbb8c-le64.cache-3
7fb77753c000-7fb77753d000 r-xs 00000000 08:02 1706423                    /var/cache/fontconfig/4794a0821666d79190d59a36cb4f44b5-le64.cache-3
7fb77753d000-7fb777547000 r-xs 00000000 08:02 1706784                    /var/cache/fontconfig/d52a8644073d54c13679302ca1180695-le64.cache-3
7fb777547000-7fb77755a000 r-xs 00000000 08:02 1703478                    /var/cache/fontconfig/e13b20fdb08344e0e664864cc2ede53d-le64.cache-3
7fb77761c000-7fb77761f000 ---p 00000000 00:00 0 
7fb77761f000-7fb77771d000 rwxp 00000000 00:00 0 
7fb77771d000-7fb777720000 ---p 00000000 00:00 0 
7fb777720000-7fb77781e000 rwxp 00000000 00:00 0 
7fb77781e000-7fb777821000 ---p 00000000 00:00 0 
7fb777821000-7fb77791f000 rwxp 00000000 00:00 0 
7fb77791f000-7fb777926000 r-xp 00000000 08:08 5901017                    /users/oconnorp/Programs/jdk1.6.0_32/jre/lib/amd64/libnio.so
7fb777926000-7fb777a25000 ---p 00007000 08:08 5901017                    /users/oconnorp/Programs/jdk1.6.0_32/jre/lib/amd64/libnio.so
7fb777a25000-7fb777a27000 rwxp 00006000 08:08 5901017                    /users/oconnorp/Programs/jdk1.6.0_32/jre/lib/amd64/libnio.so
7fb777a27000-7fb777a3a000 r-xp 00000000 08:08 5901016                    /users/oconnorp/Programs/jdk1.6.0_32/jre/lib/amd64/libnet.so
7fb777a3a000-7fb777b3b000 ---p 00013000 08:08 5901016                    /users/oconnorp/Programs/jdk1.6.0_32/jre/lib/amd64/libnet.so
7fb777b3b000-7fb777b3e000 rwxp 00014000 08:08 5901016                    /users/oconnorp/Programs/jdk1.6.0_32/jre/lib/amd64/libnet.so
7fb777b3e000-7fb777b41000 ---p 00000000 00:00 0 
7fb777b41000-7fb777c3f000 rwxp 00000000 00:00 0 
7fb777c3f000-7fb777c42000 ---p 00000000 00:00 0 
7fb777c42000-7fb777d40000 rwxp 00000000 00:00 0 
7fb777d40000-7fb777db9000 r-xp 00000000 08:08 5901025                    /users/oconnorp/Programs/jdk1.6.0_32/jre/lib/amd64/libfontmanager.so
7fb777db9000-7fb777eb8000 ---p 00079000 08:08 5901025                    /users/oconnorp/Programs/jdk1.6.0_32/jre/lib/amd64/libfontmanager.so
7fb777eb8000-7fb777ecd000 rwxp 00078000 08:08 5901025                    /users/oconnorp/Programs/jdk1.6.0_32/jre/lib/amd64/libfontmanager.so
7fb777ecd000-7fb777edf000 rwxp 00000000 00:00 0 
7fb777edf000-7fb777eed000 r-xp 00000000 08:02 526099                     /usr/lib/libXi.so.6.1.0
7fb777eed000-7fb7780ed000 ---p 0000e000 08:02 526099                     /usr/lib/libXi.so.6.1.0
7fb7780ed000-7fb7780ee000 r-xp 0000e000 08:02 526099                     /usr/lib/libXi.so.6.1.0
7fb7780ee000-7fb7780ef000 rwxp 0000f000 08:02 526099                     /usr/lib/libXi.so.6.1.0
7fb7780ef000-7fb7780f4000 r-xp 00000000 08:02 526119                     /usr/lib/libXtst.so.6.1.0
7fb7780f4000-7fb7782f4000 ---p 00005000 08:02 526119                     /usr/lib/libXtst.so.6.1.0
7fb7782f4000-7fb7782f5000 r-xp 00005000 08:02 526119                     /usr/lib/libXtst.so.6.1.0
7fb7782f5000-7fb7782f6000 rwxp 00006000 08:02 526119                     /usr/lib/libXtst.so.6.1.0
7fb7782fb000-7fb7782ff000 r-xs 00000000 08:02 1704562                    /var/cache/fontconfig/7ef2298fde41cc6eeb7af42e48b7d293-le64.cache-3
7fb7782ff000-7fb778313000 r-xs 00000000 08:02 1717119                    /var/cache/fontconfig/865f88548240fee46819705c6468c165-le64.cache-3
7fb778313000-7fb778355000 r-xp 00000000 08:08 5901014                    /users/oconnorp/Programs/jdk1.6.0_32/jre/lib/amd64/xawt/libmawt.so
7fb778355000-7fb778454000 ---p 00042000 08:08 5901014                    /users/oconnorp/Programs/jdk1.6.0_32/jre/lib/amd64/xawt/libmawt.so
7fb778454000-7fb778460000 rwxp 00041000 08:08 5901014                    /users/oconnorp/Programs/jdk1.6.0_32/jre/lib/amd64/xawt/libmawt.so
7fb778460000-7fb778461000 rwxp 00000000 00:00 0 
7fb778461000-7fb7784f3000 r-xp 00000000 08:08 5901061                    /users/oconnorp/Programs/jdk1.6.0_32/jre/lib/amd64/libawt.so
7fb7784f3000-7fb7785f2000 ---p 00092000 08:08 5901061                    /users/oconnorp/Programs/jdk1.6.0_32/jre/lib/amd64/libawt.so
7fb7785f2000-7fb77860c000 rwxp 00091000 08:08 5901061                    /users/oconnorp/Programs/jdk1.6.0_32/jre/lib/amd64/libawt.so
7fb77860c000-7fb778630000 rwxp 00000000 00:00 0 
7fb778630000-7fb778640000 r-xs 00155000 08:08 9176649                    /users/oconnorp/Desktop/jsstest/JSpikeStack/jars/jfreechart-1.0.14.jar
7fb778640000-7fb778641000 ---p 00000000 00:00 0 
7fb778641000-7fb778741000 rwxp 00000000 00:00 0 
7fb778741000-7fb778744000 ---p 00000000 00:00 0 
7fb778744000-7fb778842000 rwxp 00000000 00:00 0 
7fb778842000-7fb778845000 ---p 00000000 00:00 0 
7fb778845000-7fb778943000 rwxp 00000000 00:00 0 
7fb778943000-7fb778946000 ---p 00000000 00:00 0 
7fb778946000-7fb778a44000 rwxp 00000000 00:00 0 
7fb778a44000-7fb778a47000 ---p 00000000 00:00 0 
7fb778a47000-7fb778b45000 rwxp 00000000 00:00 0 
7fb778b45000-7fb778b48000 ---p 00000000 00:00 0 
7fb778b48000-7fb778c46000 rwxp 00000000 00:00 0 
7fb778c46000-7fb778c49000 ---p 00000000 00:00 0 
7fb778c49000-7fb778d47000 rwxp 00000000 00:00 0 
7fb778d47000-7fb778d4a000 r-xp 00000000 08:08 5901052                    /users/oconnorp/Programs/jdk1.6.0_32/jre/lib/amd64/libdt_socket.so
7fb778d4a000-7fb778e49000 ---p 00003000 08:08 5901052                    /users/oconnorp/Programs/jdk1.6.0_32/jre/lib/amd64/libdt_socket.so
7fb778e49000-7fb778e4b000 rwxp 00002000 08:08 5901052                    /users/oconnorp/Programs/jdk1.6.0_32/jre/lib/amd64/libdt_socket.so
7fb778e4b000-7fb778e4e000 ---p 00000000 00:00 0 
7fb778e4e000-7fb778f4c000 rwxp 00000000 00:00 0 
7fb778f4c000-7fb778f4f000 ---p 00000000 00:00 0 
7fb778f4f000-7fb77904d000 rwxp 00000000 00:00 0 
7fb77904d000-7fb779050000 ---p 00000000 00:00 0 
7fb779050000-7fb77914e000 rwxp 00000000 00:00 0 
7fb77914e000-7fb77914f000 ---p 00000000 00:00 0 
7fb77914f000-7fb779b58000 rwxp 00000000 00:00 0 
7fb779b58000-7fb779cef000 r-xs 03079000 08:08 5901816                    /users/oconnorp/Programs/jdk1.6.0_32/jre/lib/rt.jar
7fb779cef000-7fb779cf0000 ---p 00000000 00:00 0 
7fb779cf0000-7fb779df0000 rwxp 00000000 00:00 0 
7fb779df0000-7fb779df1000 ---p 00000000 00:00 0 
7fb779df1000-7fb779ef1000 rwxp 00000000 00:00 0 
7fb779ef1000-7fb779ef2000 ---p 00000000 00:00 0 
7fb779ef2000-7fb779ff2000 rwxp 00000000 00:00 0 
7fb779ff2000-7fb779ff3000 ---p 00000000 00:00 0 
7fb779ff3000-7fb77a0f3000 rwxp 00000000 00:00 0 
7fb77a0f3000-7fb77a0f4000 ---p 00000000 00:00 0 
7fb77a0f4000-7fb77a1f4000 rwxp 00000000 00:00 0 
7fb77a1f4000-7fb77a1f5000 ---p 00000000 00:00 0 
7fb77a1f5000-7fb77a2f5000 rwxp 00000000 00:00 0 
7fb77a2f5000-7fb77a2f6000 ---p 00000000 00:00 0 
7fb77a2f6000-7fb77a3f6000 rwxp 00000000 00:00 0 
7fb77a3f6000-7fb77a3f7000 ---p 00000000 00:00 0 
7fb77a3f7000-7fb77a502000 rwxp 00000000 00:00 0 
7fb77a502000-7fb77a520000 rwxp 00000000 00:00 0 
7fb77a520000-7fb77a540000 rwxp 00000000 00:00 0 
7fb77a540000-7fb77a712000 rwxp 00000000 00:00 0 
7fb77a712000-7fb77a71d000 rwxp 00000000 00:00 0 
7fb77a71d000-7fb77a73b000 rwxp 00000000 00:00 0 
7fb77a73b000-7fb77a75b000 rwxp 00000000 00:00 0 
7fb77a75b000-7fb77a92d000 rwxp 00000000 00:00 0 
7fb77a92d000-7fb77a98c000 rwxp 00000000 00:00 0 
7fb77a98c000-7fb77a99e000 ---p 00000000 00:00 0 
7fb77a99e000-7fb77aa26000 rwxp 00000000 00:00 0 
7fb77aa26000-7fb77ac97000 rwxp 00000000 00:00 0 
7fb77ac97000-7fb77da27000 rwxp 00000000 00:00 0 
7fb77da27000-7fb77da35000 r-xp 00000000 08:08 5901027                    /users/oconnorp/Programs/jdk1.6.0_32/jre/lib/amd64/libzip.so
7fb77da35000-7fb77db37000 ---p 0000e000 08:08 5901027                    /users/oconnorp/Programs/jdk1.6.0_32/jre/lib/amd64/libzip.so
7fb77db37000-7fb77db3a000 rwxp 00010000 08:08 5901027                    /users/oconnorp/Programs/jdk1.6.0_32/jre/lib/amd64/libzip.so
7fb77db3a000-7fb77db3b000 rwxp 00000000 00:00 0 
7fb77db3b000-7fb77db40000 r-xp 00000000 08:02 1458517                    /lib/libnss_dns-2.12.1.so
7fb77db40000-7fb77dd3f000 ---p 00005000 08:02 1458517                    /lib/libnss_dns-2.12.1.so
7fb77dd3f000-7fb77dd40000 r-xp 00004000 08:02 1458517                    /lib/libnss_dns-2.12.1.so
7fb77dd40000-7fb77dd41000 rwxp 00005000 08:02 1458517                    /lib/libnss_dns-2.12.1.so
7fb77dd41000-7fb77dd43000 r-xp 00000000 08:02 1439093                    /lib/libnss_mdns4_minimal.so.2
7fb77dd43000-7fb77df42000 ---p 00002000 08:02 1439093                    /lib/libnss_mdns4_minimal.so.2
7fb77df42000-7fb77df43000 r-xp 00001000 08:02 1439093                    /lib/libnss_mdns4_minimal.so.2
7fb77df43000-7fb77df44000 rwxp 00002000 08:02 1439093                    /lib/libnss_mdns4_minimal.so.2
7fb77df44000-7fb77df47000 r-xp 00000000 08:02 1439061                    /lib/libgpg-error.so.0.4.0
7fb77df47000-7fb77e146000 ---p 00003000 08:02 1439061                    /lib/libgpg-error.so.0.4.0
7fb77e146000-7fb77e147000 r-xp 00002000 08:02 1439061                    /lib/libgpg-error.so.0.4.0
7fb77e147000-7fb77e148000 rwxp 00003000 08:02 1439061                    /lib/libgpg-error.so.0.4.0
7fb77e148000-7fb77e1bc000 r-xp 00000000 08:02 1439057                    /lib/libgcrypt.so.11.5.3
7fb77e1bc000-7fb77e3bc000 ---p 00074000 08:02 1439057                    /lib/libgcrypt.so.11.5.3
7fb77e3bc000-7fb77e3bd000 r-xp 00074000 08:02 1439057                    /lib/libgcrypt.so.11.5.3
7fb77e3bd000-7fb77e3c0000 rwxp 00075000 08:02 1439057                    /lib/libgcrypt.so.11.5.3
7fb77e3c0000-7fb77e3d6000 r-xp 00000000 08:02 1439170                    /lib/libz.so.1.2.3.4
7fb77e3d6000-7fb77e5d6000 ---p 00016000 08:02 1439170                    /lib/libz.so.1.2.3.4
7fb77e5d6000-7fb77e5d7000 r-xp 00016000 08:02 1439170                    /lib/libz.so.1.2.3.4
7fb77e5d7000-7fb77e5d8000 rwxp 00017000 08:02 1439170   