#
# A fatal error has been detected by the Java Runtime Environment:
#
#  SIGSEGV (0xb) at pc=0x00007f954c871759, pid=13032, tid=140279222564608
#
# JRE version: 6.0_32-b05
# Java VM: Java HotSpot(TM) 64-Bit Server VM (20.7-b02 mixed mode linux-amd64 compressed oops)
# Problematic frame:
# C  [libGL.so.1+0x91759]  __float128+0x25289
#
# If you would like to submit a bug report, please visit:
#   http://java.sun.com/webapps/bugreport/crash.jsp
# The crash happened outside the Java Virtual Machine in native code.
# See problematic frame for where to report the bug.
#

---------------  T H R E A D  ---------------

Current thread (0x000000004172a800):  JavaThread "AWT-EventQueue-0" [_thread_in_native, id=13064, stack(0x00007f954d2af000,0x00007f954d3b0000)]

siginfo:si_signo=SIGSEGV: si_errno=0, si_code=1 (SEGV_MAPERR), si_addr=0x0000000040330000

Registers:
RAX=0x0000000040330000, RBX=0x00007f955454e898, RCX=0x00007f954cacfce0, RDX=0x00007f954c5acbc0
RSP=0x00007f954d3acb70, RBP=0x0000000000000001, RSI=0x00007f955454e898, RDI=0x00007f954cacff40
R8 =0x000000000000350b, R9 =0x00007f955444f670, R10=0x0000000000000000, R11=0x0000000000000206
R12=0x00007f954d3acb90, R13=0x0000000000000001, R14=0x00007f955454e898, R15=0x00007f954cab4750
RIP=0x00007f954c871759, EFLAGS=0x0000000000010202, CSGSFS=0x0000000000000033, ERR=0x0000000000000004
  TRAPNO=0x000000000000000e

Top of Stack: (sp=0x00007f954d3acb70)
0x00007f954d3acb70:   00007f954d3acb90 0000000040330000
0x00007f954d3acb80:   0000012c4d3acbd0 000000010000012c
0x00007f954d3acb90:   0000000040330000 00007f954a40cee8
0x00007f954d3acba0:   0000000000000000 00007f954d3acc58
0x00007f954d3acbb0:   00007f954d3acc60 000000004172a9d0
0x00007f954d3acbc0:   0000000000000000 00007f954c8777a9
0x00007f954d3acbd0:   0000000000000000 00007f955057a33e
0x00007f954d3acbe0:   00007f954d3acc48 000000000520002e
0x00007f954d3acbf0:   00007f954c5c8f20 00000000000032e8
0x00007f954d3acc00:   00007f95543bf3c0 00007f954b8990b0
0x00007f954d3acc10:   000000009e963cf0 00007f955416f2b0
0x00007f954d3acc20:   00007f955454e850 00007f95544d81e0
0x00007f954d3acc30:   000000009e963cf0 00007f954d3acd68
0x00007f954d3acc40:   000000004172a800 00007f954c849e27
0x00007f954d3acc50:   00007f9550575298 00000000a46dd4f8
0x00007f954d3acc60:   00000000a46dd4c0 00007f954d3acc68
0x00007f954d3acc70:   000000009e979475 000000009e963cf0
0x00007f954d3acc80:   00007f954d3accc0 0000000000000000
0x00007f954d3acc90:   000000009e963cf0 00007f954a866b42
0x00007f954d3acca0:   000000000520002e 00007f955416f2b0
0x00007f954d3accb0:   00007f954d3acd40 000000004172a9d0
0x00007f954d3accc0:   00007f954d3acd30 00007f9550579b55
0x00007f954d3accd0:   00007f954d3acd10 000000009e93e8d8
0x00007f954d3acce0:   000000009ec9b9f8 000000009e92cc40
0x00007f954d3accf0:   00007f954d3accf0 0000000000000000
0x00007f954d3acd00:   00007f954d3acd68 000000009e967958
0x00007f954d3acd10:   0000000000000000 000000009e963cf0
0x00007f954d3acd20:   0000000000000000 00007f954d3acd50
0x00007f954d3acd30:   00007f954d3acdb0 00007f9550568b02
0x00007f954d3acd40:   000000009e965020 00007f9550575298
0x00007f954d3acd50:   000000000520002e 00007f954d3acdb0
0x00007f954d3acd60:   00007f955416f2b0 00000000a514b5d8 

Instructions: (pc=0x00007f954c871759)
0x00007f954c871739:   44 3b 6c 24 1c 75 90 4c 8b 24 24 31 ed 48 8b 0d
0x00007f954c871749:   db bf 23 00 49 8b 04 24 4c 89 f6 ff c5 48 8b 11
0x00007f954c871759:   48 8b 38 ff 92 68 03 00 00 48 8b 15 bf bf 23 00
0x00007f954c871769:   48 89 c3 49 8b 3c 24 49 83 c4 08 48 8b 02 ff 90 

Register to memory mapping:

RAX=0x0000000040330000 is an unknown value
RBX=0x00007f955454e898 is an unknown value
RCX=0x00007f954cacfce0: <offset 0x2efce0> in /usr/lib/nvidia-current/libGL.so.1 at 0x00007f954c7e0000
RDX=0x00007f954c5acbc0: <offset 0x1ba7bc0> in /usr/lib/nvidia-current/libnvidia-glcore.so.260.19.06 at 0x00007f954aa05000
RSP=0x00007f954d3acb70 is pointing into the stack for thread: 0x000000004172a800
RBP=0x0000000000000001 is an unknown value
RSI=0x00007f955454e898 is an unknown value
RDI=0x00007f954cacff40: <offset 0x2eff40> in /usr/lib/nvidia-current/libGL.so.1 at 0x00007f954c7e0000
R8 =0x000000000000350b is an unknown value
R9 =0x00007f955444f670 is an unknown value
R10=0x0000000000000000 is an unknown value
R11=0x0000000000000206 is an unknown value
R12=0x00007f954d3acb90 is pointing into the stack for thread: 0x000000004172a800
R13=0x0000000000000001 is an unknown value
R14=0x00007f955454e898 is an unknown value
R15=0x00007f954cab4750: <offset 0x2d4750> in /usr/lib/nvidia-current/libGL.so.1 at 0x00007f954c7e0000


Stack: [0x00007f954d2af000,0x00007f954d3b0000],  sp=0x00007f954d3acb70,  free space=1014k
Native frames: (J=compiled Java code, j=interpreted, Vv=VM code, C=native code)
C  [libGL.so.1+0x91759]  __float128+0x25289

Java frames: (J=compiled Java code, j=interpreted, Vv=VM code)
j  com.sun.opengl.impl.x11.GLX.glXSwapBuffers(JJ)V+0
j  com.sun.opengl.impl.x11.X11OnscreenGLDrawable.swapBuffers()V+38
j  com.sun.opengl.impl.GLDrawableHelper.invokeGL(Ljavax/media/opengl/GLDrawable;Ljavax/media/opengl/GLContext;Ljava/lang/Runnable;Ljava/lang/Runnable;)V+435
j  javax.media.opengl.GLCanvas.maybeDoSingleThreadedWorkaround(Ljava/lang/Runnable;Ljava/lang/Runnable;)V+36
j  javax.media.opengl.GLCanvas.display()V+9
j  javax.media.opengl.GLCanvas.paint(Ljava/awt/Graphics;)V+125
j  javax.media.opengl.GLCanvas.update(Ljava/awt/Graphics;)V+2
j  sun.awt.RepaintArea.updateComponent(Ljava/awt/Component;Ljava/awt/Graphics;)V+6
j  sun.awt.X11.XRepaintArea.updateComponent(Ljava/awt/Component;Ljava/awt/Graphics;)V+23
j  sun.awt.RepaintArea.paint(Ljava/lang/Object;Z)V+263
j  sun.awt.X11.XComponentPeer.handleEvent(Ljava/awt/AWTEvent;)V+224
j  java.awt.Component.dispatchEventImpl(Ljava/awt/AWTEvent;)V+861
j  java.awt.Component.dispatchEvent(Ljava/awt/AWTEvent;)V+2
j  java.awt.EventQueue.dispatchEventImpl(Ljava/awt/AWTEvent;Ljava/lang/Object;)V+41
j  java.awt.EventQueue.access$000(Ljava/awt/EventQueue;Ljava/awt/AWTEvent;Ljava/lang/Object;)V+3
j  java.awt.EventQueue$1.run()Ljava/lang/Void;+12
j  java.awt.EventQueue$1.run()Ljava/lang/Object;+1
v  ~StubRoutines::call_stub
j  java.security.AccessController.doPrivileged(Ljava/security/PrivilegedAction;Ljava/security/AccessControlContext;)Ljava/lang/Object;+0
j  java.security.AccessControlContext$1.doIntersectionPrivilege(Ljava/security/PrivilegedAction;Ljava/security/AccessControlContext;Ljava/security/AccessControlContext;)Ljava/lang/Object;+28
j  java.security.AccessControlContext$1.doIntersectionPrivilege(Ljava/security/PrivilegedAction;Ljava/security/AccessControlContext;)Ljava/lang/Object;+6
j  java.awt.EventQueue$2.run()Ljava/lang/Void;+11
j  java.awt.EventQueue$2.run()Ljava/lang/Object;+1
v  ~StubRoutines::call_stub
j  java.security.AccessController.doPrivileged(Ljava/security/PrivilegedAction;Ljava/security/AccessControlContext;)Ljava/lang/Object;+0
j  java.security.AccessControlContext$1.doIntersectionPrivilege(Ljava/security/PrivilegedAction;Ljava/security/AccessControlContext;Ljava/security/AccessControlContext;)Ljava/lang/Object;+28
j  java.awt.EventQueue.dispatchEvent(Ljava/awt/AWTEvent;)V+73
j  java.awt.EventDispatchThread.pumpOneEventForFilters(I)Z+204
j  java.awt.EventDispatchThread.pumpEventsForFilter(ILjava/awt/Conditional;Ljava/awt/EventFilter;)V+30
j  java.awt.EventDispatchThread.pumpEventsForHierarchy(ILjava/awt/Conditional;Ljava/awt/Component;)V+11
j  java.awt.EventDispatchThread.pumpEvents(ILjava/awt/Conditional;)V+4
j  java.awt.EventDispatchThread.pumpEvents(Ljava/awt/Conditional;)V+3
j  java.awt.EventDispatchThread.run()V+9
v  ~StubRoutines::call_stub

---------------  P R O C E S S  ---------------

Java Threads: ( => current thread )
  0x00007f95543ac000 JavaThread "NetPlotter" [_thread_blocked, id=13074, stack(0x00007f954a30b000,0x00007f954a40c000)]
  0x00007f955433f000 JavaThread "Timer-0" daemon [_thread_blocked, id=13073, stack(0x00007f954cc8b000,0x00007f954cd8c000)]
  0x00000000417cd000 JavaThread "TimerQueue" daemon [_thread_blocked, id=13072, stack(0x00007f954cd8c000,0x00007f954ce8d000)]
  0x0000000041801000 JavaThread "Thread-1" [_thread_blocked, id=13066, stack(0x00007f954cf8e000,0x00007f954d08f000)]
  0x00007f95542eb000 JavaThread "DestroyJavaVM" [_thread_blocked, id=13037, stack(0x00007f955acb4000,0x00007f955adb5000)]
  0x00007f95542e3000 JavaThread "org.netbeans.modules.debugger.jpda.visual AWT Access Loop" daemon [_thread_blocked, id=13065, stack(0x00007f954d1ae000,0x00007f954d2af000)]
=>0x000000004172a800 JavaThread "AWT-EventQueue-0" [_thread_in_native, id=13064, stack(0x00007f954d2af000,0x00007f954d3b0000)]
  0x000000004169c000 JavaThread "AWT-Shutdown" [_thread_blocked, id=13063, stack(0x00007f954d3b0000,0x00007f954d4b1000)]
  0x00007f95542af000 JavaThread "AWT-XAWT" daemon [_thread_blocked, id=13062, stack(0x00007f954d6d0000,0x00007f954d7d1000)]
  0x00007f9554191800 JavaThread "Java2D Disposer" daemon [_thread_blocked, id=13061, stack(0x00007f954d7d1000,0x00007f954d8d2000)]
  0x00007f9554133000 JavaThread "Low Memory Detector" daemon [_thread_blocked, id=13059, stack(0x00007f954e2a6000,0x00007f954e3a7000)]
  0x00007f9554130800 JavaThread "C2 CompilerThread1" daemon [_thread_blocked, id=13058, stack(0x00007f954e3a7000,0x00007f954e4a8000)]
  0x00007f955412d800 JavaThread "C2 CompilerThread0" daemon [_thread_blocked, id=13057, stack(0x00007f954e4a8000,0x00007f954e5a9000)]
  0x00007f955412a800 JavaThread "JDWP Event Helper Thread" daemon [_thread_blocked, id=13053, stack(0x00007f954e6aa000,0x00007f954e7ab000)]
  0x00007f9554127000 JavaThread "JDWP Transport Listener: dt_socket" daemon [_thread_in_native, id=13051, stack(0x00007f954e7ab000,0x00007f954e8ac000)]
  0x00007f955411b000 JavaThread "Signal Dispatcher" daemon [_thread_blocked, id=13050, stack(0x00007f954e9b0000,0x00007f954eab1000)]
  0x00007f95540ff800 JavaThread "Finalizer" daemon [_thread_blocked, id=13049, stack(0x00007f954eab1000,0x00007f954ebb2000)]
  0x00007f95540fe000 JavaThread "Reference Handler" daemon [_thread_blocked, id=13048, stack(0x00007f954ebb2000,0x00007f954ecb3000)]

Other Threads:
  0x00007f95540f7000 VMThread [stack: 0x00007f954ecb3000,0x00007f954edb4000] [id=13047]
  0x00007f9554146000 WatcherThread [stack: 0x00007f954e1a5000,0x00007f954e2a6000] [id=13060]

VM state:not at safepoint (normal execution)

VM Mutex/Monitor currently owned by a thread: None

Heap
 PSYoungGen      total 88192K, used 58617K [0x00000000e0e00000, 0x00000000ecc10000, 0x0000000100000000)
  eden space 84864K, 65% used [0x00000000e0e00000,0x00000000e44006f8,0x00000000e60e0000)
  from space 3328K, 99% used [0x00000000ec8d0000,0x00000000ecc0dd88,0x00000000ecc10000)
  to   space 19520K, 0% used [0x00000000ea5f0000,0x00000000ea5f0000,0x00000000eb900000)
 PSOldGen        total 63744K, used 47407K [0x00000000a2a00000, 0x00000000a6840000, 0x00000000e0e00000)
  object space 63744K, 74% used [0x00000000a2a00000,0x00000000a584bdf0,0x00000000a6840000)
 PSPermGen       total 21248K, used 21104K [0x000000009d800000, 0x000000009ecc0000, 0x00000000a2a00000)
  object space 21248K, 99% used [0x000000009d800000,0x000000009ec9c3c0,0x000000009ecc0000)

Code Cache  [0x00007f9550563000, 0x00007f95507d3000, 0x00007f9553563000)
 total_blobs=981 nmethods=256 adapters=687 free_code_cache=48946496 largest_free_block=26368

Dynamic libraries:
40000000-40009000 r-xp 00000000 08:08 5900415                            /users/oconnorp/Programs/jdk1.6.0_32/jre/bin/java
40108000-4010a000 rwxp 00008000 08:08 5900415                            /users/oconnorp/Programs/jdk1.6.0_32/jre/bin/java
41296000-41b5e000 rwxp 00000000 00:00 0                                  [heap]
9d800000-9ecc0000 rwxp 00000000 00:00 0 
9ecc0000-a2a00000 rwxp 00000000 00:00 0 
a2a00000-a6840000 rwxp 00000000 00:00 0 
a6840000-e0e00000 rwxp 00000000 00:00 0 
e0e00000-ecc10000 rwxp 00000000 00:00 0 
ecc10000-eeec0000 ---p 00000000 00:00 0 
eeec0000-100000000 rwxp 00000000 00:00 0 
7f95482c8000-7f95483fd000 rwxp 00000000 00:00 0 
7f95485f4000-7f9549b06000 rwxp 00000000 00:00 0 
7f9549d61000-7f9549f61000 rwxs 1b71f5000 00:05 8245                      /dev/nvidia0
7f954a12a000-7f954a30b000 rwxs 00000000 00:04 33587215                   /SYSV00000000 (deleted)
7f954a30b000-7f954a30e000 ---p 00000000 00:00 0 
7f954a30e000-7f954a40c000 rwxp 00000000 00:00 0 
7f954a40c000-7f954a40e000 r-xp 00000000 08:08 9176651                    /users/oconnorp/Desktop/jsstest/JSpikeStack/jars/libjogl_awt.so
7f954a40e000-7f954a50d000 ---p 00002000 08:08 9176651                    /users/oconnorp/Desktop/jsstest/JSpikeStack/jars/libjogl_awt.so
7f954a50d000-7f954a50e000 rwxp 00001000 08:08 9176651                    /users/oconnorp/Desktop/jsstest/JSpikeStack/jars/libjogl_awt.so
7f954a50e000-7f954a50f000 r-xp 00000000 08:08 5901041                    /users/oconnorp/Programs/jdk1.6.0_32/jre/lib/amd64/libjawt.so
7f954a50f000-7f954a60e000 ---p 00001000 08:08 5901041                    /users/oconnorp/Programs/jdk1.6.0_32/jre/lib/amd64/libjawt.so
7f954a60e000-7f954a60f000 rwxp 00000000 08:08 5901041                    /users/oconnorp/Programs/jdk1.6.0_32/jre/lib/amd64/libjawt.so
7f954a60f000-7f954a614000 r-xp 00000000 08:02 526129                     /usr/lib/libXxf86vm.so.1.0.0
7f954a614000-7f954a813000 ---p 00005000 08:02 526129                     /usr/lib/libXxf86vm.so.1.0.0
7f954a813000-7f954a814000 r-xp 00004000 08:02 526129                     /usr/lib/libXxf86vm.so.1.0.0
7f954a814000-7f954a815000 rwxp 00005000 08:02 526129                     /usr/lib/libXxf86vm.so.1.0.0
7f954a815000-7f954a904000 r-xp 00000000 08:08 9176644                    /users/oconnorp/Desktop/jsstest/JSpikeStack/jars/libjogl.so
7f954a904000-7f954aa04000 ---p 000ef000 08:08 9176644                    /users/oconnorp/Desktop/jsstest/JSpikeStack/jars/libjogl.so
7f954aa04000-7f954aa05000 rwxp 000ef000 08:08 9176644                    /users/oconnorp/Desktop/jsstest/JSpikeStack/jars/libjogl.so
7f954aa05000-7f954bded000 r-xp 00000000 08:02 666465                     /usr/lib/nvidia-current/libnvidia-glcore.so.260.19.06
7f954bded000-7f954bfec000 ---p 013e8000 08:02 666465                     /usr/lib/nvidia-current/libnvidia-glcore.so.260.19.06
7f954bfec000-7f954c5c8000 rwxp 013e7000 08:02 666465                     /usr/lib/nvidia-current/libnvidia-glcore.so.260.19.06
7f954c5c8000-7f954c5de000 rwxp 00000000 00:00 0 
7f954c5de000-7f954c5df000 r-xp 00000000 08:02 666460                     /usr/lib/nvidia-current/tls/libnvidia-tls.so.260.19.06
7f954c5df000-7f954c7df000 ---p 00001000 08:02 666460                     /usr/lib/nvidia-current/tls/libnvidia-tls.so.260.19.06
7f954c7df000-7f954c7e0000 rwxp 00001000 08:02 666460                     /usr/lib/nvidia-current/tls/libnvidia-tls.so.260.19.06
7f954c7e0000-7f954c897000 r-xp 00000000 08:02 666455                     /usr/lib/nvidia-current/libGL.so.260.19.06
7f954c897000-7f954ca97000 ---p 000b7000 08:02 666455                     /usr/lib/nvidia-current/libGL.so.260.19.06
7f954ca97000-7f954cacf000 rwxp 000b7000 08:02 666455                     /usr/lib/nvidia-current/libGL.so.260.19.06
7f954cacf000-7f954cae5000 rwxp 00000000 00:00 0 
7f954cae5000-7f954cae6000 r-xp 00000000 08:08 9176634                    /users/oconnorp/Desktop/jsstest/JSpikeStack/jars/libgluegen-rt.so
7f954cae6000-7f954cbe5000 ---p 00001000 08:08 9176634                    /users/oconnorp/Desktop/jsstest/JSpikeStack/jars/libgluegen-rt.so
7f954cbe5000-7f954cbe6000 rwxp 00000000 08:08 9176634                    /users/oconnorp/Desktop/jsstest/JSpikeStack/jars/libgluegen-rt.so
7f954cc8b000-7f954cc8e000 ---p 00000000 00:00 0 
7f954cc8e000-7f954cd8c000 rwxp 00000000 00:00 0 
7f954cd8c000-7f954cd8f000 ---p 00000000 00:00 0 
7f954cd8f000-7f954ce8d000 rwxp 00000000 00:00 0 
7f954ce8d000-7f954ce90000 ---p 00000000 00:00 0 
7f954ce90000-7f954cf8e000 rwxp 00000000 00:00 0 
7f954cf8e000-7f954cf91000 ---p 00000000 00:00 0 
7f954cf91000-7f954d08f000 rwxp 00000000 00:00 0 
7f954d08f000-7f954d090000 r-xs 00000000 08:02 1706781                    /var/cache/fontconfig/c05880de57d1f5e948fdfacc138775d9-le64.cache-3
7f954d090000-7f954d099000 r-xs 00000000 08:02 1706778                    /var/cache/fontconfig/945677eb7aeaf62f1d50efc3fb3ec7d8-le64.cache-3
7f954d099000-7f954d09b000 r-xs 00000000 08:02 1706779                    /var/cache/fontconfig/99e8ed0e538f840c565b6ed5dad60d56-le64.cache-3
7f954d09b000-7f954d09e000 r-xs 00000000 08:02 1706788                    /var/cache/fontconfig/e383d7ea5fbe662a33d9b44caf393297-le64.cache-3
7f954d09e000-7f954d0a1000 r-xs 00000000 08:02 1704604                    /var/cache/fontconfig/2cd17615ca594fa2959ae173292e504c-le64.cache-3
7f954d0a1000-7f954d0a2000 r-xs 00000000 08:02 1706789                    /var/cache/fontconfig/e7071f4a29fa870f4323321c154eba04-le64.cache-3
7f954d0a2000-7f954d0a5000 r-xs 00000000 08:02 1704494                    /var/cache/fontconfig/b5ea634b0fb353b8ea17632d1f9ef766-le64.cache-3
7f954d0a5000-7f954d0a9000 r-xs 00000000 08:02 1706775                    /var/cache/fontconfig/6eb3985aa4124903f6ff08ba781cd364-le64.cache-3
7f954d0a9000-7f954d0aa000 r-xs 00000000 08:02 1706771                    /var/cache/fontconfig/4c73fe0c47614734b17d736dbde7580a-le64.cache-3
7f954d0aa000-7f954d0ab000 r-xs 00000000 08:02 1706764                    /var/cache/fontconfig/0d8c3b2ac0904cb8a57a757ad11a4a08-le64.cache-3
7f954d0ab000-7f954d0ac000 r-xs 00000000 08:02 1706773                    /var/cache/fontconfig/6a53c69dea097a2d716e069445527da8-le64.cache-3
7f954d0ac000-7f954d0b2000 r-xs 00000000 08:02 1706780                    /var/cache/fontconfig/a755afe4a08bf5b97852ceb7400b47bc-le64.cache-3
7f954d0b2000-7f954d0bb000 r-xs 00000000 08:02 1704816                    /var/cache/fontconfig/6d41288fd70b0be22e8c3a91e032eec0-le64.cache-3
7f954d0bb000-7f954d0cb000 r-xs 00000000 08:02 1706765                    /var/cache/fontconfig/0f34bcd4b6ee430af32735b75db7f02b-le64.cache-3
7f954d0cb000-7f954d0ce000 r-xs 00000000 08:02 1706785                    /var/cache/fontconfig/d60319d88cac85ba9e1a07bd06cfbb8c-le64.cache-3
7f954d0ce000-7f954d0cf000 r-xs 00000000 08:02 1706423                    /var/cache/fontconfig/4794a0821666d79190d59a36cb4f44b5-le64.cache-3
7f954d0cf000-7f954d0d9000 r-xs 00000000 08:02 1706784                    /var/cache/fontconfig/d52a8644073d54c13679302ca1180695-le64.cache-3
7f954d0d9000-7f954d0ec000 r-xs 00000000 08:02 1703478                    /var/cache/fontconfig/e13b20fdb08344e0e664864cc2ede53d-le64.cache-3
7f954d137000-7f954d1ae000 rwxp 00000000 00:00 0 
7f954d1ae000-7f954d1b1000 ---p 00000000 00:00 0 
7f954d1b1000-7f954d2af000 rwxp 00000000 00:00 0 
7f954d2af000-7f954d2b2000 ---p 00000000 00:00 0 
7f954d2b2000-7f954d3b0000 rwxp 00000000 00:00 0 
7f954d3b0000-7f954d3b3000 ---p 00000000 00:00 0 
7f954d3b3000-7f954d4b1000 rwxp 00000000 00:00 0 
7f954d4b1000-7f954d4b8000 r-xp 00000000 08:08 5901017                    /users/oconnorp/Programs/jdk1.6.0_32/jre/lib/amd64/libnio.so
7f954d4b8000-7f954d5b7000 ---p 00007000 08:08 5901017                    /users/oconnorp/Programs/jdk1.6.0_32/jre/lib/amd64/libnio.so
7f954d5b7000-7f954d5b9000 rwxp 00006000 08:08 5901017                    /users/oconnorp/Programs/jdk1.6.0_32/jre/lib/amd64/libnio.so
7f954d5b9000-7f954d5cc000 r-xp 00000000 08:08 5901016                    /users/oconnorp/Programs/jdk1.6.0_32/jre/lib/amd64/libnet.so
7f954d5cc000-7f954d6cd000 ---p 00013000 08:08 5901016                    /users/oconnorp/Programs/jdk1.6.0_32/jre/lib/amd64/libnet.so
7f954d6cd000-7f954d6d0000 rwxp 00014000 08:08 5901016                    /users/oconnorp/Programs/jdk1.6.0_32/jre/lib/amd64/libnet.so
7f954d6d0000-7f954d6d3000 ---p 00000000 00:00 0 
7f954d6d3000-7f954d7d1000 rwxp 00000000 00:00 0 
7f954d7d1000-7f954d7d4000 ---p 00000000 00:00 0 
7f954d7d4000-7f954d8d2000 rwxp 00000000 00:00 0 
7f954d8d2000-7f954d94b000 r-xp 00000000 08:08 5901025                    /users/oconnorp/Programs/jdk1.6.0_32/jre/lib/amd64/libfontmanager.so
7f954d94b000-7f954da4a000 ---p 00079000 08:08 5901025                    /users/oconnorp/Programs/jdk1.6.0_32/jre/lib/amd64/libfontmanager.so
7f954da4a000-7f954da5f000 rwxp 00078000 08:08 5901025                    /users/oconnorp/Programs/jdk1.6.0_32/jre/lib/amd64/libfontmanager.so
7f954da5f000-7f954da71000 rwxp 00000000 00:00 0 
7f954da71000-7f954da7f000 r-xp 00000000 08:02 526099                     /usr/lib/libXi.so.6.1.0
7f954da7f000-7f954dc7f000 ---p 0000e000 08:02 526099                     /usr/lib/libXi.so.6.1.0
7f954dc7f000-7f954dc80000 r-xp 0000e000 08:02 526099                     /usr/lib/libXi.so.6.1.0
7f954dc80000-7f954dc81000 rwxp 0000f000 08:02 526099                     /usr/lib/libXi.so.6.1.0
7f954dc81000-7f954dc86000 r-xp 00000000 08:02 526119                     /usr/lib/libXtst.so.6.1.0
7f954dc86000-7f954de86000 ---p 00005000 08:02 526119                     /usr/lib/libXtst.so.6.1.0
7f954de86000-7f954de87000 r-xp 00005000 08:02 526119                     /usr/lib/libXtst.so.6.1.0
7f954de87000-7f954de88000 rwxp 00006000 08:02 526119                     /usr/lib/libXtst.so.6.1.0
7f954de88000-7f954deca000 r-xp 00000000 08:08 5901014                    /users/oconnorp/Programs/jdk1.6.0_32/jre/lib/amd64/xawt/libmawt.so
7f954deca000-7f954dfc9000 ---p 00042000 08:08 5901014                    /users/oconnorp/Programs/jdk1.6.0_32/jre/lib/amd64/xawt/libmawt.so
7f954dfc9000-7f954dfd5000 rwxp 00041000 08:08 5901014                    /users/oconnorp/Programs/jdk1.6.0_32/jre/lib/amd64/xawt/libmawt.so
7f954dfd5000-7f954dfd6000 rwxp 00000000 00:00 0 
7f954dfd6000-7f954e068000 r-xp 00000000 08:08 5901061                    /users/oconnorp/Programs/jdk1.6.0_32/jre/lib/amd64/libawt.so
7f954e068000-7f954e167000 ---p 00092000 08:08 5901061                    /users/oconnorp/Programs/jdk1.6.0_32/jre/lib/amd64/libawt.so
7f954e167000-7f954e181000 rwxp 00091000 08:08 5901061                    /users/oconnorp/Programs/jdk1.6.0_32/jre/lib/amd64/libawt.so
7f954e181000-7f954e1a5000 rwxp 00000000 00:00 0 
7f954e1a5000-7f954e1a6000 ---p 00000000 00:00 0 
7f954e1a6000-7f954e2a6000 rwxp 00000000 00:00 0 
7f954e2a6000-7f954e2a9000 ---p 00000000 00:00 0 
7f954e2a9000-7f954e3a7000 rwxp 00000000 00:00 0 
7f954e3a7000-7f954e3aa000 ---p 00000000 00:00 0 
7f954e3aa000-7f954e4a8000 rwxp 00000000 00:00 0 
7f954e4a8000-7f954e4ab000 ---p 00000000 00:00 0 
7f954e4ab000-7f954e5a9000 rwxp 00000000 00:00 0 
7f954e5a9000-7f954e5ac000 ---p 00000000 00:00 0 
7f954e5ac000-7f954e6aa000 rwxp 00000000 00:00 0 
7f954e6aa000-7f954e6ad000 ---p 00000000 00:00 0 
7f954e6ad000-7f954e7ab000 rwxp 00000000 00:00 0 
7f954e7ab000-7f954e7ae000 ---p 00000000 00:00 0 
7f954e7ae000-7f954e8ac000 rwxp 00000000 00:00 0 
7f954e8ac000-7f954e8af000 r-xp 00000000 08:08 5901052                    /users/oconnorp/Programs/jdk1.6.0_32/jre/lib/amd64/libdt_socket.so
7f954e8af000-7f954e9ae000 ---p 00003000 08:08 5901052                    /users/oconnorp/Programs/jdk1.6.0_32/jre/lib/amd64/libdt_socket.so
7f954e9ae000-7f954e9b0000 rwxp 00002000 08:08 5901052                    /users/oconnorp/Programs/jdk1.6.0_32/jre/lib/amd64/libdt_socket.so
7f954e9b0000-7f954e9b3000 ---p 00000000 00:00 0 
7f954e9b3000-7f954eab1000 rwxp 00000000 00:00 0 
7f954eab1000-7f954eab4000 ---p 00000000 00:00 0 
7f954eab4000-7f954ebb2000 rwxp 00000000 00:00 0 
7f954ebb2000-7f954ebb5000 ---p 00000000 00:00 0 
7f954ebb5000-7f954ecb3000 rwxp 00000000 00:00 0 
7f954ecb3000-7f954ecb4000 ---p 00000000 00:00 0 
7f954ecb4000-7f954f6bd000 rwxp 00000000 00:00 0 
7f954f6bd000-7f954f854000 r-xs 03079000 08:08 5901816                    /users/oconnorp/Programs/jdk1.6.0_32/jre/lib/rt.jar
7f954f854000-7f954f855000 ---p 00000000 00:00 0 
7f954f855000-7f954f955000 rwxp 00000000 00:00 0 
7f954f955000-7f954f956000 ---p 00000000 00:00 0 
7f954f956000-7f954fa56000 rwxp 00000000 00:00 0 
7f954fa56000-7f954fa57000 ---p 00000000 00:00 0 
7f954fa57000-7f954fb57000 rwxp 00000000 00:00 0 
7f954fb57000-7f954fb58000 ---p 00000000 00:00 0 
7f954fb58000-7f954fc58000 rwxp 00000000 00:00 0 
7f954fc58000-7f954fc59000 ---p 00000000 00:00 0 
7f954fc59000-7f954fd59000 rwxp 00000000 00:00 0 
7f954fd59000-7f954fd5a000 ---p 00000000 00:00 0 
7f954fd5a000-7f954fe5a000 rwxp 00000000 00:00 0 
7f954fe5a000-7f954fe5b000 ---p 00000000 00:00 0 
7f954fe5b000-7f954ff5b000 rwxp 00000000 00:00 0 
7f954ff5b000-7f954ff5c000 ---p 00000000 00:00 0 
7f954ff5c000-7f955007c000 rwxp 00000000 00:00 0 
7f955007c000-7f955024e000 rwxp 00000000 00:00 0 
7f955024e000-7f9550259000 rwxp 00000000 00:00 0 
7f9550259000-7f9550277000 rwxp 00000000 00:00 0 
7f9550277000-7f9550297000 rwxp 00000000 00:00 0 
7f9550297000-7f9550469000 rwxp 00000000 00:00 0 
7f9550469000-7f95504c9000 rwxp 00000000 00:00 0 
7f95504c9000-7f95504da000 ---p 00000000 00:00 0 
7f95504da000-7f9550562000 rwxp 00000000 00:00 0 
7f9550562000-7f95507d3000 rwxp 00000000 00:00 0 
7f95507d3000-7f9553563000 rwxp 00000000 00:00 0 
7f9553563000-7f9553568000 r-xp 00000000 08:02 1458517                    /lib/libnss_dns-2.12.1.so
7f9553568000-7f9553767000 ---p 00005000 08:02 1458517                    /lib/libnss_dns-2.12.1.so
7f9553767000-7f9553768000 r-xp 00004000 08:02 1458517                    /lib/libnss_dns-2.12.1.so
7f9553768000-7f9553769000 rwxp 00005000 08:02 1458517                    /lib/libnss_dns-2.12.1.so
7f9553769000-7f955376b000 r-xp 00000000 08:02 1439093                    /lib/libnss_mdns4_minimal.so.2
7f955376b000-7f955396a000 ---p 00002000 08:02 1439093                    /lib/libnss_mdns4_minimal.so.2
7f955396a000-7f955396b000 r-xp 00001000 08:02 1439093                    /lib/libnss_mdns4_minimal.so.2
7f955396b000-7f955396c000 rwxp 00002000 08:02 1439093                    /lib/libnss_mdns4_minimal.so.2
7f955396c000-7f955396f000 r-xp 00000000 08:02 1439061                    /lib/libgpg-error.so.0.4.0
7f955396f000-7f9553b6e000 ---p 00003000 08:02 1439061                    /lib/libgpg-error.so.0.4.0
7f9553b6e000-7f9553b6f000 r-xp 00002000 08:02 1439061                    /lib/libgpg-error.so.0.4.0
7f9553b6f000-7f9553b70000 rwxp 00003000 08:02 1439061                    /lib/libgpg-error.so.0.4.0
7f9553b70000-7f9553be4000 r-xp 00000000 08:02 1439057                    /lib/libgcrypt.so.11.5.3
7f9553be4000-7f9553de4000 ---p 00074000 08:02 1439057                    /lib/libgcrypt.so.11.5.3
7f9553de4000-7f9553de5000 r-xp 00074000 08:02 1439057                    /lib/libgcrypt.so.11.5.3
7f9553de5000-7f9553de8000 rwxp 00075000 08:02 1439057                    /lib/libgcrypt.so.11.5.3
7f9553de8000-7f9553dfe000 r-xp 00000000 08:02 1439170                    /lib/libz.so.1.2.3.4
7f9553dfe000-7f9553ffe000 ---p 00016000 08:02 1439170                    /lib/libz.so.1.2.3.4
7f9553ffe000-7f9553fff000 r-xp 00016000 08:02 1439170                    /lib/libz.so.1.2.3.4
7f9553fff000-7f9554000000 rwxp 00017000 08:02 1439170                    /lib/libz.so.1.2.3.4
7f9554000000-7f95556f5000 rwxp 00000000 00:00 0 
7f95556f5000-7f9558000000 ---p 00000000 00:00 0 
7f9558007000-7f955800b000 r-xs 00000000 08:02 1704562                    /var/cache/fontconfig/7ef2298fde41cc6eeb7af42e48b7d293-le64.cache-3
7f955800b000-7f955801f000 r-