#
# A fatal error has been detected by the Java Runtime Environment:
#
#  SIGSEGV (0xb) at pc=0x00007ff1799da759, pid=13180, tid=140675114833664
#
# JRE version: 6.0_32-b05
# Java VM: Java HotSpot(TM) 64-Bit Server VM (20.7-b02 mixed mode linux-amd64 compressed oops)
# Problematic frame:
# C  [libGL.so.1+0x91759]  __float128+0x25289
#
# If you would like to submit a bug report, please visit:
#   http://java.sun.com/webapps/bugreport/crash.jsp
# The crash happened outside the Java Virtual Machine in native code.
# See problematic frame for where to report the bug.
#

---------------  T H R E A D  ---------------

Current thread (0x00007ff17c08b800):  JavaThread "AWT-EventQueue-0" [_thread_in_native, id=13211, stack(0x00007ff17a2f9000,0x00007ff17a3fa000)]

siginfo:si_signo=SIGSEGV: si_errno=0, si_code=1 (SEGV_MAPERR), si_addr=0x0000000041ec9000

Registers:
RAX=0x0000000041ec9000, RBX=0x00007ff1846d3668, RCX=0x00007ff179c38ce0, RDX=0x00007ff179715bc0
RSP=0x00007ff17a3f6d70, RBP=0x0000000000000001, RSI=0x00007ff1846d3668, RDI=0x00007ff179c38f40
R8 =0x0000000000001343, R9 =0x00007ff1845dea60, R10=0x0000000000000000, R11=0x0000000000000206
R12=0x00007ff17a3f6d90, R13=0x0000000000000001, R14=0x00007ff1846d3668, R15=0x00007ff179c1d750
RIP=0x00007ff1799da759, EFLAGS=0x0000000000010202, CSGSFS=0x0000000000000033, ERR=0x0000000000000004
  TRAPNO=0x000000000000000e

Top of Stack: (sp=0x00007ff17a3f6d70)
0x00007ff17a3f6d70:   00007ff17a3f6d90 0000000041ec9000
0x00007ff17a3f6d80:   0000012c7a3f6dd0 000000010000012c
0x00007ff17a3f6d90:   0000000041ec9000 00007ff177575ee8
0x00007ff17a3f6da0:   0000000000000000 00007ff17a3f6e58
0x00007ff17a3f6db0:   00007ff17a3f6e60 00007ff17c08b9d0
0x00007ff17a3f6dc0:   0000000000000000 00007ff1799e07a9
0x00007ff17a3f6dd0:   0000000000000000 00007ff180a4833e
0x00007ff17a3f6de0:   00007ff17a3f6e48 0000000005200032
0x00007ff17a3f6df0:   00007ff179731f20 000000000000337c
0x00007ff17a3f6e00:   00007ff1844ef9c0 00007ff178a020b0
0x00007ff17a3f6e10:   000000009e963b60 00007ff1841e7730
0x00007ff17a3f6e20:   00007ff1846d3620 00007ff18466ac50
0x00007ff17a3f6e30:   000000009e963b60 00007ff17a3f6f68
0x00007ff17a3f6e40:   00007ff17c08b800 00007ff1799b2e27
0x00007ff17a3f6e50:   00007ff180a43298 00000000a48c3068
0x00007ff17a3f6e60:   00000000a48c3030 00007ff17a3f6e68
0x00007ff17a3f6e70:   000000009e9792e5 000000009e963b60
0x00007ff17a3f6e80:   00007ff17a3f6ec0 0000000000000000
0x00007ff17a3f6e90:   000000009e963b60 00007ff1779cfb42
0x00007ff17a3f6ea0:   0000000005200032 00007ff1841e7730
0x00007ff17a3f6eb0:   00007ff17a3f6f40 00007ff17c08b9d0
0x00007ff17a3f6ec0:   00007ff17a3f6f30 00007ff180a47b55
0x00007ff17a3f6ed0:   00007ff17a3f6f10 000000009e93e748
0x00007ff17a3f6ee0:   0000000000000000 000000009e92cab0
0x00007ff17a3f6ef0:   00007ff17a3f6ef0 0000000000000000
0x00007ff17a3f6f00:   00007ff17a3f6f68 000000009e9677c8
0x00007ff17a3f6f10:   0000000000000000 000000009e963b60
0x00007ff17a3f6f20:   0000000000000000 00007ff17a3f6f50
0x00007ff17a3f6f30:   00007ff17a3f6fb0 00007ff180a36b02
0x00007ff17a3f6f40:   000000009e964e90 00007ff180a43298
0x00007ff17a3f6f50:   0000000005200032 00007ff17a3f6fb0
0x00007ff17a3f6f60:   00007ff1841e7730 00000000e281d998 

Instructions: (pc=0x00007ff1799da759)
0x00007ff1799da739:   44 3b 6c 24 1c 75 90 4c 8b 24 24 31 ed 48 8b 0d
0x00007ff1799da749:   db bf 23 00 49 8b 04 24 4c 89 f6 ff c5 48 8b 11
0x00007ff1799da759:   48 8b 38 ff 92 68 03 00 00 48 8b 15 bf bf 23 00
0x00007ff1799da769:   48 89 c3 49 8b 3c 24 49 83 c4 08 48 8b 02 ff 90 

Register to memory mapping:

RAX=0x0000000041ec9000 is an unknown value
RBX=0x00007ff1846d3668 is an unknown value
RCX=0x00007ff179c38ce0: <offset 0x2efce0> in /usr/lib/nvidia-current/libGL.so.1 at 0x00007ff179949000
RDX=0x00007ff179715bc0: <offset 0x1ba7bc0> in /usr/lib/nvidia-current/libnvidia-glcore.so.260.19.06 at 0x00007ff177b6e000
RSP=0x00007ff17a3f6d70 is pointing into the stack for thread: 0x00007ff17c08b800
RBP=0x0000000000000001 is an unknown value
RSI=0x00007ff1846d3668 is an unknown value
RDI=0x00007ff179c38f40: <offset 0x2eff40> in /usr/lib/nvidia-current/libGL.so.1 at 0x00007ff179949000
R8 =0x0000000000001343 is an unknown value
R9 =0x00007ff1845dea60 is an unknown value
R10=0x0000000000000000 is an unknown value
R11=0x0000000000000206 is an unknown value
R12=0x00007ff17a3f6d90 is pointing into the stack for thread: 0x00007ff17c08b800
R13=0x0000000000000001 is an unknown value
R14=0x00007ff1846d3668 is an unknown value
R15=0x00007ff179c1d750: <offset 0x2d4750> in /usr/lib/nvidia-current/libGL.so.1 at 0x00007ff179949000


Stack: [0x00007ff17a2f9000,0x00007ff17a3fa000],  sp=0x00007ff17a3f6d70,  free space=1015k
Native frames: (J=compiled Java code, j=interpreted, Vv=VM code, C=native code)
C  [libGL.so.1+0x91759]  __float128+0x25289

Java frames: (J=compiled Java code, j=interpreted, Vv=VM code)
j  com.sun.opengl.impl.x11.GLX.glXSwapBuffers(JJ)V+0
j  com.sun.opengl.impl.x11.X11OnscreenGLDrawable.swapBuffers()V+38
j  com.sun.opengl.impl.GLDrawableHelper.invokeGL(Ljavax/media/opengl/GLDrawable;Ljavax/media/opengl/GLContext;Ljava/lang/Runnable;Ljava/lang/Runnable;)V+435
j  javax.media.opengl.GLCanvas.maybeDoSingleThreadedWorkaround(Ljava/lang/Runnable;Ljava/lang/Runnable;)V+36
j  javax.media.opengl.GLCanvas.display()V+9
j  javax.media.opengl.GLCanvas.paint(Ljava/awt/Graphics;)V+125
j  javax.media.opengl.GLCanvas.update(Ljava/awt/Graphics;)V+2
j  sun.awt.RepaintArea.updateComponent(Ljava/awt/Component;Ljava/awt/Graphics;)V+6
j  sun.awt.X11.XRepaintArea.updateComponent(Ljava/awt/Component;Ljava/awt/Graphics;)V+23
j  sun.awt.RepaintArea.paint(Ljava/lang/Object;Z)V+263
j  sun.awt.X11.XComponentPeer.handleEvent(Ljava/awt/AWTEvent;)V+224
j  java.awt.Component.dispatchEventImpl(Ljava/awt/AWTEvent;)V+861
j  java.awt.Component.dispatchEvent(Ljava/awt/AWTEvent;)V+2
j  java.awt.EventQueue.dispatchEventImpl(Ljava/awt/AWTEvent;Ljava/lang/Object;)V+41
j  java.awt.EventQueue.access$000(Ljava/awt/EventQueue;Ljava/awt/AWTEvent;Ljava/lang/Object;)V+3
j  java.awt.EventQueue$1.run()Ljava/lang/Void;+12
j  java.awt.EventQueue$1.run()Ljava/lang/Object;+1
v  ~StubRoutines::call_stub
j  java.security.AccessController.doPrivileged(Ljava/security/PrivilegedAction;Ljava/security/AccessControlContext;)Ljava/lang/Object;+0
j  java.security.AccessControlContext$1.doIntersectionPrivilege(Ljava/security/PrivilegedAction;Ljava/security/AccessControlContext;Ljava/security/AccessControlContext;)Ljava/lang/Object;+28
j  java.security.AccessControlContext$1.doIntersectionPrivilege(Ljava/security/PrivilegedAction;Ljava/security/AccessControlContext;)Ljava/lang/Object;+6
j  java.awt.EventQueue$2.run()Ljava/lang/Void;+11
j  java.awt.EventQueue$2.run()Ljava/lang/Object;+1
v  ~StubRoutines::call_stub
j  java.security.AccessController.doPrivileged(Ljava/security/PrivilegedAction;Ljava/security/AccessControlContext;)Ljava/lang/Object;+0
j  java.security.AccessControlContext$1.doIntersectionPrivilege(Ljava/security/PrivilegedAction;Ljava/security/AccessControlContext;Ljava/security/AccessControlContext;)Ljava/lang/Object;+28
j  java.awt.EventQueue.dispatchEvent(Ljava/awt/AWTEvent;)V+73
j  java.awt.EventDispatchThread.pumpOneEventForFilters(I)Z+204
j  java.awt.EventDispatchThread.pumpEventsForFilter(ILjava/awt/Conditional;Ljava/awt/EventFilter;)V+30
j  java.awt.EventDispatchThread.pumpEventsForHierarchy(ILjava/awt/Conditional;Ljava/awt/Component;)V+11
j  java.awt.EventDispatchThread.pumpEvents(ILjava/awt/Conditional;)V+4
j  java.awt.EventDispatchThread.pumpEvents(Ljava/awt/Conditional;)V+3
j  java.awt.EventDispatchThread.run()V+9
v  ~StubRoutines::call_stub

---------------  P R O C E S S  ---------------

Java Threads: ( => current thread )
  0x00007ff1844ff000 JavaThread "NetPlotter" [_thread_blocked, id=13221, stack(0x00007ff177474000,0x00007ff177575000)]
  0x00007ff1843e5800 JavaThread "Timer-0" daemon [_thread_blocked, id=13220, stack(0x00007ff179df4000,0x00007ff179ef5000)]
  0x00007ff1843a0800 JavaThread "TimerQueue" daemon [_thread_blocked, id=13219, stack(0x00007ff179ef5000,0x00007ff179ff6000)]
  0x00007ff18434d000 JavaThread "Thread-1" [_thread_blocked, id=13213, stack(0x00007ff17a0f7000,0x00007ff17a1f8000)]
  0x00007ff184037800 JavaThread "DestroyJavaVM" [_thread_blocked, id=13185, stack(0x00007ff18be41000,0x00007ff18bf42000)]
  0x0000000040924000 JavaThread "org.netbeans.modules.debugger.jpda.visual AWT Access Loop" daemon [_thread_blocked, id=13212, stack(0x00007ff17a1f8000,0x00007ff17a2f9000)]
=>0x00007ff17c08b800 JavaThread "AWT-EventQueue-0" [_thread_in_native, id=13211, stack(0x00007ff17a2f9000,0x00007ff17a3fa000)]
  0x00007ff17c07c000 JavaThread "AWT-Shutdown" [_thread_blocked, id=13210, stack(0x00007ff17a3fa000,0x00007ff17a4fb000)]
  0x00007ff1842ff000 JavaThread "AWT-XAWT" daemon [_thread_blocked, id=13209, stack(0x00007ff17a71a000,0x00007ff17a81b000)]
  0x00007ff184210800 JavaThread "Java2D Disposer" daemon [_thread_blocked, id=13208, stack(0x00007ff17a81b000,0x00007ff17a91c000)]
  0x00007ff18412d800 JavaThread "Low Memory Detector" daemon [_thread_blocked, id=13206, stack(0x00007ff17b2f0000,0x00007ff17b3f1000)]
  0x00007ff18412b800 JavaThread "C2 CompilerThread1" daemon [_thread_blocked, id=13205, stack(0x00007ff17b3f1000,0x00007ff17b4f2000)]
  0x00007ff184128800 JavaThread "C2 CompilerThread0" daemon [_thread_blocked, id=13204, stack(0x00007ff17b4f2000,0x00007ff17b5f3000)]
  0x00007ff184126800 JavaThread "JDWP Event Helper Thread" daemon [_thread_blocked, id=13200, stack(0x00007ff17b6f4000,0x00007ff17b7f5000)]
  0x00007ff184122800 JavaThread "JDWP Transport Listener: dt_socket" daemon [_thread_in_native, id=13198, stack(0x00007ff17b7f5000,0x00007ff17b8f6000)]
  0x00007ff184117800 JavaThread "Signal Dispatcher" daemon [_thread_blocked, id=13197, stack(0x00007ff17b9fa000,0x00007ff17bafb000)]
  0x00007ff1840fd000 JavaThread "Finalizer" daemon [_thread_blocked, id=13196, stack(0x00007ff17bafb000,0x00007ff17bbfc000)]
  0x00007ff1840fb000 JavaThread "Reference Handler" daemon [_thread_blocked, id=13195, stack(0x00007ff17bbfc000,0x00007ff17bcfd000)]

Other Threads:
  0x00007ff1840f4800 VMThread [stack: 0x00007ff17bcfd000,0x00007ff17bdfe000] [id=13194]
  0x00007ff184140800 WatcherThread [stack: 0x00007ff17b1ef000,0x00007ff17b2f0000] [id=13207]

VM state:not at safepoint (normal execution)

VM Mutex/Monitor currently owned by a thread: None

Heap
 PSYoungGen      total 27904K, used 21631K [0x00000000e0e00000, 0x00000000e4480000, 0x0000000100000000)
  eden space 23936K, 73% used [0x00000000e0e00000,0x00000000e1f40448,0x00000000e2560000)
  from space 3968K, 99% used [0x00000000e2560000,0x00000000e293faf0,0x00000000e2940000)
  to   space 3968K, 0% used [0x00000000e40a0000,0x00000000e40a0000,0x00000000e4480000)
 PSOldGen        total 63744K, used 33457K [0x00000000a2a00000, 0x00000000a6840000, 0x00000000e0e00000)
  object space 63744K, 52% used [0x00000000a2a00000,0x00000000a4aac798,0x00000000a6840000)
 PSPermGen       total 21248K, used 20892K [0x000000009d800000, 0x000000009ecc0000, 0x00000000a2a00000)
  object space 21248K, 98% used [0x000000009d800000,0x000000009ec67190,0x000000009ecc0000)

Code Cache  [0x00007ff180a31000, 0x00007ff180ca1000, 0x00007ff183a31000)
 total_blobs=874 nmethods=149 adapters=687 free_code_cache=49258752 largest_free_block=7232

Dynamic libraries:
40000000-40009000 r-xp 00000000 08:08 5900415                            /users/oconnorp/Programs/jdk1.6.0_32/jre/bin/java
40108000-4010a000 rwxp 00008000 08:08 5900415                            /users/oconnorp/Programs/jdk1.6.0_32/jre/bin/java
40582000-40c57000 rwxp 00000000 00:00 0                                  [heap]
9d800000-9ecc0000 rwxp 00000000 00:00 0 
9ecc0000-a2a00000 rwxp 00000000 00:00 0 
a2a00000-a6840000 rwxp 00000000 00:00 0 
a6840000-e0e00000 rwxp 00000000 00:00 0 
e0e00000-e4480000 rwxp 00000000 00:00 0 
e4480000-100000000 rwxp 00000000 00:00 0 
7ff175631000-7ff175766000 rwxp 00000000 00:00 0 
7ff17595d000-7ff176c6f000 rwxp 00000000 00:00 0 
7ff177293000-7ff177474000 rwxs 00000000 00:04 34078736                   /SYSV00000000 (deleted)
7ff177474000-7ff177477000 ---p 00000000 00:00 0 
7ff177477000-7ff177575000 rwxp 00000000 00:00 0 
7ff177575000-7ff177577000 r-xp 00000000 08:08 9176651                    /users/oconnorp/Desktop/jsstest/JSpikeStack/jars/libjogl_awt.so
7ff177577000-7ff177676000 ---p 00002000 08:08 9176651                    /users/oconnorp/Desktop/jsstest/JSpikeStack/jars/libjogl_awt.so
7ff177676000-7ff177677000 rwxp 00001000 08:08 9176651                    /users/oconnorp/Desktop/jsstest/JSpikeStack/jars/libjogl_awt.so
7ff177677000-7ff177678000 r-xp 00000000 08:08 5901041                    /users/oconnorp/Programs/jdk1.6.0_32/jre/lib/amd64/libjawt.so
7ff177678000-7ff177777000 ---p 00001000 08:08 5901041                    /users/oconnorp/Programs/jdk1.6.0_32/jre/lib/amd64/libjawt.so
7ff177777000-7ff177778000 rwxp 00000000 08:08 5901041                    /users/oconnorp/Programs/jdk1.6.0_32/jre/lib/amd64/libjawt.so
7ff177778000-7ff17777d000 r-xp 00000000 08:02 526129                     /usr/lib/libXxf86vm.so.1.0.0
7ff17777d000-7ff17797c000 ---p 00005000 08:02 526129                     /usr/lib/libXxf86vm.so.1.0.0
7ff17797c000-7ff17797d000 r-xp 00004000 08:02 526129                     /usr/lib/libXxf86vm.so.1.0.0
7ff17797d000-7ff17797e000 rwxp 00005000 08:02 526129                     /usr/lib/libXxf86vm.so.1.0.0
7ff17797e000-7ff177a6d000 r-xp 00000000 08:08 9176644                    /users/oconnorp/Desktop/jsstest/JSpikeStack/jars/libjogl.so
7ff177a6d000-7ff177b6d000 ---p 000ef000 08:08 9176644                    /users/oconnorp/Desktop/jsstest/JSpikeStack/jars/libjogl.so
7ff177b6d000-7ff177b6e000 rwxp 000ef000 08:08 9176644                    /users/oconnorp/Desktop/jsstest/JSpikeStack/jars/libjogl.so
7ff177b6e000-7ff178f56000 r-xp 00000000 08:02 666465                     /usr/lib/nvidia-current/libnvidia-glcore.so.260.19.06
7ff178f56000-7ff179155000 ---p 013e8000 08:02 666465                     /usr/lib/nvidia-current/libnvidia-glcore.so.260.19.06
7ff179155000-7ff179731000 rwxp 013e7000 08:02 666465                     /usr/lib/nvidia-current/libnvidia-glcore.so.260.19.06
7ff179731000-7ff179747000 rwxp 00000000 00:00 0 
7ff179747000-7ff179748000 r-xp 00000000 08:02 666460                     /usr/lib/nvidia-current/tls/libnvidia-tls.so.260.19.06
7ff179748000-7ff179948000 ---p 00001000 08:02 666460                     /usr/lib/nvidia-current/tls/libnvidia-tls.so.260.19.06
7ff179948000-7ff179949000 rwxp 00001000 08:02 666460                     /usr/lib/nvidia-current/tls/libnvidia-tls.so.260.19.06
7ff179949000-7ff179a00000