#
# A fatal error has been detected by the Java Runtime Environment:
#
#  SIGSEGV (0xb) at pc=0x00007f1d3d3ab759, pid=10306, tid=139763569182464
#
# JRE version: 6.0_32-b05
# Java VM: Java HotSpot(TM) 64-Bit Server VM (20.7-b02 mixed mode linux-amd64 compressed oops)
# Problematic frame:
# C  [libGL.so.1+0x91759]  __float128+0x25289
#
# If you would like to submit a bug report, please visit:
#   http://java.sun.com/webapps/bugreport/crash.jsp
# The crash happened outside the Java Virtual Machine in native code.
# See problematic frame for where to report the bug.
#

---------------  T H R E A D  ---------------

Current thread (0x00007f1d442f6000):  JavaThread "AWT-EventQueue-0" [_thread_in_native, id=10337, stack(0x00007f1d3dd4c000,0x00007f1d3de4d000)]

siginfo:si_signo=SIGSEGV: si_errno=0, si_code=1 (SEGV_MAPERR), si_addr=0x00000000409a2000

Registers:
RAX=0x00000000409a2000, RBX=0x00007f1d383b6888, RCX=0x00007f1d3d609ce0, RDX=0x00007f1d37fcebc0
RSP=0x00007f1d3de49d50, RBP=0x0000000000000001, RSI=0x00007f1d383b6888, RDI=0x00007f1d3d609f40
R8 =0x000000000000363c, R9 =0x00007f1d38212100, R10=0x0000000000000000, R11=0x0000000000000206
R12=0x00007f1d3de49d70, R13=0x0000000000000001, R14=0x00007f1d383b6888, R15=0x00007f1d3d5ee750
RIP=0x00007f1d3d3ab759, EFLAGS=0x0000000000010202, CSGSFS=0x0000000000000033, ERR=0x0000000000000004
  TRAPNO=0x000000000000000e

Top of Stack: (sp=0x00007f1d3de49d50)
0x00007f1d3de49d50:   00007f1d3de49d70 00000000409a2000
0x00007f1d3de49d60:   0000012c3de49db0 000000010000012c
0x00007f1d3de49d70:   00000000409a2000 00007f1d3cb1fee8
0x00007f1d3de49d80:   00007f1d3de49dc0 00007f1d3de49e38
0x00007f1d3de49d90:   00007f1d3de49e40 00007f1d442f61d0
0x00007f1d3de49da0:   0000000000000000 00007f1d3d3b17a9
0x00007f1d3de49db0:   0000000000000000 00007f1d4101733e
0x00007f1d3de49dc0:   00007f1d3de49de0 0000000005600035
0x00007f1d3de49dd0:   00007f1d37feaf20 0000000000002842
0x00007f1d3de49de0:   00007f1d381183a0 00007f1d372bb0b0
0x00007f1d3de49df0:   000000009e962de0 00007f1d441b5830
0x00007f1d3de49e00:   00007f1d383b6840 00007f1d38344630
0x00007f1d3de49e10:   000000009e962de0 00007f1d3de49f48
0x00007f1d3de49e20:   00007f1d442f6000 00007f1d3d383e27
0x00007f1d3de49e30:   00007f1d41012298 00000000a4982e60
0x00007f1d3de49e40:   00000000a4982e28 00007f1d3de49e48
0x00007f1d3de49e50:   000000009e978565 000000009e962de0
0x00007f1d3de49e60:   00007f1d3de49ea0 0000000000000000
0x00007f1d3de49e70:   000000009e962de0 00007f1d3cf79b42
0x00007f1d3de49e80:   0000000005600035 00007f1d441b5830
0x00007f1d3de49e90:   00007f1d3de49f20 00007f1d442f61d0
0x00007f1d3de49ea0:   00007f1d3de49f10 00007f1d41016b55
0x00007f1d3de49eb0:   00007f1d3de49ef0 000000009e93d9c8
0x00007f1d3de49ec0:   000000009ec89150 000000009e92bd30
0x00007f1d3de49ed0:   00007f1d3de49ed0 0000000000000000
0x00007f1d3de49ee0:   00007f1d3de49f48 000000009e966a48
0x00007f1d3de49ef0:   0000000000000000 000000009e962de0
0x00007f1d3de49f00:   0000000000000000 00007f1d3de49f30
0x00007f1d3de49f10:   00007f1d3de49f90 00007f1d41005b02
0x00007f1d3de49f20:   000000009e964110 00007f1d41012298
0x00007f1d3de49f30:   0000000005600035 00007f1d3de49f90
0x00007f1d3de49f40:   00007f1d441b5830 00000000a5589658 

Instructions: (pc=0x00007f1d3d3ab759)
0x00007f1d3d3ab739:   44 3b 6c 24 1c 75 90 4c 8b 24 24 31 ed 48 8b 0d
0x00007f1d3d3ab749:   db bf 23 00 49 8b 04 24 4c 89 f6 ff c5 48 8b 11
0x00007f1d3d3ab759:   48 8b 38 ff 92 68 03 00 00 48 8b 15 bf bf 23 00
0x00007f1d3d3ab769:   48 89 c3 49 8b 3c 24 49 83 c4 08 48 8b 02 ff 90 

Register to memory mapping:

RAX=0x00000000409a2000 is an unknown value
RBX=0x00007f1d383b6888 is an unknown value
RCX=0x00007f1d3d609ce0: <offset 0x2efce0> in /usr/lib/nvidia-current/libGL.so.1 at 0x00007f1d3d31a000
RDX=0x00007f1d37fcebc0: <offset 0x1ba7bc0> in /usr/lib/nvidia-current/libnvidia-glcore.so.260.19.06 at 0x00007f1d36427000
RSP=0x00007f1d3de49d50 is pointing into the stack for thread: 0x00007f1d442f6000
RBP=0x0000000000000001 is an unknown value
RSI=0x00007f1d383b6888 is an unknown value
RDI=0x00007f1d3d609f40: <offset 0x2eff40> in /usr/lib/nvidia-current/libGL.so.1 at 0x00007f1d3d31a000
R8 =0x000000000000363c is an unknown value
R9 =0x00007f1d38212100 is an unknown value
R10=0x0000000000000000 is an unknown value
R11=0x0000000000000206 is an unknown value
R12=0x00007f1d3de49d70 is pointing into the stack for thread: 0x00007f1d442f6000
R13=0x0000000000000001 is an unknown value
R14=0x00007f1d383b6888 is an unknown value
R15=0x00007f1d3d5ee750: <offset 0x2d4750> in /usr/lib/nvidia-current/libGL.so.1 at 0x00007f1d3d31a000


Stack: [0x00007f1d3dd4c000,0x00007f1d3de4d000],  sp=0x00007f1d3de49d50,  free space=1015k
Native frames: (J=compiled Java code, j=interpreted, Vv=VM code, C=native code)
C  [libGL.so.1+0x91759]  __float128+0x25289

Java frames: (J=compiled Java code, j=interpreted, Vv=VM code)
j  com.sun.opengl.impl.x11.GLX.glXSwapBuffers(JJ)V+0
j  com.sun.opengl.impl.x11.X11OnscreenGLDrawable.swapBuffers()V+38
j  com.sun.opengl.impl.GLDrawableHelper.invokeGL(Ljavax/media/opengl/GLDrawable;Ljavax/media/opengl/GLContext;Ljava/lang/Runnable;Ljava/lang/Runnable;)V+435
j  javax.media.opengl.GLCanvas.maybeDoSingleThreadedWorkaround(Ljava/lang/Runnable;Ljava/lang/Runnable;)V+36
j  javax.media.opengl.GLCanvas.display()V+9
j  javax.media.opengl.GLCanvas.paint(Ljava/awt/Graphics;)V+125
j  javax.media.opengl.GLCanvas.update(Ljava/awt/Graphics;)V+2
j  sun.awt.RepaintArea.updateComponent(Ljava/awt/Component;Ljava/awt/Graphics;)V+6
j  sun.awt.X11.XRepaintArea.updateComponent(Ljava/awt/Component;Ljava/awt/Graphics;)V+23
j  sun.awt.RepaintArea.paint(Ljava/lang/Object;Z)V+263
j  sun.awt.X11.XComponentPeer.handleEvent(Ljava/awt/AWTEvent;)V+224
j  java.awt.Component.dispatchEventImpl(Ljava/awt/AWTEvent;)V+861
j  java.awt.Component.dispatchEvent(Ljava/awt/AWTEvent;)V+2
j  java.awt.EventQueue.dispatchEventImpl(Ljava/awt/AWTEvent;Ljava/lang/Object;)V+41
j  java.awt.EventQueue.access$000(Ljava/awt/EventQueue;Ljava/awt/AWTEvent;Ljava/lang/Object;)V+3
j  java.awt.EventQueue$1.run()Ljava/lang/Void;+12
j  java.awt.EventQueue$1.run()Ljava/lang/Object;+1
v  ~StubRoutines::call_stub
j  java.security.AccessController.doPrivileged(Ljava/security/PrivilegedAction;Ljava/security/AccessControlContext;)Ljava/lang/Object;+0
j  java.security.AccessControlContext$1.doIntersectionPrivilege(Ljava/security/PrivilegedAction;Ljava/security/AccessControlContext;Ljava/security/AccessControlContext;)Ljava/lang/Object;+28
j  java.security.AccessControlContext$1.doIntersectionPrivilege(Ljava/security/PrivilegedAction;Ljava/security/AccessControlContext;)Ljava/lang/Object;+6
j  java.awt.EventQueue$2.run()Ljava/lang/Void;+11
j  java.awt.EventQueue$2.run()Ljava/lang/Object;+1
v  ~StubRoutines::call_stub
j  java.security.AccessController.doPrivileged(Ljava/security/PrivilegedAction;Ljava/security/AccessControlContext;)Ljava/lang/Object;+0
J  java.awt.EventDispatchThread.pumpOneEventForFilters(I)Z
j  java.awt.EventDispatchThread.pumpEventsForFilter(ILjava/awt/Conditional;Ljava/awt/EventFilter;)V+30
j  java.awt.EventDispatchThread.pumpEventsForHierarchy(ILjava/awt/Conditional;Ljava/awt/Component;)V+11
j  java.awt.EventDispatchThread.pumpEvents(ILjava/awt/Conditional;)V+4
j  java.awt.EventDispatchThread.pumpEvents(Ljava/awt/Conditional;)V+3
j  java.awt.EventDispatchThread.run()V+9
v  ~StubRoutines::call_stub

---------------  P R O C E S S  ---------------

Java Threads: ( => current thread )
  0x00007f1d380b5800 JavaThread "NetPlotter" [_thread_blocked, id=10347, stack(0x00007f1d3ca1e000,0x00007f1d3cb1f000)]
  0x00007f1d380c0800 JavaThread "Timer-0" daemon [_thread_blocked, id=10346, stack(0x00007f1d3d7c5000,0x00007f1d3d8c6000)]
  0x00007f1d3807e800 JavaThread "TimerQueue" daemon [_thread_blocked, id=10345, stack(0x00007f1d3d8c6000,0x00007f1d3d9c7000)]
  0x00007f1d44037000 JavaThread "DestroyJavaVM" [_thread_blocked, id=10311, stack(0x00007f1d4b9cf000,0x00007f1d4bad0000)]
  0x00000000415ce800 JavaThread "org.netbeans.modules.debugger.jpda.visual AWT Access Loop" daemon [_thread_blocked, id=10338, stack(0x00007f1d3dc4b000,0x00007f1d3dd4c000)]
=>0x00007f1d442f6000 JavaThread "AWT-EventQueue-0" [_thread_in_native, id=10337, stack(0x00007f1d3dd4c000,0x00007f1d3de4d000)]
  0x00007f1d442e7000 JavaThread "AWT-Shutdown" [_thread_blocked, id=10336, stack(0x00007f1d3de4d000,0x00007f1d3df4e000)]
  0x00007f1d4439e000 JavaThread "AWT-XAWT" daemon [_thread_blocked, id=10335, stack(0x00007f1d3e16d000,0x00007f1d3e26e000)]
  0x00007f1d38009800 JavaThread "Java2D Disposer" daemon [_thread_blocked, id=10334, stack(0x00007f1d3e26e000,0x00007f1d3e36f000)]
  0x00007f1d4412d800 JavaThread "Low Memory Detector" daemon [_thread_blocked, id=10332, stack(0x00007f1d3ed43000,0x00007f1d3ee44000)]
  0x00007f1d4412b800 JavaThread "C2 CompilerThread1" daemon [_thread_blocked, id=10331, stack(0x00007f1d3ee44000,0x00007f1d3ef45000)]
  0x00007f1d44128800 JavaThread "C2 CompilerThread0" daemon [_thread_blocked, id=10330, stack(0x00007f1d3ef45000,0x00007f1d3f046000)]
  0x00007f1d44126000 JavaThread "JDWP Event Helper Thread" daemon [_thread_blocked, id=10326, stack(0x00007f1d3f147000,0x00007f1d3f248000)]
  0x00007f1d44122000 JavaThread "JDWP Transport Listener: dt_socket" daemon [_thread_in_native, id=10324, stack(0x00007f1d3f248000,0x00007f1d3f349000)]
  0x00007f1d44117000 JavaThread "Signal Dispatcher" daemon [_thread_blocked, id=10323, stack(0x00007f1d3f44d000,0x00007f1d3f54e000)]
  0x00007f1d440fc800 JavaThread "Finalizer" daemon [_thread_blocked, id=10322, stack(0x00007f1d3f54e000,0x00007f1d3f64f000)]
  0x00007f1d440fa800 JavaThread "Reference Handler" daemon [_thread_blocked, id=10321, stack(0x00007f1d3f64f000,0x00007f1d3f750000)]

Other Threads:
  0x00007f1d440f4000 VMThread [stack: 0x00007f1d3f750000,0x00007f1d3f851000] [id=10320]
  0x00007f1d44140800 WatcherThread [stack: 0x00007f1d3ec42000,0x00007f1d3ed43000] [id=10333]

VM state:not at safepoint (normal execution)

VM Mutex/Monitor currently owned by a thread: None

Heap
 PSYoungGen      total 92224K, used 15614K [0x00000000e0e00000, 0x00000000edcb0000, 0x0000000100000000)
  eden space 88320K, 13% used [0x00000000e0e00000,0x00000000e197b310,0x00000000e6440000)
  from space 3904K, 98% used [0x00000000eb8c0000,0x00000000ebc84638,0x00000000ebc90000)
  to   space 20224K, 0% used [0x00000000ec8f0000,0x00000000ec8f0000,0x00000000edcb0000)
 PSOldGen        total 63744K, used 47697K [0x00000000a2a00000, 0x00000000a6840000, 0x00000000e0e00000)
  object space 63744K, 74% used [0x00000000a2a00000,0x00000000a5894570,0x00000000a6840000)
 PSPermGen       total 21248K, used 21031K [0x000000009d800000, 0x000000009ecc0000, 0x00000000a2a00000)
  object space 21248K, 98% used [0x000000009d800000,0x000000009ec89d10,0x000000009ecc0000)

Code Cache  [0x00007f1d41000000, 0x00007f1d41270000, 0x00007f1d44000000)
 total_blobs=992 nmethods=267 adapters=687 free_code_cache=48973312 largest_free_block=46080

Dynamic libraries:
40000000-40009000 r-xp 00000000 08:08 5900415                            /users/oconnorp/Programs/jdk1.6.0_32/jre/bin/java
40108000-4010a000 rwxp 00008000 08:08 5900415                            /users/oconnorp/Programs/jdk1.6.0_32/jre/bin/java
415c1000-41aa1000 rwxp 00000000 00:00 0                                  [heap]
9d800000-9ecc0000 rwxp 00000000 00:00 0 
9ecc0000-a2a00000 rwxp 00000000 00:00 0 
a2a00000-a6840000 rwxp 00000000 00:00 0 
a6840000-e0e00000 rwxp 00000000 00:00 0 
e0e00000-edcb0000 rwxp 00000000 00:00 0 
edcb0000-ef040000 ---p 00000000 00:00 0 
ef040000-100000000 rwxp 00000000 00:00 0 
7f1d359cc000-7f1d361cc000 rwxp 00000000 00:00 0 
7f1d36427000-7f1d3780f000 r-xp 00000000 08:02 666465                     /usr/lib/nvidia-current/libnvidia-glcore.so.260.19.06
7f1d3780f000-7f1d37a0e000 ---p 013e8000 08:02 666465                     /usr/lib/nvidia-current/libnvidia-glcore.so.260.19.06
7f1d37a0e000-7f1d37fea000 rwxp 013e7000 08:02 666465                     /usr/lib/nvidia-current/libnvidia-glcore.so.260.19.06
7f1d37fea000-7f1d38000000 rwxp 00000000 00:00 0 
7f1d38000000-7f1d3863d000 rwxp 00000000 00:00 0 
7f1d3863d000-7f1d3c000000 ---p 00000000 00:00 0 
7f1d3c072000-7f1d3c172000 rwxp 00000000 00:00 0 
7f1d3c174000-7f1d3c374000 rwxp 00000000 00:00 0 
7f1d3c374000-7f1d3c574000 rwxs b38f4000 00:05 8245                       /dev/nvidia0
7f1d3c574000-7f1d3c674000 rwxp 00000000 00:00 0 
7f1d3c83d000-7f1d3ca1e000 rwxs 00000000 00:04 21757967                   /SYSV00000000 (deleted)
7f1d3ca1e000-7f1d3ca21000 ---p 00000000 00:00 0 
7f1d3ca21000-7f1d3cb1f000 rwxp 00000000 00:00 0 
7f1d3cb1f000-7f1d3cb21000 r-xp 00000000 08:08 6425745                    /users/oconnorp/Desktop/JAER/trunk/host/java/subprojects/JSpikeStack/jars/libjogl_awt.so
7f1d3cb21000-7f1d3cc20000 ---p 00002000 08:08 6425745                    /users/oconnorp/Desktop/JAER/trunk/host/java/subprojects/JSpikeStack/jars/libjogl_awt.so
7f1d3cc20000-7f1d3cc21000 rwxp 00001000 08:08 6425745                    /users/oconnorp/Desktop/JAER/trunk/host/java/subprojects/JSpikeStack/jars/libjogl_awt.so
7f1d3cc21000-7f1d3cc22000 r-xp 00000000 08:08 5901041                    /users/oconnorp/Programs/jdk1.6.0_32/jre/lib/amd64/libjawt.so
7f1d3cc22000-7f1d3cd21000 ---p 00001000 08:08 5901041                    /users/oconnorp/Programs/jdk1.6.0_32/jre/lib/amd64/libjawt.so
7f1d3cd21000-7f1d3cd22000 rwxp 00000000 08:08 5901041                    /users/oconnorp/Programs/jdk1.6.0_32/jre/lib/amd64/libjawt.so
7f1d3cd22000-7f1d3cd27000 r-xp 00000000 08:02 526129                     /usr/lib/libXxf86vm.so.1.0.0
7f1d3cd27000-7f1d3cf26000 ---p 00005000 08:02 526129                     /usr/lib/libXxf86vm.so.1.0.0
7f1d3cf26000-7f1d3cf27000 r-xp 00004000 08:02 526129                     /usr/lib/libXxf86vm.so.1.0.0
7f1d3cf27000-7f1d3cf28000 rwxp 00005000 08:02 526129                     /usr/lib/libXxf86vm.so.1.0.0
7f1d3cf28000-7f1d3d017000 r-xp 00000000 08:08 6425744                    /users/oconnorp/Desktop/JAER/trunk/host/java/subprojects/JSpikeStack/jars/libjogl.so
7f1d3d017000-7f1d3d117000 ---p 000ef000 08:08 6425744                    /users/oconnorp/Desktop/JAER/trunk/host/java/subprojects/JSpikeStack/jars/libjogl.so
7f1d3d117000-7f1d3d118000 rwxp 000ef000 08:08 6425744                    /users/oconnorp/Desktop/JAER/trunk/host/java/subprojects/JSpikeStack/jars/libjogl.so
7f1d3d118000-7f1d3d119000 r-xp 00000000 08:02 666460                     /usr/lib/nvidia-current/tls/libnvidia-tls.so.260.19.06
7f1d3d119000-7f1d3d319000 ---p 00001000 08:02 666460                     /usr/lib/nvidia-current/tls/libnvidia-tls.so.260.19.06
7f1d3d319000-7f1d3d31a000 rwxp 00001000 08:02 666460                     /usr/lib/nvidia-current/tls/libnvidia-tls.so.260.19.06
7f1d3d31a000-7f1d3d3d1000 r-xp 00000000 08:02 666455                     /usr/lib/nvidia-current/libGL.so.260.19.06
7f1d3d3d1000-7f1d3d5d1000 ---p 000b7000 08:02 666455                     /usr/lib/nvidia-current/libGL.so.260.19.06
7f1d3d5d1000-7f1d3d609000 rwxp 000b7000 08:02 666455                     /usr/lib/nvidia-current/libGL.so.260.19.06
7f1d3d609000-7f1d3d61f000 rwxp 00000000 00:00 0 
7f1d3d61f000-7f1d3d620000 r-xp 00000000 08:08 6425422                    /users/oconnorp/Desktop/JAER/trunk/host/java/subprojects/JSpikeStack/jars/libgluegen-rt.so
7f1d3d620000-7f1d3d71f000 ---p 00001000 08:08 6425422                    /users/oconnorp/Desktop/JAER/trunk/host/java/subprojects/JSpikeStack/jars/libgluegen-rt.so
7f1d3d71f000-7f1d3d720000 rwxp 00000000 08:08 6425422                    /users/oconnorp/Desktop/JAER/trunk/host/java/subprojects/JSpikeStack/jars/libgluegen-rt.so
7f1d3d7c5000-7f1d3d7c8000 ---p 00000000 00:00 0 
7f1d3d7c8000-7f1d3d8c6000 rwxp 00000000 00:00 0 
7f1d3d8c6000-7f1d3d8c9000 ---p 00000000 00:00 0 
7f1d3d8c9000-7f1d3d9c7000 rwxp 00000000 00:00 0 
7f1d3d9c7000-7f1d3d9ca000 ---p 00000000 00:00 0 
7f1d3d9ca000-7f1d3dac8000 rwxp 00000000 00:00 0 
7f1d3dac8000-7f1d3dacb000 ---p 00000000 00:00 0 
7f1d3dacb000-7f1d3dbc9000 rwxp 00000000 00:00 0 
7f1d3dc0b000-7f1d3dc4b000 rwxs 64bf7000 00:05 8245                       /dev/nvidia0
7f1d3dc4e000-7f1d3dd4c000 rwxp 00000000 00:00 0 
7f1d3dd4c000-7f1d3dd4f000 ---p 00000000 00:00 0 
7f1d3dd4f000-7f1d3de4d000 rwxp 00000000 00:00 0 
7f1d3de4d000-7f1d3de50000 ---p 00000000 00:00 0 
7f1d3de50000-7f1d3df4e000 rwxp 00000000 00:00 0 
7f1d3df4e000-7f1d3df55000 r-xp 00000000 08:08 5901017                    /users/oconnorp/Programs/jdk1.6.0_32/jre/lib/amd64/libnio.so
7f1d3df55000-7f1d3e054000 ---p 00007000 08:08 5901017                    /users/oconnorp/Programs/jdk1.6.0_32/jre/lib/amd64/libnio.so
7f1d3e054000-7f1d3e056000 rwxp 00006000 08:08 5901017                    /users/oconnorp/Programs/jdk1.6.0_32/jre/lib/amd64/libnio.so
7f1d3e056000-7f1d3e069000 r-xp 00000000 08:08 5901016                    /users/oconnorp/Programs/jdk1.6.0_32/jre/lib/amd64/libnet.so
7f1d3e069000-7f1d3e16a000 ---p 00013000 08:08 5901016                    /users/oconnorp/Programs/jdk1.6.0_32/jre/lib/amd64/libnet.so
7f1d3e16a000-7f1d3e16d000 rwxp 00014000 08:08 5901016                    /users/oconnorp/Programs/jdk1.6.0_32/jre/lib/amd64/libnet.so
7f1d3e16d000-7f1d3e170000 ---p 00000000 00:00 0 
7f1d3e170000-7f1d3e26e000 rwxp 00000000 00:00 0 
7f1d3e26e000-7f1d3e271000 ---p 00000000 00:00 0 
7f1d3e271000-7f1d3e36f000 rwxp 00000000 00:00 0 
7f1d3e36f000-7f1d3e3e8000 r-xp 00000000 08:08 5901025                    /users/oconnorp/Programs/jdk1.6.0_32/jre/lib/amd64/libfontmanager.so
7f1d3e3e8000-7f1d3e4e7000 ---p 00079000 08:08 5901025                    /users/oconnorp/Programs/jdk1.6.0_32/jre/lib/amd64/libfontmanager.so
7f1d3e4e7000-7f1d3e4fc000 rwxp 00078000 08:08 5901025                    /users/oconnorp/Programs/jdk1.6.0_32/jre/lib/amd64/libfontmanager.so
7f1d3e4fc000-7f1d3e50e000 rwxp 00000000 00:00 0 
7f1d3e50e000-7f1d3e51c000 r-xp 00000000 08:02 526099                     /usr/lib/libXi.so.6.1.0
7f1d3e51c000-7f1d3e71c000 ---p 0000e000 08:02 526099                     /usr/lib/libXi.so.6.1.0
7f1d3e71c000-7f1d3e71d000 r-xp 0000e000 08:02 526099                     /usr/lib/libXi.so.6.1.0
7f1d3e71d000-7f1d3e71e000 rwxp 0000f000 08:02 526099                     /usr/lib/libXi.so.6.1.0
7f1d3e71e000-7f1d3e723000 r-xp 00000000 08:02 526119                     /usr/lib/libXtst.so.6.1.0
7f1d3e723000-7f1d3e923000 ---p 00005000 08:02 526119                     /usr/lib/libXtst.so.6.1.0
7f1d3e923000-7f1d3e924000 r-xp 00005000 08:02 526119                     /usr/lib/libXtst.so.6.1.0
7f1d3e924000-7f1d3e925000 rwxp 00006000 08:02 526119                     /usr/lib/libXtst.so.6.1.0
7f1d3e925000-7f1d3e967000 r-xp 00000000 08:08 5901014                    /users/oconnorp/Programs/jdk1.6.0_32/jre/lib/amd64/xawt/libmawt.so
7f1d3e967000-7f1d3ea66000 ---p 00042000 08:08 5901014                    /users/oconnorp/Programs/jdk1.6.0_32/jre/lib/amd64/xawt/libmawt.so
7f1d3ea66000-7f1d3ea72000 rwxp 00041000 08:08 5901014                    /users/oconnorp/Programs/jdk1.6.0_32/jre/lib/amd64/xawt/libmawt.so
7f1d3ea72000-7f1d3ea73000 rwxp 00000000 00:00 0 
7f1d3ea73000-7f1d3eb05000 r-xp 00000000 08:08 5901061                    /users/oconnorp/Programs/jdk1.6.0_32/jre/lib/amd64/libawt.so
7f1d3eb05000-7f1d3ec04000 ---p 00092000 08:08 5901061                    /users/oconnorp/Programs/jdk1.6.0_32/jre/lib/amd64/libawt.so
7f1d3ec04000-7f1d3ec1e000 rwxp 00091000 08:08 5901061                    /users/oconnorp/Programs/jdk1.6.0_32/jre/lib/amd64/libawt.so
7f1d3ec1e000-7f1d3ec42000 rwxp 00000000 00:00 0 
7f1d3ec42000-7f1d3ec43000 ---p 00000000 00:00 0 
7f1d3ec43000-7f1d3ed43000 rwxp 00000000 00:00 0 
7f1d3ed43000-7f1d3ed46000 ---p 00000000 00:00 0 
7f1d3ed46000-7f1d3ee44000 rwxp 00000000 00:00 0 
7f1d3ee44000-7f1d3ee47000 ---p 00000000 00:00 0 
7f1d3ee47000-7f1d3ef45000 rwxp 00000000 00:00 0 
7f1d3ef45000-7f1d3ef48000 ---p 00000000 00:00 0 
7f1d3ef48000-7f1d3f046000 rwxp 00000000 00:00 0 
7f1d3f046000-7f1d3f049000 ---p 00000000 00:00 0 
7f1d3f049000-7f1d3f147000 rwxp 00000000 00:00 0 
7f1d3f147000-7f1d3f14a000 ---p 00000000 00:00 0 
7f1d3f14a000-7f1d3f248000 rwxp 00000000 00:00 0 
7f1d3f248000-7f1d3f24b000 ---p 00000000 00:00 0 
7f1d3f24b000-7f1d3f349000 rwxp 00000000 00:00 0 
7f1d3f349000-7f1d3f34c000 r-xp 00000000 08:08 5901052                    /users/oconnorp/Programs/jdk1.6.0_32/jre/lib/amd64/libdt_socket.so
7f1d3f34c000-7f1d3f44b000 ---p 00003000 08:08 5901052                    /users/oconnorp/Programs/jdk1.6.0_32/jre/lib/amd64/libdt_socket.so
7f1d3f44b000-7f1d3f44d000 rwxp 00002000 08:08 5901052                    /users/oconnorp/Programs/jdk1.6.0_32/jre/lib/amd64/libdt_socket.so
7f1d3f44d000-7f1d3f450000 ---p 00000000 00:00 0 
7f1d3f450000-7f1d3f54e000 rwxp 00000000 00:00 0 
7f1d3f54e000-7f1d3f551000 ---p 00000000 00:00 0 
7f1d3f551000-7f1d3f64f000 rwxp 00000000 00:00 0 
7f1d3f64f000-7f1d3f652000 ---p 00000000 00:00 0 
7f1d3f652000-7f1d3f750000 rwxp 00000000 00:00 0 
7f1d3f750000-7f1d3f751000 ---p 00000000 00:00 0 
7f1d3f751000-7f1d4015a000 rwxp 00000000 00:00 0 
7f1d4015a000-7f1d402f1000 r-xs 03079000 08:08 5901816                    /users/oconnorp/Programs/jdk1.6.0_32/jre/lib/rt.jar
7f1d402f1000-7f1d402f2000 ---p 00000000 00:00 0 
7f1d402f2000-7f1d403f2000 rwxp 00000000 00:00 0 
7f1d403f2000-7f1d403f3000 ---p 00000000 00:00 0 
7f1d403f3000-7f1d404f3000 rwxp 00000000 00:00 0 
7f1d404f3000-7f1d404f4000 ---p 00000000 00:00 0 
7f1d404f4000-7f1d405f4000 rwxp 00000000 00:00 0 
7f1d405f4000-7f1d405f5000 ---p 00000000 00:00 0 
7f1d405f5000-7f1d406f5000 rwxp 00000000 00:00 0 
7f1d406f5000-7f1d406f6000 ---p 00000000 00:00 0 
7f1d406f6000-7f1d407f6000 rwxp 00000000 00:00 0 
7f1d407f6000-7f1d407f7000 ---p 00000000 00:00 0 
7f1d407f7000-7f1d408f7000 rwxp 00000000 00:00 0 
7f1d408f7000-7f1d408f8000 ---p 00000000 00:00 0 
7f1d408f8000-7f1d409f8000 rwxp 00000000 00:00 0 
7f1d409f8000-7f1d409f9000 ---p 00000000 00:00 0 
7f1d409f9000-7f1d40b19000 rwxp 00000000 00:00 0 
7f1d40b19000-7f1d40ceb000 rwxp 00000000 00:00 0 
7f1d40ceb000-7f1d40cf6000 rwxp 00000000 00:00 0 
7f1d40cf6000-7f1d40d14000 rwxp 00000000 00:00 0 
7f1d40d14000-7f1d40d34000 rwxp 00000000 00:00 0 
7f1d40d34000-7f1d40f06000 rwxp 00000000 00:00 0 
7f1d40f06000-7f1d40f6e000 rwxp 00000000 00:00 0 
7f1d40f6e000-7f1d40f78000 ---p 00000000 00:00 0 
7f1d40f78000-7f1d40fff000 rwxp 00000000 00:00 0 
7f1d40fff000-7f1d41270000 rwxp 00000000 00:00 0 
7f1d41270000-7f1d45894000 rwxp 00000000 00:00 0 
7f1d45894000-7f1d48000000 ---p 00000000 00:00 0 
7f1d4801e000-7f1d4801f000 r-xs 00000000 08:02 1706781                    /var/cache/fontconfig/c05880de57d1f5e948fdfacc138775d9-le64.cache-3
7f1d4801f000-7f1d48028000 r-xs 00000000 08:02 1706778                    /var/cache/fontconfig/945677eb7aeaf62f1d50efc3fb3ec7d8-le64.cache-3
7f1d48028000-7f1d4802a000 r-xs 00000000 08:02 1706779                    /var/cache/fontconfig/99e8ed0e538f840c565b6ed5dad60d56-le64.cache-3
7f1d4802a000-7f1d4802d000 r-xs 00000000 08:02 1706788                    /var/cache/fontconfig/e383d7ea5fbe662a33d9b44caf393297-le64.cache-3
7f1d4802d000-7f1d48030000 r-xs 00000000 08:02 1704604                    /var/cache/fontconfig/2cd17615ca594fa2959ae173292e504c-le64.cache-3
7f1d48030000-7f1d48031000 r-xs 00000000 08:02 1706789                    /var/cache/fontconfig/e7071f4a29fa870f4323321c154eba04-le64.cache-3
7f1d48031000-7f1d48034000 r-xs 00000000 08:02 1704494                    /var/cache/fontconfig/b5ea634b0fb353b8ea17632d1f9ef766-le64.cache-3
7f1d48034000-7f1d48038000 r-xs 00000000 08:02 1706775                    /var/cache/fontconfig/6eb3985aa4124903f6ff08ba781cd364-le64.cache-3
7f1d48038000-7f1d48039000 r-xs 00000000 08:02 1706771                    /var/cache/fontconfig/4c73fe0c47614734b17d736dbde7580a-le64.cache-3
7f1d48039000-7f1d4803a000 r-xs 00000000 08:02 1706764                    /var/cache/fontconfig/0d8c3b2ac0904cb8a57a757ad11a4a08-le64.cache-3
7f1d4803a000-7f1d4803b000 r-xs 00000000 08:02 1706773                    /var/cache/fontconfig/6a53c69dea097a2d716e069445527da8-le64.cache-3
7f1d4803b000-7f1d48041000 r-xs 00000000 08:02 1706780                    /var/cache/fontconfig/a755afe4a08bf5b97852ceb7400b47bc-le64.cache-3
7f1d48041000-7f1d4804a000 r-xs 00000000 08:02 1704816                    /var/cache/fontconfig/6d41288fd70b0be22e8c3a91e032eec0-le64.cache-3
7f1d4804a000-7f1d4805a000 r-xs 00000000 08:02 1706765                    /var/cache/fontconfig/0f34bcd4b6ee430af32735b75db7f02b-le64.cache-3
7f1d4805a000-7f1d4805d000 r-xs 00000000 08:02 1706785                    /var/cache/fontconfig/d60319d88cac85ba9e1a07bd06cfbb8c-le64.cache-3
7f1d4805d000-7f1d4805e000 r-xs 00000000 08:02 1706423                    /var/cache/fontconfig/4794a0821666d79190d59a36cb4f44b5-le64.cache-3
7f1d4805e000-7f1d48068000 r-xs 00000000 08:02 1706784                    /var/cache/fontconfig/d52a8644073d54c13679302ca1180695-le64.cache-3
7f1d48068000-7f1d4807b000 r-xs 00000000 08:02 1703478                    /var/cache/fontconfig/e13b20fdb08344e0e664864cc2ede53d-le64.cache-3
7f1d4807b000-7f1d4807f000 r-xs 00000000 08:02 1704562                    /var/cache/fontconfig/7ef2298fde41cc6eeb7af42e48b7d293-le64.cache-3
7f1d4807f000-7f1d48093000 r-xs 00000000 08:02 1717119                    /var/cache/fontconfig/865f88548240fee46819705c6468c165-le64.cache-3
7f1d48093000-7f1d480a3000 r-xs 00155000 08:08 6425419                    /users/oconnorp/Desktop/JAER/trunk/host/java/subprojects/JSpikeStack/jars/jfreechart-1.0.14.jar
7f1d480a3000-7f1d480ae000 rwxp 00000000 00:00 0 
7f1d480ae000-7f1d480cc000 rwxp 00000000 00:00 0 
7f1d480cc000-7f1d480da000 r-xp 00000000 08:08 5901027                    /users/oconnorp/Programs/jdk1.6.0_32/jre/lib/amd64/libzip.so
7f1d480da000-7f1d481dc000 ---p 0000e000 08:08 5901027                    /users/oconnorp/Programs/jdk1.6.0_32/jre/lib/amd64/libzip.so
7f1d481dc000-7f1d481df000 rwxp 00010000 08:08 5901027                    /users/oconnorp/Programs/jdk1.6.0_32/jre/lib/amd64/libzip.so
7f1d481df000-7f1d481e0000 rwxp 00000000 00:00 0 
7f1d481e0000-7f1d481e5000 r-xp 00000000 08:02 1458517                    /lib/libnss_dns-2.12.1.so
7f1d481e5000-7f1d483e4000 ---p 00005000 08:02 1458517                    /lib/libnss_dns-2.12.1.so
7f1d483e4000-7f1d483e5000 r-xp 00004000 08:02 1458517                    /lib/libnss_dns-2.12.1.so
7f1d483e5000-7f1d483e6000 rwxp 00005000 08:02 1458517                    /lib/libnss_dns-2.12.1.so
7f1d483e6000-7f1d483e8000 r-xp 00000000 08:02 1439093                    /lib/libnss_mdns4_minimal.so.2
7f1d483e8000-7f1d485e7000 ---p 00002000 08:02 1439093                    /lib/libnss_mdns4_minimal.so.2
7f1d485e7000-7f1d485e8000 r-xp 00001000 08:02 1439093                    /lib/libnss_mdns4_minimal.so.2
7f1d485e8000-7f1d485e9000 rwxp 00002000 08:02 1439093                    /lib/libnss_mdns4_minimal.so.2
7f1d485e9000-7f1d485ec000 r-xp 00000000 08:02 1439061                    /lib/libgpg-error.so.0.4.0
7f1d485ec000-7f1d487eb000 ---p 00003000 08:02 1439061                    /lib/libgpg-error.so.0.4.0
7f1d487eb000-7f1d487ec000 r-xp 00002000 08:02 1439061                    /lib/libgpg-error.so.0.4.0
7f1d487ec000-7f1d487ed000 rwxp 00003000 08:02 1439061                    /lib/libgpg-error.so.0.4.0
7f1d487ed000-7f1d48861000 r-xp 00000000 08:02 1439057                    /lib/libgcrypt.so.11.5.3
7f1d48861000-7f1d48a61000 ---p 00074000 08:02 1439057                    /lib/libgcrypt.so.11.5.3
7f1d48a61000-7f1d48a62000 r-xp 00074000 08:02 1439057                    /lib/libgcrypt.so.11.5.3
7f1d48a62000-7f1d48a65000 rwxp 00075000 08:02 1439057                    /lib/libgcrypt.so.11.5.3
7f1d48a65000-7f1d48a7b000 r-xp 00000000 08:02 1439170                    /lib/libz.so.1.2.3.4
7f1d48a7b000-7f1d48c7b000 ---p 00016000 08:02 1439170                    /lib/libz.so.1.2.3.4
7f1d48c7b000-7f1d48c7c000 r-xp 00016000 08:02 1439170                    /lib/libz.so.1.2.3.4
7f1d48c7c000-7f1d48c7d000 rwxp 00017000 08:02 1439170                    /lib/libz.so.1.2.3.4
7f1d48c7d000-7f1d48c8d000 r-xp 00000000 08:02 526942                     /usr/lib/libtasn1.so.3.1.9
7f1d48c8d000-7f1d48e8c000 ---p 00010000 08:02 526942                     /usr/lib/libtasn1.so.3.1.9
7f1d48e8c000-7f1d48e8d000 r-xp 0000f000 08:02 526942                     /usr/lib/libtasn1.so.3.1.9
7f1d48e8d000-7f1d48e8e000 rwxp 00010000 08:02 526942                     /usr/lib/libtasn1.so.3.1.9
7f1d48e8e000-7f1d48e90000 r-xp 00000000 08:02 1439069                    /lib/libkeyutils.so.1.3
7f1d48e90000-7f1d4908f000 ---p 00002000 08:02 1439069                    /lib/libkeyutils.so.1.3
7f1d4908f000-7f1d49090000 r-xp 00001000 08:02 1439069                    /lib/libkeyutils.so.1.3
7f1d49090000-7f1d49091000 rwxp 00002000 08:02 1439069                    /lib/libkeyutils.so.1.3
7f1d49091000-7f1d49098000 r-xp 00000000 08:02 527117                     /usr/lib/libkrb5support.so.0.1
7f1d49098000-7f1d49297000 ---p 00007000 08:02 527117                     /usr/lib/libkrb5support.so.0.1
7f1d49297000-7f1d49298000 r-xp 00006000 08:02 527117                     /usr/lib/libkrb5support.so.0.1
7f1d49298000-7f1d49299000 rwxp 00007000 08:02 527117                     /usr/lib/libkrb5support.so.0.1
7f1d49299000-7f1d492bd000 r-xp 00000000 08:02 526265                     /usr/lib/libk5crypto.so.3.1
7f1d492bd000-7f1d494bd000 ---p 00024000 08:02 526265                     /usr/lib/libk5crypto.so.3.1
7f1d494bd000-7f1d494be000 r-xp 00024000 08:02 526265                     /usr/lib/libk5crypto.so.3.1
7f1d494be000-7f1d494bf000 rwxp 00025000 08:02 526265                     /usr/lib/libk5crypto.so.3.1
7f1d494bf000-7f1d49559000 r-xp 00000000 08:02 525012                     /usr/lib/libgnutls.so.26.14.12
7f1d49559000-7f1d49759000 ---p 0009a000 08:02 525012                     /usr/lib/libgnutls.so.26.14.12
7f1d49759000-7f1d4975f000 r-xp 0009a000 08:02 525012                     /usr/lib/libgnutls.so.26.14.12
7f1d4975f000-7f1d49760000 rwxp 000a0000 08:02 525012                     /usr/lib/libgnutls.so.26.14.12
7f1d49760000-7f1d49776000 r-xp 00000000 08:02 1458530                    /lib/libresolv-2.12.1.so
7f1d49776000-7f1d49975000 ---p 00016000 08:02 1458530                    /lib/libresolv-2.12.1.so
7f1d49975000-7f1d49976000 r-xp 00015000 08:02 1458530                    /lib/libresolv-2.12.1.so
7f1d49976000-7f1d49977000 rwxp 00016000 08:02 1458530                    /lib/libresolv-2.12.1.so
7f1d49977000-7f1d49979000 rwxp 00000000 00:00 0 
7f1d49979000-7f1d499ab000 r-xp 00000000 08:02 529493                     /usr/lib/libgssapi_krb5.so.2.2
7f1d499ab000-7f1d49bab000 ---p 00032000 08:02 529493                     /usr/lib/libgssapi_krb5.so.2.2
7f1d49bab000-7f1d49bac000 r-xp 00032000 08:02 529493                     /usr/lib/libgssapi_krb5.so.2.2
7f1d49bac000-7f1d49bad000 rwxp 00033000 08:02 529493                     /usr/lib/libgssapi_krb5.so.2.2
7f1d49bad000-7f1d49bb0000 r-xp 00000000 08:02 1439028                    /lib/libcom_err.so.2.1
7f1d49bb0000-7f1d49daf000 ---p 00003000 08:02 1439028                    /lib/libcom_err.so.2.1
7f1d49daf000-7f1d49db0000 r-xp 00002000 08:02 1439028                    /lib/libcom_err.so.2.1
7f1d49db0000-7f1d49db1000 rwxp 00003000 08:02 1439028                    /lib/libcom_err.so.2.1
7f1d49db1000-7f1d49e6a000 r-xp 00000000 08:02 537775                     /usr/lib/libkrb5.so.3.3
7f1d49e6a000-7f1d4a069000 ---p 000b9000 08:02 537775                     /usr/lib/libkrb5.so.3.3
7f1d4a069000-7f1d4a072000 r-xp 000b8000 08:02 537775                     /usr/lib/libkrb5.so.3.3
7f1d4a072000-7f1d4a073000 rwxp 000c1000 08:02 537775                     /usr/lib/libkrb5.so.3.3
7f1d4a073000-7f1d4a08c000 r-xp 00000000 08:02 526884                     /usr/lib/libsasl2.so.2.0.23
7f1d4a08c000-7f1d4a28b000 ---p 00019000 08:02 526884                     /usr/lib/libsasl2.so.2.0.23
7f1d4a28b000-7f1d4a28c000 r-xp 00018000 08:02 526884                     /usr/lib/libsasl2.so.2.0.23
7f1d4a28c000-7f1d4a28d000 rwxp 00019000 08:02 526884                     /usr/lib/libsasl2.so.2.0.23
7f1d4a28d000-7f1d4a29a000 r-xp 00000000 08:02 523653                     /usr/lib/liblber-2.4.so.2.5.6
7f1d4a29a000-7f1d4a499000 ---p 0000d000 08:02 523653                     /usr/lib/liblber-2.4.so.2.5.6
7f1d4a499000-7f1d4a49a000 r-xp 0000c000 08:02 523653                     /usr/lib/liblber-2.4.so.2.5.6
7f1d4a49a000-7f1d4a49b000 rwxp 0000d000 08:02 523653                     /usr/lib/liblber-2.4.so.2.5.6
7f1d4a49b000-7f1d4a4e1000 r-xp 00000000 08:02 523654                     /usr/lib/libldap_r-2.4.so.2.5.6
7f1d4a4e1000-7f1d4a6e1000 ---p 00046000 08:02 523654                     /usr/lib/libldap_r-2.4.so.2.5.6
7f1d4a6e1000-7f1d4a6e3000 r-xp 00046000 08:02 523654                     /usr/lib/libldap_r-2.4.so.2.5.6
7f1d4a6e3000-7f1d4a6e4000 rwxp 00048000 08:02 523654                     /usr/lib/libldap_r-2.4.so.2.5.6
7f1d4a6e4000-7f1d4a6e6000 rwxp 00000000 00:00 0 
7f1d4a6e6000-7f1d4a6fa000 r-xp 00000000 08:02 1455812                    /lib/libnss_ldap-2.11.1.so
7f1d4a6fa000-7f1d4a8f9000 ---p 00014000 08:02 1455812                    /lib/libnss_ldap-2.11.1.so
7f1d4a8f9000-7f1d4a8fa000 r-xp 00013000 08:02 1455812                    /lib/libnss_ldap-2.11.1.so
7f1d4a8fa000-7f1d4a8fb000 rwxp 00014000 08:02 1455812                    /lib/libnss_ldap-2.11.1.so
7f1d4a8fb000-7f1d4a906000 rwxp 00000000 00:00 0 
7f1d4a906000-7f1d4a912000 r-xp 00000000 08:02 1458520                    /lib/libnss_files-2.12.1.so
7f1d4a912000-7f1d4ab11000 ---p 0000c000 08:02 1458520                    /lib/libnss_files-2.12.1.so
7f1d4ab11000-7f1d4ab12000 r-xp 0000b000 08:02 1458520                    /lib/libnss_files-2.12.1.so
7f1d4ab12000-7f1d4ab13000 rwxp 0000c000 08:02 1458520                    /lib/libnss_files-2.12.1.so
7f1d4ab13000-7f1d4ab16000 r-xp 00000000 08:08 5901018                    /users/oconnorp/Programs/jdk1.6.0_32/jre/lib/amd64/libnpt.so
7f1d4ab16000-7f1d4ac15000 ---p 00003000 08:08 5901018                    /users/oconnorp/Programs/jdk1.6.0_32/jre/lib/amd64/libnpt.so
7f1d4ac15000-7f1d4ac16000 rwxp 00002000 08:08 5901018                    /users/oconnorp/Programs/jdk1.6.0_32/jre/lib/amd64/libnpt.so
7f1d4ac16000-7f1d4ac4c000 r-xp 00000000 08:08 5901044                    /users/oconnorp/Programs/jdk1.6.0_32/jre/lib/amd64/libjdwp.so
7f1d4ac4c000-7f1d4ad4b000 ---p 00036000 08:08 5901044                    /users/oconnorp/Programs/jdk1.6.0_32/jre/lib/amd64/libjdwp.so
7f1d4ad4b000-7f1d4ad55000 rwxp 00035000 08:08 5901044                    /users/oconnorp/Programs/jdk1.6.0_32/jre/lib/amd64/libjdwp.so
7f1d4ad55000-7f1d4ad6c000 r-xp 00000000 08:02 1458513                    /lib/libnsl-2.12.1.so
7f1d4ad6c000-7f1d4af6b000 ---p 00017000 08:02 1458513                    /lib/libnsl-2.12.1.so
7f1d4af6b000-7f1d4af6c000 r-xp 00016000 08:02 1458513                    /lib/libnsl-2.12.1.so
7f1d4af6c000-7f1d4af6d000 rwxp 00017000 08:02 1458513                    /lib/libnsl-2.12.1.so
7f1d4af6d000-7f1d4af6f000 rwxp 00000000 00:00 0 
7f1d4af6f000-7f1d4af98000 r-xp 00000000 08:08 5901040                    /users/oconnorp/Programs/jdk1.6.0_32/jre/lib/amd64/libjava.so
7f1d4af98000-7f1d4b097000 ---p 00029000 08:08 5901040                    /users/oconnorp/Programs/jdk1.6.0_32/jre/lib/amd64/libjava.so
7f1d4b097000-7f1d4b09e000 rwxp 00028000 08:08 5901040                    /users/oconnorp/Programs/jdk1.6.0_32/jre/lib/amd64/libjava.so
7f1d4b09e000-7f1d4b0ab000 r-xp 00000000 08:08 5901022                    /users/oconnorp/Programs/jdk1.6.0_32/jre/lib/amd64/libverify.so
7f1d4b0ab000-7f1d4b1aa000 ---p 0000d000 08:08 5901022                    /users/oconnorp/Programs/jdk1.6.0_32/jre/lib/amd64/libverify.so
7f1d4b1aa000-7f1d4b1ad000 rwxp 0000c000 08:08 5901022                    /users/oconnorp/Programs/jdk1.6.0_32/jre/lib/amd64/libverify.so
7f1d4b1ad000-7f1d4b1b4000 r-xp 00000000 08:02 1458532                    /lib/librt-2.12.1.so
7f1d4b1b4000-7f1d4b3b3000 ---p 00007000 08:02 1458532                    /lib/librt-2.12.1.so
7f1d4b3b3000-7f1d4b3b4000 r-xp 00006000 08:02 1458532                    /lib/librt-2.12.1.so
7f1d4b3b4000-7f1d4b3b5000 rwxp 00007000 08:02 1458532                    /lib/librt-2.12.1.so
7f1d4b3b5000-7f1d4b3ba000 r-xp 00000000 08:02 526093                     /usr/lib/libXfixes.so.3.1.0
7f1d4b3ba000-7f1d4b5b9000 ---p 00005000 08:02 526093                     /usr/lib/libXfixes.so.3.1.0
7f1d4b5b9000-7f1d4b5ba000 r-xp 00004000 08:02 526093                     /usr/lib/libXfixes.so.3.1.0
7f1d4b5ba000-7f1d4b5bb000 rwxp 00005000 08:02 526093                     /usr/lib/libXfixes.so.3.1.0
7f1d4b5bb000-7f1d4b5c4000 r-xp 00000000 08:02 526113                     /usr/lib/libXrender.so.1.3.0
7f1d4b5c4000-7f1d4b7c3000 ---p 00009000 08:02 526113                     /usr/lib/libXrender.so.1.3.0
7f1d4b7c3000-7f1d4b7c4000 r-xp 00008000 08:02 526113                     /usr/lib/libXrender.so.1.3.0
7f1d4b7c4000-7f1d4b7c5000 rwxp 00009000 08:02 526113                     /usr/lib/libXrender.so.1.3.0
7f1d4b7c5000-7f1d4b7ce000 r-xp 00000000 08:02 526085                     /usr/lib/libXcursor.so.1.0.2
7f1d4b7ce000-7f1d4b9cd000 ---p 00009000 08:02 526085                     /usr/lib/libXcursor.so.1.0.2
7f1d4b9cd000-7f1d4b9ce000 r-xp 00008000 08:02 526085                     /usr/lib/libXcursor.so.1.0.2
7f1d4b9ce000-7f1d4b9cf000 rwxp 00009000 08:02 526085                     /usr/lib/libXcursor.so.1.0.2
7f1d4b9cf000-7f1d4b9d2000 ---p 00000000 00:00 0 
7f1d4b9d2000-7f1d4bad0000 rwxp 00000000 00:00 0 
7f1d4bad0000-7f1d4bd74000 r-xp 00000000 08:02 524201                     /usr/lib/locale/locale-archive
7f1d4bd74000-7f1d4bd75000 ---p 00000000 00:00 0 
7f1d4bd75000-7f1d4c575000 rwxp 00000000 00:00 0 
7f1d4c5ca000-7f1d4c5e3000 rwxs 00000000 00:04 0                          /SYSV00000000 (deleted)
7f1d4c5e3000-7f1d4c5eb000 r-xs 00115000 08:08 5901131                    /users/oconnorp/Programs/jdk1.6.0_32/jre/lib/resources.jar
7f1d4c5eb000-7f1d4c5f0000 r-xp 00000000 08:02 526089                     /usr/lib/libXdmcp.so.6.0.0
7f1d4c5f0000-7f1d4c7ef000 ---p 00005000 08:02 526089                     /usr/lib/libXdmcp.so.6.0.0
7f1d4c7ef000-7f1d4c7f0000 r-xp 00004000 08:02 526089                     /usr/lib/libXdmcp.so.6.0.0
7f1d4c7f0000-7f1d4c7f1000 rwxp 00005000 08:02 526089                     /usr/lib/libXdmcp.so.6.0.0
7f1d4c7f1000-7f1d4c7f3000 r-xp 00000000 08:02 526078                     /usr/lib/libXau.so.6.0.0
7f1d4c7f3000-7f1d4c9f2000 ---p 00002000 08:02 526078                     /usr/lib/libXau.so.6.0.0
7f1d4c9f2000-7f1d4c9f3000 r-xp 00001000 08:02 526078                     /usr/lib/libXau.so.6.0.0
7f1d4c9f3000-7f1d4c9f4000 rwxp 00002000 08:02 526078                     /usr/lib/libXau.so.6.0.0
7f1d4c9f4000-7f1d4ca0f000 r-xp 00000000 08:02 527039                     /usr/lib/libxcb.so.1.1.0
7f1d4ca0f000-7f1d4cc0f000 ---p 0001b000 08:02 527039                     /usr/lib/libxcb.so.1.1.0
7f1d4cc0f000-7f1d4cc10000 r-xp 0001b000 08:02 527039                     /usr/lib/libxcb.so.1.1.0
7f1d4cc10000-7f1d4cc11000 rwxp 0001c000 08:02 527039                     /usr/lib/libxcb.so.1.1.0
7f1d4cc11000-7f1d4cc22000 r-xp 00000000 08:02 526091                     /usr/lib/libXext.so.6.4.0
7f1d4cc22000-7f1d4ce21000 ---p 00011000 08:02 526091                     /usr/lib/libXext.so.6.4.0
7f1d4ce21000-7f1d4ce22000 r-xp 00010000 08:02 526091                     /usr/lib/libXext.so.6.4.0
7f1d4ce22000-7f1d4ce23000 rwxp 00011000 08:02 526091                     /usr/lib/libXext.so.6.4.0
7f1d4ce23000-7f1d4cf54000 r-xp 00000000 08:02 526074                     /usr/lib/libX11.so.6.3.0
7f1d4cf54000-7f1d4d154000 ---p 00131000 08:02 526074                     /usr/lib/libX11.so.6.3.0
7f1d4d154000-7f1d4d155000 r-xp 00131000 08:02 526074                     /usr/lib/libX11.so.6.3.0
7f1d4d155000-7f1d4d159000 rwxp 00132000 08:02 526074                     /usr/lib/libX11.so.6.3.0
7f1d4d159000-7f1d4d18e000 r-xp 00000000 08:08 5901050                    /users/oconnorp/Programs/jdk1.6.0_32/jre/lib/amd64/libsplashscreen.so
7f1d4d18e000-7f1d4d28d000 ---p 00035000 08:08 5901050                    /users/oconnorp/Programs/jdk1.6.0_32/jre/lib/amd64/libsplashscreen.so
7f1d4d28d000-7f1d4d298000 rwxp 00034000 08:08 5901050                    /users/oconnorp/Programs/jdk1.6.0_32/jre/lib/amd64/libsplashscreen.so
7f1d4d298000-7f1d4d29b000 rwxp 00000000 00:00 0 
7f1d4d29b000-7f1d4d31d000 r-xp 00000000 08:02 1458509                    /lib/libm-2.12.1.so
7f1d4d31d000-7f1d4d51c000 ---p 00082000 08:02 1458509                    /lib/libm-2.12.1.so
7f1d4d51c000-7f1d4d51d000 r-xp 00081000 08:02 1458509                    /lib/libm-2.12.1.so
7f1d4d51d000-7f1d4d51e000 rwxp 00082000 08:02 1458509                    /lib/libm-2.12.1.so
7f1d4d51e000-7f1d4de39000 r-xp 00000000 08:08 5901047                    /users/oconnorp/Programs/jdk1.6.0_32/jre/lib/amd64/server/libjvm.so
7f1d4de39000-7f1d4df3a000 ---p 0091b000 08:08 5901047                    /users/oconnorp/Programs/jdk1.6.0_32/jre/lib/amd64/server/libjvm.so
7f1d4df3a