#
# A fatal error has been detected by the Java Runtime Environment:
#
#  SIGSEGV (0xb) at pc=0x00007fe77f0be759, pid=30863, tid=140632256272128
#
# JRE version: 6.0_32-b05
# Java VM: Java HotSpot(TM) 64-Bit Server VM (20.7-b02 mixed mode linux-amd64 compressed oops)
# Problematic frame:
# C  [libGL.so.1+0x91759]  __float128+0x25289
#
# If you would like to submit a bug report, please visit:
#   http://java.sun.com/webapps/bugreport/crash.jsp
# The crash happened outside the Java Virtual Machine in native code.
# See problematic frame for where to report the bug.
#

---------------  T H R E A D  ---------------

Current thread (0x00000000423cf800):  JavaThread "AWT-EventQueue-0" [_thread_in_native, id=30896, stack(0x00007fe77f9dd000,0x00007fe77fade000)]

siginfo:si_signo=SIGSEGV: si_errno=0, si_code=1 (SEGV_MAPERR), si_addr=0x00000000402ca000

Registers:
RAX=0x00000000402ca000, RBX=0x0000000042602f78, RCX=0x00007fe77f31cce0, RDX=0x00007fe77edf9bc0
RSP=0x00007fe77fadb190, RBP=0x0000000000000001, RSI=0x0000000042602f78, RDI=0x00007fe77f31cf40
R8 =0x000000000000ae13, R9 =0x000000004224c220, R10=0x0000000000000000, R11=0x0000000000000206
R12=0x00007fe77fadb1b0, R13=0x0000000000000001, R14=0x0000000042602f78, R15=0x00007fe77f301750
RIP=0x00007fe77f0be759, EFLAGS=0x0000000000010202, CSGSFS=0x0000000000000033, ERR=0x0000000000000004
  TRAPNO=0x000000000000000e

Top of Stack: (sp=0x00007fe77fadb190)
0x00007fe77fadb190:   00007fe77fadb1b0 00000000402ca000
0x00007fe77fadb1a0:   0000012c7fadb1f0 000000010000012c
0x00007fe77fadb1b0:   00000000402ca000 00007fe77cc59ee8
0x00007fe77fadb1c0:   0000000000000000 00007fe77fadb278
0x00007fe77fadb1d0:   00007fe77fadb280 00000000423cf9d0
0x00007fe77fadb1e0:   0000000000000000 00007fe77f0c47a9
0x00007fe77fadb1f0:   0000000000000000 00007fe786d5c33e
0x00007fe77fadb200:   0000000000000000 0000000005a00033
0x00007fe77fadb210:   00007fe77ee15f20 000000000000788f
0x00007fe77fadb220:   00007fe78c31d3c0 00007fe77e0e60b0
0x00007fe77fadb230:   000000009ea18180 00007fe78c1e70d0
0x00007fe77fadb240:   0000000042602f30 0000000042652ff0
0x00007fe77fadb250:   000000009ea18180 00007fe77fadb388
0x00007fe77fadb260:   00000000423cf800 00007fe77f096e27
0x00007fe77fadb270:   00007fe786d57298 00000000a2e8fba0
0x00007fe77fadb280:   00000000a2e8fb68 00007fe77fadb288
0x00007fe77fadb290:   000000009ea2d905 000000009ea18180
0x00007fe77fadb2a0:   00007fe77fadb2e0 0000000000000000
0x00007fe77fadb2b0:   000000009ea18180 00007fe77d0b3b42
0x00007fe77fadb2c0:   0000000005a00033 00007fe78c1e70d0
0x00007fe77fadb2d0:   00007fe77fadb360 00000000423cf9d0
0x00007fe77fadb2e0:   00007fe77fadb350 00007fe786d5bb55
0x00007fe77fadb2f0:   00007fe77fadb330 000000009e9f2848
0x00007fe77fadb300:   000000009ee10000 000000009e9e0bb0
0x00007fe77fadb310:   00007fe77fadb310 0000000000000000
0x00007fe77fadb320:   00007fe77fadb388 000000009ea1bde8
0x00007fe77fadb330:   0000000000000000 000000009ea18180
0x00007fe77fadb340:   0000000000000000 00007fe77fadb370
0x00007fe77fadb350:   00007fe77fadb3d0 00007fe786d4ab02
0x00007fe77fadb360:   000000009ea194b0 00007fe786d57298
0x00007fe77fadb370:   0000000005a00033 00007fe77fadb3d0
0x00007fe77fadb380:   00007fe78c1e70d0 00000000a37d2ac0 

Instructions: (pc=0x00007fe77f0be759)
0x00007fe77f0be739:   44 3b 6c 24 1c 75 90 4c 8b 24 24 31 ed 48 8b 0d
0x00007fe77f0be749:   db bf 23 00 49 8b 04 24 4c 89 f6 ff c5 48 8b 11
0x00007fe77f0be759:   48 8b 38 ff 92 68 03 00 00 48 8b 15 bf bf 23 00
0x00007fe77f0be769:   48 89 c3 49 8b 3c 24 49 83 c4 08 48 8b 02 ff 90 

Register to memory mapping:

RAX=0x00000000402ca000 is an unknown value
RBX=0x0000000042602f78 is an unknown value
RCX=0x00007fe77f31cce0: <offset 0x2efce0> in /usr/lib/nvidia-current/libGL.so.1 at 0x00007fe77f02d000
RDX=0x00007fe77edf9bc0: <offset 0x1ba7bc0> in /usr/lib/nvidia-current/libnvidia-glcore.so.260.19.06 at 0x00007fe77d252000
RSP=0x00007fe77fadb190 is pointing into the stack for thread: 0x00000000423cf800
RBP=0x0000000000000001 is an unknown value
RSI=0x0000000042602f78 is an unknown value
RDI=0x00007fe77f31cf40: <offset 0x2eff40> in /usr/lib/nvidia-current/libGL.so.1 at 0x00007fe77f02d000
R8 =0x000000000000ae13 is an unknown value
R9 =0x000000004224c220 is an unknown value
R10=0x0000000000000000 is an unknown value
R11=0x0000000000000206 is an unknown value
R12=0x00007fe77fadb1b0 is pointing into the stack for thread: 0x00000000423cf800
R13=0x0000000000000001 is an unknown value
R14=0x0000000042602f78 is an unknown value
R15=0x00007fe77f301750: <offset 0x2d4750> in /usr/lib/nvidia-current/libGL.so.1 at 0x00007fe77f02d000


Stack: [0x00007fe77f9dd000,0x00007fe77fade000],  sp=0x00007fe77fadb190,  free space=1016k
Native frames: (J=compiled Java code, j=interpreted, Vv=VM code, C=native code)
C  [libGL.so.1+0x91759]  __float128+0x25289

Java frames: (J=compiled Java code, j=interpreted, Vv=VM code)
j  com.sun.opengl.impl.x11.GLX.glXSwapBuffers(JJ)V+0
j  com.sun.opengl.impl.x11.X11OnscreenGLDrawable.swapBuffers()V+38
j  com.sun.opengl.impl.GLDrawableHelper.invokeGL(Ljavax/media/opengl/GLDrawable;Ljavax/media/opengl/GLContext;Ljava/lang/Runnable;Ljava/lang/Runnable;)V+435
j  javax.media.opengl.GLCanvas.maybeDoSingleThreadedWorkaround(Ljava/lang/Runnable;Ljava/lang/Runnable;)V+36
j  javax.media.opengl.GLCanvas.display()V+9
j  javax.media.opengl.GLCanvas.paint(Ljava/awt/Graphics;)V+125
J  sun.awt.RepaintArea.paint(Ljava/lang/Object;Z)V
j  sun.awt.X11.XComponentPeer.handleEvent(Ljava/awt/AWTEvent;)V+224
j  java.awt.Component.dispatchEventImpl(Ljava/awt/AWTEvent;)V+861
J  java.awt.EventQueue$1.run()Ljava/lang/Void;
j  java.awt.EventQueue$1.run()Ljava/lang/Object;+1
v  ~StubRoutines::call_stub
J  java.security.AccessController.doPrivileged(Ljava/security/PrivilegedAction;Ljava/security/AccessControlContext;)Ljava/lang/Object;
J  java.security.AccessControlContext$1.doIntersectionPrivilege(Ljava/security/PrivilegedAction;Ljava/security/AccessControlContext;Ljava/security/AccessControlContext;)Ljava/lang/Object;
j  java.security.AccessControlContext$1.doIntersectionPrivilege(Ljava/security/PrivilegedAction;Ljava/security/AccessControlContext;)Ljava/lang/Object;+6
j  java.awt.EventQueue$2.run()Ljava/lang/Void;+11
j  java.awt.EventQueue$2.run()Ljava/lang/Object;+1
v  ~StubRoutines::call_stub
J  java.security.AccessController.doPrivileged(Ljava/security/PrivilegedAction;Ljava/security/AccessControlContext;)Ljava/lang/Object;
J  java.awt.EventDispatchThread.pumpOneEventForFilters(I)Z
J  java.awt.EventDispatchThread.pumpEventsForFilter(ILjava/awt/Conditional;Ljava/awt/EventFilter;)V
j  java.awt.EventDispatchThread.pumpEventsForHierarchy(ILjava/awt/Conditional;Ljava/awt/Component;)V+11
j  java.awt.EventDispatchThread.pumpEvents(ILjava/awt/Conditional;)V+4
j  java.awt.EventDispatchThread.pumpEvents(Ljava/awt/Conditional;)V+3
j  java.awt.EventDispatchThread.run()V+9
v  ~StubRoutines::call_stub

---------------  P R O C E S S  ---------------

Java Threads: ( => current thread )
  0x000000004272f800 JavaThread "NetPlotter" [_thread_blocked, id=30909, stack(0x00007fe77f4d8000,0x00007fe77f5d9000)]
  0x0000000042180000 JavaThread "Timer-0" daemon [_thread_blocked, id=30908, stack(0x00007fe77f6da000,0x00007fe77f7db000)]
  0x00007fe7802a5800 JavaThread "TimerQueue" daemon [_thread_blocked, id=30904, stack(0x00007fe77f5d9000,0x00007fe77f6da000)]
  0x00000000423f5000 JavaThread "Thread-1" [_thread_in_Java, id=30898, stack(0x00007fe77f7db000,0x00007fe77f8dc000)]
  0x00007fe78c037000 JavaThread "DestroyJavaVM" [_thread_blocked, id=30869, stack(0x00007fe7916e8000,0x00007fe7917e9000)]
  0x00000000423f1800 JavaThread "org.netbeans.modules.debugger.jpda.visual AWT Access Loop" daemon [_thread_blocked, id=30897, stack(0x00007fe77f8dc000,0x00007fe77f9dd000)]
=>0x00000000423cf800 JavaThread "AWT-EventQueue-0" [_thread_in_native, id=30896, stack(0x00007fe77f9dd000,0x00007fe77fade000)]
  0x00000000423be000 JavaThread "AWT-Shutdown" [_thread_blocked, id=30895, stack(0x00007fe77fade000,0x00007fe77fbdf000)]
  0x0000000042334000 JavaThread "AWT-XAWT" daemon [_thread_blocked, id=30894, stack(0x00007fe77fdfe000,0x00007fe77feff000)]
  0x00007fe78c210800 JavaThread "Java2D Disposer" daemon [_thread_blocked, id=30893, stack(0x00007fe77feff000,0x00007fe780000000)]
  0x00007fe78c12d000 JavaThread "Low Memory Detector" daemon [_thread_blocked, id=30891, stack(0x00007fe784a88000,0x00007fe784b89000)]
  0x00007fe78c12b000 JavaThread "C2 CompilerThread1" daemon [_thread_blocked, id=30890, stack(0x00007fe784b89000,0x00007fe784c8a000)]
  0x00007fe78c128000 JavaThread "C2 CompilerThread0" daemon [_thread_blocked, id=30889, stack(0x00007fe784c8a000,0x00007fe784d8b000)]
  0x00007fe78c125800 JavaThread "JDWP Event Helper Thread" daemon