#
# A fatal error has been detected by the Java Runtime Environment:
#
#  SIGSEGV (0xb) at pc=0x00007f93d7b93759, pid=31679, tid=140272967825152
#
# JRE version: 6.0_32-b05
# Java VM: Java HotSpot(TM) 64-Bit Server VM (20.7-b02 mixed mode linux-amd64 compressed oops)
# Problematic frame:
# C  [libGL.so.1+0x91759]  __float128+0x25289
#
# If you would like to submit a bug report, please visit:
#   http://java.sun.com/webapps/bugreport/crash.jsp
# The crash happened outside the Java Virtual Machine in native code.
# See problematic frame for where to report the bug.
#

---------------  T H R E A D  ---------------

Current thread (0x0000000040d74800):  JavaThread "AWT-EventQueue-0" [_thread_in_native, id=31711, stack(0x00007f93d85b3000,0x00007f93d86b4000)]

siginfo:si_signo=SIGSEGV: si_errno=0, si_code=1 (SEGV_MAPERR), si_addr=0x00000000408d1000

Registers:
RAX=0x00000000408d1000, RBX=0x00007f93d49a79a8, RCX=0x00007f93d7df1ce0, RDX=0x00007f93d78cebc0
RSP=0x00007f93d86b0df0, RBP=0x0000000000000001, RSI=0x00007f93d49a79a8, RDI=0x00007f93d7df1f40
R8 =0x0000000000000dd6, R9 =0x00007f93e06b4a80, R10=0x0000000000000000, R11=0x0000000000000206
R12=0x00007f93d86b0e10, R13=0x0000000000000001, R14=0x00007f93d49a79a8, R15=0x00007f93d7dd6750
RIP=0x00007f93d7b93759, EFLAGS=0x0000000000010202, CSGSFS=0x0000000000000033, ERR=0x0000000000000004
  TRAPNO=0x000000000000000e

Top of Stack: (sp=0x00007f93d86b0df0)
0x00007f93d86b0df0:   00007f93d86b0e10 00000000408d1000
0x00007f93d86b0e00:   0000012cd86b0e50 000000010000012c
0x00007f93d86b0e10:   00000000408d1000 00007f93d572eee8
0x00007f93d86b0e20:   0000000000000000 00007f93d86b0ed8
0x00007f93d86b0e30:   00007f93d86b0ee0 0000000040d749d0
0x00007f93d86b0e40:   0000000000000000 00007f93d7b997a9
0x00007f93d86b0e50:   0000000000000000 00007f93db87e33e
0x00007f93d86b0e60:   00007f93d86b0ec8 0000000005a0003b
0x00007f93d86b0e70:   00007f93d78eaf20 0000000000007bbf
0x00007f93d86b0e80:   0000000040c16960 00007f93d6bbb0b0
0x00007f93d86b0e90:   000000009ea1b2b8 00007f93e01e29b0
0x00007f93d86b0ea0:   00007f93d49a7960 00007f93d4b38020
0x00007f93d86b0eb0:   000000009ea1b2b8 00007f93d86b0fe8
0x00007f93d86b0ec0:   0000000040d74800 00007f93d7b6be27
0x00007f93d86b0ed0:   00007f93db879298 00000000a3004930
0x00007f93d86b0ee0:   00000000a329f5d0 00007f93d86b0ee8
0x00007f93d86b0ef0:   000000009ea30edd 000000009ea1b2b8
0x00007f93d86b0f00:   00007f93d86b0f40 0000000000000000
0x00007f93d86b0f10:   000000009ea1b2b8 00007f93d5b88b42
0x00007f93d86b0f20:   0000000005a0003b 00007f93e01e29b0
0x00007f93d86b0f30:   00007f93d86b0fc0 0000000040d749d0
0x00007f93d86b0f40:   00007f93d86b0fb0 00007f93db87db55
0x00007f93d86b0f50:   00007f93d86b0f90 000000009e9f5480
0x00007f93d86b0f60:   0000000000000000 000000009e9e36e8
0x00007f93d86b0f70:   00007f93d86b0f70 0000000000000000
0x00007f93d86b0f80:   00007f93d86b0fe8 000000009ea1ef20
0x00007f93d86b0f90:   0000000000000000 000000009ea1b2b8
0x00007f93d86b0fa0:   0000000000000000 00007f93d86b0fd0
0x00007f93d86b0fb0:   00007f93d86b1030 00007f93db86cb02
0x00007f93d86b0fc0:   000000009ea1c5e8 00007f93db879298
0x00007f93d86b0fd0:   0000000005a0003b 00007f93d86b1030
0x00007f93d86b0fe0:   00007f93e01e29b0 00000000a3b34a50 

Instructions: (pc=0x00007f93d7b93759)
0x00007f93d7b93739:   44 3b 6c 24 1c 75 90 4c 8b 24 24 31 ed 48 8b 0d
0x00007f93d7b93749:   db bf 23 00 49 8b 04 24 4c 89 f6 ff c5 48 8b 11
0x00007f93d7b93759:   48 8b 38 ff 92 68 03 00 00 48 8b 15 bf bf 23 00
0x00007f93d7b93769:   48 89 c3 49 8b 3c 24 49 83 c4 08 48 8b 02 ff 90 

Register to memory mapping:

RAX=0x00000000408d1000 is an unknown value
RBX=0x00007f93d49a79a8 is an unknown value
RCX=0x00007f93d7df1ce0: <offset 0x2efce0> in /usr/lib/nvidia-current/libGL.so.1 at 0x00007f93d7b02000
RDX=0x00007f93d78cebc0: <offset 0x1ba7bc0> in /usr/lib/nvidia-current/libnvidia-glcore.so.260.19.06 at 0x00007f93d5d27000
RSP=0x00007f93d86b0df0 is pointing into the stack for thread: 0x0000000040d74800
RBP=0x0000000000000001 is an unknown value
RSI=0x00007f93d49a79a8 is an unknown value
RDI=0x00007f93d7df1f40: <offset 0x2eff40> in /usr/lib/nvidia-current/libGL.so.1 at 0x00007f93d7b02000
R8 =0x0000000000000dd6 is an unknown value
R9 =0x00007f93e06b4a80 is an unknown value
R10=0x0000000000000000 is an unknown value
R11=0x0000000000000206 is an unknown value
R12=0x00007f93d86b0e10 is pointing into the stack for thread: 0x0000000040d74800
R13=0x0000000000000001 is an unknown value
R14=0x00007f93d49a79a8 is an unknown value
R15=0x00007f93d7dd6750: <offset 0x2d4750> in /usr/lib/nvidia-current/libGL.so.1 at 0x00007f93d7b02000


Stack: [0x00007f93d85b3000,0x00007f93d86b4000],  sp=0x00007f93d86b0df0,  free space=1015k
Native frames: (J=compiled Java code, j=interpreted, Vv=VM code, C=native code)
C  [libGL.so.1+0x91759]  __float128+0x25289

Java frames: (J=compiled Java code, j=interpreted, Vv=VM code)
j  com.sun.opengl.impl.x11.GLX.glXSwapBuffers(JJ)V+0
j  com.sun.opengl.impl.x11.X11OnscreenGLDrawable.swapBuffers()V+38
j  com.sun.opengl.impl.GLDrawableHelper.invokeGL(Ljavax/media/opengl/GLDrawable;Ljavax/media/opengl/GLContext;Ljava/lang/Runnable;Ljava/lang/Runnable;)V+435
j  javax.media.opengl.GLCanvas.maybeDoSingleThreadedWorkaround(Ljava/lang/Runnable;Ljava/lang/Runnable;)V+36
j  javax.media.opengl.GLCanvas.display()V+9
j  javax.media.opengl.GLCanvas.paint(Ljava/awt/Graphics;)V+125
j  javax.media.opengl.GLCanvas.update(Ljava/awt/Graphics;)V+2
j  sun.awt.RepaintArea.updateComponent(Ljava/awt/Component;Ljava/awt/Graphics;)V+6
j  sun.awt.X11.XRepaintArea.updateComponent(Ljava/awt/Component;Ljava/awt/Graphics;)V+23
j  sun.awt.RepaintArea.paint(Ljava/lang/Object;Z)V+263
j  sun.awt.X11.XComponentPeer.handleEvent(Ljava/awt/AWTEvent;)V+224
j  java.awt.Component.dispatchEventImpl(Ljava/awt/AWTEvent;)V+861
j  java.awt.Component.dispatchEvent(Ljava/awt/AWTEvent;)V+2
j  java.awt.EventQueue.dispatchEventImpl(Ljava/awt/AWTEvent;Ljava/lang/Object;)V+41
j  java.awt.EventQueue.access$000(Ljava/awt/EventQueue;Ljava/awt/AWTEvent;Ljava/lang/Object;)V+3
j  java.awt.EventQueue$1.run()Ljava/lang/Void;+12
j  java.awt.EventQueue$1.run()Ljava/lang/Object;+1
v  ~StubRoutines::call_stub
j  java.security.AccessController.doPrivileged(Ljava/security/PrivilegedAction;Ljava/security/AccessControlContext;)Ljava/lang/Object;+0
j  java.security.AccessControlContext$1.doIntersectionPrivilege(Ljava/security/PrivilegedAction;Ljava/security/AccessControlContext;Ljava/security/AccessControlContext;)Ljava/lang/Object;+28
j  java.security.AccessControlContext$1.doIntersectionPrivilege(Ljava/security/PrivilegedAction;Ljava/security/AccessControlContext;)Ljava/lang/Object;+6
j  java.awt.EventQueue$2.run()Ljava/lang/Void;+11
j  java.awt.EventQueue$2.run()Ljava/lang/Object;+1
v  ~StubRoutines::call_stub
j  java.security.AccessController.doPrivileged(Ljava/security/PrivilegedAction;Ljava/security/AccessControlContext;)Ljava/lang/Object;+0
j  java.security.AccessControlContext$1.doIntersectionPrivilege(Ljava/security/PrivilegedAction;Ljava/security/AccessControlContext;Ljava/security/AccessControlContext;)Ljava/lang/Object;+28
j  java.awt.EventQueue.dispatchEvent(Ljava/awt/AWTEvent;)V+73
j  java.awt.EventDispatchThread.pumpOneEventForFilters(I)Z+204
j  java.awt.EventDispatchThread.pumpEventsForFilter(ILjava/awt/Conditional;Ljava/awt/EventFilter;)V+30
j  java.awt.EventDispatchThread.pumpEventsForHierarchy(ILjava/awt/Conditional;Ljava/awt/Component;)V+11
j  java.awt.EventDispatchThread.pumpEvents(ILjava/awt/Conditional;)V+4
j  java.awt.EventDispatchThread.pumpEvents(Ljava/awt/Conditional;)V+3
j  java.awt.EventDispatchThread.run()V+9
v  ~StubRoutines::call_stub

---------------  P R O C E S S  ---------------

Java Threads: ( => current thread )
  0x0000000040b92800 JavaThread "NetPlotter" [_thread_blocked, id=31721, stack(0x00007f93d562d000,0x00007f93d572e000)]
  0x0000000040b7b800 JavaThread "Timer-0" daemon [_thread_blocked, id=31720, stack(0x00007f93d7fad000,0x00007f93d80ae000)]
  0x0000000040bf8000 JavaThread "TimerQueue" daemon [_thread_blocked, id=31719, stack(0x00007f93d80ae000,0x00007f93d81af000)]
  0x00007f93e042d800 JavaThread "Thread-1" [_thread_in_Java, id=31713, stack(0x00007f93d82b0000,0x00007f93d83b1000)]
  0x00007f93e0036000 JavaThread "DestroyJavaVM" [_thread_blocked, id=31684, stack(0x00007f93e5fcf000,0x00007f93e60d0000)]
  0x00007f93e0435000 JavaThread "org.netbeans.modules.debugger.jpda.visual AWT Access Loop" daemon [_thread_blocked, id=31712, stack(0x00007f93d84b2000,0x00007f93d85b3000)]
=>0x0000000040d74800 JavaThread "AWT-EventQueue-0" [_thread_in_native, id=31711, stack(0x00007f93d85b3000,0x00007f93d86b4000)]
  0x0000000040d71000 JavaThread "AWT-Shutdown" [_thread_blocked, id=31710, stack(0x00007f93d86b4000,0x00007f93d87b5000)]
  0x0000000040bd8000 JavaThread "AWT-XAWT" daemon [_thread_blocked, id=31709, stack(0x00007f93d89d4000,0x00007f93d8ad5000)]
  0x00007f93e0201000 JavaThread "Java2D Disposer" daemon [_thread_blocked, id=31708, stack(0x00007f93d8ad5000,0x00007f93d8bd6000)]
  