#
# A fatal error has been detected by the Java Runtime Environment:
#
#  SIGSEGV (0xb) at pc=0x00007f26653475ea, pid=31051, tid=139802894976768
#
# JRE version: 6.0_32-b05
# Java VM: Java HotSpot(TM) 64-Bit Server VM (20.7-b02 mixed mode linux-amd64 compressed oops)
# Problematic frame:
# C  [libGL.so.1+0x775ea]  __float128+0xb11a
#
# If you would like to submit a bug report, please visit:
#   http://java.sun.com/webapps/bugreport/crash.jsp
# The crash happened outside the Java Virtual Machine in native code.
# See problematic frame for where to report the bug.
#

---------------  T H R E A D  ---------------

Current thread (0x00007f266c392800):  JavaThread "AWT-EventQueue-0" [_thread_in_native, id=31086, stack(0x00007f2665d4c000,0x00007f2665e4d000)]

siginfo:si_signo=SIGSEGV: si_errno=0, si_code=1 (SEGV_MAPERR), si_addr=0x0000000041a21000

Registers:
RAX=0x0000000041a21000, RBX=0x0000000000000000, RCX=0x00007f265ffff180, RDX=0x00007f26600abf01
RSP=0x00007f2665e49b40, RBP=0x00007f266010aa68, RSI=0x00007f26655bf1e0, RDI=0x00007f26655a3d60
R8 =0x00007f26655bff40, R9 =0x000000000000796e, R10=0x00007f2669016b28, R11=0x0000000000000206
R12=0x00007f26655a3d60, R13=0x0000000040b5e3f0, R14=0x00007f2665345da0, R15=0x0000000005a0002b
RIP=0x00007f26653475ea, EFLAGS=0x0000000000010202, CSGSFS=0x0000000000000033, ERR=0x0000000000000004
  TRAPNO=0x000000000000000e

Top of Stack: (sp=0x00007f2665e49b40)
0x00007f2665e49b40:   3ff0000000000000 000000006901733e
0x00007f2665e49b50:   0000000005a0002b 0000000100006620
0x00007f2665e49b60:   0000000000000000 0000000165e49b68
0x00007f2665e49b70:   0000000000000000 00007f2665e49bd8
0x00007f2665e49b80:   000000009d8d4228 0000000000000000
0x00007f2665e49b90:   000000009d8d09d0 0000000000000000
0x00007f2665e49ba0:   00007f2665e49bc8 00007f2665e49c20
0x00007f2665e49bb0:   00007f2669005a33 000000009ea173a0
0x00007f2665e49bc0:   00007f2665e49c30 0000000000000000
0x00007f2665e49bd0:   000000009ea173a0 00007f2665e49d00
0x00007f2665e49be0:   00007f266c392800 00007f2664f2e3d7
0x00007f2665e49bf0:   00007f2665e49c38 00007f266010aa68
0x00007f2665e49c00:   0000000005a0002b 0000000040b5e3f0
0x00007f2665e49c10:   00007f2665e49cc8 00007f266c3929d0
0x00007f2665e49c20:   00007f2665e49c80 00007f2669005a33
0x00007f2665e49c30:   00007f2665e49cb8 00007f2669016b55
0x00007f2665e49c40:   00007f2665e49c40 000000009ea38b6d
0x00007f2665e49c50:   00007f2665e49c98 000000009ea39838
0x00007f2665e49c60:   0000000000000000 000000009ea38b78
0x00007f2665e49c70:   0000000000000000 00007f2665e49c78
0x00007f2665e49c80:   0000000000000000 00007f2665e49d00
0x00007f2665e49c90:   000000009ea1eed8 0000000000000000
0x00007f2665e49ca0:   000000009ea173a0 0000000000000000
0x00007f2665e49cb0:   00007f2665e49cd8 00007f2665e49d48
0x00007f2665e49cc0:   00007f26690058da 000000009ea1c390
0x00007f2665e49cd0:   00007f2669012280 00007f266010aa68
0x00007f2665e49ce0:   00007f2665e49d48 0000000005a0002b
0x00007f2665e49cf0:   00000000a396a418 0000000040b5e3f0
0x00007f2665e49d00:   00000000a396a418 00007f2665e49d08
0x00007f2665e49d10:   000000009e9ee9e6 00007f2665e49d60
0x00007f2665e49d20:   000000009ea5c8e8 0000000000000000
0x00007f2665e49d30:   000000009e9eea88 00007f2665e49cd8 

Instructions: (pc=0x00007f26653475ea)
0x00007f26653475ca:   8b 85 84 08 00 00 85 c0 0f 95 c2 4d 85 ff 0f 95
0x00007f26653475da:   c0 84 c2 74 21 48 8b 85 c8 08 00 00 48 8b 40 40
0x00007f26653475ea:   48 8b 00 f7 80 f8 c3 03 00 00 00 00 4e 0f 85 1d
0x00007f26653475fa:   04 00 00 0f 1f 00 4d 85 f6 0f 84 37 01 00 00 31 

Register to memory mapping:

RAX=0x0000000041a21000 is an unknown value
RBX=0x0000000000000000 is an unknown value
RCX=0x00007f265ffff180: _nv018glcore+0 in /usr/lib/nvidia-current/libnvidia-glcore.so.260.19.06 at 0x00007f265e427000
RDX=0x00007f26600abf01 is an unknown value
RSP=0x00007f2665e49b40 is pointing into the stack for thread: 0x00007f266c392800
RBP=0x00007f266010aa68 is an unknown value
RSI=0x00007f26655bf1e0: <offset 0x2ef1e0> in /usr/lib/nvidia-current/libGL.so.1 at 0x00007f26652d0000
RDI=0x00007f26655a3d60: <offset 0x2d3d60> in /usr/lib/nvidia-current/libGL.so.1 at 0x00007f26652d0000
R8 =0x00007f26655bff40: <offset 0x2eff40> in /usr/lib/nvidia-current/libGL.so.1 at 0x00007f26652d0000
R9 =0x000000000000796e is an unknown value
R10=0x00007f2669016b28 is an Interpreter codelet
method entry point (kind = native)  [0x00007f2669016680, 0x00007f2669017480]  3584 bytes
R11=0x0000000000000206 is an unknown value
R12=0x00007f26655a3d60: <offset 0x2d3d60> in /usr/lib/nvidia-current/libGL.so.1 at 0x00007f26652d0000
R13=0x0000000040b5e3f0 is an unknown value
R14=0x00007f2665345da0: <offset 0x75da0> in /usr/lib/nvidia-current/libGL.so.1 at 0x00007f26652d0000
R15=0x0000000005a0002b is an unknown value


Stack: [0x00007f2665d4c000,0x00007f2665e4d000],  sp=0x00007f2665e49b40,  free space=1014k
Native frames: (J=compiled Java code, j=interpreted, Vv=VM code, C=native code)
C  [libGL.so.1+0x775ea]  __float128+0xb11a

Java frames: (J=compiled Java code, j=interpreted, Vv=VM code)
j  com.sun.opengl.impl.x11.GLX.glXMakeCurrent(JJJ)Z+0
j  com.sun.opengl.impl.x11.X11GLContext.makeCurrentImpl()I+78
j  com.sun.opengl.impl.x11.X11OnscreenGLContext.makeCurrentImpl()I+32
j  com.sun.opengl.impl.GLContextImpl.makeCurrent()I+56
j  com.sun.opengl.impl.GLDrawableHelper.invokeGL(Ljavax/media/opengl/GLDrawable;Ljavax/media/opengl/GLContext;Ljava/lang/Runnable;Ljava/lang/Runnable;)V+308
j  javax.media.opengl.GLCanvas.maybeDoSingleThreadedWorkaround(Ljava/lang/Runnable;Ljava/lang/Runnable;)V+36
j  javax.media.opengl.GLCanvas.display()V+9
j  javax.media.opengl.GLCanvas.paint(Ljava/awt/Graphics;)V+125
j  javax.media.opengl.GLCanvas.update(Ljava/awt/Graphics;)V+2
j  sun.awt.RepaintArea.updateComponent(Ljava/awt/Component;Ljava/awt/Graphics;)V+6
j  sun.awt.X11.XRepaintArea.updateComponent(Ljava/awt/Component;Ljava/awt/Graphics;)V+23
j  sun.awt.RepaintArea.paint(Ljava/lang/Object;Z)V+263
j  sun.awt.X11.XComponentPeer.handleEvent(Ljava/awt/AWTEvent;)V+224
j  java.awt.Component.dispatchEventImpl(Ljava/awt/AWTEvent;)V+861
j  java.awt.Component.dispatchEvent(Ljava/awt/AWTEvent;)V+2
j  java.awt.EventQueue.dispatchEventImpl(Ljava/awt/AWTEvent;Ljava/lang/Object;)V+41
j  java.awt.EventQueue.access$000(Ljava/awt/EventQueue;Ljava/awt/AWTEvent;Ljava/lang/Object;)V+3
j  java.awt.EventQueue$1.run()Ljava/lang/Void;+12
j  java.awt.EventQueue$1.run()Ljava/lang/Object;+1
v  ~StubRoutines::call_stub
j  java.security.AccessController.doPrivileged(Ljava/security/PrivilegedAction;Ljava/security/AccessControlContext;)Ljava/lang/Object;+0
j  java.security.AccessControlContext$1.doIntersectionPrivilege(Ljava/security/PrivilegedAction;Ljava/security/AccessControlContext;Ljava/security/AccessControlContext;)Ljava/lang/Object;+28
j  java.security.AccessControlContext$1.doIntersectionPrivilege(Ljava/security/PrivilegedAction;Ljava/security/AccessControlContext;)Ljava/lang/Object;+6
j  java.awt.EventQueue$2.run()Ljava/lang/Void;+11
j  java.awt.EventQueue$2.run()Ljava/lang/Object;+1
v  ~StubRoutines::call_stub
j  java.security.AccessController.doPrivileged(Ljava/security/PrivilegedAction;Ljava/security/AccessControlContext;)Ljava/lang/Object;+0
j  java.security.AccessControlContext$1.doIntersectionPrivilege(Ljava/security/PrivilegedAction;Ljava/security/AccessControlContext;Ljava/security/AccessControlContext;)Ljava/lang/Object;+28
j  java.awt.EventQueue.dispatchEvent(Ljava/awt/AWTEvent;)V+73
j  java.awt.EventDispatchThread.pumpOneEventForFilters(I)Z+204
j  java.awt.EventDispatchThread.pumpEventsForFilter(ILjava/awt/Conditional;Ljava/awt/EventFilter;)V+30
j  java.awt.EventDispatchThread.pumpEventsForHierarchy(ILjava/awt/Conditional;Ljava/awt/Component;)V+11
j  java.awt.EventDispatchThread.pumpEvents(ILjava/awt/Conditional;)V+4
j  java.awt.EventDispatchThread.pumpEvents(Ljava/awt/Conditional;)V+3
j  java.awt.EventDispatchThread.run()V+9
v  ~StubRoutines::call_stub

---------------  P R O C E S S  ---------------

Java Threads: ( => current thread )
  0x00007f2660158000 JavaThread "NetPlotter" [_thread_blocked, id=31096, stack(0x00007f26649d4000,0x00007f2664ad5000)]
  0x00007f266014a000 JavaThread "Timer-0" daemon [_thread_blocked, id=31095, stack(0x00007f266577b000,0x00007f266587c000)]
  0x00007f266002c000 JavaThread "TimerQueue" daemon [_thread_blocked, id=31094, stack(0x00007f266587c000,0x00007f266597d000)]
  0x00007f266c2fe800 JavaThread "Thread-1" [_thread_in_Java, id=31088, stack(0x00007f2665a7e000,0x00007f2665b7f000)]
  0x00007f266c259000 JavaThread "DestroyJavaVM" [_thread_blocked, id=31057, stack(0x00007f26739a5000,0x00007f2673aa6000)]
  0x0000000040f4e800 JavaThread "org.netbeans.modules.debugger.jpda.visual AWT Access Loop" daemon [_thread_blocked, id=31087, stack(0x00007f2665c4b000,0x00007f2665d4c000)]
=>0x00007f266c392800 JavaThread "AWT-EventQueue-0" [_thread_in_native, id=31086, stack(0x00007f2665d4c000,0x00007f2665e4d000)]
  0x00007f266c32c800 JavaThread "AWT-Shutdown" [_thread_blocked, id=31085, stack(0x00007f2665e4d000,0x00007f2665f4e000)]
  0x0000000040f1e800 JavaThread "AWT-XAWT" daemon [_thread_blocked, id=31084, stack(0x00007f266616d000,0x00007f266626e000)]
  0x0000000040bda000 JavaThread "Java2D Disposer" daemon [_thread_blocked, id=31083, stack(0x00007f266626e000,0x00007f266636f000)]
  0x00007f266c140800 JavaThread "Low Memory Detector" daemon [_thread_blocked, id=31081, stack(0x00007f2666d43000,0x00007f2666e44000)]
  0x00007f266c13e000 JavaThread "C2 CompilerThread1" daemon [_thread_blocked, id=31080, stack(0x00007f2666e44000,0x00007f2666f45000)]
  0x00007f266c13b800 JavaThread "C2 CompilerThread0" daemon [_thread_blocked, id=31079, stack(0x00007f2666f45000,0x00007f2667046000)]
  0x00007f266c135000 JavaThread "JDWP Event Helper Thread" daemon [_thread_blocked, id=31075, stack(0x00007f2667147000,0x00007f2667248000)]
  0x00007f266c131800 JavaThread "JDWP Transport Listener: dt_socket" daemon [_thread_in_native, id=31073, stack(0x00007f2667248000,0x00007f2667349000)]
  0x00007f266c125800 JavaThread "Signal Dispatcher" daemon [_thread_blocked, id=31072, stack(0x00007f266744d000,0x00007f266754e000)]
  0x00007f266c10a000 JavaThread "Finalizer" daemon [_thread_blocked, id=31071, stack(0x00007f266754e000,0x00007f266764f000)]
  0x00007f266c108800 JavaThread "Reference Handler" daemon [_thread_blocked, id=31070, stack(0x00007f266764f000,0x00007f2667750000)]

Other Threads:
  0x00007f266c101800 VMThread [stack: 0x00007f2667750000,0x00007f2667851000] [id=31069]
  0x00007f266c153800 WatcherThread [stack: 0x00007f2666c42000,0x00007f2666d43000] [id=31082]

VM state:not at safepoint (normal execution)

VM Mutex/Monitor currently owned by a thread: None

Heap
 PSYoungGen      total 239872K, used 13154K [0x00000000e0e00000, 0x00000000f1070000, 0x0000000100000000)
  eden space 217792K, 2% used [0x00000000e0e00000,0x00000000e1248b28,0x00000000ee2b0000)
  from space 22080K, 39% used [0x00000000efae0000,0x00000000f0370000,0x00000000f1070000)
  to   space 23424K, 0% used [0x00000000ee2b0000,0x00000000ee2b0000,0x00000000ef990000)
 PSOldGen        total 70400K, used 27202K [0x00000000a2a00000, 0x00000000a6ec0000, 0x00000000e0e00000)
  object space 70400K, 38% used [0x00000000a2a00000,0x00000000a4490ad0,0x00000000a6ec0000)
 PSPermGen       total 44224K, used 22283K [0x000000009d800000, 0x00000000a0330000, 0x00000000a2a00000)
  object space 44224K, 50% used [0x000000009d800000,0x000000009edc2c78,0x00000000a0330000)

Code Cache  [0x00007f2669000000, 0x00007f2669270000, 0x00007f266c000000)
 total_blobs=1073 nmethods=322 adapters=713 free_code_cache=48914752 largest_free_block=7104

Dynamic libraries:
40000000-40009000 r-xp 00000000 08:08 5900415                            /users/oconnorp/Programs/jdk1.6.0_32/jre/bin/java
40108000-4010a000 rwxp 00008000 08:08 5900415                            /users/oconnorp/Programs/jdk1.6.0_32/jre/bin/java
409e7000-412e8000 rwxp 00000000 00:00 0                                  [heap]
9d800000-a0330000 rwxp 00000000 00:00 0 
a0330000-a2a00000 rwxp 00000000 00:00 0 
a2a00000-a6ec0000 rwxp 00000000 00:00 0 
a6ec0000-e0e00000 rwxp 00000000 00:00 0 
e0e00000-f1070000 rwxp 00000000 00:00 0 
f1070000-f12e0000 ---p 00000000 00:00 0 
f12e0000-100000000 rwxp 00000000 00:00 0 
7f265cdf1000-7f265e011000 rwxp 00000000 00:00 0 
7f265e0cc000-7f265e1cc000 rwxp 00000000 00:00 0 
7f265e427000-7f265f80f000 r-xp 00000000 08:02 666465                     /usr/lib/nvidia-current/libnvidia-glcore.so.260.19.06
7f265f80f000-7f265fa0e000 ---p 013e8000 08:02 666465                     /usr/lib/nvidia-current/libnvidia-glcore.so.260.19.06
7f265fa0e000-7f265ffea000 rwxp 013e7000 08:02 666465                     /usr/lib/nvidia-current/libnvidia-glcore.so.260.19.06
7f265ffea000-7f2660000000 rwxp 00000000 00:00 0 
7f2660000000-7f26605a5000 rwxp 00000000 00:00 0 
7f26605a5000-7f2664000000 ---p 00000000 00:00 0 
7f266408f000-7f266428f000 rwxs 37981000 00:05 8204                       /dev/nvidia0
7f2664458000-7f26649d4000 rwxs 00000000 00:04 66256924                   /SYSV00000000 (deleted)
7f26649d4000-7f26649d7000 ---p 00000000 00:00 0 
7f26649d7000-7f2664ad5000 rwxp 00000000 00:00 0 
7f2664ad5000-7f2664ad7000 r-xp 00000000 08:08 9176684                    /users/oconnorp/Desktop/Dropbox/J/JSpikeStackMod/JSpikeStack/jars/libjogl_awt.so
7f2664ad7000-7f2664bd6000 ---p 00002000 08:08 9176684                    /users/oconnorp/Desktop/Dropbox/J/JSpikeStackMod/JSpikeStack/jars/libjogl_awt.so
7f2664bd6000-7f2664bd7000 rwxp 00001000 08:08 9176684                    /users/oconnorp/Desktop/Dropbox/J/JSpikeStackMod/JSpikeStack/jars/libjogl_awt.so
7f2664bd7000-7f2664bd8000 r-xp 00000000 08:08 5901041                    /users/oconnorp/Programs/jdk1.6.0_32/jre/lib/amd64/libjawt.so
7f2664bd8000-7f2664cd7000 ---p 00001000 08:08 5901041                    /users/oconnorp/Programs/jdk1.6.0_32/jre/lib/amd64/libjawt.so
7f2664cd7000-7f2664cd8000 rwxp 00000000 08:08 5901041                    /users/oconnorp/Programs/jdk1.6.0_32/jre/lib/amd64/libjawt.so
7f2664cd8000-7f2664cdd000 r-xp 00000000 08:02 526129                     /usr/lib/libXxf86vm.so.1.0.0
7f2664cdd000-7f2664edc000 ---p 00005000 08:02 526129                     /usr/lib/libXxf86vm.so.1.0.0
7f2664edc000-7f2664edd000 r-xp 00004000 08:02 526129                     /usr/lib/libXxf86vm.so.1.0.0
7f2664edd000-7f2664ede000 rwxp 00005000 08:02 526129                     /usr/lib/libXxf86vm.so.1.0.0
7f2664ede000-7f2664fcd000 r-xp 00000000 08:08 9176677                    /users/oconnorp/Desktop/Dropbox/J/JSpikeStackMod/JSpikeStack/jars/libjogl.so
7f2664fcd000-7f26650cd000 ---p 000ef000 08:08 9176677                    /users/oconnorp/Desktop/Dropbox/J/JSpikeStackMod/JSpikeStack/jars/libjogl.so
7f26650cd000-7f26650ce000 rwxp 000ef000 08:08 9176677                    /users/oconnorp/Desktop/Dropbox/J/JSpikeStackMod/JSpikeStack/jars/libjogl.so
7f26650ce000-7f26650cf000 r-xp 00000000 08:02 666460                     /usr/lib/nvidia-current/tls/libnvidia-tls.so.260.19.06
7f26650cf000-7f26652cf000 ---p 00001000 08:02 666460                     /usr/lib/nvidia-current/tls/libnvidia-tls.so.260.19.06
7f26652cf000-7f26652d0000 rwxp 00001000 08:02 666460                     /usr/lib/nvidia-current/tls/libnvidia-tls.so.260.19.06
7f26652d0000-7f2665387000 r-xp 00000000 08:02 666455                     /usr/lib/nvidia-current/libGL.so.260.19.06
7f2665387000-7f2665587000 ---p 000b7000 08:02 666455                     /usr/lib/nvidia-current/libGL.so.260.19.06
7f2665587000-7f26655bf000 rwxp 000b7000 08:02 666455                     /usr/lib/nvidia-current/libGL.so.260.19.06
7f26655bf000-7f26655d5000 rwxp 00000000 00:00 0 
7f26655d5000-7f26655d6000 r-xp 00000000 08:08 9176675                    /users/oconnorp/Desktop/Dropbox/J/JSpikeStackMod/JSpikeStack/jars/libgluegen-rt.so
7f26655d6000-7f26656d5000 ---p 00001000 08:08 9176675                    /users/oconnorp/Desktop/Dropbox/J/JSpikeStackMod/JSpikeStack/jars/libgluegen-rt.so
7f26656d5000-7f26656d6000 rwxp 00000000 08:08 9176675                    /users/oconnorp/Desktop/Dropbox/J/JSpikeStackMod/JSpikeStack/jars/libgluegen-rt.so
7f266577b000-7f266577e000 ---p 00000000 00:00 0 
7f266577e000-7f266587c000 rwxp 00000000 00:00 0 
7f266587c000-7f266587f000 ---p 00000000 00:00 0 
7f266587f000-7f266597d000 rwxp 00000000 00:00 0 
7f266597d000-7f2665980000 ---p 00000000 00:00 0 
7f2665980000-7f2665a7e000 rwxp 00000000 00:00 0 
7f2665a7e000-7f2665a81000 ---p 00000000 00:00 0 
7f2665a81000-7f2665b7f000 rwxp 00000000 00:00 0 
7f2665b7f000-7f2665b80000 r-xs 00000000 08:02 1706781                    /var/cache/fontconfig/c05880de57d1f5e948fdfacc138775d9-le64.cache-3
7f2665b80000-7f2665b89000 r-xs 00000000 08:02 1706778                    /var/cache/fontconfig/945677eb7aeaf62f1d50efc3fb3ec7d8-le64.cache-3
7f2665c4b000-7f2665c4e000 ---p 00000000 00:00 0 
7f2665c4e000-7f2665d4c000 rwxp 00000000 00:00 0 
7f2665d4c000-7f2665d4f000 ---p 00000000 00:00 0 
7f2665d4f000-7f2665e4d000 rwxp 00000000 00:00 0 
7f2665e4d000-7f2665e50000 ---p 00000000 00:00 0 
7f2665e50000-7f2665f4e000 rwxp 00000000 00:00 0 
7f2665f4e000-7f2665f55000 r-xp 00000000 08:08 5901017                    /users/oconnorp/Programs/jdk1.6.0_32/jre/lib/amd64/libnio.so
7f2665f55000-7f2666054000 ---p 00007000 08:08 5901017                    /users/oconnorp/Programs/jdk1.6.0_32/jre/lib/amd64/libnio.so
7f2666054000-7f2666056000 rwxp 00006000 08:08 5901017                    /users/oconnorp/Programs/jdk1.6.0_32/jre/lib/amd64/libnio.so
7f2666056000-7f2666069000 r-xp 00000000 08:08 5901016                    /users/oconnorp/Programs/jdk1.6.0_32/jre/lib/amd64/libnet.so
7f2666069000-7f266616a000 ---p 00013000 08:08 5901016                    /users/oconnorp/Programs/jdk1.6.0_32/jre/lib/amd64/libnet.so
7f266616a000-7f266616d000 rwxp 00014000 08:08 5901016                    /users/oconnorp/Programs/jdk1.6.0_32/jre/lib/amd64/libnet.so
7f266616d000-7f2666170000 ---p 00000000 00:00 0 
7f2666170000-7f266626e000 rwxp 00000000 00:00 0 
7f266626e000-7f2666271000 ---p 00000000 00:00 0 
7f2666271000-7f266636f000 rwxp 00000000 00:00 0 
7f266636f000-7f26663e8000 r-xp 00000000 08:08 5901025                    /users/oconnorp/Programs/jdk1.6.0_32/jre/lib/amd64/libfontmanager.so
7f26663e8000-7f26664e7000 ---p 00079000 08:08 5901025                    /users/oconnorp/Programs/jdk1.6.0_32/jre/lib/amd64/libfontmanager.so
7f26664e7000-7f26664fc000 rwxp 00078000 08:08 5901025                    /users/oconnorp/Programs/jdk1.6.0_32/jre/lib/amd64/libfontmanager.so
7f26664fc000-7f266650e000 rwxp 00000000 00:00 0 
7f266650e000-7f266651c000 r-xp 00000000 08:02 526099                     /usr/lib/libXi.so.6.1.0
7f266651c000-7f266671c000 ---p 0000e000 08:02 526099                     /usr/lib/libXi.so.6.1.0
7f266671c000-7f266671d000 r-xp 0000e000 08:02 526099                     /usr/lib/libXi.so.6.1.0
7f266671d000-7f266671e000 rwxp 0000f000 08:02 526099                     /usr/lib/libXi.so.6.1.0
7f266671e000-7f2666723000 r-xp 00000000 08:02 526119                     /usr/lib/libXtst.so.6.1.0
7f2666723000-7f2666923000 ---p 00005000 08:02 526119                     /usr/lib/libXtst.so.6.1.0
7f2666923000-7f2666924000 r-xp 00005000 08:02 526119                     /usr/lib/libXtst.so.6.1.0
7f2666924000-7f2666925000 rwxp 00006000 08:02 526119                     /usr/lib/libXtst.so.6.1.0
7f2666925000-7f2666967000 r-xp 00000000 08:08 5901014                    /users/oconnorp/Programs/jdk1.6.0_32/jre/lib/amd64/xawt/libmawt.so
7f2666967000-7f2666a66000 ---p 00042000 08:08 5901014                    /users/oconnorp/Programs/jdk1.6.0_32/jre/lib/amd64/xawt/libmawt.so
7f2666a66000-7f2666a72000 rwxp 00041000 08:08 5901014                    /users/oconnorp/Programs/jdk1.6.0_32/jre/lib/amd64/xawt/libmawt.so
7f2666a72000-7f2666a73000 rwxp 00000000 00:00 0 
7f2666a73000-7f2666b05000 r-xp 00000000 08:08 5901061                    /users/oconnorp/Programs/jdk1.6.0_32/jre/lib/amd64/libawt.so
7f2666b05000-7f2666c04000 ---p 00092000 08:08 5901061                    /users/oconnorp/Programs/jdk1.6.0_32/jre/lib/amd64/libawt.so
7f2666c04000-7f2666c1e000 rwxp 00091000 08:08 5901061                    /users/oconnorp/Programs/jdk1.6.0_32/jre/lib/amd64/libawt.so
7f2666c1e000-7f2666c42000 rwxp 00000000 00:00 0 
7f2666c42000-7f2666c43000 ---p 00000000 00:00 0 
7f2666c43000-7f2666d43000 rwxp 00000000 00:00 0 
7f2666d43000-7f2666d46000 ---p 00000000 00:00 0 
7f2666d46000-7f2666e44000 rwxp 00000000 00:00 0 
7f2666e44000-7f2666e47000 ---p 00000000 00:00 0 
7f2666e47000-7f2666f45000 rwxp 00000000 00:00 0 
7f2666f45000-7f2666f48000 ---p 00000000 00:00 0 
7f2666f48000-7f2667046000 rwxp 00000000 00:00 0 
7f2667046000-7f2667049000 ---p 00000000 00:00 0 
7f2667049000-7f2667147000 rwxp 00000000 00:00 0 
7f2667147000-7f266714a000 ---p 00000000 00:00 0 
7f266714a000-7f2667248000 rwxp 00000000 00:00 0 
7f2667248000-7f266724b000 ---p 00000000 00:00 0 
7f266724b000-7f2667349000 rwxp 00000000 00:00 0 
7f2667349000-7f266734c000 r-xp 00000000 08:08 5901052                    /users/oconnorp/Programs/jdk1.6.0_32/jre/lib/amd64/libdt_socket.so
7f266734c000-7f266744b000 ---p 00003000 08:08 5901052                    /users/oconnorp/Programs/jdk1.6.0_32/jre/lib/amd64/libdt_socket.so
7f266744b000-7f266744d000 rwxp 00002000 08:08 5901052                    /users/oconnorp/Programs/jdk1.6.0_32/jre/lib/amd64/libdt_socket.so
7f266744d000-7f2667450000 ---p 00000000 00:00 0 
7f2667450000-7f266754e000 rwxp 00000000 00:00 0 
7f266754e000-7f2667551000 ---p 00000000 00:00 0 
7f2667551000-7f266764f000 rwxp 00000000 00:00 0 
7f266764f000-7f2667652000 ---p 00000000 00:00 0 
7f2667652000-7f2667750000 rwxp 00000000 00:00 0 
7f2667750000-7f2667751000 ---p 00000000 00:00 0 
7f2667751000-7f266815a000 rwxp 00000000 00:00 0 
7f266815a000-7f26682f1000 r-xs 03079000 08:08 5901816                    /users/oconnorp/Programs/jdk1.6.0_32/jre/lib/rt.jar
7f26682f1000-7f26682f2000 ---p 00000000 00:00 0 
7f26682f2000-7f26683f2000 rwxp 00000000 00:00 0 
7f26683f2000-7f26683f3000 ---p 00000000 00:00 0 
7f26683f3000-7f26684f3000 rwxp 00000000 00:00 0 
7f26684f3000-7f26684f4000 ---p 00000000 00:00 0 
7f26684f4000-7f26685f4000 rwxp 00000000 00:00 0 
7f26685f4000-7f26685f5000 ---p 00000000 00:00 0 
7f26685f5000-7f26686f5000 rwxp 00000000 00:00 0 
7f26686f5000-7f26686f6000 ---p 00000000 00:00 0 
7f26686f6000-7f26687f6000 rwxp 00000000 00:00 0 
7f26687f6000-7f26687f7000 ---p 00000000 00:00 0 
7f26687f7000-7f26688f7000 rwxp 00000000 00:00 0 
7f26688f7000-7f26688f8000 ---p 00000000 00:00 0 
7f26688f8000-7f26689f8000 rwxp 00000000 00:00 0 
7f26689f8000-7f26689f9000 ---p 00000000 00:00 0 
7f26689f9000-7f2668b1c000 rwxp 00000000 00:00 0 
7f2668b1c000-7f2668ceb000 rwxp 00000000 00:00 0 
7f2668ceb000-7f2668d01000 rwxp 00000000 00:00 0 
7f2668d01000-7f2668d14000 rwxp 00000000 00:00 0 
7f2668d14000-7f2668d37000 rwxp 00000000 00:00 0 
7f2668d37000-7f2668f06000 rwxp 00000000 00:00 0 
7f2668f06000-7f2668f88000 rwxp 00000000 00:00 0 
7f2668f88000-7f2668f89000 ---p 00000000 00:00 0 
7f2668f89000-7f2668fff000 rwxp 00000000 00:00 0 
7f2668fff000-7f2669270000 rwxp 00000000 00:00 0 
7f2669270000-7f266c6e9000 rwxp 00000000 00:00 0 
7f266c6e9000-7f2670000000 ---p 00000000 00:00 0 
7f2670000000-7f2670003000 r-xs 00000000 08:02 1706788                    /var/cache/fontconfig/e383d7ea5fbe662a33d9b44caf393297-le64.cache-3
7f2670003000-7f2670006000 r-xs 00000000 08:02 1704604                    /var/cache/fontconfig/2cd17615ca594fa2959ae173292e504c-le64.cache-3
7f2670006000-7f2670007000 r-xs 00000000 08:02 1706789                    /var/cache/fontconfig/e7071f4a29fa870f4323321c154eba04-le64.cache-3
7f2670007000-7f267000a000 r-xs 00000000 08:02 1704494                    /var/cache/fontconfig/b5ea634b0fb353b8ea17632d1f9ef766-le64.cache-3
7f267000a000-7f267000e000 r-xs 00000000 08:02 1706775                    /var/cache/fontconfig/6eb3985aa4124903f6ff08ba781cd364-le64.cache-3
7f267000e000-7f267000f000 r-xs 00000000 08:02 1706771                    /var/cache/fontconfig/4c73fe0c47614734b17d736dbde7580a-le64.cache-3
7f267000f000-7f2670010000 r-xs 00000000 08:02 1706764                    /var/cache/fontconfig/0d8c3b2ac0904cb8a57a757ad11a4a08-le64.cache-3
7f2670010000-7f2670011000 r-xs 00000000 08:02 1706773                    /var/cache/fontconfig/6a53c69dea097a2d716e069445527da8-le64.cache-3
7f2670011000-7f2670017000 r-xs 00000000 08:02 1706780                    /var/cache/fontconfig/a755afe4a08bf5b97852ceb7400b47bc-le64.cache-3
7f2670017000-7f2670020000 r-xs 00000000 08:02 1704816                    /var/cache/fontconfig/6d41288fd70b0be22e8c3a91e032eec0-le64.cache-3
7f2670020000-7f2670030000 r-xs 00000000 08:02 1706765                    /var/cache/fontconfig/0f34bcd4b6ee430af32735b75db7f02b-le64.cache-3
7f2670030000-7f2670033000 r-xs 00000000 08:02 1706785                    /var/cache/fontconfig/d60319d88cac85ba9e1a07bd06cfbb8c-le64.cache-3
7f2670033000-7f2670034000 r-xs 00000000 08:02 1706423                    /var/cache/fontconfig/4794a0821666d79190d59a36cb4f44b5-le64.cache-3
7f2670034000-7f267003e000 r-xs 00000000 08:02 1706784                    /var/cache/fontconfig/d52a8644073d54c13679302ca1180695-le64.cache-3
7f267003e000-7f2670051000 r-xs 00000000 08:02 1703478                    /var/cache/fontconfig/e13b20fdb08344e0e664864cc2ede53d-le64.cache-3
7f2670051000-7f2670055000 r-xs 00000000 08:02 1704562                    /var/cache/fontconfig/7ef2298fde41cc6eeb7af42e48b7d293-le64.cache-3
7f2670055000-7f2670069000 r-xs 00000000 08:02 1717119                    /var/cache/fontconfig/865f88548240fee46819705c6468c165-le64.cache-3
7f2670069000-7f2670079000 r-xs 00155000 08:08 9176682                    /users/oconnorp/Desktop/Dropbox/J/JSpikeStackMod/JSpikeStack/jars/jfreechart-1.0.14.jar
7f2670079000-7f267008f000 rwxp 00000000 00:00 0 
7f267008f000-7f26700a2000 rwxp 00000000 00:00 0 
7f26700a2000-7f26700b0000 r-xp 00000000 08:08 5901027                    /users/oconnorp/Programs/jdk1.6.0_32/jre/lib/amd64/libzip.so
7f26700b0000-7f26701b2000 ---p 0000e000 08:08 5901027                    /users/oconnorp/Programs/jdk1.6.0_32/jre/lib/amd64/libzip.so
7f26701b2000-7f26701b5000 rwxp 00010000 08:08 5901027                    /users/oconnorp/Programs/jdk1.6.0_32/jre/lib/amd64/libzip.so
7f26701b5000-7f26701b6000 rwxp 00000000 00:00 0 
7f26701b6000-7f26701bb000 r-xp 00000000 08:02 1458517                    /lib/libnss_dns-2.12.1.so
7f26701bb000-7f26703ba000 ---p 00005000 08:02 1458517                    /lib/libnss_dns-2.12.1.so
7f26703ba000-7f26703bb000 r-xp 00004000 08:02 1458517                    /lib/libnss_dns-2.12.1.so
7f26703bb000-7f26703bc000 rwxp 00005000 08:02 1458517                    /lib/libnss_dns-2.12.1.so
7f26703bc000-7f26703be000 r-xp 00000000 08:02 1439093                    /lib/libnss_mdns4_minimal.so.2
7f26703be000-7f26705bd000 ---p 00002000 08:02 1439093                    /lib/libnss_mdns4_minimal.so.2
7f26705bd000-7f26705be000 r-xp 00001000 08:02 1439093                    /lib/libnss_mdns4_minimal.so.2
7f26705be000-7f26705bf000 rwxp 00002000 08:02 1439093                    /lib/libnss_mdns4_minimal.so.2
7f26705bf000-7f26705c2000 r-xp 00000000 08:02 1439061                    /lib/libgpg-error.so.0.4.0
7f26705c2000-7f26707c1000 ---p 00003000 08:02 1439061                    /lib/libgpg-error.so.0.4.0
7f26707c1000-7f26707c2000 r-xp 00002000 08:02 1439061                    /lib/libgpg-error.so.0.4.0
7f26707c2000-7f26707c3000 rwxp 00003000 08:02 1439061                    /lib/libgpg-error.so.0.4.0
7f26707c3000-7f2670837000 r-xp 00000000 08:02 1439057                    /lib/libgcrypt.so.11.5.3
7f2670837000-7f2670a37000 ---p 00074000 08:02 1439057                    /lib/libgcrypt.so.11.5.3
7f2670a37000-7f2670a38000 r-xp 00074000 08:02 1439057                    /lib/libgcrypt.so.11.5.3
7f2670a38000-7f2670a3b000 rwxp 00075000 08:02 1439057                    /lib/libgcrypt.so.11.5.3
7f2670a3b000-7f2670a51000 r-xp 00000000 08:02 1439170                    /lib/libz.so.1.2.3.4
7f2670a51000-7f2670c51000 ---p 00016000 08:02 1439170                    /lib/libz.so.1.2.3.4
7f2670c51000-7f2670c52000 r-xp 00016000 08:02 1439170                    /lib/libz.so.1.2.3.4
7f2670c52000-7f2670c53000 rwxp 00017000 08:02 1439170                    /lib/libz.so.1.2.3.4
7f2670c53000-7f2670c63000 r-xp 00000000 08:02 526942                     /usr/lib/libtasn1.so.3.1.9
7f2670c63000-7f2670e62000 ---p 00010000 08:02 526942                     /usr/lib/libtasn1.so.3.1.9
7f2670e62000-7f2670e63000 r-xp 0000f000 08:02 526942                     /usr/lib/libtasn1.so.3.1.9
7f2670e63000-7f2670e64000 rwxp 00010000 08:02 526942                     /usr/lib/libtasn1.so.3.1.9
7f2670e64000-7f2670e66000 r-xp 00000000 08:02 1439069                    /lib/libkeyutils.so.1.3
7f2670e66000-7f2671065000 ---p 00002000 08:02 1439069                    /lib/libkeyutils.so.1.3
7f2671065000-7f2671066000 r-xp 00001000 08:02 1439069                    /lib/libkeyutils.so.1.3
7f2671066000-7f2671067000 rwxp 00002000 08:02 1439069                    /lib/libkeyutils.so.1.3
7f2671067000-7f267106e000 r-xp 00000000 08:02 527117                     /usr/lib/libkrb5support.so.0.1
7f267106e000-7f267126d000 ---p 00007000 08:02 527117                     /usr/lib/libkrb5support.so.0.1
7f267126d000-7f267126e000 r-xp 00006000 08:02 527117                     /usr/lib/libkrb5support.so.0.1
7f267126e000-7f267126f000 rwxp 00007000 08:02 527117                     /usr/lib/libkrb5support.so.0.1
7f267126f000-7f2671293000 r-xp 00000000 08:02 526265                     /usr/lib/libk5crypto.so.3.1
7f2671293000-7f2671493000 ---p 00024000 08:02 526265                     /usr/lib/libk5crypto.so.3.1
7f2671493000-7f2671494000 r-xp 00024000 08:02 526265                     /usr/lib/libk5crypto.so.3.1
7f2671494000-7f2671495000 rwxp 00025000 08:02 526265                     /usr/lib/libk5crypto.so.3.1
7f2671495000-7f267152f000 r-xp 00000000 08:02 525012                     /usr/lib/libgnutls.so.26.14.12
7f267152f000-7f267172f000 ---p 0009a000 08:02 525012                     /usr/lib/libgnutls.so.26.14.12
7f267172f000-7f2671735000 r-xp 0009a000 08:02 525012                     /usr/lib/libgnutls.so.26.14.12
7f2671735000-7f2671736000 rwxp 000a0000 08:02 525012                     /usr/lib/libgnutls.so.26.14.12
7f2671736000-7f267174c000 r-xp 00000000 08:02 1458530                    /lib/libresolv-2.12.1.so
7f267174c000-7f267194b000 ---p 00016000 08:02 1458530                    /lib/libresolv-2.12.1.so
7f267194b000-7f267194c000 r-xp 00015000 08:02 1458530                    /lib/libresolv-2.12.1.so
7f267194c000-7f267194d000 rwxp 00016000 08:02 1458530                    /lib/libresolv-2.12.1.so
7f267194d000-7f267194f000 rwxp 00000000 00:00 0 
7f267194f000-7f2671981000 r-xp 00000000 08:02 529493                     /usr/lib/libgssapi_krb5.so.2.2
7f2671981000-7f2671b81000 ---p 00032000 08:02 529493                     /usr/lib/libgssapi_krb5.so.2.2
7f2671b81000-7f2671b82000 r-xp 00032000 08:02 529493                     /usr/lib/libgssapi_krb5.so.2.2
7f2671b82000-7f2671b83000 rwxp 00033000 08:02 529493                     /usr/lib/libgssapi_krb5.so.2.2
7f2671b83000-7f2671b86000 r-xp 00000000 08:02 1439028                    /lib/libcom_err.so.2.1
7f2671b86000-7f2671d85000 ---p 00003000 08:02 1439028                    /lib/libcom_err.so.2.1
7f2671d85000-7f2671d86000 r-xp 00002000 08:02 1439028                    /lib/libcom_err.so.2.1
7f2671d86000-7f2671d87000 rwxp 00003000 08:02 1439028                    /lib/libcom_err.so.2.1
7f2671d87000-7f2671e40000 r-xp 00000000 08:02 537775                     /usr/lib/libkrb5.so.3.3
7f2671e40000-7f267203f000 ---p 000b9000 08:02 537775                     /usr/lib/libkrb5.so.3.3
7f267203f000-7f2672048000 r-xp 000b8000 08:02 537775                     /usr/lib/libkrb5.so.3.3
7f2672048000-7f2672049000 rwxp 000c1000 08:02 537775                     /usr/lib/libkrb5.so.3.3
7f2672049000-7f2672062000 r-xp 00000000 08:02 526884                     /usr/lib/libsasl2.so.2.0.23
7f2672062000-7f2672261000 ---p 00019000 08:02 526884                     /usr/lib/libsasl2.so.2.0.23
7f2672261000-7f2672262000 r-xp 00018000 08:02 526884                     /usr/lib/libsasl2.so.2.0.23
7f2672262000-7f2672263000 rwxp 00019000 08:02 526884                     /usr/lib/libsasl2.so.2.0.23
7f2672263000-7f2672270000 r-xp 00000000 08:02 523653                     /usr/lib/liblber-2.4.so.2.5.6
7f2672270000-7f267246f000 ---p 0000d000 08:02 523653                     /usr/lib/liblber-2.4.so.2.5.6
7f267246f000-7f2672470000 r-xp 0000c000 08:02 523653                     /usr/lib/liblber-2.4.so.2.5.6
7f2672470000-7f2672471000 rwxp 0000d000 08:02 523653                     /usr/lib/liblber-2.4.so.2.5.6
7f2672471000-7f26724b7000 r-xp 00000000 08:02 523654                     /usr/lib/libldap_r-2.4.so.2.5.6
7f26724b7000-7f26726b7000 ---p 00046000 08:02 523654                     /usr/lib/libldap_r-2.4.so.2.5.6
7f26726b7000-7f26726b9000 r-xp 00046000 08:02 523654                     /usr/lib/libldap_r-2.4.so.2.5.6
7f26726b9000-7f26726ba000 rwxp 00048000 08:02 523654                     /usr/lib/libldap_r-2.4.so.2.5.6
7f26726ba000-7f26726bc000 rwxp 00000000 00:00 0 
7f26726bc000-7f26726d0000 r-xp 00000000 08:02 1455812                    /lib/libnss_ldap-2.11.1.so
7f26726d0000-7f26728cf000 ---p 00014000 08:02 1455812                    /lib/libnss_ldap-2.11.1.so
7f26728cf000-7f26728d0000 r-xp 00013000 08:02 1455812                    /lib/libnss_ldap-2.11.1.so
7f26728d0000-7f26728d1000 rwxp 00014000 08:02 1455812                    /lib/libnss_ldap-2.11.1.so
7f26728d1000-7f26728dc000 rwxp 00000000 00:00 0 
7f26728dc000-7f26728e8000 r-xp 00000000 08:02 1458520                    /lib/libnss_files-2.12.1.so
7f26728e8000-7f2672ae7000 ---p 0000c000 08:02 1458520                    /lib/libnss_files-2.12.1.so
7f2672ae7000-7f2672ae8000 r-xp 0000b000 08:02 1458520                    /lib/libnss_files-2.12.1.so
7f2672ae8000-7f2672ae9000 rwxp 0000c000 08:02 1458520                    /lib/libnss_files-2.12.1.so
7f2672ae9000-7f2672aec000 r-xp 00000000 08:08 5901018                    /users/oconnorp/Programs/jdk1.6.0_32/jre/lib/amd64/libnpt.so
7f2672aec000-7f2672beb000 ---p 00003000 08:08 5901018                    /users/oconnorp/Programs/jdk1.6.0_32/jre/lib/amd64/libnpt.so
7f2672beb000-7f2672bec000 rwxp 00002000 08:08 5901018                    /users/oconnorp/Programs/jdk1.6.0_32/jre/lib/amd64/libnpt.so
7f2672bec000-7f2672c22000 r-xp 00000000 08:08 5901044                    /users/oconnorp/Programs/jdk1.6.0_32/jre/lib/amd64/libjdwp.so
7f2672c22000-7f2672d21000 ---p 00036000 08:08 5901044                    /users/oconnorp/Programs/jdk1.6.0_32/jre/lib/amd64/libjdwp.so
7f2672d21000-7f2672d2b000 rwxp 00035000 08:08 5901044                    /users/oconnorp/Programs/jdk1.6.0_32/jre/lib/amd64/libjdwp.so
7f2672d2b000-7f2672d42000 r-xp 00000000 08:02 1458513                    /lib/libnsl-2.12.1.so
7f2672d42000-7f2672f41000 ---p 00017000 08:02 1458513                    /lib/libnsl-2.12.1.so
7f2672f41000-7f2672f42000 r-xp 00016000 08:02 1458513                    /lib/libnsl-2.12.1.so
7f2672f42000-7f2672f43000 rwxp 00017000 08:02 1458513                    /lib/libnsl-2.12.1.so
7f2672f43000-7f2672f45000 rwxp 00000000 00:00 0 
7f2672f45000-7f2672f6e000 r-xp 00000000 08:08 5901040                    /users/oconnorp/Programs/jdk1.6.0_32/jre/lib/amd64/libjava.so
7f2672f6e000-7f267306d000 ---p 00029000 08:08 5901040                    /users/oconnorp/Programs/jdk1.6.0_32/jre/lib/amd64/libjava.so
7f267306d000-7f2673074000 rwxp 00028000 08:08 5901040                    /users/oconnorp/Programs/jdk1.6.0_32/jre/lib/amd64/libjava.so
7f2673074000-7f2673081000 r-xp 00000000 08:08 5901022                    /users/oconnorp/Programs/jdk1.6.0_32/jre/lib/amd64/libverify.so
7f2673081000-7f2673180000 ---p 0000d000 08:08 5901022                    /users/oconnorp/Programs/jdk1.6.0_32/jre/lib/amd64/libverify.so
7f2673180000-7f2673183000 rwxp 0000c000 08:08 5901022                    /users/oconnorp/Programs/jdk1.6.0_32/jre/lib/amd64/libverify.so
7f2673183000-7f267318a000 r-xp 00000000 08:02 1458532                    /lib/librt-2.12.1.so
7f267318a000-7f2673389000 ---p 00007000 08:02 1458532                    /lib/librt-2.12.1.so
7f2673389000-7f267338a000 r-xp 00006000 08:02 1458532                    /lib/librt-2.12.1.so
7f267338a000-7f267338b000 rwxp 00007000 08:02 1458532                    /lib/librt-2.12.1.so
7f267338b000-7f2673390000 r-xp 00000000 08:02 526093                     /usr/lib/libXfixes.so.3.1.0
7f2673390000-7f267358f000 ---p 00005000 08:02 526093                     /usr/lib/libXfixes.so.3.1.0
7f267358f000-7f2673590000 r-xp 00004000 08:02 526093                     /usr/lib/libXfixes.so.3.1.0
7f2673590000-7f2673591000 rwxp 00005000 08:02 526093                     /usr/lib/libXfixes.so.3.1.0
7f2673591000-7f267359a000 r-xp 00000000 08:02 526113                     /usr/lib/libXrender.so.1.3.0
7f267359a000-7f2673799000 ---p 00009000 08:02 526113                     /usr/lib/libXrender.so.1.3.0
7f2673799000-7f267379a000 r-xp 00008000 08:02 526113                     /usr/lib/libXrender.so.1.3.0
7f267379a000-7f267379b000 rwxp 00009000 08:02 526113                     /usr/lib/libXrender.so.1.3.0
7f267379b000-7f26737a4000 r-xp 00000000 08:02 526085                     /usr/lib/libXcursor.so.1.0.2
7f26737a4000-7f26739a3000 ---p 00009000 08:02 526085                     /usr/lib/libXcursor.so.1.0.2
7f26739a3000-7f26739a4000 r-xp 00008000 08:02 526085                     /usr/lib/libXcursor.so.1.0.2
7f26739a4000-7f26739a5000 rwxp 00009000 08:02 526085                     /usr/lib/libXcursor.so.1.0.2
7f26739a5000-7f26739a8000 ---p 00000000 00:00 0 
7f26739a8000-7f2673aa6000 rwxp 00000000 00:00 0 
7f2673aa6000-7f2673d4a000 r-xp 00000000 08:02 524201                     /usr/lib/locale/locale-archive
7f2673d4a000-7f2673d4b000 ---p 00000000 00:00 0 
7f2673d4b000-7f267454b000 rwxp 00000000 00:00 0 
7f2674576000-7f267457a000 rwxs ab9ce000 00:05 8204                       /dev/nvidia0
7f26745a0000-7f26745b9000 rwxs 00000000 00:04 0                          /SYSV00000000 (deleted)
7f26745b9000-7f26745c1000 r-xs 00115000 08:08 5901131                    /users/oconnorp/Programs/jdk1.6.0_32/jre/lib/resources.jar
7f26745c1000-7f26745c6000 r-xp 00000000 08:02 526089                     /usr/lib/libXdmcp.so.6.0.0
7f26745c6000-7f26747c5000 ---p 00005000 08:02 526089                     /usr/lib/libXdmcp.so.6.0.0
7f26747c5000-7f26747c6000 r-xp 00004000 08:02 526089                     /usr/lib/libXdmcp.so.6.0.0
7f26747c6000-7f26747c7000 rwxp 00005000 08:02 526089                     /usr/lib/libXdmcp.so.6.0.0
7f26747c7000-7f26747c9000 r-xp 00000000 08:02 526078                     /usr/lib/libXau.so.6.0.0
7f26747c9000-7f26749c8000 ---p 00002000 08:02 526078                     /usr/lib/libXau.so.6.0.0
7f26749c8000-7f26749c9000 r-xp 00001000 08:02 526078                     /usr/lib/libXau.so.6.0.0
7f26749c9000-7f26749ca000 rwxp 00002000 08:02 526078                     /usr/lib/libXau.so.6.0.0
7f26749ca000-7f26749e5000 r-xp 00000000 08:02 527039                     /usr/lib/libxcb.so.1.1.0
7f26749e5000-7f2674be5000 ---p 0001b000 08:02 527039                     /usr/lib/libxcb.so.1.1.0
7f2674be5000-7f2674be6000 r-xp 0001b000 08:02 527039                     /usr/lib/libxcb.so.1.1.0
7f2674be6000-7f2674be7000 rwxp 0001c000 08:02 527039                     /usr/lib/libxcb.so.1.1.0
7f2674be7000-7f2674bf8000 r-xp 00000000 08:02 526091                     /usr/lib/libXext.so.6.4.0
7f2674bf8000-7f2674df7000 ---p 00011000 08:02 526091                     /usr/lib/libXext.so.6.4.0
7f2674df7000-7f2674df8000 r-xp 00010000 08:02 526091                     /usr/lib/libXext.so.6.4.0
7f2674df8000-7f2674df9000 rwxp 00011000 08:02 526091                     /usr/lib/libXext.so.6.4.0
7f2674df9000-7f2674f2a000 r-xp 00000000 08:02 526074                     /usr/lib/libX11.so.6.3.0
7f2674f2a000-7f267512a000 ---p 00131000 08:02 526074                     /usr/lib/libX11.so.6.3.0
7f267512a000-7f267512b000 r-xp 00131000 08:02 526074                     /usr/lib/libX11.so.6.3.0
7f267512b000-7f267512f000 rwxp 00132000 08:02 526074                     /usr/lib/libX11.so.6.3.0
7f267512f000-7f2675164000 r-xp 00000000 08:08 5901050                    /users/oconnorp/Programs/jdk1.6.0_32/jre/lib/amd64/libsplashscreen.so
7f2675164000-7f2675263000 ---p 00035000 08:08 5901050                    /users/oconnorp/Programs/jdk1.6.0_32/jre/lib/amd64/libsplashscreen.so
7f2675263000-7f267526e000 rwxp 00034000 08:08 5901050                    /users/oconnorp/Programs/jdk1.6.0_32/jre/lib/amd64/libsplashscreen.so
7f267526e000-7f2675271000 rwxp 00000000 00:00 0 
7f2675271000-7f26752f3000 r-xp 00000000 08:02 1458509                    /lib/libm-2.12.1.so
7f26752f3000-7f26754f2000 ---p 00082000 08:02 1458509                    /lib/libm-2.12.1.so
7f26754f2000-7f26754f3000 r-xp 00081000 08:02 1458509                    /lib/libm-2.12.1.so
7f26754f3000-7f26754f4000 rwxp 00082000 08:02 1458509                    /lib/libm-2.12.1.so
7f26754f4000-7f2675e0f000 r-xp 00000000 08:08 5901047                    /users/oconnorp/Programs/jdk1.6.0_32/jre/lib/amd64/server/libjvm.so
7f2675e0f000-7f2675f10000 ---p 0091b000 08:08 5901047                    /users/oconnorp/Programs/jdk1.6.0_32/jre/lib/amd64/server/libjvm.so
7f2675f10000-7f26760c5000 rwxp 0091c000 08:08 5901047                    /users/oconnorp/Programs/jdk1.6.0_32/jre/lib/amd64/server/libjvm.so
7f26760c5000-7f26760ff000 rwxp 00000000 00:00 0 
7f26760ff000-7f2676279000 r-xp 00000000 08:02 1455998                    /lib/libc-2.12.1.so
7f2676279000-7f2676479000 ---p 0017a000 08:02 1455998                    /lib/libc-2.12.1.so
7f2676479000-7f267647d000 r-xp 0017a000 08:02 1455998                    /lib/libc-2.12.1.so
7f267647d000-7f267647e000 rwxp 0017e000 08:02 1455998                    /lib/libc-2.12.1.so
7f267647e000-7f2676483000 rwxp 00000000 00:00 0 
7f2676483000-7f2676485000 r-xp 00000000 08:02 1458337                    /lib/libdl-2.12.1.so
7f2676485000-7f2676685000 ---p 00002000 08:02 1458337                    /lib/libdl-2.12.1.so
7f2676685000-7f2676686000 r-xp 00002000 08:02 1458337                    /lib/libdl-2.12.1.so
7f2676686000-7f2676687000 rwxp 00003000 08:02 1458337                    /lib/libdl-2.12.1.so
7f2676687000-7f267669f000 r-xp 00000000 08:02 1458529                    /lib/libpthread-2.12.1.so
7f267669f000-7f267689e000 ---p 00018000 08:02 1458529                    /lib/libpthread-2.12.1.so
7f267689e000-7f267689f000 r-xp 00017000 08:02 1458529                    /lib/libpthread-2.12.1.so
7f267689f000-7f26768a0000 rwxp 00018000 08:02 1458529                    /lib/libpthread-2.12.1.so
7f26768a0000-7f26768a4000 rwxp 00000000 00:00 0 
7f26768a4000-7f26768c4000 r-xp 00000000 08:02 1440689                    /lib/ld-2.12.1.so
7f26768c4000-7f26768cf000 r-xs 00108000 08:08 9176681                    /users/oconnorp/Desktop/Dropbox/J/JSpikeStackMod/JSpikeStack/jars/jogl.jar
7f26768cf000-7f26768d1000 r-xs 00002000 08:08 9176676                    /users/oconnorp/Desktop/Dropbox/J/JSpikeStackMod/JSpikeStack/jars/jfreechart-1.0.14-experimental.jar
7f26768d1000-7f26768d7000 r-xs 00046000 08:08 9176668                    /users/oconnorp/Desktop/Dropbox/J/JSpikeStackMod/JSpikeStack/jars/jcommon-1.0.17.jar
7f26768d7000-7f26768e1000 rwxp 00000000 00:00 0 
7f26768e1000-7f2676997000 rwxp 00000000 00:00 0 
7f2676997000-7f267699a000 rwxp 00000000 00:00 0 
7f267699a000-7f26769a1000 r-xp 00000000 08:08 5901012                    /users/oconnorp/Programs/jdk1.6.0_32/jre/lib/amd64/jli/libjli.so
7f26769a1000-7f2676aa2000 ---p 00007000 08:08 5901012                    /users/oconnorp/Programs/jdk1.6.0_32/jre/lib/amd64/jli/libjli.so
7f2676aa2000-7f2676aa4000 rwxp 00008000 08:08 5901012                    /users/oconnorp/Programs/jdk1.6.0_32/jre/lib/amd64/jli/libjli.so
7f2676aa4000-7f2676aa5000 rwxp 00000000 00:00 0 
7f2676aa5000-7f2676aa6000 rwxs f8060000 00:05 8204                       /dev/nvidia0
7f2676aa6000-7f2676aa8000 r-xs 00000000 08:02 1706779                    /var/cache/fontconfig/99e8ed0e538f840c565b6ed5dad60d56-le64.cache-3
7f2676aa8000-7f2676ab0000 rwxs 00000000 08:02 392653                     /tmp/hsperfdata_oconnorp/31051
7f2676ab0000-7f2676ab8000 rwxp 00000000 00:00 0 
7f2676ab8000-7f2676ab9000 rwxp 00000000 00:00 0 
7f2676ab9000-7f2676aba000 r-xp 00000000 00:00 0 
7f2676aba000-7f2676abb000 r-xs 00004000 08:08 9176679                    /users/oconnorp/Desktop/Dropbox/J/JSpikeStackMod/JSpikeStack/jars/gluegen-rt.jar
7f2676abb000-7f2676ac2000 r-xs 00000000 08:02 545898                     /usr/lib/gconv/gconv-modules.cache
7f2676ac2000-7f2676ac4000 rwxp 00000000 00:00 0 
7f2676ac4000-7f2676ac5000 r-xp 00020000 08:02 1440689                    /lib/ld-2.12.1.so
7f2676ac5000-7f2676ac6000 rwxp 00021000 08:02 1440689                    /lib/ld-2.12.1.so
7f2676ac6000-7f2676ac7000 rwxp 00000000 00:00 0 
7fffea915000-7fffea936000 rwxp 00000000 00:00 0                          [stack]
7fffea94e000-7fffea94f000 r-xp 00000000 00:00 0                          [vdso]
ffffffffff600000-ffffffffff601000 r-xp 00000000 00:00 0                  [vsyscall]

VM Arguments:
jvm_args: -Xdebug -Xrunjdwp:transport=dt_socket,address=localhost.localdomain:55723 -Dfile.encoding=UTF-8 -Djava.library.path=jars -Dsun.java2d.noddraw=true -Dsun.java2d.opengl=false 
java_command: jspikestack.JspikeStack
Launcher Type: SUN_STANDARD

Environment Variables:
PATH=/usr/local/sbin:/usr/local/bin:/usr/sbin:/usr/bin:/sbin:/bin:/usr/games
USERNAME=oconnorp
LD_LIBRARY_PATH=/users/oconnorp/Programs/jdk1.6.0_32/jre/lib/amd64/server:/users/oconnorp/Programs/jdk1.6.0_32/jre/lib/amd64:/users/oconnorp/Programs/jdk1.6.0_32/jre/../lib/amd64
SHELL=/bin/bash
DISPLAY=:0.0

Signal Handlers:
SIGSEGV: [libjvm.so+0x8602a0], sa_mask[0]=0x7ffbfeff, sa_flags=0x10000004
SIGBUS: [libjvm.so+0x8602a0], sa_mask[0]=0x7ffbfeff, sa_flags=0x10000004
SIGFPE: [libjvm.so+0x70ef10], sa_mask[0]=0x7ffbfeff, sa_flags=0x10000004
SIGPIPE: SIG_IGN, sa_mask[0]=0x00000000, sa_flags=0x00000000
SIGXFSZ: [libjvm.so+0x70ef10], sa_mask[0]=0x7ffbfeff, sa_flags=0x10000004
SIGILL: [libjvm.so+0x70ef10], sa_mask[0]=0x7ffbfeff, sa_flags=0x10000004
SIGUSR1: SIG_DFL, sa_mask[0]=0x00000000, sa_flags=0x00000000
SIGUSR2: [libjvm.so+0x711d40], sa_mask[0]=0x00000004, sa_flags=0x10000004
SIGHUP: [libjvm.so+0x711940], sa_mask[0]=0x7ffbfeff, sa_flags=0x10000004
SIGINT: SIG_IGN, sa_mask[0]=0x00000000, sa_flags=0x00000000
SIGTERM: [libjvm.so+0x711940], sa_mask[0]=0x7ffbfeff, sa_flags=0x10000004
SIGQUIT: [libjvm.so+0x711940], sa_mask[0]=0x7ffbfeff, sa_flags=0x10000004


---------------  S Y S T E M  ---------------

OS:squeeze/sid

uname:Linux 2.6.35-32-generic #67-Ubuntu SMP Mon Mar 5 19:39:49 UTC 2012 x86_64
libc:glibc 2.12.1 NPTL 2.12.1 
rlimit: STACK 8192k, CORE 0k, NPROC infinity, NOFILE 1024, AS infinity
load average:0.23 0.23 0.25

/proc/meminfo:
MemTotal:        6117320 kB
MemFree:          558948 kB
Buffers:          627628 kB
Cached:          1280080 kB
SwapCached:       127516 kB
Active:          2956740 kB
Inactive:        2023792 kB
Active(anon):    2175492 kB
Inactive(anon):   922756 kB
Active(file):     781248 kB
Inactive(file):  1101036 kB
Unevictable:        2036 kB
Mlocked:            2036 kB
SwapTotal:       2928636 kB
SwapFree:        2476252 kB
Dirty:               460 kB
Writeback:             0 kB
AnonPages:       2982368 kB
Mapped:           166104 kB
Shmem:             25416 kB
Slab:             321792 kB
SReclaimable:     288512 kB
SUnreclaim:        33280 kB
KernelStack:        5256 kB
PageTables:        40256 kB
NFS_Unstable:          0 kB
Bounce:                0 kB
WritebackTmp:          0 kB
CommitLimit:     5987296 kB
Committed_AS:    5090388 kB
VmallocTotal:   34359738367 kB
VmallocUsed:      357124 kB
VmallocChunk:   34359374332 kB
HardwareCorrupted:     0 kB
HugePages_Total:       0
HugePages_Free:        0
HugePages_Rsvd:        0
HugePages_Surp:        0
Hugepagesize:       2048 kB
DirectMap4k:      294400 kB
DirectMap2M:     5988352 kB


CPU:total 8 (4 cores per cpu, 2 threads per core) family 6 model 26 stepping 5, cmov, cx8, fxsr, mmx, sse, sse2, sse3, ssse3, sse4.1, sse4.2, popcnt, ht

/proc/cpuinfo:
processor	: 0
vendor_id	: GenuineIntel
cpu family	: 6
model		: 26
model name	: Intel(R) Core(TM) i7 CPU         950  @ 3.07GHz
stepping	: 5
cpu MHz		: 2533.000
cache size	: 8192 KB
physical id	: 0
siblings	: 8
core id		: 0
cpu cores	: 4
apicid		: 0
initial apicid	: 0
fpu		: yes
fpu_exception	: yes
cpuid level	: 11
wp		: yes
flags		: fpu vme de pse tsc msr pae mce cx8 apic sep mtrr pge mca cmov pat pse36 clflush dts acpi mmx fxsr sse sse2 ss ht tm pbe syscall nx rdtscp lm constant_tsc arch_perfmon pebs bts rep_good xtopology nonstop_tsc aperfmperf pni dtes64 monitor ds_cpl vmx est tm2 ssse3 cx16 xtpr pdcm sse4_1 sse4_2 popcnt lahf_lm ida dts tpr_shadow vnmi flexpriority ept vpid
bogomips	: 6147.33
clflush size	: 64
cache_alignment	: 64
address sizes	: 36 bits physical, 48 bits virtual
power management:

processor	: 1
vendor_id	: GenuineIntel
cpu family	: 6
model		: 26
model name	: Intel(R) Core(TM) i7 CPU         950  @ 3.07GHz
stepping	: 5
cpu MHz		: 3068.000
cache size	: 8192 KB
physical id	: 0
siblings	: 8
core id		: 1
cpu cores	: 4
apicid		: 2
initial apicid	: 2
fpu		: yes
fpu_exception	: yes
cpuid level	: 11
wp		: yes
flags		: fpu vme de pse tsc msr pae mce cx8 apic sep mtrr pge mca cmov pat pse36 clflush dts acpi mmx fxsr sse sse2 ss ht tm pbe syscall nx rdtscp lm constant_tsc arch_perfmon pebs bts rep_good xtopology nonstop_tsc aperfmperf pni dtes64 monitor ds_cpl vmx est tm2 ssse3 cx16 xtpr pdcm sse4_1 sse4_2 popcnt lahf_lm ida dts tpr_shadow vnmi flexpriority ept vpid
bogomips	: 6147.18
clflush size	: 64
cache_alignment	: 64
address sizes	: 36 bits physical, 48 bits virtual
power management:

processor	: 2
vendor_id	: GenuineIntel
cpu family	: 6
model		: 26
model name	: Intel(R) Core(TM) i7 CPU         950  @ 3.07GHz
stepping	: 5
cpu MHz		: 3068.000
cache size	: 8192 KB
physical id	: 0
siblings	: 8
core id		: 2
cpu cores	: 4
apicid		: 4
initial apicid	: 4
fpu		: yes
fpu_exception	: yes
cpuid level	: 11
wp		: yes
flags		: fpu vme de pse tsc msr pae mce cx8 apic sep mtrr pge mca cmov pat pse36 clflush dts acpi mmx fxsr sse sse2 ss ht tm pbe syscall nx rdtscp lm constant_tsc arch_perfmon pebs bts rep_good xtopology nonstop_tsc aperfmperf pni dtes64 monitor ds_cpl vmx est tm2 ssse3 cx16 xtpr pdcm sse4_1 sse4_2 popcnt lahf_lm ida dts tpr_shadow vnmi flexpriority ept vpid
bogomips	: 6147.20
clflush size	: 64
cache_alignment	: 64
address sizes	: 36 bits physical, 48 bits virtual
power management:

processor	: 3
vendor_id	: GenuineIntel
cpu family	: 6
model		: 26
model name	: Intel(R) Core(TM) i7 CPU         950  @ 3.07GHz
stepping	: 5
cpu MHz		: 2400.000
cache size	: 8192 KB
physical id	: 0
siblings	: 8
core id		: 3
cpu cores	: 4
apicid		: 6
initial apicid	: 6
fpu		: yes
fpu_exception	: yes
cpuid level	: 11
wp		: yes
flags		: fpu vme de pse tsc msr pae mce cx8 apic sep mtrr pge mca cmov pat pse36 clflush dts acpi mmx fxsr sse sse2 ss ht tm pbe syscall nx rdtscp lm constant_tsc arch_perfmon pebs bts rep_good xtopology nonstop_tsc aperfmperf pni dtes64 monitor ds_cpl vmx est tm2 ssse3 cx16 xtpr pdcm sse4_1 sse4_2 popcnt lahf_lm ida dts tpr_shadow vnmi flexpriority ept vpid
bogomips	: 6147.07
clflush size	: 64
cache_alignment	: 64
address sizes	: 36 bits physical, 48 bits virtual
power management:

processor	: 4
vendor_id	: GenuineIntel
cpu family	: 6
model		: 26
model name	: Intel(R) Core(TM) i7 CPU         950  @ 3.07GHz
stepping	: 5
cpu MHz		: 1867.000
cache size	: 8192 KB
physical id	: 0
siblings	: 8
core id		: 0
cpu cores	: 4
apicid		: 1
initial apicid	: 1
fpu		: yes
fpu_exception	: yes
cpuid level	: 11
wp		: yes
flags		: fpu vme de pse tsc msr pae mce cx8 apic sep mtrr pge mca cmov pat pse36 clflush dts acpi mmx fxsr sse sse2 ss ht tm pbe syscall nx rdtscp lm constant_tsc arch_perfmon pebs bts rep_good xtopology nonstop_tsc aperfmperf pni dtes64 monitor ds_cpl vmx est tm2 ssse3 cx16 xtpr pdcm sse4_1 sse4_2 popcnt lahf_lm ida dts tpr_shadow vnmi flexpriority ept vpid
bogomips	: 6147.18
clflush size	: 64
cache_alignment	: 64
address sizes	: 36 bits physical, 48 bits virtual
power management:

processor	: 5
vendor_id	: GenuineIntel
cpu family	: 6
model		: 26
model name	: Intel(R) Core(TM) i7 CPU         950  @ 3.07GHz
stepping	: 5
cpu MHz		: 2533.000
cache size	: 8192 KB
physical id	: 0
siblings	: 8
core id		: 1
cpu cores	: 4
apicid		: 3
initial apicid	: 3
fpu		: yes
fpu_exception	: yes
cpuid level	: 11
wp		: yes
flags		: fpu vme de pse tsc msr pae mce cx8 apic sep mtrr pge mca cmov pat pse36 clflush dts acpi mmx fxsr sse sse2 ss ht tm pbe syscall nx rdtscp lm constant_tsc arch_perfmon pebs bts rep_good xtopology nonstop_tsc aperfmperf pni dtes64 monitor ds_cpl vmx est tm2 ssse3 cx16 xtpr pdcm sse4_1 sse4_2 popcnt lahf_lm ida dts tpr_shadow vnmi flexpriority ept vpid
bogomips	: 6147.18
clflush size	: 64
cache_alignment	: 64
address sizes	: 36 bits physical, 48 bits virtual
power management:

processor	: 6
vendor_id	: GenuineIntel
cpu family	: 6
model		: 26
model name	: Intel(R) Core(TM) i7 CPU         950  @ 3.07GHz
stepping	: 5
cpu MHz		: 3068.000
cache size	: 8192 KB
physical id	: 0
siblings	: 8
core id		: 2
cpu cores	: 4
apicid		: 5
initial apicid	: 5
fpu		: yes
fpu_exception	: yes
cpuid level	: 11
wp		: yes
flags		: fpu vme de pse tsc msr pae mce cx8 apic sep mtrr pge mca cmov pat pse36 clflush dts acpi mmx fxsr sse sse2 ss ht tm pbe syscall nx rdtscp lm constant_tsc arch_perfmon pebs bts rep_good xtopology nonstop_tsc aperfmperf pni dtes64 monitor ds_cpl vmx est tm2 ssse3 cx16 xtpr pdcm sse4_1 sse4_2 popcnt lahf_lm ida dts tpr_shadow vnmi flexpriority ept vpid
bogomips	: 6147.18
clflush size	: 64
cache_alignment	: 64
address sizes	: 36 bits physical, 48 bits virtual
power management:

processor	: 7
vendor_id	: GenuineIntel
cpu family	: 6
model		: 26
model name	: Intel(R) Core(TM) i7 CPU         950  @ 3.07GHz
stepping	: 5
cpu MHz		: 3068.000
cache size	: 8192 KB
physical id	: 0
siblings	: 8
core id		: 3
cpu cores	: 4
apicid		: 7
initial apicid	: 7
fpu		: yes
fpu_exception	: yes
cpuid level	: 11
wp		: yes
flags		: fpu vme de pse tsc msr pae mce cx8 apic sep mtrr pge mca cmov pat pse36 clflush dts acpi mmx fxsr sse sse2 ss ht tm pbe syscall nx rdtscp lm constant_tsc arch_perfmon pebs bts rep_good xtopology nonstop_tsc aperfmperf pni dtes64 monitor ds_cpl vmx est tm2 ssse3 cx16 xtpr pdcm sse4_1 sse4_2 popcnt lahf_lm ida dts tpr_shadow vnmi flexpriority ept vpid
bogomips	: 6147.18
clflush size	: 64
cache_alignment	: 64
address sizes	: 36 bits physical, 48 bits virtual
power management:



Memory: 4k page, physical 6117320k(558948k free), swap 2928636k(2476252k free)

vm_info: Java HotSpot(TM) 64-Bit Server VM (20.7-b02) for linux-amd64 JRE (1.6.0_32-b05), built on Apr  5 2012 14:09:59 by "java_re" with gcc 3.2.2 (SuSE Linux)

time: Sat Aug  4 14:15:06 2012
elapsed time: 11 seconds

