#
# A fatal error has been detected by the Java Runtime Environment:
#
#  SIGSEGV (0xb) at pc=0x00007f4de91f7759, pid=13080, tid=139972611507968
#
# JRE version: 6.0_32-b05
# Java VM: Java HotSpot(TM) 64-Bit Server VM (20.7-b02 mixed mode linux-amd64 compressed oops)
# Problematic frame:
# C  [libGL.so.1+0x91759]  __float128+0x25289
#
# If you would like to submit a bug report, please visit:
#   http://java.sun.com/webapps/bugreport/crash.jsp
# The crash happened outside the Java Virtual Machine in native code.
# See problematic frame for where to report the bug.
#

---------------  T H R E A D  ---------------

Current thread (0x00007f4df0228000):  JavaThread "AWT-EventQueue-0" [_thread_in_native, id=13111, stack(0x00007f4de9b98000,0x00007f4de9c99000)]

siginfo:si_signo=SIGSEGV: si_errno=0, si_code=1 (SEGV_MAPERR), si_addr=0x00000000417c6000

Registers:
RAX=0x00000000417c6000, RBX=0x00000000417c43b8, RCX=0x00007f4de9455ce0, RDX=0x00007f4de3fcebc0
RSP=0x00007f4de9c95f50, RBP=0x0000000000000001, RSI=0x00000000417c43b8, RDI=0x00007f4de9455f40
R8 =0x000000000000bfc7, R9 =0x00000000416329b0, R10=0x0000000000000000, R11=0x0000000000000206
R12=0x00007f4de9c95f70, R13=0x0000000000000001, R14=0x00000000417c43b8, R15=0x00007f4de943a750
RIP=0x00007f4de91f7759, EFLAGS=0x0000000000010202, CSGSFS=0x0000000000000033, ERR=0x0000000000000004
  TRAPNO=0x000000000000000e

Top of Stack: (sp=0x00007f4de9c95f50)
0x00007f4de9c95f50:   00007f4de9c95f70 00000000417c6000
0x00007f4de9c95f60:   0000012c00000000 000000010000012c
0x00007f4de9c95f70:   00000000417c6000 0000000000000000
0x00007f4de9c95f80:   0000000000000000 0000000000000000
0x00007f4de9c95f90:   0000000000000000 0000000000000000
0x00007f4de9c95fa0:   0000000000000000 00007f4de91fd7a9
0x00007f4de9c95fb0:   00007f4de9c95ff0 00007f4df9863ddf
0x00007f4de9c95fc0:   00007f4df0228000 000000000520002f
0x00007f4de9c95fd0:   00007f4de3feaf20 0000000000003318
0x00007f4de9c95fe0:   0000000041574f00 00007f4de32bb0b0
0x00007f4de9c95ff0:   000000009e963638 00007f4df0153ed0
0x00007f4de9c96000:   00000000417c4370 00000000413e7740
0x00007f4de9c96010:   000000009e963638 00007f4de9c96148
0x00007f4de9c96020:   00007f4df0228000 00007f4de91cfe27
0x00007f4de9c96030:   00007f4de9c96060 00007f4df02281d0
0x00007f4de9c96040:   0000000000000000 00000000416d0000
0x00007f4de9c96050:   00007f4de9c960a0 000000009e963638
0x00007f4de9c96060:   00007f4de9c960a0 0000000000000000
0x00007f4de9c96070:   000000009e963638 00007f4de8dc5b42
0x00007f4de9c96080:   000000000520002f 00007f4df0153ed0
0x00007f4de9c96090:   00007f4de9c96120 00007f4df02281d0
0x00007f4de9c960a0:   00007f4de9c96110 00007f4debdbab55
0x00007f4de9c960b0:   00000000a347ff08 0000000000000000
0x00007f4de9c960c0:   00007f4debdb6298 00000000a2f46e70
0x00007f4de9c960d0:   00007f4de9c960d0 0000000000000000
0x00007f4de9c960e0:   00007f4de9c96148 000000009e9672a0
0x00007f4de9c960f0:   0000000000000000 000000009e963638
0x00007f4de9c96100:   0000000000000000 00007f4de9c96130
0x00007f4de9c96110:   00007f4de9c96190 00007f4debda9b02
0x00007f4de9c96120:   000000009e964968 00007f4debdb6298
0x00007f4de9c96130:   000000000520002f 00007f4de9c96190
0x00007f4de9c96140:   00007f4df0153ed0 00000000a2f0bea0 

Instructions: (pc=0x00007f4de91f7759)
0x00007f4de91f7739:   44 3b 6c 24 1c 75 90 4c 8b 24 24 31 ed 48 8b 0d
0x00007f4de91f7749:   db bf 23 00 49 8b 04 24 4c 89 f6 ff c5 48 8b 11
0x00007f4de91f7759:   48 8b 38 ff 92 68 03 00 00 48 8b 15 bf bf 23 00
0x00007f4de91f7769:   48 89 c3 49 8b 3c 24 49 83 c4 08 48 8b 02 ff 90 

Register to memory mapping:

RAX=0x00000000417c6000 is an unknown value
RBX=0x00000000417c43b8 is an unknown value
RCX=0x00007f4de9455ce0: <offset 0x2efce0> in /usr/lib/nvidia-current/libGL.so.1 at 0x00007f4de9166000
RDX=0x00007f4de3fcebc0: <offset 0x1ba7bc0> in /usr/lib/nvidia-current/libnvidia-glcore.so.260.19.06 at 0x00007f4de2427000
RSP=0x00007f4de9c95f50 is pointing into the stack for thread: 0x00007f4df0228000
RBP=0x0000000000000001 is an unknown value
RSI=0x00000000417c43b8 is an unknown value
RDI=0x00007f4de9455f40: <offset 0x2eff40> in /usr/lib/nvidia-current/libGL.so.1 at 0x00007f4de9166000
R8 =0x000000000000bfc7 is an unknown value
R9 =0x00000000416329b0 is an unknown value
R10=0x0000000000000000 is an unknown value
R11=0x0000000000000206 is an unknown value
R12=0x00007f4de9c95f70 is pointing into the stack for thread: 0x00007f4df0228000
R13=0x0000000000000001 is an unknown value
R14=0x00000000417c43b8 is an unknown value
R15=0x00007f4de943a750: <offset 0x2d4750> in /usr/lib/nvidia-current/libGL.so.1 at 0x00007f4de9166000


Stack: [0x00007f4de9b98000,0x00007f4de9c99000],  sp=0x00007f4de9c95f50,  free space=1015k
Native frames: (J=compiled Java code, j=interpreted, Vv=VM code, C=native code)
C  [libGL.so.1+0x91759]  __float128+0x25289

Java frames: (J=compiled Java code, j=interpreted, Vv=VM code)
j  com.sun.opengl.impl.x11.GLX.glXSwapBuffers(JJ)V+0
j  com.sun.opengl.impl.x11.X11OnscreenGLDrawable.swapBuffers()V+38
j  com.sun.opengl.impl.GLDrawableHelper.invokeGL(Ljavax/media/opengl/GLDrawable;Ljavax/media/opengl/GLContext;Ljava/lang/Runnable;Ljava/lang/Runnable;)V+435
j  javax.media.opengl.GLCanvas.maybeDoSingleThreadedWorkaround(Ljava/lang/Runnable;Ljava/lang/Runnable;)V+36
j  javax.media.opengl.GLCanvas.display()V+9
j  javax.media.opengl.GLCanvas.paint(Ljava/awt/Graphics;)V+125
J  sun.awt.RepaintArea.paint(Ljava/lang/Object;Z)V
j  sun.awt.X11.XComponentPeer.handleEvent(Ljava/awt/AWTEvent;)V+224
j  java.awt.Component.dispatchEventImpl(Ljava/awt/AWTEvent;)V+861
J  java.awt.EventQueue$1.run()Ljava/lang/Object;
v  ~StubRoutines::call_stub
J  java.security.AccessController.doPrivileged(Ljava/security/PrivilegedAction;Ljava/security/AccessControlContext;)Ljava/lang/Object;
j  java.security.AccessControlContext$1.doIntersectionPrivilege(Ljava/security/PrivilegedAction;Ljava/security/AccessControlContext;Ljava/security/AccessControlContext;)Ljava/lang/Object;+28
j  java.security.AccessControlContext$1.doIntersectionPrivilege(Ljava/security/PrivilegedAction;Ljava/security/AccessControlContext;)Ljava/lang/Object;+6
j  java.awt.EventQueue$2.run()Ljava/lang/Void;+11
j  java.awt.EventQueue$2.run()Ljava/lang/Object;+1
v  ~StubRoutines::call_stub
J  java.security.AccessController.doPrivileged(Ljava/security/PrivilegedAction;Ljava/security/AccessControlContext;)Ljava/lang/Object;
J  java.awt.EventDispatchThread.pumpOneEventForFilters(I)Z
J  java.awt.EventDispatchThread.pumpEventsForFilter(ILjava/awt/Conditional;Ljava/awt/EventFilter;)V
j  java.awt.EventDispatchThread.pumpEventsForHierarchy(ILjava/awt/Conditional;Ljava/awt/Component;)V+11
j  java.awt.EventDispatchThread.pumpEvents(ILjava/awt/Conditional;)V+4
j  java.awt.EventDispatchThread.pumpEvents(Ljava/awt/Conditional;)V+3
j  java.awt.EventDispatchThread.run()V+9
v  ~StubRoutines::call_stub

---------------  P R O C E S S  ---------------

Java Threads: ( => current thread )
  0x00007f4df030e000 JavaThread "NetPlotter" [_thread_blocked, id=13121, stack(0x00007f4de886a000,0x00007f4de896b000)]
  0x00000000414d6000 JavaThread "Timer-0" daemon [_thread_blocked, id=13120, stack(0x00007f4de9611000,0x00007f4de9712000)]
  0x0000000041412000 JavaThread "TimerQueue" daemon [_thread_blocked, id=13119, stack(0x00007f4de9712000,0x00007f4de9813000)]
  0x0000000041053800 JavaThread "DestroyJavaVM" [_thread_blocked, id=13085, stack(0x00007f4df7821000,0x00007f4df7922000)]
  0x00007f4df03bb000 JavaThread "org.netbeans.modules.debugger.jpda.visual AWT Access Loop" daemon [_thread_blocked, id=13112, stack(0x00007f4de9a97000,0x00007f4de9b98000)]
=>0x00007f4df0228000 JavaThread "AWT-EventQueue-0" [_thread_in_native, id=13111, stack(0x00007f4de9b98000,0x00007f4de9c99000)]
  0x00007f4df0210000 JavaThread "AWT-Shutdown" [_thread_blocked, id=13110, stack(0x00007f4de9c99000,0x00007f4de9d9a000)]
  0x00007f4df018f000 JavaThread "AWT-XAWT" daemon [_thread_blocked, id=13109, stack(0x00007f4de9fb9000,0x00007f4dea0ba000)]
  0x00007f4df018b000 JavaThread "Java2D Disposer" daemon [_thread_blocked, id=13108, stack(0x00007f4dea0ba000,0x00007f4dea1bb000)]
  0x00007f4df00a0800 JavaThread "Low Memory Detector" daemon [_thread_blocked, id=13106, stack(0x00007f4deab8f000,0x00007f4deac90000)]
  0x00007f4df009e000 JavaThread "C2 CompilerThread1" daemon [_thread_blocked, id=13105, stack(0x00007f4deac90000,0x00007f4dead91000)]
  0x00007f4df009b000 JavaThread "C2 CompilerThread0" daemon [_thread_blocked, id=13104, stack(0x00007f4dead91000,0x00007f4deae92000)]
  0x00007f4df008f000 JavaThread "JDWP Event Helper Thread" daemon [_thread_blocked, id=13100, stack(0x00007f4deaf93000,0x00007f4deb094000)]
  0x00007f4df008b800 JavaThread "JDWP Transport Listener: dt_socket" daemon [_thread_in_native, id=13098, stack(0x00007f4deb094000,0x00007f4deb195000)]
  0x00007f4df007f800 JavaThread "Signal Dispatcher" daemon [_thread_blocked, id=13097, stack(0x00007f4deb299000,0x00007f4deb39a000)]
  0x00007f4df000c000 JavaThread "Finalizer" daemon [_thread_blocked, id=13096, stack(0x00007f4deb39a000,0x00007f4deb49b000)]
  0x0000000041117000 JavaThread "Reference Handler" daemon [_thread_blocked, id=13095, stack(0x00007f4deb49b000,0x00007f4deb59c000)]

Other Threads:
  0x0000000041110800 VMThread [stack: 0x00007f4deb59c000,0x00007f4deb69d000] [id=13094]
  0x00007f4df00ab800 WatcherThread [stack: 0x00007f4deaa8e000,0x00007f4deab8f000] [id=13107]

VM state:not at safepoint (normal execution)

VM Mutex/Monitor currently owned by a thread: None

Heap
 PSYoungGen      total 95552K, used 16118K [0x00000000e0e00000, 0x00000000eb570000, 0x0000000100000000)
  eden space 75456K, 21% used [0x00000000e0e00000,0x00000000e1d85940,0x00000000e57b0000)
  from space 20096K, 1% used [0x00000000e8e50000,0x00000000e8e88000,0x00000000ea1f0000)
  to   space 19968K, 0% used [0x00000000ea1f0000,0x00000000ea1f0000,0x00000000eb570000)
 PSOldGen        total 59136K, used 21849K [0x00000000a2a00000, 0x00000000a63c0000, 0x00000000e0e00000)
  object space 59136K, 36% used [0x00000000a2a00000,0x00000000a3f564b8,0x00000000a63c0000)
 PSPermGen       total 42816K, used 21423K [0x000000009d800000, 0x00000000a01d0000, 0x00000000a2a00000)
  object space 42816K, 50% used [0x000000009d800000,0x000000009ecebe00,0x00000000a01d0000)

Code Cache  [0x00007f4debda4000, 0x00007f4dec014000, 0x00007f4deeda4000)
 total_blobs=1190 nmethods=465 adapters=687 free_code_cache=48432384 largest_free_block=6208

Dynamic libraries:
40000000-40009000 r-xp 00000000 08:08 5900415                            /users/oconnorp/Programs/jdk1.6.0_32/jre/bin/java
40108000-4010a000 rwxp 00008000 08:08 5900415                            /users/oconnorp/Programs/jdk1.6.0_32/jre/bin/java
41005000-417c6000 rwxp 00000000 00:00 0                                  [heap]
9d800000-a01d0000 rwxp 00000000 00:00 0 
a01d0000-a2a00000 rwxp 00000000 00:00 0 
a2a00000-a63c0000 rwxp 00000000 00:00 0 
a63c0000-a6840000 ---p 00000000 00:00 0 
a6840000-e0e00000 rwxp 00000000 00:00 0 
e0e00000-eb570000 rwxp 00000000 00:00 0 
eb570000-eef40000 ---p 00000000 00:00 0 
eef40000-100000000 rwxp 00000000 00:00 0 
7f4de07de000-7f4de0913000 rwxp 00000000 00:00 0 
7f4de0b0a000-7f4de101c000 rwxp 00000000 00:00 0 
7f4de1028000-7f4de1428000 rwxp 00000000 00:00 0 
7f4de1521000-7f4de1821000 rwxp 00000000 00:00 0 
7f4de1906000-7f4de1c06000 rwxp 00000000 00:00 0 
7f4de1ccf000-7f4de1dcf000 rwxp 00000000 00:00 0 
7f4de1e95000-7f4de2295000 rwxp 00000000 00:00 0 
7f4de2427000-7f4de380f000 r-xp 00000000 08:02 666465                     /usr/lib/nvidia-current/libnvidia-glcore.so.260.19.06
7f4de380f000-7f4de3a0e000 ---p 013e8000 08:02 666465                     /usr/lib/nvidia-current/libnvidia-glcore.so.260.19.06
7f4de3a0e000-7f4de3fea000 rwxp 013e7000 08:02 666465                     /usr/lib/nvidia-current/libnvidia-glcore.so.260.19.06
7f4de3fea000-7f4de4000000 rwxp 00000000 00:00 0 
7f4de4000000-7f4de499d000 rwxp 00000000 00:00 0 
7f4de499d000-7f4de8000000 ---p 00000000 00:00 0 
7f4de8185000-7f4de8285000 rwxp 00000000 00:00 0 
7f4de8285000-7f4de8485000 rwxs 14745d000 00:05 8245                      /dev/nvidia0
7f4de8589000-7f4de8689000 rwxp 00000000 00:00 0 
7f4de8689000-7f4de886a000 rwxs 00000000 00:04 33751055                   /SYSV00000000 (deleted)
7f4de886a000-7f4de886d000 ---p 00000000 00:00 0 
7f4de886d000-7f4de896b000 rwxp 00000000 00:00 0 
7f4de896b000-7f4de896d000 r-xp 00000000 08:08 9176651                    /users/oconnorp/Desktop/jsstest/JSpikeStack/jars/libjogl_awt.so
7f4de896d000-7f4de8a6c000 ---p 00002000 08:08 9176651                    /users/oconnorp/Desktop/jsstest/JSpikeStack/jars/libjogl_awt.so
7f4de8a6c000-7f4de8a6d000 rwxp 00001000 08:08 9176651                    /users/oconnorp/Desktop/jsstest/JSpikeStack/jars/libjogl_awt.so
7f4de8a6d000-7f4de8a6e000 r-xp 00000000 08:08 5901041                    /users/oconnorp/Programs/jdk1.6.0_32/jre/lib/amd64/libjawt.so
7f4de8a6e000-7f4de8b6d000 ---p 00001000 08:08 5901041                    /users/oconnorp/Programs/jdk1.6.0_32/jre/lib/amd64/libjawt.so
7f4de8b6d000-7f4de8b6e000 rwxp 00000000 08:08 5901041                    /users/oconnorp/Programs/jdk1.6.0_32/jre/lib/amd64/libjawt.so
7f4de8b6e000-7f4de8b73000 r-xp 00000000 08:02 526129                     /usr/lib/libXxf86vm.so.1.0.0
7f4de8b73000-7f4de8d72000 ---p 00005000 08:02 526129                     /usr/lib/libXxf86vm.so.1.0.0
7f4de8d72000-7f4de8d73000 r-xp 00004000 08:02 526129                     /usr/lib/libXxf86vm.so.1.0.0
7f4de8d73000-7f4de8d74000 rwxp 00005000 08:02 526129                     /usr/lib/libXxf86vm.so.1.0.0
7f4de8d74000-7f4de8e63000 r-xp 00000000 08:08 9176644                    /users/oconnorp/Desktop/jsstest/JSpikeStack/jars/libjogl.so
7f4de8e63000-7f4de8f63000 ---p 000ef000 08:08 9176644                    /users/oconnorp/Desktop/jsstest/JSpikeStack/jars/libjogl.so
7f4de8f63000-7f4de8f64000 rwxp 000ef000 08:08 9176644                    /users/oconnorp/Desktop/jsstest/JSpikeStack/jars/libjogl.so
7f4de8f64000-7f4de8f65000 r-xp 00000000 08:02 666460                     /usr/lib/nvidia-current/tls/libnvidia-tls.so.260.19.06
7f4de8f65000-7f4de9165000 ---p 00001000 08:02 666460                     /usr/lib/nvidia-current/tls/libnvidia-tls.so.260.19.06
7f4de9165000-7f4de9166000 rwxp 00001000 08:02 666460                     /usr/lib/nvidia-current/tls/libnvidia-tls.so.260.19.06
7f4de9166000-7f4de921d000 r-xp 00000000 08:02 666455                     /usr/lib/nvidia-current/libGL.so.260.19.06
7f4de921d000-7f4de941d000 ---p 000b7000 08:02 666455                     /usr/lib/nvidia-current/libGL.so.260.19.06
7f4de941d000-7f4de9455000 rwxp 000b7000 08:02 666455                     /usr/lib/nvidia-current/libGL.so.260.19.06
7f4de9455000-7f4de946b000 rwxp 00000000 00:00 0 
7f4de946b000-7f4de946c000 r-xp 00000000 08:08 9176634                    /users/oconnorp/Desktop/jsstest/JSpikeStack/jars/libgluegen-rt.so
7f4de946c000-7f4de956b000 ---p 00001000 08:08 9176634                    /users/oconnorp/Desktop/jsstest/JSpikeStack/jars/libgluegen-rt.so
7f4de956b000-7f4de956c000 rwxp 00000000 08:08 9176634                    /users/oconnorp/Desktop/jsstest/JSpikeStack/jars/libgluegen-rt.so
7f4de9611000-7f4de9614000 ---p 00000000 00:00 0 
7f4de9614000-7f4de9712000 rwxp 00000000 00:00 0 
7f4de9712000-7f4de9715000 ---p 00000000 00:00 0 
7f4de9715000-7f4de9813000 rwxp 00000000 00:00 0 
7f4de9813000-7f4de9816000 ---p 00000000 00:00 0 
7f4de9816000-7f4de9914000 rwxp 00000000 00:00 0 
7f4de9914000-7f4de9917000 ---p 00000000 00:00 0 
7f4de9917000-7f4de9a15000 rwxp 00000000 00:00 0 
7f4de9a97000-7f4de9a9a000 ---p 00000000 00:00 0 
7f4de9a9a000-7f4de9b98000 rwxp 00000000 00:00 0 
7f4de9b98000-7f4de9b9b000 ---p 00000000 00:00 0 
7f4de9b9b000-7f4de9c99000 rwxp 00000000 00:00 0 
7f4de9c99000-7f4de9c9c000 ---p 00000000 00:00 0 
7f4de9c9c000-7f4de9d9a000 rwxp 00000000 00:00 0 
7f4de9d9a000-7f4de9da1000 r-xp 00000000 08:08 5901017                    /users/oconnorp/Programs/jdk1.6.0_32/jre/lib/amd64/libnio.so
7f4de9da1000-7f4de9ea0000 ---p 00007000 08:08 5901017                    /users/oconnorp/Programs/jdk1.6.0_32/jre/lib/amd64/libnio.so
7f4de9ea0000-7f4de9ea2000 rwxp 00006000 08:08 5901017                    /users/oconnorp/Programs/jdk1.6.0_32/jre/lib/amd64/libnio.so
7f4de9ea2000-7f4de9eb5000 r-xp 00000000 08:08 5901016                    /users/oconnorp/Programs/jdk1.6.0_32/jre/lib/amd64/libnet.so
7f4de9eb5000-7f4de9fb6000 ---p 00013000 08:08 5901016                    /users/oconnorp/Programs/jdk1.6.0_32/jre/lib/amd64/libnet.so
7f4de9fb6000-7f4de9fb9000 rwxp 00014000 08:08 5901016                    /users/oconnorp/Programs/jdk1.6.0_32/jre/lib/amd64/libnet.so
7f4de9fb9000-7f4de9fbc000 ---p 00000000 00:00 0 
7f4de9fbc000-7f4dea0ba000 rwxp 00000000 00:00 0 
7f4dea0ba000-7f4dea0bd000 ---p 00000000 00:00 0 
7f4dea0bd000-7f4dea1bb000 rwxp 00000000 00:00 0 
7f4dea1bb000-7f4dea234000 r-xp 00000000 08:08 5901025                    /users/oconnorp/Programs/jdk1.6.0_32/jre/lib/amd64/libfontmanager.so
7f4dea234000-7f4dea333000 ---p 00079000 08:08 5901025                    /users/oconnorp/Programs/jdk1.6.0_32/jre/lib/amd64/libfontmanager.so
7f4dea333000-7f4dea348000 rwxp 00078000 08:08 5901025                    /users/oconnorp/Programs/jdk1.6.0_32/jre/lib/amd64/libfontmanager.so
7f4dea348000-7f4dea35a000 rwxp 00000000 00:00 0 
7f4dea35a000-7f4dea368000 r-xp 00000000 08:02 526099                     /usr/lib/libXi.so.6.1.0
7f4dea368000-7f4dea568000 ---p 0000e000 08:02 526099                     /usr/lib/libXi.so.6.1.0
7f4dea568000-7f4dea569000 r-xp 0000e000 08:02 526099                     /usr/lib/libXi.so.6.1.0
7f4dea569000-7f4dea56a000 rwxp 0000f000 08:02 526099                     /usr/lib/libXi.so.6.1.0
7f4dea56a000-7f4dea56f000 r-xp 00000000 08:02 526119                     /usr/lib/libXtst.so.6.1.0
7f4dea56f000-7f4dea76f000 ---p 00005000 08:02 526119                     /usr/lib/libXtst.so.6.1.0
7f4dea76f000-7f4dea770000 r-xp 00005000 08:02 526119                     /usr/lib/libXtst.so.6.1.0
7f4dea770000-7f4dea771000 rwxp 00006000 08:02 526119                     /usr/lib/libXtst.so.6.1.0
7f4dea771000-7f4dea7b3000 r-xp 00000000 08:08 5901014                    /users/oconnorp/Programs/jdk1.6.0_32/jre/lib/amd64/xawt/libmawt.so
7f4dea7b3000-7f4dea8b2000 ---p 00042000 08:08 5901014                    /users/oconnorp/Programs/jdk1.6.0_32/jre/lib/amd64/xawt/libmawt.so
7f4dea8b2000-7f4dea8be000 rwxp 00041000 08:08 5901014                    /users/oconnorp/Programs/jdk1.6.0_32/jre/lib/amd64/xawt/libmawt.so
7f4dea8be000-7f4dea8bf000 rwxp 00000000 00:00 0 
7f4dea8bf000-7f4dea951000 r-xp 00000000 08:08 5901061                    /users/oconnorp/Programs/jdk1.6.0_32/jre/lib/amd64/libawt.so
7f4dea951000-7f4deaa50000 ---p 00092000 08:08 5901061                    /users/oconnorp/Programs/jdk1.6.0_32/jre/lib/amd64/libawt.so
7f4deaa50000-7f4deaa6a000 rwxp 00091000 08:08 5901061                    /users/oconnorp/Programs/jdk1.6.0_32/jre/lib/amd64/libawt.so
7f4deaa6a000-7f4deaa8e000 rwxp 00000000 00:00 0 
7f4deaa8e000-7f4deaa8f000 ---p 00000000 00:00 0 
7f4deaa8f000-7f4deab8f000 rwxp 00000000 00:00 0 
7f4deab8f000-7f4deab92000 ---p 00000000 00:00 0 
7f4deab92000-7f4deac90000 rwxp 00000000 00:00 0 
7f4deac90000-7f4deac93000 ---p 00000000 00:00 0 
7f4deac93000-7f4dead91000 rwxp 00000000 00:00 0 
7f4dead91000-7f4dead94000 ---p 00000000 00:00 0 
7f4dead94000-7f4deae92000 rwxp 00000000 00:00 0 
7f4deae92000-7f4deae95000 ---p 00000000 00:00 0 
7f4deae95000-7f4deaf93000 rwxp 00000000 00:00 0 
7f4deaf93000-7f4deaf96000 ---p 00000000 00:00 0 
7f4deaf96000-7f4deb094000 rwxp 00000000 00:00 0 
7f4deb094000-7f4deb097000 ---p 00000000 00:00 0 
7f4deb097000-7f4deb195000 rwxp 00000000 00:00 0 
7f4deb195000-7f4deb198000 r-xp 00000000 08:08 5901052                    /users/oconnorp/Programs/jdk1.6.0_32/jre/lib/amd64/libdt_socket.so
7f4deb198000-7f4deb297000 ---p 00003000 08:08 5901052                    /users/oconnorp/Programs/jdk1.6.0_32/jre/lib/amd64/libdt_socket.so
7f4deb297000-7f4deb299000 rwxp 00002000 08:08 5901052                    /users/oconnorp/Programs/jdk1.6.0_32/jre/lib/amd64/libdt_socket.so
7f4deb299000-7f4deb29c000 ---p 00000000 00:00 0 
7f4deb29c000-7f4deb39a000 rwxp 00000000 00:00 0 
7f4deb39a000-7f4deb39d000 ---p 00000000 00:00 0 
7f4deb39d000-7f4deb49b000 rwxp 00000000 00:00 0 
7f4deb49b000-7f4deb49e000 ---p 00000000 00:00 0 
7f4deb49e000-7f4deb59c000 rwxp 00000000 00:00 0 
7f4deb59c000-7f4deb59d000 ---p 00000000 00:00 0 
7f4deb59d000-7f4dec014000 rwxp 00000000 00:00 0 
7f4dec014000-7f4deeda4000 rwxp 00000000 00:00 0 
7f4deeda4000-7f4deedcd000 r-xp 00000000 08:08 5901040                    /users/oconnorp/Programs/jdk1.6.0_32/jre/lib/amd64/libjava.so
7f4deedcd000-7f4deeecc000 ---p 00029000 08:08 5901040                    /users/oconnorp/Programs/jdk1.6.0_32/jre/lib/amd64/libjava.so
7f4deeecc000-7f4deeed3000 rwxp 00028000 08:08 5901040                    /users/oconnorp/Programs/jdk1.6.0_32/jre/lib/amd64/libjava.so
7f4deeefa000-7f4deeefb000 r-xs 00000000 08:02 1706781                    /var/cache/fontconfig/c05880de57d1f5e948fdfacc138775d9-le64.cache-3
7f4deeefb000-7f4deef04000 r-xs 00000000 08:02 1706778                    /var/cache/fontconfig/945677eb7aeaf62f1d50efc3fb3ec7d8-le64.cache-3
7f4deef04000-7f4deef06000 r-xs 00000000 08:02 1706779                    /var/cache/fontconfig/99e8ed0e538f840c565b6ed5dad60d56-le64.cache-3
7f4deef06000-7f4deef09000 r-xs 00000000 08:02 1706788                    /var/cache/fontconfig/e383d7ea5fbe662a33d9b44caf393297-le64.cache-3
7f4deef09000-7f4deef0c000 r-xs 00000000 08:02 1704604                    /var/cache/fontconfig/2cd17615ca594fa2959ae173292e504c-le64.cache-3
7f4deef0c000-7f4deef15000 r-xs 00000000 08:02 1704816                    /var/cache/fontconfig/6d41288fd70b0be22e8c3a91e032eec0-le64.cache-3
7f4deef15000-7f4deef25000 r-xs 00000000 08:02 1706765                    /var/cache/fontconfig/0f34bcd4b6ee430af32735b75db7f02b-le64.cache-3
7f4deef25000-7f4deef2f000 r-xs 00000000 08:02 1706784                    /var/cache/fontconfig/d52a8644073d54c13679302ca1180695-le64.cache-3
7f4deef2f000-7f4def131000 rwxp 00000000 00:00 0 
7f4def131000-7f4def2c8000 r-xs 03079000 08:08 5901816                    /users/oconnorp/Programs/jdk1.6.0_32/jre/lib/rt.jar
7f4def2c8000-7f4def2c9000 ---p 00000000 00:00 0 
7f4def2c9000-7f4def3c9000 rwxp 00000000 00:00 0 
7f4def3c9000-7f4def3ca000 ---p 00000000 00:00 0 
7f4def3ca000-7f4def4ca000 rwxp 00000000 00:00 0 
7f4def4ca000-7f4def4cb000 ---p 00000000 00:00 0 
7f4def4cb000-7f4def5cb000 rwxp 00000000 00:00 0 
7f4def5cb000-7f4def5cc000 ---p 00000000 00:00 0 
7f4def5cc000-7f4def6cc000 rwxp 00000000 00:00 0 
7f4def6cc000-7f4def6cd000 ---p 00000000 00:00 0 
7f4def6cd000-7f4def7cd000 rwxp 00000000 00:00 0 
7f4def7cd000-7f4def7ce000 ---p 00000000 00:00 0 
7f4def7ce000-7f4def8ce000 rwxp 00000000 00:00 0 
7f4def8ce000-7f4def8cf000 ---p 00000000 00:00 0 
7f4def8cf000-7f4def9cf000 rwxp 00000000 00:00 0 
7f4def9cf000-7f4def9d0000 ---p 00000000 00:00 0 
7f4def9d0000-7f4defae5000 rwxp 00000000 00:00 0 
7f4defae5000-7f4defaf9000 rwxp 00000000 00:00 0 
7f4defaf9000-7f4defb16000 rwxp 00000000 00:00 0 
7f4defb16000-7f4defb19000 ---p 00000000 00:00 0 
7f4defb19000-7f4defceb000 rwxp 00000000 00:00 0 
7f4defceb000-7f4defd00000 rwxp 00000000 00:00 0 
7f4defd00000-7f4defd14000 rwxp 00000000 00:00 0 
7f4defd14000-7f4defd31000 rwxp 00000000 00:00 0 
7f4defd31000-7f4defd34000 ---p 00000000 00:00 0 
7f4defd34000-7f4deff06000 rwxp 00000000 00:00 0 
7f4deff06000-7f4deff5a000 rwxp 00000000 00:00 0 
7f4deff5a000-7f4deff77000 ---p 00000000 00:00 0 
7f4deff77000-7f4deffff000 rwxp 00000000 00:00 0 
7f4deffff000-7f4df0000000 rwxp 00000000 00:00 0 
7f4df0000000-7f4df04cc000 rwxp 00000000 00:00 0 
7f4df04cc000-7f4df4000000 ---p 00000000 00:00 0 
7f4df4000000-7f4df4013000 r-xs 00000000 08:02 1703478                    /var/cache/fontconfig/e13b20fdb08344e0e664864cc2ede53d-le64.cache-3
7f4df4013000-7f4df4021000 r-xp 00000000 08:08 5901027                    /users/oconnorp/Programs/jdk1.6.0_32/jre/lib/amd64/libzip.so
7f4df4021000-7f4df4123000 ---p 0000e000 08:08 5901027                    /users/oconnorp/Programs/jdk1.6.0_32/jre/lib/amd64/libzip.so
7f4df4123000-7f4df4126000 rwxp 00010000 08:08 5901027                    /users/oconnorp/Programs/jdk1.6.0_32/jre/lib/amd64/libzip.so
7f4df4126000-7f4df4127000 rwxp 00000000 00:00 0 
7f4df4127000-7f4df412c000 r-xp 00000000 08:02 1458517                    /lib/libnss_dns-2.12.1.so
7f4df412c000-7f4df432b000 ---p 00005000 08:02 1458517                    /lib/libnss_dns-2.12.1.so
7f4df432b000-7f4df432c000 r-xp 00004000 08:02 1458517                    /lib/libnss_dns-2.12.1.so
7f4df432c000-7f4df432d000 rwxp 00005000 08:02 1458517                    /lib/libnss_dns-2.12.1.so
7f4df432d000-7f4df432f000 r-xp 00000000 08:02 1439093                    /lib/libnss_mdns4_minimal.so.2
7f4df432f000-7f4df452e000 ---p 00002000 08:02 1439093                    /lib/libnss_mdns4_minimal.so.2
7f4df452e000-7f4df452f000 r-xp 00001000 08:02 1439093                    /lib/libnss_mdns4_minimal.so.2
7f4df452f000-7f4df4530000 rwxp 00002000 08:02 1439093                    /lib/libnss_mdns4_minimal.so.2
7f4df4530000-7f4df4533000 r-xp 00000000 08:02 1439061                    /lib/libgpg-error.so.0.4.0
7f4df4533000-7f4df4732000 ---p 00003000 08:02 1439061                    /lib/libgpg-error.so.0.4.0
7f4df4732000-7f4df4733000 r-xp 00002000 08:02 1439061                    /lib/libgpg-error.so.0.4.0
7f4df4733000-7f4df4734000 rwxp 00003000 08:02 1439061                    /lib/libgpg-error.so.0.4.0
7f4df4734000-7f4df47a8000 r-xp 00000000 08:02 1439057                    /lib/libgcrypt.so.11.5.3
7f4df47a8000-7f4df49a8000 ---p 00074000 08:02 1439057                    /lib/libgcrypt.so.11.5.3
7f4df49a8000-7f4df49a9000 r-xp 00074000 08:02 1439057                    /lib/libgcrypt.so.11.5.3
7f4df49a9000-7f4df49ac000 rwxp 00075000 08:02 1439057                    /lib/libgcrypt.so.11.5.3
7f4df49ac000-7f4df49c2000 r-xp 00000000 08:02 1439170                    /lib/libz.so.1.2.3.4
7f4df49c2000-7f4df4bc2000 ---p 00016000 08:02 1439170                    /lib/libz.so.1.2.3.4
7f4df4bc2000-7f4df4bc3000 r-xp 00016000 08:02 1439170                    /lib/libz.so.1.2.3.4
7f4df4bc3000-7f4df4bc4000 rwxp 00017000 08:02 1439170                    /lib/libz.so.1.2.3.4
7f4df4bc4000-7f4df4bd4000 r-xp 00000000 08:02 526942                     /usr/lib/libtasn1.so.3.1.9
7f4df4bd4000-7f4df4dd3000 ---p 00010000 08:02 526942                     /usr/lib/libtasn1.so.3.1.9
7f4df4dd3000-7f4df4dd4000 r-xp 0000f000 08:02 526942                     /usr/lib/libtasn1.so.3.1.9
7f4df4dd4000-7f4df4dd5000 rwxp 00010000 08:02 526942                     /usr/lib/libtasn1.so.3.1.9
7f4df4dd5000-7f4df4dd7000 r-xp 00000000 08:02 1439069                    /lib/libkeyutils.so.1.3
7f4df4dd7000-7f4df4fd6000 ---p 00002000 08:02 1439069                    /lib/libkeyutils.so.1.3
7f4df4fd6000-7f4df4fd7000 r-xp 00001000 08:02 1439069                    /lib/libkeyutils.so.1.3
7f4df4fd7000-7f4df4fd8000 rwxp 00002000 08:02 1439069                    /lib/libkeyutils.so.1.3
7f4df4fd8000-7f4df4fdf000 r-xp 00000000 08:02 527117                     /usr/lib/libkrb5support.so.0.1
7f4df4fdf000-7f4df51de000 ---p 00007000 08:02 527117                     /usr/lib/libkrb5support.so.0.1
7f4df51de000-7f4df51df000 r-xp 00006000 08:02 527117                     /usr/lib/libkrb5support.so.0.1
7f4df51df000-7f4df51e0000 rwxp 00007000 08:02 527117                     /usr/lib/libkrb5support.so.0.1
7f4df51e0000-7f4df5204000 r-xp 00000000 08:02 526265                     /usr/lib/libk5crypto.so.3.1
7f4df5204000-7f4df5404000 ---p 00024000 08:02 526265                     /usr/lib/libk5crypto.so.3.1
7f4df5404000-7f4df5405000 r-xp 00024000 08:02 526265                     /usr/lib/libk5crypto.so.3.1
7f4df5405000-7f4df5406000 rwxp 00025000 08:02 526265                     /usr/lib/libk5crypto.so.3.1
7f4df5406000-7f4df54a0000 r-xp 00000000 08:02 525012                     /usr/lib/libgnutls.so.26.14.12
7f4df54a0000-7f4df56a0000 ---p 0009a000 08:02 525012                     /usr/lib/libgnutls.so.26.14.12
7f4df56a0000-7f4df56a6000 r-xp 0009a000 08:02 525012                     /usr/lib/libgnutls.so.26.14.12
7f4df56a6000-7f4df56a7000 rwxp 000a0000 08:02 525012                     /usr/lib/libgnutls.so.26.14.12
7f4df56a7000-7f4df56bd000 r-xp 00000000 08:02 1458530                    /lib/libresolv-2.12.1.so
7f4df56bd000-7f4df58bc000 ---p 00016000 08:02 1458530                    /lib/libresolv-2.12.1.so
7f4df58bc000-7f4df58bd000 r-xp 00015000 08:02 1458530                    /lib/libresolv-2.12.1.so
7f4df58bd000-7f4df58be000 rwxp 00016000 08:02 1458530                    /lib/libresolv-2.12.1.so
7f4df58be000-7f4df58c0000 rwxp 00000000 00:00 0 
7f4df58c0000-7f4df58f2000 r-xp 00000000 08:02 529493                     /usr/lib/libgssapi_krb5.so.2.2
7f4df58f2000-7f4df5af2000 ---p 00032000 08:02 529493                     /usr/lib/libgssapi_krb5.so.2.2
7f4df5af2000-7f4df5af3000 r-xp 00032000 08:02 529493                     /usr/lib/libgssapi_krb5.so.2.2
7f4df5af3000-7f4df5af4000 rwxp 00033000 08:02 529493                     /usr/lib/libgssapi_krb5.so.2.2
7f4df5af4000-7f4df5af7000 r-xp 00000000 08:02 1439028                    /lib/libcom_err.so.2.1
7f4df5af7000-7f4df5cf6000 ---p 00003000 08:02 1439028                    /lib/libcom_err.so.2.1
7f4df5cf6000-7f4df5cf7000 r-xp 00002000 08:02 1439028                    /lib/libcom_err.so.2.1
7f4df5cf7000-7f4df5cf8000 rwxp 00003000 08:02 1439028                    /lib/libcom_err.so.2.1
7f4df5cf8000-7f4df5db1000 r-xp 00000000 08:02 537775                     /usr/lib/libkrb5.so.3.3
7f4df5db1000-7f4df5fb0000 ---p 000b9000 08:02 537775                     /usr/lib/libkrb5.so.3.3
7f4df5fb0000-7f4df5fb9000 r-xp 000b8000 08:02 537775                     /usr/lib/libkrb5.so.3.3
7f4df5fb9000-7f4df5fba000 rwxp 000c1000 08:02 537775                     /usr/lib/libkrb5.so.3.3
7f4df5fba000-7f4df5fd3000 r-xp 00000000 08:02 526884                     /usr/lib/libsasl2.so.2.0.23
7f4df5fd3000-7f4df61d2000 ---p 00019000 08:02 526884                     /usr/lib/libsasl2.so.2.0.23
7f4df61d2000-7f4df61d3000 r-xp 00018000 08:02 526884                     /usr/lib/libsasl2.so.2.0.23
7f4df61d3000-7f4df61d4000 rwxp 00019000 08:02 526884                     /usr/lib/libsasl2.so.2.0.23
7f4df61d4000-7f4df61e1000 r-xp 00000000 08:02 523653                     /usr/lib/liblber-2.4.so.2.5.6
7f4df61e1000-7f4df63e0000 ---p 0000d000 08:02 523653                     /usr/lib/liblber-2.4.so.2.5.6
7f4df63e0000-7f4df63e1000 r-xp 0000c000 08:02 523653                     /usr/lib/liblber-2.4.so.2.5.6
7f4df63e1000-7f4df63e2000 rwxp 0000d000 08:02 523653                     /usr/lib/liblber-2.4.so.2.5.6
7f4df63e2000-7f4df6428000 r-xp 00000000 08:02 523654                     /usr/lib/libldap_r-2.4.so.2.5.6
7f4df6428000-7f4df6628000 ---p 00046000 08:02 523654                     /usr/lib/libldap_r-2.4.so.2.5.6
7f4df6628000-7f4df662a000 r-xp 00046000 08:02 523654                     /usr/lib/libldap_r-2.4.so.2.5.6
7f4df662a000-7f4df662b000 rwxp 00048000 08:02 523654                     /usr/lib/libldap_r-2.4.so.2.5.6
7f4df662b000-7f4df662d000 rwxp 00000000 00:00 0 
7f4df662d000-7f4df6641000 r-xp 00000000 08:02 1455812                    /lib/libnss_ldap-2.11.1.so
7f4df6641000-7f4df6840000 ---p 00014000 08:02 1455812                    /lib/libnss_ldap-2.11.1.so
7f4df6840000-7f4df6841000 r-xp 00013000 08:02 1455812                    /lib/libnss_ldap-2.11.1.so
7f4df6841000-7f4df6842000 rwxp 00014000 08:02 1455812                    /lib/libnss_ldap-2.11.1.so
7f4df6842000-7f4df684d000 rwxp 00000000 00:00 0 
7f4df684d000-7f4df6859000 r-xp 00000000 08:02 1458520                    /lib/libnss_files-2.12.1.so
7f4df6859000-7f4df6a58000 ---p 0000c000 08:02 1458520                    /lib/libnss_files-2.12.1.so
7f4df6a58000-7f4df6a59000 r-xp 0000b000 08:02 1458520                    /lib/libnss_files-2.12.1.so
7f4df6a59000-7f4df6a5a000 rwxp 0000c000 08:02 1458520                    /lib/libnss_files-2.12.1.so
7f4df6a5a000-7f4df6a5d000 r-xp 00000000 08:08 5901018                    /users/oconnorp/Programs/jdk1.6.0_32/jre/lib/amd64/libnpt.so
7f4df6a5d000-7f4df6b5c000 ---p 00003000 08:08 5901018                    /users/oconnorp/Programs/jdk1.6.0_32/jre/lib/amd64/libnpt.so
7f4df6b5c000-7f4df6b5d000 rwxp 00002000 08:08 5901018                    /users/oconnorp/Programs/jdk1.6.0_32/jre/lib/amd64/libnpt.so
7f4df6b5d000-7f4df6b93000 r-xp 00000000 08:08 5901044                    /users