#
# A fatal error has been detected by the Java Runtime Environment:
#
#  SIGSEGV (0xb) at pc=0x00007fb1d855b759, pid=31773, tid=140401827043072
#
# JRE version: 6.0_32-b05
# Java VM: Java HotSpot(TM) 64-Bit Server VM (20.7-b02 mixed mode linux-amd64 compressed oops)
# Problematic frame:
# C  [libGL.so.1+0x91759]  __float128+0x25289
#
# If you would like to submit a bug report, please visit:
#   http://java.sun.com/webapps/bugreport/crash.jsp
# The crash happened outside the Java Virtual Machine in native code.
# See problematic frame for where to report the bug.
#

---------------  T H R E A D  ---------------

Current thread (0x0000000041df4800):  JavaThread "AWT-EventQueue-0" [_thread_in_native, id=31804, stack(0x00007fb1d8f6d000,0x00007fb1d906e000)]

siginfo:si_signo=SIGSEGV: si_errno=0, si_code=1 (SEGV_MAPERR), si_addr=0x000000004033b000

Registers:
RAX=0x000000004033b000, RBX=0x00007fb1e0817f28, RCX=0x00007fb1d87b9ce0, RDX=0x00007fb1d8296bc0
RSP=0x00007fb1d906acf0, RBP=0x0000000000000001, RSI=0x00007fb1e0817f28, RDI=0x00007fb1d87b9f40
R8 =0x000000000000087c, R9 =0x00007fb1e0613390, R10=0x0000000000000000, R11=0x0000000000000206
R12=0x00007fb1d906ad10, R13=0x0000000000000001, R14=0x00007fb1e0817f28, R15=0x00007fb1d879e750
RIP=0x00007fb1d855b759, EFLAGS=0x0000000000010202, CSGSFS=0x0000000000000033, ERR=0x0000000000000004
  TRAPNO=0x000000000000000e

Top of Stack: (sp=0x00007fb1d906acf0)
0x00007fb1d906acf0:   00007fb1d906ad10 000000004033b000
0x00007fb1d906ad00:   0000012cd906ad50 000000010000012c
0x00007fb1d906ad10:   000000004033b000 00007fb1d60f6ee8
0x00007fb1d906ad20:   0000000000000000 00007fb1d906add8
0x00007fb1d906ad30:   00007fb1d906ade0 0000000041df49d0
0x00007fb1d906ad40:   0000000000000000 00007fb1d85617a9
0x00007fb1d906ad50:   0000000000000000 00007fb1dc25533e
0x00007fb1d906ad60:   0000000000000000 0000000005a00037
0x00007fb1d906ad70:   00007fb1d82b2f20 0000000000007c1d
0x00007fb1d906ad80:   00007fb1e039e520 00007fb1d75830b0
0x00007fb1d906ad90:   000000009ea1afd8 00007fb1e01e2c10
0x00007fb1d906ada0:   00007fb1e0817ee0 00007fb1e07ad100
0x00007fb1d906adb0:   000000009ea1afd8 00007fb1d906aee8
0x00007fb1d906adc0:   0000000041df4800 00007fb1d8533e27
0x00007fb1d906add0:   00007fb1dc250298 00000000a2f2b508
0x00007fb1d906ade0:   00000000a335f578 00007fb1d906ade8
0x00007fb1d906adf0:   000000009ea30f9d 000000009ea1afd8
0x00007fb1d906ae00:   00007fb1d906ae40 0000000000000000
0x00007fb1d906ae10:   000000009ea1afd8 00007fb1d6550b42
0x00007fb1d906ae20:   0000000005a00037 00007fb1e01e2c10
0x00007fb1d906ae30:   00007fb1d906aec0 0000000041df49d0
0x00007fb1d906ae40:   00007fb1d906aeb0 00007fb1dc254b55
0x00007fb1d906ae50:   00007fb1d906ae90 000000009e9f5a40
0x00007fb1d906ae60:   0000000000000000 000000009e9e3da8
0x00007fb1d906ae70:   00007fb1d906ae70 0000000000000000
0x00007fb1d906ae80:   00007fb1d906aee8 000000009ea1ede0
0x00007fb1d906ae90:   0000000000000000 000000009ea1afd8
0x00007fb1d906aea0:   0000000000000000 00007fb1d906aed0
0x00007fb1d906aeb0:   00007fb1d906af30 00007fb1dc243b02
0x00007fb1d906aec0:   000000009ea1c308 00007fb1dc250298
0x00007fb1d906aed0:   0000000005a00037 00007fb1d906af30
0x00007fb1d906aee0:   00007fb1e01e2c10 00000000a3b71930 

Instructions: (pc=0x00007fb1d855b759)
0x00007fb1d855b739:   44 3b 6c 24 1c 75 90 4c 8b 24 24 31 ed 48 8b 0d
0x00007fb1d855b749:   db bf 23 00 49 8b 04 24 4c 89 f6 ff c5 48 8b 11
0x00007fb1d855b759:   48 8b 38 ff 92 68 03 00 00 48 8b 15 bf bf 23 00
0x00007fb1d855b769:   48 89 c3 49 8b 3c 24 49 83 c4 08 48 8b 02 ff 90 

Register to memory mapping:

RAX=0x000000004033b000 is an unknown value
RBX=0x00007fb1e0817f28 is an unknown value
RCX=0x00007fb1d87b9ce0: <offset 0x2efce0> in /usr/lib/nvidia-current/libGL.so.1 at 0x00007fb1d84ca000
RDX=0x00007fb1d8296bc0: <offset 0x1ba7bc0> in /usr/lib/nvidia-current/libnvidia-glcore.so.260.19.06 at 0x00007fb1d66ef000
RSP=0x00007fb1d906acf0 is pointing into the stack for thread: 0x0000000041df4800
RBP=0x0000000000000001 is an unknown value
RSI=0x00007fb1e0817f28 is an unknown value
RDI=0x00007fb1d87b9f40: <offset 0x2eff40> in /usr/lib/nvidia-current/libGL.so.1 at 0x00007fb1d84ca000
R8 =0x000000000000087c is an unknown value
R9 =0x00007fb1e0613390 is an unknown value
R10=0x0000000000000000 is an unknown value
R11=0x0000000000000206 is an unknown value
R12=0x00007fb1d906ad10 is pointing into the stack for thread: 0x0000000041df4800
R13=0x0000000000000001 is an unknown value
R14=0x00007fb1e0817f28 is an unknown value
R15=0x00007fb1d879e750: <offset 0x2d4750> in /usr/lib/nvidia-current/libGL.so.1 at 0x00007fb1d84ca000


Stack: [0x00007fb1d8f6d000,0x00007fb1d906e000],  sp=0x00007fb1d906acf0,  free space=1015k
Native frames: (J=compiled Java code, j=interpreted, Vv=VM code, C=native code)
C  [libGL.so.1+0x91759]  __float128+0x25289

Java frames: (J=compiled Java code, j=interpreted, Vv=VM code)
j  com.sun.opengl.impl.x11.GLX.glXSwapBuffers(JJ)V+0
j  com.sun.opengl.impl.x11.X11OnscreenGLDrawable.swapBuffers()V+38
j  com.sun.opengl.impl.GLDrawableHelper.invokeGL(Ljavax/media/opengl/GLDrawable;Ljavax/media/opengl/GLContext;Ljava/lang/Runnable;Ljava/lang/Runnable;)V+435
j  javax.media.opengl.GLCanvas.maybeDoSingleThreadedWorkaround(Ljava/lang/Runnable;Ljava/lang/Runnable;)V+36
j  javax.media.opengl.GLCanvas.display()V+9
j  javax.media.opengl.GLCanvas.paint(Ljava/awt/Graphics;)V+125
j  javax.media.opengl.GLCanvas.update(Ljava/awt/Graphics;)V+2
j  sun.awt.RepaintArea.updateComponent(Ljava/awt/Component;Ljava/awt/Graphics;)V+6
j  sun.awt.X11.XRepaintArea.updateComponent(Ljava/awt/Component;Ljava/awt/Graphics;)V+23
j  sun.awt.RepaintArea.paint(Ljava/lang/Object;Z)V+263
j  sun.awt.X11.XComponentPeer.handleEvent(Ljava/awt/AWTEvent;)V+224
j  java.awt.Component.dispatchEventImpl(Ljava/awt/AWTEvent;)V+861
j  java.awt.Component.dispatchEvent(Ljava/awt/AWTEvent;)V+2
j  java.awt.EventQueue.dispatchEventImpl(Ljava/awt/AWTEvent;Ljava/lang/Object;)V+41
j  java.awt.EventQueue.access$000(Ljava/awt/EventQueue;Ljava/awt/AWTEvent;Ljava/lang/Object;)V+3
j  java.awt.EventQueue$1.run()Ljava/lang/Void;+12
j  java.awt.EventQueue$1.run()Ljava/lang/Object;+1
v  ~StubRoutines::call_stub
j  java.security.AccessController.doPrivileged(Ljava/security/PrivilegedAction;Ljava/security/AccessControlContext;)Ljava/lang/Object;+0
j  java.security.AccessControlContext$1.doIntersectionPrivilege(Ljava/security/PrivilegedAction;Ljava/security/AccessControlContext;Ljava/security/AccessControlContext;)Ljava/lang/Object;+28
j  java.security.AccessControlContext$1.doIntersectionPrivilege(Ljava/security/PrivilegedAction;Ljava/security/AccessControlContext;)Ljava/lang/Object;+6
j  java.awt.EventQueue$2.run()Ljava/lang/Void;+11
j  java.awt.EventQueue$2.run()Ljava/lang/Object;+1
v  ~StubRoutines::call_stub
j  java.security.AccessController.doPrivileged(Ljava/security/PrivilegedAction;Ljava/security/AccessControlContext;)Ljava/lang/Object;+0
j  java.security.AccessControlContext$1.doIntersectionPrivilege(Ljava/security/PrivilegedAction;Ljava/security/AccessControlContext;Ljava/security/AccessControlContext;)Ljava/lang/Object;+28
j  java.awt.EventQueue.dispatchEvent(Ljava/awt/AWTEvent;)V+73
j  java.awt.EventDispatchThread.pumpOneEventForFilters(I)Z+204
j  java.awt.EventDispatchThread.pumpEventsForFilter(ILjava/awt/Conditional;Ljava/awt/EventFilter;)V+30
j  java.awt.EventDispatchThread.pumpEventsForHierarchy(ILjava/awt/Conditional;Ljava/awt/Component;)V+11
j  java.awt.EventDispatchThread.pumpEvents(ILjava/awt/Conditional;)V+4
j  java.awt.EventDispatchThread.pumpEvents(Ljava/awt/Conditional;)V+3
j  java.awt.EventDispatchThread.run()V+9
v  ~StubRoutines::call_stub

---------------  P R O C E S S  ---------------

Java Threads: ( => current thread )
  0x00007fb1e04bf800 JavaThread "NetPlotter" [_thread_blocked, id=31816, stack(0x00007fb1d5ff5000,0x00007fb1d60f6000)]
  0x00007fb1e03c5000 JavaThread "Timer-0" daemon [_thread_blocked, id=31815, stack(0x00007fb1d8975000,0x00007fb1d8a76000)]
  0x00007fb1e0372800 JavaThread "TimerQueue" daemon [_thread_blocked, id=31814, stack(0x00007fb1d8a76000,0x00007fb1d8b77000)]
  0x00007fb1e03eb000 JavaThread "Thread-1" [_thread_in_Java, id=31807, stack(0x00007fb1d8c78000,0x00007fb1d8d79000)]
  0x00000000419de000 JavaThread "DestroyJavaVM" [_thread_blocked, id=31778, stack(0x00007fb1e6b9e000,0x00007fb1e6c9f000)]
  0x00007fb1e0333000 JavaThread "org.netbeans.modules.debugger.jpda.visual AWT Access Loop" daemon [_thread_blocked, id=31805, stack(0x00007fb1d8e6c000,0x00007fb1d8f6d000)]
=>0x0000000041df4800 JavaThread "AWT-EventQueue-0" [_thread_in_native, id=31804, stack(0x00007fb1d8f6d000,0x00007fb1d906e000)]
  0x0000000041e75000 JavaThread "AWT-Shutdown" [_thread_blocked, id=31803, stack(0x00007fb1d906e000,0x00007fb1d916f000)]
  0x0000000041b4a000 JavaThread "AWT-XAWT" daemon [_thread_blocked, id=31802, stack(0x00007fb1d938e000,0x00007fb1d948f000)]
  0x00007fb1e021c000 JavaThread "Java2D Disposer" daemon [_thread_blocked, id=31801, stack(0x00007fb1d948f000,0x00007fb1d9590000)]
  0x00007fb1e0130000 JavaThread "Low Memory Detector" daemon [_thread_blocked, id=31799, stack(0x00007fb1d9f81000,0x00007fb1da082000)]
  0x00007fb1e012e000 JavaThread "C2 CompilerThread1" daemon [_thread_blocked, id=31798, stack(0x00007fb1da082000,0x00007fb1da183000)]
  0x00007fb1e012c000 JavaThread "C2 CompilerThread0" daemon [_thread_blocked, id=31797, stack(0x00007fb1da183000,0x00007fb1da284000)]
  0x00007fb1e0125800 JavaThread "JDWP Event Helper Thread" daemon [_thread_blocked, id=31793, stack(0x00007fb1da385000,0x00007fb1da486000)]
  0x00007fb1e0121800 JavaThread "JDWP Transport Listener: dt_socket" daemon [_thread_in_native, id=31791, stack(0x00007fb1da486000,0x00007fb1da587000)]
  0x00007fb1e0116800 JavaThread "Signal Dispatcher" daemon [_thread_blocked, id=31790, stack(0x00007fb1da68b000,0x00007fb1da78c000)]
  0x00007fb1e00fc000 JavaThread "Finalizer" daemon [_thread_blocked, id=31789, stack(0x00007fb1da78c000,0x00007fb1da88d000)]
  0x00007fb1e00fa000 JavaThread "Reference Handler" daemon [_thread_blocked, id=31788, stack(0x00007fb1da88d000,0x00007fb1da98e000)]

Other Threads:
  0x00007fb1e00f3800 VMThread [stack: 0x00007fb1da98e000,0x00007fb1daa8f000] [id=31787]
  0x00007fb1e013b000 WatcherThread [stack: 0x00007fb1d9e80000,0x00007fb1d9f81000] [id=31800]

VM state:not at safepoint (normal execution)

VM Mutex/Monitor currently owned by a thread: None

Heap
 PSYoungGen      total 107456K, used 62291K [0x00000000e0e00000, 0x00000000ec650000, 0x0000000100000000)
  eden space 83712K, 68% used [0x00000000e0e00000,0x00000000e45d7710,0x00000000e5fc0000)
  from space 23744K, 21% used [0x00000000e5fc0000,0x00000000e64bd818,0x00000000e76f0000)
  to   space 22400K, 0% used [0x00000000eb070000,0x00000000eb070000,0x00000000ec650000)
 PSOldGen        total 71232K, used 19341K [0x00000000a2a00000, 0x00000000a6f90000, 0x00000000e0e00000)
  object space 71232K, 27% used [0x00000000a2a00000,0x00000000a3ce35d0,0x00000000a6f90000)
 PSPermGen       total 44224K, used 22216K [0x000000009d800000, 0x00000000a0330000, 0x00000000a2a00000)
  object space 44224K, 50% used [0x000000009d800000,0x000000009edb2218,0x00000000a0330000)

Code Cache  [0x00007fb1dc23e000, 0x00007fb1dc4ae000, 0x00007fb1df23e000)
 total_blobs=1003 nmethods=252 adapters=713 free_code_cache=49126976 largest_free_block=9856

Dynamic libraries:
40000000-40009000 r-xp 00000000 08:08 5900415                            /users/oconnorp/Programs/jdk1.6.0_32/jre/bin/java
40108000-4010a000 rwxp 00008000 08:08 5900415                            /users/oconnorp/Programs/jdk1.6.0_32/jre/bin/java
419da000-42326000 rwxp 00000000 00:00 0                                  [heap]
9d800000-a0330000 rwxp 00000000 00:00 0 
a0330000-a2a00000 rwxp 00000000 00:00 0 
a2a00000-a6f90000 rwxp 00000000 00:00 0 
a6f90000-e0e00000 rwxp 00000000 00:00 0 
e0e00000-ec650000 rwxp 00000000 00:00 0 
ec650000-100000000 rwxp 00000000 00:00 0 
7fb1d4c55000-7fb1d5455000 rwxp 00000000 00:00 0 
7fb1d56b0000-7fb1d58b0000 rwxs a859b000 00:05 8204                       /dev/nvidia0
7fb1d5a79000-7fb1d5ff5000 rwxs 00000000 00:04 68124686                   /SYSV00000000 (deleted)
7fb1d5ff5000-7fb1d5ff8000 ---p 00000000 00:00 0 
7fb1d5ff8000-7fb1d60f6000 rwxp 00000000 00:00 0 
7fb1d60f6000-7fb1d60f8000 r-xp 00000000 08:08 9176684                    /users/oconnorp/Desktop/Dropbox/J/JSpikeStackMod/JSpikeStack/jars/libjogl_awt.so
7fb1d60f8000-7fb1d61f7000 ---p 00002000 08:08 9176684                    /users/oconnorp/Desktop/Dropbox/J/JSpikeStackMod/JSpikeStack/jars/libjogl_awt.so
7fb1d61f7000-7fb1d61f8000 rwxp 00001000 08:08 9176684                    /users/oconnorp/Desktop/Dropbox/J/JSpikeStackMod/JSpikeStack/jars/libjogl_awt.so
7fb1d61f8000-7fb1d61f9000 r-xp 00000000 08:08 5901041                    /users/oconnorp/Programs/jdk1.6.0_32/jre/lib/amd64/libjawt.so
7fb1d61f9000-7fb1d62f8000 ---p 00001000 08:08 5901041                    /users/oconnorp/Programs/jdk1.6.0_32/jre/lib/amd64/libjawt.so
7fb1d62f8000-7fb1d62f9000 rwxp 00000000 08:08 5901041                    /users/oconnorp/Programs/jdk1.6.0_32/jre/lib/amd64/libjawt.so
7fb1d62f9000-7fb1d62fe000 r-xp 00000000 08:02 526129                     /usr/lib/libXxf86vm.so.1.0.0
7fb1d62fe000-7fb1d64fd000 ---p 00005000 08:02 526129                     /usr/lib/libXxf86vm.so.1.0.0
7fb1d64fd000-7fb1d64fe000 r-xp 00004000 08:02 526129                     /usr/lib/libXxf86vm.so.1.0.0
7fb1d64fe000-7fb1d64ff000 rwxp 00005000 08:02 526129                     /usr/lib/libXxf86vm.so.1.0.0
7fb1d64ff000-7fb1d65ee000 r-xp 00000000 08:08 9176677                    /users/oconnorp/Desktop/Dropbox/J/JSpikeStackMod/JSpikeStack/jars/libjogl.so
7fb1d65ee000-7fb1d66ee000 ---p 000ef000 08:08 9176677                    /users/oconnorp/Desktop/Dropbox/J/JSpikeStackMod/JSpikeStack/jars/libjogl.so
7fb1d66ee000-7fb1d66ef000 rwxp 000ef000 08:08 9176677                    /users/oconnorp/Desktop/Dropbox/J/JSpikeStackMod/JSpikeStack/jars/libjogl.so
7fb1d66ef000-7fb1d7ad7000 r-xp 00000000 08:02 666465                     /usr/lib/nvidia-current/libnvidia-glcore.so.260.19.06
7fb1d7ad7000-7fb1d7cd6000 ---p 013e8000 08:02 666465                     /usr/lib/nvidia-current/libnvidia-glcore.so.260.19.06
7fb1d7cd6000-7fb1d82b2000 rwxp 013e7000 08:02 666465                     /usr/lib/nvidia-current/libnvidia-glcore.so.260.19.06
7fb1d82b2000-7fb1d82c8000 rwxp 00000000 00:00 0 
7fb1d82c8000-7fb1d82c9000 r-xp 00000000 08:02 666460                     /usr/lib/nvidia-current/tls/libnvidia-tls.so.260.19.06
7fb1d82c9000-7fb1d84c9000 ---p 00001000 08:02 666460                     /usr/lib/nvidia-current/tls/libnvidia-tls.so.260.19.06
7fb1d84c9000-7fb1d84ca000 rwxp 00001000 08:02 666460                     /usr/lib/nvidia-current/tls/libnvidia-tls.so.260.19.06
7fb1d84ca000-7fb1d8581000 r-xp 00000000 08:02 666455                     /usr/lib/nvidia-current/libGL.so.260.19.06
7fb1d8581000-7fb1d8781000 ---p 000b7000 08:02 666455                     /usr/lib/nvidia-current/libGL.so.260.19.06
7fb1d8781000-7fb1d87b9000 rwxp 000b7000 08:02 666455                     /usr/lib/nvidia-current/libGL.so.260.19.06
7fb1d87b9000-7fb1d87cf000 rwxp 00000000 00:00 0 
7fb1d87cf000-7fb1d87d0000 r-xp 00000000 08:08 9176675                    /users/oconnorp/Desktop/Dropbox/J/JSpikeStackMod/JSpikeStack/jars/libgluegen-rt.so
7fb1d87d0000-7fb1d88cf000 ---p 00001000 08:08 9176675                    /users/oconnorp/Desktop/Dropbox/J/JSpikeStackMod/JSpikeStack/jars/libgluegen-rt.so
7fb1d88cf000-7fb1d88d0000 rwxp 00000000 08:08 9176675                    /users/oconnorp/Desktop/Dropbox/J/JSpikeStackMod/JSpikeStack/jars/libgluegen-rt.so
7fb1d8975000-7fb1d8978000 ---p 00000000 00:00 0 
7fb1d8978000-7fb1d8a76000 rwxp 00000000 00:00 0 
7fb1d8a76000-7fb1d8a79000 ---p 00000000 00:00 0 
7fb1d8a79000-7fb1d8b77000 rwxp 00000000 00:00 0 
7fb1d8b77000-7fb1d8b7a000 ---p 00000000 00:00 0 
7fb1d8b7a000-7fb1d8c78000 rwxp 00000000 00:00 0 
7fb1d8c78000-7fb1d8c7b000 ---p 00000000 00:00 0 
7fb1d8c7b000-7fb1d8d79000 rwxp 00000000 00:00 0 
7fb1d8d79000-7fb1d8d7a000 r-xs 00000000 08:02 1706781                    /var/cache/fontconfig/c05880de57d1f5e948fdfacc138775d9-le64.cache-3
7fb1d8d7a000-7fb1d8d83000 r-xs 00000000 08:02 1706778                    /var/cache/fontconfig/945677eb7aeaf62f1d50efc3fb3ec7d8-le64.cache-3
7fb1d8d83000-7fb1d8d85000 r-xs 00000000 08:02 1706779                    /var/cache/fontconfig/99e8ed0e538f840c565b6ed5dad60d56-le64.cache-3
7fb1d8d85000-7fb1d8d88000 r-xs 00000000 08:02 1706788                    /var/cache/fontconfig/e383d7ea5fbe662a33d9b44caf393297-le64.cache-3
7fb1d8d88000-7fb1d8d8b000 r-xs 00000000 08:02 1704604                    /var/cache/fontconfig/2cd17615ca594fa2959ae173292e504c-le64.cache-3
7fb1d8d8b000-7fb1d8d91000 r-xs 00000000 08:02 1706780                    /var/cache/fontconfig/a755afe4a08bf5b97852ceb7400b47bc-le64.cache-3
7fb1d8d91000-7fb1d8d9a000 r-xs 00000000 08:02 1704816                    /var/cache/fontconfig/6d41288fd70b0be22e8c3a91e032eec0-le64.cache-3
7fb1d8d9a000-7fb1d8daa000 r-xs 00000000 08:02 1706765                    /var/cache/fontconfig/0f34bcd4b6ee430af32735b75db7f02b-le64.cache-3
7fb1d8e6c000-7fb1d8e6f000 ---p 00000000 00:00 0 
7fb1d8e6f000-7fb1d8f6d000 rwxp 00000000 00:00 0 
7fb1d8f6d000-7fb1d8f70000 ---p 00000000 00:00 0 
7fb1d8f70000-7fb1d906e000 rwxp 00000000 00:00 0 
7fb1d906e000-7fb1d9071000 ---p 00000000 00:00 0 
7fb1d9071000-7fb1d916f000 rwxp 00000000 00:00 0 
7fb1d916f000-7fb1d9176000 r-xp 00000000 08:08 5901017                    /users/oconnorp/Programs/jdk1.6.0_32/jre/lib/amd64/libnio.so
7fb1d9176000-7fb1d9275000 ---p 00007000 08:08 5901017                    /users/oconnorp/Programs/jdk1.6.0_32/jre/lib/amd64/libnio.so
7fb1d9275000-7fb1d9277000 rwxp 00006000 08:08 5901017                    /users/oconnorp/Programs/jdk1.6.0_32/jre/lib/amd64/libnio.so
7fb1d9277000-7fb1d928a000 r-xp 00000000 08:08 5901016                    /users/oconnorp/Programs/jdk1.6.0_32/jre/lib/amd64/libnet.so
7fb1d928a000-7fb1d938b000 ---p 00013000 08:08 5901016                    /users/oconnorp/Programs/jdk1.6.0_32/jre/lib/amd64/libnet.so
7fb1d938b000-7fb1d938e000 rwxp 00014000 08:08 5901016                    /users/oconnorp/Programs/jdk1.6.0_32/jre/lib/amd64/libnet.so
7fb1d938e000-7fb1d9391000 ---p 00000000 00:00 0 
7fb1d9391000-7fb1d948f000 rwxp 00000000 00:00 0 
7fb1d948f000-7fb1d9492000 ---p 00000000 00:00 0 
7fb1d9492000-7fb1d9590000 rwxp 00000000 00:00 0 
7fb1d9590000-7fb1d9609000 r-xp 00000000 08:08 5901025                    /users/oconnorp/Programs/jdk1.6.0_32/jre/lib/amd64/libfontmanager.so
7fb1d9609000-7fb1d9708000 ---p 00079000 08:08 5901025                    /users/oconnorp/Programs/jdk1.6.0_32/jre/lib/amd64/libfontmanager.so
7fb1d9708000-7fb1d971d000 rwxp 00078000 08:08 5901025                    /users/oconnorp/Programs/jdk1.6.0_32/jre/lib/amd64/libfontmanager.so
7fb1d971d000-7fb1d972f000 rwxp 00000000 00:00 0 
7fb1d972f000-7fb1d973d000 r-xp 00000000 08:02 526099                     /usr/lib/libXi.so.6.1.0
7fb1d973d000-7fb1d993d000 ---p 0000e000 08:02 526099                     /usr/lib/libXi.so.6.1.0
7fb1d993d000-7fb1d993e000 r-xp 0000e000 08:02 526099                     /usr/lib/libXi.so.6.1.0
7fb1d993e000-7fb1d993f000 rwxp 0000f000 08:02 526099                     /usr/lib/libXi.so.6.1.0
7fb1d993f000-7fb1d9944000 r-xp 00000000 08:02 526119                     /usr/lib/libXtst.so.6.1.0
7fb1d9944000-7fb1d9b44000 ---p 00005000 08:02 526119                     /usr/lib/libXtst.so.6.1.0
7fb1d9b44000-7fb1d9b45000 r-xp 00005000 08:02 526119                     /usr/lib/libXtst.so.6.1.0
7fb1d9b45000-7fb1d9b46000 rwxp 00006000 08:02 526119                     /usr/lib/libXtst.so.6.1.0
7fb1d9b46000-7fb1d9b47000 r-xs 00000000 08:02 1706789                    /var/cache/fontconfig/e7071f4a29fa870f4323321c154eba04-le64.cache-3
7fb1d9b47000-7fb1d9b4b000 r-xs 00000000 08:02 1706775                    /var/cache/fontconfig/6eb3985aa4124903f6ff08ba781cd364-le64.cache-3
7fb1d9b4b000-7fb1d9b4f000 r-xs 00000000 08:02 1704562                    /var/cache/fontconfig/7ef2298fde41cc6eeb7af42e48b7d293-le64.cache-3
7fb1d9b4f000-7fb1d9b63000 r-xs 00000000 08:02 1717119                    /var/cache/fontconfig/865f88548240fee46819705c6468c165-le64.cache-3
7fb1d9b63000-7fb1d9ba5000 r-xp 00000000 08:08 5901014                    /users/oconnorp/Programs/jdk1.6.0_32/jre/lib/amd64/xawt/libmawt.so
7fb1d9ba5000-7fb1d9ca4000 ---p 00042000 08:08 5901014                    /users/oconnorp/Programs/jdk1.6.0_32/jre/lib/amd64/xawt/libmawt.so
7fb1d9ca4000-7fb1d9cb0000 rwxp 00041000 08:08 5901014                    /users/oconnorp/Programs/jdk1.6.0_32/jre/lib/amd64/xawt/libmawt.so
7fb1d9cb0000-7fb1d9cb1000 rwxp 00000000 00:00 0 
7fb1d9cb1000-7fb1d9d43000 r-xp 00000000 08:08 5901061                    /users/oconnorp/Programs/jdk1.6.0_32/jre/lib/amd64/libawt.so
7fb1d9d43000-7fb1d9e42000 ---p 00092000 08:08 5901061                    /users/oconnorp/Programs/jdk1.6.0_32/jre/lib/amd64/libawt.so
7fb1d9e42000-7fb1d9e5c000 rwxp 00091000 08:08 5901061                    /users/oconnorp/Programs/jdk1.6.0_32/jre/lib/amd64/libawt.so
7fb1d9e5c000-7fb1d9e80000 rwxp 00000000 00:00 0 
7fb1d9e80000-7fb1d9e81000 ---p 00000000 00:00 0 
7fb1d9e81000-7fb1d9f81000 rwxp 00000000 00:00 0 
7fb1d9f81000-7fb1d9f84000 ---p 00000000 00:00 0 
7fb1d9f84000-7fb1da082000 rwxp 00000000 00:00 0 
7fb1da082000-7fb1da085000 ---p 00000000 00:00 0 
7fb1da085000-7fb1da183000 rwxp 00000000 00:00 0 
7fb1da183000-7fb1da186000 ---p 00000000 00:00 0 
7fb1da186000-7fb1da284000 rwxp 00000000 00:00 0 
7fb1da284000-7fb1da287000 ---p 00000000 00:00 0 
7fb1da287000-7fb1da385000 rwxp 00000000 00:00 0 
7fb1da385000-7fb1da388000 ---p 00000000 00:00 0 
7fb1da388000-7fb1da486000 rwxp 00000000 00:00 0 
7fb1da486000-7fb1da489000 ---p 00000000 00:00 0 
7fb1da489000-7fb1da587000 rwxp 00000000 00:00 0 
7fb1da587000-7fb1da58a000 r-xp 00000000 08:08 5901052                    /users/oconnorp/Programs/jdk1.6.0_32/jre/lib/amd64/libdt_socket.so
7fb1da58a000-7fb1da689000 ---p 00003000 08:08 5901052                    /users/oconnorp/Programs/jdk1.6.0_32/jre/lib/amd64/libdt_socket.so
7fb1da689000-7fb1da68b000 rwxp 00002000 08:08 5901052                    /users/oconnorp/Programs/jdk1.6.0_32/jre/lib/amd64/libdt_socket.so
7fb1da68b000-7fb1da68e000 ---p 00000000 00:00 0 
7fb1da68e000-7fb1da78c000 rwxp 00000000 00:00 0 
7fb1da78c000-7fb1da78f000 ---p 00000000 00:00 0 
7fb1da78f000-7fb1da88d000 rwxp 00000000 00:00 0 
7fb1da88d000-7fb1da890000 ---p 00000000 00:00 0 
7fb1da890000-7fb1da98e000 rwxp 00000000 00:00 0 
7fb1da98e000-7fb1da98f000 ---p 00000000 00:00 0 
7fb1da98f000-7fb1db398000 rwxp 00000000 00:00 0 
7fb1db398000-7fb1db52f000 r-xs 03079000 08:08 5901816                    /users/oconnorp/Programs/jdk1.6.0_32/jre/lib/rt.jar
7fb1db52f000-7fb1db530000 ---p 00000000 00:00 0 
7fb1db530000-7fb1db630000 rwxp 00000000 00:00 0 
7fb1db630000-7fb1db631000 ---p 00000000 00:00 0 
7fb1db631000-7fb1db731000 rwxp 00000000 00:00 0 
7fb1db731000-7fb1db732000 ---p 00000000 00:00 0 
7fb1db732000-7fb1db832000 rwxp 00000000 00:00 0 
7fb1db832000-7fb1db833000 ---p 00000000 00:00 0 
7fb1db833000-7fb1db933000 rwxp 00000000 00:00 0 
7fb1db933000-7fb1db934000 ---p 00000000 00:00 0 
7fb1db934000-7fb1dba34000 rwxp 00000000 00:00 0 
7fb1dba34000-7fb1dba35000 ---p 00000000 00:00 0 
7fb1dba35000-7fb1dbb35000 rwxp 00000000 00:00 0 
7fb1dbb35000-7fb1dbb36000 ---p 00000000 00:00 0 
7fb1dbb36000-7fb1dbc36000 rwxp 00000000 00:00 0 
7fb1dbc36000-7fb1dbc37000 ---p 00000000 00:00 0 
7fb1dbc37000-7fb1dbd5a000 rwxp 00000000 00:00 0 
7fb1dbd5a000-7fb1dbf29000 rwxp 00000000 00:00 0 
7fb1dbf29000-7fb1dbf3f000 rwxp 00000000 00:00 0 
7fb1dbf3f000-7fb1dbf52000 rwxp 00000000 00:00 0 
7fb1dbf52000-7fb1dbf75000 rwxp 00000000 00:00 0 
7fb1dbf75000-7fb1dc144000 rwxp 00000000 00:00 0 
7fb1dc144000-7fb1dc1a1000 rwxp 00000000 00:00 0 
7fb1dc1a1000-7fb1dc23d000 rwxp 00000000 00:00 0 
7fb1dc23d000-7fb1dc4ae000 rwxp 00000000 00:00 0 
7fb1dc4ae000-7fb1df23e000 rwxp 00000000 00:00 0 
7fb1df23e000-7fb1df24c000 r-xp 00000000 08:08 5901027                    /users/oconnorp/Programs/jdk1.6.0_32/jre/lib/amd64/libzip.so
7fb1df24c000-7fb1df34e000 ---p 0000e000 08:08 5901027                    /users/oconnorp/Programs/jdk1.6.0_32/jre/lib/amd64/libzip.so
7fb1df34e000-7fb1df351000 rwxp 00010000 08:08 5901027                    /users/oconnorp/Programs/jdk1.6.0_32/jre/lib/amd64/libzip.so
7fb1df351000-7fb1df352000 rwxp 00000000 00:00 0 
7fb1df352000-7fb1df357000 r-xp 00000000 08:02 1458517                    /lib/libnss_dns-2.12.1.so
7fb1df357000-7fb1df556000 ---p 00005000 08:02 1458517                    /lib/libnss_dns-2.12.1.so
7fb1df556000-7fb1df557000 r-xp 00004000 08:02 1458517                    /lib/libnss_dns-2.12.1.so
7fb1df557000-7fb1df558000 rwxp 00005000 08:02 1458517                    /lib/libnss_dns-2.12.1.so
7fb1df558000-7fb1df55a000 r-xp 00000000 08:02 1439093                    /lib/libnss_mdns4_minimal.so.2
7fb1df55a000-7fb1df759000 ---p 00002000 08:02 1439093                    /lib/libnss_mdns4_minimal.so.2
7fb1df759000-7fb1df75a000 r-xp 00001000 08:02 1439093                    /lib/libnss_mdns4_minimal.so.2
7fb1df75a000-7fb1df75b000 rwxp 00002000 08:02 1439093                    /lib/libnss_mdns4_minimal.so.2
7fb1df75b000-7fb1df75e000 r-xp 00000000 08:02 1439061                    /lib/libgpg-error.so.0.4.0
7fb1df75e000-7fb1df95d000 ---p 00003000 08:02 1439061                    /lib/libgpg-error.so.0.4.0
7fb1df95d000-7fb1df95e000 r-xp 00002000 08:02 1439061                    /lib/libgpg-error.so.0.4.0
7fb1df95e000-7fb1df95f000 rwxp 00003000 08:02 1439061                    /lib/libgpg-error.so.0.4.0
7fb1df95f000-7fb1df9d3000 r-xp 00000000 08:02 1439057                    /lib/libgcrypt.so.11.5.3
7fb1df9d3000-7fb1dfbd3000 ---p 00074000 08:02 1439057                    /lib/libgcrypt.so.11.5.3
7fb1dfbd3000-7fb1dfbd4000 r-xp 00074000 08:02 1439057                    /lib/libgcrypt.so.11.5.3
7fb1dfbd4000-7fb1dfbd7000 rwxp 00075000 08:02 1439057                    /lib/libgcrypt.so.11.5.3
7fb1dfbd7000-7fb1dfbed000 r-xp 00000000 08:02 1439170                    /lib/libz.so.1.2.3.4
7fb1dfbed000-7fb1dfded000 ---p 00016000 08:02 1439170                    /lib/libz.so.1.2.3.4
7fb1dfded000-7fb1dfdee000 r-xp 00016000 08:02 1439170                    /lib/libz.so.1.2.3.4
7fb1dfdee000-7fb1dfdef000 rwxp 00017000 08:02 1439170                    /lib/libz.so.1.2.3.4
7fb1dfdef000-7fb1dfdff000 r-xp 00000000 08:02 526942                     /usr/lib/libtasn1.so.3.1.9
7fb1dfdff000-7fb1dfffe000 ---p 00010000 08:02 526942                     /usr/lib/libtasn1.so.3.1.9
7fb1dfffe000-7fb1dffff000 r-xp 0000f000 08:02 526942                     /usr/lib/libtasn1.so.3.1.9
7fb1dffff000-7fb1e0000000 rwxp 00010000 08:02 526942                     /usr/lib/libtasn1.so.3.1.9
7fb1e0000000-7fb1e1e7f000 rwxp 00000000 00:00 0 
7fb1e1e7f000-7fb1e4000000 ---p 00000000 00:00 0 
7fb1e4000000-7fb1e4003000 r-xs 00000000 08:02 1704494                    /var/cache/fontconfig/b5ea634b0fb353b8ea17632d1f9ef766-le64.cache-3
7fb1e4003000-7fb1e4004000 r-xs 00000000 08:02 1706771                    /var/cache/fontconfig/4c73fe0c47614734b17d736dbde7580a-le64.cache-3
7fb1e4004000-7fb1e4017000 r-xs 00000000 08:02 1703478                    /var/cache/fontconfig/e13b20fdb08344e0e664864cc2ede53d-le64.cache-3
7fb1e4017000-7fb1e402d000 rwxp 00000000 00:00 0 
7fb1e402d000-7fb1e4040000 rwxp 00000000 00:00 0 
7fb1e4040000-7fb1e4042000 r-xp 00000000 08:02 1439069                    /lib/libkeyutils.so.1.3
7fb1e4042000-7fb1e4241000 ---p 00002000 08:02 1439069                    /lib/libkeyutils.so.1.3
7fb1e4241000-7fb1e4242000 r-xp 00001000 08:02 1439069                    /lib/libkeyutils.so.1.3
7fb1e4242000-7fb1e4243000 rwxp 00002000 08:02 1439069                    /lib/libkeyutils.so.1.3
7fb1e4243000-7fb1e424a000 r-xp 00000000 08:02 527117                     /usr/lib/libkrb5s