#
# A fatal error has been detected by the Java Runtime Environment:
#
#  SIGSEGV (0xb) at pc=0x00007f259d3d4759, pid=32182, tid=139799539169024
#
# JRE version: 6.0_32-b05
# Java VM: Java HotSpot(TM) 64-Bit Server VM (20.7-b02 mixed mode linux-amd64 compressed oops)
# Problematic frame:
# C  [libGL.so.1+0x91759]  __float128+0x25289
#
# If you would like to submit a bug report, please visit:
#   http://java.sun.com/webapps/bugreport/crash.jsp
# The crash happened outside the Java Virtual Machine in native code.
# See problematic frame for where to report the bug.
#

---------------  T H R E A D  ---------------

Current thread (0x0000000042392000):  JavaThread "AWT-EventQueue-0" [_thread_in_native, id=32213, stack(0x00007f259dcf3000,0x00007f259ddf4000)]

siginfo:si_signo=SIGSEGV: si_errno=0, si_code=1 (SEGV_MAPERR), si_addr=0x0000000040c2d000

Registers:
RAX=0x0000000040c2d000, RBX=0x00007f25a03e7f18, RCX=0x00007f259d632ce0, RDX=0x00007f259d10fbc0
RSP=0x00007f259ddf0e70, RBP=0x0000000000000001, RSI=0x00007f25a03e7f18, RDI=0x00007f259d632f40
R8 =0x00000000000019b2, R9 =0x00007f25a04d6110, R10=0x0000000000000000, R11=0x0000000000000206
R12=0x00007f259ddf0e90, R13=0x0000000000000001, R14=0x00007f25a03e7f18, R15=0x00007f259d617750
RIP=0x00007f259d3d4759, EFLAGS=0x0000000000010202, CSGSFS=0x0000000000000033, ERR=0x0000000000000004
  TRAPNO=0x000000000000000e

Top of Stack: (sp=0x00007f259ddf0e70)
0x00007f259ddf0e70:   00007f259ddf0e90 0000000040c2d000
0x00007f259ddf0e80:   0000012c9ddf0ed0 000000010000012c
0x00007f259ddf0e90:   0000000040c2d000 00007f259af6fee8
0x00007f259ddf0ea0:   0000000000000000 00007f259ddf0f58
0x00007f259ddf0eb0:   00007f259ddf0f60 00000000423921d0
0x00007f259ddf0ec0:   0000000000000000 00007f259d3da7a9
0x00007f259ddf0ed0:   0000000000000000 00007f25a40de33e
0x00007f259ddf0ee0:   00007f259ddf0f48 0000000005a0002f
0x00007f259ddf0ef0:   00007f259d12bf20 0000000000007db6
0x00007f259ddf0f00:   0000000042401470 00007f259c3fc0b0
0x00007f259ddf0f10:   000000009ea1ba10 00000000422ef6b0
0x00007f259ddf0f20:   00007f25a03e7ed0 00007f25a0349790
0x00007f259ddf0f30:   000000009ea1ba10 00007f259ddf1068
0x00007f259ddf0f40:   0000000042392000 00007f259d3ace27
0x00007f259ddf0f50:   00007f25a40d9298 00000000a32fc8a8
0x00007f259ddf0f60:   00000000a32fc870 00007f259ddf0f68
0x00007f259ddf0f70:   000000009ea3130d 000000009ea1ba10
0x00007f259ddf0f80:   00007f259ddf0fc0 0000000000000000
0x00007f259ddf0f90:   000000009ea1ba10 00007f259b3c9b42
0x00007f259ddf0fa0:   0000000005a0002f 00000000422ef6b0
0x00007f259ddf0fb0:   00007f259ddf1040 00000000423921d0
0x00007f259ddf0fc0:   00007f259ddf1030 00007f25a40ddb55
0x00007f259ddf0fd0:   00007f259ddf1010 000000009e9f6618
0x00007f259ddf0fe0:   0000000000000000 000000009e9e4980
0x00007f259ddf0ff0:   00007f259ddf0ff0 0000000000000000
0x00007f259ddf1000:   00007f259ddf1068 000000009ea1f748
0x00007f259ddf1010:   0000000000000000 000000009ea1ba10
0x00007f259ddf1020:   0000000000000000 00007f259ddf1050
0x00007f259ddf1030:   00007f259ddf10b0 00007f25a40ccb02
0x00007f259ddf1040:   000000009ea1cd40 00007f25a40d9298
0x00007f259ddf1050:   0000000005a0002f 00007f259ddf10b0
0x00007f259ddf1060:   00000000422ef6b0 00000000a3c9bd20 

Instructions: (pc=0x00007f259d3d4759)
0x00007f259d3d4739:   44 3b 6c 24 1c 75 90 4c 8b 24 24 31 ed 48 8b 0d
0x00007f259d3d4749:   db bf 23 00 49 8b 04 24 4c 89 f6 ff c5 48 8b 11
0x00007f259d3d4759:   48 8b 38 ff 92 68 03 00 00 48 8b 15 bf bf 23 00
0x00007f259d3d4769:   48 89 c3 49 8b 3c 24 49 83 c4 08 48 8b 02 ff 90 

Register to memory mapping:

RAX=0x0000000040c2d000 is an unknown value
RBX=0x00007f25a03e7f18 is an unknown value
RCX=0x00007f259d632ce0: <offset 0x2efce0> in /usr/lib/nvidia-current/libGL.so.1 at 0x00007f259d343000
RDX=0x00007f259d10fbc0: <offset 0x1ba7bc0> in /usr/lib/nvidia-current/libnvidia-glcore.so.260.19.06 at 0x00007f259b568000
RSP=0x00007f259ddf0e70 is pointing into the stack for thread: 0x0000000042392000
RBP=0x0000000000000001 is an unknown value
RSI=0x00007f25a03e7f18 is an unknown value
RDI=0x00007f259d632f40: <offset 0x2eff40> in /usr/lib/nvidia-current/libGL.so.1 at 0x00007f259d343000
R8 =0x00000000000019b2 is an unknown value
R9 =0x00007f25a04d6110 is an unknown value
R10=0x0000000000000000 is an unknown value
R11=0x0000000000000206 is an unknown value
R12=0x00007f259ddf0e90 is pointing into the stack for thread: 0x0000000042392000
R13=0x0000000000000001 is an unknown value
R14=0x00007f25a03e7f18 is an unknown value
R15=0x00007f259d617750: <offset 0x2d4750> in /usr/lib/nvidia-current/libGL.so.1 at 0x00007f259d343000


Stack: [0x00007f259dcf3000,0x00007f259ddf4000],  sp=0x00007f259ddf0e70,  free space=1015k
Native frames: (J=compiled Java code, j=interpreted, Vv=VM code, C=native code)
C  [libGL.so.1+0x91759]  __float128+0x25289

Java frames: (J=compiled Java code, j=interpreted, Vv=VM code)
j  com.sun.opengl.impl.x11.GLX.glXSwapBuffers(JJ)V+0
j  com.sun.opengl.impl.x11.X11OnscreenGLDrawable.swapBuffers()V+38
j  com.sun.opengl.impl.GLDrawableHelper.invokeGL(Ljavax/media/opengl/GLDrawable;Ljavax/media/opengl/GLContext;Ljava/lang/Runnable;Ljava/lang/Runnable;)V+435
j  javax.media.opengl.GLCanvas.maybeDoSingleThreadedWorkaround(Ljava/lang/Runnable;Ljava/lang/Runnable;)V+36
j  javax.media.opengl.GLCanvas.display()V+9
j  javax.media.opengl.GLCanvas.paint(Ljava/awt/Graphics;)V+125
j  javax.media.opengl.GLCanvas.update(Ljava/awt/Graphics;)V+2
j  sun.awt.RepaintArea.updateComponent(Ljava/awt/Component;Ljava/awt/Graphics;)V+6
j  sun.awt.X11.XRepaintArea.updateComponent(Ljava/awt/Component;Ljava/awt/Graphics;)V+23
j  sun.awt.RepaintArea.paint(Ljava/lang/Object;Z)V+263
j  sun.awt.X11.XComponentPeer.handleEvent(Ljava/awt/AWTEvent;)V+224
j  java.awt.Component.dispatchEventImpl(Ljava/awt/AWTEvent;)V+861
j  java.awt.Component.dispatchEvent(Ljava/awt/AWTEvent;)V+2
j  java.awt.EventQueue.dispatchEventImpl(Ljava/awt/AWTEvent;Ljava/lang/Object;)V+41
j  java.awt.EventQueue.access$000(Ljava/awt/EventQueue;Ljava/awt/AWTEvent;Ljava/lang/Object;)V+3
j  java.awt.EventQueue$1.run()Ljava/lang/Void;+12
j  java.awt.EventQueue$1.run()Ljava/lang/Object;+1
v  ~StubRoutines::call_stub
j  java.security.AccessController.doPrivileged(Ljava/security/PrivilegedAction;Ljava/security/AccessControlContext;)Ljava/lang/Object;+0
j  java.security.AccessControlContext$1.doIntersectionPrivilege(Ljava/security/PrivilegedAction;Ljava/security/AccessControlContext;Ljava/security/AccessControlContext;)Ljava/lang/Object;+28
j  java.security.AccessControlContext$1.doIntersectionPrivilege(Ljava/security/PrivilegedAction;Ljava/security/AccessControlContext;)Ljava/lang/Object;+6
j  java.awt.EventQueue$2.run()Ljava/lang/Void;+11
j  java.awt.EventQueue$2.run()Ljava/lang/Object;+1
v  ~StubRoutines::call_stub
j  java.security.AccessController.doPrivileged(Ljava/security/PrivilegedAction;Ljava/security/AccessControlContext;)Ljava/lang/Object;+0
j  java.security.AccessControlContext$1.doIntersectionPrivilege(Ljava/security/PrivilegedAction;Ljava/security/AccessControlContext;Ljava/security/AccessControlContext;)Ljava/lang/Object;+28
j  java.awt.EventQueue.dispatchEvent(Ljava/awt/AWTEvent;)V+73
j  java.awt.EventDispatchThread.pumpOneEventForFilters(I)Z+204
j  java.awt.EventDispatchThread.pumpEventsForFilter(ILjava/awt/Conditional;Ljava/awt/EventFilter;)V+30
j  java.awt.EventDispatchThread.pumpEventsForHierarchy(ILjava/awt/Conditional;Ljava/awt/Component;)V+11
j  java.awt.EventDispatchThread.pumpEvents(ILjava/awt/Conditional;)V+4
j  java.awt.EventDispatchThread.pumpEvents(Ljava/awt/Conditional;)V+3
j  java.awt.EventDispatchThread.run()V+9
v  ~StubRoutines::call_stub

---------------  P R O C E S S  ---------------

Java Threads: ( => current thread )
  0x00007f25a0331000 JavaThread "NetPlotter" [_thread_blocked, id=32223, stack(0x00007f259ae6e000,0x00007f259af6f000)]
  0x00007f25a0324800 JavaThread "Timer-0" daemon [_thread_blocked, id=32222, stack(0x00007f259d7ee000,0x00007f259d8ef000)]
  0x00000000423d3800 JavaThread "TimerQueue" daemon [_thread_blocked, id=32221, stack(0x00007f259d8ef000,0x00007f259d9f0000)]
  0x00007f25a02af800 JavaThread "Thread-1" [_thread_in_Java, id=32215, stack(0x00007f259daf1000,0x00007f259dbf2000)]
  0x00007f25a028b000 JavaThread "DestroyJavaVM" [_thread_blocked, id=32187, stack(0x00007f25af7ee000,0x00007f25af8ef000)]
  0x00007f25a028a000 JavaThread "org.netbeans.modules.debugger.jpda.visual AWT Access Loop" daemon [_thread_blocked, id=32214, stack(0x00007f259dbf2000,0x00007f259dcf3000)]
=>0x0000000042392000 JavaThread "AWT-EventQueue-0" [_thread_in_native, id=32213, stack(0x00007f259dcf3000,0x00007f259ddf4000)]
  0x000000004238b800 JavaThread "AWT-Shutdown" [_thread_blocked, id=32212, stack(0x00007f259ddf4000,0x00007f259def5000)]
  0x000000004232f800 JavaThread "AWT-XAWT" daemon [_thread_blocked, id=32211, stack(0x00007f259e114000,0x00007f259e215000)]
  0x00007f25a0102800 JavaThread "Java2D Disposer" daemon [_thread_blocked, id=32210, stack(0x00007f259e215000,0x00007f259e316000)]
  0x000000004223d800 JavaThread "Low Memory Detector" daemon [_thread_blocked, id=32208, stack(0x00007f259ecea000,0x00007f259edeb000)]
  0x000000004223b800 JavaThread "C2 CompilerThread1" daemon [_thread_blocked, id=32207, stack(0x00007f259edeb000,0x00007f259eeec000)]
  0x0000000042238800 JavaThread "C2 CompilerThread0" daemon [_thread_blocked, id=32206, stack(0x00007f259eeec000,0x00007f259efed000)]
  0x0000000042235800 JavaThread "JDWP Event Helper Thread" daemon [_thread_blocked, id=32202, stack(0x00007f259f0ee000,0x00007f259f1ef000)]
  0x0000000042232000 JavaThread "JDWP Transport Listener: dt_socket" daemon [_thread_in_native, id=32200, stack(0x00007f259f1ef000,0x00007f259f2f0000)]
  0x0000000042227000 JavaThread "Signal Dispatcher" daemon [_thread_blocked, id=32199, stack(0x00007f259f3f4000,0x00007f259f4f5000)]
  0x000000004220c000 JavaThread "Finalizer" daemon [_thread_blocked, id=32198, stack(0x00007f259f4f5000,0x00007f259f5f6000)]
  0x0000000042204800 JavaThread "Reference Handler" daemon [_thread_blocked, id=32197, stack(0x00007f259f5f6000,0x00007f259f6f7000)]

Other Threads:
  0x00000000421fe000 VMThread [stack: 0x00007f259f6f7000,0x00007f259f7f8000] [id=32196]
  0x0000000042250800 WatcherThread [stack: 0x00007f259ebe9000,0x00007f259ecea000] [id=32209]

VM state:not at safepoint (normal execution)

VM Mutex/Monitor currently owned by a thread: None

Heap
 PSYoungGen      total 277376K, used 120201K [0x00000000e0e00000, 0x00000000f3740000, 0x0000000100000000)
  eden space 254336K, 44% used [0x00000000e0e00000,0x00000000e7c6a748,0x00000000f0660000)
  from space 23040K, 30% used [0x00000000f20c0000,0x00000000f27b8000,0x00000000f3740000)
  to   space 25024K, 0% used [0x00000000f0660000,0x00000000f0660000,0x00000000f1ed0000)
 PSOldGen        total 67392K, used 25282K [0x00000000a2a00000, 0x00000000a6bd0000, 0x00000000e0e00000)
  object space 67392K, 37% used [0x00000000a2a00000,0x00000000a42b0ae8,0x00000000a6bd0000)
 PSPermGen       total 44864K, used 22464K [0x000000009d800000, 0x00000000a03d0000, 0x00000000a2a00000)
  object space 44864K, 50% used [0x000000009d800000,0x000000009edf02e0,0x00000000a03d0000)

Code Cache  [0x00007f25a40c7000, 0x00007f25a4337000, 0x00007f25a70c7000)
 total_blobs=1133 nmethods=382 adapters=713 free_code_cache=48486592 largest_free_block=16320

Dynamic libraries:
40000000-40009000 r-xp 00000000 08:08 5900415                            /users/oconnorp/Programs/jdk1.6.0_32/jre/bin/java
40108000-4010a000 rwxp 00008000 08:08 5900415                            /users/oconnorp/Programs/jdk1.6.0_32/jre/bin/java
420f3000-425ae000 rwxp 00000000 00:00 0                                  [heap]
9d800000-a03d0000 rwxp 00000000 00:00 0 
a03d0000-a2a00000 rwxp 00000000 00:00 0 
a2a00000-a6bd0000 rwxp 00000000 00:00 0 
a6bd0000-e0e00000 rwxp 00000000 00:00 0 
e0e00000-f3740000 rwxp 00000000 00:00 0 
f3740000-f3a50000 ---p 00000000 00:00 0 
f3a50000-100000000 rwxp 00000000 00:00 0 
7f259a529000-7f259a729000 rwxs ab869000 00:05 8204                       /dev/nvidia0
7f259a8f2000-7f259ae6e000 rwxs 00000000 00:04 69337102                   /SYSV00000000 (deleted)
7f259ae6e000-7f259ae71000 ---p 00000000 00:00 0 
7f259ae71000-7f259af6f000 rwxp 00000000 00:00 0 
7f259af6f000-7f259af71000 r-xp 00000000 08:08 9176684                    /users/oconnorp/Desktop/Dropbox/J/JSpikeStackMod/JSpikeStack/jars/libjogl_awt.so
7f259af71000-7f259b070000 ---p 00002000 08:08 9176684                    /users/oconnorp/Desktop/Dropbox/J/JSpikeStackMod/JSpikeStack/jars/libjogl_awt.so
7f259b070000-7f259b071000 rwxp 00001000 08:08 9176684                    /users/oconnorp/Desktop/Dropbox/J/JSpikeStackMod/JSpikeStack/jars/libjogl_awt.so
7f259b071000-7f259b072000 r-xp 00000000 08:08 5901041                    /users/oconnorp/Programs/jdk1.6.0_32/jre/lib/amd64/libjawt.so
7f259b072000-7f259b171000 ---p 00001000 08:08 5901041                    /users/oconnorp/Programs/jdk1.6.0_32/jre/lib/amd64/libjawt.so
7f259b171000-7f259b172000 rwxp 00000000 08:08 5901041                    /users/oconnorp/Programs/jdk1.6.0_32/jre/lib/amd64/libjawt.so
7f259b172000-7f259b177000 r-xp 00000000 08:02 526129                     /usr/lib/libXxf86vm.so.1.0.0
7f259b177000-7f259b376000 ---p 00005000 08:02 526129                     /usr/lib/libXxf86vm.so.1.0.0
7f259b376000-7f259b377000 r-xp 00004000 08:02 526129                     /usr/lib/libXxf86vm.so.1.0.0
7f259b377000-7f259b378000 rwxp 00005000 08:02 526129                     /usr/lib/libXxf86vm.so.1.0.0
7f259b378000-7f259b467000 r-xp 00000000 08:08 9176677                    /users/oconnorp/Desktop/Dropbox/J/JSpikeStackMod/JSpikeStack/jars/libjogl.so
7f259b467000-7f259b567000 ---p 000ef000 08:08 9176677                    /users/oconnorp/Desktop/Dropbox/J/JSpikeStackMod/JSpikeStack/jars/libjogl.so
7f259b567000-7f259b568000 rwxp 000ef000 08:08 9176677                    /users/oconnorp/Desktop/Dropbox/J/JSpikeStackMod/JSpikeStack/jars/libjogl.so
7f259b568000-7f259c950000 r-xp 00000000 08:02 666465                     /usr/lib/nvidia-current/libnvidia-glcore.so.260.19.06
7f259c950000-7f259cb4f000 ---p 013e8000 08:02 666465                     /usr/lib/nvidia-current/libnvidia-glcore.so.260.19.06
7f259cb4f000-7f259d12b000 rwxp 013e7000 08:02 666465                     /usr/lib/nvidia-current/libnvidia-glcore.so.260.19.06
7f259d12b000-7f259d141000 rwxp 00000000 00:00 0 
7f259d141000-7f259d142000 r-xp 00000000 08:02 666460                     /usr/lib/nvidia-current/tls/libnvidia-tls.so.260.19.06
7f259d142000-7f259d342000 ---p 00001000 08:02 666460                     /usr/lib/nvidia-current/tls/libnvidia-tls.so.260.19.06
7f259d342000-7f259d343000 rwxp 00001000 08:02 666460                     /usr/lib/nvidia-current/tls/libnvidia-tls.so.260.19.06
7f259d343000-7f259d3fa000 r-xp 00000000 08:02 666455                     /usr/lib/nvidia-current/libGL.so.260.19.06
7f259d3fa000-7f259d5fa000 ---p 000b7000 08:02 666455                     /usr/lib/nvidia-current/libGL.so.260.19.06
7f259d5fa000-7f259d632000 rwxp 000b7000 08:02 666455                     /usr/lib/nvidia-current/libGL.so.260.19.06
7f259d632000-7f259d648000 rwxp 00000000 00:00 0 
7f259d648000-7f259d649000 r-xp 00000000 08:08 9176675                    /users/oconnorp/Desktop/Dropbox/J/JSpikeStackMod/JSpikeStack/jars/libgluegen-rt.so
7f259d649000-7f259d748000 ---p 00001000 08:08 9176675                    /users/oconnorp/Desktop/Dropbox/J/JSpikeStackMod/JSpikeStack/jars/libgluegen-rt.so
7f259d748000-7f259d749000 rwxp 00000000 08:08 9176675                    /users/oconnorp/Desktop/Dropbox/J/JSpikeStackMod/JSpikeStack/jars/libgluegen-rt.so
7f259d7ee000-7f259d7f1000 ---p 00000000 00:00 0 
7f259d7f1000-7f259d8ef000 rwxp 00000000 00:00 0 
7f259d8ef000-7f259d8f2000 ---p 00000000 00:00 0 
7f259d8f2000-7f259d9f0000 rwxp 00000000 00:00 0 
7f259d9f0000-7f259d9f3000 ---p 00000000 00:00 0 
7f259d9f3000-7f259daf1000 rwxp 00000000 00:00 0 
7f259daf1000-7f259daf4000 ---p 00000000 00:00 0 
7f259daf4000-7f259dbf2000 rwxp 00000000 00:00 0 
7f259dbf2000-7f259dbf5000 ---p 00000000 00:00 0 
7f259dbf5000-7f259dcf3000 rwxp 00000000 00:00 0 
7f259dcf3000-7f259dcf6000 ---p 00000000 00:00 0 
7f259dcf6000-7f259ddf4000 rwxp 00000000 00:00 0 
7f259ddf4000-7f259ddf7000 ---p 00000000 00:00 0 
7f259ddf7000-7f259def5000 rwxp 00000000 00:00 0 
7f259def5000-7f259defc000 r-xp 00000000 08:08 5901017                    /users/oconnorp/Programs/jdk1.6.0_32/jre/lib/amd64/libnio.so
7f259defc000-7f259dffb000 ---p 00007000 08:08 5901017                    /users/oconnorp/Programs/jdk1.6.0_32/jre/lib/amd64/libnio.so
7f259dffb000-7f259dffd000 rwxp 00006000 08:08 5901017                    /users/oconnorp/Programs/jdk1.6.0_32/jre/lib/amd64/libnio.so
7f259dffd000-7f259e010000 r-xp 00000000 08:08 5901016                    /users/oconnorp/Programs/jdk1.6.0_32/jre/lib/amd64/libnet.so
7f259e010000-7f259e111000 ---p 00013000 08:08 5901016                    /users/oconnorp/Programs/jdk1.6.0_32/jre/lib/amd64/libnet.so
7f259e111000-7f259e114000 rwxp 00014000 08:08 5901016                    /users/oconnorp/Programs/jdk1.6.0_32/jre/lib/amd64/libnet.so
7f259e114000-7f259e117000 ---p 00000000 00:00 0 
7f259e117000-7f259e215000 rwxp 00000000 00:00 0 
7f259e215000-7f259e218000 ---p 00000000 00:00 0 
7f259e218000-7f259e316000 rwxp 00000000 00:00 0 
7f259e316000-7f259e38f000 r-xp 00000000 08:08 5901025                    /users/oconnorp/Programs/jdk1.6.0_32/jre/lib/amd64/libfontmanager.so
7f259e38f000-7f259e48e000 ---p 00079000 08:08 5901025                    /users/oconnorp/Programs/jdk1.6.0_32/jre/lib/amd64/libfontmanager.so
7f259e48e000-7f259e4a3000 rwxp 00078000 08:08 5901025                    /users/oconnorp/Programs/jdk1.6.0_32/jre/lib/amd64/libfontmanager.so
7f259e4a3000-7f259e4b5000 rwxp 00000000 00:00 0 
7f259e4b5000-7f259e4c3000 r-xp 00000000 08:02 526099                     /usr/lib/libXi.so.6.1.0
7f259e4c3000-7f259e6c3000 ---p 0000e000 08:02 526099                     /usr/lib/libXi.so.6.1.0
7f259e6c3000-7f259e6c4000 r-xp 0000e000 08:02 526099                     /usr/lib/libXi.so.6.1.0
7f259e6c4000-7f259e6c5000 rwxp 0000f000 08:02 526099                     /usr/lib/libXi.so.6.1.0
7f259e6c5000-7f259e6ca000 r-xp 00000000 08:02 526119                     /usr/lib/libXtst.so.6.1.0
7f259e6ca000-7f259e8ca000 ---p 00005000 08:02 526119                     /usr/lib/libXtst.so.6.1.0
7f259e8ca000-7f259e8cb000 r-xp 00005000 08:02 526119                     /usr/lib/libXtst.so.6.1.0
7f259e8cb000-7f259e8cc000 rwxp 00006000 08:02 526119                     /usr/lib/libXtst.so.6.1.0
7f259e8cc000-7f259e90e000 r-xp 00000000 08:08 5901014                    /users/oconnorp/Programs/jdk1.6.0_32/jre/lib/amd64/xawt/libmawt.so
7f259e90e000-7f259ea0d000 ---p 00042000 08:08 5901014                    /users/oconnorp/Programs/jdk1.6.0_32/jre/lib/amd64/xawt/libmawt.so
7f259ea0d000-7f259ea19000 rwxp 00041000 08:08 5901014                    /users/oconnorp/Programs/jdk1.6.0_32/jre/lib/amd64/xawt/libmawt.so
7f259ea19000-7f259ea1a000 rwxp 00000000 00:00 0 
7f259ea1a000-7f259eaac000 r-xp 00000000 08:08 5901061                    /users/oconnorp/Programs/jdk1.6.0_32/jre/lib/amd64/libawt.so
7f259eaac000-7f259ebab000 ---p 00092000 08:08 5901061                    /users/oconnorp/Programs/jdk1.6.0_32/jre/lib/amd64/libawt.so
7f259ebab000-7f259ebc5000 rwxp 00091000 08:08 5901061                    /users/oconnorp/Programs/jdk1.6.0_32/jre/lib/amd64/libawt.so
7f259ebc5000-7f259ebe9000 rwxp 00000000 00:00 0 
7f259ebe9000-7f259ebea000 ---p 00000000 00:00 0 
7f259ebea000-7f259ecea000 rwxp 00000000 00:00 0 
7f259ecea000-7f259eced000 ---p 00000000 00:00 0 
7f259eced000-7f259edeb000 rwxp 00000000 00:00 0 
7f259edeb000-7f259edee000 ---p 00000000 00:00 0 
7f259edee000-7f259eeec000 rwxp 00000000 00:00 0 
7f259eeec000-7f259eeef000 ---p 00000000 00:00 0 
7f259eeef000-7f259efed000 rwxp 00000000 00:00 0 
7f259efed000-7f259eff0000 ---p 00000000 00:00 0 
7f259eff0000-7f259f0ee000 rwxp 00000000 00:00 0 
7f259f0ee000-7f259f0f1000 ---p 00000000 00:00 0 
7f259f0f1000-7f259f1ef000 rwxp 00000000 00:00 0 
7f259f1ef000-7f259f1f2000 ---p 00000000 00:00 0 
7f259f1f2000-7f259f2f0000 rwxp 00000000 00:00 0 
7f259f2f0000-7f259f2f3000 r-xp 00000000 08:08 5901052                    /users/oconnorp/Programs/jdk1.6.0_32/jre/lib/amd64/libdt_socket.so
7f259f2f3000-7f259f3f2000 ---p 00003000 08:08 5901052                    /users/oconnorp/Programs/jdk1.6.0_32/jre/lib/amd64/libdt_socket.so
7f259f3f2000-7f259f3f4000 rwxp 00002000 08:08 5901052                    /users/oconnorp/Programs/jdk1.6.0_32/jre/lib/amd64/libdt_socket.so
7f259f3f4000-7f259f3f7000 ---p 00000000 00:00 0 
7f259f3f7000-7f259f4f5000 rwxp 00000000 00:00 0 
7f259f4f5000-7f259f4f8000 ---p 00000000 00:00 0 
7f259f4f8000-7f259f5f6000 rwxp 00000000 00:00 0 
7f259f5f6000-7f259f5f9000 ---p 00000000 00:00 0 
7f259f5f9000-7f259f6f7000 rwxp 00000000 00:00 0 
7f259f6f7000-7f259f6f8000 ---p 00000000 00:00 0 
7f259f6f8000-7f25a0000000 rwxp 00000000 00:00 0 
7f25a0000000-7f25a1b13000 rwxp 00000000 00:00 0 
7f25a1b13000-7f25a4000000 ---p 00000000 00:00 0 
7f25a409b000-7f25a409c000 r-xs 00000000 08:02 1706781                    /var/cache/fontconfig/c05880de57d1f5e948fdfacc138775d9-le64.cache-3
7f25a409c000-7f25a40a5000 r-xs 00000000 08:02 1706778                    /var/cache/fontconfig/945677eb7aeaf62f1d50efc3fb3ec7d8-le64.cache-3
7f25a40a5000-7f25a40a7000 r-xs 00000000 08:02 1706779                    /var/cache/fontconfig/99e8ed0e538f840c565b6ed5dad60d56-le64.cache-3
7f25a40a7000-7f25a40aa000 r-xs 00000000 08:02 1706788                    /var/cache/fontconfig/e383d7ea5fbe662a33d9b44caf393297-le64.cache-3
7f25a40aa000-7f25a40ad000 r-xs 00000000 08:02 1704604                    /var/cache/fontconfig/2cd17615ca594fa2959ae173292e504c-le64.cache-3
7f25a40ad000-7f25a40ae000 r-xs 00000000 08:02 1706789                    /var/cache/fontconfig/e7071f4a29fa870f4323321c154eba04-le64.cache-3
7f25a40ae000-7f25a40b1000 r-xs 00000000 08:02 1704494                    /var/cache/fontconfig/b5ea634b0fb353b8ea17632d1f9ef766-le64.cache-3
7f25a40b1000-7f25a40b5000 r-xs 00000000 08:02 1706775                    /var/cache/fontconfig/6eb3985aa4124903f6ff08ba781cd364-le64.cache-3
7f25a40b5000-7f25a40b6000 r-xs 00000000 08:02 1706771                    /var/cache/fontconfig/4c73fe0c47614734b17d736dbde7580a-le64.cache-3
7f25a40b6000-7f25a40b7000 r-xs 00000000 08:02 1706764                    /var/cache/fontconfig/0d8c3b2ac0904cb8a57a757ad11a4a08-le64.cache-3
7f25a40b7000-7f25a40b8000 r-xs 00000000 08:02 1706773                    /var/cache/fontconfig/6a53c69dea097a2d716e069445527da8-le64.cache-3
7f25a40b8000-7f25a40be000 r-xs 00000000 08:02 1706780                    /var/cache/fontconfig/a755afe4a08bf5b97852ceb7400b47bc-le64.cache-3
7f25a40be000-7f25a40c7000 r-xs 00000000 08:02 1704816                    /var/cache/fontconfig/6d41288fd70b0be22e8c3a91e032eec0-le64.cache-3
7f25a40c7000-7f25a4337000 rwxp 00000000 00:00 0 
7f25a4337000-7f25a70c7000 rwxp 00000000 00:00 0 
7f25a70c7000-7f25a70d4000 r-xp 00000000 08:08 5901022                    /users/oconnorp/Programs/jdk1.6.0_32/jre/lib/amd64/libverify.so
7f25a70d4000-7f25a71d3000 ---p 0000d000 08:08 5901022                    /users/oconnorp/Programs/jdk1.6.0_32/jre/lib/amd64/libverify.so
7f25a71d3000-7f25a71d6000 rwxp 0000c000 08:08 5901022                    /users/oconnorp/Programs/jdk1.6.0_32/jre/lib/amd64/libverify.so
7f25a71d9000-7f25a71e9000 r-xs 00000000 08:02 1706765                    /var/cache/fontconfig/0f34bcd4b6ee430af32735b75db7f02b-le64.cache-3
7f25a71e9000-7f25a71ec000 r-xs 00000000 08:02 1706785                    /var/cache/fontconfig/d60319d88cac85ba9e1a07bd06cfbb8c-le64.cache-3
7f25a71ec000-7f25a71ed000 r-xs 00000000 08:02 1706423                    /var/cache/fontconfig/4794a0821666d79190d59a36cb4f44b5-le64.cache-3
7f25a71ed000-7f25a71f7000 r-xs 00000000 08:02 1706784                    /var/cache/fontconfig/d52a8644073d54c13679302ca1180695-le64.cache-3
7f25a71f7000-7f25a720a000 r-xs 00000000 08:02 1703478                    /var/cache/fontconfig/e13b20fdb08344e0e664864cc2ede53d-le64.cache-3
7f25a720a000-7f25a720e000 r-xs 00000000 08:02 1704562                    /var/cache/fontconfig/7ef2298fde41cc6eeb7af42e48b7d293-le64.cache-3
7f25a720e000-7f25a7222000 r-xs 00000000 08:02 1717119                    /var/cache/fontconfig/865f88548240fee46819705c6468c165-le64.cache-3
7f25a7222000-7f25a7323000 rwxp 00000000 00:00 0 
7f25a7323000-7f25a74ba000 r-xs 03079000 08:08 5901816                    /users/oconnorp/Programs/jdk1.6.0_32/jre/lib/rt.jar
7f25a74ba000-7f25a74bb000 ---p 00000000 00:00 0 
7f25a74bb000-7f25a75bb000 rwxp 00000000 00:00 0 
7f25a75bb000-7f25a75bc000 ---p 00000000 00:00 0 
7f25a75bc000-7f25a76bc000 rwxp 00000000 00:00 0 
7f25a76bc000-7f25a76bd000 ---p 00000000 00:00 0 
7f25a76bd000-7f25a77bd000 rwxp 00000000 00:00 0 
7f25a77bd000-7f25a77be000 ---p 00000000 00:00 0 
7f25a77be000-7f25a78be000 rwxp 00000000 00:00 0 
7f25a78be000-7f25a78bf000 ---p 00000000 00:00 0 
7f25a78bf000-7f25a79bf000 rwxp 00000000 00:00 0 
7f25a79bf000-7f25a79c0000 ---p 00000000 00:00 0 
7f25a79c0000-7f25a7ac0000 rwxp 00000000 00:00 0 
7f25a7ac0000-7f25a7ac1000 ---p 00000000 00:00 0 
7f25a7ac1000-7f25a7bc1000 rwxp 00000000 00:00 0 
7f25a7bc1000-7f25a7bc2000 ---p 00000000 00:00 0 
7f25a7bc2000-7f25a7cd8000 rwxp 00000000 00:00 0 
7f25a7cd8000-7f25a7ceb000 rwxp 00000000 00:00 0 
7f25a7ceb000-7f25a7d01000 rwxp 00000000 00:00 0 
7f25a7d01000-7f25a7d14000 rwxp 00000000 00:00 0 
7f25a7d14000-7f25a7d35000 rwxp 00000000 00:00 0 
7f25a7d35000-7f25a7f06000 rwxp 00000000 00:00 0 
7f25a7f06000-7f25a7f9b000 rwxp 00000000 00:00 0 
7f25a7f9b000-7f25a7f9d000 ---p 00000000 00:00 0 
7f25a7f9d000-7f25a7fff000 rwxp 00000000 00:00 0 
7f25a7fff000-7f25a8000000 rwxp 00000000 00:00 0 
7f25a8000000-7f25a9900000 rwxp 00000000 00:00 0 
7f25a9900000-7f25ac000000 ---p 00000000 00:00 0 
7f25ac002000-7f25ac012000 r-xs 00155000 08:08 9176682                    /users/oconnorp/Desktop/Dropbox/J/JSpikeStackMod/JSpikeStack/jars/jfreechart-1.0.14.jar
7f25ac012000-7f25ac033000 rwxp 00000000 00:00 0 
7f25ac033000-7f25ac204000 rwxp 00000000 00:00 0 
7f25ac204000-7f25ac212000 r-xp 00000000 08:08 5901027                    /users/oconnorp/Programs/jdk1.6.0_32/jre/lib/amd64/libzip.so
7f25ac212000-7f25ac314000 ---p 0000e000 08:08 5901027                    /users/oconnorp/Programs/jdk1.6.0_32/jre/lib/amd64/libzip.so
7f25ac314000-7f25ac317000 rwxp 00010000 08:08 5901027                    /users/oconnorp/Programs/jdk1.6.0_32/jre/lib/amd64/libzip.so
7f25ac317000-7f25ac318000 rwxp 00000000 00:00 0 
7f25ac318000-7f25ac31d000 r-xp 00000000 08:02 1458517                    /lib/libnss_dns-2.12.1.so
7f25ac31d000-7f25ac51c000 ---p 00005000 08:02 1458517                    /lib/libnss_dns-2.12.1.so
7f25ac51c000-7f25ac51d000 r-xp 00004000 08:02 1458517                    /lib/libnss_dns-2.12.1.so
7f25ac51d000-7f25ac51e000 rwxp 00005000 08:02 1458517                    /lib/libnss_dns-2.12.1.so
7f25ac51e000-7f25ac520000 r-xp 00000000 08:02 1439093                    /lib/libnss_mdns4_minimal.so.2
7f25ac520000-7f25ac71f000 ---p 00002000 08:02 1439093                    /lib/libnss_mdns4_minimal.so.2
7f25ac71f000-7f25ac720000 r-xp 00001000 08:02 1439093                    /lib/libnss_mdns4_minimal.so.2
7f25ac720000-7f25ac721000 rwxp 00002000 08:02 1439093                    /lib/libnss_mdns4_minimal.so.2
7f25ac721000-7f25ac724000 r-xp 00000000 08:02 1439061                    /lib/libgpg-error.so.0.4.0
7f25ac724000-7f25ac923000 ---p 00003000 08:02 1439061                    /lib/libgpg-error.so.0.4.0
7f25ac923000-7f25ac924000 r-xp 00002000 08:02 1439061                    /lib/libgpg-error.so.0.4.0
7f25ac924000-7f25ac925000 rwxp 00003000 08:02 1439061                    /lib/libgpg-error.so.0.4.0
7f25ac925000-7f25ac999000 r-xp 00000000 08:02 1439057                    /lib/libgcrypt.so.11.5.3
7f25ac999000-7f25acb99000 ---p 00074000 08:02 1439057                    /lib/libgcrypt.so.11.5.3
7f25acb99000-7f25acb9a000 r-xp 00074000 08:02 1439057                    /lib/libgcrypt.so.11.5.3
7f25acb9a000-7f25acb9d000 rwxp 00075000 08:02 1439057                    /lib/libgcrypt.so.11.5.3
7f25acb9d000-7f25acbb3000 r-xp 00000000 08:02 1439170                    /lib/libz.so.1.2.3.4
7f25acbb3000-7f25acdb3000 ---p 00016000 08:02 1439170                    /lib/libz.so.1.2.3.4
7f25acdb3000-7f25acdb4000 r-xp 00016000 08:02 1439170                    /lib/libz.so.1.2.3.4
7f25acdb4000-7f25acdb5000 rwxp 00017000 08:02 1439170                    /lib/libz.so.1.2.3.4
7f25acdb5000-7f25acdc5000 r-xp 00000000 08:02 526942                     /usr/lib/libtasn1.so.3.1.9
7f25acdc5000-7f25acfc4000 ---p 00010000 08:02 526942                     /usr/lib/libtasn1.so.3.1.9
7f25acfc4000-7f25acfc5000 r-xp 0000f000 08:02 526942                     /usr/lib/libtasn1.so.3.1.9
7f25acfc5000-7f25acfc6000 rwxp 00010000 08:02 526942                     /usr/lib/libtasn1.so.3.1.9
7f25acfc6000-7f25acfc8000 r-xp 00000000 08:02 1439069                    /lib/libkeyutils.so.1.3
7f25acfc8000-7f25ad1c7000 ---p 00002000 08:02 1439069                    /lib/libkeyutils.so.1.3
7f25ad1c7000-7f25ad1c8000 r-xp 00001000 08:02 1439069                    /lib/libkeyutils.so.1.3
7f25ad1c8000-7f25ad1c9000 rwxp 00002000 08:02 1439069                    /lib/libkeyutils.so.1.3
7f25ad1c9000-7f25ad1d0000 r-xp 00000000 08:02 527117                     /usr/lib/libkrb5support.so.0.1
7f25ad1d0000-7f25ad3cf000 ---p 00007000 08:02 527117                     /usr/lib/libkrb5support.so.0.1
7f25ad3cf000-7f25ad3d0000 r-xp 00006000 08:02 527117                     /usr/lib/libkrb5support.so.0.1
7f25ad3d0000-7f25ad3d1000 rwxp 00007000 08:02 527117                     /usr/lib/libkrb5support.so.0.1
7f25ad3d1000-7f25ad3f5000 r-xp 00000000 08:02 526265                     /usr/lib/libk5crypto.so.3.1
7f25ad3f5000-7f25ad5f5000 ---p 00024000 08:02 526265                     /usr/lib/libk5crypto.so.3.1
7f25ad5f5000-7f25ad5f6000 r-xp 00024000 08:02 526265                     /usr/lib/libk5crypto.so.3.1
7f25ad5f6000-7f25ad5f7000 rwxp 00025000 08:02 526265                     /usr/lib/libk5crypto.so.3.1
7f25ad5f7000-7f25ad691000 r-xp 00000000 08:02 525012                     /usr/lib/libgnutls.so.26.14.12
7f25ad691000-7f25ad891000 ---p 0009a000 08:02 525012                     /usr/lib/libgnutls.so.26.14.12
7f25ad891000-7f25ad897000 r-xp 0009a000 08:02 525012                     /usr/lib/libgnutls.so.26.14.12
7f25ad897000-7f25ad898000 rwxp 000a0000 08:02 525012                     /usr/lib/libgnutls.so.26.14.12
7f25ad898000-7f25ad8ae000 r-xp 00000000 08:02 1458530                    /lib/libresolv-2.12.1.so
7f25ad8ae000-7f25adaad000 ---p 00016000 08:02 1458530                    /lib/libresolv-2.12.1.so
7f25adaad000-7f25adaae000 r-xp 00015000 08:02 1458530                    /lib/libresolv-2.12.1.so
7f25adaae000-7f25adaaf000 rwxp 00016000 08:02 1458530                    /lib/libresolv-2.12.1.so
7f25adaaf000-7f25adab1000 rwxp 00000000 00:00 0 
7f25adab1000-7f25adae3000 r-xp 00000000 08:02 529493                     /usr/lib/libgssapi_krb5.so.2.2
7f25adae3000-7f25adce3000 ---p 00032000 08:02 529493                     /usr/lib/libgssapi_krb5.so.2.2
7f25adce3000-7f25adce4000 r-xp 00032000 08:02 529493                     /usr/lib/libgssapi_krb5.so.2.2
7f25adce4000-7f25adce5000 rwxp 00033000 08:02 529493                     /usr/lib/libgssapi_krb5.so.2.2
7f25adce5000-7f25adce8000 r-xp 00000000 08:02 1439028                    /lib/libcom_err.so.2.1
7f25adce8000-7f25adee7000 ---p 00003000 08:02 1439028                    /lib/libcom_err.so.2.1
7f25adee7000-7f25adee8000 r-xp 00002000 08:02 1439028                    /lib/libcom_err.so.2.1
7f25adee8000-7f25adee9000 rwxp 00003000 08:02 1439028                    /lib/libcom_err.so.2.1
7f25adee9000-7f25adfa2000 r-xp 00000000 08:02 537775                     /usr/lib/libkrb5.so.3.3
7f25adfa2000-7f25ae1a1000 ---p 000b9000 08:02 537775                     /usr/lib/libkrb5.so.3.3
7f25ae1a1000-7f25ae1aa000 r-xp 000b8000 08:02 537775                     /usr/lib/libkrb5.so.3.3
7f25ae1aa000-7f25ae1ab000 rwxp 000c1000 08:02 537775                     /usr/lib/libkrb5.so.3.3
7f25ae1ab000-7f25ae1c4000 r-xp 00000000 08:02 526884                     /usr/lib/libsasl2.so.2.0.23
7f25ae1c4000-7f25ae3c3000 ---p 00019000 08:02 526884                     /usr/lib/libsasl2.so.2.0.23
7f25ae3c3000-7f25ae3c4000 r-xp 00018000 08:02 526884                     /usr/lib/libsasl2.so.2.0.23
7f25ae3c4000-7f25ae3c5000 rwxp 00019000 08:02 526884                     /usr/lib/libsasl2.so.2.0.23
7f25ae3c5000-7f25ae3d2000 r-xp 00000000 08:02 523653                     /usr/lib/liblber-2.4.so.2.5.6
7f25ae3d2000-7f25ae5d1000 ---p 0000d000 08:02 523653                     /usr/lib/liblber-2.4.so.2.5.6
7f25ae5d1000-7f25ae5d2000 r-xp 0000c000 08:02 523653                     /usr/lib/liblber-2.4.so.2.5.6
7f25ae5d2000-7f25ae5d3000 rwxp 0000d000 08:02 523653                     /usr/lib/liblber-2.4.so.2.5.6
7f25ae5d3000-7f25ae619000 r-xp 00000000 08:02 523654                     /usr/lib/libldap_r-2.4.so.2.5.6
7f25ae619000-7f25ae819000 ---p 00046000 08:02 523654                     /usr/lib/libldap_r-2.4.so.2.5.6
7f25ae819000-7f25ae81b000 r-xp 00046000 08:02 523654                     /usr/lib/libldap_r-2.4.so.2.5.6
7f25ae81b000-7f25ae81c000 rwxp 00048000 08:02 523654                     /usr/lib/libldap_r-2.4.so.2.5.6
7f25ae81c00