#
# A fatal error has been detected by the Java Runtime Environment:
#
#  SIGSEGV (0xb) at pc=0x00007fca68c40759, pid=30662, tid=140507329246976
#
# JRE version: 6.0_32-b05
# Java VM: Java HotSpot(TM) 64-Bit Server VM (20.7-b02 mixed mode linux-amd64 compressed oops)
# Problematic frame:
# C  [libGL.so.1+0x91759]  __float128+0x25289
#
# If you would like to submit a bug report, please visit:
#   http://java.sun.com/webapps/bugreport/crash.jsp
# The crash happened outside the Java Virtual Machine in native code.
# See problematic frame for where to report the bug.
#

---------------  T H R E A D  ---------------

Current thread (0x00007fca70446000):  JavaThread "AWT-EventQueue-0" [_thread_in_native, id=30693, stack(0x00007fca6962b000,0x00007fca6972c000)]

siginfo:si_signo=SIGSEGV: si_errno=0, si_code=1 (SEGV_MAPERR), si_addr=0x000000004002c000

Registers:
RAX=0x000000004002c000, RBX=0x00007fca7065dad8, RCX=0x00007fca68e9ece0, RDX=0x00007fca6897bbc0
RSP=0x00007fca69729140, RBP=0x0000000000000001, RSI=0x00007fca7065dad8, RDI=0x00007fca68e9ef40
R8 =0x00000000000037d8, R9 =0x00007fca70662f90, R10=0x0000000000000000, R11=0x0000000000000206
R12=0x00007fca69729160, R13=0x0000000000000001, R14=0x00007fca7065dad8, R15=0x00007fca68e83750
RIP=0x00007fca68c40759, EFLAGS=0x0000000000010202, CSGSFS=0x0000000000000033, ERR=0x0000000000000004
  TRAPNO=0x000000000000000e

Top of Stack: (sp=0x00007fca69729140)
0x00007fca69729140:   00007fca69729160 000000004002c000
0x00007fca69729150:   0000012c69729238 000000010000012c
0x00007fca69729160:   000000004002c000 00007fca6a237904
0x00007fca69729170:   00007fca697291b0 00007fca667dbee8
0x00007fca69729180:   0000000000000000 00007fca69729230
0x00007fca69729190:   00007fca69729238 00007fca68c467a9
0x00007fca697291a0:   0000000000000000 00000000419e6000
0x00007fca697291b0:   0000000000000000 0000000005a0002f
0x00007fca697291c0:   00007fca68997f20 00000000000077c6
0x00007fca697291d0:   00000000419e8660 00007fca67c680b0
0x00007fca697291e0:   000000009ea19918 00000000413a69c0
0x00007fca697291f0:   00007fca7065da90 00007fca7053d720
0x00007fca69729200:   000000009ea19918 00007fca69729340
0x00007fca69729210:   00007fca70446000 00007fca68c18e27
0x00007fca69729220:   0000000000000000 00007fca6c8f1298
0x00007fca69729230:   00000000a32e2658 00000000a32e2620
0x00007fca69729240:   00007fca69729240 000000009ea19918
0x00007fca69729250:   00007fca69729290 0000000000000000
0x00007fca69729260:   000000009ea19918 00007fca66c35b42
0x00007fca69729270:   0000000005a0002f 00000000413a69c0
0x00007fca69729280:   00007fca69729318 00007fca704461d0
0x00007fca69729290:   00007fca69729308 00007fca6c8f5b55
0x00007fca697292a0:   000000009e9e2876 00007fca697292e8
0x00007fca697292b0:   000000009e9f4520 0000000000000000
0x00007fca697292c0:   000000009e9e2888 00007fca697292c8
0x00007fca697292d0:   0000000000000000 00007fca69729340
0x00007fca697292e0:   000000009ea1d580 0000000000000000
0x00007fca697292f0:   000000009ea19918 0000000000000000
0x00007fca69729300:   00007fca69729328 00007fca69729388
0x00007fca69729310:   00007fca6c8e4b02 000000009ea1ac48
0x00007fca69729320:   00007fca6c8f1298 0000000005a0002f
0x00007fca69729330:   00007fca69729388 00000000413a69c0 

Instructions: (pc=0x00007fca68c40759)
0x00007fca68c40739:   44 3b 6c 24 1c 75 90 4c 8b 24 24 31 ed 48 8b 0d
0x00007fca68c40749:   db bf 23 00 49 8b 04 24 4c 89 f6 ff c5 48 8b 11
0x00007fca68c40759:   48 8b 38 ff 92 68 03 00 00 48 8b 15 bf bf 23 00
0x00007fca68c40769:   48 89 c3 49 8b 3c 24 49 83 c4 08 48 8b 02 ff 90 

Register to memory mapping:

RAX=0x000000004002c000 is an unknown value
RBX=0x00007fca7065dad8 is an unknown value
RCX=0x00007fca68e9ece0: <offset 0x2efce0> in /usr/lib/nvidia-current/libGL.so.1 at 0x00007fca68baf000
RDX=0x00007fca6897bbc0: <offset 0x1ba7bc0> in /usr/lib/nvidia-current/libnvidia-glcore.so.260.19.06 at 0x00007fca66dd4000
RSP=0x00007fca69729140 is pointing into the stack for thread: 0x00007fca70446000
RBP=0x0000000000000001 is an unknown value
RSI=0x00007fca7065dad8 is an unknown value
RDI=0x00007fca68e9ef40: <offset 0x2eff40> in /usr/lib/nvidia-current/libGL.so.1 at 0x00007fca68baf000
R8 =0x00000000000037d8 is an unknown value
R9 =0x00007fca70662f90 is an unknown value
R10=0x0000000000000000 is an unknown value
R11=0x0000000000000206 is an unknown value
R12=0x00007fca69729160 is pointing into the stack for thread: 0x00007fca70446000
R13=0x0000000000000001 is an unknown value
R14=0x00007fca7065dad8 is an unknown value
R15=0x00007fca68e83750: <offset 0x2d4750> in /usr/lib/nvidia-current/libGL.so.1 at 0x00007fca68baf000


Stack: [0x00007fca6962b000,0x00007fca6972c000],  sp=0x00007fca69729140,  free space=1016k
Native frames: (J=compiled Java code, j=interpreted, Vv=VM code, C=native code)
C  [libGL.so.1+0x91759]  __float128+0x25289

Java frames: (J=compiled Java code, j=interpreted, Vv=VM code)
j  com.sun.opengl.impl.x11.GLX.glXSwapBuffers(JJ)V+0
j  com.sun.opengl.impl.x11.X11OnscreenGLDrawable.swapBuffers()V+38
j  com.sun.opengl.impl.GLDrawableHelper.invokeGL(Ljavax/media/opengl/GLDrawable;Ljavax/media/opengl/GLContext;Ljava/lang/Runnable;Ljava/lang/Runnable;)V+435
j  javax.media.opengl.GLCanvas.maybeDoSingleThreadedWorkaround(Ljava/lang/Runnable;Ljava/lang/Runnable;)V+36
j  javax.media.opengl.GLCanvas.display()V+9
j  javax.media.opengl.GLCanvas.paint(Ljava/awt/Graphics;)V+125
j  javax.media.opengl.GLCanvas.update(Ljava/awt/Graphics;)V+2
j  sun.awt.RepaintArea.updateComponent(Ljava/awt/Component;Ljava/awt/Graphics;)V+6
j  sun.awt.X11.XRepaintArea.updateComponent(Ljava/awt/Component;Ljava/awt/Graphics;)V+23
j  sun.awt.RepaintArea.paint(Ljava/lang/Object;Z)V+263
j  sun.awt.X11.XComponentPeer.handleEvent(Ljava/awt/AWTEvent;)V+224
j  java.awt.Component.dispatchEventImpl(Ljava/awt/AWTEvent;)V+861
J  java.awt.EventQueue$1.run()Ljava/lang/Object;
v  ~StubRoutines::call_stub
J  java.security.AccessController.doPrivileged(Ljava/security/PrivilegedAction;Ljava/security/AccessControlContext;)Ljava/lang/Object;
j  java.security.AccessControlContext$1.doIntersectionPrivilege(Ljava/security/PrivilegedAction;Ljava/security/AccessControlContext;Ljava/security/AccessControlContext;)Ljava/lang/Object;+28
j  java.security.AccessControlContext$1.doIntersectionPrivilege(Ljava/security/PrivilegedAction;Ljava/security/AccessControlContext;)Ljava/lang/Object;+6
j  java.awt.EventQueue$2.run()Ljava/lang/Void;+11
j  java.awt.EventQueue$2.run()Ljava/lang/Object;+1
v  ~StubRoutines::call_stub
J  java.security.AccessController.doPrivileged(Ljava/security/PrivilegedAction;Ljava/security/AccessControlContext;)Ljava/lang/Object;
J  java.awt.EventDispatchThread.pumpOneEventForFilters(I)Z
J  java.awt.EventDispatchThread.pumpEventsForFilter(ILjava/awt/Conditional;Ljava/awt/EventFilter;)V
j  java.awt.EventDispatchThread.pumpEventsForHierarchy(ILjava/awt/Conditional;Ljava/awt/Component;)V+11
j  java.awt.EventDispatchThread.pumpEvents(ILjava/awt/Conditional;)V+4
j  java.awt.EventDispatchThread.pumpEvents(Ljava/awt/Conditional;)V+3
j  java.awt.EventDispatchThread.run()V+9
v  ~StubRoutines::call_stub

---------------  P R O C E S S  ---------------

Java Threads: ( => current thread )
  0x00007fca70501000 JavaThread "NetPlotter" [_thread_blocked, id=30703, stack(0x00007fca666da000,0x00007fca667db000)]
  0x00007fca704e9000 JavaThread "Timer-0" daemon [_thread_blocked, id=30702, stack(0x00007fca6905a000,0x00007fca6915b000)]
  0x00007fca70496800 JavaThread "TimerQueue" daemon [_thread_blocked, id=30701, stack(0x00007fca6915b000,0x00007fca6925c000)]
  0x00007fca7045a000 JavaThread "Thread-1" [_thread_in_Java, id=30695, stack(0x00007fca6935d000,0x00007fca6945e000)]
  0x0000000041278000 JavaThread "DestroyJavaVM" [_thread_blocked, id=30667, stack(0x00007fca77286000,0x00007fca77387000)]
  0x00000000415e4800 JavaThread "org.netbeans.modules.debugger.jpda.visual AWT Access Loop" daemon [_thread_blocked, id=30694, stack(0x00007fca6952a000,0x00007fca6962b000)]
=>0x00007fca70446000 JavaThread "AWT-EventQueue-0" [_thread_in_native, id=30693, stack(0x00007fca6962b000,0x00007fca6972c000)]
  0x00007fca70417000 JavaThread "AWT-Shutdown" [_thread_blocked, id=30692, stack(0x00007fca6972c000,0x00007fca6982d000)]
  0x00007fca70393000 JavaThread "AWT-XAWT" daemon [_thread_blocked, id=30691, stack(0x00007fca69a4c000,0x00007fca69b4d000)]
  0x00000000413f9000 JavaThread "Java2D Disposer" daemon [_thread_blocked, id=30690, stack(0x00007fca69b4d000,0x00007fca69c4e000)]
  0x00007fca7012d000 JavaThread "Low Memory Detector" daemon [_thread_blocked, id=30688, stack(0x00007fca6a622000,0x00007fca6a723000)]
  0x0000000041303800 JavaThread "C2 CompilerThread1" daemon [_thread_blocked, id=30687, stack(0x00007fca6a723000,0x00007fca6a824000)]
  0x0000000041300800 JavaThread "C2 CompilerThread0" daemon [_thread_blocked, id=30686, stack(0x00007fca6a824000,0x00007fca6a925000)]
  0x00007fca70125800 JavaThread "JDWP Event Helper Thread" daemon [_thread_blocked, id=30682, stack(0x00007fca6aa26000,0x00007fca6ab27000)]
  0x00007fca70122000 JavaThread "JDWP Transport Listener: dt_socket" daemon [_thread_in_native, id=30680, stack(0x00007fca6ab27000,0x00007fca6ac28000)]
  0x00007fca70117000 JavaThread "Signal Dispatcher" daemon [_thread_blocked, id=30679, stack(0x00007fca6ad2c000,0x00007fca6ae2d000)]
  0x00007fca700fc000 JavaThread "Finalizer" daemon [_thread_blocked, id=30678, stack(0x00007fca6ae2d000,0x00007fca6af2e000)]
  0x00007fca700fa000 JavaThread "Reference Handler" daemon [_thread_blocked, id=30677, stack(0x00007fca6af2e000,0x00007fca6b02f000)]

Other Threads:
  0x00007fca700f4000 VMThread [stack: 0x00007fca6b02f000,0x00007fca6b130000] [id=30676]
  0x000000004130f000 WatcherThread [stack: 0x00007fca6a521000,0x00007fca6a622000] [id=30689]

VM state:not at safepoint (normal execution)

VM Mutex/Monitor currently owned by a thread: None

Heap
 PSYoungGen      total 489152K, used 96789K [0x00000000e0e00000, 0x0000000100000000, 0x0000000100000000)
  eden space 469504K, 18% used [0x00000000e0e00000,0x00000000e61ad610,0x00000000fd880000)
  from space 19648K, 56% used [0x00000000fd880000,0x00000000fe358000,0x00000000febb0000)
  to   space 19328K, 0% used [0x00000000fed20000,0x00000000fed20000,0x0000000100000000)
 PSOldGen        total 107904K, used 88415K [0x00000000a2a00000, 0x00000000a9360000, 0x00000000e0e00000)
  object space 107904K, 81% used [0x00000000a2a00000,0x00000000a8057d40,0x00000000a9360000)
 PSPermGen       total 50304K, used 22741K [0x000000009d800000, 0x00000000a0920000, 0x00000000a2a00000)
  object space 50304K, 45% used [0x000000009d800000,0x000000009ee35688,0x00000000a0920000)

Code Cache  [0x00007fca6c8df000, 0x00007fca6cb4f000, 0x00007fca6f8df000)
 total_blobs=1376 nmethods=625 adapters=713 free_code_cache=48069120 largest_free_block=36736

Dynamic libraries:
40000000-40009000 r-xp 00000000 08:08 5900415                            /users/oconnorp/Programs/jdk1.6.0_32/jre/bin/java
40108000-4010a000 rwxp 00008000 08:08 5900415                            /users/oconnorp/Programs/jdk1.6.0_32/jre/bin/java
41274000-41cdb000 rwxp 00000000 00:00 0                                  [heap]
9d800000-a0920000 rwxp 00000000 00:00 0 
a0920000-a2a00000 rwxp 00000000 00:00 0 
a2a00000-a9360000 rwxp 00000000 00:00 0 
a9360000-e0e00000 rwxp 00000000 00:00 0 
e0e00000-100000000 rwxp 00000000 00:00 0 
7fca63d28000-7fca6401a000 rwxp 00000000 00:00 0 
7fca64089000-7fca64835000 rwxp 00000000 00:00 0 
7fca6486e000-7fca64b6e000 rwxp 00000000 00:00 0 
7fca64b9d000-7fca65b3a000 rwxp 00000000 00:00 0 
7fca6615e000-7fca666da000 rwxs 00000000 00:04 65175580                   /SYSV00000000 (deleted)
7fca666da000-7fca666dd000 ---p 00000000 00:00 0 
7fca666dd000-7fca667db000 rwxp 00000000 00:00 0 
7fca667db000-7fca667dd000 r-xp 00000000 08:08 9176684                    /users/oconnorp/Desktop/Dropbox/J/JSpikeStackMod/JSpikeStack/jars/libjogl_awt.so
7fca667dd000-7fca668dc000 ---p 00002000 08:08 9176684                    /users/oconnorp/Desktop/Dropbox/J/JSpikeStackMod/JSpikeStack/jars/libjogl_awt.so
7fca668dc000-7fca668dd000 rwxp 00001000 08:08 9176684                    /users/oconnorp/Desktop/Dropbox/J/JSpikeStackMod/JSpikeStack/jars/libjogl_awt.so
7fca668dd000-7fca668de000 r-xp 00000000 08:08 5901041                    /users/oconnorp/Programs/jdk1.6.0_32/jre/lib/amd64/libjawt.so
7fca668de000-7fca669dd000 ---p 00001000 08:08 5901041                    /users/oconnorp/Programs/jdk1.6.0_32/jre/lib/amd64/libjawt.so
7fca669dd000-7fca669de000 rwxp 00000000 08:08 5901041                    /users/oconnorp/Programs/jdk1.6.0_32/jre/lib/amd64/libjawt.so
7fca669de000-7fca669e3000 r-xp 00000000 08:02 526129                     /usr/lib/libXxf86vm.so.1.0.0
7fca669e3000-7fca66be2000 ---p 00005000 08:02 526129                     /usr/lib/libXxf86vm.so.1.0.0
7fca66be2000-7fca66be3000 r-xp 00004000 08:02 526129                     /usr/lib/libXxf86vm.so.1.0.0
7fca66be3000-7fca66be4000 rwxp 00005000 08:02 526129                     /usr/lib/libXxf86vm.so.1.0.0
7fca66be4000-7fca66cd3000 r-xp 00000000 08:08 9176677                    /users/oconnorp/Desktop/Dropbox/J/JSpikeStackMod/JSpikeStack/jars/libjogl.so
7fca66cd3000-7fca66dd3000 ---p 000ef000 08:08 9176677                    /users/oconnorp/Desktop/Dropbox/J/JSpikeStackMod/JSpikeStack/jars/libjogl.so
7fca66dd3000-7fca66dd4000 rwxp 000ef000 08:08 9176677                    /users/oconnorp/Desktop/Dropbox/J/JSpikeStackMod/JSpikeStack/jars/libjogl.so
7fca66dd4000-7fca681bc000 r-xp 00000000 08:02 666465                     /usr/lib/nvidia-current/libnvidia-glcore.so.260.19.06
7fca681bc000-7fca683bb000 ---p 013e8000 08:02 666465                     /usr/lib/nvidia-current/libnvidia-glcore.so.260.19.06
7fca683bb000-7fca68997000 rwxp 013e7000 08:02 666465                     /usr/lib/nvidia-current/libnvidia-glcore.so.260.19.06
7fca68997000-7fca689ad000 rwxp 00000000 00:00 0 
7fca689ad000-7fca689ae000 r-xp 00000000 08:02 666460                     /usr/lib/nvidia-current/tls/libnvidia-tls.so.260.19.06
7fca689ae000-7fca68bae000 ---p 00001000 08:02 666460                     /usr/lib/nvidia-current/tls/libnvidia-tls.so.260.19.06
7fca68bae000-7fca68baf000 rwxp 00001000 08:02 666460                     /usr/lib/nvidia-current/tls/libnvidia-tls.so.260.19.06
7fca68baf000-7fca68c66000 r-xp 00000000 08:02 666455                     /usr/lib/nvidia-current/libGL.so.260.19.06
7fca68c66000-7fca68e66000 ---p 000b7000 08:02 666455                     /usr/lib/nvidia-current/libGL.so.260.19.06
7fca68e66000-7fca68e9e000 rwxp 000b7000 08:02 666455                     /usr/lib/nvidia-current/libGL.so.260.19.06
7fca68e9e000-7fca68eb4000 rwxp 00000000 00:00 0 
7fca68eb4000-7fca68eb5000 r-xp 00000000 08:08 9176675                    /users/oconnorp/Desktop/Dropbox/J/JSpikeStackMod/JSpikeStack/jars/libgluegen-rt.so
7fca68eb5000-7fca68fb4000 ---p 00001000 08:08 9176675                    /users/oconnorp/Desktop/Dropbox/J/JSpikeStackMod/JSpikeStack/jars/libgluegen-rt.so
7fca68fb4000-7fca68fb5000 rwxp 00000000 08:08 9176675                    /users/oconnorp/Desktop/Dropbox/J/JSpikeStackMod/JSpikeStack/jars/libgluegen-rt.so
7fca6905a000-7fca6905d000 ---p 00000000 00:00 0 
7fca6905d000-7fca6915b000 rwxp 00000000 00:00 0 
7fca6915b000-7fca6915e000 ---p 00000000 00:00 0 
7fca6915e000-7fca6925c000 rwxp 00000000 00:00 0 
7fca6925c000-7fca6925f000 ---p 00000000 00:00 0 
7fca6925f000-7fca6935d000 rwxp 00000000 00:00 0 
7fca6935d000-7fca69360000 ---p 00000000 00:00 0 
7fca69360000-7fca6945e000 rwxp 00000000 00:00 0 
7fca6945e000-7fca6945f000 r-xs 00000000 08:02 1706781                    /var/cache/fontconfig/c05880de57d1f5e948fdfacc138775d9-le64.cache-3
7fca6945f000-7fca69468000 r-xs 00000000 08:02 1706778                    /var/cache/fontconfig/945677eb7aeaf62f1d50efc3fb3ec7d8-le64.cache-3
7fca6952a000-7fca6952d000 ---p 00000000 00:00 0 
7fca6952d000-7fca6962b000 rwxp 00000000 00:00 0 
7fca6962b000-7fca6962e000 ---p 00000000 00:00 0 
7fca6962e000-7fca6972c000 rwxp 00000000 00:00 0 
7fca6972c000-7fca6972f000 ---p 00000000 00:00 0 
7fca6972f000-7fca6982d000 rwxp 00000000 00:00 0 
7fca6982d000-7fca69834000 r-xp 00000000 08:08 5901017                    /users/oconnorp/Programs/jdk1.6.0_32/jre/lib/amd64/libnio.so
7fca69834000-7fca69933000 ---p 00007000 08:08 5901017                    /users/oconnorp/Programs/jdk1.6.0_32/jre/lib/amd64/libnio.so
7fca69933000-7fca69935000 rwxp 00006000 08:08 5901017                    /users/oconnorp/Programs/jdk1.6.0_32/jre/lib/amd64/libnio.so
7fca69935000-7fca69948000 r-xp 00000000 08:08 5901016                    /users/oconnorp/Programs/jdk1.6.0_32/jre/lib/amd64/libnet.so
7fca69948000-7fca69a49000 ---p 00013000 08:08 5901016                    /users/oconnorp/Programs/jdk1.6.0_32/jre/lib/amd64/libnet.so
7fca69a49000-7fca69a4c000 rwxp 00014000 08:08 5901016                    /users/oconnorp/Programs/jdk1.6.0_32/jre/lib/amd64/libnet.so
7fca69a4c000-7fca69a4f000 ---p 00000000 00:00 0 
7fca69a4f000-7fca69b4d000 rwxp 00000000 00:00 0 
7fca69b4d000-7fca69b50000 ---p 00000000 00:00 0 
7fca69b50000-7fca69c4e000 rwxp 00000000 00:00 0 
7fca69c4e000-7fca69cc7000 r-xp 00000000 08:08 5901025                    /users/oconnorp/Programs/jdk1.6.0_32/jre/lib/amd64/libfontmanager.so
7fca69cc7000-7fca69dc6000 ---p 00079000 08:08 5901025                    /users/oconnorp/Programs/jdk1.6.0_32/jre/lib/amd64/libfontmanager.so
7fca69dc6000-7fca69ddb000 rwxp 00078000 08:08 5901025                    /users/oconnorp/Programs/jdk1.6.0_32/jre/lib/amd64/libfontmanager.so
7fca69ddb000-7fca69ded000 rwxp 00000000 00:00 0 
7fca69ded000-7fca69dfb000 r-xp 00000000 08:02 526099                     /usr/lib/libXi.so.6.1.0
7fca69dfb000-7fca69ffb000 ---p 0000e000 08:02 526099                     /usr/lib/libXi.so.6.1.0
7fca69ffb000-7fca69ffc000 r-xp 0000e000 08:02 526099                     /usr/lib/libXi.so.6.1.0
7fca69ffc000-7fca69ffd000 rwxp 0000f000 08:02 526099                     /usr/lib/libXi.so.6.1.0
7fca69ffd000-7fca6a002000 r-xp 00000000 08:02 526119                     /usr/lib/libXtst.so.6.1.0
7fca6a002000-7fca6a202000 ---p 00005000 08:02 526119                     /usr/lib/libXtst.so.6.1.0
7fca6a202000-7fca6a203000 r-xp 00005000 08:02 526119                     /usr/lib/libXtst.so.6.1.0
7fca6a203000-7fca6a204000 rwxp 00006000 08:02 526119                     /usr/lib/libXtst.so.6.1.0
7fca6a204000-7fca6a246000 r-xp 00000000 08:08 5901014                    /users/oconnorp/Programs/jdk1.6.0_32/jre/lib/amd64/xawt/libmawt.so
7fca6a246000-7fca6a345000 ---p 00042000 08:08 5901014                    /users/oconnorp/Programs/jdk1.6.0_32/jre/lib/amd64/xawt/libmawt.so
7fca6a345000-7fca6a351000 rwxp 00041000 08:08 5901014                    /users/oconnorp/Programs/jdk1.6.0_32/jre/lib/amd64/xawt/libmawt.so
7fca6a351000-7fca6a352000 rwxp 00000000 00:00 0 
7fca6a352000-7fca6a3e4000 r-xp 00000000 08:08 5901061                    /users/oconnorp/Programs/jdk1.6.0_32/jre/lib/amd64/libawt.so
7fca6a3e4000-7fca6a4e3000 ---p 00092000 08:08 5901061                    /users/oconnorp/Programs/jdk1.6.0_32/jre/lib/amd64/libawt.so
7fca6a4e3000-7fca6a4fd000 rwxp 00091000 08:08 5901061                    /users/oconnorp/Programs/jdk1.6.0_32/jre/lib/amd64/libawt.so
7fca6a4fd000-7fca6a521000 rwxp 00000000 00:00 0 
7fca6a521000-7fca6a522000 ---p 00000000 00:00 0 
7fca6a522000-7fca6a622000 rwxp 00000000 00:00 0 
7fca6a622000-7fca6a625000 ---p 00000000 00:00 0 
7fca6a625000-7fca6a723000 rwxp 00000000 00:00 0 
7fca6a723000-7fca6a726000 ---p 00000000 00:00 0 
7fca6a726000-7fca6a824000 rwxp 00000000 00:00 0 
7fca6a824000-7fca6a827000 ---p 00000000 00:00 0 
7fca6a827000-7fca6a925000 rwxp 00000000 00:00 0 
7fca6a925000-7fca6a928000 ---p 00000000 00:00 0 
7fca6a928000-7fca6aa26000 rwxp 00000000 00:00 0 
7fca6aa26000-7fca6aa29000 ---p 00000000 00:00 0 
7fca6aa29000-7fca6ab27000 rwxp 00000000 00:00 0 
7fca6ab27000-7fca6ab2a000 ---p 00000000 00:00 0 
7fca6ab2a000-7fca6ac28000 rwxp 00000000 00:00 0 
7fca6ac28000-7fca6ac2b000 r-xp 00000000 08:08 5901052                    /users/oconnorp/Programs/jdk1.6.0_32/jre/lib/amd64/libdt_socket.so
7fca6ac2b000-7fca6ad2a000 ---p 00003000 08:08 5901052                    /users/oconnorp/Programs/jdk1.6.0_32/jre/lib/amd64/libdt_socket.so
7fca6ad2a000-7fca6ad2c000 rwxp 00002000 08:08 5901052                    /users/oconnorp/Programs/jdk1.6.0_32/jre/lib/amd64/libdt_socket.so
7fca6ad2c000-7fca6ad2f000 ---p 00000000 00:00 0 
7fc