#
# A fatal error has been detected by the Java Runtime Environment:
#
#  SIGSEGV (0xb) at pc=0x00007f09f04815ea, pid=30709, tid=139680674330368
#
# JRE version: 6.0_32-b05
# Java VM: Java HotSpot(TM) 64-Bit Server VM (20.7-b02 mixed mode linux-amd64 compressed oops)
# Problematic frame:
# C  [libGL.so.1+0x775ea]  __float128+0xb11a
#
# If you would like to submit a bug report, please visit:
#   http://java.sun.com/webapps/bugreport/crash.jsp
# The crash happened outside the Java Virtual Machine in native code.
# See problematic frame for where to report the bug.
#

---------------  T H R E A D  ---------------

Current thread (0x00007f09f836b800):  JavaThread "AWT-EventQueue-0" [_thread_in_native, id=30744, stack(0x00007f09f0e9b000,0x00007f09f0f9c000)]

siginfo:si_signo=SIGSEGV: si_errno=0, si_code=1 (SEGV_MAPERR), si_addr=0x0000000041d6e000

Registers:
RAX=0x0000000041d6e000, RBX=0x0000000000000000, RCX=0x00007f09ebfff180, RDX=0x0000000041ad3501
RSP=0x00007f09f0f98ce0, RBP=0x0000000041b77818, RSI=0x00007f09f06f91e0, RDI=0x00007f09f06ddd60
R8 =0x00007f09f06f9f40, R9 =0x0000000000007818, R10=0x00007f09f4165b28, R11=0x0000000000000206
R12=0x00007f09f06ddd60, R13=0x00000000416e5940, R14=0x00007f09f047fda0, R15=0x0000000005a0002f
RIP=0x00007f09f04815ea, EFLAGS=0x0000000000010202, CSGSFS=0x0000000000000033, ERR=0x0000000000000004
  TRAPNO=0x000000000000000e

Top of Stack: (sp=0x00007f09f0f98ce0)
0x00007f09f0f98ce0:   3ff0000000000000 00000000f416633e
0x00007f09f0f98cf0:   0000000005a0002f 00000001000048d0
0x00007f09f0f98d00:   0000000000000000 00000001f0f98d08
0x00007f09f0f98d10:   0000000000000000 00007f09f0f98d78
0x00007f09f0f98d20:   000000009d8d4228 0000000000000000
0x00007f09f0f98d30:   000000009d8d09d0 0000000000000000
0x00007f09f0f98d40:   00007f09f0f98d68 00007f09f0f98dc0
0x00007f09f0f98d50:   00007f09f4154a33 000000009ea17a88
0x00007f09f0f98d60:   00007f09f0f98dd0 0000000000000000
0x00007f09f0f98d70:   000000009ea17a88 00007f09f0f98ea0
0x00007f09f0f98d80:   00007f09f836b800 00007f09f00683d7
0x00007f09f0f98d90:   00007f09f0f98dd8 0000000041b77818
0x00007f09f0f98da0:   0000000005a0002f 00000000416e5940
0x00007f09f0f98db0:   00007f09f0f98e68 00007f09f836b9d0
0x00007f09f0f98dc0:   00007f09f0f98e20 00007f09f4154a33
0x00007f09f0f98dd0:   00007f09f0f98e58 00007f09f4165b55
0x00007f09f0f98de0:   00007f09f0f98de0 000000009ea39375
0x00007f09f0f98df0:   00007f09f0f98e38 000000009ea3a040
0x00007f09f0f98e00:   000000009edd4b60 000000009ea39380
0x00007f09f0f98e10:   0000000000000000 00007f09f0f98e18
0x00007f09f0f98e20:   0000000000000000 00007f09f0f98ea0
0x00007f09f0f98e30:   000000009ea1f780 0000000000000000
0x00007f09f0f98e40:   000000009ea17a88 0000000000000000
0x00007f09f0f98e50:   00007f09f0f98e78 00007f09f0f98ee8
0x00007f09f0f98e60:   00007f09f41548da 000000009ea1ca78
0x00007f09f0f98e70:   00007f09f4161280 0000000041b77818
0x00007f09f0f98e80:   00007f09f0f98ee8 0000000005a0002f
0x00007f09f0f98e90:   00000000a3b70b18 00000000416e5940
0x00007f09f0f98ea0:   00000000a3b70b18 00007f09f0f98ea8
0x00007f09f0f98eb0:   000000009e9ef606 00007f09f0f98f00
0x00007f09f0f98ec0:   000000009ea5cea8 0000000000000000
0x00007f09f0f98ed0:   000000009e9ef6a8 00007f09f0f98e78 

Instructions: (pc=0x00007f09f04815ea)
0x00007f09f04815ca:   8b 85 84 08 00 00 85 c0 0f 95 c2 4d 85 ff 0f 95
0x00007f09f04815da:   c0 84 c2 74 21 48 8b 85 c8 08 00 00 48 8b 40 40
0x00007f09f04815ea:   48 8b 00 f7 80 f8 c3 03 00 00 00 00 4e 0f 85 1d
0x00007f09f04815fa:   04 00 00 0f 1f 00 4d 85 f6 0f 84 37 01 00 00 31 

Register to memory mapping:

RAX=0x0000000041d6e000 is an unknown value
RBX=0x0000000000000000 is an unknown value
RCX=0x00007f09ebfff180: _nv018glcore+0 in /usr/lib/nvidia-current/libnvidia-glcore.so.260.19.06 at 0x00007f09ea427000
RDX=0x0000000041ad3501 is an unknown value
RSP=0x00007f09f0f98ce0 is pointing into the stack for thread: 0x00007f09f836b800
RBP=0x0000000041b77818 is an unknown value
RSI=0x00007f09f06f91e0: <offset 0x2ef1e0> in /usr/lib/nvidia-current/libGL.so.1 at 0x00007f09f040a000
RDI=0x00007f09f06ddd60: <offset 0x2d3d60> in /usr/lib/nvidia-current/libGL.so.1 at 0x00007f09f040a000
R8 =0x00007f09f06f9f40: <offset 0x2eff40> in /usr/lib/nvidia-current/libGL.so.1 at 0x00007f09f040a000
R9 =0x0000000000007818 is an unknown value
R10=0x00007f09f4165b28 is an Interpreter codelet
method entry point (kind = native)  [0x00007f09f4165680, 0x00007f09f4166480]  3584 bytes
R11=0x0000000000000206 is an unknown value
R12=0x00007f09f06ddd60: <offset 0x2d3d60> in /usr/lib/nvidia-current/libGL.so.1 at 0x00007f09f040a000
R13=0x00000000416e5940 is an unknown value
R14=0x00007f09f047fda0: <offset 0x75da0> in /usr/lib/nvidia-current/libGL.so.1 at 0x00007f09f040a000
R15=0x0000000005a0002f is an unknown value


Stack: [0x00007f09f0e9b000,0x00007f09f0f9c000],  sp=0x00007f09f0f98ce0,  free space=1015k
Native frames: (J=compiled Java code, j=interpreted, Vv=VM code, C=native code)
C  [libGL.so.1+0x775ea]  __float128+0xb11a

Java frames: (J=compiled Java code, j=interpreted, Vv=VM code)
j  com.sun.opengl.impl.x11.GLX.glXMakeCurrent(JJJ)Z+0
j  com.sun.opengl.impl.x11.X11GLContext.makeCurrentImpl()I+78
j  com.sun.opengl.impl.x11.X11OnscreenGLContext.makeCurrentImpl()I+32
j  com.sun.opengl.impl.GLContextImpl.makeCurrent()I+56
j  com.sun.opengl.impl.GLDrawableHelper.invokeGL(Ljavax/media/opengl/GLDrawable;Ljavax/media/opengl/GLContext;Ljava/lang/Runnable;Ljava/lang/Runnable;)V+308
j  javax.media.opengl.GLCanvas.maybeDoSingleThreadedWorkaround(Ljava/lang/Runnable;Ljava/lang/Runnable;)V+36
j  javax.media.opengl.GLCanvas.display()V+9
j  javax.media.opengl.GLCanvas.paint(Ljava/awt/Graphics;)V+125
j  javax.media.opengl.GLCanvas.update(Ljava/awt/Graphics;)V+2
j  sun.awt.RepaintArea.updateComponent(Ljava/awt/Component;Ljava/awt/Graphics;)V+6
j  sun.awt.X11.XRepaintArea.updateComponent(Ljava/awt/Component;Ljava/awt/Graphics;)V+23
j  sun.awt.RepaintArea.paint(Ljava/lang/Object;Z)V+263
j  sun.awt.X11.XComponentPeer.handleEvent(Ljava/awt/AWTEvent;)V+224
j  java.awt.Component.dispatchEventImpl(Ljava/awt/AWTEvent;)V+861
j  java.awt.Component.dispatchEvent(Ljava/awt/AWTEvent;)V+2
j  java.awt.EventQueue.dispatchEventImpl(Ljava/awt/AWTEvent;Ljava/lang/Object;)V+41
j  java.awt.EventQueue.access$000(Ljava/awt/EventQueue;Ljava/awt/AWTEvent;Ljava/lang/Object;)V+3
j  java.awt.EventQueue$1.run()Ljava/lang/Void;+12
j  java.awt.EventQueue$1.run()Ljava/lang/Object;+1
v  ~StubRoutines::call_stub
j  java.security.AccessController.doPrivileged(Ljava/security/PrivilegedAction;Ljava/security/AccessControlContext;)Ljava/lang/Object;+0
j  java.security.AccessControlContext$1.doIntersectionPrivilege(Ljava/security/PrivilegedAction;Ljava/security/AccessControlContext;Ljava/security/AccessControlContext;)Ljava/lang/Object;+28
j  java.security.AccessControlContext$1.doIntersectionPrivilege(Ljava/security/PrivilegedAction;Ljava/security/AccessControlContext;)Ljava/lang/Object;+6
j  java.awt.EventQueue$2.run()Ljava/lang/Void;+11
j  java.awt.EventQueue$2.run()Ljava/lang/Object;+1
v  ~StubRoutines::call_stub
j  java.security.AccessController.doPrivileged(Ljava/security/PrivilegedAction;Ljava/security/AccessControlContext;)Ljava/lang/Object;+0
J  java.awt.EventDispatchThread.pumpOneEventForFilters(I)Z
j  java.awt.EventDispatchThread.pumpEventsForFilter(ILjava/awt/Conditional;Ljava/awt/EventFilter;)V+30
j  java.awt.EventDispatchThread.pumpEventsForHierarchy(ILjava/awt/Conditional;Ljava/awt/Component;)V+11
j  java.awt.EventDispatchThread.pumpEvents(ILjava/awt/Conditional;)V+4
j  java.awt.EventDispatchThread.pumpEvents(Ljava/awt/Conditional;)V+3
j  java.awt.EventDispatchThread.run()V+9
v  ~StubRoutines::call_stub

---------------  P R O C E S S  ---------------

Java Threads: ( => current thread )
  0x00007f09ec0ff000 JavaThread "NetPlotter" [_thread_blocked, id=30754, stack(0x00007f09e9f1d000,0x00007f09ea01e000)]
  0x00007f09ec1d3000 JavaThread "Timer-0" daemon [_thread_blocked, id=30753, stack(0x00007f09f08b5000,0x00007f09f09b6000)]
  0x00007f09ec16b800 JavaThread "TimerQueue" daemon [_thread_blocked, id=30752, stack(0x00007f09f09b6000,0x00007f09f0ab7000)]
  0x00007f09ec092000 JavaThread "Thread-1" [_thread_in_Java, id=30746, stack(0x00007f09f0bb8000,0x00007f09f0cb9000)]
  0x0000000041566000 JavaThread "DestroyJavaVM" [_thread_blocked, id=30714, stack(0x00007f09feadf000,0x00007f09febe0000)]
  0x00007f09ec091000 JavaThread "org.netbeans.modules.debugger.jpda.visual AWT Access Loop" daemon [_thread_blocked, id=30745, stack(0x00007f09f0d9a000,0x00007f09f0e9b000)]
=>0x00007f09f836b800 JavaThread "AWT-EventQueue-0" [_thread_in_native, id=30744, stack(0x00007f09f0e9b000,0x00007f09f0f9c000)]
  0x00007f09f8361000 JavaThread "AWT-Shutdown" [_thread_blocked, id=30743, stack(0x00007f09f0f9c000,0x00007f09f109d000)]
  0x00007f09ec08a800 JavaThread "AWT-XAWT" daemon [_thread_blocked, id=30742, stack(0x00007f09f12bc000,0x00007f09f13bd000)]
  0x00007f09f81bc000 JavaThread "Java2D Disposer" daemon [_thread_blocked, id=30741, stack(0x00007f09f13bd000,0x00007f09f14be000)]
  0x00000000416c0800 JavaThread "Low Memory Detector" daemon [_thread_blocked, id=30739, stack(0x00007f09f1e92000,0x00007f09f1f93000)]
  0x00000000416be000 JavaThread "C2 CompilerThread1" daemon [_thread_blocked, id=30738, stack(0x00007f09f1f93000,0x00007f09f2094000)]
  0x00000000416bb000 JavaThread "C2 CompilerThread0" daemon [_thread_blocked, id=30737, stack(0x00007f09f2094000,0x00007f09f2195000)]
  0x00000000416ae000 JavaThread "JDWP Event Helper Thread" daemon [_thread_blocked, id=30733, stack(0x00007f09f2296000,0x00007f09f2397000)]
  0x00000000416aa800 JavaThread "JDWP Transport Listener: dt_socket" daemon [_thread_in_native, id=30731, stack(0x00007f09f2397000,0x00007f09f2498000)]
  0x000000004169e800 JavaThread "Signal Dispatcher" daemon [_thread_blocked, id=30730, stack(0x00007f09f259c000,0x00007f09f269d000)]
  0x0000000041683000 JavaThread "Finalizer" daemon [_thread_blocked, id=30728, stack(0x00007f09f269d000,0x00007f09f279e000)]
  0x000000004167b800 JavaThread "Reference Handler" daemon [_thread_blocked, id=30727, stack(0x00007f09f279e000,0x00007f09f289f000)]

Other Threads:
  0x0000000041674800 VMThread [stack: 0x00007f09f289f000,0x00007f09f29a0000] [id=30726]
  0x00000000416d3800 WatcherThread [stack: 0x00007f09f1d91000,0x00007f09f1e92000] [id=30740]

VM state:not at safepoint (normal execution)

VM Mutex/Monitor currently owned by a thread: None

Heap
 PSYoungGen      total 490432K, used 423851K [0x00000000e0e00000, 0x0000000100000000, 0x0000000100000000)
  eden space 473344K, 86% used [0x00000000e0e00000,0x00000000f9d6afd8,0x00000000fdc40000)
  from space 17088K, 86% used [0x00000000fef50000,0x00000000ffdd0000,0x0000000100000000)
  to   space 18304K, 0% used [0x00000000fdc40000,0x00000000fdc40000,0x00000000fee20000)
 PSOldGen        total 127872K, used 78016K [0x00000000a2a00000, 0x00000000aa6e0000, 0x00000000e0e00000)
  object space 127872K, 61% used [0x00000000a2a00000,0x00000000a7630018,0x00000000aa6e0000)
 PSPermGen       total 50304K, used 22709K [0x000000009d800000, 0x00000000a0920000, 0x00000000a2a00000)
  object space 50304K, 45% used [0x000000009d800000,0x000000009ee2d570,0x00000000a0920000)

Code Cache  [0x00007f09f414f000, 0x00007f09f43bf000, 0x00007f09f714f000)
 total_blobs=1207 nmethods=456 adapters=713 free_code_cache=48070080 largest_free_block=42880

Dynamic libraries:
40000000-40009000 r-xp 00000000 08:08 5900415                            /users/oconnorp/Programs/jdk1.6.0_32/jre/bin/java
40108000-4010a000 rwxp 00008000 08:08 5900415                            /users/oconnorp/Programs/jdk1.6.0_32/jre/bin/java
4155b000-41d6e000 rwxp 00000000 00:00 0                                  [heap]
9d800000-a0920000 rwxp 00000000 00:00 0 
a0920000-a2a00000 rwxp 00000000 00:00 0 
a2a00000-aa6e0000 rwxp 00000000 00:00 0 
aa6e0000-e0e00000 rwxp 00000000 00:00 0 
e0e00000-100000000 rwxp 00000000 00:00 0 
7f09e8b46000-7f09e9246000 rwxp 00000000 00:00 0 
7f09e930f000-7f09e940f000 rwxp 00000000 00:00 0 
7f09e94d8000-7f09e95d8000 rwxp 00000000 00:00 0 
7f09e95d8000-7f09e97d8000 rwxs a846a000 00:05 8204                       /dev/nvidia0
7f09e97d8000-7f09e98d8000 rwxs 24526000 00:05 8204                       /dev/nvidia0
7f09e99a1000-7f09e9f1d000 rwxs 00000000 00:04 65306652                   /SYSV00000000 (deleted)
7f09e9f1d000-7f09e9f20000 ---p 00000000 00:00 0 
7f09e9f20000-7f09ea01e000 rwxp 00000000 00:00 0 
7f09ea01e000-7f09ea020000 r-xp 00000000 08:08 9176684                    /users/oconnorp/Desktop/Dropbox/J/JSpikeStackMod/JSpikeStack/jars/libjogl_awt.so
7f09ea020000-7f09ea11f000 ---p 00002000 08:08 9176684                    /users/oconnorp/Desktop/Dropbox/J/JSpikeStackMod/JSpikeStack/jars/libjogl_awt.so
7f09ea11f000-7f09ea120000 rwxp 00001000 08:08 9176684                    /users/oconnorp/Desktop/Dropbox/J/JSpikeStackMod/JSpikeStack/jars/libjogl_awt.so
7f09ea120000-7f09ea121000 r-xp 00000000 08:08 5901041                    /users/oconnorp/Programs/jdk1.6.0_32/jre/lib/amd64/libjawt.so
7f09ea121000-7f09ea220000 ---p 00001000 08:08 5901041                    /users/oconnorp/Programs/jdk1.6.0_32/jre/lib/amd64/libjawt.so
7f09ea220000-7f09ea221000 rwxp 00000000 08:08 5901041                    /users/oconnorp/Programs/jdk1.6.0_32/jre/lib/amd64/libjawt.so
7f09ea221000-7f09ea226000 r-xp 00000000 08:02 526129                     /usr/lib/libXxf86vm.so.1.0.0
7f09ea226000-7f09ea425000 ---p 00005000 08:02 526129                     /usr/lib/libXxf86vm.so.1.0.0
7f09ea425000-7f09ea426000 r-xp 00004000 08:02 526129                     /usr/lib/libXxf86vm.so.1.0.0
7f09ea426000-7f09ea427000 rwxp 00005000 08:02 526129                     /usr/lib/libXxf86vm.so.1.0.0
7f09ea427000-7f09eb80f000 r-xp 00000000 08:02 666465                     /usr/lib/nvidia-current/libnvidia-glcore.so.260.19.06
7f09eb80f000-7f09eba0e000 ---p 013e8000 08:02 666465                     /usr/lib/nvidia-current/libnvidia-glcore.so.260.19.06
7f09eba0e000-7f09ebfea000 rwxp 013e7000 08:02 666465                     /usr/lib/nvidia-current/libnvidia-glcore.so.260.19.06
7f09ebfea000-7f09ec000000 rwxp 00000000 00:00 0 
7f09ec000000-7f09eded7000 rwxp 00000000 00:00 0 
7f09eded7000-7f09f0000000 ---p 00000000 00:00 0 
7f09f0018000-7f09f0107000 r-xp 00000000 08:08 9176677                    /users/oconnorp/Desktop/Dropbox/J/JSpikeStackMod/JSpikeStack/jars/libjogl.so
7f09f0107000-7f09f0207000 ---p 000ef000 08:08 9176677                    /users/oconnorp/Desktop/Dropbox/J/JSpikeStackMod/JSpikeStack/jars/libjogl.so
7f09f0207000-7f09f0208000 rwxp 000ef000 08:08 9176677                    /users/oconnorp/Desktop/Dropbox/J/JSpikeStackMod/JSpikeStack/jars/libjogl.so
7f09f0208000-7f09f0209000 r-xp 00000000 08:02 666460                     /usr/lib/nvidia-current/tls/libnvidia-tls.so.260.19.06
7f09f0209000-7f09f0409000 ---p 00001000 08:02 666460                     /usr/lib/nvidia-current/tls/libnvidia-tls.so.260.19.06
7f09f0409000-7f09f040a000 rwxp 00001000 08:02 666460                     /usr/lib/nvidia-current/tls/libnvidia-tls.so.260.19.06
7f09f040a000-7f09f04c1000 r-xp 00000000 08:02 666455                     /usr/lib/nvidia-current/libGL.so.260.19.06
7f09f04c1000-7f09f06c1000 ---p 000b7000 08:02 666455                     /usr/lib/nvidia-current/libGL.so.260.19.06
7f09f06c1000-7f09f06f9000 rwxp 000b7000 08:02 666455                     /usr/lib/nvidia-current/libGL.so.260.19.06
7f09f06f9000-7f09f070f000 rwxp 00000000 00:00 0 
7f09f070f000-7f09f0710000 r-xp 00000000 08:08 9176675                    /users/oconnorp/Desktop/Dropbox/J/JSpikeStackMod/JSpikeStack/jars/libgluegen-rt.so
7f09f0710000-7f09f080f000 ---p 00001000 08:08 9176675                    /users/oconnorp/Desktop/Dropbox/J/JSpikeStackMod/JSpikeStack/jars/libgluegen-rt.so
7f09f080f000-7f09f0810000 rwxp 00000000 08:08 9176675                    /users/oconnorp/Desktop/Dropbox/J/JSpikeStackMod/JSpikeStack/jars/libgluegen-rt.so
7f09f08b5000-7f09f08b8000 ---p 00000000 00:00 0 
7f09f08b8000-7f09f09b6000 rwxp 00000000 00:00 0 
7f09f09b6000-7f09f09b9000 ---p 00000000 00:00 0 
7f09f09b9000-7f09f0ab7000 rwxp 00000000 00:00 0 
7f09f0ab7000-7f09f0aba000 ---p 00000000 00:00 0 
7f09f0aba000-7f09f0bb8000 rwxp 00000000 00:00 0 
7f09f0bb8000-7f09f0bbb000 ---p 00000000 00:00 0 
7f09f0bbb000-7f09f0cb9000 rwxp 00000000 00:00 0 
7f09f0cb9000-7f09f0cbf000 r-xs 00000000 08:02 1706780                    /var/cache/fontconfig/a755afe4a08bf5b97852ceb7400b47bc-le64.cache-3
7f09f0cbf000-7f09f0cc8000 r-xs 00000000 08:02 1704816                    /var/cache/fontconfig/6d41288fd70b0be22e8c3a91e032eec0-le64.cache-3
7f09f0cc8000-7f09f0cd8000 r-xs 00000000 08:02 1706765                    /var/cache/fontconfig/0f34bcd4b6ee430af32735b75db7f02b-le64.cache-3
7f09f0d5a000-7f09f0d9a000 rwxs 24502000 00:05 8204                       /dev/nvidia0
7f09f0d9a000-7f09f0d9d000 ---p 00000000 00:00 0 
7f09f0d9d000-7f09f0e9b000 rwxp 00000000 00:00 0 
7f09f0e9b000-7f09f0e9e000 ---p 00000000 00:00 0 
7f09f0e9e000-7f09f0f9c000 rwxp 00000000 00:00 0 
7f09f0f9c000-7f09f0f9f000 ---p 00000000 00:00 0 
7f09f0f9f000-7f09f109d000 rwxp 00000000 00:00 0 
7f09f109d000-7f09f10a4000 r-xp 00000000 08:08 5901017                    /users/oconnorp/Programs/jdk1.6.0_32/jre/lib/amd64/libnio.so
7f09f10a4000-7f09f11a3000 ---p 00007000 08:08 5901017                    /users/oconnorp/Programs/jdk1.6.0_32/jre/lib/amd64/libnio.so
7f09f11a3000-7f09f11a5000 rwxp 00006000 08:08 5901017                    /users/oconnorp/Programs/jdk1.6.0_32/jre/lib/amd64/libnio.so
7f09f11a5000-7f09f11b8000 r-xp 00000000 08:08 5901016                    /users/oconnorp/Programs/jdk1.6.0_32/jre/lib/amd64/libnet.so
7f09f11b8000-7f09f12b9000 ---p 00013000 08:08 5901016                    /users/oconnorp/Programs/jdk1.6.0_32/jre/lib/amd64/libnet.so
7f09f12b9000-7f09f12bc000 rwxp 00014000 08:08 5901016                    /users/oconnorp/Programs/jdk1.6.0_32/jre/lib/amd64/libnet.so
7f09f12bc000-7f09f12bf000 ---p 00000000 00:00 0 
7f09f12bf000-7f09f13bd000 rwxp 00000000 00:00 0 
7f09f13bd000-7f09f13c0000 ---p 00000000 00:00 0 
7f09f13c0000-7f09f14be000 rwxp 00000000 00:00 0 
7f09f14be000-7f09f1537000 r-xp 00000000 08:08 5901025                    /users/oconnorp/Programs/jdk1.6.0_32/jre/lib/amd64/libfontmanager.so
7f09f1537000-7f09f1636000 ---p 00079000 08:08 5901025                    /users/oconnorp/Programs/jdk1.6.0_32/jre/lib/amd64/libfontmanager.so
7f09f1636000-7f09f164b000 rwxp 00078000 08:08 5901025                    /users/oconnorp/Programs/jdk1.6.0_32/jre/lib/amd64/libfontmanager.so
7f09f164b000-7f09f165d000 rwxp 00000000 00:00 0 
7f09f165d000-7f09f166b000 r-xp 00000000 08:02 526099                     /usr/lib/libXi.so.6.1.0
7f09f166b000-7f09f186b000 ---p 0000e000 08:02 526099                     /usr/lib/libXi.so.6.1.0
7f09f186b000-7f09f186c000 r-xp 0000e000 08:02 526099                     /usr/lib/libXi.so.6.1.0
7f09f186c000-7f09f186d000 rwxp 0000f000 08:02 526099                     /usr/lib/libXi.so.6.1.0
7f09f186d000-7f09f1872000 r-xp 00000000 08:02 526119                     /usr/lib/libXtst.so.6.1.0
7f09f1872000-7f09f1a72000 ---p 00005000 08:02 526119                     /usr/lib/libXtst.so.6.1.0
7f09f1a72000-7f09f1a73000 r-xp 00005000 08:02 526119                     /usr/lib/libXtst.so.6.1.0
7f09f1a73000-7f09f1a74000 rwxp 00006000 08:02 526119                     /usr/lib/libXtst.so.6.1.0
7f09f1a74000-7f09f1ab6000 r-xp 00000000 08:08 5901014                    /users/oconnorp/Programs/jdk1.6.0_32/jre/lib/amd64/xawt/libmawt.so
7f09f1ab6000-7f09f1bb5000 ---p 00042000 08:08 5901014                    /users/oconnorp/Programs/jdk1.6.0_32/jre/lib/amd64/xawt/libmawt.so
7f09f1bb5000-7f09f1bc1000 rwxp 00041000 08:08 5901014                    /users/oconnorp/Programs/jdk1.6.0_32/jre/lib/amd64/xawt/libmawt.so
7f09f1bc1000-7f09f1bc2000 rwxp 00000000 00:00 0 
7f09f1bc2000-7f09f1c54000 r-xp 00000000 08:08 5901061                    /users/oconnorp/Programs/jdk1.6.0_32/jre/lib/amd64/libawt.so
7f09f1c54000-7f09f1d53000 ---p 00092000 08:08 5901061                    /users/oconnorp/Programs/jdk1.6.0_32/jre/lib/amd64/libawt.so
7f09f1d53000-7f09f1d6d000 rwxp 00091000 08:08 5901061                    /users/oconnorp/Programs/jdk1.6.0_32/jre/lib/amd64/libawt.so
7f09f1d6d000-7f09f1d91000 rwxp 00000000 00:00 0 
7f09f1d91000-7f09f1d92000 ---p 00000000 00:00 0 
7f09f1d92000-7f09f1e92000 rwxp 00000000 00:00 0 
7f09f1e92000-7f09f1e95000 ---p 00000000 00:00 0 
7f09f1e95000-7f09f1f93000 rwxp 00000000 00:00 0 
7f09f1f93000-7f09f1f96000 ---p 00000000 00:00 0 
7f09f1f96000-7f09f2094000 rwxp 00000000 00:00 0 
7f09f2094000-7f09f2097000 ---p 00000000 00:00 0 
7f09f2097000-7f09f2195000 rwxp 00000000 00:00 0 
7f09f2195000-7f09f2198000 ---p 00000000 00:00 0 
7f09f2198000-7f09f2296000 rwxp 00000000 00:00 0 
7f09f2296000-7f09f2299000 ---p 00000000 00:00 0 
7f09f2299000-7f09f2397000 rwxp 00000000 00:00 0 
7f09f2397000-7f09f239a000 ---p 00000000 00:00 0 
7f09f239a000-7f09f2498000 rwxp 00000000 00:00 0 
7f09f2498000-7f09f249b000 r-xp 00000000 08:08 5901052                    /users/oconnorp/Programs/jdk1.6.0_32/jre/lib/amd64/libdt_socket.so
7f09f249b000-7f09f259a000 ---p 00003000 08:08 5901052                    /users/oconnorp/Programs/jdk1.6.0_32/jre/lib/amd64/libdt_socket.so
7f09f259a000-7f09f259c000 rwxp 00002000 08:08 5901052                    /users/oconnorp/Programs/jdk1.6.0_32/jre/lib/amd64/libdt_socket.so
7f09f259c000-7f09f259f000 ---p 00000000 00:00 0 
7f09f259f000-7f09f269d000 rwxp 00000000 00:00 0 
7f09f269d000-7f09f26a0000 ---p 00000000 00:00 0 
7f09f26a0000-7f09f279e000 rwxp 00000000 00:00 0 
7f09f279e000-7f09f27a1000 ---p 00000000 00:00 0 
7f09f27a1000-7f09f289f000 rwxp 00000000 00:00 0 
7f09f289f000-7f09f28a0000 ---p 00000000 00:00 0 
7f09f28a0000-7f09f32a9000 rwxp 00000000 00:00 0 
7f09f32a9000-7f09f3440000 r-xs 03079000 08:08 5901816                    /users/oconnorp/Programs/jdk1.6.0_32/jre/lib/rt.jar
7f09f3440000-7f09f3441000 ---p 00000000 00:00 0 
7f09f3441000-7f09f3541000 rwxp 00000000 00:00 0 
7f09f3541000-7f09f3542000 ---p 00000000 00:00 0 
7f09f3542000-7f09f3642000 rwxp 00000000 00:00 0 
7f09f3642000-7f09f3643000 ---p 00000000 00:00 0 
7f09f3643000-7f09f3743000 rwxp 00000000 00:00 0 
7f09f3743000-7f09f3744000 ---p 00000000 00:00 0 
7f09f3744000-7f09f3844000 rwxp 00000000 00:00 0 
7f09f3844000-7f09f3845000 ---p 00000000 00:00 0 
7f09f3845000-7f09f3945000 rwxp 00000000 00:00 0 
7f09f3945000-7f09f3946000 ---p 00000000 00:00 0 
7f09f3946000-7f09f3a46000 rwxp 00000000 00:00 0 
7f09f3a46000-7f09f3a47000 ---p 00000000 00:00 0 
7f09f3a47000-7f09f3b47000 rwxp 00000000 00:00 0 
7f09f3b47000-7f09f3b48000 ---p 00000000 00:00 0 
7f09f3b48000-7f09f3c87000 rwxp 00000000 00:00 0 
7f09f3c87000-7f09f3e3a000 rwxp 00000000 00:00 0 
7f09f3e3a000-7f09f3e53000 rwxp 00000000 00:00 0 
7f09f3e53000-7f09f3e63000 rwxp 00000000 00:00 0 
7f09f3e63000-7f09f3ea2000 rwxp 00000000 00:00 0 
7f09f3ea2000-7f09f4055000 rwxp 00000000 00:00 0 
7f09f4055000-7f09f414e000 rwxp 00000000 00:00 0 
7f09f414e000-7f09f43bf000 rwxp 00000000 00:00 0 
7f09f43bf000-7f09f714f000 rwxp 00000000 00:00 0 
7f09f714f000-7f09f7154000 r-xp 00000000 08:02 1458517                    /lib/libnss_dns-2.12.1.so
7f09f7154000-7f09f7353000 ---p 00005000 08:02 1458517                    /lib/libnss_dns-2.12.1.so
7f09f7353000-7f09f7354000 r-xp 00004000 08:02 1458517                    /lib/libnss_dns-2.12.1.so
7f09f7354000-7f09f7355000 rwxp 00005000 08:02 1458517                    /lib/libnss_dns-2.12.1.so
7f09f7355000-7f09f7357000 r-xp 00000000 08:02 1439093                    /lib/libnss_mdns4_minimal.so.2
7f09f7357000-7f09f7556000 ---p 00002000 08:02 1439093                    /lib/libnss_mdns4_minimal.so.2
7f09f7556000-7f09f7557000 r-xp 00001000 08:02 1439093                    /lib/libnss_mdns4_minimal.so.2
7f09f7557000-7f09f7558000 rwxp 00002000 08:02 1439093                    /lib/libnss_mdns4_minimal.so.2
7f09f7558000-7f09f755b000 r-xp 00000000 08:02 1439061                    /lib/libgpg-error.so.0.4.0
7f09f755b000-7f09f775a000 ---p 00003000 08:02 1439061                    /lib/libgpg-error.so.0.4.0
7f09f775a000-7f09f775b000 r-xp 00002000 08:02 1439061                    /lib/libgpg-error.so.0.4.0
7f09f775b000-7f09f775c000 rwxp 00003000 08:02 1439061                    /lib/libgpg-error.so.0.4.0
7f09f775c000-7f09f77d0000 r-xp 00000000 08:02 1439057                    /lib/libgcrypt.so.11.5.3
7f09f77d0000-7f09f79d0000 ---p 00074000 08:02 1439057                    /lib/libgcrypt.so.11.5.3
7f09f79d0000-7f09f79d1000 r-xp 00074000 08:02 1439057                    /lib/libgcrypt.so.11.5.3
7f09f79d1000-7f09f79d4000 rwxp 00075000 08:02 1439057                    /lib/libgcrypt.so.11.5.3
7f09f79d4000-7f09f79ea000 r-xp 00000000 08:02 1439170                    /lib/libz.so.1.2.3.4
7f09f79ea000-7f09f7bea000 ---p 00016000 08:02 1439170                    /lib/libz.so.1.2.3.4
7f09f7bea000-7f09f7beb000 r-xp 00016000 08:02 1439170                    /lib/libz.so.1.2.3.4
7f09f7beb000-7f09f7bec000 rwxp 00017000 08:02 1439170                    /lib/libz.so.1.2.3.4
7f09f7bec000-7f09f7bfc000 r-xp 00000000 08:02 526942                     /usr/lib/libtasn1.so.3.1.9
7f09f7bfc000-7f09f7dfb000 ---p 00010000 08:02 526942                     /usr/lib/libtasn1.so.3.1.9
7f09f7dfb000-7f09f7dfc000 r-xp 0000f000 08:02 526942                     /usr/lib/libtasn1.so.3.1.9
7f09f7dfc000-7f09f7dfd000 rwxp 00010000 08:02 526942                     /usr/lib/libtasn1.so.3.1.9
7f09f7dfd000-7f09f7dff000 r-xp 00000000 08:02 1439069                    /lib/libkeyutils.so.1.3
7f09f7dff000-7f09f7ffe000 ---p 00002000 08:02 1439069                    /lib/libkeyutils.so.1.3
7f09f7ffe000-7f09f7fff000 r-xp 00001000 08:02 1439069                    /lib/libkeyutils.so.1.3
7f09f7fff000-7f09f8000000 rwxp 00002000 08:02 1439069                    /lib/libkeyutils.so.1.3
7f09f8000000-7f09f9ebf000 rwxp 00000000 00:00 0 
7f09f9ebf000-7f09fc000000 ---p 00000000 00:00 0 
7f09fc000000-7f09fc009000 r-xs 00000000 08:02 1706778                    /var/cache/fontconfig/945677eb7aeaf62f1d50efc3fb3ec7d8-le64.cache-3
7f09fc009000-7f09fc00b000 r-xs 00000000 08:02 1706779                    /var/cache/fontconfig/99e8ed0e538f840c565b6ed5dad60d56-le64.cache-3
7f09fc00b000-7f09fc00e000 r-xs 00000000 08:02 1706788                    /var/cache/fontconfig/e383d7ea5fbe662a33d9b44caf393297-le64.cache-3
7f09fc00e000-7f09fc011000 r-xs 00000000 08:02 1706785                    /var/cache/fontconfig/d60319d88cac85ba9e1a07bd06cfbb8c-le64.cache-3
7f09fc011000-7f09fc012000 r-xs 00000000 08:02 1706423                    /var/cache/fontconfig/4794a0821666d79190d59a36cb4f44b5-le64.cache-3
7f09fc012000-7f09fc01c000 r-xs 00000000 08:02 1706784                    /var/cache/fontconfig/d52a8644073d54c13679302ca1180695-le64.cache-3
7f09fc01c000-7f09fc02f000 r-xs 00000000 08:02 1703478                    /var/cache/fontconfig/e13b20fdb08344e0e664864cc2ede53d-le64.cache-3
7f09fc02f000-7f09fc033000 r-xs 00000000 08:02 1704562                    /var/cache/fontconfig/7ef2298fde41cc6eeb7af42e48b7d293-le64.cache-3
7f09fc033000-7f09fc047000 r-xs 00000000 08:02 1717119                    /var/cache/fontconfig/865f88548240fee46819705c6468c165-le64.cache-3
7f09fc047000-7f09fc060000 rwxp 00000000 00:00 0 
7f09fc060000-7f09fc070000 rwxp 00000000 00:00 0 
7f09fc070000-7f09fc07e000 r-xp 00000000 08:08 5901027                    /users/oconnorp/Programs/jdk1.6.0_32/jre/lib/amd64/libzip.so
7f09fc07e000-7f09fc180000 ---p 0000e000 08:08 5901027                    /users/oconnorp/Programs/jdk1.6.0_32/jre/lib/amd64/libzip.so
7f09fc180000-7f09fc183000 rwxp 00010000 08:08 5901027                    /users/oconnorp/Programs/jdk1.6.0_32/jre/lib/amd64/libzip.so
7f09fc183000-7f09fc184000 rwxp 00000000 00:00 0 
7f09fc184000-7f09fc18b000 r-xp 00000000 08:02 527117                     /usr/lib/libkrb5support.so.0.1
7f09fc18b000-7f09fc38a000 ---p 00007000 08:02 527117                     /usr/lib/libkrb5support.so.0.1
7f09fc38a000-7f09fc38b000 r-xp 00006000 08:02 527117                     /usr/lib/libkrb5support.so.0.1
7f09fc38b000-7f09fc38c000 rwxp 00007000 08:02 527117                     /usr/lib/libkrb5support.so.0.1
7f09fc38c000-7f09fc3b0000 r-xp 00000000 08:02 526265                     /usr/lib/libk5crypto.so.3.1
7f09fc3b0000-7f09fc5b0000 ---p 00024000 08:02 526265                     /usr/lib/libk5crypto.so.3.1
7f09fc5b0000-7f09fc5b1000 r-xp 00024000 08:02 526265                     /usr/lib/libk5crypto.so.3.1
7f09fc5b1000-7f09fc5b2000 rwxp 00025000 08:02 526265                     /usr/lib/libk5crypto.so.3.1
7f09fc5b2000-7f09fc64c000 r-xp 00000000 08:02 525012                     /usr/lib/libgnutls.so.26.14.12
7f09fc64c000-7f09fc84c000 ---p 0009a000 08:02 525012                     /usr/lib/libgnutls.so.26.14.12
7f09fc84c000-7f09fc852000 r-xp 0009a000 08:02 525012                     /usr/lib/libgnutls.so.26.14.12
7f09fc852000-7f09fc853000 rwxp 000a0000 08:02 525012                     /usr/lib/libgnutls.so.26.14.12
7f09fc853000-7f09fc869000 r-xp 00000000 08:02 1458530                    /lib/libresolv-2.12.1.so
7f09fc869000-7f09fca68000 ---p 00016000 08:02 1458530                    /lib/libresolv-2.12.1.so
7f09fca68000-7f09fca69000 r-xp 00015000 08:02 1458530                    /lib/libresolv-2.12.1.so
7f09fca69000-7f09fca6a000 rwxp 00016000 08:02 1458530                    /lib/libresolv-2.12.1.so
7f09fca6a000-7f09fca6c000 rwxp 00000000 00:00 0 
7f09fca6c000-7f09fca9e000 r-xp 00000000 08:02 529493                     /usr/lib/libgssapi_krb5.so.2.2
7f09fca9e000-7f09fcc9e000 ---p 00032000 08:02 529493                     /usr/lib/libgssapi_krb5.so.2.2
7f09fcc9e000-7f09fcc9f000 r-xp 00032000 08:02 529493                     /usr/lib/libgssapi_krb5.so.2.2
7f09fcc9f000-7f09fcca0000 rwxp 00033000 08:02 529493                     /usr/lib/libgssapi_krb5.so.2.2
7f09fcca0000-7f09fcca3000 r-xp 00000000 08:02 1439028                    /lib/libcom_err.so.2.1
7f09fcca3000-7f09fcea2000 ---p 00003000 08:02 1439028                    /lib/libcom_err.so.2.1
7f09fcea2000-7f09fcea3000 r-xp 00002000 08:02 1439028                    /lib/libcom_err.so.2.1
7f09fcea3000-7f09fcea4000 rwxp 00003000 08:02 1439028                    /lib/libcom_err.so.2.1
7f09fcea4000-7f09fcf5d000 r-xp 00000000 08:02 537775                     /usr/lib/libkrb5.so.3.3
7f09fcf5d000-7f09fd15c000 ---p 000b9000 08:02 537775                     /usr/lib/libkrb5.so.3.3
7f09fd15c000-7f09fd165000 r-xp 000b8000 08:02 537775                     /usr/lib/libkrb5.so.3.3
7f09fd165000-7f09fd166000 rwxp 000c1000 08:02 537775                     /usr/lib/libkrb5.so.3.3
7f09fd166000-7f09fd17f000 r-xp 00000000 08:02 526884                     /usr/lib/libsasl2.so.2.0.23
7f09fd17f000-7f09fd37e000 ---p 00019000 08:02 526884                     /usr/lib/libsasl2.so.2.0.23
7f09fd37e000-7f09fd37f000 r-xp 00018000 08:02 526884                     /usr/lib/libsasl2.so.2.0.23
7f09fd37f000-7f09fd380000 rwxp 00019000 08:02 526884                     /usr/lib/libsasl2.so.2.0.23
7f09fd380000-7f09fd38d000 r-xp 00000000 08:02 523653                     /usr/lib/liblber-2.4.so.2.5.6
7f09fd38d000-7f09fd58c000 ---p 0000d000 08:02 523653                     /usr/lib/liblber-2.4.so.2.5.6
7f09fd58c000-7f09fd58d000 r-xp 0000c000 08:02 523653                     /usr/lib/liblber-2.4.so.2.5.6
7f09fd58d000-7f09fd58e000 rwxp 0000d000 08:02 523653                     /usr/lib/liblber-2.4.so.2.5.6
7f09fd58e000-7f09fd5d4000 r-xp 00000000 08:02 523654                     /usr/lib/libldap_r-2.4.so.2.5.6
7f09fd5d4000-7f09fd7d4000 ---p 00046000 08:02 523654                     /usr/lib/libldap_r-2.4.so.2.5.6
7f09fd7d4000-7f09fd7d6000 r-xp 00046000 08:02 523654                     /usr/lib/libldap_r-2.4.so.2.5.6
7f09fd7d6000-7f09fd7d7000 rwxp 00048000 08:02 523654                     /usr/lib/libldap_r-2.4.so.2.5.6
7f09fd7d7000-7f09fd7d9000 rwxp 00000000 00:00 0 
7f09fd7d9000-7f09fd7ed000 r-xp 00000000 08:02 1455812                    /lib/libnss_ldap-2.11.1.so
7f09fd7ed000-7f09fd9ec000 ---p 00014000 08:02 1455812                    /lib/libnss_ldap-2.11.1.so
7f09fd9ec000-7f09fd9ed000 r-xp 00013000 08:02 1455812                    /lib/libnss_ldap-2.11.1.so
7f09fd9ed000-7f09fd9ee000 rwxp 00014000 08:02 1455812                    /lib/libnss_ldap-2.11.1.so
7f09fd9ee000-7f09fd9f9000 rwxp 00000000 00:00 0 
7f09fd9f9000-7f09fda05000 r-xp 00000000 08:02 1458520                    /lib/libnss_files-2.12.1.so
7f09fda05000-7f09fdc04000 ---p 0000c000 08:02 1458520                    /lib/libnss_files-2.12.1.so
7f09fdc04000-7f09fdc05000 r-xp 0000b000 08:02 1458520                    /lib/libnss_files-2.12.1.so
7f09fdc05000-7f09fdc06000 rwxp 0000c000 08:02 1458520                    /lib/libnss_files-2.12.1.so
7f09fdc06000-7f09fdc09000 r-xp 00000000 08:08 5901018                    /users/oconnorp/Programs/jdk1.6.0_32/jre/lib/amd64/libnpt.so
7f09fdc09000-7f09fdd08000 ---p 00003000 08:08 5901018                    /users/oconnorp/Programs/jdk1.6.0_32/jre/lib/amd64/libnpt.so
7f09fdd08000-7f09fdd09000 rwxp 00002000 08:08 5901018                    /users/oconnorp/Programs/jdk1.6.0_32/jre/lib/amd64/libnpt.so
7f09fdd09000-7f09fdd3f000 r-xp 00000000 08:08 5901044                    /users/oconnorp/Programs/jdk1.6.0_32/jre/lib/amd64/libjdwp.so
7f09fdd3f000-7f09fde3e000 ---p 00036000 08:08 5901044                    /users/oconnorp/Programs/jdk1.6.0_32/jre/lib/amd64/libjdwp.so
7f09fde3e000-7f09fde48000 rwxp 00035000 08:08 5901044                    /users/oconnorp/Programs/jdk1.6.0_32/jre/lib/amd64/libjdwp.so
7f09fde48000-7f09fde5f000 r-xp 00000000 08:02 1458513                    /lib/libnsl-2.12.1.so
7f09fde5f000-7f09fe05e000 ---p 00017000 08:02 1458513                    /lib/libnsl-2.12.1.so
7f09fe05e000-7f09fe05f000 r-xp 00016000 08:02 1458513                    /lib/libnsl-2.12.1.so
7f09fe05f000-7f09fe060000 rwxp 00017000 08:02 1458513                    /lib/libnsl-2.12.1.so
7f09fe060000-7f09fe062000 rwxp 00000000 00:00 0 
7f09fe062000-7f09fe08b000 r-xp 00000000 08:08 5901040                    /users/oconnorp/Programs/jdk1.6.0_32/jre/lib/amd64/libjava.so
7f09fe08b000-7f09fe18a000 ---p 00029000 08:08 5901040                    /users/oconnorp/Programs/jdk1.6.0_32/jre/lib/amd64/libjava.so
7f09fe18a000-7f09fe191000 rwxp 00028000 08:08 5901040                    /users/oconnorp/Programs/jdk1.6.0_32/jre/lib/amd64/libjava.so
7f09fe191000-7f09fe19e000 r-xp 00000000 08:08 5901022                    /users/oconnorp/Programs/jdk1.6.0_32/jre/lib/amd64/libverify.so
7f09fe19e000-7f09fe29d000 ---p 0000d000 08:08 5901022                    /users/oconnorp/Programs/jdk1.6.0_32/jre/lib/amd64/libverify.so
7f09fe29d000-7f09fe2a0000 rwxp 0000c000 08:08 5901022                    /users/oconnorp/Programs/jdk1.6.0_32/jre/lib/amd64/libverify.so
7f09fe2a0000-7f09fe2a7000 r-xp 00000000 08:02 1458532                    /lib/librt-2.12.1.so
7f09fe2a7000-7f09fe4a6000 ---p 00007000 08:02 1458532                    /lib/librt-2.12.1.so
7f09fe4a6000-7f09fe4a7000 r-xp 00006000 08:02 1458532                    /lib/librt-2.12.1.so
7f09fe4a7000-7f09fe4a8000 rwxp 00007000 08:02 1458532                    /lib/librt-2.12.1.so
7f09fe4a8000-7f09fe4ad000 r-xp 00000000 08:02 526093                     /usr/lib/libXfixes.so.3.1.0
7f09fe4ad000-7f09fe6ac000 ---p 00005000 08:02 526093                     /usr/lib/libXfixes.so.3.1.0
7f09fe6ac000-7f09fe6ad000 r-xp 00004000 08:02 526093                     /usr/lib/libXfixes.so.3.1.0
7f09fe6ad000-7f09fe6ae000 rwxp 00005000 08:02 526093                     /usr/lib/libXfixes.so.3.1.0
7f09fe6ae000-7f09fe6b7000 r-xp 00000000 08:02 526113                     /usr/lib/libXrender.so.1.3.0
7f09fe6b7000-7f09fe8b6000 ---p 00009000 08:02 526113                     /usr/lib/libXrender.so.1.3.0
7f09fe8b6000-7f09fe8b7000 r-xp 00008000 08:02 526113                     /usr/lib/libXrender.so.1.3.0
7f09fe8b7000-7f09fe8b8000 rwxp 00009000 08:02 526113                     /usr/lib/libXrender.so.1.3.0
7f09fe8b8000-7f09fe8c1000 r-xp 00000000 08:02 526085                     /usr/lib/libXcursor.so.1.0.2
7f09fe8c1000-7f09feac0000 ---p 00009000 08:02 526085                     /usr/lib/libXcursor.so.1.0.2
7f09feac0000-7f09feac1000 r-xp 00008000 08:02 526085                     /usr/lib/libXcursor.so.1.0.2
7f09feac1000-7f09feac2000 rwxp 00009000 08:02 526085                     /usr/lib/libXcursor.so.1.0.2
7f09feac3000-7f09feac4000 r-xs 00000000 08:02 1706781                    /var/cache/fontconfig/c05880de57d1f5e948fdfacc138775d9-le64.cache-3
7f09feac4000-7f09feac7000 r-xs 00000000 08:02 1704604                    /var/cache/fontconfig/2cd17615ca594fa2959ae173292e504c-le64.cache-3
7f09feac7000-7f09feac8000 r-xs 00000000 08:02 1706789                    /var/cache/fontconfig/e7071f4a29fa870f4323321c154eba04-le64.cache-3
7f09feac8000-7f09feacb000 r-xs 00000000 08:02 1704494                    /var/cache/fontconfig/b5ea634b0fb353b8ea17632d1f9ef766-le64.cache-3
7f09feacb000-7f09feacf000 r-xs 00000000 08:02 1706775                    /var/cache/fontconfig/6eb3985aa4124903f6ff08ba781cd364-le64.cache-3
7f09feacf000-7f09feadf000 r-xs 00155000 08:08 9176682                    /users/oconnorp/Desktop/Dropbox/J/JSpikeStackMod/JSpikeStack/jars/jfreechart-1.0.14.jar
7f09feadf000-7f09feae2000 ---p 00000000 00:00 0 
7f09feae2000-7f09febe0000 rwxp 00000000 00:00 0 
7f09febe0000-7f09fee84000 r-xp 00000000 08:02 524201                     /usr/lib/locale/locale-archive
7f09fee84000-7f09fee85000 ---p 00000000 00:00 0 
7f09fee85000-7f09ff685000 rwxp 00000000 00:00 0 
7f09ff686000-7f09ff68a000 rwxs 2452d000 00:05 8204                       /dev/nvidia0
7f09ff68a000-7f09ff68e000 rwxs 620c7000 00:05 8204                       /dev/nvidia0
7f09ff68e000-7f09ff6ae000 rwxs d8240000 00:05 8204                       /dev/nvidia0
7f09ff6ae000-7f09ff6af000 rwxs ab852000 00:05 8204                       /dev/nvidia0
7f09ff6af000-7f09ff6b3000 rwxs abace000 00:05 8204                       /dev/nvidia0
7f09ff6b3000-7f09ff6b4000 rwxs dfee6000 00:05 8204                       /dev/nvidia0
7f09ff6d4000-7f09ff6d5000 rwxs f8642000 00:05 8204                       /dev/nvidia0
7f09ff6d5000-7f09ff6d6000 rwxs d8220000 00:05 8204                       /dev/nvidia0
7f09ff6d6000-7f09ff6d7000 rwxs f8641000 00:05 8204                       /dev/nvidia0
7f09ff6d7000-7f09ff6d8000 rwxs d8200000 00:05 8204                       /dev/nvidia0
7f09ff6d8000-7f09ff6d9000 rwxs 247b8000 00:05 8204                       /dev/nvidia0
7f09ff6d9000-7f09ff6da000 rwxs f8060000 00:05 8204                       /dev/nvidia0
7f09ff6da000-7f09ff6f3000 rwxs 00000000 00:04 0                          /SYSV00000000 (deleted)
7f09ff6f3000-7f09ff6fb000 r-xs 00115000 08:08 5901131                    /users/oconnorp/Programs/jdk1.6.0_32/jre/lib/resources.jar
7f09ff6fb000-7f09ff700000 r-xp 00000000 08:02 526089                     /usr/lib/libXdmcp.so.6.0.0
7f09ff700000-7f09ff8ff000 ---p 00005000 08:02 526089                     /usr/lib/libXdmcp.so.6.0.0
7f09ff8ff000-7f09ff900000 r-xp 00004000 08:02 526089                     /usr/lib/libXdmcp.so.6.0.0
7f09ff900000-7f09ff901000 rwxp 00005000 08:02 526089                     /usr/lib/libXdmcp.so.6.0.0
7f09ff901000-7f09ff903000 r-xp 00000000 08:02 526078                     /usr/lib/libXau.so.6.0.0
7f09ff903000-7f09ffb02000 ---p 00002000 08:02 526078                     /usr/lib/libXau.so.6.0.0
7f09ffb02000-7f09ffb03000 r-xp 00001000 08:02 526078                     /usr/lib/libXau.so.6.0.0
7f09ffb03000-7f09ffb04000 rwxp 00002000 08:02 526078                     /usr/lib/libXau.so.6.0.0
7f09ffb04000-7f09ffb1f000 r-xp 00000000 08:02 527039                     /usr/lib/libxcb.so.1.1.0
7f09ffb1f000-7f09ffd1f000 ---p 0001b000 08:02 527039                     /usr/lib/libxcb.so.1.1.0
7f09ffd1f000-7f09ffd20000 r-xp 0001b000 08:02 527039                     /usr/lib/libxcb.so.1.1.0
7f09ffd20000-7f09ffd21000 rwxp 0001c000 08:02 527039                     /usr/lib/libxcb.so.1.1.0
7f09ffd21000-7f09ffd32000 r-xp 00000000 08:02 526091                     /usr/lib/libXext.so.6.4.0
7f09ffd32000-7f09fff31000 ---p 00011000 08:02 526091                     /usr/lib/libXext.so.6.4.0
7f09fff31000-7f09fff32000 r-xp 00010000 08:02 526091                     /usr/lib/libXext.so.6.4.0
7f09fff32000-7f09fff33000 rwxp 00011000 08:02 526091                     /usr/lib/libXext.so.6.4.0
7f09fff33000-7f0a00064000 r-xp 00000000 08:02 526074                     /usr/lib/libX11.so.6.3.0
7f0a00064000-7f0a00264000 ---p 00131000 08:02 526074                     /usr/lib/libX11.so.6.3.0
7f0a00264000-7f0a00265000 r-xp 00131000 08:02 526074                     /usr/lib/libX11.so.6.3.0
7f0a00265000-7f0a00269000 rwxp 00132000 08:02 526074                     /usr/lib/libX11.so.6.3.0
7f0a00269000-7f0a0029e000 r-xp 00000000 08:08 5901050                    /users/oconnorp/Programs/jdk1.6.0_32/jre/lib/amd64/libsplashscreen.so
7f0a0029e000-7f0a0039d000 ---p 00035000 08:08 5901050                    /users/oconnorp/Programs/jdk1.6.0_32/jre/lib/amd64/libsplashscreen.so
7f0a0039d000-7f0a003a8000 rwxp 00034000 08:08 5901050                    /users/oconnorp/Programs/jdk1.6.0_32/jre/lib/amd64/libsplashscreen.so
7f0a003a8000-7f0a003ab000 rwxp 00000000 00:00 0 
7f0a003ab000-7f0a0042d000 r-xp 00000000 08:02 1458509                    /lib/libm-2.12.1.so
7f0a0042d000-7f0a0062c000 ---p 00082000 08:02 1458509                    /lib/libm-2.12.1.so
7f0a0062c000-7f0a0062d000 r-xp 00081000 08:02 1458509                    /lib/libm-2.12.1.so
7f0a0062d000-7f0a0062e000 rwxp 00082000 08:02 1458509                    /lib/libm-2.12.1.so
7f0a0062e000-7f0a00f49000 r-xp 00000000 08:08 5901047                    /users/oconnorp/Programs/jdk1.6.0_32/jre/lib/amd64/server/libjvm.so
7f0a00f49000-7f0a0104a000 ---p 0091b000 08:08 5901047                    /users/oconnorp/Programs/jdk1.6.0_32/jre/lib/amd64/server/libjvm.so
7f0a0104a000-7f0a011ff000 rwxp 0091c000 08:08 5901047                    /users/oconnorp/Programs/jdk1.6.0_32/jre/lib/amd64/server/libjvm.so
7f0a011ff000-7f0a01239000 rwxp 00000000 00:00 0 
7f0a01239000-7f0a013b3000 r-xp 00000000 08:02 1455998                    /lib/libc-2.12.1.so
7f0a013b3000-7f0a015b3000 ---p 0017a000 08:02 1455998                    /lib/libc-2.12.1.so
7f0a015b3000-7f0a015b7000 r-xp 0017a000 08:02 1455998                    /lib/libc-2.12.1.so
7f0a015b7000-7f0a015b8000 rwxp 0017e000 08:02 1455998                    /lib/libc-2.12.1.so
7f0a015b8000-7f0a015bd000 rwxp 00000000 00:00 0 
7f0a015bd000-7f0a015bf000 r-xp 00000000 08:02 1458337                    /lib/libdl-2.12.1.so
7f0a015bf000-7f0a017bf000 ---p 00002000 08:02 1458337                    /lib/libdl-2.12.1.so
7f0a017bf000-7f0a017c0000 r-xp 00002000 08:02 1458337                    /lib/libdl-2.12.1.so
7f0a017c0000-7f0a017c1000 rwxp 00003000 08:02 1458337                    /lib/libdl-2.12.1.so
7f0a017c1000-7f0a017d9000 r-xp 00000000 08:02 1458529                    /lib/libpthread-2.12.1.so
7f0a017d9000-7f0a019d8000 ---p 00018000 08:02 1458529                    /lib/libpthread-2.12.1.so
7f0a019d8000-7f0a019d9000 r-xp 00017000 08:02 1458529                    /lib/libpthread-2.12.1.so
7f0a019d9000-7f0a019da000 rwxp 00018000 08:02 1458529                    /lib/libpthread-2.12.1.so
7f0a019da000-7f0a019de000 rwxp 00000000 00:00 0 
7f0a019de000-7f0a019fe000 r-xp 00000000 08:02 1440689                    /lib/ld-2.12.1.so
7f0a019fe000-7f0a01a09000 r-xs 00108000 08:08 9176681                    /users/oconnorp/Desktop/Dropbox/J/JSpikeStackMod/JSpikeStack/jars/jogl.jar
7f0a01a09000-7f0a01a0b000 r-xs 00002000 08:08 9176676                    /users/oconnorp/Desktop/Dropbox/J/JSpikeStackMod/JSpikeStack/jars/jfreechart-1.0.14-experimental.jar
7f0a01a0b000-7f0a01a11000 r-xs 00046000 08:08 9176668                    /users/oconnorp/Desktop/Dropbox/J/JSpikeStackMod/JSpikeStack/jars/jcommon-1.0.17.jar
7f0a01a11000-7f0a01a1b000 rwxp 00000000 00:00 0 
7f0a01a1b000-7f0a01ad1000 rwxp 00000000 00:00 0 
7f0a01ad1000-7f0a01ad4000 rwxp 00000000 00:00 0 
7f0a01ad4000-7f0a01adb000 r-xp 00000000 08:08 5901012                    /users/oconnorp/Programs/jdk1.6.0_32/jre/lib/amd64/jli/libjli.so
7f0a01adb000-7f0a01bdc000 ---p 00007000 08:08 5901012                    /users/oconnorp/Programs/jdk1.6.0_32/jre/lib/amd64/jli/libjli.so
7f0a01bdc000-7f0a01bde000 rwxp 00008000 08:08 5901012                    /users/oconnorp/Programs/jdk1.6.0_32/jre/lib/amd64/jli/libjli.so
7f0a01bde000-7f0a01bdf000 rwxp 00000000 00:00 0 
7f0a01bdf000-7f0a01be0000 r-xs 00000000 08:02 1706771                    /var/cache/fontconfig/4c73fe0c47614734b17d736dbde7580a-le64.cache-3
7f0a01be0000-7f0a01be1000 r-xs 00000000 08:02 1706764                    /var/cache/fontconfig/0d8c3b2ac0904cb8a57a757ad11a4a08-le64.cache-3
7f0a01be1000-7f0a01be2000 r-xs 00000000 08:02 1706773                    /var/cache/fontconfig/6a53c69dea097a2d716e069445527da8-le64.cache-3
7f0a01be2000-7f0a01bea000 rwxs 00000000 08:02 392607                     /tmp/hsperfdata_oconnorp/30709
7f0a01bea000-7f0a01bf2000 rwxp 00000000 00:00 0 
7f0a01bf2000-7f0a01bf3000 rwxp 00000000 00:00 0 
7f0a01bf3000-7f0a01bf4000 r-xp 00000000 00:00 0 
7f0a01bf4000-7f0a01bf5000 r-xs 00004000 08:08 9176679                    /users/oconnorp/Desktop/Dropbox/J/JSpikeStackMod/JSpikeStack/jars/gluegen-rt.jar
7f0a01bf5000-7f0a01bfc000 r-xs 00000000 08:02 545898                     /usr/lib/gconv/gconv-modules.cache
7f0a01bfc000-7f0a01bfe000 rwxp 00000000 00:00 0 
7f0a01bfe000-7f0a01bff000 r-xp 00020000 08:02 1440689                    /lib/ld-2.12.1.so
7f0a01bff000-7f0a01c00000 rwxp 00021000 08:02 1440689                    /lib/ld-2.12.1.so
7f0a01c00000-7f0a01c01000 rwxp 00000000 00:00 0 
7fff84636000-7fff84657000 rwxp 00000000 00:00 0                          [stack]
7fff846c2000-7fff846c3000 r-xp 00000000 00:00 0                          [vdso]
ffffffffff600000-ffffffffff601000 r-xp 00000000 00:00 0                  [vsyscall]

VM Arguments:
jvm_args: -Xdebug -Xrunjdwp:transport=dt_socket,address=localhost.localdomain:56935 -Dfile.encoding=UTF-8 -Djava.library.path=jars -Dsun.java2d.noddraw=true -Dsun.java2d.opengl=false 
java_command: jspikestack.JspikeStack
Launcher Type: SUN_STANDARD

Environment Variables:
PATH=/usr/local/sbin:/usr/local/bin:/usr/sbin:/usr/bin:/sbin:/bin:/usr/games
USERNAME=oconnorp
LD_LIBRARY_PATH=/users/oconnorp/Programs/jdk1.6.0_32/jre/lib/amd64/server:/users/oconnorp/Programs/jdk1.6.0_32/jre/lib/amd64:/users/oconnorp/Programs/jdk1.6.0_32/jre/../lib/amd64
SHELL=/bin/bash
DISPLAY=:0.0

Signal Handlers:
SIGSEGV: [libjvm.so+0x8602a0], sa_mask[0]=0x7ffbfeff, sa_flags=0x10000004
SIGBUS: [libjvm.so+0x8602a0], sa_mask[0]=0x7ffbfeff, sa_flags=0x10000004
SIGFPE: [libjvm.so+0x70ef10], sa_mask[0]=0x7ffbfeff, sa_flags=0x10000004
SIGPIPE: SIG_IGN, sa_mask[0]=0x00000000, sa_flags=0x00000000
SIGXFSZ: [libjvm.so+0x70ef10], sa_mask[0]=0x7ffbfeff, sa_flags=0x10000004
SIGILL: [libjvm.so+0x70ef10], sa_mask[0]=0x7ffbfeff, sa_flags=0x10000004
SIGUSR1: SIG_DFL, sa_mask[0]=0x00000000, sa_flags=0x00000000
SIGUSR2: [libjvm.so+0x711d40], sa_mask[0]=0x00000004, sa_flags=0x10000004
SIGHUP: [libjvm.so+0x711940], sa_mask[0]=0x7ffbfeff, sa_flags=0x10000004
SIGINT: SIG_IGN, sa_mask[0]=0x00000000, sa_flags=0x00000000
SIGTERM: [libjvm.so+0x711940], sa_mask[0]=0x7ffbfeff, sa_flags=0x10000004
SIGQUIT: [libjvm.so+0x711940], sa_mask[0]=0x7ffbfeff, sa_flags=0x10000004


---------------  S Y S T E M  ---------------

OS:squeeze/sid

uname:Linux 2.6.35-32-generic #67-Ubuntu SMP Mon Mar 5 19:39:49 UTC 2012 x86_64
libc:glibc 2.12.1 NPTL 2.12.1 
rlimit: STACK 8192k, CORE 0k, NPROC infinity, NOFILE 1024, AS infinity
load average:0.77 0.36 0.24

/proc/meminfo:
MemTotal:        6117320 kB
MemFree:          125352 kB
Buffers:          626280 kB
Cached:          1277120 kB
SwapCached:       127516 kB
Active:          3389284 kB
Inactive:        2022500 kB
Active(anon):    2611052 kB
Inactive(anon):   922756 kB
Active(file):     778232 kB
Inactive(file):  1099744 kB
Unevictable:        2036 kB
Mlocked:            2036 kB
SwapTotal:       2928636 kB
SwapFree:        2476252 kB
Dirty:               156 kB
Writeback:             0 kB
AnonPages:       3417948 kB
Mapped:           167264 kB
Shmem:             25416 kB
Slab:             321468 kB
SReclaimable:     288124 kB
SUnreclaim:        33344 kB
KernelStack:        5232 kB
PageTables:        41052 kB
NFS_Unstable:          0 kB
Bounce:                0 kB
WritebackTmp:          0 kB
CommitLimit:     5987296 kB
Committed_AS:    5454948 kB
VmallocTotal:   34359738367 kB
VmallocUsed:      357256 kB
VmallocChunk:   34359374332 kB
HardwareCorrupted:     0 kB
HugePages_Total:       0
HugePages_Free:        0
HugePages_Rsvd:        0
HugePages_Surp:        0
Hugepagesize:       2048 kB
DirectMap4k:      294400 kB
DirectMap2M:     5988352 kB


CPU:total 8 (4 cores per cpu, 2 threads per core) family 6 model 26 stepping 5, cmov, cx8, fxsr, mmx, sse, sse2, sse3, ssse3, sse4.1, sse4.2, popcnt, ht

/proc/cpuinfo:
processor	: 0
vendor_id	: GenuineIntel
cpu family	: 6
model		: 26
model name	: Intel(R) Core(TM) i7 CPU         950  @ 3.07GHz
stepping	: 5
cpu MHz		: 1600.000
cache size	: 8192 KB
physical id	: 0
siblings	: 8
core id		: 0
cpu cores	: 4
apicid		: 0
initial apicid	: 0
fpu		: yes
fpu_exception	: yes
cpuid level	: 11
wp		: yes
flags		: fpu vme de pse tsc msr pae mce cx8 apic sep mtrr pge mca cmov pat pse36 clflush dts acpi mmx fxsr sse sse2 ss ht tm pbe syscall nx rdtscp lm constant_tsc arch_perfmon pebs bts rep_good xtopology nonstop_tsc aperfmperf pni dtes64 monitor ds_cpl vmx est tm2 ssse3 cx16 xtpr pdcm sse4_1 sse4_2 popcnt lahf_lm ida dts tpr_shadow vnmi flexpriority ept vpid
bogomips	: 6147.33
clflush size	: 64
cache_alignment	: 64
address sizes	: 36 bits physical, 48 bits virtual
power management:

processor	: 1
vendor_id	: GenuineIntel
cpu family	: 6
model		: 26
model name	: Intel(R) Core(TM) i7 CPU         950  @ 3.07GHz
stepping	: 5
cpu MHz		: 1600.000
cache size	: 8192 KB
physical id	: 0
siblings	: 8
core id		: 1
cpu cores	: 4
apicid		: 2
initial apicid	: 2
fpu		: yes
fpu_exception	: yes
cpuid level	: 11
wp		: yes
flags		: fpu vme de pse tsc msr pae mce cx8 apic sep mtrr pge mca cmov pat pse36 clflush dts acpi mmx fxsr sse sse2 ss ht tm pbe syscall nx rdtscp lm constant_tsc arch_perfmon pebs bts rep_good xtopology nonstop_tsc aperfmperf pni dtes64 monitor ds_cpl vmx est tm2 ssse3 cx16 xtpr pdcm sse4_1 sse4_2 popcnt lahf_lm ida dts tpr_shadow vnmi flexpriority ept vpid
bogomips	: 6147.18
clflush size	: 64
cache_alignment	: 64
address sizes	: 36 bits physical, 48 bits virtual
power management:

processor	: 2
vendor_id	: GenuineIntel
cpu family	: 6
model		: 26
model name	: Intel(R) Core(TM) i7 CPU         950  @ 3.07GHz
stepping	: 5
cpu MHz		: 1600.000
cache size	: 8192 KB
physical id	: 0
siblings	: 8
core id		: 2
cpu cores	: 4
apicid		: 4
initial apicid	: 4
fpu		: yes
fpu_exception	: yes
cpuid level	: 11
wp		: yes
flags		: fpu vme de pse tsc msr pae mce cx8 apic sep mtrr pge mca cmov pat pse36 clflush dts acpi mmx fxsr sse sse2 ss ht tm pbe syscall nx rdtscp lm constant_tsc arch_perfmon pebs bts rep_good xtopology nonstop_tsc aperfmperf pni dtes64 monitor ds_cpl vmx est tm2 ssse3 cx16 xtpr pdcm sse4_1 sse4_2 popcnt lahf_lm ida dts tpr_shadow vnmi flexpriority ept vpid
bogomips	: 6147.20
clflush size	: 64
cache_alignment	: 64
address sizes	: 36 bits physical, 48 bits virtual
power management:

processor	: 3
vendor_id	: GenuineIntel
cpu family	: 6
model		: 26
model name	: Intel(R) Core(TM) i7 CPU         950  @ 3.07GHz
stepping	: 5
cpu MHz		: 1600.000
cache size	: 8192 KB
physical id	: 0
siblings	: 8
core id		: 3
cpu cores	: 4
apicid		: 6
initial apicid	: 6
fpu		: yes
fpu_exception	: yes
cpuid level	: 11
wp		: yes
flags		: fpu vme de pse tsc msr pae mce cx8 apic sep mtrr pge mca cmov pat pse36 clflush dts acpi mmx fxsr sse sse2 ss ht tm pbe syscall nx rdtscp lm constant_tsc arch_perfmon pebs bts rep_good xtopology nonstop_tsc aperfmperf pni dtes64 monitor ds_cpl vmx est tm2 ssse3 cx16 xtpr pdcm sse4_1 sse4_2 popcnt lahf_lm ida dts tpr_shadow vnmi flexpriority ept vpid
bogomips	: 6147.07
clflush size	: 64
cache_alignment	: 64
address sizes	: 36 bits physical, 48 bits virtual
power management:

processor	: 4
vendor_id	: GenuineIntel
cpu family	: 6
model		: 26
model name	: Intel(R) Core(TM) i7 CPU         950  @ 3.07GHz
stepping	: 5
cpu MHz		: 1600.000
cache size	: 8192 KB
physical id	: 0
siblings	: 8
core id		: 0
cpu cores	: 4
apicid		: 1
initial apicid	: 1
fpu		: yes
fpu_exception	: yes
cpuid level	: 11
wp		: yes
flags		: fpu vme de pse tsc msr pae mce cx8 apic sep mtrr pge mca cmov pat pse36 clflush dts acpi mmx fxsr sse sse2 ss ht tm pbe syscall nx rdtscp lm constant_tsc arch_perfmon pebs bts rep_good xtopology nonstop_tsc aperfmperf pni dtes64 monitor ds_cpl vmx est tm2 ssse3 cx16 xtpr pdcm sse4_1 sse4_2 popcnt lahf_lm ida dts tpr_shadow vnmi flexpriority ept vpid
bogomips	: 6147.18
clflush size	: 64
cache_alignment	: 64
address sizes	: 36 bits physical, 48 bits virtual
power management:

processor	: 5
vendor_id	: GenuineIntel
cpu family	: 6
model		: 26
model name	: Intel(R) Core(TM) i7 CPU         950  @ 3.07GHz
stepping	: 5
cpu MHz		: 1600.000
cache size	: 8192 KB
physical id	: 0
siblings	: 8
core id		: 1
cpu cores	: 4
apicid		: 3
initial apicid	: 3
fpu		: yes
fpu_exception	: yes
cpuid level	: 11
wp		: yes
flags		: fpu vme de pse tsc msr pae mce cx8 apic sep mtrr pge mca cmov pat pse36 clflush dts acpi mmx fxsr sse sse2 ss ht tm pbe syscall nx rdtscp lm constant_tsc arch_perfmon pebs bts rep_good xtopology nonstop_tsc aperfmperf pni dtes64 monitor ds_cpl vmx est tm2 ssse3 cx16 xtpr pdcm sse4_1 sse4_2 popcnt lahf_lm ida dts tpr_shadow vnmi flexpriority ept vpid
bogomips	: 6147.18
clflush size	: 64
cache_alignment	: 64
address sizes	: 36 bits physical, 48 bits virtual
power management:

processor	: 6
vendor_id	: GenuineIntel
cpu family	: 6
model		: 26
model name	: Intel(R) Core(TM) i7 CPU         950  @ 3.07GHz
stepping	: 5
cpu MHz		: 3068.000
cache size	: 8192 KB
physical id	: 0
siblings	: 8
core id		: 2
cpu cores	: 4
apicid		: 5
initial apicid	: 5
fpu		: yes
fpu_exception	: yes
cpuid level	: 11
wp		: yes
flags		: fpu vme de pse tsc msr pae mce cx8 apic sep mtrr pge mca cmov pat pse36 clflush dts acpi mmx fxsr sse sse2 ss ht tm pbe syscall nx rdtscp lm constant_tsc arch_perfmon pebs bts rep_good xtopology nonstop_tsc aperfmperf pni dtes64 monitor ds_cpl vmx est tm2 ssse3 cx16 xtpr pdcm sse4_1 sse4_2 popcnt lahf_lm ida dts tpr_shadow vnmi flexpriority ept vpid
bogomips	: 6147.18
clflush size	: 64
cache_alignment	: 64
address sizes	: 36 bits physical, 48 bits virtual
power management:

processor	: 7
vendor_id	: GenuineIntel
cpu family	: 6
model		: 26
model name	: Intel(R) Core(TM) i7 CPU         950  @ 3.07GHz
stepping	: 5
cpu MHz		: 1600.000
cache size	: 8192 KB
physical id	: 0
siblings	: 8
core id		: 3
cpu cores	: 4
apicid		: 7
initial apicid	: 7
fpu		: yes
fpu_exception	: yes
cpuid level	: 11
wp		: yes
flags		: fpu vme de pse tsc msr pae mce cx8 apic sep mtrr pge mca cmov pat pse36 clflush dts acpi mmx fxsr sse sse2 ss ht tm pbe syscall nx rdtscp lm constant_tsc arch_perfmon pebs bts rep_good xtopology nonstop_tsc aperfmperf pni dtes64 monitor ds_cpl vmx est tm2 ssse3 cx16 xtpr pdcm sse4_1 sse4_2 popcnt lahf_lm ida dts tpr_shadow vnmi flexpriority ept vpid
bogomips	: 6147.18
clflush size	: 64
cache_alignment	: 64
address sizes	: 36 bits physical, 48 bits virtual
power management:



Memory: 4k page, physical 6117320k(125352k free), swap 2928636k(2476252k free)

vm_info: Java HotSpot(TM) 64-Bit Server VM (20.7-b02) for linux-amd64 JRE (1.6.0_32-b05), built on Apr  5 2012 14:09:59 by "java_re" with gcc 3.2.2 (SuSE Linux)

time: Sat Aug  4 14:02:27 2012
elapsed time: 32 seconds

