#
# A fatal error has been detected by the Java Runtime Environment:
#
#  SIGSEGV (0xb) at pc=0x00007fdb875e0759, pid=31580, tid=140580856264448
#
# JRE version: 6.0_32-b05
# Java VM: Java HotSpot(TM) 64-Bit Server VM (20.7-b02 mixed mode linux-amd64 compressed oops)
# Problematic frame:
# C  [libGL.so.1+0x91759]  __float128+0x25289
#
# If you would like to submit a bug report, please visit:
#   http://java.sun.com/webapps/bugreport/crash.jsp
# The crash happened outside the Java Virtual Machine in native code.
# See problematic frame for where to report the bug.
#

---------------  T H R E A D  ---------------

Current thread (0x00007fdb8818c000):  JavaThread "AWT-EventQueue-0" [_thread_in_native, id=31614, stack(0x00007fdb87eff000,0x00007fdb88000000)]

siginfo:si_signo=SIGSEGV: si_errno=0, si_code=1 (SEGV_MAPERR), si_addr=0x000000004134f000

Registers:
RAX=0x000000004134f000, RBX=0x00007fdb884c9ff8, RCX=0x00007fdb8783ece0, RDX=0x00007fdb8731bbc0
RSP=0x00007fdb87ffcd70, RBP=0x0000000000000001, RSI=0x00007fdb884c9ff8, RDI=0x00007fdb8783ef40
R8 =0x0000000000001056, R9 =0x00007fdb883e7da0, R10=0x0000000000000000, R11=0x0000000000000206
R12=0x00007fdb87ffcd90, R13=0x0000000000000001, R14=0x00007fdb884c9ff8, R15=0x00007fdb87823750
RIP=0x00007fdb875e0759, EFLAGS=0x0000000000010202, CSGSFS=0x0000000000000033, ERR=0x0000000000000004
  TRAPNO=0x000000000000000e

Top of Stack: (sp=0x00007fdb87ffcd70)
0x00007fdb87ffcd70:   00007fdb87ffcd90 000000004134f000
0x00007fdb87ffcd80:   0000012c87ffcdd0 000000010000012c
0x00007fdb87ffcd90:   000000004134f000 00007fdb8517bee8
0x00007fdb87ffcda0:   0000000000000000 00007fdb87ffce58
0x00007fdb87ffcdb0:   00007fdb87ffce60 00007fdb8818c1d0
0x00007fdb87ffcdc0:   0000000000000000 00007fdb875e67a9
0x00007fdb87ffcdd0:   0000000000000000 00007fdb8f33233e
0x00007fdb87ffcde0:   0000000000000000 0000000005a0002f
0x00007fdb87ffcdf0:   00007fdb87337f20 0000000000007b5c
0x00007fdb87ffce00:   0000000041836140 00007fdb866080b0
0x00007fdb87ffce10:   000000009ea1aef0 00007fdb9413fc60
0x00007fdb87ffce20:   00007fdb884c9fb0 00007fdb884604e0
0x00007fdb87ffce30:   000000009ea1aef0 00007fdb87ffcf68
0x00007fdb87ffce40:   00007fdb8818c000 00007fdb875b8e27
0x00007fdb87ffce50:   00007fdb8f32d298 00000000a2ebfdf8
0x00007fdb87ffce60:   00000000a2ffe320 00007fdb87ffce68
0x00007fdb87ffce70:   000000009ea30b85 000000009ea1aef0
0x00007fdb87ffce80:   00007fdb87ffcec0 0000000000000000
0x00007fdb87ffce90:   000000009ea1aef0 00007fdb855d5b42
0x00007fdb87ffcea0:   0000000005a0002f 00007fdb9413fc60
0x00007fdb87ffceb0:   00007fdb87ffcf40 00007fdb8818c1d0
0x00007fdb87ffcec0:   00007fdb87ffcf30 00007fdb8f331b55
0x00007fdb87ffced0:   00007fdb87ffcf10 000000009e9f5320
0x00007fdb87ffcee0:   0000000000000000 000000009e9e3688
0x00007fdb87ffcef0:   00007fdb87ffcef0 0000000000000000
0x00007fdb87ffcf00:   00007fdb87ffcf68 000000009ea1ecf8
0x00007fdb87ffcf10:   0000000000000000 000000009ea1aef0
0x00007fdb87ffcf20:   0000000000000000 00007fdb87ffcf50
0x00007fdb87ffcf30:   00007fdb87ffcfb0 00007fdb8f320b02
0x00007fdb87ffcf40:   000000009ea1c220 00007fdb8f32d298
0x00007fdb87ffcf50:   0000000005a0002f 00007fdb87ffcfb0
0x00007fdb87ffcf60:   00007fdb9413fc60 00000000a3c03888 

Instructions: (pc=0x00007fdb875e0759)
0x00007fdb875e0739:   44 3b 6c 24 1c 75 90 4c 8b 24 24 31 ed 48 8b 0d
0x00007fdb875e0749:   db bf 23 00 49 8b 04 24 4c 89 f6 ff c5 48 8b 11
0x00007fdb875e0759:   48 8b 38 ff 92 68 03 00 00 48 8b 15 bf bf 23 00
0x00007fdb875e0769:   48 89 c3 49 8b 3c 24 49 83 c4 08 48 8b 02 ff 90 

Register to memory mapping:

RAX=0x000000004134f000 is an unknown value
RBX=0x00007fdb884c9ff8 is an unknown value
RCX=0x00007fdb8783ece0: <offset 0x2efce0> in /usr/lib/nvidia-current/libGL.so.1 at 0x00007fdb8754f000
RDX=0x00007fdb8731bbc0: <offset 0x1ba7bc0> in /usr/lib/nvidia-current/libnvidia-glcore.so.260.19.06 at 0x00007fdb85774000
RSP=0x00007fdb87ffcd70 is pointing into the stack for thread: 0x00007fdb8818c000
RBP=0x0000000000000001 is an unknown value
RSI=0x00007fdb884c9ff8 is an unknown value
RDI=0x00007fdb8783ef40: <offset 0x2eff40> in /usr/lib/nvidia-current/libGL.so.1 at 0x00007fdb8754f000
R8 =0x0000000000001056 is an unknown value
R9 =0x00007fdb883e7da0 is an unknown value
R10=0x0000000000000000 is an unknown value
R11=0x0000000000000206 is an unknown value
R12=0x00007fdb87ffcd90 is pointing into the stack for thread: 0x00007fdb8818c000
R13=0x0000000000000001 is an unknown value
R14=0x00007fdb884c9ff8 is an unknown value
R15=0x00007fdb87823750: <offset 0x2d4750> in /usr/lib/nvidia-current/libGL.so.1 at 0x00007fdb8754f000


Stack: [0x00007fdb87eff000,0x00007fdb88000000],  sp=0x00007fdb87ffcd70,  free space=1015k
Native frames: (J=compiled Java code, j=interpreted, Vv=VM code, C=native code)
C  [libGL.so.1+0x91759]  __float128+0x25289

Java frames: (J=compiled Java code, j=interpreted, Vv=VM code)
j  com.sun.opengl.impl.x11.GLX.glXSwapBuffers(JJ)V+0
j  com.sun.opengl.impl.x11.X11OnscreenGLDrawable.swapBuffers()V+38
j  com.sun.opengl.impl.GLDrawableHelper.invokeGL(Ljavax/media/opengl/GLDrawable;Ljavax/media/opengl/GLContext;Ljava/lang/Runnable;Ljava/lang/Runnable;)V+435
j  javax.media.opengl.GLCanvas.maybeDoSingleThreadedWorkaround(Ljava/lang/Runnable;Ljava/lang/Runnable;)V+36
j  javax.media.opengl.GLCanvas.display()V+9
j  javax.media.opengl.GLCanvas.paint(Ljava/awt/Graphics;)V+125
j  javax.media.opengl.GLCanvas.update(Ljava/awt/Graphics;)V+2
j  sun.awt.RepaintArea.updateComponent(Ljava/awt/Component;Ljava/awt/Graphics;)V+6
j  sun.awt.X11.XRepaintArea.updateComponent(Ljava/awt/Component;Ljava/awt/Graphics;)V+23
j  sun.awt.RepaintArea.paint(Ljava/lang/Object;Z)V+263
j  sun.awt.X11.XComponentPeer.handleEvent(Ljava/awt/AWTEvent;)V+224
j  java.awt.Component.dispatchEventImpl(Ljava/awt/AWTEvent;)V+861
j  java.awt.Component.dispatchEvent(Ljava/awt/AWTEvent;)V+2
j  java.awt.EventQueue.dispatchEventImpl(Ljava/awt/AWTEvent;Ljava/lang/Object;)V+41
j  java.awt.EventQueue.access$000(Ljava/awt/EventQueue;Ljava/awt/AWTEvent;Ljava/lang/Object;)V+3
j  java.awt.EventQueue$1.run()Ljava/lang/Void;+12
j  java.awt.EventQueue$1.run()Ljava/lang/Object;+1
v  ~StubRoutines::call_stub
j  java.security.AccessController.doPrivileged(Ljava/security/PrivilegedAction;Ljava/security/AccessControlContext;)Ljava/lang/Object;+0
j  java.security.AccessControlContext$1.doIntersectionPrivilege(Ljava/security/PrivilegedAction;Ljava/security/AccessControlContext;Ljava/security/AccessControlContext;)Ljava/lang/Object;+28
j  java.security.AccessControlContext$1.doIntersectionPrivilege(Ljava/security/PrivilegedAction;Ljava/security/AccessControlContext;)Ljava/lang/Object;+6
j  java.awt.EventQueue$2.run()Ljava/lang/Void;+11
j  java.awt.EventQueue$2.run()Ljava/lang/Object;+1
v  ~StubRoutines::call_stub
j  java.security.AccessController.doPrivileged(Ljava/security/PrivilegedAction;Ljava/security/AccessControlContext;)Ljava/lang/Object;+0
j  java.security.AccessControlContext$1.doIntersectionPrivilege(Ljava/security/PrivilegedAction;Ljava/security/AccessControlContext;Ljava/security/AccessControlContext;)Ljava/lang/Object;+28
j  java.awt.EventQueue.dispatchEvent(Ljava/awt/AWTEvent;)V+73
j  java.awt.EventDispatchThread.pumpOneEventForFilters(I)Z+204
j  java.awt.EventDispatchThread.pumpEventsForFilter(ILjava/awt/Conditional;Ljava/awt/EventFilter;)V+30
j  java.awt.EventDispatchThread.pumpEventsForHierarchy(ILjava/awt/Conditional;Ljava/awt/Component;)V+11
j  java.awt.EventDispatchThread.pumpEvents(ILjava/awt/Conditional;)V+4
j  java.awt.EventDispatchThread.pumpEvents(Ljava/awt/Conditional;)V+3
j  java.awt.EventDispatchThread.run()V+9
v  ~StubRoutines::call_stub

---------------  P R O C E S S  ---------------

Java Threads: ( => current thread )
  0x00007fdb8826b000 JavaThread "NetPlotter" [_thread_blocked, id=31624, stack(0x00007fdb8507a000,0x00007fdb8517b000)]
  0x00007fdb88265800 JavaThread "Timer-0" daemon [_thread_blocked, id=31623, stack(0x00007fdb879fa000,0x00007fdb87afb000)]
  0x00000000418f2800 JavaThread "TimerQueue" daemon [_thread_blocked, id=31622, stack(0x00007fdb87afb000,0x00007fdb87bfc000)]
  0x00007fdb94204000 JavaThread "Thread-1" [_thread_in_Java, id=31616, stack(0x00007fdb87cfd000,0x00007fdb87dfe000)]
  0x00007fdb941ff000 JavaThread "DestroyJavaVM" [_thread_blocked, id=31588, stack(0x00007fdb99c23000,0x00007fdb99d24000)]
  0x000000004185c800 JavaThread "org.netbeans.modules.debugger.jpda.visual AWT Access Loop" daemon [_thread_blocked, id=31615, stack(0x00007fdb87dfe000,0x00007fdb87eff000)]
=>0x00007fdb8818c000 JavaThread "AWT-EventQueue-0" [_thread_in_native, id=31614, stack(0x00007fdb87eff000,0x00007fdb88000000)]
  0x00007fdb88185800 JavaThread "AWT-Shutdown" [_thread_blocked, id=31613, stack(0x00007fdb8c112000,0x00007fdb8c213000)]
  0x00007fdb941f4800 JavaThread "AWT-XAWT" daemon [_thread_blocked, id=31612, stack(0x00007fdb8c432000,0x00007fdb8c533000)]
  0x000000004172a800 JavaThread "Java2D Disposer" daemon [_thread_blocked, id=31611, stack(0x00007fdb8c533000,0x00007fdb8c634000)]
  0x00007fdb9407c000 JavaThread "Low Memory Detector" daemon [_thread_blocked, id=31609, stack(0x00007fdb8d035000,0x00007fdb8d136000)]
  0x00007fdb94079800 JavaThread "C2 CompilerThread1" daemon [_thread_blocked, id=31608, stack(0x00007fdb8d136000,0x00007fdb8d237000)]
  0x00007fdb94076800 JavaThread "C2 CompilerThread0" daemon [_thread_blocked, id=31607, stack(0x00007fdb8d237000,0x00007fdb8d338000)]
  0x00007fdb9406b000 JavaThread "JDWP Event Helper Thread" daemon [_thread_blocked, id=31603, stack(0x00007fdb8d439000,0x00007fdb8d53a000)]
  0x0000000041659000 JavaThread "JDWP Transport Listener: dt_socket" daemon [_thread_in_native, id=31601, stack(0x00007fdb8d53a000,0x00007fdb8d63b000)]
  0x000000004164e000 JavaThread "Signal Dispatcher" daemon [_thread_blocked, id=31600, stack(0x00007fdb8d73f000,0x00007fdb8d840000)]
  0x0000000041633000 JavaThread "Finalizer" daemon [_thread_blocked, id=31599, stack(0x00007fdb8d840000,0x00007fdb8d941000)]
  0x000000004162b800 JavaThread "Reference Handler" daemon [_thread_blocked, id=31598, stack(0x00007fdb8d941000,0x00007fdb8da42000)]

Other Threads:
  0x0000000041625800 VMThread [stack: 0x00007fdb8da42000,0x00007fdb8db43000] [id=31597]
  0x00007fdb9408f000 WatcherThread [stack: 0x00007fdb8cf34000,0x00007fdb8d035000] [id=31610]

VM state:at safepoint (normal execution)

VM Mutex/Monitor currently owned by a thread:  ([mutex/lock_event])
[0x00000000415349b0] Threads_lock - owner thread: 0x0000000041625800
[0x0000000041534eb0] Heap_lock - owner thread: 0x00007fdb94204000

Heap
 PSYoungGen      total 168064K, used 151552K [0x00000000e0e00000, 0x00000000ece30000, 0x0000000100000000)
  eden space 143936K, 100% used [0x00000000e0e00000,0x00000000e9a90000,0x00000000e9a90000)
  from space 24128K, 31% used [0x00000000eb6a0000,0x00000000ebe10000,0x00000000ece30000)
  to   space 26432K, 0% used [0x00000000e9a90000,0x00000000e9a98000,0x00000000eb460000)
 PSOldGen        total 70336K, used 19762K [0x00000000a2a00000, 0x00000000a6eb0000, 0x00000000e0e00000)
  object space 70336K, 28% used [0x00000000a2a00000,0x00000000a3d4c8b0,0x00000000a6eb0000)
 PSPermGen       total 44224K, used 22283K [0x000000009d800000, 0x00000000a0330000, 0x00000000a2a00000)
  object space 44224K, 50% used [0x000000009d800000,0x000000009edc2fd8,0x00000000a0330000)

Code Cache  [0x00007fdb8f31b000, 0x00007fdb8f58b000, 0x00007fdb9231b000)
 total_blobs=1074 nmethods=323 adapters=713 free_code_cache=48940032 largest_free_block=6976

Dynamic libraries:
40000000-40009000 r-xp 00000000 08:08 5900415                            /users/oconnorp/Programs/jdk1.6.0_32/jre/bin/java
40108000-4010a000 rwxp 00008000 08:08 5900415                            /users/oconnorp/Programs/jdk1.6.0_32/jre/bin/java
4151f000-41c21000 rwxp 00000000 00:00 0                                  [heap]
9d800000-a0330000 rwxp 00000000 00:00 0 
a0330000-a2a00000 rwxp 00000000 00:00 0 
a2a00000-a6eb0000 rwxp 00000000 00:00 0 
a6eb0000-e0e00000 rwxp 00000000 00:00 0 
e0e00000-ece30000 rwxp 00000000 00:00 0 
ece30000-ed1d0000 ---p 00000000 00:00 0 
ed1d0000-100000000 rwxp 00000000 00:00 0 
7fdb84735000-7fdb84935000 rwxs a8500000 00:05 8204                       /dev/nvidia0
7fdb84afe000-7fdb8507a000 rwxs 00000000 00:04 67600398                   /SYSV00000000 (deleted)
7fdb8507a000-7fdb8507d000 ---p 00000000 00:00 0 
7fdb8507d000-7fdb8517b000 rwxp 00000000 00:00 0 
7fdb8517b000-7fdb8517d000 r-xp 00000000 08:08 9176684                    /users/oconnorp/Desktop/Dropbox/J/JSpikeStackMod/JSpikeStack/jars/libjogl_awt.so
7fdb8517d000-7fdb8527c000 ---p 00002000 08:08 9176684                    /users/oconnorp/Desktop/Dropbox/J/JSpikeStackMod/JSpikeStack/jars/libjogl_awt.so
7fdb8527c000-7fdb8527d000 rwxp 00001000 08:08 9176684                    /users/oconnorp/Desktop/Dropbox/J/JSpikeStackMod/JSpikeStack/jars/libjogl_awt.so
7fdb8527d000-7fdb8527e000 r-xp 00000000 08:08 5901041                    /users/oconnorp/Programs/jdk1.6.0_32/jre/lib/amd64/libjawt.so
7fdb8527e000-7fdb8537d000 ---p 00001000 08:08 5901041                    /users/oconnorp/Programs/jdk1.6.0_32/jre/lib/amd64/libjawt.so
7fdb8537d000-7fdb8537e000 rwxp 00000000 08:08 5901041                    /users/oconnorp/Programs/jdk1.6.0_32/jre/lib/amd64/libjawt.so
7fdb8537e000-7fdb85383000 r-xp 00000000 08:02 526129                     /usr/lib/libXxf86vm.so.1.0.0
7fdb85383000-7fdb85582000 ---p 00005000 08:02 526129                     /usr/lib/libXxf86vm.so.1.0.0
7fdb85582000-7fdb85583000 r-xp 00004000 08:02 526129                     /usr/lib/libXxf86vm.so.1.0.0
7fdb85583000-7fdb85584000 rwxp 00005000 08:02 526129                     /usr/lib/libXxf86vm.so.1.0.0
7fdb85584000-7fdb85673000 r-xp 00000000 08:08 9176677                    /users/oconnorp/Desktop/Dropbox/J/JSpikeStackMod/JSpikeStack/jars/libjogl.so
7fdb85673000-7fdb85773000 ---p 000ef000 08:08 9176677                    /users/oconnorp/Desktop/Dropbox/J/JSpikeStackMod/JSpikeStack/jars/libjogl.so
7fdb85773000-7fdb85774000 rwxp 000ef000 08:08 9176677                    /users/oconnorp/Desktop/Dropbox/J/JSpikeStackMod/JSpikeStack/jars/libjogl.so
7fdb85774000-7fdb86b5c000 r-xp 00000000 08:02 666465                     /usr/lib/nvidia-current/libnvidia-glcore.so.260.19.06
7fdb86b5c000-7fdb86d5b000 ---p 013e8000 08:02 666465                     /usr/lib/nvidia-current/libnvidia-glcore.so.260.19.06
7fdb86d5b000-7fdb87337000 rwxp 013e7000 08:02 666465                     /usr/lib/nvidia-current/libnvidia-glcore.so.260.19.06
7fdb87337000-7fdb8734d000 rwxp 00000000 00:00 0 
7fdb8734d000-7fdb8734e000 r-xp 00000000 08:02 666460                     /usr/lib/nvidia-current/tls/libnvidia-tls.so.260.19.06
7fdb8734e000-7fdb8754e000 ---p 00001000 08:02 666460                     /usr/lib/nvidia-current/tls/libnvidia-tls.so.260.19.06
7fdb8754e000-7fdb8754f000 rwxp 00001000 08:02 666460                     /usr/lib/nvidia-current/tls/libnvidia-tls.so.260.19.06
7fdb8754f000-7fdb87606000 r-xp 00000000 08:02 666455                     /usr/lib/nvidia-current/libGL.so.260.19.06
7fdb87606000-7fdb87806000 ---p 000b7000 08:02 666455                     /usr/lib/nvidia-current/libGL.so.260.19.06
7fdb87806000-7fdb8783e000 rwxp 000b7000 08:02 666455                     /usr/lib/nvidia-current/libGL.so.260.19.06
7fdb8783e000-7fdb87854000 rwxp 00000000 00:00 0 
7fdb87854000-7fdb87855000 r-xp 00000000 08:08 9176675                    /users/oconnorp/Desktop/Dropbox/J/JSpikeStackMod/JSpikeStack/jars/libgluegen-rt.so
7fdb87855000-7fdb87954000 ---p 00001000 08:08 9176675                    /users/oconnorp/Desktop/Dropbox/J/JSpikeStackMod/JSpikeStack/jars/libgluegen-rt.so
7fdb87954000-7fdb87955000 rwxp 00000000 08:08 9176675                    /users/oconnorp/Desktop/Dropbox/J/JSpikeStackMod/JSpikeStack/jars/libgluegen-rt.so
7fdb879fa000-7fdb879fd000 ---p 00000000 00:00 0 
7fdb879fd000-7fdb87afb000 rwxp 00000000 00:00 0 
7fdb87afb000-7fdb87afe000 ---p 00000000 00:00 0 
7fdb87afe000-7fdb87bfc000 rwxp 00000000 00:00 0 
7fdb87bfc000-7fdb87bff000 ---p 00000000 00:00 0 
7fdb87bff000-7fdb87cfd000 rwxp 00000000 00:00 0 
7fdb87cfd000-7fdb87d00000 ---p 00000000 00:00 0 
7fdb87d00000-7fdb87dfe000 rwxp 00000000 00:00 0 
7fdb87dfe000-7fdb87e01000 ---p 00000000 00:00 0 
7fdb87e01000-7fdb87eff000 rwxp 00000000 00:00 0 
7fdb87eff000-7fdb87f02000 ---p 00000000 00:00 0 
7fdb87f02000-7fdb88000000 rwxp 00000000 00:00 0 
7fdb88000000-7fdb886dc000 rwxp 00000000 00:00 0 
7fdb886dc000-7fdb8c000000 ---p 00000000 00:00 0 
7fdb8c01a000-7fdb8c01b000 r-xs 00000000 08:02 1706781                    /var/cache/fontconfig/c05880de57d1f5e948fdfacc138775d9-le64.cache-3
7fdb8c01b000-7fdb8c024000 r-xs 00000000 08:02 1706778                    /var/cache/fontconfig/945677eb7aeaf62f1d50efc3fb3ec7d8-le64.cache-3
7fdb8c024000-7fdb8c026000 r-xs 00000000 08:02 1706779                    /var/cache/fontconfig/99e8ed0e538f840c565b6ed5dad60d56-le64.cache-3
7fdb8c026000-7fdb8c029000 r-xs 00000000 08:02 1706788                    /var/cache/fontconfig/e383d7ea5fbe662a33d9b44caf393297-le64.cache-3
7fdb8c029000-7fdb8c02c000 r-xs 00000000 08:02 1704604                    /var/cache/fontconfig/2cd17615ca594fa2959ae173292e504c-le64.cache-3
7fdb8c02c000-7fdb8c02d000 r-xs 00000000 08:02 1706789                    /var/cache/fontconfig/e7071f4a29fa870f4323321c154eba04-le64.cache-3
7fdb8c02d000-7fdb8c030000 r-xs 00000000 08:02 1704494                    /var/cache/fontconfig/b5ea634b0fb353b8ea17632d1f9ef766-le64.cache-3
7fdb8c030000-7fdb8c034000 r-xs 00000000 08:02 1706775                    /var/cache/fontconfig/6eb3985aa4124903f6ff08ba781cd364-le64.cache-3
7fdb8c034000-7fdb8c035000 r-xs 00000000 08:02 1706771                    /var/cache/fontconfig/4c73fe0c47614734b17d736dbde7580a-le64.cache-3
7fdb8c035000-7fdb8c036000 r-xs 00000000 08:02 1706764                    /var/cache/fontconfig/0d8c3b2ac0904cb8a57a757ad11a4a08-le64.cache-3
7fdb8c036000-7fdb8c037000 r-xs 00000000 08:02 1706773                    /var/cache/fontconfig/6a53c69dea097a2d716e069445527da8-le64.cache-3
7fdb8c037000-7fdb8c03d000 r-xs 00000000 08:02 1706780                    /var/cache/fontconfig/a755afe4a08bf5b97852ceb7400b47bc-le64.cache-3
7fdb8c03d000-7fdb8c046000 r-xs 00000000 08:02 1704816                    /var/cache/fontconfig/6d41288fd70b0be22e8c3a91e032eec0-le64.cache-3
7fdb8c046000-7fdb8c056000 r-xs 00000000 08:02 1706765                    /var/cache/fontconfig/0f34bcd4b6ee430af32735b75db7f02b-le64.cache-3
7fdb8c056000-7fdb8c059000 r-xs 00000000 08:02 1706785                    /var/cache/fontconfig/d60319d88cac85ba9e1a07bd06cfbb8c-le64.cache-3
7fdb8c059000-7fdb8c05a000 r-xs 00000000 08:02 1706423                    /var/cache/fontconfig/4794a0821666d79190d59a36cb4f44b5-le64.cache-3
7fdb8c05a000-7fdb8c064000 r-xs 00000000 08:02 1706784                    /var/cache/fontconfig/d52a8644073d54c13679302ca1180695-le64.cache-3
7fdb8c064000-7fdb8c077000 r-xs 00000000 08:02 1703478                    /var/cache/fontconfig/e13b20fdb08344e0e664864cc2ede53d-le64.cache-3
7fdb8c0d2000-7fdb8c112000 rwxs a847f000 00:05 8204                       /dev/nvidia0
7fdb8c112000-7fdb8c115000 ---p 00000000 00:00 0 
7fdb8c115000-7fdb8c213000 rwxp 00000000 00:00 0 
7fdb8c213000-7fdb8c21a000 r-xp 00000000 08:08 5901017                    /users/oconnorp/Programs/jdk1.6.0_32/jre/lib/amd64/libnio.so
7fdb8c21a000-7fdb8c319000 ---p 00007000 08:08 5901017                    /users/oconnorp/Programs/jdk1.6.0_32/jre/lib/amd64/libnio.so
7fdb8c319000-7fdb8c31b000 rwxp 00006000 08:08 5901017                    /users/oconnorp/Programs/jdk1.6.0_32/jre/lib/amd64/libnio.so
7fdb8c31b000-7fdb8c32e000 r-xp 00000000 08:08 5901016                    /users/oconnorp/Programs/jdk1.6.0_32/jre/lib/amd64/libnet.so
7fdb8c32e000-7fdb8c42f000 ---p 00013000 08:08 5901016                    /users/oconnorp/Programs/jdk1.6.0_32/jre/lib/amd64/libnet.so
7fdb8c42f000-7fdb8c432000 rwxp 00014000 08:08 5901016                    /users/oconnorp/Programs/jdk1.6.0_32/jre/lib/amd64/libnet.so
7fdb8c432000-7fdb8c435000 ---p 00000000 00:00 0 
7fdb8c435000-7fdb8c533000 rwxp 00000000 00:00 0 
7fdb8c533000-7fdb8c536000 ---p 00000000 00:00 0 
7fdb8c536000-7fdb8c634000 rwxp 00000000 00:00 0 
7fdb8c634000-7fdb8c6ad000 r-xp 00000000 08:08 5901025                    /users/oconnorp/Programs/jdk1.6.0_32/jre/lib/amd64/libfontmanager.so
7fdb8c6ad000-7fdb8c7ac000 ---p 00079000 08:08 5901025                    /users/oconnorp/Programs/jdk1.6.0_32/jre/lib/amd64/libfontmanager.so
7fdb8c7ac000-7fdb8c7c1000 rwxp 00078000 08:08 5901025                    /users/oconnorp/Programs/jdk1.6.0_32/jre/lib/amd64/libfontmanager.so
7fdb8c7c1000-7fdb8c7d3000 rwxp 00000000 00:00 0 
7fdb8c7d3000-7fdb8c7e1000 r-xp 00000000 08:02 526099                     /usr/lib/libXi.so.6.1.0
7fdb8c7e1000-7fdb8c9e1000 ---p 0000e000 08:02 526099                     /usr/lib/libXi.so.6.1.0
7fdb8c9e1000-7fdb8c9e2000 r-xp 0000e000 08:02 526099                     /usr/lib/libXi.so.6.1.0
7fdb8c9e2000-7fdb8c9e3000 rwxp 0000f000 08:02 526099                     /usr/lib/libXi.so.6.1.0
7fdb8c9e3000-7fdb8c9e8000 r-xp 00000000 08:02 526119                     /usr/lib/libXtst.so.6.1.0
7fdb8c9e8000-7fdb8cbe8000 ---p 00005000 08:02 526119                     /usr/lib/libXtst.so.6.1.0
7fdb8cbe8000-7fdb8cbe9000 r-xp 00005000 08:02 526119                     /usr/lib/libXtst.so.6.1.0
7fdb8cbe9000-7fdb8cbea000 rwxp 00006000 08:02 526119                     /usr/lib/libXtst.so.6.1.0
7fdb8cbef000-7fdb8cbf3000 r-xs 00000000 08:02 1704562                    /var/cache/fontconfig/7ef2298fde41cc6eeb7af42e48b7d293-le64.cache-3
7fdb8cbf3000-7fdb8cc07000 r-xs 00000000 08:02 1717119                    /var/cache/fontconfig/865f88548240fee46819705c6468c165-le64.cache-3
7fdb8cc07000-7fdb8cc49000 r-xp 00000000 08:08 5901014                    /users/oconnorp/Programs/jdk1.6.0_32/jre/lib/amd64/xawt/libmawt.so
7fdb8cc49000-7fdb8cd48000 ---p 00042000 08:08 5901014                    /users/oconnorp/Programs/jdk1.6.0_32/jre/lib/amd64/xawt/libmawt.so
7fdb8cd48000-7fdb8cd54000 rwxp 00041000 08:08 5901014                    /users/oconnorp/Programs/jdk1.6.0_32/jre/lib/amd64/xawt/libmawt.so
7fdb8cd54000-7fdb8cd55000 rwxp 00000000 00:00 0 
7fdb8cd55000-7fdb8cde7000 r-xp 00000000 08:08 5901061                    /users/oconnorp/Programs/jdk1.6.0_32/jre/lib/amd64/libawt.so
7fdb8cde7000-7fdb8cee6000 ---p 00092000 08:08 5901061                    /users/oconnorp/Programs/jdk1.6.0_32/jre/lib/amd64/libawt.so
7fdb8cee6000-7fdb8cf00000 rwxp 00091000 08:08 5901061                    /users/oconnorp/Programs/jdk1.6.0_32/jre/lib/amd64/libawt.so
7fdb8cf00000-7fdb8cf24000 rwxp 00000000 00:00 0 
7fdb8cf24000-7fdb8cf34000 r-xs 00155000 08:08 9176682                    /users/oconnorp/Desktop/Dropbox/J/JSpikeStackMod/JSpikeStack/jars/jfreechart-1.0.14.jar
7fdb8cf34000-7fdb8cf35000 ---p 00000000 00:00 0 
7fdb8cf35000-7fdb8d035000 rwxp 00000000 00:00 0 
7fdb8d035000-7fdb8d038000 ---p 00000000 00:00 0 
7fdb8d038000-7fdb8d136000 rwxp 00000000 00:00 0 
7fdb8d136000-7fdb8d139000 ---p 00000000 00:00 0 
7fdb8d139000-7fdb8d237000 rwxp 00000000 00:00 0 
7fdb8d237000-7fdb8d23a000 ---p 00000000 00:00 0 
7fdb8d23a000-7fdb8d338000 rwxp 00000000 00:00 0 
7fdb8d338000-7fdb8d33b000 ---p 00000000 00:00 0 
7fdb8d33b000-7fdb8d439000 rwxp 00000000 00:00 0 
7fdb8d439000-7fdb8d43c000 ---p 00000000 00:00 0 
7fdb8d43c000-7fdb8d53a000 rwxp 00000000 00:00 0 
7fdb8d53a000-7fdb8d53d000 ---p 00000000 00:00 0 
7fdb8d53d000-7fdb8d63b000 rwxp 00000000 00:00 0 
7fdb8d63b000-7fdb8d63e000 r-xp 00000000 08:08 5901052                    /users/oconnorp/Programs/jdk1.6.0_32/jre/lib/amd64/libdt_socket.so
7fdb8d63e000-7fdb8d73d000 ---p 00003000 08:08 5901052                    /users/oconnorp/Programs/jdk1.6.0_32/jre/lib/amd64/libdt_socket.so
7fdb8d73d000-7fdb8d73f000 rwxp 00002000 08:08 5901052                    /users/oconnorp/Programs/jdk1.6.0_32/jre/lib/amd64/libdt_socket.so
7fdb8d73f000-7fdb8d742000 ---p 00000000 00:00 0 
7fdb8d742000-7fdb8d840000 rwxp 00000000 00:00 0 
7fdb8d840000-7fdb8d843000 ---p 00000000 00:00 0 
7fdb8d843000-7fdb8d941000 rwxp 00000000 00:00 0 
7fdb8d941000-7fdb8d944000 ---p 00000000 00:00 0 
7fdb8d944000-7fdb8da42000 rwxp 00000000 00:00 0 
7fdb8da42000-7fdb8da43000 ---p 00000000 00:00 0 
7fdb8da43000-7fdb8e44c000 rwxp 00000000 00:00 0 
7fdb8e44c000-7fdb8e5e3000 r-xs 03079000 08:08 5901816                    /users/oconnorp/Programs/jdk1.6.0_32/jre/lib/rt.jar
7fdb8e5e3000-7fdb8e5e4000 ---p 00000000 00:00 0 
7fdb8e5e4000-7fdb8e6e4000 rwxp 00000000 00:00 0 
7fdb8e6e4000-7fdb8e6e5000 ---p 00000000 00:00 0 
7fdb8e6e5000-7fdb8e7e5000 rwxp 00000000 00:00 0 
7fdb8e7e5000-7fdb8e7e6000 ---p 00000000 00:00 0 
7fdb8e7e6000-7fdb8e8e6000 rwxp 00000000 00:00 0 
7fdb8e8e6000-7fdb8e8e7000 ---p 00000000 00:00 0 
7fdb8e8e7000-7fdb8e9e7000 rwxp 00000000 00:00 0 
7fdb8e9e7000-7fdb8e9e8000 ---p 00000000 00:00 0 
7fdb8e9e8000-7fdb8eae8000 rwxp 00000000 00:00 0 
7fdb8eae8000-7fdb8eae9000 ---p 00000000 00:00 0 
7fdb8eae9000-7fdb8ebe9000 rwxp 00000000 00:00 0 
7fdb8ebe9000-7fdb8ebea000 ---p 00000000 00:00 0 
7fdb8ebea000-7fdb8ecea000 rwxp 00000000 00:00 0 
7fdb8ecea000-7fdb8eceb000 ---p 00000000 00:00 0 
7fdb8eceb000-7fdb8ee01000 rwxp 00000000 00:00 0 
7fdb8ee01000-7fdb8ee14000 rwxp 00000000 00:00 0 
7fdb8ee14000-7fdb8ee37000 rwxp 00000000 00:00 0 
7fdb8ee37000-7fdb8f006000 rwxp 00000000 00:00 0 
7fdb8f006000-7fdb8f01c000 rwxp 00000000 00:00 0 
7fdb8f01c000-7fdb8f02f000 rwxp 00000000 00:00 0 
7fdb8f02f000-7fdb8f052000 rwxp 00000000 00:00 0 
7fdb8f052000-7fdb8f221000 rwxp 00000000 00:00 0 
7fdb8f221000-7fdb8f282000 rwxp 00000000 00:00 0 
7fdb8f282000-7fdb8f283000 ---p 00000000 00:00 0 
7fdb8f283000-7fdb8f31a000 rwxp 00000000 00:00 0 
7fdb8f31a000-7fdb8f58b000 rwxp 00000000 00:00 0 
7fdb8f58b000-7fdb9231b000 rwxp 00000000 00:00 0 
7fdb9231b000-7fdb92329000 r-xp 00000000 08:08 5901027                    /users/oconnorp/Programs/jdk1.6.0_32/jre/lib/amd64/libzip.so
7fdb92329000-7fdb9242b000 ---p 0000e000 08:08 5901027                    /users/oconnorp/Programs/jdk1.6.0_32/jre/lib/amd64/libzip.so
7fdb9242b000-7fdb9242e000 rwxp 00010000 08:08 5901027                    /users/oconnorp/Programs/jdk1.6.0_32/jre/lib/amd64/libzip.so
7fdb9242e000-7fdb9242f000 rwxp 00000000 00:00 0 
7fdb9242f000-7fdb92434000 r-xp 00000000 08:02 1458517                    /lib/libnss_dns-2.12.1.so
7fdb92434000-7fdb92633000 ---p 00005000 08:02 1458517                    /lib/libnss_dns-2.12.1.so
7fdb92633000-7fdb92634000 r-xp 00004000 08:02 1458517                    /lib/libnss_dns-2.12.1.so
7fdb92634000-7fdb92635000 rwxp 00005000 08:02 1458517                    /lib/libnss_dns-2.12.1.so
7fdb92635000-7fdb92637000 r-xp 00000000 08:02 1439093                    /lib/libnss_mdns4_minimal.so.2
7fdb92637000-7fdb92836000 ---p 00002000 08:02 1439093                    /lib/libnss_mdns4_minimal.so.2
7fdb92836000-7fdb92837000 r-xp 00001000 08:02 1439093                    /lib/libnss_mdns4_minimal.so.2
7fdb92837000-7fdb92838000 rwxp 00002000 08:02 1439093                    /lib/libnss_mdns4_minimal.so.2
7fdb92838000-7fdb9283b000 r-xp 00000000 08:02 1439061                    /lib/libgpg-error.so.0.4.0
7fdb9283b000-7fdb92a3a000 ---p 00003000 08:02 1439061                    /lib/libgpg-error.so.0.4.0
7fdb92a3a000-7fdb92a3b000 r-xp 00002000 08:02 1439061                    /lib/libgpg-error.so.0.4.0
7fdb92a3b000-7fdb92a3c000 rwxp 00003000 08:02 1439061                    /lib/libgpg-error.so.0.4.0
7fdb92a3c000-7fdb92ab0000 r-xp 00000000 08:02 1439057                    /lib/libgcrypt.so.11.5.3
7fdb92ab0000-7fdb92cb0000 ---p 00074000 08:02 1439057                    /lib/libgcrypt.so.11.5.3
7fdb92cb0000-7fdb92cb1000 r-xp 00074000 08:02 1439057                    /lib/libgcrypt.so.11.5.3
7fdb92cb1000-7fdb92cb4000 rwxp 00075000 08:02 1439057                    /lib/libgcrypt.so.11.5.3
7fdb92cb4000-7fdb92cca000 r-xp 00000000 08:02 1439170                    /lib/libz.so.1.2.3.4
7fdb92cca000-7fdb92eca000 ---p 00016000 08:02 1439170                    /lib/libz.so.1.2.3.4
7fdb92eca000-7fdb92ecb000 r-xp 00016000 08:02 1439170                    /lib/libz.so.1.2.3.4
7fdb92ecb000-7fdb92ecc000 rwxp 00017000 08:02 1439170                    /lib/libz.so.1.2.3.4
7fdb92ecc000-7fdb92edc000 r-xp 00000000 08:02 526942                     /usr/lib/libtasn1.so.3.1.9
7fdb92edc000-7fdb930db000 ---p 00010000 08:02 526942                     /usr/lib/libtasn1.so.3.1.9
7fdb930db000-7fdb930dc000 r-xp 0000f000 08:02 526942                     /usr/lib/libtasn1.so.3.1.9
7fdb930dc000-7fdb930dd000 rwxp 00010000 08:02 526942                     /usr/lib/libtasn1.so.3.1.9
7fdb930dd000-7fdb930df000 r-xp 00000000 08:02 1439069                    /lib/libkeyutils.so.1.3
7fdb930df000-7fdb932de000 ---p 00002000 08:02 1439069                    /lib/libkeyutils.so.1.3
7fdb932de000-7fdb932df000 r-xp 00001000 08:02 1439069                    /lib/libkeyutils.so.1.3
7fdb932df000-7fdb932e0000 rwxp 00002000 08:02 1439069                    /lib/libkeyutils.so.1.3
7fdb932e0000-7fdb932e7000 r-xp 00000000 08:02 527117                     /usr/lib/libkrb5support.so.0.1
7fdb932e7000-7fdb934e6000 ---p 00007000 08:02 527117                     /usr/lib/libkrb5support.so.0.1
7fdb934e6000-7fdb934e7000 r-xp 00006000 08:02 527117                     /usr/lib/libkrb5support.so.0.1
7fdb934e7000-7fdb934e8000 rwxp 00007000 08:02 527117                     /usr/lib/libkrb5support.so.0.1
7fdb934e8000-7fdb9350c000 r-xp 00000000 08:02 526265                     /usr/lib/libk5crypto.so.3.1
7fdb9350c000-7fdb9370c000 ---p 00024000 08:02 526265                     /usr/lib/libk5crypto.so.3.1
7fdb9370c000-7fdb9370d000 r-xp 00024000 08:02 526265                     /usr/lib/libk5crypto.so.3.1
7fdb9370d000-7fdb9370e000 rwxp 00025000 08:02 526265                     /usr/lib/libk5crypto.so.3.1
7fdb9370e000-7fdb937a8000 r-xp 00000000 08:02 525012                     /usr/lib/libgnutls.so.26.14.12
7fdb937a8000-7fdb939a8000 ---p 0009a000 08:02 525012                     /usr/lib/libgnutls.so.26.14.12
7fdb939a8000-7fdb939ae000 r-xp 0009a000 08:02 525012                     /usr/lib/libgnutls.so.26.14.12
7fdb939ae000-7fdb939af000 rwxp 000a0000 08:02 525012                     /usr/lib/libgnutls.so.26.14.12
7fdb939af000-7fdb939c5000 r-xp 00000000 08:02 1458530                    /lib/libresolv-2.12.1.so
7fdb939c5000-7fdb93bc4000 ---p 00016000 08:02 1458530                    /lib/libresolv-2.12.1.so
7fdb93bc4000-7fdb93bc5000 r-xp 00015000 08:02 1458530                    /lib/libresolv-2.12.1.so
7fdb93bc5000-7fdb93bc6000 rwxp 00016000 08:02 1458530                    /lib/libresolv-2.12.1.so
7fdb93bc6000-7fdb93bc8000 rwxp 00000000 00:00 0 
7fdb93bc8000-7fdb93bfa000 r-xp 00000000 08:02 529493                     /usr/lib/libgssapi_krb5.so.2.2
7fdb93bfa000-7fdb93dfa000 ---p 00032000 08:02 529493                     /usr/lib/libgssapi_krb5.so.2.2
7fdb93dfa000-7fdb93dfb000 r-xp 00032000 08:02 529493                     /usr/lib/libgssapi_krb5.so.2.2
7fdb93dfb000-7fdb93dfc000 rwxp 00033000 08:02 529493                     /usr/lib/libgssapi_krb5.so.2.2
7fdb93dfc000-7fdb93dff000 r-xp 00000000 08:02 1439028                    /lib/libcom_err.so.2.1
7fdb93dff000-7fdb93ffe000 ---p 00003000 08:02 1439028                    /lib/libcom_err.so.2.1
7fdb93ffe000-7fdb93fff000 r-xp 00002000 08:02 1439028                    /lib/libcom_err.so.2.1
7fdb93fff000-7fdb94000000 rwxp 00003000 08:02 1439028                    /lib/libcom_err.so.2.1
7fdb94000000-7fdb959aa000 rwxp 00000000 00:00 0 
7fdb959aa000-7fdb98000000 ---p 00000000 00:00 0 
7fdb98005000-7fdb980be000 r-xp 00000000 08:02 537775                     /usr/lib/libkrb5.so.3.3
7fdb980be000-7fdb982bd000 ---p 000b9000 08:02 537775                     /usr/lib/libkrb5.so.3.3
7fdb982bd000-7fdb982c6000 r-xp 000b8000 08:02 537775                     /usr/lib/libkrb5.so.3.3
7fdb982c6000-7fdb982c7000 rwxp 000c1000 08:02 537775                     /usr/lib/libkrb5.so.3.3
7fdb982c7000-7fdb982e0000 r-xp 00000000 08:02 526884                     /usr/lib/libsasl2.so.2.0.23
7fdb982e0000-7fdb984df000 ---p 00019000 08:02 526884                     /usr/lib/libsasl2.so.2.0.23
7fdb984df000-7fdb984e0000 r-xp 00018000 08:02 526884                     /usr/lib/libsasl2.so.2.0.23
7fdb984e0000-7fdb984e1000 rwxp 00019000 08:02 526884                     /usr/lib/libsasl2.so.2.0.23
7fdb984e1000-7fdb984ee000 r-xp 00000000 08:02 523653                     /usr/lib/liblber-2.4.so.2.5.6
7fdb984ee000-7fdb986ed000 ---p 0000d000 08:02 523653                     /usr/lib/liblber-2.4.so.2.5.6
7fdb986ed000-7fdb986ee000 r-xp 0000c000 08:02 523653                     /usr/lib/liblber-2.4.so.2.5.6
7fdb986ee000-7fdb986ef000 rwxp 0000d000 08:02 523653                     /usr/lib/liblber-2.4.so.2.5.6
7fdb986ef000-7fdb98735000 r-xp 00000000 08:02 523654                     /usr/lib/libldap_r-2.4.so.2.5.6
7fdb98735000-7fdb98935000 ---p 00046000 08:02 523654                     /usr/lib/libldap_r-2.4.so.2.5.6
7fdb98935000-7fdb98937000 r-xp 00046000 08:02 523654                     /usr/lib/libldap_r-2.4.so.2.5.6
7fdb98937000-7fdb98938000 rwxp 00048000 08:02 523654                     /usr/lib/libldap_r-2.4.so.2.5.6
7fdb98938000-7fdb9893a000 rwxp 00000000 00:00 0 
7fdb9893a000-7fdb9894e000 r-xp 00000000 08:02 1455812                    /lib/libnss_ldap-2.11.1.so
7fdb9894e000-7fdb98b4d000 ---p 00014000 08:02 1455812                    /lib/libnss_ldap-2.11.1.so
7fdb98b4d000-7fdb98b4e000 r-xp 00013000 08:02 1455812                    /lib/libnss_ldap-2.11.1.so
7fdb98b4e000-7fdb98b4f000 rwxp 00014000 08:02 1455812                    /lib/libnss_ldap-2.11.1.so
7fdb98b4f000-7fdb98b5a000 rwxp 00000000 00:00 0 
7fdb98b5a000-7fdb98b66000 r-xp 00000000 08:02 1458520                    /lib/libnss_files-2.12.1.so
7fdb98b66000-7fdb98d65000 ---p 0000c000 08:02 1458520                    /lib/libnss_files-2.12.1.so
7fdb98d65000-7fdb98d66000 r-xp 0000b000 08:02 1458520                    /lib/libnss_files-2.12.1.so
7fdb98d66000-7fdb98d67000 rwxp 0000c000 08:02 1458520                    /lib/libnss_files-2.12.1.so
7fdb98d67000-7fdb98d6a000 r-xp 00000000 08:08 5901018                    /users/oconnorp/Programs/jdk1.6.0_32/jre/lib/amd64/libnpt.so
7fdb98d6a000-7fdb98e69000 ---p 00003000 08:08 5901018                    /users/oconnorp/Programs/jdk1.6.0_32/jre/lib/amd64/libnpt.so
7fdb98e69000-7fdb98e6a000 rwxp 00002000 08:08 5901018                    /users/oconnorp/Programs/jdk1.6.0_32/jre/lib/amd64/libnpt.so
7fdb98e6a000-7fdb98ea0000 r-xp 00000000 08:08 5901044                    /users/oconnorp/Programs/jdk1.6.0_32/jre/lib/amd64/libjdwp.so
7fdb98ea0000-7fdb98f9f000 ---p 00036000 08:08 5901044                    /users/oconnorp/Programs/jdk1.6.0_32/jre/lib/amd64/libjdwp.so
7fdb98f9f000-7fdb98fa9000 rwxp 00035000 08:08 5901044                    /users/oconnorp/Programs/jdk1.6.0_32/jre/lib/amd64/libjdwp.so
7fdb98fa9000-7fdb98fc0000 r-xp 00000000 08:02 1458513                    /lib/libnsl-2.12.1.so
7fdb98fc0000-7fdb991bf000 ---p 00017000 08:02 1458513                    /lib/libnsl-2.12.1.so
7fdb991bf000-7fdb991c0000 r-xp 00016000 08:02 1458513                    /lib/libnsl-2.12.1.so
7fdb991c0000-7fdb991c1000 rwxp 00017000 08:02 1458513                    /lib/libnsl-2.12.1.so
7fdb991c1000-7fdb991c3000 rwxp 00000000 00:00 0 
7fdb991c3000-7fdb991ec000 r-xp 00000000 08:08 5901040                    /users/oconnorp/Programs/jdk1.6.0_32/jre/lib/amd64/libjava.so
7fdb991ec000-7fdb992eb000 ---p 00029000 08:08 5901040                    /users/oconnorp/Programs/jdk1.6.0_32/jre/lib/amd64/libjava.so
7fdb992eb000-7fdb992f2000 rwxp 00028000 08:08 5901040                    /users/oconnorp/Programs/jdk1.6.0_32/jre/lib/amd64/libjava.so
7fdb992f2000-7fdb992ff000 r-xp 00000000 08:08 5901022                    /users/oconnorp/Programs/jdk1.6.0_32/jre/lib/amd64/libverify.so
7fdb992ff000-7fdb993fe000 ---p 0000d000 08:08 5901022                    /users/oconnorp/Programs/jdk1.6.0_32/jre/lib/amd64/libverify.so
7fdb993fe000-7fdb99401000 rwxp 0000c000 08:08 5901022                    /users/oconnorp/Programs/jdk1.6.0_32/jre/lib/amd64/libverify.so
7fdb99401000-7fdb99408000 r-xp 00000000 08:02 1458532                    /lib/librt-2.12.1.so
7fdb99408000-7fdb99607000 ---p 00007000 08:02 1458532                    /lib/librt-2.12.1.so
7fdb99607000-7fdb99608000 r-xp 00006000 08:02 1458532                    /lib/librt-2.12.1.so
7fdb99608000-7fdb99609000 rwxp 00007000 08:02 1458532                    /lib/librt-2.12.1.so
7fdb99609000-7fdb9960e000 r-xp 00000000 08:02 526093                     /usr/lib/libXfixes.so.3.1.0
7fdb9960e000-7fdb9980d000 ---p 00005000 08:02 526093                     /usr/lib/libXfixes.so.3.1.0
7fdb9980d000-7fdb9980e000 r-xp 00004000 08:02 526093                     /usr/lib/libXfixes.so.3.1.0
7fdb9980e000-7fdb9980f000 rwxp 00005000 08:02 526093                     /usr/lib/libXfixes.so.3.1.0
7fdb9980f000-7fdb99818000 r-xp 00000000 08:02 526113                     /usr/lib/libXrender.so.1.3.0
7fdb99818000-7fdb99a17000 ---p 00009000 08:02 526113                     /usr/lib/libXrender.so.1.3.0
7fdb99a17000-7fdb99a18000 r-xp 00008000 08:02 526113                     /usr/lib/libXrender.so.1.3.0
7fdb99a18000-7fdb99a19000 rwxp 00009000 08:02 526113                     /usr/lib/libXrender.so.1.3.0
7fdb99a19000-7fdb99a22000 r-xp 00000000 08:02 526085                     /usr/lib/libXcursor.so.1.0.2
7fdb99a22000-7fdb99c21000 ---p 00009000 08:02 526085                     /usr/lib/libXcursor.so.1.0.2
7fdb99c21000-7fdb99c22000 r-xp 00008000 08:02 526085                     /usr/lib/libXcursor.so.1.0.2
7fdb99c22000-7fdb99c23000 rwxp 00009000 08:02 526085                     /usr/lib/libXcursor.so.1.0.2
7fdb99c23000-7fdb99c26000 ---p 00000000 00:00 0 
7fdb99c26000-7fdb99d24000 rwxp 00000000 00:00 0 
7fdb99d24000-7fdb99fc8000 r-xp 00000000 08:02 524201                     /usr/lib/locale/locale-archive
7fdb99fc8000-7fdb99fc9000 ---p 00000000 00:00 0 
7fdb99fc9000-7fdb9a7c9000 rwxp 00000000 00:00 0 
7fdb9a81e000-7fdb9a837000 rwxs 00000000 00:04 0                          /SYSV00000000 (deleted)
7fdb9a837000-7fdb9a83f000 r-xs 00115000 08:08 5901131                    /users/oconnorp/Programs/jdk1.6.0_32/jre/lib/resources.jar
7fdb9a83f000-7fdb9a844000 r-xp 00000000 08:02 526089                     /usr/lib/libXdmcp.so.6.0.0
7fdb9a844000-7fdb9aa43000 ---p 00005000 08:02 526089                     /usr/lib/libXdmcp.so.6.0.0
7fdb9aa43000-7fdb9aa44000 r-xp 00004000 08:02 526089                     /usr/lib/libXdmcp.so.6.0.0
7fdb9aa44000-7fdb9aa45000 rwxp 00005000 08:02 526089                     /usr/lib/libXdmcp.so.6.0.0
7fdb9aa45000-7fdb9aa47000 r-xp 00000000 08:02 526078                     /usr/lib/libXau.so.6.0.0
7fdb9aa47000-7fdb9ac46000 ---p 00002000 08:02 526078                     /usr/lib/libXau.so.6.0.0
7fdb9ac46000-7fdb9ac47000 r-xp 00001000 08:02 526078                     /usr/lib/libXau.so.6.0.0
7fdb9ac47000-7fdb9ac48000 rwxp 00002000 08:02 526078                     /usr/lib/libXau.so.6.0.0
7fdb9ac48000-7fdb9ac63000 r-xp 00000000 08:02 527039                     /usr/lib/libxcb.so.1.1.0
7fdb9ac63000-7fdb9ae63000 ---p 0001b000 08:02 527039                     /usr/lib/libxcb.so.1.1.0
7fdb9ae63000-7fdb9ae64000 r-xp 0001b000 08:02 527039                     /usr/lib/libxcb.so.1.1.0
7fdb9ae64000-7fdb9ae65000 rwxp 0001c000 08:02 527039                     /usr/lib/libxcb.so.1.1.0
7fdb9ae65000-7fdb9ae76000 r-xp 00000000 08:02 526091                     /usr/lib/libXext.so.6.4.0
7fdb9ae76000-7fdb9b075000 ---p 00011000 08:02 526091                     /usr/lib/libXext.so.6.4.0
7fdb9b075000-7fdb9b076000 r-xp 00010000 08:02 526091                     /usr/lib/libXext.so.6.4.0
7fdb9b076000-7fdb9b077000 rwxp 00011000 08:02 526091                     /usr/lib/libXext.so.6.4.0
7fdb9b077000-7fdb9b1a8000 r-xp 00000000 08:02 526074                     /usr/lib/libX11.so.6.3.0
7fdb9b1a8000-7fdb9b3a8000 ---p 00131000 08:02 526074                     /usr/lib/libX11.so.6.3.0
7fdb9b3a8000-7fdb9b3a9000 r-xp 00131000 08:02 526074                     /usr/lib/libX11.so.6.3.0
7fdb9b3a9000-7fdb9b3ad000 rwxp 00132000 08:02 526074                     /usr/lib/libX11.so.6.3.0
7fdb9b3ad000-7fdb9b3e2000 r-xp 00000000 08:08 5901050                    /users/oconnorp/Programs/jdk1.6.0_32/jre/lib/amd64/libsplashscreen.so
7fdb9b3e2000-7fdb9b4e1000 ---p 00035000 08:08 5901050                    /users/oconnorp/Programs/jdk1.6.0_32/jre/lib/amd64/libsplashscreen.so
7fdb9b4e1000-7fdb9b4ec000 rwxp 00034000 08:08 5901050                    /users/oconnorp/Programs/jdk1.6.0_32/jre/lib/amd64/libsplashscreen.so
7fdb9b4ec000-7fdb9b4ef000 rwxp 00000000 00:00 0 
7fdb9b4ef000-7fdb9b571000 r-xp 00000000 08:02 1458509                    /lib/libm-2.12.1.so
7fdb9b571000-7fdb9b770000 ---p 00082000 08:02 1458509                    /lib/libm-2.12.1.so
7fdb9b770000-7fdb9b771000 r-xp 00081000 08:02 1458509                    /lib/libm-2.12.1.so
7fdb9b771000-7fdb9b772000 rwxp 00082000 08:02 1458509                    /lib/libm-2.12.1.so
7fdb9b772000-7fdb9c08d000 r-xp 00000000 08:08 5901047                    /users/oconnorp/Programs/jdk1.6.0_32/jre/lib/amd64/server/libjvm.so
7fdb9c08d000-7fdb9c18e000 ---p 0091b000 08:08 5901047                    /users/oconnorp/Programs/jdk1.6.0_32/jre/lib/amd64/server/libjvm.so
7fdb9c18e000-7fdb9c343000 rwxp 0091c000 08:08 5901047                    /users/oconnorp/Programs/jdk1.6.0_32/jre/lib/amd64/server/libjvm.so
7fdb9c343000-7fdb9c37d000 rwxp 00000000 00:00 0 
7fdb9c37d000-7fdb9c4f7000 r-xp 00000000 08:02 1455998                    /lib/libc-2.12.1.so
7fdb9c4f7000-7fdb9c6f7000 ---p 0017a000 08:02 1455998                    /lib/libc-2.12.1.so
7fdb9c6f7000-7fdb9c6fb000 r-xp 0017a000 08:02 1455998                    /lib/libc-2.12.1.so
7fdb9c6fb000-7fdb9c6fc000 rwxp 0017e000 08:02 1455998                    /lib/libc-2.12.1.so
7fdb9c6fc000-7fdb9c701000 rwxp 00000000 00:00 0 
7fdb9c701000-7fdb9c703000 r-xp 00000000 08:02 1458337                    /lib/libdl-2.12.1.so
7fdb9c703000-7fdb9c903000 ---p 00002000 08:02 1458337                    /lib/libdl-2.12.1.so
7fdb9c903000-7fdb9c904000 r-xp 00002000 08:02 1458337                    /lib/libdl-2.12.1.so
7fdb9c904000-7fdb9c905000 rwxp 00003000 08:02 1458337                    /lib/libdl-2.12.1.so
7fdb9c905000-7fdb9c91d000 r-xp 00000000 08:02 1458529                    /lib/libpthread-2.12.1.so
7fdb9c91d000-7fdb9cb1c000 ---p 00018000 08:02 1458529                    /lib/libpthread-2.12.1.so
7fdb9cb1c000-7fdb9cb1d000 r-xp 00017000 08:02 1458529                    /lib/libpthread-2.12.1.so
7fdb9cb1d000-7fdb9cb1e000 rwxp 00018000 08:02 1458529                    /lib/libpthread-2.12.1.so
7fdb9cb1e000-7fdb9cb22000 rwxp 00000000 00:00 0 
7fdb9cb22000-7fdb9cb42000 r-xp 00000000 08:02 1440689                    /lib/ld-2.12.1.so
7fdb9cb43000-7fdb9cb4e000 r-xs 00108000 08:08 9176681                    /users/oconnorp/Desktop/Dropbox/J/JSpikeStackMod/JSpikeStack/jars/jogl.jar
7fdb9cb4e000-7fdb9cb58000 rwxp 00000000 00:00 0 
7fdb9cb58000-7fdb9cc0e000 rwxp 00000000 00:00 0 
7fdb9cc0e000-7fdb9cc15000 r-xs 00000000 08:02 545898                     /usr/lib/gconv/gconv-modules.cache
7fdb9cc15000-7fdb9cc18000 rwxp 00000000 00:00 0 
7fdb9cc18000-7fdb9cc1f000 r-xp 00000000 08:08 5901012                    /users/oconnorp/Programs/jdk1.6.0_32/jre/lib/amd64/jli/libjli.so
7fdb9cc1f000-7fdb9cd20000 ---p 00007000 08:08 5901012                    /users/oconnorp/Programs/jdk1.6.0_32/jre/lib/amd64/jli/libjli.so
7fdb9cd20000-7fdb9cd22000 rwxp 00008000 08:08 5901012                    /users/oconnorp/Programs/jdk1.6.0_32/jre/lib/amd64/jli/libjli.so
7fdb9cd22000-7fdb9cd23000 rwxp 00000000 00:00 0 
7fdb9cd24000-7fdb9cd25000 rwxs f8060000 00:05 8204                       /dev/nvidia0
7fdb9cd25000-7fdb9cd27000 r-xs 00002000 08:08 9176676                    /users/oconnorp/Desktop/Dropbox/J/JSpikeStackMod/JSpikeStack/jars/jfreechart-1.0.14-experimental.jar
7fdb9cd27000-7fdb9cd2d000 r-xs 00046000 08:08 9176668                    /users/oconnorp/Desktop/Dropbox/J/JSpikeStackMod/JSpikeStack/jars/jcommon-1.0.17.jar
7fdb9cd2d000-7fdb9cd35000 rwxs 00000000 08:02 392654                     /tmp/hsperfdata_oconnorp/31580
7fdb9cd35000-7fdb9cd3d000 rwxp 00000000 00:00 0 
7fdb9cd3d000-7fdb9cd3e000 rwxp 00000000 00:00 0 
7fdb9cd3e000-7fdb9cd3f000 ---p 00000000 00:00 0 
7fdb9cd3f000-7fdb9cd40000 r-xs 00004000 08:08 9176679                    /users/oconnorp/Desktop/Dropbox/J/JSpikeStackMod/JSpikeStack/jars/gluegen-rt.jar
7fdb9cd40000-7fdb9cd42000 rwxp 00000000 00:00 0 
7fdb9cd42000-7fdb9cd43000 r-xp 00020000 08:02 1440689                    /lib/ld-2.12.1.so
7fdb9cd43000-7fdb9cd44000 rwxp 00021000 08:02 1440689                    /lib/ld-2.12.1.so
7fdb9cd44000-7fdb9cd45000 rwxp 00000000 00:00 0 
7fffc065c000-7fffc067d000 rwxp 00000000 00:00 0                          [stack]
7fffc07ff000-7fffc0800000 r-xp 00000000 00:00 0                          [vdso]
ffffffffff600000-ffffffffff601000 r-xp 00000000 00:00 0                  [vsyscall]

VM Arguments:
jvm_args: -Xdebug -Xrunjdwp:transport=dt_socket,address=localhost.localdomain:52621 -Dfile.encoding=UTF-8 -Djava.library.path=jars -Dsun.java2d.noddraw=true -Dsun.java2d.opengl=false 
java_command: jspikestack.JspikeStack
Launcher Type: SUN_STANDARD

Environment Variables:
PATH=/usr/local/sbin:/usr/local/bin:/usr/sbin:/usr/bin:/sbin:/bin:/usr/games
USERNAME=oconnorp
LD_LIBRARY_PATH=/users/oconnorp/Programs/jdk1.6.0_32/jre/lib/amd64/server:/users/oconnorp/Programs/jdk1.6.0_32/jre/lib/amd64:/users/oconnorp/Programs/jdk1.6.0_32/jre/../lib/amd64
SHELL=/bin/bash
DISPLAY=:0.0

Signal Handlers:
SIGSEGV: [libjvm.so+0x8602a0], sa_mask[0]=0x7ffbfeff, sa_flags=0x10000004
SIGBUS: [libjvm.so+0x8602a0], sa_mask[0]=0x7ffbfeff, sa_flags=0x10000004
SIGFPE: [libjvm.so+0x70ef10], sa_mask[0]=0x7ffbfeff, sa_flags=0x10000004
SIGPIPE: SIG_IGN, sa_mask[0]=0x00000000, sa_flags=0x00000000
SIGXFSZ: [libjvm.so+0x70ef10], sa_mask[0]=0x7ffbfeff, sa_flags=0x10000004
SIGILL: [libjvm.so+0x70ef10], sa_mask[0]=0x7ffbfeff, sa_flags=0x10000004
SIGUSR1: SIG_DFL, sa_mask[0]=0x00000000, sa_flags=0x00000000
SIGUSR2: [libjvm.so+0x711d40], sa_mask[0]=0x00000004, sa_flags=0x10000004
SIGHUP: [libjvm.so+0x711940], sa_mask[0]=0x7ffbfeff, sa_flags=0x10000004
SIGINT: SIG_IGN, sa_mask[0]=0x00000000, sa_flags=0x00000000
SIGTERM: [libjvm.so+0x711940], sa_mask[0]=0x7ffbfeff, sa_flags=0x10000004
SIGQUIT: [libjvm.so+0x711940], sa_mask[0]=0x7ffbfeff, sa_flags=0x10000004


---------------  S Y S T E M  ---------------

OS:squeeze/sid

uname:Linux 2.6.35-32-generic #67-Ubuntu SMP Mon Mar 5 19:39:49 UTC 2012 x86_64
libc:glibc 2.12.1 NPTL 2.12.1 
rlimit: STACK 8192k, CORE 0k, NPROC infinity, NOFILE 1024, AS infinity
load average:0.21 0.23 0.26

/proc/meminfo:
MemTotal:        6117320 kB
MemFree:          614808 kB
Buffers:          628396 kB
Cached:          1279404 kB
SwapCached:       127512 kB
Active:          2904352 kB
Inactive:        2022016 kB
Active(anon):    2121244 kB
Inactive(anon):   921056 kB
Active(file):     783108 kB
Inactive(file):  1100960 kB
Unevictable:        2036 kB
Mlocked:            2036 kB
SwapTotal:       2928636 kB
SwapFree:        2476256 kB
Dirty:               508 kB
Writeback:             0 kB
AnonPages:       2928124 kB
Mapped:           162396 kB
Shmem:             23720 kB
Slab:             322124 kB
SReclaimable:     288844 kB
SUnreclaim:        33280 kB
KernelStack:        5224 kB
PageTables:        40180 kB
NFS_Unstable:          0 kB
Bounce:                0 kB
WritebackTmp:          0 kB
CommitLimit:     5987296 kB
Committed_AS:    4946792 kB
VmallocTotal:   34359738367 kB
VmallocUsed:      357104 kB
VmallocChunk:   34359374332 kB
HardwareCorrupted:     0 kB
HugePages_Total:       0
HugePages_Free:        0
HugePages_Rsvd:        0
HugePages_Surp:        0
Hugepagesize:       2048 kB
DirectMap4k:      294400 kB
DirectMap2M:     5988352 kB


CPU:total 8 (4 cores per cpu, 2 threads per core) family 6 model 26 stepping 5, cmov, cx8, fxsr, mmx, sse, sse2, sse3, ssse3, sse4.1, sse4.2, popcnt, ht

/proc/cpuinfo:
processor	: 0
vendor_id	: GenuineIntel
cpu family	: 6
model		: 26
model name	: Intel(R) Core(TM) i7 CPU         950  @ 3.07GHz
stepping	: 5
cpu MHz		: 3068.000
cache size	: 8192 KB
physical id	: 0
siblings	: 8
core id		: 0
cpu cores	: 4
apicid		: 0
initial apicid	: 0
fpu		: yes
fpu_exception	: yes
cpuid level	: 11
wp		: yes
flags		: fpu vme de pse tsc msr pae mce cx8 apic sep mtrr pge mca cmov pat pse36 clflush dts acpi mmx fxsr sse sse2 ss ht tm pbe syscall nx rdtscp lm constant_tsc arch_perfmon pebs bts rep_good xtopology nonstop_tsc aperfmperf pni dtes64 monitor ds_cpl vmx est tm2 ssse3 cx16 xtpr pdcm sse4_1 sse4_2 popcnt lahf_lm ida dts tpr_shadow vnmi flexpriority ept vpid
bogomips	: 6147.33
clflush size	: 64
cache_alignment	: 64
address sizes	: 36 bits physical, 48 bits virtual
power management:

processor	: 1
vendor_id	: GenuineIntel
cpu family	: 6
model		: 26
model name	: Intel(R) Core(TM) i7 CPU         950  @ 3.07GHz
stepping	: 5
cpu MHz		: 3068.000
cache size	: 8192 KB
physical id	: 0
siblings	: 8
core id		: 1
cpu cores	: 4
apicid		: 2
initial apicid	: 2
fpu		: yes
fpu_exception	: yes
cpuid level	: 11
wp		: yes
flags		: fpu vme de pse tsc msr pae mce cx8 apic sep mtrr pge mca cmov pat pse36 clflush dts acpi mmx fxsr sse sse2 ss ht tm pbe syscall nx rdtscp lm constant_tsc arch_perfmon pebs bts rep_good xtopology nonstop_tsc aperfmperf pni dtes64 monitor ds_cpl vmx est tm2 ssse3 cx16 xtpr pdcm sse4_1 sse4_2 popcnt lahf_lm ida dts tpr_shadow vnmi flexpriority ept vpid
bogomips	: 6147.18
clflush size	: 64
cache_alignment	: 64
address sizes	: 36 bits physical, 48 bits virtual
power management:

processor	: 2
vendor_id	: GenuineIntel
cpu family	: 6
model		: 26
model name	: Intel(R) Core(TM) i7 CPU         950  @ 3.07GHz
stepping	: 5
cpu MHz		: 3068.000
cache size	: 8192 KB
physical id	: 0
siblings	: 8
core id		: 2
cpu cores	: 4
apicid		: 4
initial apicid	: 4
fpu		: yes
fpu_exception	: yes
cpuid level	: 11
wp		: yes
flags		: fpu vme de pse tsc msr pae mce cx8 apic sep mtrr pge mca cmov pat pse36 clflush dts acpi mmx fxsr sse sse2 ss ht tm pbe syscall nx rdtscp lm constant_tsc arch_perfmon pebs bts rep_good xtopology nonstop_tsc aperfmperf pni dtes64 monitor ds_cpl vmx est tm2 ssse3 cx16 xtpr pdcm sse4_1 sse4_2 popcnt lahf_lm ida dts tpr_shadow vnmi flexpriority ept vpid
bogomips	: 6147.20
clflush size	: 64
cache_alignment	: 64
address sizes	: 36 bits physical, 48 bits virtual
power management:

processor	: 3
vendor_id	: GenuineIntel
cpu family	: 6
model		: 26
model name	: Intel(R) Core(TM) i7 CPU         950  @ 3.07GHz
stepping	: 5
cpu MHz		: 3068.000
cache size	: 8192 KB
physical id	: 0
siblings	: 8
core id		: 3
cpu cores	: 4
apicid		: 6
initial apicid	: 6
fpu		: yes
fpu_exception	: yes
cpuid level	: 11
wp		: yes
flags		: fpu vme de pse tsc msr pae mce cx8 apic sep mtrr pge mca cmov pat pse36 clflush dts acpi mmx fxsr sse sse2 ss ht tm pbe syscall nx rdtscp lm constant_tsc arch_perfmon pebs bts rep_good xtopology nonstop_tsc aperfmperf pni dtes64 monitor ds_cpl vmx est tm2 ssse3 cx16 xtpr pdcm sse4_1 sse4_2 popcnt lahf_lm ida dts tpr_shadow vnmi flexpriority ept vpid
bogomips	: 6147.07
clflush size	: 64
cache_alignment	: 64
address sizes	: 36 bits physical, 48 bits virtual
power management:

processor	: 4
vendor_id	: GenuineIntel
cpu family	: 6
model		: 26
model name	: Intel(R) Core(TM) i7 CPU         950  @ 3.07GHz
stepping	: 5
cpu MHz		: 3068.000
cache size	: 8192 KB
physical id	: 0
siblings	: 8
core id		: 0
cpu cores	: 4
apicid		: 1
initial apicid	: 1
fpu		: yes
fpu_exception	: yes
cpuid level	: 11
wp		: yes
flags		: fpu vme de pse tsc msr pae mce cx8 apic sep mtrr pge mca cmov pat pse36 clflush dts acpi mmx fxsr sse sse2 ss ht tm pbe syscall nx rdtscp lm constant_tsc arch_perfmon pebs bts rep_good xtopology nonstop_tsc aperfmperf pni dtes64 monitor ds_cpl vmx est tm2 ssse3 cx16 xtpr pdcm sse4_1 sse4_2 popcnt lahf_lm ida dts tpr_shadow vnmi flexpriority ept vpid
bogomips	: 6147.18
clflush size	: 64
cache_alignment	: 64
address sizes	: 36 bits physical, 48 bits virtual
power management:

processor	: 5
vendor_id	: GenuineIntel
cpu family	: 6
model		: 26
model name	: Intel(R) Core(TM) i7 CPU         950  @ 3.07GHz
stepping	: 5
cpu MHz		: 3068.000
cache size	: 8192 KB
physical id	: 0
siblings	: 8
core id		: 1
cpu cores	: 4
apicid		: 3
initial apicid	: 3
fpu		: yes
fpu_exception	: yes
cpuid level	: 11
wp		: yes
flags		: fpu vme de pse tsc msr pae mce cx8 apic sep mtrr pge mca cmov pat pse36 clflush dts acpi mmx fxsr sse sse2 ss ht tm pbe syscall nx rdtscp lm constant_tsc arch_perfmon pebs bts rep_good xtopology nonstop_tsc aperfmperf pni dtes64 monitor ds_cpl vmx est tm2 ssse3 cx16 xtpr pdcm sse4_1 sse4_2 popcnt lahf_lm ida dts tpr_shadow vnmi flexpriority ept vpid
bogomips	: 6147.18
clflush size	: 64
cache_alignment	: 64
address sizes	: 36 bits physical, 48 bits virtual
power management:

processor	: 6
vendor_id	: GenuineIntel
cpu family	: 6
model		: 26
model name	: Intel(R) Core(TM) i7 CPU         950  @ 3.07GHz
stepping	: 5
cpu MHz		: 3068.000
cache size	: 8192 KB
physical id	: 0
siblings	: 8
core id		: 2
cpu cores	: 4
apicid		: 5
initial apicid	: 5
fpu		: yes
fpu_exception	: yes
cpuid level	: 11
wp		: yes
flags		: fpu vme de pse tsc msr pae mce cx8 apic sep mtrr pge mca cmov pat pse36 clflush dts acpi mmx fxsr sse sse2 ss ht tm pbe syscall nx rdtscp lm constant_tsc arch_perfmon pebs bts rep_good xtopology nonstop_tsc aperfmperf pni dtes64 monitor ds_cpl vmx est tm2 ssse3 cx16 xtpr pdcm sse4_1 sse4_2 popcnt lahf_lm ida dts tpr_shadow vnmi flexpriority ept vpid
bogomips	: 6147.18
clflush size	: 64
cache_alignment	: 64
address sizes	: 36 bits physical, 48 bits virtual
power management:

processor	: 7
vendor_id	: GenuineIntel
cpu family	: 6
model		: 26
model name	: Intel(R) Core(TM) i7 CPU         950  @ 3.07GHz
stepping	: 5
cpu MHz		: 3068.000
cache size	: 8192 KB
physical id	: 0
siblings	: 8
core id		: 3
cpu cores	: 4
apicid		: 7
initial apicid	: 7
fpu		: yes
fpu_exception	: yes
cpuid level	: 11
wp		: yes
flags		: fpu vme de pse tsc msr pae mce cx8 apic sep mtrr pge mca cmov pat pse36 clflush dts acpi mmx fxsr sse sse2 ss ht tm pbe syscall nx rdtscp lm constant_tsc arch_perfmon pebs bts rep_good xtopology nonstop_tsc aperfmperf pni dtes64 monitor ds_cpl vmx est tm2 ssse3 cx16 xtpr pdcm sse4_1 sse4_2 popcnt lahf_lm ida dts tpr_shadow vnmi flexpriority ept vpid
bogomips	: 6147.18
clflush size	: 64
cache_alignment	: 64
address sizes	: 36 bits physical, 48 bits virtual
power management:



Memory: 4k page, physical 6117320k(614280k free), swap 2928636k(2476256k free)

vm_info: Java HotSpot(TM) 64-Bit Server VM (20.7-b02) for linux-amd64 JRE (1.6.0_32-b05), built on Apr  5 2012 14:09:59 by "java_re" with gcc 3.2.2 (SuSE Linux)

time: Sat Aug  4 14:25:35 2012
elapsed time: 11 seconds

