#
# A fatal error has been detected by the Java Runtime Environment:
#
#  SIGSEGV (0xb) at pc=0x00007f656a117759, pid=10353, tid=140073559742208
#
# JRE version: 6.0_32-b05
# Java VM: Java HotSpot(TM) 64-Bit Server VM (20.7-b02 mixed mode linux-amd64 compressed oops)
# Problematic frame:
# C  [libGL.so.1+0x91759]  __float128+0x25289
#
# If you would like to submit a bug report, please visit:
#   http://java.sun.com/webapps/bugreport/crash.jsp
# The crash happened outside the Java Virtual Machine in native code.
# See problematic frame for where to report the bug.
#

---------------  T H R E A D  ---------------

Current thread (0x00007f6574297800):  JavaThread "AWT-EventQueue-0" [_thread_in_native, id=10384, stack(0x00007f656ab55000,0x00007f656ac56000)]

siginfo:si_signo=SIGSEGV: si_errno=0, si_code=1 (SEGV_MAPERR), si_addr=0x00000000405d9000

Registers:
RAX=0x00000000405d9000, RBX=0x00000000422c42f8, RCX=0x00007f656a375ce0, RDX=0x00007f6569e52bc0
RSP=0x00007f656ac52e60, RBP=0x0000000000000001, RSI=0x00000000422c42f8, RDI=0x00007f656a375f40
R8 =0x0000000000009185, R9 =0x00007f65744a8bc0, R10=0x0000000000000000, R11=0x0000000000000206
R12=0x00007f656ac52e80, R13=0x0000000000000001, R14=0x00000000422c42f8, R15=0x00007f656a35a750
RIP=0x00007f656a117759, EFLAGS=0x0000000000010202, CSGSFS=0x0000000000000033, ERR=0x0000000000000004
  TRAPNO=0x000000000000000e

Top of Stack: (sp=0x00007f656ac52e60)
0x00007f656ac52e60:   00007f656ac52e80 00000000405d9000
0x00007f656ac52e70:   0000012c6ac52ec0 000000010000012c
0x00007f656ac52e80:   00000000405d9000 00007f6567cb2ee8
0x00007f656ac52e90:   0000000000000000 00007f656ac52f48
0x00007f656ac52ea0:   00007f656ac52f50 00007f65742979d0
0x00007f656ac52eb0:   0000000000000000 00007f656a11d7a9
0x00007f656ac52ec0:   0000000000000000 00007f656de3d33e
0x00007f656ac52ed0:   00007f656ac52f70 0000000005600031
0x00007f656ac52ee0:   00007f6569e6ef20 0000000000002871
0x00007f656ac52ef0:   00000000421b0f40 00007f656913f0b0
0x00007f656ac52f00:   000000009e962750 00007f6574130760
0x00007f656ac52f10:   00000000422c42b0 00000000420809d0
0x00007f656ac52f20:   000000009e962750 00007f656ac53058
0x00007f656ac52f30:   00007f6574297800 00007f656a0efe27
0x00007f656ac52f40:   00007f656de38298 00000000a4990280
0x00007f656ac52f50:   00000000a4990248 00007f656ac52f58
0x00007f656ac52f60:   000000009e978035 000000009e962750
0x00007f656ac52f70:   00007f656ac52fb0 0000000000000000
0x00007f656ac52f80:   000000009e962750 00007f656810cb42
0x00007f656ac52f90:   0000000005600031 00007f6574130760
0x00007f656ac52fa0:   00007f656ac53030 00007f65742979d0
0x00007f656ac52fb0:   00007f656ac53020 00007f656de3cb55
0x00007f656ac52fc0:   00007f656ac53000 000000009e93d338
0x00007f656ac52fd0:   000000009ec9b778 000000009e92b6a0
0x00007f656ac52fe0:   00007f656ac52fe0 0000000000000000
0x00007f656ac52ff0:   00007f656ac53058 000000009e9663b8
0x00007f656ac53000:   0000000000000000 000000009e962750
0x00007f656ac53010:   0000000000000000 00007f656ac53040
0x00007f656ac53020:   00007f656ac530a0 00007f656de2bb02
0x00007f656ac53030:   000000009e963a80 00007f656de38298
0x00007f656ac53040:   0000000005600031 00007f656ac530a0
0x00007f656ac53050:   00007f6574130760 00000000a5198450 

Instructions: (pc=0x00007f656a117759)
0x00007f656a117739:   44 3b 6c 24 1c 75 90 4c 8b 24 24 31 ed 48 8b 0d
0x00007f656a117749:   db bf 23 00 49 8b 04 24 4c 89 f6 ff c5 48 8b 11
0x00007f656a117759:   48 8b 38 ff 92 68 03 00 00 48 8b 15 bf bf 23 00
0x00007f656a117769:   48 89 c3 49 8b 3c 24 49 83 c4 08 48 8b 02 ff 90 

Register to memory mapping:

RAX=0x00000000405d9000 is an unknown value
RBX=0x00000000422c42f8 is an unknown value
RCX=0x00007f656a375ce0: <offset 0x2efce0> in /usr/lib/nvidia-current/libGL.so.1 at 0x00007f656a086000
RDX=0x00007f6569e52bc0: <offset 0x1ba7bc0> in /usr/lib/nvidia-current/libnvidia-glcore.so.260.19.06 at 0x00007f65682ab000
RSP=0x00007f656ac52e60 is pointing into the stack for thread: 0x00007f6574297800
RBP=0x0000000000000001 is an unknown value
RSI=0x00000000422c42f8 is an unknown value
RDI=0x00007f656a375f40: <offset 0x2eff40> in /usr/lib/nvidia-current/libGL.so.1 at 0x00007f656a086000
R8 =0x0000000000009185 is an unknown value
R9 =0x00007f65744a8bc0 is an unknown value
R10=0x0000000000000000 is an unknown value
R11=0x0000000000000206 is an unknown value
R12=0x00007f656ac52e80 is pointing into the stack for thread: 0x00007f6574297800
R13=0x0000000000000001 is an unknown value
R14=0x00000000422c42f8 is an unknown value
R15=0x00007f656a35a750: <offset 0x2d4750> in /usr/lib/nvidia-current/libGL.so.1 at 0x00007f656a086000


Stack: [0x00007f656ab55000,0x00007f656ac56000],  sp=0x00007f656ac52e60,  free space=1015k
Native frames: (J=compiled Java code, j=interpreted, Vv=VM code, C=native code)
C  [libGL.so.1+0x91759]  __float128+0x25289

Java frames: (J=compiled Java code, j=interpreted, Vv=VM code)
j  com.sun.opengl.impl.x11.GLX.glXSwapBuffers(JJ)V+0
j  com.sun.opengl.impl.x11.X11OnscreenGLDrawable.swapBuffers()V+38
j  com.sun.opengl.impl.GLDrawableHelper.invokeGL(Ljavax/media/opengl/GLDrawable;Ljavax/media/opengl/GLContext;Ljava/lang/Runnable;Ljava/lang/Runnable;)V+435
j  javax.media.opengl.GLCanvas.maybeDoSingleThreadedWorkaround(Ljava/lang/Runnable;Ljava/lang/Runnable;)V+36
j  javax.media.opengl.GLCanvas.display()V+9
j  javax.media.opengl.GLCanvas.paint(Ljava/awt/Graphics;)V+125
J  sun.awt.RepaintArea.paint(Ljava/lang/Object;Z)V
j  sun.awt.X11.XComponentPeer.handleEvent(Ljava/awt/AWTEvent;)V+224
j  java.awt.Component.dispatchEventImpl(Ljava/awt/AWTEvent;)V+861
J  java.awt.EventQueue.access$000(Ljava/awt/EventQueue;Ljava/awt/AWTEvent;Ljava/lang/Object;)V
J  java.awt.EventQueue$1.run()Ljava/lang/Object;
v  ~StubRoutines::call_stub
J  java.security.AccessController.doPrivileged(Ljava/security/PrivilegedAction;Ljava/security/AccessControlContext;)Ljava/lang/Object;
j  java.security.AccessControlContext$1.doIntersectionPrivilege(Ljava/security/PrivilegedAction;Ljava/security/AccessControlContext;Ljava/security/AccessControlContext;)Ljava/lang/Object;+28
j  java.security.AccessControlContext$1.doIntersectionPrivilege(Ljava/security/PrivilegedAction;Ljava/security/AccessControlContext;)Ljava/lang/Object;+6
j  java.awt.EventQueue$2.run()Ljava/lang/Void;+11
j  java.awt.EventQueue$2.run()Ljava/lang/Object;+1
v  ~StubRoutines::call_stub
J  java.security.AccessController.doPrivileged(Ljava/security/PrivilegedAction;Ljava/security/AccessControlContext;)Ljava/lang/Object;
J  java.awt.EventDispatchThread.pumpOneEventForFilters(I)Z
j  java.awt.EventDispatchThread.pumpEventsForFilter(ILjava/awt/Conditional;Ljava/awt/EventFilter;)V+30
j  java.awt.EventDispatchThread.pumpEventsForHierarchy(ILjava/awt/Conditional;Ljava/awt/Component;)V+11
j  java.awt.EventDispatchThread.pumpEvents(ILjava/awt/Conditional;)V+4
j  java.awt.EventDispatchThread.pumpEvents(Ljava/awt/Conditional;)V+3
j  java.awt.EventDispatchThread.run()V+9
v  ~StubRoutines::call_stub

---------------  P R O C E S S  ---------------

Java Threads: ( => current thread )
  0x00007f65743da800 JavaThread "NetPlotter" [_thread_blocked, id=10394, stack(0x00007f6567bb1000,0x00007f6567cb2000)]
  0x0000000042189000 JavaThread "Timer-0" daemon [_thread_blocked, id=10393, stack(0x00007f656a531000,0x00007f656a632000)]
  0x0000000041fdd000 JavaThread "TimerQueue" daemon [_thread_blocked, id=10392, stack(0x00007f656a632000,0x00007f656a733000)]
  0x0000000041f83000 JavaThread "Thread-1" [_thread_blocked, id=10386, stack(0x00007f656a834000,0x00007f656a935000)]
  0x0000000041b3e800 JavaThread "DestroyJavaVM" [_thread_blocked, id=10358, stack(0x00007f6578766000,0x00007f6578867000)]
  0x0000000041db6000 JavaThread "org.netbeans.modules.debugger.jpda.visual AWT Access Loop" daemon [_thread_blocked, id=10385, stack(0x00007f656aa54000,0x00007f656ab55000)]
=>0x00007f6574297800 JavaThread "AWT-EventQueue-0" [_thread_in_native, id=10384, stack(0x00007f656ab55000,0x00007f656ac56000)]
  0x00007f6574296800 JavaThread "AWT-Shutdown" [_thread_blocked, id=10383, stack(0x00007f656ac56000,0x00007f656ad57000)]
  0x0000000041d51800 JavaThread "AWT-XAWT" daemon [_thread_blocked, id=10382, stack(0x00007f656af76000,0x00007f656b077000)]
  0x0000000041d44000 JavaThread "Java2D Disposer" daemon [_thread_blocked, id=10381, stack(0x00007f656b077000,0x00007f656b178000)]
  0x00007f6574075800 JavaThread "Low Memory Detector" daemon [_thread_blocked, id=10379, stack(0x00007f656bb69000,0x00007f656bc6a000)]
  0x00007f6574072800 JavaThread "C2 CompilerThread1" daemon [_thread_blocked, id=10378, stack(0x00007f656bc6a000,0x00007f656bd6b000)]
  0x0000000041c3a800 JavaThread "C2 CompilerThread0" daemon [_thread_blocked, id=10377, stack(0x00007f656bd6b000,0x00007f656be6c000)]
  0x0000000041c2e000 JavaThread "JDWP Event Helper Thread" daemon [_thread_blocked, id=10373, stack(0x00007f656bf6d000,0x00007f656c06e000)]
  0x0000000041c2a800 JavaThread "JDWP Transport Listener: dt_socket" daemon [_thread_in_native, id=10371, stack(0x00007f656c06e000,0x00007f656c16f000)]
  0x0000000041c1f000 JavaThread "Signal Dispatcher" daemon [_thread_blocked, id=10370, stack(0x00007f656c273000,0x00007f656c374000)]
  0x0000000041c04800 JavaThread "Finalizer" daemon [_thread_blocked, id=10369, stack(0x00007f656c374000,0x00007f656c475000)]
  0x0000000041c02000 JavaThread "Reference Handler" daemon [_thread_blocked, id=10368, stack(0x00007f656c475000,0x00007f656c576000)]

Other Threads:
  0x0000000041bfc000 VMThread [stack: 0x00007f656c576000,0x00007f656c677000] [id=10367]
  0x00007f6574080800 WatcherThread [stack: 0x00007f656ba68000,0x00007f656bb69000] [id=10380]

VM state:not at safepoint (normal execution)

VM Mutex/Monitor currently owned by a thread: None

Heap
 PSYoungGen      total 85952K, used 67878K [0x00000000e0e00000, 0x00000000eca50000, 0x0000000100000000)
  eden space 84864K, 78% used [0x00000000e0e00000,0x00000000e4f40430,0x00000000e60e0000)
  from space 1088K, 97% used [0x00000000ec940000,0x00000000eca49768,0x00000000eca50000)
  to   space 20352K, 0% used [0x00000000ea290000,0x00000000ea290000,0x00000000eb670000)
 PSOldGen        total 63744K, used 47094K [0x00000000a2a00000, 0x00000000a6840000, 0x00000000e0e00000)
  object space 63744K, 73% used [0x00000000a2a00000,0x00000000a57fda38,0x00000000a6840000)
 PSPermGen       total 21440K, used 21409K [0x000000009d800000, 0x000000009ecf0000, 0x00000000a2a00000)
  object space 21440K, 99% used [0x000000009d800000,0x000000009ece84c0,0x000000009ecf0000)

Code Cache  [0x00007f656de26000, 0x00007f656e096000, 0x00007f6570e26000)
 total_blobs=1148 nmethods=421 adapters=689 free_code_cache=48470464 largest_free_block=6144

Dynamic libraries:
40000000-40009000 r-xp 00000000 08:08 5900415                            /users/oconnorp/Programs/jdk1.6.0_32/jre/bin/java
40108000-4010a000 rwxp 00008000 08:08 5900415                            /users/oconnorp/Programs/jdk1.6.0_32/jre/bin/java
41af6000-42bf9000 rwxp 00000000 00:00 0                                  [heap]
9d800000-9ecf0000 rwxp 00000000 00:00 0 
9ecf0000-a2a00000 rwxp 00000000 00:00 0 
a2a00000-a6840000 rwxp 00000000 00:00 0 
a6840000-e0e00000 rwxp 00000000 00:00 0 
e0e00000-eca50000 rwxp 00000000 00:00 0 
eca50000-ef0a0000 ---p 00000000 00:00 0 
ef0a0000-100000000 rwxp 00000000 00:00 0 
7f6567607000-7f6567807000 rwxs b3aa9000 00:05 8245                       /dev/nvidia0
7f65679d0000-7f6567bb1000 rwxs 00000000 00:04 21921807                   /SYSV00000000 (deleted)
7f6567bb1000-7f6567bb4000 ---p 00000000 00:00 0 
7f6567bb4000-7f6567cb2000 rwxp 00000000 00:00 0 
7f6567cb2000-7f6567cb4000 r-xp 00000000 08:08 6425745                    /users/oconnorp/Desktop/JAER/trunk/host/java/subprojects/JSpikeStack/jars/libjogl_awt.so
7f6567cb4000-7f6567db3000 ---p 00002000 08:08 6425745                    /users/oconnorp/Desktop/JAER/trunk/host/java/subprojects/JSpikeStack/jars/libjogl_awt.so
7f6567db3000-7f6567db4000 rwxp 00001000 08:08 6425745                    /users/oconnorp/Desktop/JAER/trunk/host/java/subprojects/JSpikeStack/jars/libjogl_awt.so
7f6567db4000-7f6567db5000 r-xp 00000000 08:08 5901041                    /users/oconnorp/Programs/jdk1.6.0_32/jre/lib/amd64/libjawt.so
7f6567db5000-7f6567eb4000 ---p 00001000 08:08 5901041                    /users/oconnorp/Programs/jdk1.6.0_32/jre/lib/amd64/libjawt.so
7f6567eb4000-7f6567eb5000 rwxp 00000000 08:08 5901041                    /users/oconnorp/Programs/jdk1.6.0_32/jre/lib/amd64/libjawt.so
7f6567eb5000-7f6567eba000 r-xp 00000000 08:02 526129                     /usr/lib/libXxf86vm.so.1.0.0
7f6567eba000-7f65680b9000 ---p 00005000 08:02 526129                     /usr/lib/libXxf86vm.so.1.0.0
7f65680b9000-7f65680ba000 r-xp 00004000 08:02 526129                     /usr/lib/libXxf86vm.so.1.0.0
7f65680ba000-7f65680bb000 rwxp 00005000 08:02 526129                     /usr/lib/libXxf86vm.so.1.0.0
7f65680bb000-7f65681aa000 r-xp 00000000 08:08 6425744                    /users/oconnorp/Desktop/JAER/trunk/host/java/subprojects/JSpikeStack/jars/libjogl.so
7f65681aa000-7f65682aa000 ---p 000ef000 08:08 6425744                    /users/oconnorp/Desktop/JAER/trunk/host/java/subprojects/JSpikeStack/jars/libjogl.so
7f65682aa000-7f65682ab000 rwxp 000ef000 08:08 6425744                    /users/oconnorp/Desktop/JAER/trunk/host/java/subprojects/JSpikeStack/jars/libjogl.so
7f65682ab000-7f6569693000 r-xp 00000000 08:02 666465                     /usr/lib/nvidia-current/libnvidia-glcore.so.260.19.06
7f6569693000-7f6569892000 ---p 013e8000 08:02 666465                     /usr/lib/nvidia-current/libnvidia-glcore.so.260.19.06
7f6569892000-7f6569e6e000 rwxp 013e7000 08:02 666465                     /usr/lib/nvidia-current/libnvidia-glcore.so.260.19.06
7f6569e6e000-7f6569e84000 rwxp 00000000 00:00 0 
7f6569e84000-7f6569e85000 r-xp 00000000 08:02 666460                     /usr/lib/nvidia-current/tls/libnvidia-tls.so.260.19.06
7f6569e85000-7f656a085000 ---p 00001000 08:02 666460                     /usr/lib/nvidia-current/tls/libnvidia-tls.so.260.19.06
7f656a085000-7f656a086000 rwxp 00001000 08:02 666460                     /usr/lib/nvidia-current/tls/libnvidia-tls.so.260.19.06
7f656a086000-7f656a13d000 r-xp 00000000 08:02 666455                     /usr/lib/nvidia-current/libGL.so.260.19.06
7f656a13d000-7f656a33d000 ---p 000b7000 08:02 666455                     /usr/lib/nvidia-current/libGL.so.260.19.06
7f656a33d000-7f656a375000 rwxp 000b7000 08:02 666455                     /usr/lib/nvidia-current/libGL.so.260.19.06
7f656a375000-7f656a38b000 rwxp 00000000 00:00 0 
7f656a38b000-7f656a38c000 r-xp 00000000 08:08 6425422                    /users/oconnorp/Desktop/JAER/trunk/host/java/subprojects/JSpikeStack/jars/libgluegen-rt.so
7f656a38c000-7f656a48b000 ---p 00001000 08:08 6425422                    /users/oconnorp/Desktop/JAER/trunk/host/java/subprojects/JSpikeStack/jars/libgluegen-rt.so
7f656a48b000-7f656a48c000 rwxp 00000000 08:08 6425422                    /users/oconnorp/Desktop/JAER/trunk/host/java/subprojects/JSpikeStack/jars/libgluegen-rt.so
7f656a531000-7f656a534000 ---p 00000000 00:00 0 
7f656a534000-7f656a632000 rwxp 00000000 00:00 0 
7f656a632000-7f656a635000 ---p 00000000 00:00 0 
7f656a635000-7f656a733000 rwxp 00000000 00:00 0 
7f656a733000-7f656a736000 ---p 00000000 00:00 0 
7f656a736000-7f656a834000 rwxp 00000000 00:00 0 
7f656a834000-7f656a837000 ---p 00000000 00:00 0 
7f656a837000-7f656a935000 rwxp 00000000 00:00 0 
7f656a935000-7f656a936000 r-xs 00000000 08:02 1706781                    /var/cache/fontconfig/c05880de57d1f5e948fdfacc138775d9-le64.cache-3
7f656a936000-7f656a93f000 r-xs 00000000 08:02 1706778                    /var/cache/fontconfig/945677eb7aeaf62f1d50efc3fb3ec7d8-le64.cache-3
7f656a93f000-7f656a941000 r-xs 00000000 08:02 1706779                    /var/cache/fontconfig/99e8ed0e538f840c565b6ed5dad60d56-le64.cache-3
7f656a941000-7f656a944000 r-xs 00000000 08:02 1706788                    /var/cache/fontconfig/e383d7ea5fbe662a33d9b44caf393297-le64.cache-3
7f656a944000-7f656a947000 r-xs 00000000 08:02 1704604                    /var/cache/fontconfig/2cd17615ca594fa2959ae173292e504c-le64.cache-3
7f656a947000-7f656a948000 r-xs 00000000 08:02 1706789                    /var/cache/fontconfig/e7071f4a29fa870f4323321c154eba04-le64.cache-3
7f656a948000-7f656a94b000 r-xs 00000000 08:02 1704494                    /var/cache/fontconfig/b5ea634b0fb353b8ea17632d1f9ef766-le64.cache-3
7f656a94b000-7f656a94f000 r-xs 00000000 08:02 1706775                    /var/cache/fontconfig/6eb3985aa4124903f6ff08ba781cd364-le64.cache-3
7f656a94f000-7f656a950000 r-xs 00000000 08:02 1706771                    /var/cache/fontconfig/4c73fe0c47614734b17d736dbde7580a-le64.cache-3
7f656a950000-7f656a951000 r-xs 00000000 08:02 1706764                    /var/cache/fontconfig/0d8c3b2ac0904cb8a57a757ad11a4a08-le64.cache-3
7f656a951000-7f656a952000 r-xs 00000000 08:02 1706773                    /var/cache/fontconfig/6a53c69dea097a2d716e069445527da8-le64.cache-3
7f656a952000-7f656a958000 r-xs 00000000 08:02 1706780                    /var/cache/fontconfig/a755afe4a08bf5b97852ceb7400b47bc-le64.cache-3
7f656a958000-7f656a961000 r-xs 00000000 08:02 1704816                    /var/cache/fontconfig/6d41288fd70b0be22e8c3a91e032eec0-le64.cache-3
7f656a961000-7f656a971000 r-xs 00000000 08:02 1706765                    /var/cache/fontconfig/0f34bcd4b6ee430af32735b75db7f02b-le64.cache-3
7f656a971000-7f656a974000 r-xs 00000000 08:02 1706785                    /var/cache/fontconfig/d60319d88cac85ba9e1a07bd06cfbb8c-le64.cache-3
7f656a974000-7f656a975000 r-xs 00000000 08:02 1706423                    /var/cache/fontconfig/4794a0821666d79190d59a36cb4f44b5-le64.cache-3
7f656a975000-7f656a97f000 r-xs 00000000 08:02 1706784                    /var/cache/fontconfig/d52a8644073d54c13679302ca1180695-le64.cache-3
7f656a97f000-7f656a992000 r-xs 00000000 08:02 1703478                    /var/cache/fontconfig/e13b20fdb08344e0e664864cc2ede53d-le64.cache-3
7f656aa54000-7f656aa57000 ---p 00000000 00:00 0 
7f656aa57000-7f656ab55000 rwxp 00000000 00:00 0 
7f656ab55000-7f656ab58000 ---p 00000000 00:00 0 
7f656ab58000-7f656ac56000 rwxp 00000000 00:00 0 
7f656ac56000-7f656ac59000 ---p 00000000 00:00 0 
7f656ac59000-7f656ad57000 rwxp 00000000 00:00 0 
7f656ad57000-7f656ad5e000 r-xp 00000000 08:08 5901017                    /users/oconnorp/Programs/jdk1.6.0_32/jre/lib/amd64/libnio.so
7f656ad5e000-7f656ae5d000 ---p 00007000 08:08 5901017                    /users/oconnorp/Programs/jdk1.6.0_32/jre/lib/amd64/libnio.so
7f656ae5d000-7f656ae5f000 rwxp 00006000 08:08 5901017                    /users/oconnorp/Programs/jdk1.6.0_32/jre/lib/amd64/libnio.so
7f656ae5f000-7f656ae72000 r-xp 00000000 08:08 5901016                    /users/oconnorp/Programs/jdk1.6.0_32/jre/lib/amd64/libnet.so
7f656ae72000-7f656af73000 ---p 00013000 08:08 5901016                    /users/oconnorp/Programs/jdk1.6.0_32/jre/lib/amd64/libnet.so
7f656af73000-7f656af76000 rwxp 00014000 08:08 5901016                    /users/oconnorp/Programs/jdk1.6.0_32/jre/lib/amd64/libnet.so
7f656af76000-7f656af79000 ---p 00000000 00:00 0 
7f656af79000-7f656b077000 rwxp 00000000 00:00 0 
7f656b077000-7f656b07a000 ---p 00000000 00:00 0 
7f656b07a000-7f656b178000 rwxp 00000000 00:00 0 
7f656b178000-7f656b1f1000 r-xp 00000000 08:08 5901025                    /users/oconnorp/Programs/jdk1.6.0_32/jre/lib/amd64/libfontmanager.so
7f656b1f1000-7f656b2f0000 ---p 00079000 08:08 5901025                    /users/oconnorp/Programs/jdk1.6.0_32/jre/lib/amd64/libfontmanager.so
7f656b2f0000-7f656b305000 rwxp 00078000 08:08 5901025                    /users/oconnorp/Programs/jdk1.6.0_32/jre/lib/amd64/libfontmanager.so
7f656b305000-7f656b317000 rwxp 00000000 00:00 0 
7f656b317000-7f656b325000 r-xp 00000000 08:02 526099                     /usr/lib/libXi.so.6.1.0
7f656b325000-7f656b525000 ---p 0000e000 08:02 526099                     /usr/lib/libXi.so.6.1.0
7f656b525000-7f656b526000 r-xp 0000e000 08:02 526099                     /usr/lib/libXi.so.6.1.0
7f656b526000-7f656b527000 rwxp 0000f000 08:02 526099                     /usr/lib/libXi.so.6.1.0
7f656b527000-7f656b52c000 r-xp 00000000 08:02 526119                     /usr/lib/libXtst.so.6.1.0
7f656b52c000-7f656b72c000 ---p 00005000 08:02 526119                     /usr/lib/libXtst.so.6.1.0
7f656b72c000-7f656b72d000 r-xp 00005000 08:02 526119                     /usr/lib/libXtst.so.6.1.0
7f656b72d000-7f656b72e000 rwxp 00006000 08:02 526119                     /usr/lib/libXtst.so.6.1.0
7f656b733000-7f656b737000 r-xs 00000000 08:02 1704562                    /var/cache/fontconfig/7ef2298fde41cc6eeb7af42e48b7d293-le64.cache-3
7f656b737000-7f656b74b000 r-xs 00000000 08:02 1717119                    /var/cache/fontconfig/865f88548240fee46819705c6468c165-le64.cache-3
7f656b74b000-7f656b78d000 r-xp 00000000 08:08 5901014                    /users/oconnorp/Programs/jdk1.6.0_32/jre/lib/amd64/xawt/libmawt.so
7f656b78d000-7f656b88c000 ---p 00042000 08:08 5901014                    /users/oconnorp/Programs/jdk1.6.0_32/jre/lib/amd64/xawt/libmawt.so
7f656b88c000-7f656b898000 rwxp 00041000 08:08 5901014                    /users/oconnorp/Programs/jdk1.6.0_32/jre/lib/amd64/xawt/libmawt.so
7f656b898000-7f656b899000 rwxp 00000000 00:00 0 
7f656b899000-7f656b92b000 r-xp 00000000 08:08 5901061                    /users/oconnorp/Programs/jdk1.6.0_32/jre/lib/amd64/libawt.so
7f656b92b000-7f656ba2a000 ---p 00092000 08:08 5901061                    /users/oconnorp/Programs/jdk1.6.0_32/jre/lib/amd64/libawt.so
7f656ba2a000-7f656ba44000 rwxp 00091000 08:08 5901061                    /users/oconnorp/Programs/jdk1.6.0_32/jre/lib/amd64/libawt.so
7f656ba44000-7f656ba68000 rwxp 00000000 00:00 0 
7f656ba68000-7f656ba69000 ---p 00000000 00:00 0 
7f656ba69000-7f656bb69000 rwxp 00000000 00:00 0 
7f656bb69000-7f656bb6c000 ---p 00000000 00:00 0 
7f656bb6c000-7f656bc6a000 rwxp 00000000 00:00 0 
7f656bc6a000-7f656bc6d000 ---p 00000000 00:00 0 
7f656bc6d000-7f656bd6b000 rwxp 00000000 00:00 0 
7f656bd6b000-7f656bd6e000 ---p 00000000 00:00 0 
7f656bd6e000-7f656be6c000 rwxp 00000000 00:00 0 
7f656be6c000-7f656be6f000 ---p 00000000 00:00 0 
7f656be6f000-7f656bf6d000 rwxp 00000000 00:00 0 
7f656bf6d000-7f656bf70000 ---p 00000000 00:00 0 
7f656bf70000-7f656c06e000 rwxp 00000000 00:00 0 
7f656c06e000-7f656c071000 ---p 00000000 00:00 0 
7f656c071000-7f656c16f000 rwxp 00000000 00:00 0 
7f656c16f000-7f656c172000 r-xp 00000000 08:08 5901052                    /users/oconnorp/Programs/jdk1.6.0_32/jre/lib/amd64/libdt_socket.so
7f656c172000-7f656c271000 ---p 00003000 08:08 5901052                    /users/oconnorp/Programs/jdk1.6.0_32/jre/lib/amd64/libdt_socket.so
7f656c271000-7f656c273000 rwxp 00002000 08:08 5901052                    /users/oconnorp/Programs/jdk1.6.0_32/jre/lib/amd64/libdt_socket.so
7f656c273000-7f656c276000 ---p 00000000 00:00 0 
7f656c276000-7f656c374000 rwxp 00000000 00:00 0 
7f656c374000-7f656c377000 ---p 00000000 00:00 0 
7f656c377000-7f656c475000 rwxp 00000000 00:00 0 
7f656c475000-7f656c478000 ---p 00000000 00:00 0 
7f656c478000-7f656c576000 rwxp 00000000 00:00 0 
7f656c576000-7f656c577000 ---p 00000000 00:00 0 
7f656c577000-7f656cf80000 rwxp 00000000 00:00 0 
7f656cf80000-7f656d117000 r-xs 03079000 08:08 5901816                    /users/oconnorp/Programs/jdk1.6.0_32/jre/lib/rt.jar
7f656d117000-7f656d118000 ---p 00000000 00:00 0 
7f656d118000-7f656d218000 rwxp 00000000 00:00 0 
7f656d218000-7f656d219000 ---p 00000000 00:00 0 
7f656d219000-7f656d319000 rwxp 00000000 00:00 0 
7f656d319000-7f656d31a000 ---p 00000000 00:00 0 
7f656d31a000-7f656d41a000 rwxp 00000000 00:00 0 
7f656d41a000-7f656d41b000 ---p 00000000 00:00 0 
7f656d41b000-7f656d51b000 rwxp 00000000 00:00 0 
7f656d51b000-7f656d51c000 ---p 00000000 00:00 0 
7f656d51c000-7f656d61c000 rwxp 00000000 00:00 0 
7f656d61c000-7f656d61d000 ---p 00000000 00:00 0 
7f656d61d000-7f656d71d000 rwxp 00000000 00:00 0 
7f656d71d000-7f656d71e000 ---p 00000000 00:00 0 
7f656d71e000-7f656d81e000 rwxp 00000000 00:00 0 
7f656d81e000-7f656d81f000 ---p 00000000 00:00 0 
7f656d81f000-7f656d93f000 rwxp 00000000 00:00 0 
7f656d93f000-7f656db11000 rwxp 00000000 00:00 0 
7f656db11000-7f656db1c000 rwxp 00000000 00:00 0 
7f656db1c000-7f656db3a000 rwxp 00000000 00:00 0 
7f656db3a000-7f656db5a000 rwxp 00000000 00:00 0 
7f656db5a000-7f656dd2c000 rwxp 00000000 00:00 0 
7f656dd2c000-7f656dd8b000 rwxp 00000000 00:00 0 
7f656dd8b000-7f656dd9e000 ---p 00000000 00:00 0 
7f656dd9e000-7f656de25000 rwxp 00000000 00:00 0 
7f656de25000-7f656e096000 rwxp 00000000 00:00 0 
7f656e096000-7f6570e26000 rwxp 00000000 00:00 0 
7f6570e26000-7f6570e34000 r-xp 00000000 08:08 5901027                    /users/oconnorp/Programs/jdk1.6.0_32/jre/lib/amd64/libzip.so
7f6570e34000-7f6570f36000 ---p 0000e000 08:08 5901027                    /users/oconnorp/Programs/jdk1.6.0_32/jre/lib/amd64/libzip.so
7f6570f36000-7f6570f39000 rwxp 00010000 08:08 5901027                    /users/oconnorp/Programs/jdk1.6.0_32/jre/lib/amd64/libzip.so
7f6570f39000-7f6570f3a000 rwxp 00000000 00:00 0 
7f6570f3a000-7f6570f3f000 r-xp 00000000 08:02 1458517                    /lib/libnss_dns-2.12.1.so
7f6570f3f000-7f657113e000 ---p 00005000 08:02 1458517                    /lib/libnss_dns-2.12.1.so
7f657113e000-7f657113f000 r-xp 00004000 08:02 1458517                    /lib/libnss_dns-2.12.1.so
7f657113f000-7f6571140000 rwxp 00005000 08:02 1458517                    /lib/libnss_dns-2.12.1.so
7f6571140000-7f6571142000 r-xp 00000000 08:02 1439093                    /lib/libnss_mdns4_minimal.so.2
7f6571142000-7f6571341000 ---p 00002000 08:02 1439093                    /lib/libnss_mdns4_minimal.so.2
7f6571341000-7f6571342000 r-xp 00001000 08:02 1439093                    /lib/libnss_mdns4_minimal.so.2
7f6571342000-7f6571343000 rwxp 00002000 08:02 1439093                    /lib/libnss_mdns4_minimal.so.2
7f6571343000-7f6571346000 r-xp 00000000 08:02 1439061                    /lib/libgpg-error.so.0.4.0
7f6571346000-7f6571545000 ---p 00003000 08:02 1439061                    /lib/libgpg-error.so.0.4.0
7f6571545000-7f6571546000 r-xp 00002000 08:02 1439061                    /lib/libgpg-error.so.0.4.0
7f6571546000-7f6571547000 rwxp 00003000 08:02 1439061                    /lib/libgpg-error.so.0.4.0
7f6571547000-7f65715bb000 r-xp 00000000 08:02 1439057                    /lib/libgcrypt.so.11.5.3
7f65715bb000-7f65717bb000 ---p 00074000 08:02 1439057                    /lib/libgcrypt.so.11.5.3
7f65717bb000-7f65717bc000 r-xp 00074000 08:02 1439057                    /lib/libgcrypt.so.11.5.3
7f65717bc000-7f65717bf000 rwxp 00075000 08:02 1439057                    /lib/libgcrypt.so.11.5.3
7f65717bf000-7f65717d5000 r-xp 00000000 08:02 1439170                    /lib/libz.so.1.2.3.4
7f65717d5000-7f65719d5000 ---p 00016000 08:02 1439170                    /lib/libz.so.1.2.3.4
7f65719d5000-7f65719d6000 r-xp 00016000 08:02 1439170                    /lib/libz.so.1.2.3.4
7f65719d6000-7f65719d7000 rwxp 00017000 08:02 1439170                    /lib/libz.so.1.2.3.4
7f65719d7000-7f65719e7000 r-xp 00000000 08:02 526942                     /usr/lib/libtasn1.so.3.1.9
7f65719e7000-7f6571be6000 ---p 00010000 08:02 526942                     /usr/lib/libtasn1.so.3.1.9
7f6571be6000-7f6571be7000 r-xp 0000f000 08:02 526942                     /usr/lib/libtasn1.so.3.1.9
7f6571be7000-7f6571be8000 rwxp 00010000 08:02 526942                     /usr/lib/libtasn1.so.3.1.9
7f6571be8000-7f6571bea000 r-xp 00000000 08:02 1439069                    /lib/libkeyutils.so.1.3
7f6571bea000-7f6571de9000 ---p 00002000 08:02 1439069                    /lib/libkeyutils.so.1.3
7f6571de9000-7f6571dea000 r-xp 00001000 08:02 1439069                    /lib/libkeyutils.so.1.3
7f6571dea000-7f6571deb000 rwxp 00002000 08:02 1439069                    /lib/libkeyutils.so.1.3
7f6571deb000-7f6571df2000 r-xp 00000000 08:02 527117                     /usr/lib/libkrb5support.so.0.1
7f6571df2000-7f6571ff1000 ---p 00007000 08:02 527117                     /usr/lib/libkrb5support.so.0.1
7f6571ff1000-7f6571ff2000 r-xp 00006000 08:02 527117                     /usr/lib/libkrb5support.so.0.1
7f6571ff2000-7f6571ff3000 rwxp 00007000 08:02 527117                     /usr/lib/libkrb5support.so.0.1
7f6571ff3000-7f6572017000 r-xp 00000000 08:02 526265                     /usr/lib/libk5crypto.so.3.1
7f6572017000-7f6572217000 ---p 00024000 08:02 526265                     /usr/lib/libk5crypto.so.3.1
7f6572217000-7f6572218000 r-xp 00024000 08:02 526265                     /usr/lib/libk5crypto.so.3.1
7f6572218000-7f6572219000 rwxp 00025000 08:02 526265                     /usr/lib/libk5crypto.so.3.1
7f6572219000-7f65722b3000 r-xp 00000000 08:02 525012                     /usr/lib/libgnutls.so.26.14.12
7f65722b3000-7f65724b3000 ---p 0009a000 08:02 525012                     /usr/lib/libgnutls.so.26.14.12
7f65724b3000-7f65724b9000 r-xp 0009a000 08:02 525012                     /usr/lib/libgnutls.so.26.14.12
7f65724b9000-7f65724ba000 rwxp 000a0000 08:02 525012                     /usr/lib/libgnutls.so.26.14.12
7f65724ba000-7f65724d0000 r-xp 00000000 08:02 1458530                    /lib/libresolv-2.12.1.so
7f65724d0000-7f65726cf000 ---p 00016000 08:02 1458530                    /lib/libresolv-2.12.1.so
7f65726cf000-7f65726d0000 r-xp 00015000 08:02 1458530                    /lib/libresolv-2.12.1.so
7f65726d0000-7f65726d1000 rwxp 00016000 08:02 1458530                    /lib/libresolv-2.12.1.so
7f65726d1000-7f65726d3000 rwxp 00000000 00:00 0 
7f65726d3000-7f6572705000 r-xp 00000000 08:02 529493                     /usr/lib/libgssapi_krb5.so.2.2
7f6572705000-7f6572905000 ---p 00032000 08:02 529493                     /usr/lib/libgssapi_krb5.so.2.2
7f6572905000-7f6572906000 r-xp 00032000 08:02 529493                     /usr/lib/libgssapi_krb5.so.2.2
7f6572906000-7f6572907000 rwxp 00033000 08:02 529493                     /usr/lib/libgssapi_krb5.so.2.2
7f6572907000-7f657290a000 r-xp 00000000 08:02 1439028                    /lib/libcom_err.so.2.1
7f657290a000-7f6572b09000 ---p 00003000 08:02 1439028                    /lib/libcom_err.so.2.1
7f6572b09000-7f6572b0a000 r-xp 00002000 08:02 1439028                    /lib/libcom_err.so.2.1
7f6572b0a000-7f6572b0b000 rwxp 00003000 08:02 1439028                    /lib/libcom_err.so.2.1
7f6572b0b000-7f6572bc4000 r-xp 00000000 08:02 537775                     /usr/lib/libkrb5.so.3.3
7f6572bc4000-7f6572dc3000 ---p 000b9000 08:02 537775                     /usr/lib/libkrb5.so.3.3
7f6572dc3000-7f6572dcc000 r-xp 000b8000 08:02 537775                     /usr/lib/libkrb5.so.3.3
7f6572dcc000-7f6572dcd000 rwxp 000c1000 08:02 537775                     /usr/lib/libkrb5.so.3.3
7f6572dcd000-7f6572de6000 r-xp 00000000 08:02 526884                     /usr/lib/libsasl2.so.2.0.23
7f6572de6000-7f6572fe5000 ---p 00019000 08:02 526884                     /usr/lib/libsasl2.so.2.0.23
7f6572fe5000-7f6572fe6000 r-xp 00018000 08:02 526884                     /usr/lib/libsasl2.so.2.0.23
7f6572fe6000-7f6572fe7000 rwxp 00019000 08:02 526884                     /usr/lib/libsasl2.so.2.0.23
7f6572fe7000-7f6572ff4000 r-xp 00000000 08:02 523653                     /usr/lib/liblber-2.4.so.2.5.6
7f6572ff4000-7f65731f3000 ---p 0000d000 08:02 523653                     /usr/lib/liblber-2.4.so.2.5.6
7f65731f3000-7f65731f4000 r-xp 0000c000 08:02 523653                     /usr/lib/liblber