#
# A fatal error has been detected by the Java Runtime Environment:
#
#  SIGSEGV (0xb) at pc=0x00007f36ad6a8759, pid=30416, tid=139872825546496
#
# JRE version: 6.0_32-b05
# Java VM: Java HotSpot(TM) 64-Bit Server VM (20.7-b02 mixed mode linux-amd64 compressed oops)
# Problematic frame:
# C  [libGL.so.1+0x91759]  __float128+0x25289
#
# If you would like to submit a bug report, please visit:
#   http://java.sun.com/webapps/bugreport/crash.jsp
# The crash happened outside the Java Virtual Machine in native code.
# See problematic frame for where to report the bug.
#

---------------  T H R E A D  ---------------

Current thread (0x000000004268a800):  JavaThread "AWT-EventQueue-0" [_thread_in_native, id=30447, stack(0x00007f36ae049000,0x00007f36ae14a000)]

siginfo:si_signo=SIGSEGV: si_errno=0, si_code=1 (SEGV_MAPERR), si_addr=0x0000000041e79000

Registers:
RAX=0x0000000041e79000, RBX=0x0000000042e27ab8, RCX=0x00007f36ad906ce0, RDX=0x00007f36ad3e3bc0
RSP=0x00007f36ae146b70, RBP=0x0000000000000001, RSI=0x0000000042e27ab8, RDI=0x00007f36ad906f40
R8 =0x0000000000000fa8, R9 =0x0000000042abbab0, R10=0x0000000000000000, R11=0x0000000000000206
R12=0x00007f36ae146b90, R13=0x0000000000000001, R14=0x0000000042e27ab8, R15=0x00007f36ad8eb750
RIP=0x00007f36ad6a8759, EFLAGS=0x0000000000010202, CSGSFS=0x0000000000000033, ERR=0x0000000000000004
  TRAPNO=0x000000000000000e

Top of Stack: (sp=0x00007f36ae146b70)
0x00007f36ae146b70:   00007f36ae146b90 0000000041e79000
0x00007f36ae146b80:   0000012cae146bd0 000000010000012c
0x00007f36ae146b90:   0000000041e79000 00007f36ab243ee8
0x00007f36ae146ba0:   0000000000000000 00007f36ae146c58
0x00007f36ae146bb0:   00007f36ae146c60 000000004268a9d0
0x00007f36ae146bc0:   0000000000000000 00007f36ad6ae7a9
0x00007f36ae146bd0:   0000000000000000 00007f36b0e0d33e
0x00007f36ae146be0:   00007f36ae146c48 0000000005a00037
0x00007f36ae146bf0:   00007f36ad3fff20 00000000000076d0
0x00007f36ae146c00:   000000004249fde0 00007f36ac6d00b0
0x00007f36ae146c10:   000000009ea1b6b0 0000000042212ce0
0x00007f36ae146c20:   0000000042e27a70 0000000042dbcc00
0x00007f36ae146c30:   000000009ea1b6b0 00007f36ae146d68
0x00007f36ae146c40:   000000004268a800 00007f36ad680e27
0x00007f36ae146c50:   00007f36b0e08298 00000000a4329488
0x00007f36ae146c60:   00000000a4329450 00007f36ae146c68
0x00007f36ae146c70:   000000009ea31555 000000009ea1b6b0
0x00007f36ae146c80:   00007f36ae146cc0 0000000000000000
0x00007f36ae146c90:   000000009ea1b6b0 00007f36ab69db42
0x00007f36ae146ca0:   0000000005a00037 0000000042212ce0
0x00007f36ae146cb0:   00007f36ae146d40 000000004268a9d0
0x00007f36ae146cc0:   00007f36ae146d30 00007f36b0e0cb55
0x00007f36ae146cd0:   00007f36ae146d10 000000009e9f5d78
0x00007f36ae146ce0:   0000000000000000 000000009e9e3f98
0x00007f36ae146cf0:   00007f36ae146cf0 0000000000000000
0x00007f36ae146d00:   00007f36ae146d68 000000009ea1f528
0x00007f36ae146d10:   0000000000000000 000000009ea1b6b0
0x00007f36ae146d20:   0000000000000000 00007f36ae146d50
0x00007f36ae146d30:   00007f36ae146db0 00007f36b0dfbb02
0x00007f36ae146d40:   000000009ea1c9e0 00007f36b0e08298
0x00007f36ae146d50:   0000000005a00037 00007f36ae146db0
0x00007f36ae146d60:   0000000042212ce0 00000000a4f9be20 

Instructions: (pc=0x00007f36ad6a8759)
0x00007f36ad6a8739:   44 3b 6c 24 1c 75 90 4c 8b 24 24 31 ed 48 8b 0d
0x00007f36ad6a8749:   db bf 23 00 49 8b 04 24 4c 89 f6 ff c5 48 8b 11
0x00007f36ad6a8759:   48 8b 38 ff 92 68 03 00 00 48 8b 15 bf bf 23 00
0x00007f36ad6a8769:   48 89 c3 49 8b 3c 24 49 83 c4 08 48 8b 02 ff 90 

Register to memory mapping:

RAX=0x0000000041e79000 is an unknown value
RBX=0x0000000042e27ab8 is an unknown value
RCX=0x00007f36ad906ce0: <offset 0x2efce0> in /usr/lib/nvidia-current/libGL.so.1 at 0x00007f36ad617000
RDX=0x00007f36ad3e3bc0: <offset 0x1ba7bc0> in /usr/lib/nvidia-current/libnvidia-glcore.so.260.19.06 at 0x00007f36ab83c000
RSP=0x00007f36ae146b70 is pointing into the stack for thread: 0x000000004268a800
RBP=0x0000000000000001 is an unknown value
RSI=0x0000000042e27ab8 is an unknown value
RDI=0x00007f36ad906f40: <offset 0x2eff40> in /usr/lib/nvidia-current/libGL.so.1 at 0x00007f36ad617000
R8 =0x0000000000000fa8 is an unknown value
R9 =0x0000000042abbab0 is an unknown value
R10=0x0000000000000000 is an unknown value
R11=0x0000000000000206 is an unknown value
R12=0x00007f36ae146b90 is pointing into the stack for thread: 0x000000004268a800
R13=0x0000000000000001 is an unknown value
R14=0x0000000042e27ab8 is an unknown value
R15=0x00007f36ad8eb750: <offset 0x2d4750> in /usr/lib/nvidia-current/libGL.so.1 at 0x00007f36ad617000


Stack: [0x00007f36ae049000,0x00007f36ae14a000],  sp=0x00007f36ae146b70,  free space=1014k
Native frames: (J=compiled Java code, j=interpreted, Vv=VM code, C=native code)
C  [libGL.so.1+0x91759]  __float128+0x25289

Java frames: (J=compiled Java code, j=interpreted, Vv=VM code)
j  com.sun.opengl.impl.x11.GLX.glXSwapBuffers(JJ)V+0
j  com.sun.opengl.impl.x11.X11OnscreenGLDrawable.swapBuffers()V+38
j  com.sun.opengl.impl.GLDrawableHelper.invokeGL(Ljavax/media/opengl/GLDrawable;Ljavax/media/opengl/GLContext;Ljava/lang/Runnable;Ljava/lang/Runnable;)V+435
j  javax.media.opengl.GLCanvas.maybeDoSingleThreadedWorkaround(Ljava/lang/Runnable;Ljava/lang/Runnable;)V+36
j  javax.media.opengl.GLCanvas.display()V+9
j  javax.media.opengl.GLCanvas.paint(Ljava/awt/Graphics;)V+125
j  javax.media.opengl.GLCanvas.update(Ljava/awt/Graphics;)V+2
j  sun.awt.RepaintArea.updateComponent(Ljava/awt/Component;Ljava/awt/Graphics;)V+6
j  sun.awt.X11.XRepaintArea.updateComponent(Ljava/awt/Component;Ljava/awt/Graphics;)V+23
j  sun.awt.RepaintArea.paint(Ljava/lang/Object;Z)V+263
j  sun.awt.X11.XComponentPeer.handleEvent(Ljava/awt/AWTEvent;)V+224
j  java.awt.Component.dispatchEventImpl(Ljava/awt/AWTEvent;)V+861
j  java.awt.Component.dispatchEvent(Ljava/awt/AWTEvent;)V+2
j  java.awt.EventQueue.dispatchEventImpl(Ljava/awt/AWTEvent;Ljava/lang/Object;)V+41
j  java.awt.EventQueue.access$000(Ljava/awt/EventQueue;Ljava/awt/AWTEvent;Ljava/lang/Object;)V+3
j  java.awt.EventQueue$1.run()Ljava/lang/Void;+12
j  java.awt.EventQueue$1.run()Ljava/lang/Object;+1
v  ~StubRoutines::call_stub
j  java.security.AccessController.doPrivileged(Ljava/security/PrivilegedAction;Ljava/security/AccessControlContext;)Ljava/lang/Object;+0
j  java.security.AccessControlContext$1.doIntersectionPrivilege(Ljava/security/PrivilegedAction;Ljava/security/AccessControlContext;Ljava/security/AccessControlContext;)Ljava/lang/Object;+28
j  java.security.AccessControlContext$1.doIntersectionPrivilege(Ljava/security/PrivilegedAction;Ljava/security/AccessControlContext;)Ljava/lang/Object;+6
j  java.awt.EventQueue$2.run()Ljava/lang/Void;+11
j  java.awt.EventQueue$2.run()Ljava/lang/Object;+1
v  ~StubRoutines::call_stub
j  java.security.AccessController.doPrivileged(Ljava/security/PrivilegedAction;Ljava/security/AccessControlContext;)Ljava/lang/Object;+0
j  java.security.AccessControlContext$1.doIntersectionPrivilege(Ljava/security/PrivilegedAction;Ljava/security/AccessControlContext;Ljava/security/AccessControlContext;)Ljava/lang/Object;+28
j  java.awt.EventQueue.dispatchEvent(Ljava/awt/AWTEvent;)V+73
j  java.awt.EventDispatchThread.pumpOneEventForFilters(I)Z+204
j  java.awt.EventDispatchThread.pumpEventsForFilter(ILjava/awt/Conditional;Ljava/awt/EventFilter;)V+30
j  java.awt.EventDispatchThread.pumpEventsForHierarchy(ILjava/awt/Conditional;Ljava/awt/Component;)V+11
j  java.awt.EventDispatchThread.pumpEvents(ILjava/awt/Conditional;)V+4
j  java.awt.EventDispatchThread.pumpEvents(Ljava/awt/Conditional;)V+3
j  java.awt.EventDispatchThread.run()V+9
v  ~StubRoutines::call_stub

---------------  P R O C E S S  ---------------

Java Threads: ( => current thread )
  0x00007f36b435a000 JavaThread "NetPlotter" [_thread_blocked, id=30457, stack(0x00007f36ab142000,0x00007f36ab243000)]
  0x0000000042891800 JavaThread "Timer-0" daemon [_thread_blocked, id=30456, stack(0x00007f36adac2000,0x00007f36adbc3000)]
  0x0000000042492000 JavaThread "TimerQueue" daemon [_thread_blocked, id=30455, stack(0x00007f36adbc3000,0x00007f36adcc4000)]
  0x0000000042110000 JavaThread "Thread-1" [_thread_in_Java, id=30449, stack(0x00007f36addc5000,0x00007f36adec6000)]
  0x00007f36b4037800 JavaThread "DestroyJavaVM" [_thread_blocked, id=30421, stack(0x00007f36bbcd0000,0x00007f36bbdd1000)]
  0x0000000042106800 JavaThread "org.netbeans.modules.debugger.jpda.visual AWT Access Loop" daemon [_thread_blocked, id=30448, stack(0x00007f36adf48000,0x00007f36ae049000)]
=>0x000000004268a800 JavaThread "AWT-EventQueue-0" [_thread_in_native, id=30447, stack(0x00007f36ae049000,0x00007f36ae14a000)]
  0x0000000042460800 JavaThread "AWT-Shutdown" [_thread_blocked, id=30446, stack(0x00007f36ae14a000,0x00007f36ae24b000)]
  0x00000000425a8000 JavaThread "AWT-XAWT" daemon [_thread_blocked, id=30445, stack(0x00007f36ae46a000,0x00007f36ae56b000)]
  0x00007f36b41d6000 JavaThread "Java2D Disposer" daemon [_thread_blocked, id=30444, stack(0x00007f36ae56b000,0x00007f36ae66c000)]
  0x00007f36b4137800 JavaThread "Low Memory Detector" daemon [_thread_blocked, id=30442, stack(0x00007f36af040000,0x00007f36af141000)]
  0x00007f36b4135800 JavaThread "C2 CompilerThread1" daemon [_thread_blocked, id=30441, stack(0x00007f36af141000,0x00007f36af242000)]
  0x00007f36b4132800 JavaThread "C2 CompilerThread0" daemon [_thread_blocked, id=30440, stack(0x00007f36af242000,0x00007f36af343000)]
  0x00007f36b4126800 JavaThread "JDWP Event Helper Thread" daemon [_thread_blocked, id=30436, stack(0x00007f36af444000,0x00007f36af545000)]
  0x00007f36b4123000 JavaThread "JDWP Transport Listener: dt_socket" daemon [_thread_in_native, id=30434, stack(0x00007f36af545000,0x00007f36af646000)]
  0x00007f36b4118000 JavaThread "Signal Dispatcher" daemon [_thread_blocked, id=30433, stack(0x00007f36af74a000,0x00007f36af84b000)]
  0x00007f36b40fd000 JavaThread "Finalizer" daemon [_thread_blocked, id=30432, stack(0x00007f36af84b000,0x00007f36af94c000)]
  0x00007f36b40fb000 JavaThread "Reference Handler" daemon [_thread_blocked, id=30431, stack(0x00007f36af94c000,0x00007f36afa4d000)]

Other Threads:
  0x00007f36b40f5000 VMThread [stack: 0x00007f36afa4d000,0x00007f36afb4e000] [id=30430]
  0x00007f36b414a800 WatcherThread [stack: 0x00007f36aef3f000,0x00007f36af040000] [id=30443]

VM state:not at safepoint (normal execution)

VM Mutex/Monitor currently owned by a thread: None

Heap
 PSYoungGen      total 324096K, used 300899K [0x00000000e0e00000, 0x00000000f5da0000, 0x0000000100000000)
  eden space 306432K, 95% used [0x00000000e0e00000,0x00000000f2af0fd0,0x00000000f3940000)
  from space 17664K, 51% used [0x00000000f4c60000,0x00000000f5548000,0x00000000f5da0000)
  to   space 18624K, 0% used [0x00000000f3940000,0x00000000f3940000,0x00000000f4b70000)
 PSOldGen        total 63744K, used 47535K [0x00000000a2a00000, 0x00000000a6840000, 0x00000000e0e00000)
  object space 63744K, 74% used [0x00000000a2a00000,0x00000000a586bd08,0x00000000a6840000)
 PSPermGen       total 22400K, used 22283K [0x000000009d800000, 0x000000009ede0000, 0x00000000a2a00000)
  object space 22400K, 99% used [0x000000009d800000,0x000000009edc2f38,0x000000009ede0000)

Code Cache  [0x00007f36b0df6000, 0x00007f36b1066000, 0x00007f36b3df6000)
 total_blobs=1066 nmethods=315 adapters=713 free_code_cache=48890112 largest_free_block=15296

Dynamic libraries:
40000000-40009000 r-xp 00000000 08:08 5900415                            /users/oconnorp/Programs/jdk1.6.0_32/jre/bin/java
40108000-4010a000 rwxp 00008000 08:08 5900415                            /users/oconnorp/Programs/jdk1.6.0_32/jre/bin/java
42102000-42f1a000 rwxp 00000000 00:00 0                                  [heap]
9d800000-9ede0000 rwxp 00000000 00:00 0 
9ede0000-a2a00000 rwxp 00000000 00:00 0 
a2a00000-a6840000 rwxp 00000000 00:00 0 
a6840000-e0e00000 rwxp 00000000 00:00 0 
e0e00000-f5da0000 rwxp 00000000 00:00 0 
f5da0000-f5f80000 ---p 00000000 00:00 0 
f5f80000-100000000 rwxp 00000000 00:00 0 
7f36aa8c2000-7f36aaac2000 rwxs 79704000 00:05 8204                       /dev/nvidia0
7f36aabc6000-7f36ab142000 rwxs 00000000 00:04 64520220                   /SYSV00000000 (deleted)
7f36ab142000-7f36ab145000 ---p 00000000 00:00 0 
7f36ab145000-7f36ab243000 rwxp 00000000 00:00 0 
7f36ab243000-7f36ab245000 r-xp 00000000 08:08 9176684                    /users/oconnorp/Desktop/Dropbox/J/JSpikeStackMod/JSpikeStack/jars/libjogl_awt.so
7f36ab245000-7f36ab344000 ---p 00002000 08:08 9176684                    /users/oconnorp/Desktop/Dropbox/J/JSpikeStackMod/JSpikeStack/jars/libjogl_awt.so
7f36ab344000-7f36ab345000 rwxp 00001000 08:08 9176684                    /users/oconnorp/Desktop/Dropbox/J/JSpikeStackMod/JSpikeStack/jars/libjogl_awt.so
7f36ab345000-7f36ab346000 r-xp 00000000 08:08 5901041                    /users/oconnorp/Programs/jdk1.6.0_32/jre/lib/amd64/libjawt.so
7f36ab346000-7f36ab445000 ---p 00001000 08:08 5901041                    /users/oconnorp/Programs/jdk1.6.0_32/jre/lib/amd64/libjawt.so
7f36ab445000-7f36ab446000 rwxp 00000000 08:08 5901041                    /users/oconnorp/Programs/jdk1.6.0_32/jre/lib/amd64/libjawt.so
7f36ab446000-7f36ab44b000 r-xp 00000000 08:02 526129                     /usr/lib/libXxf86vm.so.1.0.0
7f36ab44b000-7f36ab64a000 ---p 00005000 08:02 526129                     /usr/lib/libXxf86vm.so.1.0.0
7f36ab64a000-7f36ab64b000 r-xp 00004000 08:02 526129                     /usr/lib/libXxf86vm.so.1.0.0
7f36ab64b000-7f36ab64c000 rwxp 00005000 08:02 526129                     /usr/lib/libXxf86vm.so.1.0.0
7f36ab64c000-7f36ab73b000 r-xp 00000000 08:08 9176677                    /users/oconnorp/Desktop/Dropbox/J/JSpikeStackMod/JSpikeStack/jars/libjogl.so
7f36ab73b000-7f36ab83b000 ---p 000ef000 08:08 9176677                    /users/oconnorp/Desktop/Dropbox/J/JSpikeStackMod/JSpikeStack/jars/libjogl.so
7f36ab83b000-7f36ab83c000 rwxp 000ef000 08:08 9176677                    /users/oconnorp/Desktop/Dropbox/J/JSpikeStackMod/JSpikeStack/jars/libjogl.so
7f36ab83c000-7f36acc24000 r-xp 00000000 08:02 666465                     /usr/lib/nvidia-current/libnvidia-glcore.so.260.19.06
7f36acc24000-7f36ace23000 ---p 013e8000 08:02 666465                     /usr/lib/nvidia-current/libnvidia-glcore.so.260.19.06
7f36ace23000-7f36ad3ff000 rwxp 013e7000 08:02 666465                     /usr/lib/nvidia-current/libnvidia-glcore.so.260.19.06
7f36ad3ff000-7f36ad415000 rwxp 00000000 00:00 0 
7f36ad415000-7f36ad416000 r-xp 00000000 08:02 666460                     /usr/lib/nvidia-current/tls/libnvidia-tls.so.260.19.06
7f36ad416000-7f36ad616000 ---p 00001000 08:02 666460                     /usr/lib/nvidia-current/tls/libnvidia-tls.so.260.19.06
7f36ad616000-7f36ad617000 rwxp 00001000 08:02 666460                     /usr/lib/nvidia-current/tls/libnvidia-tls.so.260.19.06
7f36ad617000-7f36ad6ce000 r-xp 00000000 08:02 666455                     /usr/lib/nvidia-current/libGL.so.260.19.06
7f36ad6ce000-7f36ad8ce000 ---p 000b7000 08:02 666455                     /usr/lib/nvidia-current/libGL.so.260.19.06
7f36ad8ce000-7f36ad906000 rwxp 000b7000 08:02 666455                     /usr/lib/nvidia-current/libGL.so.260.19.06
7f36ad906000-7f36ad91c000 rwxp 00000000 00:00 0 
7f36ad91c000-7f36ad91d000 r-xp 00000000 08:08 9176675                    /users/oconnorp/Desktop/Dropbox/J/JSpikeStackMod/JSpikeStack/jars/libgluegen-rt.so
7f36ad91d000-7f36ada1c000 ---p 00001000 08:08 9176675                    /users/oconnorp/Desktop/Dropbox/J/JSpikeStackMod/JSpikeStack/jars/libgluegen-rt.so
7f36ada1c000-7f36ada1d000 rwxp 00000000 08:08 9176675                    /users/oconnorp/Desktop/Dropbox/J/JSpikeStackMod/JSpikeStack/jars/libgluegen-rt.so
7f36adac2000-7f36adac5000 ---p 00000000 00:00 0 
7f36adac5000-7f36adbc3000 rwxp 00000000 00:00 0 
7f36adbc3000-7f36adbc6000 ---p 00000000 00:00 0 
7f36adbc6000-7f36adcc4000 rwxp 00000000 00:00 0 
7f36adcc4000-7f36adcc7000 ---p 00000000 00:00 0 
7f36adcc7000-7f36addc5000 rwxp 00000000 00:00 0 
7f36addc5000-7f36addc8000 ---p 00000000 00:00 0 
7f36addc8000-7f36adec6000 rwxp 00000000 00:00 0 
7f36adf48000-7f36adf4b000 ---p 00000000 00:00 0 
7f36adf4b000-7f36ae049000 rwxp 00000000 00:00 0 
7f36ae049000-7f36ae04c000 ---p 00000000 00:00 0 
7f36ae04c000-7f36ae14a000 rwxp 00000000 00:00 0 
7f36ae14a000-7f36ae14d000 ---p 00000000 00:00 0 
7f36ae14d000-7f36ae24b000 rwxp 00000000 00:00 0 
7f36ae24b000-7f36ae252000 r-xp 00000000 08:08 5901017                    /users/oconnorp/Programs/jdk1.6.0_32/jre/lib/amd64/libnio.so
7f36ae252000-7f36ae351000 ---p 00007000 08:08 5901017                    /users/oconnorp/Programs/jdk1.6.0_32/jre/lib/amd64/libnio.so
7f36ae351000-7f36ae353000 rwxp 00006000 08:08 5901017                    /users/oconnorp/Programs/jdk1.6.0_32/jre/lib/amd64/libnio.so
7f36ae353000-7f36ae366000 r-xp 00000000 08:08 5901016                    /users/oconnorp/Programs/jdk1.6.0_32/jre/lib/amd64/libnet.so
7f36ae366000-7f36ae467000 ---p 00013000 08:08 5901016                    /users/oconnorp/Programs/jdk1.6.0_32/jre/lib/amd64/libnet.so
7f36ae467000-7f36ae46a000 rwxp 00014000 08:08 5901016                    /users/oconnorp/Programs/jdk1.6.0_32/jre/lib/amd64/libnet.so
7f36ae46a000-7f36ae46d000 ---p 00000000 00:00 0 
7f36ae46d000-7f36ae56b000 rwxp 00000000 00:00 0 
7f36ae56b000-7f36ae56e000 ---p 00000000 00:00 0 
7f36ae56e000-7f36ae66c000 rwxp 00000000 00:00 0 
7f36ae66c000-7f36ae6e5000 r-xp 00000000 08:08 5901025                    /users/oconnorp/Programs/jdk1.6.0_32/jre/lib/amd64/libfontmanager.so
7f36ae6e5000-7f36ae7e4000 ---p 00079000 08:08 5901025                    /users/oconnorp/Programs/jdk1.6.0_32/jre/lib/amd64/libfontmanager.so
7f36ae7e4000-7f36ae7f9000 rwxp 00078000 08:08 5901025                    /users/oconnorp/Programs/jdk1.6.0_32/jre/lib/amd64/libfontmanager.so
7f36ae7f9000-7f36ae80b000 rwxp 00000000 00:00 0 
7f36ae80b000-7f36ae819000 r-xp 00000000 08:02 526099                     /usr/lib/libXi.so.6.1.0
7f36ae819000-7f36aea19000 ---p 0000e000 08:02 526099                     /usr/lib/libXi.so.6.1.0
7f36aea19000-7f36aea1a000 r-xp 0000e000 08:02 526099                     /usr/lib/libXi.so.6.1.0
7f36aea1a000-7f36aea1b000 rwxp 0000f000 08:02 526099                     /usr/lib/libXi.so.6.1.0
7f36aea1b000-7f36aea20000 r-xp 00000000 08:02 526119                     /usr/lib/libXtst.so.6.1.0
7f36aea20000-7f36aec20000 ---p 00005000 08:02 526119                     /usr/lib/libXtst.so.6.1.0
7f36aec20000-7f36aec21000 r-xp 00005000 08:02 526119                     /usr/lib/libXtst.so.6.1.0
7f36aec21000-7f36aec22000 rwxp 00006000 08:02 526119                     /usr/lib/libXtst.so.6.1.0
7f36aec22000-7f36aec64000 r-xp 00000000 08:08 5901014                    /users/oconnorp/Programs/jdk1.6.0_32/jre/lib/amd64/xawt/libmawt.so
7f36aec64000-7f36aed63000 ---p 00042000 08:08 5901014                    /users/oconnorp/Programs/jdk1.6.0_32/jre/lib/amd64/xawt/libmawt.so
7f36aed63000-7f36aed6f000 rwxp 00041000 08:08 5901014                    /users/oconnorp/Programs/jdk1.6.0_32/jre/lib/amd64/xawt/libmawt.so
7f36aed6f000-7f36aed70000 rwxp 00000000 00:00 0 
7f36aed70000-7f36aee02000 r-xp 00000000 08:08 5901061                    /users/oconnorp/Programs/jdk1.6.0_32/jre/lib/amd64/libawt.so
7f36aee02000-7f36aef01000 ---p 00092000 08:08 5901061                    /users/oconnorp/Programs/jdk1.6.0_32/jre/lib/amd64/libawt.so
7f36aef01000-7f36aef1b000 rwxp 00091000 08:08 5901061                    /users/oconnorp/Programs/jdk1.6.0_32/jre/lib/amd64/libawt.so
7f36aef1b000-7f36aef3f000 rwxp 00000000 00:00 0 
7f36aef3f000-7f36aef40000 ---p 00000000 00:00 0 
7f36aef40000-7f36af040000 rwxp 00000000 00:00 0 
7f36af040000-7f36af043000 ---p 00000000 00:00 0 
7f36af043000-7f36af141000 rwxp 00000000 00:00 0 
7f36af141000-7f36af144000 ---p 00000000 00:00 0 
7f36af144000-7f36af242000 rwxp 00000000 00:00 0 
7f36af242000-7f36af245000 ---p 00000000 00:00 0 
7f36af245000-7f36af343000 rwxp 00000000 00:00 0 
7f36af343000-7f36af346000 ---p 00000000 00:00 0 
7f36af346000-7f36af444000 rwxp 00000000 00:00 0 
7f36af444000-7f36af447000 ---p 00000000 00:00 0 
7f36af447000-7f36af545000 rwxp 00000000 00:00 0 
7f36af545000-7f36af548000 ---p 00000000 00:00 0 
7f36af548000-7f36af646000 rwxp 00000000 00:00 0 
7f36af646000-7f36af649000 r-xp 00000000 08:08 5901052                    /users/oconnorp/Programs/jdk1.6.0_32/jre/lib/amd64/libdt_socket.so
7f36af649000-7f36af748000 ---p 00003000 08:08 5901052                    /users/oconnorp/Programs/jdk1.6.0_32/jre/lib/amd64/libdt_socket.so
7f36af748000-7f36af74a000 rwxp 00002000 08:08 5901052                    /users/oconnorp/Programs/jdk1.6.0_32/jre/lib/amd64/libdt_socket.so
7f36af74a000-7f36af74d000 ---p 00000000 00:00 0 
7f36af74d000-7f36af84b000 rwxp 00000000 00:00 0 
7f36af84b000-7f36af84e000 ---p 00000000 00:00 0 
7f36af84e000-7f36af94c000 rwxp 00000000 00:00 0 
7f36af94c000-7f36af94f000 ---p 00000000 00:00 0 
7f36af94f000-7f36afa4d000 rwxp 00000000 00:00 0 
7f36afa4d000-7f36afa4e000 ---p 00000000 00:00 0 
7f36afa4e000-7f36b0457000 rwxp 00000000 00:00 0 
7f36b0457000-7f36b05ee000 r-xs 03079000 08:08 5901816                    /users/oconnorp/Programs/jdk1.6.0_32/jre/lib/rt.jar
7f36b05ee000-7f36b05ef000 ---p 00000000 00:00 0 
7f36b05ef000-7f36b06ef000 rwxp 00000000 00:00 0 
7f36b06ef000-7f36b06f0000 ---p 00000000 00:00 0 
7f36b06f0000-7f36b07f0000 rwxp 00000000 00:00 0 
7f36b07f0000-7f36b07f1000 ---p 00000000 00:00 0 
7f36b07f1000-7f36b08f1000 rwxp 00000000 00:00 0 
7f36b08f1000-7f36b08f2000 ---p 00000000 00:00 0 
7f36b08f2000-7f36b09f2000 rwxp 00000000 00:00 0 
7f36b09f2000-7f36b09f3000 ---p 00000000 00:00 0 
7f36b09f3000-7f36b0af3000 rwxp 00000000 00:00 0 
7f36b0af3000-7f36b0af4000 ---p 00000000 00:00 0 
7f36b0af4000-7f36b0bf4000 rwxp 00000000 00:00 0 
7f36b0bf4000-7f36b0bf5000 ---p 00000000 00:00 0 
7f36b0bf5000-7f36b0cf5000 rwxp 00000000 00:00 0 
7f36b0cf5000-7f36b0cf6000 ---p 00000000 00:00 0 
7f36b0cf6000-7f36b1066000 rwxp 00000000 00:00 0 
7f36b1066000-7f36b3df6000 rwxp 00000000 00:00 0 
7f36b3df6000-7f36b3dff000 r-xp 00000000 08:02 526113                     /usr/lib/libXrender.so.1.3.0
7f36b3dff000-7f36b3ffe000 ---p 00009000 08:02 526113                     /usr/lib/libXrender.so.1.3.0
7f36b3ffe000-7f36b3fff000 r-xp 00008000 08:02 526113                     /usr/lib/libXrender.so.1.3.0
7f36b3fff000-7f36b4000000 rwxp 00009000 08:02 526113                     /usr/lib/libXrender.so.1.3.0
7f36b4000000-7f36b60c4000 rwxp 00000000 00:00 0 
7f36b60c4000-7f36b8000000 ---p 00000000 00:00 0 
7f36b8021000-7f36b8022000 r-xs 00000000 08:02 1706781                    /var/cache/fontconfig/c05880de57d1f5e948fdfacc138775d9-le64.cache-3
7f36b8022000-7f36b802b000 r-xs 00000000 08:02 1706778                    /var/cache/fontconfig/945677eb7aeaf62f1d50efc3fb3ec7d8-le64.cache-3
7f36b802b000-7f36b802d000 r-xs 00000000 08:02 1706779                    /var/cache/fontconfig/99e8ed0e538f840c565b6ed5dad60d56-le64.cache-3
7f36b802d000-7f36b8030000 r-xs 00000000 08:02 1706788                    /var/cache/fontconfig/e383d7ea5fbe662a33d9b44caf393297-le64.cache-3
7f36b8030000-7f36b8033000 r-xs 00000000 08:02 1704604                    /var/cache/fontconfig/2cd17615ca594fa2959ae173292e504c-le64.cache-3
7f36b8033000-7f36b8034000 r-xs 00000000 08:02 1706789                    /var/cache/fontconfig/e7071f4a29fa870f4323321c154eba04-le64.cache-3
7f36b8034000-7f36b8037000 r-xs 00000000 08:02 1704494                    /var/cache/fontconfig/b5ea634b0fb353b8ea17632d1f9ef766-le64.cache-3
7f36b8037000-7f36b803b000 r-xs 00000000 08:02 1706775                    /var/cache/fontconfig/6eb3985aa4124903f6ff08ba781cd364-le64.cache-3
7f36b803b000-7f36b803c000 r-xs 00000000 08:02 1706771                    /var/cache/fontconfig/4c73fe0c47614734b17d736dbde7580a-le64.cache-3
7f36b803c000-7f36b803d000 r-xs 00000000 08:02 1706764                    /var/cache/fontconfig/0d8c3b2ac0904cb8a57a757ad11a4a08-le64.cache-3
7f36b803d000-7f36b803e000 r-xs 00000000 08:02 1706773                    /var/cache/fontconfig/6a53c69dea097a2d716e069445527da8-le64.cache-3
7f36b803e000-7f36b8044000 r-xs 00000000 08:02 1706780                    /var/cache/fontconfig/a755afe4a08bf5b97852ceb7400b47bc-le64.cache-3
7f36b8044000-7f36b804d000 r-xs 00000000 08:02 1704816                    /var/cache/fontconfig/6d41288fd70b0be22e8c3a91e032eec0-le64.cache-3
7f36b804d000-7f36b805d000 r-xs 00000000 08:02 1706765                    /var/cache/fontconfig/0f34bcd4b6ee430af32735b75db7f02b-le64.cache-3
7f36b805d000-7f36b8060000 r-xs 00000000 08:02 1706785                    /var/cache/fontconfig/d60319d88cac85ba9e1a07bd06cfbb8c-le64.cache-3
7f36b8060000-7f36b8061000 r-xs 00000000 08:02 1706423                    /var/cache/fontconfig/4794a0821666d79190d59a36cb4f44b5-le64.cache-3
7f36b8061000-7f36b806b000 r-xs 00000000 08:02 1706784                    /var/cache/fontconfig/d52a8644073d54c13679302ca1180695-le64.cache-3
7f36b806b000-7f36b807e000 r-xs 00000000 08:02 1703478                    /var/cache/fontconfig/e13b20fdb08344e0e664864cc2ede53d-le64.cache-3
7f36b807e000-7f36b8082000 r-xs 00000000 08:02 1704562                    /var/cache/fontconfig/7ef2298fde41cc6eeb7af42e48b7d293-le64.cache-3
7f36b8082000-7f36b8096000 r-xs 00000000 08:02 1717119                    /var/cache/fontconfig/865f88548240fee46819705c6468c165-le64.cache-3
7f36b8096000-7f36b80a6000 r-xs 00155000 08:08 9176682                    /users/oconnorp/Desktop/Dropbox/J/JSpikeStackMod/JSpikeStack/jars/jfreechart-1.0.14.jar
7f36b80a6000-7f36b80b1000 rwxp 00000000 00:00 0 
7f36b80b1000-7f36b80cf000 rwxp 00000000 00:00 0 
7f36b80cf000-7f36b80ef000 rwxp 00000000 00:00 0 
7f36b80ef000-7f36b82c1000 rwxp 00000000 00:00 0 
7f36b82c1000-7f36b82cc000 rwxp 00000000 00:00 0 
7f36b82cc000-7f36b82ea000 rwxp 00000000 00:00 0 
7f36b82ea000-7f36b830a000 rwxp 00000000 00:00 0 
7f36b830a000-7f36b84dc000 rwxp 00000000 00:00 0 
7f36b84dc000-7f36b8584000 rwxp 00000000 00:00 0 
7f36b8584000-7f36b8585000 ---p 00000000 00:00 0 
7f36b8585000-7f36b85d5000 rwxp 00000000 00:00 0 
7f36b85d5000-7f36b85d6000 rwxp 00000000 00:00 0 
7f36b85d6000-7f36b85e4000 r-xp 00000000 08:08 5901027                    /users/oconnorp/Programs/jdk1.6.0_32/jre/lib/amd64/libzip.so
7f36b85e4000-7f36b86e6000 ---p 0000e000 08:08 5901027                    /users/oco