#
# A fatal error has been detected by the Java Runtime Environment:
#
#  SIGSEGV (0xb) at pc=0x00007ff037a6f5ea, pid=13226, tid=140669780543232
#
# JRE version: 6.0_32-b05
# Java VM: Java HotSpot(TM) 64-Bit Server VM (20.7-b02 mixed mode linux-amd64 compressed oops)
# Problematic frame:
# C  [libGL.so.1+0x775ea]  __float128+0xb11a
#
# If you would like to submit a bug report, please visit:
#   http://java.sun.com/webapps/bugreport/crash.jsp
# The crash happened outside the Java Virtual Machine in native code.
# See problematic frame for where to report the bug.
#

---------------  T H R E A D  ---------------

Current thread (0x0000000041c64800):  JavaThread "AWT-EventQueue-0" [_thread_in_native, id=13258, stack(0x00007ff03c3cc000,0x00007ff03c4cd000)]

siginfo:si_signo=SIGSEGV: si_errno=0, si_code=1 (SEGV_MAPERR), si_addr=0x00000000402c5000

Registers:
RAX=0x00000000402c5000, RBX=0x0000000000000000, RCX=0x00007ff0377f5180, RDX=0x00007ff044207b01
RSP=0x00007ff03c4c9bc0, RBP=0x00007ff0443fc8e8, RSI=0x00007ff037ce71e0, RDI=0x00007ff037ccbd60
R8 =0x00007ff037ce7f40, R9 =0x00000000000033ca, R10=0x00007ff03e4edb28, R11=0x0000000000000206
R12=0x00007ff037ccbd60, R13=0x0000000041917fb0, R14=0x00007ff037a6dda0, R15=0x0000000005200032
RIP=0x00007ff037a6f5ea, EFLAGS=0x0000000000010202, CSGSFS=0x0000000000000033, ERR=0x0000000000000004
  TRAPNO=0x000000000000000e

Top of Stack: (sp=0x00007ff03c4c9bc0)
0x00007ff03c4c9bc0:   3ff0000000000000 000000003e4ee33e
0x00007ff03c4c9bd0:   0000000005200032 00000001000090a0
0x00007ff03c4c9be0:   0000000000000000 000000013c4c9be8
0x00007ff03c4c9bf0:   0000000000000000 00007ff03c4c9c58
0x00007ff03c4c9c00:   000000009d8d4228 0000000000000000
0x00007ff03c4c9c10:   000000009d8d09d0 0000000000000000
0x00007ff03c4c9c20:   00007ff03c4c9c48 00007ff03c4c9ca0
0x00007ff03c4c9c30:   00007ff03e4dca33 000000009e95f7d0
0x00007ff03c4c9c40:   00007ff03c4c9cb0 0000000000000000
0x00007ff03c4c9c50:   000000009e95f7d0 00007ff03c4c9d80
0x00007ff03c4c9c60:   0000000041c64800 00007ff035a7d3d7
0x00007ff03c4c9c70:   00007ff03c4c9cb8 00007ff0443fc8e8
0x00007ff03c4c9c80:   0000000005200032 0000000041917fb0
0x00007ff03c4c9c90:   00007ff03c4c9d48 0000000041c649d0
0x00007ff03c4c9ca0:   00007ff03c4c9d00 00007ff03e4dca33
0x00007ff03c4c9cb0:   00007ff03c4c9d38 00007ff03e4edb55
0x00007ff03c4c9cc0:   00007ff03c4c9cc0 000000009e980735
0x00007ff03c4c9cd0:   00007ff03c4c9d18 000000009e981400
0x00007ff03c4c9ce0:   000000009ec60998 000000009e980740
0x00007ff03c4c9cf0:   0000000000000000 00007ff03c4c9cf8
0x00007ff03c4c9d00:   0000000000000000 00007ff03c4c9d80
0x00007ff03c4c9d10:   000000009e9670f8 0000000000000000
0x00007ff03c4c9d20:   000000009e95f7d0 0000000000000000
0x00007ff03c4c9d30:   00007ff03c4c9d58 00007ff03c4c9dc8
0x00007ff03c4c9d40:   00007ff03e4dc8da 000000009e9647c0
0x00007ff03c4c9d50:   00007ff03e4e9280 00007ff0443fc8e8
0x00007ff03c4c9d60:   00007ff03c4c9dc8 0000000005200032
0x00007ff03c4c9d70:   00000000e6dd2520 0000000041917fb0
0x00007ff03c4c9d80:   00000000e6dd2520 00007ff03c4c9d88
0x00007ff03c4c9d90:   000000009e93786e 00007ff03c4c9de0
0x00007ff03c4c9da0:   000000009e9a40c8 0000000000000000
0x00007ff03c4c9db0:   000000009e937910 00007ff03c4c9d58 

Instructions: (pc=0x00007ff037a6f5ea)
0x00007ff037a6f5ca:   8b 85 84 08 00 00 85 c0 0f 95 c2 4d 85 ff 0f 95
0x00007ff037a6f5da:   c0 84 c2 74 21 48 8b 85 c8 08 00 00 48 8b 40 40
0x00007ff037a6f5ea:   48 8b 00 f7 80 f8 c3 03 00 00 00 00 4e 0f 85 1d
0x00007ff037a6f5fa:   04 00 00 0f 1f 00 4d 85 f6 0f 84 37 01 00 00 31 

Register to memory mapping:

RAX=0x00000000402c5000 is an unknown value
RBX=0x0000000000000000 is an unknown value
RCX=0x00007ff0377f5180: _nv018glcore+0 in /usr/lib/nvidia-current/libnvidia-glcore.so.260.19.06 at 0x00007ff035c1d000
RDX=0x00007ff044207b01 is an unknown value
RSP=0x00007ff03c4c9bc0 is pointing into the stack for thread: 0x0000000041c64800
RBP=0x00007ff0443fc8e8 is an unknown value
RSI=0x00007ff037ce71e0: <offset 0x2ef1e0> in /usr/lib/nvidia-current/libGL.so.1 at 0x00007ff0379f8000
RDI=0x00007ff037ccbd60: <offset 0x2d3d60> in /usr/lib/nvidia-current/libGL.so.1 at 0x00007ff0379f8000
R8 =0x00007ff037ce7f40: <offset 0x2eff40> in /usr/lib/nvidia-current/libGL.so.1 at 0x00007ff0379f8000
R9 =0x00000000000033ca is an unknown value
R10=0x00007ff03e4edb28 is an Interpreter codelet
method entry point (kind = native)  [0x00007ff03e4ed680, 0x00007ff03e4ee480]  3584 bytes
R11=0x0000000000000206 is an unknown value
R12=0x00007ff037ccbd60: <offset 0x2d3d60> in /usr/lib/nvidia-current/libGL.so.1 at 0x00007ff0379f8000
R13=0x0000000041917fb0 is an unknown value
R14=0x00007ff037a6dda0: <offset 0x75da0> in /usr/lib/nvidia-current/libGL.so.1 at 0x00007ff0379f8000
R15=0x0000000005200032 is an unknown value


Stack: [0x00007ff03c3cc000,0x00007ff03c4cd000],  sp=0x00007ff03c4c9bc0,  free space=1014k
Native frames: (J=compiled Java code, j=interpreted, Vv=VM code, C=native code)
C  [libGL.so.1+0x775ea]  __float128+0xb11a

Java frames: (J=compiled Java code, j=interpreted, Vv=VM code)
j  com.sun.opengl.impl.x11.GLX.glXMakeCurrent(JJJ)Z+0
j  com.sun.opengl.impl.x11.X11GLContext.makeCurrentImpl()I+78
j  com.sun.opengl.impl.x11.X11OnscreenGLContext.makeCurrentImpl()I+32
j  com.sun.opengl.impl.GLContextImpl.makeCurrent()I+56
j  com.sun.opengl.impl.GLDrawableHelper.invokeGL(Ljavax/media/opengl/GLDrawable;Ljavax/media/opengl/GLContext;Ljava/lang/Runnable;Ljava/lang/Runnable;)V+308
j  javax.media.opengl.GLCanvas.maybeDoSingleThreadedWorkaround(Ljava/lang/Runnable;Ljava/lang/Runnable;)V+36
j  javax.media.opengl.GLCanvas.display()V+9
j  javax.media.opengl.GLCanvas.paint(Ljava/awt/Graphics;)V+125
j  javax.media.opengl.GLCanvas.update(Ljava/awt/Graphics;)V+2
j  sun.awt.RepaintArea.updateComponent(Ljava/awt/Component;Ljava/awt/Graphics;)V+6
j  sun.awt.X11.XRepaintArea.updateComponent(Ljava/awt/Component;Ljava/awt/Graphics;)V+23
j  sun.awt.RepaintArea.paint(Ljava/lang/Object;Z)V+263
j  sun.awt.X11.XComponentPeer.handleEvent(Ljava/awt/AWTEvent;)V+224
j  java.awt.Component.dispatchEventImpl(Ljava/awt/AWTEvent;)V+861
j  java.awt.Component.dispatchEvent(Ljava/awt/AWTEvent;)V+2
j  java.awt.EventQueue.dispatchEventImpl(Ljava/awt/AWTEvent;Ljava/lang/Object;)V+41
j  java.awt.EventQueue.access$000(Ljava/awt/EventQueue;Ljava/awt/AWTEvent;Ljava/lang/Object;)V+3
j  java.awt.EventQueue$1.run()Ljava/lang/Void;+12
j  java.awt.EventQueue$1.run()Ljava/lang/Object;+1
v  ~StubRoutines::call_stub
j  java.security.AccessController.doPrivileged(Ljava/security/PrivilegedAction;Ljava/security/AccessControlContext;)Ljava/lang/Object;+0
j  java.security.AccessControlContext$1.doIntersectionPrivilege(Ljava/security/PrivilegedAction;Ljava/security/AccessControlContext;Ljava/security/AccessControlContext;)Ljava/lang/Object;+28
j  java.security.AccessControlContext$1.doIntersectionPrivilege(Ljava/security/PrivilegedAction;Ljava/security/AccessControlContext;)Ljava/lang/Object;+6
j  java.awt.EventQueue$2.run()Ljava/lang/Void;+11
j  java.awt.EventQueue$2.run()Ljava/lang/Object;+1
v  ~StubRoutines::call_stub
j  java.security.AccessController.doPrivileged(Ljava/security/PrivilegedAction;Ljava/security/AccessControlContext;)Ljava/lang/Object;+0
j  java.security.AccessControlContext$1.doIntersectionPrivilege(Ljava/security/PrivilegedAction;Ljava/security/AccessControlContext;Ljava/security/AccessControlContext;)Ljava/lang/Object;+28
j  java.awt.EventQueue.dispatchEvent(Ljava/awt/AWTEvent;)V+73
j  java.awt.EventDispatchThread.pumpOneEventForFilters(I)Z+204
j  java.awt.EventDispatchThread.pumpEventsForFilter(ILjava/awt/Conditional;Ljava/awt/EventFilter;)V+30
j  java.awt.EventDispatchThread.pumpEventsForHierarchy(ILjava/awt/Conditional;Ljava/awt/Component;)V+11
j  java.awt.EventDispatchThread.pumpEvents(ILjava/awt/Conditional;)V+4
j  java.awt.EventDispatchThread.pumpEvents(Ljava/awt/Conditional;)V+3
j  java.awt.EventDispatchThread.run()V+9
v  ~StubRoutines::call_stub

---------------  P R O C E S S  ---------------

Java Threads: ( => current thread )
  0x00007ff0442a4000 JavaThread "NetPlotter" [_thread_blocked, id=13268, stack(0x00007ff035523000,0x00007ff035624000)]
  0x00007ff044148000 JavaThread "Timer-0" daemon [_thread_blocked, id=13267, stack(0x00007ff037dfe000,0x00007ff037eff000)]
  0x00007ff04412c800 JavaThread "TimerQueue" daemon [_thread_blocked, id=13266, stack(0x00007ff037eff000,0x00007ff038000000)]
  0x00000000417f8800 JavaThread "DestroyJavaVM" [_thread_blocked, id=13231, stack(0x00007ff04a16e000,0x00007ff04a26f000)]
  0x0000000041db4800 JavaThread "org.netbeans.modules.debugger.jpda.visual AWT Access Loop" daemon [_thread_blocked, id=13259, stack(0x00007ff03c2cb000,0x00007ff03c3cc000)]
=>0x0000000041c64800 JavaThread "AWT-EventQueue-0" [_thread_in_native, id=13258, stack(0x00007ff03c3cc000,0x00007ff03c4cd000)]
  0x0000000041c9a000 JavaThread "AWT-Shutdown" [_thread_blocked, id=13257, stack(0x00007ff03c4cd000,0x00007ff03c5ce000)]
  0x00007ff0440b4800 JavaThread "AWT-XAWT" daemon [_thread_blocked, id=13256, stack(0x00007ff03c7ed000,0x00007ff03c8ee000)]
  0x00000000419b8000 JavaThread "Java2D Disposer" daemon [_thread_blocked, id=13255, stack(0x00007ff03c8ee000,0x00007ff03c9ef000)]
  0x00007ff03803d800 JavaThread "Low Memory Detector" daemon [_thread_blocked, id=13253, stack(0x00007ff03d3c3000,0x00007ff03d4c4000)]
  0x00007ff03803b000 JavaThread "C2 CompilerThread1" daemon [_thread_blocked, id=13252, stack(0x00007ff03d4c4000,0x00007ff03d5c5000)]
  0x00007ff038038000 JavaThread "C2 CompilerThread0" daemon [_thread_blocked, id=13251, stack(0x00007ff03d5c5000,0x00007ff03d6c6000)]
  0x00007ff03802c000 JavaThread "JDWP Event Helper Thread" daemon [_thread_blocked, id=13247, stack(0x00007ff03d7c7000,0x00007ff03d8c8000)]
  0x00007ff038028800 JavaThread "JDWP Transport Listener: dt_socket" daemon [_thread_in_native, id=13245, stack(0x00007ff03d8c8000,0x00007ff03d9c9000)]
  0x00007ff03801c800 JavaThread "Signal Dispatcher" daemon [_thread_blocked, id=13244, stack(0x00007ff03dacd000,0x00007ff03dbce000)]
  0x00007ff038001000 JavaThread "Finalizer" daemon [_thread_blocked, id=13243, stack(0x00007ff03dbce000,0x00007ff03dccf000)]
  0x00000000418bc000 JavaThread "Reference Handler" daemon [_thread_blocked, id=13242, stack(0x00007ff03dccf000,0x00007ff03ddd0000)]

Other Threads:
  0x00000000418b5800 VMThread [stack: 0x00007ff03ddd0000,0x00007ff03ded1000] [id=13241]
  0x00007ff038050800 WatcherThread [stack: 0x00007ff03d2c2000,0x00007ff03d3c3000] [id=13254]

VM state:not at safepoint (normal execution)

VM Mutex/Monitor currently owned by a thread: None

Heap
 PSYoungGen      total 101248K, used 80280K [0x00000000e0e00000, 0x00000000e8d10000, 0x0000000100000000)
  eden space 91968K, 77% used [0x00000000e0e00000,0x00000000e535dea0,0x00000000e67d0000)
  from space 9280K, 99% used [0x00000000e6b80000,0x00000000e74884f8,0x00000000e7490000)
  to   space 19072K, 0% used [0x00000000e7a70000,0x00000000e7a70000,0x00000000e8d10000)
 PSOldGen        total 63744K, used 39152K [0x00000000a2a00000, 0x00000000a6840000, 0x00000000e0e00000)
  object space 63744K, 61% used [0x00000000a2a00000,0x00000000a503c280,0x00000000a6840000)
 PSPermGen       total 21248K, used 20997K [0x000000009d800000, 0x000000009ecc0000, 0x00000000a2a00000)
  object space 21248K, 98% used [0x000000009d800000,0x000000009ec81590,0x000000009ecc0000)

Code Cache  [0x00007ff03e4d7000, 0x00007ff03e747000, 0x00007ff0414d7000)
 total_blobs=959 nmethods=234 adapters=687 free_code_cache=48966784 largest_free_block=18240

Dynamic libraries:
40000000-40009000 r-xp 00000000 08:08 5900415                            /users/oconnorp/Programs/jdk1.6.0_32/jre/bin/java
40108000-4010a000 rwxp 00008000 08:08 5900415                            /users/oconnorp/Programs/jdk1.6.0_32/jre/bin/java
417a8000-41fce000 rwxp 00000000 00:00 0                                  [heap]
9d800000-9ecc0000 rwxp 00000000 00:00 0 
9ecc0000-a2a00000 rwxp 00000000 00:00 0 
a2a00000-a6840000 rwxp 00000000 00:00 0 
a6840000-e0e00000 rwxp 00000000 00:00 0 
e0e00000-e8d10000 rwxp 00000000 00:00 0 
e8d10000-e93c0000 ---p 00000000 00:00 0 
e93c0000-100000000 rwxp 00000000 00:00 0 
7ff0334f2000-7ff033627000 rwxp 00000000 00:00 0 
7ff03381e000-7ff033f30000 rwxp 00000000 00:00 0 
7ff033f39000-7ff034839000 rwxp 00000000 00:00 0 
7ff034902000-7ff034d02000 rwxp 00000000 00:00 0 
7ff034db0000-7ff034eb0000 rwxp 00000000 00:00 0 
7ff035042000-7ff035242000 rwxs 37b6c000 00:05 8245                       /dev/nvidia0
7ff035342000-7ff035523000 rwxs 00000000 00:04 34242576                   /SYSV00000000 (deleted)
7ff035523000-7ff035526000 ---p 00000000 00:00 0 
7ff035526000-7ff035624000 rwxp 00000000 00:00 0 
7ff035624000-7ff035626000 r-xp 00000000 08:08 9176651                    /users/oconnorp/Desktop/jsstest/JSpikeStack/jars/libjogl_awt.so
7ff035626000-7ff035725000 ---p 00002000 08:08 9176651                    /users/oconnorp/Desktop/jsstest/JSpikeStack/jars/libjogl_awt.so
7ff035725000-7ff035726000 rwxp 00001000 08:08 9176651                    /users/oconnorp/Desktop/jsstest/JSpikeStack/jars/libjogl_awt.so
7ff035726000-7ff035727000 r-xp 00000000 08:08 5901041                    /users/oconnorp/Programs/jdk1.6.0_32/jre/lib/amd64/libjawt.so
7ff035727000-7ff035826000 ---p 00001000 08:08 5901041                    /users/oconnorp/Programs/jdk1.6.0_32/jre/lib/amd64/libjawt.so
7ff035826000-7ff035827000 rwxp 00000000 08:08 5901041                    /users/oconnorp/Programs/jdk1.6.0_32/jre/lib/amd64/libjawt.so
7ff035827000-7ff03582c000 r-xp 00000000 08:02 526129                     /usr/lib/libXxf86vm.so.1.0.0
7ff03582c000-7ff035a2b000 ---p 00005000 08:02 526129                     /usr/lib/libXxf86vm.so.1.0.0
7ff035a2b000-7ff035a2c000 r-xp 00004000 08:02 526129                     /usr/lib/libXxf86vm.so.1.0.0
7ff035a2c000-7ff035a2d000 rwxp 00005000 08:02 526129                     /usr/lib/libXxf86vm.so.1.0.0
7ff035a2d000-7ff035b1c000 r-xp 00000000 08:08 9176644                    /users/oconnorp/Desktop/jsstest/JSpikeStack/jars/libjogl.so
7ff035b1c000-7ff035c1c000 ---p 000ef000 08:08 9176644                    /users/oconnorp/Desktop/jsstest/JSpikeStack/jars/libjogl.so
7ff035c1c000-7ff035c1d000 rwxp 000ef000 08:08 9176644                    /users/oconnorp/Desktop/jsstest/JSpikeStack/jars/libjogl.so
7ff035c1d000-7ff037005000 r-xp 00000000 08:02 666465                     /usr/lib/nvidia-current/libnvidia-glcore.so.260.19.06
7ff037005000-7ff037204000 ---p 013e8000 08:02 666465                     /usr/lib/nvidia-current/libnvidia-glcore.so.260.19.06
7ff037204000-7ff0377e0000 rwxp 013e7000 08:02 666465                     /usr/lib/nvidia-current/libnvidia-glcore.so.260.19.06
7ff0377e0000-7ff0377f6000 rwxp 00000000 00:00 0 
7ff0377f6000-7ff0377f7000 r-xp 00000000 08:02 666460                     /usr/lib/nvidia-current/tls/libnvidia-tls.so.260.19.06
7ff0377f7000-7ff0379f7000 ---p 00001000 08:02 666460                     /usr/lib/nvidia-current/tls/libnvidia-tls.so.260.19.06
7ff0379f7000-7ff0379f8000 rwxp 00001000 08:02 666460                     /usr/lib/nvidia-current/tls/libnvidia-tls.so.260.19.06
7ff0379f8000-7ff037aaf000 r-xp 00000000 08:02 666455                     /usr/lib/nvidia-current/libGL.so.260.19.06
7ff037aaf000-7ff037caf000 ---p 000b7000 08:02 666455                     /usr/lib/nvidia-current/libGL.so.260.19.06
7ff037caf000-7ff037ce7000 rwxp 000b7000 08:02 666455                     /usr/lib/nvidia-current/libGL.so.260.19.06
7ff037ce7000-7ff037cfd000 rwxp 00000000 00:00 0 
7ff037cfd000-7ff037cfe000 r-xp 00000000 08:08 9176634                    /users/oconnorp/Desktop/jsstest/JSpikeStack/jars/libgluegen-rt.so
7ff037cfe000-7ff037dfd000 ---p 00001000 08:08 9176634                    /users/oconnorp/Desktop/jsstest/JSpikeStack/jars/libgluegen-rt.so
7ff037dfd000-7ff037dfe000 rwxp 00000000 08:08 9176634                    /users/oconnorp/Desktop/jsstest/JSpikeStack/jars/libgluegen-rt.so
7ff037dfe000-7ff037e01000 ---p 00000000 00:00 0 
7ff037e01000-7ff037eff000 rwxp 00000000 00:00 0 
7ff037eff000-7ff037f02000 ---p 00000000 00:00 0 
7ff037f02000-7ff038000000 rwxp 00000000 00:00 0 
7ff038000000-7ff0381ba000 rwxp 00000000 00:00 0 
7ff0381ba000-7ff03c000000 ---p 00000000 00:00 0 
7ff03c0c9000-7ff03c0cc000 ---p 00000000 00:00 0 
7ff03c0cc000-7ff03c1ca000 rwxp 00000000 00:00 0 
7ff03c1ca000-7ff03c1cd000 ---p 00000000 00:00 0 
7ff03c1cd000-7ff03c2cb000 rwxp 00000000 00:00 0 
7ff03c2cb000-7ff03c2ce000 ---p 00000000 00:00 0 
7ff03c2ce000-7ff03c3cc000 rwxp 00000000 00:00 0 
7ff03c3cc000-7ff03c3cf000 ---p 00000000 00:00 0 
7ff03c3cf000-7ff03c4cd000 rwxp 00000000 00:00 0 
7ff03c4cd000-7ff03c4d0000 ---p 00000000 00:00 0 
7ff03c4d0000-7ff03c5ce000 rwxp 00000000 00:00 0 
7ff03c5ce000-7ff03c5d5000 r-xp 00000000 08:08 5901017                    /users/oconnorp/Programs/jdk1.6.0_32/jre/lib/amd64/libnio.so
7ff03c5d5000-7ff03c6d4000 ---p 00007000 08:08 5901017                    /users/oconnorp/Programs/jdk1.6.0_32/jre/lib/amd64/libnio.so
7ff03c6d4000-7ff03c6d6000 rwxp 00006000 08:08 5901017                    /users/oconnorp/Programs/jdk1.6.0_32/jre/lib/amd64/libnio.so
7ff03c6d6000-7ff03c6e9000 r-xp 00000000 08:08 5901016                    /users/oconnorp/Programs/jdk1.6.0_32/jre/lib/amd64/libnet.so
7ff03c6e9000-7ff03c7ea000 ---p 00013000 08:08 5901016                    /users/oconnorp/Programs/jdk1.6.0_32/jre/lib/amd64/libnet.so
7ff03c7ea000-7ff03c7ed000 rwxp 00014000 08:08 5901016                    /users/oconnorp/Programs/jdk1.6.0_32/jre/lib/amd64/libnet.so
7ff03c7ed000-7ff03c7f0000 ---p 00000000 00:00 0 
7ff03c7f0000-7ff03c8ee000 rwxp 00000000 00:00 0 
7ff03c8ee000-7ff03c8f1000 ---p 00000000 00:00 0 
7ff03c8f1000-7ff03c9ef000 rwxp 00000000 00:00 0 
7ff03c9ef000-7ff03ca68000 r-xp 00000000 08:08 5901025                    /users/oconnorp/Programs/jdk1.6.0_32/jre/lib/amd64/libfontmanager.so
7ff03ca68000-7ff03cb67000 ---p 00079000 08:08 5901025                    /users/oconnorp/Programs/jdk1.6.0_32/jre/lib/amd64/libfontmanager.so
7ff03cb67000-7ff03cb7c000 rwxp 00078000 08:08 5901025                    /users/oconnorp/Programs/jdk1.6.0_32/jre/lib/amd64/libfontmanager.so
7ff03cb7c000-7ff03cb8e000 rwxp 00000000 00:00 0 
7ff03cb8e000-7ff03cb9c000 r-xp 00000000 08:02 526099                     /usr/lib/libXi.so.6.1.0
7ff03cb9c000-7ff03cd9c000 ---p 0000e000 08:02 526099                     /usr/lib/libXi.so.6.1.0
7ff03cd9c000-7ff03cd9d000 r-xp 0000e000 08:02 526099                     /usr/lib/libXi.so.6.1.0
7ff03cd9d000-7ff03cd9e000 rwxp 0000f000 08:02 526099                     /usr/lib/libXi.so.6.1.0
7ff03cd9e000-7ff03cda3000 r-xp 00000000 08:02 526119                     /usr/lib/libXtst.so.6.1.0
7ff03cda3000-7ff03cfa3000 ---p 00005000 08:02 526119                     /usr/lib/libXtst.so.6.1.0
7ff03cfa3000-7ff03cfa4000 r-xp 00005000 08:02 526119                     /usr/lib/libXtst.so.6.1.0
7ff03cfa4000-7ff03cfa5000 rwxp 00006000 08:02 526119                     /usr/lib/libXtst.so.6.1.0
7ff03cfa5000-7ff03cfe7000 r-xp 00000000 08:08 5901014                    /users/oconnorp/Programs/jdk1.6.0_32/jre/lib/amd64/xawt/libmawt.so
7ff03cfe7000-7ff03d0e6000 ---p 00042000 08:08 5901014                    /users/oconnorp/Programs/jdk1.6.0_32/jre/lib/amd64/xawt/libmawt.so
7ff03d0e6000-7ff03d0f2000 rwxp 00041000 08:08 5901014                    /users/oconnorp/Programs/jdk1.6.0_32/jre/lib/amd64/xawt/libmawt.so
7ff03d0f2000-7ff03d0f3000 rwxp 00000000 00:00 0 
7ff03d0f3000-7ff03d185000 r-xp 00000000 08:08 5901061                    /users/oconnorp/Programs/jdk1.6.0_32/jre/lib/amd64/libawt.so
7ff03d185000-7ff03d284000 ---p 00092000 08:08 5901061                    /users/oconnorp/Programs/jdk1.6.0_32/jre/lib/amd64/libawt.so
7ff03d284000-7ff03d29e000 rwxp 00091000 08:08 5901061                    /users/oconnorp/Programs/jdk1.6.0_32/jre/lib/amd64/libawt.so
7ff03d29e000-7ff03d2c2000 rwxp 00000000 00:00 0 
7ff03d2c2000-7ff03d2c3000 ---p 00000000 00:00 0 
7ff03d2c3000-7ff03d3c3000 rwxp 00000000 00:00 0 
7ff03d3c3000-7ff03d3c6000 ---p 00000000 00:00 0 
7ff03d3c6000-7ff03d4c4000 rwxp 00000000 00:00 0 
7ff03d4c4000-7ff03d4c7000 ---p 00000000 00:00 0 
7ff03d4c7000-7ff03d5c5000 rwxp 00000000 00:00 0 
7ff03d5c5000-7ff03d5c8000 ---p 00000000 00:00 0 
7ff03d5c8000-7ff03d6c6000 rwxp 00000000 00:00 0 
7ff03d6c6000-7ff03d6c9000 ---p 00000000 00:00 0 
7ff03d6c9000-7ff03d7c7000 rwxp 00000000 00:00 0 
7ff03d7c7000-7ff03d7ca000 ---p 00000000 00:00 0 
7ff03d7ca000-7ff03d8c8000 rwxp 00000000 00:00 0 
7ff03d8c8000-7ff03d8cb000 ---p 00000000 00:00 0 
7ff03d8cb000-7ff03d9c9000 rwxp 00000000 00:00 0 
7ff03d9c9000-7ff03d9cc000 r-xp 00000000 08:08 5901052                    /users/oconnorp/Programs/jdk1.6.0_32/jre/lib/amd64/libdt_socket.so
7ff03d9cc000-7ff03dacb000 ---p 00003000 08:08 5901052                    /users/oconnorp/Programs/jdk1.6.0_32/jre/lib/amd64/libdt_socket.so
7ff03dacb000-7ff03dacd000 rwxp 00002000 08:08 5901052                    /users/oconnorp/Programs/jdk1.6.0_32/jre/lib/amd64/libdt_socket.so
7ff03dacd000-7ff03dad0000 ---p 00000000 00:00 0 
7ff03dad0000-7ff03dbce000 rwxp 00000000 00:00 0 
7ff03dbce000-7ff03dbd1000 ---p 00000000 00:00 0 
7ff03dbd1000-7ff03dccf000 rwxp 00000000 00:00 0 
7ff03dccf000-7ff03dcd2000 ---p 00000000 00:00 0 
7ff03dcd2000-7ff03ddd0000 rwxp 00000000 00:00 0 
7ff03ddd0000-7ff03ddd1000 ---p 00000000 00:00 0 
7ff03ddd1000-7ff03e747000 rwxp 00000000 00:00 0 
7ff03e747000-7ff0414d7000 rwxp 00000000 00:00 0 
7ff0414d7000-7ff0414ee000 r-xp 00000000 08:02 1458513                    /lib/libnsl-2.12.1.so
7ff0414ee000-7ff0416ed000 ---p 00017000 08:02 1458513                    /lib/libnsl-2.12.1.so
7ff0416ed000-7ff0416ee000 r-xp 00016000 08:02 1458513                    /lib/libnsl-2.12.1.so
7ff0416ee000-7ff0416ef000 rwxp 00017000 08:02 1458513                    /lib/libnsl-2.12.1.so
7ff0416ef000-7ff0416f1000 rwxp 00000000 00:00 0 
7ff0417c3000-7ff041ac6000 rwxp 00000000 00:00 0 
7ff041ac6000-7ff041c5d000 r-xs 03079000 08:08 5901816                    /users/oconnorp/Programs/jdk1.6.0_32/jre/lib/rt.jar
7ff041c5d000-7ff041c5e000 ---p 00000000 00:00 0 
7ff041c5e000-7ff041d5e000 rwxp 00000000 00:00 0 
7ff041d5e000-7ff041d5f000 ---p 00000000 00:00 0 
7ff041d5f000-7ff041e5f000 rwxp 00000000 00:00 0 
7ff041e5f000-7ff041e60000 ---p 00000000 00:00 0 
7ff041e60000-7ff041f60000 rwxp 00000000 00:00 0 
7ff041f60000-7ff041f61000 ---p 00000000 00:00 0 
7ff041f61000-7ff042061000 rwxp 00000000 00:00 0 
7ff042061000-7ff042062000 ---p 00000000 00:00 0 
7ff042062000-7ff042162000 rwxp 00000000 00:00 0 
7ff042162000-7ff042163000 ---p 00000000 00:00 0 
7ff042163000-7ff042263000 rwxp 00000000 00:00 0 
7ff042263000-7ff042264000 ---p 00000000 00:00 0 
7ff042264000-7ff042364000 rwxp 00000000 00:00 0 
7ff042364000-7ff042365000 ---p 00000000 00:00 0 
7ff042365000-7ff042485000 rwxp 00000000 00:00 0 
7ff042485000-7ff042657000 rwxp 00000000 00:00 0 
7ff042657000-7ff042662000 rwxp 00000000 00:00 0 
7ff042662000-7ff042680000 rwxp 00000000 00:00 0 
7ff042680000-7ff0426a0000 rwxp 00000000 00:00 0 
7ff0426a0000-7ff042872000 rwxp 00000000 00:00 0 
7ff042872000-7ff0428b2000 rwxp 00000000 00:00 0 
7ff0428b2000-7ff0428b5000 ---p 00000000 00:00 0 
7ff0428b5000-7ff04296b000 rwxp 00000000 00:00 0 
7ff04296b000-7ff04296c000 rwxp 00000000 00:00 0 
7ff04296c000-7ff04297a000 r-xp 00000000 08:08 5901027                    /users/oconnorp/Programs/jdk1.6.0_32/jre/lib/amd64/libzip.so
7ff04297a000-7ff042a7c000 ---p 0000e000 08:08 5901027                    /users/oconnorp/Programs/jdk1.6.0_32/jre/lib/amd64/libzip.so
7ff042a7c000-7ff042a7f000 rwxp 00010000 08:08 5901027                    /users/oconnorp/Programs/jdk1.6.0_32/jre/lib/amd64/libzip.so
7ff042a7f000-7ff042a80000 rwxp 00000000 00:00 0 
7ff042a80000-7ff042a85000 r-xp 00000000 08:02 1458517                    /lib/libnss_dns-2.12.1.so
7ff042a85000-7ff042c84000 ---p 00005000 08:02 1458517                    /lib/libnss_dns-2.12.1.so
7ff042c84000-7ff042c85000 r-xp 00004000 08:02 1458517                    /lib/libnss_dns-2.12.1.so
7ff042c85000-7ff042c86000 rwxp 00005000 08:02 1458517                    /lib/libnss_dns-2.12.1.so
7ff042c86000-7ff042c88000 r-xp 00000000 08:02 1439093                    /lib/libnss_mdns4_minimal.so.2
7ff042c88000-7ff042e87000 ---p 00002000 08:02 1439093                    /lib/libnss_mdns4_minimal.so.2
7ff042e87000-7ff042e88000 r-xp 00001000 08:02 1439093                    /lib/libnss_mdns4_minimal.so.2
7ff042e88000-7ff042e89000 rwxp 00002000 08:02 1439093                    /lib/libnss_mdns4_minimal.so.2
7ff042e89000-7ff042e8c000 r-xp 00000000 08:02 1439061                    /lib/libgpg-error.so.0.4.0
7ff042e8c000-7ff04308b000 ---p 00003000 08:02 1439061                    /lib/libgpg-error.so.0.4.0
7ff04308b000-7ff04308c000 r-xp 00002000 08:02 1439061                    /lib/libgpg-error.so.0.4.0
7ff04308c000-7ff04308d000 rwxp 00003000 08:02 1439061                    /lib/libgpg-error.so.0.4.0
7ff04308d000-7ff043101000 r-xp 00000000 08:02 1439057                    /lib/libgcrypt.so.11.5.3
7ff043101000-7ff043301000 ---p 00074000 08:02 1439057                    /lib/libgcrypt.so.11.5.3
7ff043301000-7ff043302000 r-xp 00074000 08:02 1439057                    /lib/libgcrypt.so.11.5.3
7ff043302000-7ff043305000 rwxp 00075000 08:02 1439057                    /lib/libgcrypt.so.11.5.3
7ff043305000-7ff04331b000 r-xp 00000000 08:02 1439170                    /lib/libz.so.1.2.3.4
7ff04331b000-7ff04351b000 ---p 00016000 08:02 1439170                    /lib/libz.so.1.2.3.4
7ff04351b000-7ff04351c000 r-xp 00016000 08:02 1439170                    /lib/libz.so.1.2.3.4
7ff04351c000-7ff04351d000 rwxp 00017000 08:02 1439170                    /lib/libz.so.1.2.3.4
7ff04351d000-7ff04352d000 r-xp 00000000 08:02 526942                     /usr/lib/libtasn1.so.3.1.9
7ff04352d000-7ff04372c000 ---p 00010000 08:02 526942                     /usr/lib/libtasn1.so.3.1.9
7ff04372c000-7ff04372d000 r-xp 0000f000 08:02 526942                     /usr/lib/libtasn1.so.3.1.9
7ff04372d000-7ff04372e000 rwxp 00010000 08:02 526942                     /usr/lib/libtasn1.so.3.1.9
7ff04372e000-7ff043730000 r-xp 00000000 08:02 1439069                    /lib/libkeyutils.so.1.3
7ff043730000-7ff04392f000 ---p 00002000 08:02 1439069                    /lib/libkeyutils.so.1.3
7ff04392f000-7ff043930000 r-xp 00001000 08:02 1439069                    /lib/libkeyutils.so.1.3
7ff043930000-7ff043931000 rwxp 00002000 08:02 1439069                    /lib/libkeyutils.so.1.3
7ff043931000-7ff043938000 r-xp 00000000 08:02 527117                     /usr/lib/libkrb5support.so.0.1
7ff043938000-7ff043b37000 ---p 00007000 08:02 527117                     /usr/lib/libkrb5support.so.0.1
7ff043b37000-7ff043b38000 r-xp 00006000 08:02 527117                     /usr/lib/libkrb5support.so.0.1
7ff043b38000-7ff043b39000 rwxp 00007000 08:02 527117                     /usr/lib/libkrb5support.so.0.1
7ff043b39000-7ff043b5d000 r-xp 00000000 08:02 526265                     /usr/lib/libk5crypto.so.3.1
7ff043b5d000-7ff043d5d000 ---p 00024000 08:02 526265                     /usr/lib/libk5crypto.so.3.1
7ff043d5d000-7ff043d5e000 r-xp 00024000 08:02 526265                     /usr/lib/libk5crypto.so.3.1
7ff043d5e000-7ff043d5f000 rwxp 00025000 08:02 526265                     /usr/lib/libk5crypto.so.3.1
7ff043d5f000-7ff043df9000 r-xp 00000000 08:02 525012                     /usr/lib/libgnutls.so.26.14.12
7ff043df9000-7ff043ff9000 ---p 0009a000 08:02 525012                     /usr/lib/libgnutls.so.26.14.12
7ff043ff9000-7ff043fff000 r-xp 0009a000 08:02 525012                     /usr/lib/libgnutls.so.26.14.12
7ff043fff000-7ff044000000 rwxp 000a0000 08:02 525012                     /usr/lib/libgnutls.so.26.14.12
7ff044000000-7ff04479c000 rwxp 00000000 00:00 0 
7ff04479c000-7ff048000000 ---p 00000000 00:00 0 
7ff04805e000-7ff04805f000 r-xs 00000000 08:02 1706781                    /var/cache/fontconfig/c05880de57d1f5e948fdfacc138775d9-le64.cache-3
7ff04805f000-7ff048068000 r-xs 00000000 08:02 1706778                    /var/cache/fontconfig/945677eb7aeaf62f1d50efc3fb3ec7d8-le64.cache-3
7ff048068000-7ff04806a000 r-xs 00000000 08:02 1706779                    /var/cache/fontconfig/99e8ed0e538f840c565b6ed5dad60d56-le64.cache-3
7ff04806a000-7ff04806d000 r-xs 00000000 08:02 1706788                    /var/cache/fontconfig/e383d7ea5fbe662a33d9b44caf393297-le64.cache-3
7ff04806d000-7ff048070000 r-xs 00000000 08:02 1704604                    /var/cache/fontconfig/2cd17615ca594fa2959ae173292e504c-le64.cache-3
7ff048070000-7ff048071000 r-xs 00000000 08:02 1706789                    /var/cache/fontconfig/e7071f4a29fa870f4323321c154eba04-le64.cache-3
7ff048071000-7ff048074000 r-xs 00000000 08:02 1704494                    /var/cache/fontconfig/b5ea634b0fb353b8ea17632d1f9ef766-le64.cache-3
7ff048074000-7ff048078000 r-xs 00000000 08:02 1706775                    /var/cache/fontconfig/6eb3985aa4124903f6ff08ba781cd364-le64.cache-3
7ff048078000-7ff048079000 r-xs 00000000 08:02 1706771                    /var/cache/fontconfig/4c73fe0c47614734b17d736dbde7580a-le64.cache-3
7ff048079000-7ff04807a000 r-xs 00000000 08:02 1706764                    /var/cache/fontconfig/0d8c3b2ac0904cb8a57a757ad11a4a08-le64.cache-3
7ff04807a000-7ff04807b000 r-xs 00000000 08:02 1706773                    /var/cache/fontconfig/6a53c69dea097a2d716e069445527da8-le64.cache-3
7ff04807b000-7ff048081000 r-xs 00000000 08:02 1706780                    /var/cache/fontconfig/a755afe4a08bf5b97852ceb7400b47bc-le64.cache-3
7ff048081000-7ff04808a000 r-xs 00000000 08:02 1704816                    /var/cache/fontconfig/6d41288fd70b0be22e8c3a91e032eec0-le64.cache-3
7ff04808a000-7ff04809a000 r-xs 00000000 08:02 1706765                    /var/cache/fontconfig/0f34bcd4b6ee430af32735b75db7f02b-le64.cache-3
7ff04809a000-7ff04809d000 r-xs 00000000 08:02 1706785                    /var/cache/fontconfig/d60319d88cac85ba9e1a07bd06cfbb8c-le64.cache-3
7ff04809d000-7ff04809e000 r-xs 00000000 08:02 1706423                    /var/cache/fontconfig/4794a0821666d79190d59a36cb4f44b5-le64.cache-3
7ff04809e000-7ff0480a8000 r-xs 00000000 08:02 1706784                    /var/cache/fontconfig/d52a8644073d54c13679302ca1180695-le64.cache-3
7ff0480a8000-7ff0480bb000 r-xs 00000000 08:02 1703478                    /var/cache/fontconfig/e13b20fdb08344e0e664864cc2ede53d-le64.cache-3
7ff0480bb000-7ff0480bf000 r-xs 00000000 08:02 1704562                    /var/cache/fontconfig/7ef2298fde41cc6eeb7af42e48b7d293-le64.cache-3
7ff0480bf000-7ff0480d3000 r-xs 00000000 08:02 1717119                    /var/cache/fontconfig/865f88548240fee46819705c6468c165-le64.cache-3
7ff0480d3000-7ff0480de000 rwxp 00000000 00:00 0 
7ff0480de000-7ff0480fc000 rwxp 00000000 00:00 0 
7ff0480fc000-7ff048112000 r-xp 00000000 08:02 1458530                    /lib/libresolv-2.12.1.so
7ff048112000-7ff048311000 ---p 00016000 08:02 1458530                    /lib/libresolv-2.12.1.so
7ff048311000-7ff048312000 r-xp 00015000 08:02 1458530                    /lib/libresolv-2.12.1.so
7ff048312000-7ff048313000 rwxp 00016000 08:02 1458530                    /lib/libresolv-2.12.1.so
7ff048313000-7ff048315000 rwxp 00000000 00:00 0 
7ff048315000-7ff048347000 r-xp 00000000 08:02 529493                     /usr/lib/libgssapi_krb5.so.2.2
7ff048347000-7ff048547000 ---p 00032000 08:02 529493                     /usr/lib/libgssapi_krb5.so.2.2
7ff048547000-7ff048548000 r-xp 00032000 08:02 529493                     /usr/lib/libgssapi_krb5.so.2.2
7ff048548000-7ff048549000 rwxp 00033000 08:02 529493                     /usr/lib/libgssapi_krb5.so.2.2
7ff048549000-7ff04854c000 r-xp 00000000 08:02 1439028                    /lib/libcom_err.so.2.1
7ff04854c000-7ff04874b000 ---p 00003000 08:02 1439028                    /lib/libcom_err.so.2.1
7ff04874b000-7ff04874c000 r-xp 00002000 08:02 1439028                    /lib/libcom_err.so.2.1
7ff04874c000-7ff04874d000 rwxp 00003000 08:02 1439028                    /lib/libcom_err.so.2.1
7ff04874d000-7ff048806000 r-xp 00000000 08:02 537775                     /usr/lib/libkrb5.so.3.3
7ff048806000-7ff048a05000 ---p 000b9000 08:02 537775                     /usr/lib/libkrb5.so.3.3
7ff048a05000-7ff048a0e000 r-xp 000b8000 08:02 537775                     /usr/lib/libkrb5.so.3.3
7ff048a0e000-7ff048a0f000 rwxp 000c1000 08:02 537775                     /usr/lib/libkrb5.so.3.3
7ff048a0f000-7ff048a28000 r-xp 00000000 08:02 526884                     /usr/lib/libsasl2.so.2.0.23
7ff048a28000-7ff048c27000 ---p 00019000 08:02 526884                     /usr/lib/libsasl2.so.2.0.23
7ff048c27000-7ff048c28000 r-xp 00018000 08:02 526884                     /usr/lib/libsasl2.so.2.0.23
7ff048c28000-7ff048c29000 rwxp 00019000 08:02 526884                     /usr/lib/libsasl2.so.2.0.23
7ff048c29000-7ff048c36000 r-xp 00000000 08:02 523653                     /usr/lib/liblber-2.4.so.2.5.6
7ff048c36000-7ff048e35000 ---p 0000d000 08:02 523653                     /usr/lib/liblber-2.4.so.2.5.6
7ff048e35000-7ff048e36000 r-xp 0000c000 08:02 523653                     /usr/lib/liblber-2.4.so.2.5.6
7ff048e36000-7ff048e37000 rwxp 0000d000 08:02 523653                     /usr/lib/liblber-2.4.so.2.5.6
7ff048e37000-7ff048e7d000 r-xp 00000000 08:02 523654                     /usr/lib/libldap_r-2.4.so.2.5.6
7ff048e7d000-7ff04907d000 ---p 00046000 08:02 523654                     /usr/lib/libldap_r-2.4.so.2.5.6
7ff04907d000-7ff04907f000 r-xp 00046000 08:02 523654                     /usr/lib/libldap_r-2.4.so.2.5.6
7ff04907f000-7ff049080000 rwxp 00048000 08:02 523654                     /usr/lib/libldap_r-2.4.so.2.5.6
7ff049080000-7ff049082000 rwxp 00000000 00:00 0 
7ff049082000-7ff049096000 r-xp 00000000 08:02 1455812                    /lib/libnss_ldap-2.11.1.so
7ff049096000-7ff049295000 ---p 00014000 08:02 1455812                    /lib/libnss_ldap-2.11.1.so
7ff049295000-7ff049296000 r-xp 00013000 08:02 1455812                    /lib/libnss_ldap-2.11.1.so
7ff049296000-7ff049297000 rwxp 00014000 08:02 1455812                    /lib/libnss_ldap-2.11.1.so
7ff049297000-7ff0492a2000 rwxp 00000000 00:00 0 
7ff0492a2000-7ff0492ae000 r-xp 00000000 08:02 1458520                    /lib/libnss_files-2.12.1.so
7ff0492ae000-7ff0494ad000 ---p 0000c000 08:02 1458520                    /lib/libnss_files-2.12.1.so
7ff0494ad000-7ff0494ae000 r-xp 0000b000 08:02 1458520                    /lib/libnss_files-2.12.1.so
7ff0494ae000-7ff0494af000 rwxp 0000c000 08:02 1458520                    /lib/libnss_files-2.12.1.so
7ff0494af000-7ff0494b2000 r-xp 00000000 08:08 5901018                    /users/oconnorp/Programs/jdk1.6.0_32/jre/lib/amd64/libnpt.so
7ff0494b2000-7ff0495b1000 ---p 00003000 08:08 5901018                    /users/oconnorp/Programs/jdk1.6.0_32/jre/lib/amd64/libnpt.so
7ff0495b1000-7ff0495b2000 rwxp 00002000 08:08 5901018                    /users/oconnorp/Programs/jdk1.6.0_32/jre/lib/amd64/libnpt.so
7ff0495b2000-7ff0495e8000 r-xp 00000000 08:08 5901044                    /users/oconnorp/Programs/jdk1.6.0_32/jre/lib/amd64/libjdwp.so
7ff0495e8000-7ff0496e7000 ---p 00036000 08:08 5901044                    /users/oconnorp/Programs/jdk1.6.0_32/jre/lib/amd64/libjdwp.so
7ff0496e7000-7ff0496f1000 rwxp 00035000 08:08 5901044                    /users/oconnorp/Programs/jdk1.6.0_32/jre/lib/amd64/libjdwp.so
7ff0496f1000-7ff04971a000 r-xp 00000000 08:08 5901040                    /users/oconnorp/Programs/jdk1.6.0_32/jre/lib/amd64/libjava.so
7ff04971a000-7ff049819000 ---p 00029000 08:08 5901040                    /users/oconnorp/Programs/jdk1.6.0_32/jre/lib/amd64/libjava.so
7ff049819000-7ff049820000 rwxp 00028000 08:08 5901040                    /users/oconnorp/Programs/jdk1.6.0_32/jre/lib/amd64/libjava.so
7ff049820000-7ff04982d000 r-xp 00000000 08:08 5901022                    /users/oconnorp/Programs/jdk1.6.0_32/jre/lib/amd64/libverify.so
7ff04982d000-7ff04992c000 ---p 0000d000 08:08 5901022                    /users/oconnorp/Programs/jdk1.6.0_32/jre/lib/amd64/libverify.so
7ff04992c000-7ff04992f000 rwxp 0000c000 08:08 5901022                    /users/oconnorp/Programs/jdk1.6.0_32/jre/lib/amd64/libverify.so
7ff04992f000-7ff049936000 r-xp 00000000 08:02 1458532                    /lib/librt-2.12.1.so
7ff049936000-7ff049b35000 ---p 00007000 08:02 1458532                    /lib/librt-2.12.1.so
7ff049b35000-7ff049b36000 r-xp 00006000 08:02 1458532                    /lib/librt-2.12.1.so
7ff049b36000-7ff049b37000 rwxp 00007000 08:02 1458532                    /lib/librt-2.12.1.so
7ff049b37000-7ff049b3c000 r-xp 00000000 08:02 526093                     /usr/lib/libXfixes.so.3.1.0
7ff049b3c000-7ff049d3b000 ---p 00005000 08:02 526093                     /usr/lib/libXfixes.so.3.1.0
7ff049d3b000-7ff049d3c000 r-xp 00004000 08:02 526093                     /usr/lib/libXfixes.so.3.1.0
7ff049d3c000-7ff049d3d000 rwxp 00005000 08:02 526093                     /usr/lib/libXfixes.so.3.1.0
7ff049d3d000-7ff049d46000 r-xp 00000000 08:02 526113                     /usr/lib/libXrender.so.1.3.0
7ff049d46000-7ff049f45000 ---p 00009000 08:02 526113                     /usr/lib/libXrender.so.1.3.0
7ff049f45000-7ff049f46000 r-xp 00008000 08:02 526113                     /usr/lib/libXrender.so.1.3.0
7ff049f46000-7ff049f47000 rwxp 00009000 08:02 526113                     /usr/lib/libXrender.so.1.3.0
7ff049f47000-7ff049f50000 r-xp 00000000 08:02 526085                     /usr/lib/libXcursor.so.1.0.2
7ff049f50000-7ff04a14f000 ---p 00009000 08:02 526085                     /usr/lib/libXcursor.so.1.0.2
7ff04a14f000-7ff04a150000 r-xp 00008000 08:02 526085                     /usr/lib/libXcursor.so.1.0.2
7ff04a150000-7ff04a151000 rwxp 00009000 08:02 526085                     /usr/lib/libXcursor.so.1.0.2
7ff04a15e000-7ff04a16e000 r-xs 00155000 08:08 9176649                    /users/oconnorp/Desktop/jsstest/JSpikeStack/jars/jfreechart-1.0.14.jar
7ff04a16e000-7ff04a171000 ---p 00000000 00:00 0 
7ff04a171000-7ff04a26f000 rwxp 00000000 00:00 0 
7ff04a26f000-7ff04a513000 r-xp 00000000 08:02 524201                     /usr/lib/locale/locale-archive
7ff04a513000-7ff04a514000 ---p 00000000 00:00 0 
7ff04a514000-7ff04ad14000 rwxp 00000000 00:00 0 
7ff04ad41000-7ff04ad45000 rwxs 64859000 00:05 8245                       /dev/nvidia0
7ff04ad69000-7ff04ad82000 rwxs 00000000 00:04 0                          /SYSV00000000 (deleted)
7ff04ad82000-7ff04ad8a000 r-xs 00115000 08:08 5901131                    /users/oconnorp/Programs/jdk1.6.0_32/jre/lib/resources.jar
7ff04ad8a000-7ff04ad8f000 r-xp 00000000 08:02 526089                     /usr/lib/libXdmcp.so.6.0.0
7ff04ad8f000-7ff04af8e000 ---p 00005000 08:02 526089                     /usr/lib/libXdmcp.so.6.0.0
7ff04af8e000-7ff04af8f000 r-xp 00004000 08:02 526089                     /usr/lib/libXdmcp.so.6.0.0
7ff04af8f000-7ff04af90000 rwxp 00005000 08:02 526089                     /usr/lib/libXdmcp.so.6.0.0
7ff04af90000-7ff04af92000 r-xp 00000000 08:02 526078                     /usr/lib/libXau.so.6.0.0
7ff04af92000-7ff04b191000 ---p 00002000 08:02 526078                     /usr/lib/libXau.so.6.0.0
7ff04b191000-7ff04b192000 r-xp 00001000 08:02 526078                     /usr/lib/libXau.so.6.0.0
7ff04b192000-7ff04b193000 rwxp 00002000 08:02 526078                     /usr/lib/libXau.so.6.0.0
7ff04b193000-7ff04b1ae000 r-xp 00000000 08:02 527039                     /usr/lib/libxcb.so.1.1.0
7ff04b1ae000-7ff04b3ae000 ---p 0001b000 08:02 527039                     /usr/lib/libxcb.so.1.1.0
7ff04b3ae000-7ff04b3af000 r-xp 0001b000 08:02 527039                     /usr/lib/libxcb.so.1.1.0
7ff04b3af000-7ff04b3b0000 rwxp 0001c000 08:02 527039                     /usr/lib/libxcb.so.1.1.0
7ff04b3b0000-7ff04b3c1000 r-xp 00000000 08:02 526091                     /usr/lib/libXext.so.6.4.0
7ff04b3c1000-7ff04b5c0000 ---p 00011000 08:02 526091                     /usr/lib/libXext.so.6.4.0
7ff04b5c0000-7ff04b5c1000 r-xp 00010000 08:02 526091                     /usr/lib/libXext.so.6.4.0
7ff04b5c1000-7ff04b5c2000 rwxp 00011000 08:02 526091                     /usr/lib/libXext.so.6.4.0
7ff04b5c2000-7ff04b6f3000 r-xp 00000000 08:02 526074                     /usr/lib/libX11.so.6.3.0
7ff04b6f3000-7ff04b8f3000 ---p 00131000 08:02 526074                     /usr/lib/libX11.so.6.3.0
7ff04b8f3000-7ff04b8f4000 r-xp 00131000 08:02 526074                     /usr/lib/libX11.so.6.3.0
7ff04b8f4000-7ff04b8f8000 rwxp 00132000 08:02 526074                     /usr/lib/libX11.so.6.3.0
7ff04b8f8000-7ff04b92d000 r-xp 00000000 08:08 5901050                    /users/oconnorp/Programs/jdk1.6.0_32/jre/lib/amd64/libsplashscreen.so
7ff04b92d000-7ff04ba2c000 ---p 00035000 08:08 5901050                    /users/oconnorp/Programs/jdk1.6.0_32/jre/lib/amd64/libsplashscreen.so
7ff04ba2c000-7ff04ba37000 rwxp 00034000 08:08 5901050                    /users/oconnorp/Programs/jdk1.6.0_32/jre/lib/amd64/libsplashscreen.so
7ff04ba37000-7ff04ba3a000 rwxp 00000000 00:00 0 
7ff04ba3a000-7ff04babc000 r-xp 00000000 08:02 1458509                    /lib/libm-2.12.1.so
7ff04babc000-7ff04bcbb000 ---p 00082000 08:02 1458509                    /lib/libm-2.12.1.so
7ff04bcbb000-7ff04bcbc000 r-xp 00081000 08:02 1458509                    /lib/libm-2.12.1.so
7ff04bcbc000-7ff04bcbd000 rwxp 00082000 08:02 1458509                    /lib/libm-2.12.1.so
7ff04bcbd000-7ff04c5d8000 r-xp 00000000 08:08 5901047                    /users/oconnorp/Programs/jdk1.6.0_32/jre/lib/amd64/server/libjvm.so
7ff04c5d8000-7ff04c6d9000 ---p 0091b000 08:08 5901047                    /users/oconnorp/Programs/jdk1.6.0_32/jre/lib/amd64/server/libjvm.so
7ff04c6d9000-7ff04c88e000 rwxp 0091c000 08:08 5901047                    /users/oconnorp/Programs/jdk1.6.0_32/jre/lib/amd64/server/libjvm.so
7ff04c88e000-7ff04c8c8000 rwxp 00000000 00:00 0 
7ff04c8c8000-7ff04ca42000 r-xp 00000000 08:02 1455998                    /lib/libc-2.12.1.so
7ff04ca42000-7ff04cc42000 ---p 0017a000 08:02 1455998                    /lib/libc-2.12.1.so
7ff04cc42000-7ff04cc46000 r-xp 0017a000 08:02 1455998                    /lib/libc-2.12.1.so
7ff04cc46000-7ff04cc47000 rwxp 0017e000 08:02 1455998                    /lib/libc-2.12.1.so
7ff04cc47000-7ff04cc4c000 rwxp 00000000 00:00 0 
7ff04cc4c000-7ff04cc4e000 r-xp 00000000 08:02 1458337                    /lib/libdl-2.12.1.so
7ff04cc4e000-7ff04ce4e000 ---p 00002000 08:02 1458337                    /lib/libdl-2.12.1.so
7ff04ce4e000-7ff04ce4f000 r-xp 00002000 08:02 1458337                    /lib/libdl-2.12.1.so
7ff04ce4f000-7ff04ce50000 rwxp 00003000 08:02 1458337                    /lib/libdl-2.12.1.so
7ff04ce50000-7ff04ce68000 r-xp 00000000 08:02 1458529                    /lib/libpthread-2.12.1.so
7ff04ce68000-7ff04d067000 ---p 00018000 08:02 1458529                    /lib/libpthread-2.12.1.so
7ff04d067000-7ff04d068000 r-xp 00017000 08:02 1458529                    /lib/libpthread-2.12.1.so
7ff04d068000-7ff04d069000 rwxp 00018000 08:02 1458529                    /lib/libpthread-2.12.1.so
7ff04d069000-7ff04d06d000 rwxp 00000000 00:00 0 
7ff04d06d000-7ff04d08d000 r-xp 00000000 08:02 1440689                    /lib/ld-2.12.1.so
7ff04d08f000-7ff04d090000 rwxs f8060000 00:05 8245                       /dev/nvidia0
7ff04d090000-7ff04d09b000 r-xs 00108000 08:08 9176648                    /users/oconnorp/Desktop/jsstest/JSpikeStack/jars/jogl.jar
7ff04d09b000-7ff04d09d000 r-xs 00002000 08:08 9176641                    /users/oconnorp/Desktop/jsstest/JSpikeStack/jars/jfreechart-1.0.14-experimental.jar
7ff04d09d000-7ff04d0a7000 rwxp 00000000 00:00 0 
7ff04d0a7000-7ff04d15d000 rwxp 00000000 00:00 0 
7ff04d15d000-7ff04d15e000 rwxp 00000000 00:00 0 
7ff04d15e000-7ff04d15f000 r-xp 00000000 00:00 0 
7ff04d15f000-7ff04d160000 r-xs 00004000 08:08 9176646                    /users/oconnorp/Desktop/jsstest/JSpikeStack/jars/gluegen-rt.jar
7ff04d160000-7ff04d163000 rwxp 00000000 00:00 0 
7ff04d163000-7ff04d16a000 r-xp 00000000 08:08 5901012                    /users/oconnorp/Programs/jdk1.6.0_32/jre/lib/amd64/jli/libjli.so
7ff04d16a000-7ff04d26b000 ---p 00007000 08:08 5901012                    /users/oconnorp/Programs/jdk1.6.0_32/jre/lib/amd64/jli/libjli.so
7ff04d26b000-7ff04d26d000 rwxp 00008000 08:08 5901012                    /users/oconnorp/Programs/jdk1.6.0_32/jre/lib/amd64/jli/libjli.so
7ff04d26d000-7ff04d26e000 rwxp 00000000 00:00 0 
7ff04d26e000-7ff04d274000 r-xs 00046000 08:08 9176633                    /users/oconnorp/Desktop/jsstest/JSpikeStack/jars/jcommon-1.0.17.jar
7ff04d274000-7ff04d27c000 rwxs 00000000 08:02 392632                     /tmp/hsperfdata_oconnorp/13226
7ff04d27c000-7ff04d284000 rwxp 00000000 00:00 0 
7ff04d284000-7ff04d28b000 r-xs 00000000 08:02 545898                     /usr/lib/gconv/gconv-modules.cache
7ff04d28b000-7ff04d28d000 rwxp 00000000 00:00 0 
7ff04d28d000-7ff04d28e000 r-xp 00020000 08:02 1440689                    /lib/ld-2.12.1.so
7ff04d28e000-7ff04d28f000 rwxp 00021000 08:02 1440689                    /lib/ld-2.12.1.so
7ff04d28f000-7ff04d290000 rwxp 00000000 00:00 0 
7fff46df5000-7fff46e16000 rwxp 00000000 00:00 0                          [stack]
7fff46f7f000-7fff46f80000 r-xp 00000000 00:00 0                          [vdso]
ffffffffff600000-ffffffffff601000 r-xp 00000000 00:00 0                  [vsyscall]

VM Arguments:
jvm_args: -Xdebug -Xrunjdwp:transport=dt_socket,address=localhost.localdomain:55153 -Dfile.encoding=UTF-8 -Djava.library.path=jars -Dsun.java2d.noddraw=true -Dsun.java2d.opengl=false 
java_command: jspikestack.JspikeStack
Launcher Type: SUN_STANDARD

Environment Variables:
PATH=/usr/local/sbin:/usr/local/bin:/usr/sbin:/usr/bin:/sbin:/bin:/usr/games
USERNAME=oconnorp
LD_LIBRARY_PATH=/users/oconnorp/Programs/jdk1.6.0_32/jre/lib/amd64/server:/users/oconnorp/Programs/jdk1.6.0_32/jre/lib/amd64:/users/oconnorp/Programs/jdk1.6.0_32/jre/../lib/amd64
SHELL=/bin/bash
DISPLAY=:0.0

Signal Handlers:
SIGSEGV: [libjvm.so+0x8602a0], sa_mask[0]=0x7ffbfeff, sa_flags=0x10000004
SIGBUS: [libjvm.so+0x8602a0], sa_mask[0]=0x7ffbfeff, sa_flags=0x10000004
SIGFPE: [libjvm.so+0x70ef10], sa_mask[0]=0x7ffbfeff, sa_flags=0x10000004
SIGPIPE: SIG_IGN, sa_mask[0]=0x00000000, sa_flags=0x00000000
SIGXFSZ: [libjvm.so+0x70ef10], sa_mask[0]=0x7ffbfeff, sa_flags=0x10000004
SIGILL: [libjvm.so+0x70ef10], sa_mask[0]=0x7ffbfeff, sa_flags=0x10000004
SIGUSR1: SIG_DFL, sa_mask[0]=0x00000000, sa_flags=0x00000000
SIGUSR2: [libjvm.so+0x711d40], sa_mask[0]=0x00000004, sa_flags=0x10000004
SIGHUP: [libjvm.so+0x711940], sa_mask[0]=0x7ffbfeff, sa_flags=0x10000004
SIGINT: SIG_IGN, sa_mask[0]=0x00000000, sa_flags=0x00000000
SIGTERM: [libjvm.so+0x711940], sa_mask[0]=0x7ffbfeff, sa_flags=0x10000004
SIGQUIT: [libjvm.so+0x711940], sa_mask[0]=0x7ffbfeff, sa_flags=0x10000004


---------------  S Y S T E M  ---------------

OS:squeeze/sid

uname:Linux 2.6.35-32-generic #67-Ubuntu SMP Mon Mar 5 19:39:49 UTC 2012 x86_64
libc:glibc 2.12.1 NPTL 2.12.1 
rlimit: STACK 8192k, CORE 0k, NPROC infinity, NOFILE 1024, AS infinity
load average:0.17 0.21 0.16

/proc/meminfo:
MemTotal:        6117320 kB
MemFree:          591876 kB
Buffers:          209496 kB
Cached:          3265424 kB
SwapCached:            0 kB
Active:          1982316 kB
Inactive:        3013720 kB
Active(anon):    1241744 kB
Inactive(anon):   291576 kB
Active(file):     740572 kB
Inactive(file):  2722144 kB
Unevictable:        1636 kB
Mlocked:            1636 kB
SwapTotal:       2928636 kB
SwapFree:        2928636 kB
Dirty:               332 kB
Writeback:             0 kB
AnonPages:       1522964 kB
Mapped:           151120 kB
Shmem:             12200 kB
Slab:             288568 kB
SReclaimable:     260132 kB
SUnreclaim:        28436 kB
KernelStack:        4456 kB
PageTables:        30252 kB
NFS_Unstable:          0 kB
Bounce:                0 kB
WritebackTmp:          0 kB
CommitLimit:     5987296 kB
Committed_AS:    3157204 kB
VmallocTotal:   34359738367 kB
VmallocUsed:      357284 kB
VmallocChunk:   34359374844 kB
HardwareCorrupted:     0 kB
HugePages_Total:       0
HugePages_Free:        0
HugePages_Rsvd:        0
HugePages_Surp:        0
Hugepagesize:       2048 kB
DirectMap4k:      192000 kB
DirectMap2M:     6090752 kB


CPU:total 8 (4 cores per cpu, 2 threads per core) family 6 model 26 stepping 5, cmov, cx8, fxsr, mmx, sse, sse2, sse3, ssse3, sse4.1, sse4.2, popcnt, ht

/proc/cpuinfo:
processor	: 0
vendor_id	: GenuineIntel
cpu family	: 6
model		: 26
model name	: Intel(R) Core(TM) i7 CPU         950  @ 3.07GHz
stepping	: 5
cpu MHz		: 3068.000
cache size	: 8192 KB
physical id	: 0
siblings	: 8
core id		: 0
cpu cores	: 4
apicid		: 0
initial apicid	: 0
fpu		: yes
fpu_exception	: yes
cpuid level	: 11
wp		: yes
flags		: fpu vme de pse tsc msr pae mce cx8 apic sep mtrr pge mca cmov pat pse36 clflush dts acpi mmx fxsr sse sse2 ss ht tm pbe syscall nx rdtscp lm constant_tsc arch_perfmon pebs bts rep_good xtopology nonstop_tsc aperfmperf pni dtes64 monitor ds_cpl vmx est tm2 ssse3 cx16 xtpr pdcm sse4_1 sse4_2 popcnt lahf_lm ida dts tpr_shadow vnmi flexpriority ept vpid
bogomips	: 6146.52
clflush size	: 64
cache_alignment	: 64
address sizes	: 36 bits physical, 48 bits virtual
power management:

processor	: 1
vendor_id	: GenuineIntel
cpu family	: 6
model		: 26
model name	: Intel(R) Core(TM) i7 CPU         950  @ 3.07GHz
stepping	: 5
cpu MHz		: 3068.000
cache size	: 8192 KB
physical id	: 0
siblings	: 8
core id		: 1
cpu cores	: 4
apicid		: 2
initial apicid	: 2
fpu		: yes
fpu_exception	: yes
cpuid level	: 11
wp		: yes
flags		: fpu vme de pse tsc msr pae mce cx8 apic sep mtrr pge mca cmov pat pse36 clflush dts acpi mmx fxsr sse sse2 ss ht tm pbe syscall nx rdtscp lm constant_tsc arch_perfmon pebs bts rep_good xtopology nonstop_tsc aperfmperf pni dtes64 monitor ds_cpl vmx est tm2 ssse3 cx16 xtpr pdcm sse4_1 sse4_2 popcnt lahf_lm ida dts tpr_shadow vnmi flexpriority ept vpid
bogomips	: 6103.29
clflush size	: 64
cache_alignment	: 64
address sizes	: 36 bits physical, 48 bits virtual
power management:

processor	: 2
vendor_id	: GenuineIntel
cpu family	: 6
model		: 26
model name	: Intel(R) Core(TM) i7 CPU         950  @ 3.07GHz
stepping	: 5
cpu MHz		: 3068.000
cache size	: 8192 KB
physical id	: 0
siblings	: 8
core id		: 2
cpu cores	: 4
apicid		: 4
initial apicid	: 4
fpu		: yes
fpu_exception	: yes
cpuid level	: 11
wp		: yes
flags		: fpu vme de pse tsc msr pae mce cx8 apic sep mtrr pge mca cmov pat pse36 clflush dts acpi mmx fxsr sse sse2 ss ht tm pbe syscall nx rdtscp lm constant_tsc arch_perfmon pebs bts rep_good xtopology nonstop_tsc aperfmperf pni dtes64 monitor ds_cpl vmx est tm2 ssse3 cx16 xtpr pdcm sse4_1 sse4_2 popcnt lahf_lm ida dts tpr_shadow vnmi flexpriority ept vpid
bogomips	: 6147.19
clflush size	: 64
cache_alignment	: 64
address sizes	: 36 bits physical, 48 bits virtual
power management:

processor	: 3
vendor_id	: GenuineIntel
cpu family	: 6
model		: 26
model name	: Intel(R) Core(TM) i7 CPU         950  @ 3.07GHz
stepping	: 5
cpu MHz		: 3068.000
cache size	: 8192 KB
physical id	: 0
siblings	: 8
core id		: 3
cpu cores	: 4
apicid		: 6
initial apicid	: 6
fpu		: yes
fpu_exception	: yes
cpuid level	: 11
wp		: yes
flags		: fpu vme de pse tsc msr pae mce cx8 apic sep mtrr pge mca cmov pat pse36 clflush dts acpi mmx fxsr sse sse2 ss ht tm pbe syscall nx rdtscp lm constant_tsc arch_perfmon pebs bts rep_good xtopology nonstop_tsc aperfmperf pni dtes64 monitor ds_cpl vmx est tm2 ssse3 cx16 xtpr pdcm sse4_1 sse4_2 popcnt lahf_lm ida dts tpr_shadow vnmi flexpriority ept vpid
bogomips	: 6147.18
clflush size	: 64
cache_alignment	: 64
address sizes	: 36 bits physical, 48 bits virtual
power management:

processor	: 4
vendor_id	: GenuineIntel
cpu family	: 6
model		: 26
model name	: Intel(R) Core(TM) i7 CPU         950  @ 3.07GHz
stepping	: 5
cpu MHz		: 1600.000
cache size	: 8192 KB
physical id	: 0
siblings	: 8
core id		: 0
cpu cores	: 4
apicid		: 1
initial apicid	: 1
fpu		: yes
fpu_exception	: yes
cpuid level	: 11
wp		: yes
flags		: fpu vme de pse tsc msr pae mce cx8 apic sep mtrr pge mca cmov pat pse36 clflush dts acpi mmx fxsr sse sse2 ss ht tm pbe syscall nx rdtscp lm constant_tsc arch_perfmon pebs bts rep_good xtopology nonstop_tsc aperfmperf pni dtes64 monitor ds_cpl vmx est tm2 ssse3 cx16 xtpr pdcm sse4_1 sse4_2 popcnt lahf_lm ida dts tpr_shadow vnmi flexpriority ept vpid
bogomips	: 6147.29
clflush size	: 64
cache_alignment	: 64
address sizes	: 36 bits physical, 48 bits virtual
power management:

processor	: 5
vendor_id	: GenuineIntel
cpu family	: 6
model		: 26
model name	: Intel(R) Core(TM) i7 CPU         950  @ 3.07GHz
stepping	: 5
cpu MHz		: 3068.000
cache size	: 8192 KB
physical id	: 0
siblings	: 8
core id		: 1
cpu cores	: 4
apicid		: 3
initial apicid	: 3
fpu		: yes
fpu_exception	: yes
cpuid level	: 11
wp		: yes
flags		: fpu vme de pse tsc msr pae mce cx8 apic sep mtrr pge mca cmov pat pse36 clflush dts acpi mmx fxsr sse sse2 ss ht tm pbe syscall nx rdtscp lm constant_tsc arch_perfmon pebs bts rep_good xtopology nonstop_tsc aperfmperf pni dtes64 monitor ds_cpl vmx est tm2 ssse3 cx16 xtpr pdcm sse4_1 sse4_2 popcnt lahf_lm ida dts tpr_shadow vnmi flexpriority ept vpid
bogomips	: 6147.18
clflush size	: 64
cache_alignment	: 64
address sizes	: 36 bits physical, 48 bits virtual
power management:

processor	: 6
vendor_id	: GenuineIntel
cpu family	: 6
model		: 26
model name	: Intel(R) Core(TM) i7 CPU         950  @ 3.07GHz
stepping	: 5
cpu MHz		: 3068.000
cache size	: 8192 KB
physical id	: 0
siblings	: 8
core id		: 2
cpu cores	: 4
apicid		: 5
initial apicid	: 5
fpu		: yes
fpu_exception	: yes
cpuid level	: 11
wp		: yes
flags		: fpu vme de pse tsc msr pae mce cx8 apic sep mtrr pge mca cmov pat pse36 clflush dts acpi mmx fxsr sse sse2 ss ht tm pbe syscall nx rdtscp lm constant_tsc arch_perfmon pebs bts rep_good xtopology nonstop_tsc aperfmperf pni dtes64 monitor ds_cpl vmx est tm2 ssse3 cx16 xtpr pdcm sse4_1 sse4_2 popcnt lahf_lm ida dts tpr_shadow vnmi flexpriority ept vpid
bogomips	: 6147.17
clflush size	: 64
cache_alignment	: 64
address sizes	: 36 bits physical, 48 bits virtual
power management:

processor	: 7
vendor_id	: GenuineIntel
cpu family	: 6
model		: 26
model name	: Intel(R) Core(TM) i7 CPU         950  @ 3.07GHz
stepping	: 5
cpu MHz		: 1600.000
cache size	: 8192 KB
physical id	: 0
siblings	: 8
core id		: 3
cpu cores	: 4
apicid		: 7
initial apicid	: 7
fpu		: yes
fpu_exception	: yes
cpuid level	: 11
wp		: yes
flags		: fpu vme de pse tsc msr pae mce cx8 apic sep mtrr pge mca cmov pat pse36 clflush dts acpi mmx fxsr sse sse2 ss ht tm pbe syscall nx rdtscp lm constant_tsc arch_perfmon pebs bts rep_good xtopology nonstop_tsc aperfmperf pni dtes64 monitor ds_cpl vmx est tm2 ssse3 cx16 xtpr pdcm sse4_1 sse4_2 popcnt lahf_lm ida dts tpr_shadow vnmi flexpriority ept vpid
bogomips	: 6147.18
clflush size	: 64
cache_alignment	: 64
address sizes	: 36 bits physical, 48 bits virtual
power management:



Memory: 4k page, physical 6117320k(591876k free), swap 2928636k(2928636k free)

vm_info: Java HotSpot(TM) 64-Bit Server VM (20.7-b02) for linux-amd64 JRE (1.6.0_32-b05), built on Apr  5 2012 14:09:59 by "java_re" with gcc 3.2.2 (SuSE Linux)

time: Mon Jul 16 19:40:33 2012
elapsed time: 23 seconds

