#
# A fatal error has been detected by the Java Runtime Environment:
#
#  SIGSEGV (0xb) at pc=0x00007f3c03d8c759, pid=12982, tid=139895819835136
#
# JRE version: 6.0_32-b05
# Java VM: Java HotSpot(TM) 64-Bit Server VM (20.7-b02 mixed mode linux-amd64 compressed oops)
# Problematic frame:
# C  [libGL.so.1+0x91759]  __float128+0x25289
#
# If you would like to submit a bug report, please visit:
#   http://java.sun.com/webapps/bugreport/crash.jsp
# The crash happened outside the Java Virtual Machine in native code.
# See problematic frame for where to report the bug.
#

---------------  T H R E A D  ---------------

Current thread (0x00007f3c102e2000):  JavaThread "AWT-EventQueue-0" [_thread_in_native, id=13017, stack(0x00007f3c08959000,0x00007f3c08a5a000)]

siginfo:si_signo=SIGSEGV: si_errno=0, si_code=1 (SEGV_MAPERR), si_addr=0x000000004010a000

Registers:
RAX=0x000000004010a000, RBX=0x00007f3c103d2b78, RCX=0x00007f3c03feace0, RDX=0x00007f3c03ac7bc0
RSP=0x00007f3c08a56e70, RBP=0x0000000000000001, RSI=0x00007f3c103d2b78, RDI=0x00007f3c03feaf40
R8 =0x00000000000013b7, R9 =0x00007f3c1052a200, R10=0x0000000000000000, R11=0x0000000000000206
R12=0x00007f3c08a56e90, R13=0x0000000000000001, R14=0x00007f3c103d2b78, R15=0x00007f3c03fcf750
RIP=0x00007f3c03d8c759, EFLAGS=0x0000000000010202, CSGSFS=0x0000000000000033, ERR=0x0000000000000004
  TRAPNO=0x000000000000000e

Top of Stack: (sp=0x00007f3c08a56e70)
0x00007f3c08a56e70:   00007f3c08a56e90 000000004010a000
0x00007f3c08a56e80:   0000012c08a56ed0 000000010000012c
0x00007f3c08a56e90:   000000004010a000 00007f3c01a28ee8
0x00007f3c08a56ea0:   0000000000000000 00007f3c08a56f58
0x00007f3c08a56eb0:   00007f3c08a56f60 00007f3c102e21d0
0x00007f3c08a56ec0:   0000000000000000 00007f3c03d927a9
0x00007f3c08a56ed0:   0000000000000000 00007f3c0bc2433e
0x00007f3c08a56ee0:   00007f3c08a56f48 000000000520002b
0x00007f3c08a56ef0:   00007f3c03ae3f20 00000000000032b6
0x00007f3c08a56f00:   00007f3c1026c7b0 00007f3c02db40b0
0x00007f3c08a56f10:   000000009e964758 00007f3c101f33d0
0x00007f3c08a56f20:   00007f3c103d2b30 00007f3c103a1290
0x00007f3c08a56f30:   000000009e964758 00007f3c08a57068
0x00007f3c08a56f40:   00007f3c102e2000 00007f3c03d64e27
0x00007f3c08a56f50:   00007f3c0bc1f298 00000000a44b32a0
0x00007f3c08a56f60:   00000000a44b3268 00007f3c08a56f68
0x00007f3c08a56f70:   000000009e979edd 000000009e964758
0x00007f3c08a56f80:   00007f3c08a56fc0 0000000000000000
0x00007f3c08a56f90:   000000009e964758 00007f3c01d81b42
0x00007f3c08a56fa0:   000000000520002b 00007f3c101f33d0
0x00007f3c08a56fb0:   00007f3c08a57040 00007f3c102e21d0
0x00007f3c08a56fc0:   00007f3c08a57030 00007f3c0bc23b55
0x00007f3c08a56fd0:   00007f3c08a57010 000000009e93f340
0x00007f3c08a56fe0:   0000000000000000 000000009e92d6a8
0x00007f3c08a56ff0:   00007f3c08a56ff0 0000000000000000
0x00007f3c08a57000:   00007f3c08a57068 000000009e9683c0
0x00007f3c08a57010:   0000000000000000 000000009e964758
0x00007f3c08a57020:   0000000000000000 00007f3c08a57050
0x00007f3c08a57030:   00007f3c08a570b0 00007f3c0bc12b02
0x00007f3c08a57040:   000000009e965a88 00007f3c0bc1f298
0x00007f3c08a57050:   000000000520002b 00007f3c08a570b0
0x00007f3c08a57060:   00007f3c101f33d0 00000000a4b485c8 

Instructions: (pc=0x00007f3c03d8c759)
0x00007f3c03d8c739:   44 3b 6c 24 1c 75 90 4c 8b 24 24 31 ed 48 8b 0d
0x00007f3c03d8c749:   db bf 23 00 49 8b 04 24 4c 89 f6 ff c5 48 8b 11
0x00007f3c03d8c759:   48 8b 38 ff 92 68 03 00 00 48 8b 15 bf bf 23 00
0x00007f3c03d8c769:   48 89 c3 49 8b 3c 24 49 83 c4 08 48 8b 02 ff 90 

Register to memory mapping:

RAX=0x000000004010a000 is an unknown value
RBX=0x00007f3c103d2b78 is an unknown value
RCX=0x00007f3c03feace0: <offset 0x2efce0> in /usr/lib/nvidia-current/libGL.so.1 at 0x00007f3c03cfb000
RDX=0x00007f3c03ac7bc0: <offset 0x1ba7bc0> in /usr/lib/nvidia-current/libnvidia-glcore.so.260.19.06 at 0x00007f3c01f20000
RSP=0x00007f3c08a56e70 is pointing into the stack for thread: 0x00007f3c102e2000
RBP=0x0000000000000001 is an unknown value
RSI=0x00007f3c103d2b78 is an unknown value
RDI=0x00007f3c03feaf40: <offset 0x2eff40> in /usr/lib/nvidia-current/libGL.so.1 at 0x00007f3c03cfb000
R8 =0x00000000000013b7 is an unknown value
R9 =0x00007f3c1052a200 is an unknown value
R10=0x0000000000000000 is an unknown value
R11=0x0000000000000206 is an unknown value
R12=0x00007f3c08a56e90 is pointing into the stack for thread: 0x00007f3c102e2000
R13=0x0000000000000001 is an unknown value
R14=0x00007f3c103d2b78 is an unknown value
R15=0x00007f3c03fcf750: <offset 0x2d4750> in /usr/lib/nvidia-current/libGL.so.1 at 0x00007f3c03cfb000


Stack: [0x00007f3c08959000,0x00007f3c08a5a000],  sp=0x00007f3c08a56e70,  free space=1015k
Native frames: (J=compiled Java code, j=interpreted, Vv=VM code, C=native code)
C  [libGL.so.1+0x91759]  __float128+0x25289

Java frames: (J=compiled Java code, j=interpreted, Vv=VM code)
j  com.sun.opengl.impl.x11.GLX.glXSwapBuffers(JJ)V+0
j  com.sun.opengl.impl.x11.X11OnscreenGLDrawable.swapBuffers()V+38
j  com.sun.opengl.impl.GLDrawableHelper.invokeGL(Ljavax/media/opengl/GLDrawable;Ljavax/media/opengl/GLContext;Ljava/lang/Runnable;Ljava/lang/Runnable;)V+435
j  javax.media.opengl.GLCanvas.maybeDoSingleThreadedWorkaround(Ljava/lang/Runnable;Ljava/lang/Runnable;)V+36
j  javax.media.opengl.GLCanvas.display()V+9
j  javax.media.opengl.GLCanvas.paint(Ljava/awt/Graphics;)V+125
j  javax.media.opengl.GLCanvas.update(Ljava/awt/Graphics;)V+2
j  sun.awt.RepaintArea.updateComponent(Ljava/awt/Component;Ljava/awt/Graphics;)V+6
j  sun.awt.X11.XRepaintArea.updateComponent(Ljava/awt/Component;Ljava/awt/Graphics;)V+23
j  sun.awt.RepaintArea.paint(Ljava/lang/Object;Z)V+263
j  sun.awt.X11.XComponentPeer.handleEvent(Ljava/awt/AWTEvent;)V+224
j  java.awt.Component.dispatchEventImpl(Ljava/awt/AWTEvent;)V+861
j  java.awt.Component.dispatchEvent(Ljava/awt/AWTEvent;)V+2
j  java.awt.EventQueue.dispatchEventImpl(Ljava/awt/AWTEvent;Ljava/lang/Object;)V+41
j  java.awt.EventQueue.access$000(Ljava/awt/EventQueue;Ljava/awt/AWTEvent;Ljava/lang/Object;)V+3
j  java.awt.EventQueue$1.run()Ljava/lang/Void;+12
j  java.awt.EventQueue$1.run()Ljava/lang/Object;+1
v  ~StubRoutines::call_stub
j  java.security.AccessController.doPrivileged(Ljava/security/PrivilegedAction;Ljava/security/AccessControlContext;)Ljava/lang/Object;+0
j  java.security.AccessControlContext$1.doIntersectionPrivilege(Ljava/security/PrivilegedAction;Ljava/security/AccessControlContext;Ljava/security/AccessControlContext;)Ljava/lang/Object;+28
j  java.security.AccessControlContext$1.doIntersectionPrivilege(Ljava/security/PrivilegedAction;Ljava/security/AccessControlContext;)Ljava/lang/Object;+6
j  java.awt.EventQueue$2.run()Ljava/lang/Void;+11
j  java.awt.EventQueue$2.run()Ljava/lang/Object;+1
v  ~StubRoutines::call_stub
j  java.security.AccessController.doPrivileged(Ljava/security/PrivilegedAction;Ljava/security/AccessControlContext;)Ljava/lang/Object;+0
j  java.security.AccessControlContext$1.doIntersectionPrivilege(Ljava/security/PrivilegedAction;Ljava/security/AccessControlContext;Ljava/security/AccessControlContext;)Ljava/lang/Object;+28
j  java.awt.EventQueue.dispatchEvent(Ljava/awt/AWTEvent;)V+73
j  java.awt.EventDispatchThread.pumpOneEventForFilters(I)Z+204
j  java.awt.EventDispatchThread.pumpEventsForFilter(ILjava/awt/Conditional;Ljava/awt/EventFilter;)V+30
j  java.awt.EventDispatchThread.pumpEventsForHierarchy(ILjava/awt/Conditional;Ljava/awt/Component;)V+11
j  java.awt.EventDispatchThread.pumpEvents(ILjava/awt/Conditional;)V+4
j  java.awt.EventDispatchThread.pumpEvents(Ljava/awt/Conditional;)V+3
j  java.awt.EventDispatchThread.run()V+9
v  ~StubRoutines::call_stub

---------------  P R O C E S S  ---------------

Java Threads: ( => current thread )
  0x0000000042062000 JavaThread "NetPlotter" [_thread_blocked, id=13027, stack(0x00007f3c084d3000,0x00007f3c085d4000)]
  0x0000000042036800 JavaThread "Timer-0" daemon [_thread_blocked, id=13026, stack(0x00007f3c083d2000,0x00007f3c084d3000)]
  0x00007f3c040ee800 JavaThread "TimerQueue" daemon [_thread_blocked, id=13025, stack(0x00007f3c082d1000,0x00007f3c083d2000)]
  0x00007f3c1033f000 JavaThread "Thread-1" [_thread_blocked, id=13019, stack(0x00007f3c086d5000,0x00007f3c087d6000)]
  0x00007f3c102a1000 JavaThread "DestroyJavaVM" [_thread_blocked, id=12987, stack(0x00007f3c165c4000,0x00007f3c166c5000)]
  0x00007f3c102a0800 JavaThread "org.netbeans.modules.debugger.jpda.visual AWT Access Loop" daemon [_thread_blocked, id=13018, stack(0x00007f3c08858000,0x00007f3c08959000)]
=>0x00007f3c102e2000 JavaThread "AWT-EventQueue-0" [_thread_in_native, id=13017, stack(0x00007f3c08959000,0x00007f3c08a5a000)]
  0x00007f3c102cd000 JavaThread "AWT-Shutdown" [_thread_blocked, id=13016, stack(0x00007f3c08a5a000,0x00007f3c08b5b000)]
  0x0000000041ed3000 JavaThread "AWT-XAWT" daemon [_thread_blocked, id=13015, stack(0x00007f3c08d7a000,0x00007f3c08e7b000)]
  0x00007f3c10234800 JavaThread "Java2D Disposer" daemon [_thread_blocked, id=13014, stack(0x00007f3c08e7b000,0x00007f3c08f7c000)]
  0x00007f3c10141000 JavaThread "Low Memory Detector" daemon [_thread_blocked, id=13012, stack(0x00007f3c09950000,0x00007f3c09a51000)]
  0x00007f3c1013e800 JavaThread "C2 CompilerThread1" daemon [_thread_blocked, id=13011, stack(0x00007f3c09a51000,0x00007f3c09b52000)]
  0x00007f3c1013b800 JavaThread "C2 CompilerThread0" daemon [_thread_blocked, id=13010, stack(0x00007f3c09b52000,0x00007f3c09c53000)]
  0x00007f3c10139800 JavaThread "JDWP Event Helper Thread" daemon [_thread_blocked, id=13006, stack(0x00007f3c09d54000,0x00007f3c09e55000)]
  0x00007f3c10136000 JavaThread "JDWP Transport Listener: dt_socket" daemon [_thread_in_native, id=13004, stack(0x00007f3c09e55000,0x00007f3c09f56000)]
  0x00007f3c1012a000 JavaThread "Signal Dispatcher" daemon [_thread_blocked, id=13003, stack(0x00007f3c0a05a000,0x00007f3c0a15b000)]
  0x00007f3c1010e800 JavaThread "Finalizer" daemon [_thread_blocked, id=13002, stack(0x00007f3c0a15b000,0x00007f3c0a25c000)]
  0x00007f3c1010c800 JavaThread "Reference Handler" daemon [_thread_blocked, id=13001, stack(0x00007f3c0a25c000,0x00007f3c0a35d000)]

Other Threads:
  0x00007f3c10106000 VMThread [stack: 0x00007f3c0a35d000,0x00007f3c0a45e000] [id=13000]
  0x00007f3c10154000 WatcherThread [stack: 0x00007f3c0984f000,0x00007f3c09950000] [id=13013]

VM state:not at safepoint (normal execution)

VM Mutex/Monitor currently owned by a thread: None

Heap
 PSYoungGen      total 88064K, used 11739K [0x00000000e0e00000, 0x00000000eccc0000, 0x0000000100000000)
  eden space 84864K, 10% used [0x00000000e0e00000,0x00000000e1661250,0x00000000e60e0000)
  from space 3200K, 98% used [0x00000000ec9a0000,0x00000000eccb5d88,0x00000000eccc0000)
  to   space 18880K, 0% used [0x00000000ea7e0000,0x00000000ea7e0000,0x00000000eba50000)
 PSOldGen        total 63744K, used 37931K [0x00000000a2a00000, 0x00000000a6840000, 0x00000000e0e00000)
  object space 63744K, 59% used [0x00000000a2a00000,0x00000000a4f0ac90,0x00000000a6840000)
 PSPermGen       total 21248K, used 20915K [0x000000009d800000, 0x000000009ecc0000, 0x00000000a2a00000)
  object space 21248K, 98% used [0x000000009d800000,0x000000009ec6cd80,0x000000009ecc0000)

Code Cache  [0x00007f3c0bc0d000, 0x00007f3c0be7d000, 0x00007f3c0ec0d000)
 total_blobs=917 nmethods=192 adapters=687 free_code_cache=49184128 largest_free_block=10944

Dynamic libraries:
40000000-40009000 r-xp 00000000 08:08 5900415                            /users/oconnorp/Programs/jdk1.6.0_32/jre/bin/java
40108000-4010a000 rwxp 00008000 08:08 5900415                            /users/oconnorp/Programs/jdk1.6.0_32/jre/bin/java
41c72000-422b7000 rwxp 00000000 00:00 0                                  [heap]
9d800000-9ecc0000 rwxp 00000000 00:00 0 
9ecc0000-a2a00000 rwxp 00000000 00:00 0 
a2a00000-a6840000 rwxp 00000000 00:00 0 
a6840000-e0e00000 rwxp 00000000 00:00 0 
e0e00000-eccc0000 rwxp 00000000 00:00 0 
eccc0000-eef80000 ---p 00000000 00:00 0 
eef80000-100000000 rwxp 00000000 00:00 0 
7f3c011ec000-7f3c012ec000 rwxp 00000000 00:00 0 
7f3c0147e000-7f3c0167e000 rwxs 1b21bd000 00:05 8245                      /dev/nvidia0
7f3c01847000-7f3c01a28000 rwxs 00000000 00:04 33423375                   /SYSV00000000 (deleted)
7f3c01a28000-7f3c01a2a000 r-xp 00000000 08:08 9176651                    /users/oconnorp/Desktop/jsstest/JSpikeStack/jars/libjogl_awt.so
7f3c01a2a000-7f3c01b29000 ---p 00002000 08:08 9176651                    /users/oconnorp/Desktop/jsstest/JSpikeStack/jars/libjogl_awt.so
7f3c01b29000-7f3c01b2a000 rwxp 00001000 08:08 9176651                    /users/oconnorp/Desktop/jsstest/JSpikeStack/jars/libjogl_awt.so
7f3c01b2a000-7f3c01b2f000 r-xp 00000000 08:02 526129                     /usr/lib/libXxf86vm.so.1.0.0
7f3c01b2f000-7f3c01d2e000 ---p 00005000 08:02 526129                     /usr/lib/libXxf86vm.so.1.0.0
7f3c01d2e000-7f3c01d2f000 r-xp 00004000 08:02 526129                     /usr/lib/libXxf86vm.so.1.0.0
7f3c01d2f000-7f3c01d30000 rwxp 00005000 08:02 526129                     /usr/lib/libXxf86vm.so.1.0.0
7f3c01d30000-7f3c01e1f000 r-xp 00000000 08:08 9176644                    /users/oconnorp/Desktop/jsstest/JSpikeStack/jars/libjogl.so
7f3c01e1f000-7f3c01f1f000 ---p 000ef000 08:08 9176644                    /users/oconnorp/Desktop/jsstest/JSpikeStack/jars/libjogl.so
7f3c01f1f000-7f3c01f20000 rwxp 000ef000 08:08 9176644                    /users/oconnorp/Desktop/jsstest/JSpikeStack/jars/libjogl.so
7f3c01f20000-7f3c03308000 r-xp 00000000 08:02 666465                     /usr/lib/nvidia-current/libnvidia-glcore.so.260.19.06
7f3c03308000-7f3c03507000 ---p 013e8000 08:02 666465                     /usr/lib/nvidia-current/libnvidia-glcore.so.260.19.06
7f3c03507000-7f3c03ae3000 rwxp 013e7000 08:02 666465                     /usr/lib/nvidia-current/libnvidia-glcore.so.260.19.06
7f3c03ae3000-7f3c03af9000 rwxp 00000000 00:00 0 
7f3c03af9000-7f3c03afa000 r-xp 00000000 08:02 666460                     /usr/lib/nvidia-current/tls/libnvidia-tls.so.260.19.06
7f3c03afa000-7f3c03cfa000 ---p 00001000 08:02 666460                     /usr/lib/nvidia-current/tls/libnvidia-tls.so.260.19.06
7f3c03cfa000-7f3c03cfb000 rwxp 00001000 08:02 666460                     /usr/lib/nvidia-current/tls/libnvidia-tls.so.260.19.06
7f3c03cfb000-7f3c03db2000 r-xp 00000000 08:02 666455                     /usr/lib/nvidia-current/libGL.so.260.19.06
7f3c03db2000-7f3c03fb2000 ---p 000b7000 08:02 666455                     /usr/lib/nvidia-current/libGL.so.260.19.06
7f3c03fb2000-7f3c03fea000 rwxp 000b7000 08:02 666455                     /usr/lib/nvidia-current/libGL.so.260.19.06
7f3c03fea000-7f3c04000000 rwxp 00000000 00:00 0 
7f3c04000000-7f3c05a50000 rwxp 00000000 00:00 0 
7f3c05a50000-7f3c08000000 ---p 00000000 00:00 0 
7f3c0802a000-7f3c0802b000 r-xp 00000000 08:08 5901041                    /users/oconnorp/Programs/jdk1.6.0_32/jre/lib/amd64/libjawt.so
7f3c0802b000-7f3c0812a000 ---p 00001000 08:08 5901041                    /users/oconnorp/Programs/jdk1.6.0_32/jre/lib/amd64/libjawt.so
7f3c0812a000-7f3c0812b000 rwxp 00000000 08:08 5901041                    /users/oconnorp/Programs/jdk1.6.0_32/jre/lib/amd64/libjawt.so
7f3c0812b000-7f3c0812c000 r-xp 00000000 08:08 9176634                    /users/oconnorp/Desktop/jsstest/JSpikeStack/jars/libgluegen-rt.so
7f3c0812c000-7f3c0822b000 ---p 00001000 08:08 9176634                    /users/oconnorp/Desktop/jsstest/JSpikeStack/jars/libgluegen-rt.so
7f3c0822b000-7f3c0822c000 rwxp 00000000 08:08 9176634                    /users/oconnorp/Desktop/jsstest/JSpikeStack/jars/libgluegen-rt.so
7f3c082d1000-7f3c082d4000 ---p 00000000 00:00 0 
7f3c082d4000-7f3c083d2000 rwxp 00000000 00:00 0 
7f3c083d2000-7f3c083d5000 ---p 00000000 00:00 0 
7f3c083d5000-7f3c084d3000 rwxp 00000000 00:00 0 
7f3c084d3000-7f3c084d6000 ---p 00000000 00:00 0 
7f3c084d6000-7f3c085d4000 rwxp 00000000 00:00 0 
7f3c085d4000-7f3c085d7000 ---p 00000000 00:00 0 
7f3c085d7000-7f3c086d5000 rwxp 00000000 00:00 0 
7f3c086d5000-7f3c086d8000 ---p 00000000 00:00 0 
7f3c086d8000-7f3c087d6000 rwxp 00000000 00:00 0 
7f3c08858000-7f3c0885b000 ---p 00000000 00:00 0 
7f3c0885b000-7f3c08959000 rwxp 00000000 00:00 0 
7f3c08959000-7f3c0895c000 ---p 00000000 00:00 0 
7f3c0895c000-7f3c08a5a000 rwxp 00000000 00:00 0 
7f3c08a5a000-7f3c08a5d000 ---p 00000000 00:00 0 
7f3c08a5d000-7f3c08b5b000 rwxp 00000000 00:00 0 
7f3c08b5b000-7f3c08b62000 r-xp 00000000 08:08 5901017                    /users/oconnorp/Programs/jdk1.6.0_32/jre/lib/amd64/libnio.so
7f3c08b62000-7f3c08c61000 ---p 00007000 08:08 5901017                    /users/oconnorp/Programs/jdk1.6.0_32/jre/lib/amd64/libnio.so
7f3c08c61000-7f3c08c63000 rwxp 00006000 08:08 5901017                    /users/oconnorp/Programs/jdk1.6.0_32/jre/lib/amd64/libnio.so
7f3c08c63000-7f3c08c76000 r-xp 00000000 08:08 5901016                    /users/oconnorp/Programs/jdk1.6.0_32/jre/lib/amd64/libnet.so
7f3c08c76000-7f3c08d77000 ---p 00013000 08:08 5901016                    /users/oconnorp/Programs/jdk1.6.0_32/jre/lib/amd64/libnet.so
7f3c08d77000-7f3c08d7a000 rwxp 00014000 08:08 5901016                    /users/oconnorp/Programs/jdk1.6.0_32/jre/lib/amd64/libnet.so
7f3c08d7a000-7f3c08d7d000 ---p 00000000 00:00 0 
7f3c08d7d000-7f3c08e7b000 rwxp 00000000 00:00 0 
7f3c08e7b000-7f3c08e7e000 ---p 00000000 00:00 0 
7f3c08e7e000-7f3c08f7c000 rwxp 00000000 00:00 0 
7f3c08f7c000-7f3c08ff5000 r-xp 00000000 08:08 5901025                    /users/oconnorp/Programs/jdk1.6.0_32/jre/lib/amd64/libfontmanager.so
7f3c08ff5000-7f3c090f4000 ---p 00079000 08:08 5901025                    /users/oconnorp/Programs/jdk1.6.0_32/jre/lib/amd64/libfontmanager.so
7f3c090f4000-7f3c09109000 rwxp 00078000 08:08 5901025                    /users/oconnorp/Programs/jdk1.6.0_32/jre/lib/amd64/libfontmanager.so
7f3c09109000-7f3c0911b000 rwxp 00000000 00:00 0 
7f3c0911b000-7f3c09129000 r-xp 00000000 08:02 526099                     /usr/lib/libXi.so.6.1.0
7f3c09129000-7f3c09329000 ---p 0000e000 08:02 526099                     /usr/lib/libXi.so.6.1.0
7f3c09329000-7f3c0932a000 r-xp 0000e000 08:02 526099                     /usr/lib/libXi.so.6.1.0
7f3c0932a000-7f3c0932b000 rwxp 0000f000 08:02 526099                     /usr/lib/libXi.so.6.1.0
7f3c0932b000-7f3c09330000 r-xp 00000000 08:02 526119                     /usr/lib/libXtst.so.6.1.0
7f3c09330000-7f3c09530000 ---p 00005000 08:02 526119                     /usr/lib/libXtst.so.6.1.0
7f3c09530000-7f3c09531000 r-xp 00005000 08:02 526119                     /usr/lib/libXtst.so.6.1.0
7f3c09531000-7f3c09532000 rwxp 00006000 08:02 526119                     /usr/lib/libXtst.so.6.1.0
7f3c09532000-7f3c09574000 r-xp 00000000 08:08 5901014                    /users/oconnorp/Programs/jdk1.6.0_32/jre/lib/amd64/xawt/libmawt.so
7f3c09574000-7f3c09673000 ---p 00042000 08:08 5901014                    /users/oconnorp/Programs/jdk1.6.0_32/jre/lib/amd64/xawt/libmawt.so
7f3c09673000-7f3c0967f000 rwxp 00041000 08:08 5901014                    /users/oconnorp/Programs/jdk1.6.0_32/jre/lib/amd64/xawt/libmawt.so
7f3c0967f000-7f3c09680000 rwxp 00000000 00:00 0 
7f3c09680000-7f3c09712000 r-xp 00000000 08:08 5901061                    /users/oconnorp/Programs/jdk1.6.0_32/jre/lib/amd64/libawt.so
7f3c09712000-7f3c09811000 ---p 00092000 08:08 5901061                    /users/oconnorp/Programs/jdk1.6.0_32/jre/lib/amd64/libawt.so
7f3c09811000-7f3c0982b000 rwxp 00091000 08:08 5901061                    /users/oconnorp/Programs/jdk1.6.0_32/jre/lib/amd64/libawt.so
7f3c0982b000-7f3c0984f000 rwxp 00000000 00:00 0 
7f3c0984f000-7f3c09850000 ---p 00000000 00:00 0 
7f3c09850000-7f3c09950000 rwxp 00000000 00:00 0 
7f3c09950000-7f3c09953000 ---p 00000000 00:00 0 
7f3c09953000-7f3c09a51000 rwxp 00000000 00:00 0 
7f3c09a51000-7f3c09a54000 ---p 00000000 00:00 0 
7f3c09a54000-7f3c09b52000 rwxp 00000000 00:00 0 
7f3c09b52000-7f3c09b55000 ---p 00000000 00:00 0 
7f3c09b55000-7f3c09c53000 rwxp 00000000 00:00 0 
7f3c09c53000-7f3c09c56000 ---p 00000000 00:00 0 
7f3c09c56000-7f3c09d54000 rwxp 00000000 00:00 0 
7f3c09d54000-7f3c09d57000 ---p 00000000 00:00 0 
7f3c09d57000-7f3c09e55000 rwxp 00000000 00:00 0 
7f3c09e55000-7f3c09e58000 ---p 00000000 00:00 0 
7f3c09e58000-7f3c09f56000 rwxp 00000000 00:00 0 
7f3c09f56000-7f3c09f59000 r-xp 00000000 08:08 5901052                    /users/oconnorp/Programs/jdk1.6.0_32/jre/lib/amd64/libdt_socket.so
7f3c09f59000-7f3c0a058000 ---p 00003000 08:08 5901052                    /users/oconnorp/Programs/jdk1.6.0_32/jre/lib/amd64/libdt_socket.so
7f3c0a058000-7f3c0a05a000 rwxp 00002000 08:08 5901052                    /users/oconnorp/Programs/jdk1.6.0_32/jre/lib/amd64/libdt_socket.so
7f3c0a05a000-7f3c0a05d000 ---p 00000000 00:00 0 
7f3c0a05d000-7f3c0a15b000 rwxp 00000000 00:00 0 
7f3c0a15b000-7f3c0a15e000 ---p 00000000 00:00 0 
7f3c0a15e000-7f3c0a25c000 rwxp 00000000 00:00 0 
7f3c0a25c000-7f3c0a25f000 ---p 00000000 00:00 0 
7f3c0a25f000-7f3c0a35d000 rwxp 00000000 00:00 0 
7f3c0a35d000-7f3c0a35e000 ---p 00000000 00:00 0 
7f3c0a35e000-7f3c0ad67000 rwxp 00000000 00:00 0 
7f3c0ad67000-7f3c0aefe000 r-xs 03079000 08:08 5901816                    /users/oconnorp/Programs/jdk1.6.0_32/jre/lib/rt.jar
7f3c0aefe000-7f3c0aeff000 ---p 00000000 00:00 0 
7f3c0aeff000-7f3c0afff000 rwxp 00000000 00:00 0 
7f3c0afff000-7f3c0b000000 ---p 00000000 00:00 0 
7f3c0b000000-7f3c0b100000 rwxp 00000000 00:00 0 
7f3c0b100000-7f3c0b101000 ---p 00000000 00:00 0 
7f3c0b101000-7f3c0b201000 rwxp 00000000 00:00 0 
7f3c0b201000-7f3c0b202000 ---p 00000000 00:00 0 
7f3c0b202000-7f3c0b302000 rwxp 00000000 00:00 0 
7f3c0b302000-7f3c0b303000 ---p 00000000 00:00 0 
7f3c0b303000-7f3c0b403000 rwxp 00000000 00:00 0 
7f3c0b403000-7f3c0b404000 ---p 00000000 00:00 0 
7f3c0b404000-7f3c0b504000 rwxp 00000000 00:00 0 
7f3c0b504000-7f3c0b505000 ---p 00000000 00:00 0 
7f3c0b505000-7f3c0b605000 rwxp 00000000 00:00 0 
7f3c0b605000-7f3c0b606000 ---p 00000000 00:00 0 
7f3c0b606000-7f3c0b726000 rwxp 00000000 00:00 0 
7f3c0b726000-7f3c0b8f8000 rwxp 00000000 00:00 0 
7f3c0b8f8000-7f3c0b903000 rwxp 00000000 00:00 0 
7f3c0b903000-7f3c0b921000 rwxp 00000000 00:00 0 
7f3c0b921000-7f3c0b941000 rwxp 00000000 00:00 0 
7f3c0b941000-7f3c0bb13000 rwxp 00000000 00:00 0 
7f3c0bb13000-7f3c0bb73000 rwxp 00000000 00:00 0 
7f3c0bb73000-7f3c0bb84000 ---p 00000000 00:00 0 
7f3c0bb84000-7f3c0bc0c000 rwxp 00000000 00:00 0 
7f3c0bc0c000-7f3c0be7d000 rwxp 00000000 00:00 0 
7f3c0be7d000-7f3c0ec0d000 rwxp 00000000 00:00 0 
7f3c0ec0d000-7f3c0ec1b000 r-xp 00000000 08:08 5901027                    /users/oconnorp/Programs/jdk1.6.0_32/jre/lib/amd64/libzip.so
7f3c0ec1b000-7f3c0ed1d000 ---p 0000e000 08:08 5901027                    /users/oconnorp/Programs/jdk1.6.0_32/jre/lib/amd64/libzip.so
7f3c0ed1d000-7f3c0ed20000 rwxp 00010000 08:08 5901027                    /users/oconnorp/Programs/jdk1.6.0_32/jre/lib/amd64/libzip.so
7f3c0ed20000-7f3c0ed21000 rwxp 00000000 00:00 0 
7f3c0ed21000-7f3c0ed26000 r-xp 00000000 08:02 1458517                    /lib/libnss_dns-2.12.1.so
7f3c0ed26000-7f3c0ef25000 ---p 00005000 08:02 1458517                    /lib/libnss_dns-2.12.1.so
7f3c0ef25000-7f3c0ef26000 r-xp 00004000 08:02 1458517                    /lib/libnss_dns-2.12.1.so
7f3c0ef26000-7f3c0ef27000 rwxp 00005000 08:02 1458517                    /lib/libnss_dns-2.12.1.so
7f3c0ef27000-7f3c0ef29000 r-xp 00000000 08:02 1439093                    /lib/libnss_mdns4_minimal.so.2
7f3c0ef29000-7f3c0f128000 ---p 00002000 08:02 1439093                    /lib/libnss_mdns4_minimal.so.2
7f3c0f128000-7f3c0f129000 r-xp 00001000 08:02 1439093                    /lib/libnss_mdns4_minimal.so.2
7f3c0f129000-7f3c0f12a000 rwxp 00002000 08:02 1439093                    /lib/libnss_mdns4_minimal.so.2
7f3c0f12a000-7f3c0f12d000 r-xp 00000000 08:02 1439061                    /lib/libgpg-error.so.0.4.0
7f3c0f12d000-7f3c0f32c000 ---p 00003000 08:02 1439061                    /lib/libgpg-error.so.0.4.0
7f3c0f32c000-7f3c0f32d000 r-xp 00002000 08:02 1439061                    /lib/libgpg-error.so.0.4.0
7f3c0f32d000-7f3c0f32e000 rwxp 00003000 08:02 1439061                    /lib/libgpg-error.so.0.4.0
7f3c0f32e000-7f3c0f3a2000 r-xp 00000000 08:02 1439057                    /lib/libgcrypt.so.11.5.3
7f3c0f3a2000-7f3c0f5a2000 ---p 00074000 08:02 1439057                    /lib/libgcrypt.so.11.5.3
7f3c0f5a2000-7f3c0f5a3000 r-xp 00074000 08:02 1439057                    /lib/libgcrypt.so.11.5.3
7f3c0f5a3000-7f3c0f5a6000 rwxp 00075000 08:02 1439057                    /lib/libgcrypt.so.11.5.3
7f3c0f5a6000-7f3c0f5bc000 r-xp 00000000 08:02 1439170                    /lib/libz.so.1.2.3.4
7f3c0f5bc000-7f3c0f7bc000 ---p 00016000 08:02 1439170                    /lib/libz.so.1.2.3.4
7f3c0f7bc000-7f3c0f7bd000 r-xp 00016000 08:02 1439170                    /lib/libz.so.1.2.3.4
7f3c0f7bd000-7f3c0f7be000 rwxp 00017000 08:02 1439170                    /lib/libz.so.1.2.3.4
7f3c0f7be000-7f3c0f7ce000 r-xp 00000000 08:02 526942                     /usr/lib/libtasn1.so.3.1.9
7f3c0f7ce000-7f3c0f9cd000 ---p 00010000 08:02 526942                     /usr/lib/libtasn1.so.3.1.9
7f3c0f9cd000-7f3c0f9ce000 r-xp 0000f000 08:02 526942                     /usr/lib/libtasn1.so.3.1.9
7f3c0f9ce000-7f3c0f9cf000 rwxp 00010000 08:02 526942                     /usr/lib/libtasn1.so.3.1.9
7f3c0f9cf000-7f3c0f9d1000 r-xp 00000000 08:02 1439069                    /lib/libkeyutils.so.1.3
7f3c0f9d1000-7f3c0fbd0000 ---p 00002000 08:02 1439069                    /lib/libkeyutils.so.1.3
7f3c0fbd0000-7f3c0fbd1000 r-xp 00001000 08:02 1439069                    /lib/libkeyutils.so.1.3
7f3c0fbd1000-7f3c0fbd2000 rwxp 00002000 08:02 1439069                    /lib/libkeyutils.so.1.3
7f3c0fbd2000-7f3c0fbd9000 r-xp 00000000 08:02 527117                     /usr/lib/libkrb5support.so.0.1
7f3c0fbd9000-7f3c0fdd8000 ---p 00007000 08:02 527117                     /usr/lib/libkrb5support.so.0.1
7f3c0fdd8000-7f3c0fdd9000 r-xp 00006000 08:02 527117                     /usr/lib/libkrb5support.so.0.1
7f3c0fdd9000-7f3c0fdda000 rwxp 00007000 08:02 527117                     /usr/lib/libkrb5support.so.0.1
7f3c0fdda000-7f3c0fdfe000 r-xp 00000000 08:02 526265                     /usr/lib/libk5crypto.so.3.1
7f3c0fdfe000-7f3c0fffe000 ---p 00024000 08:02 526265                     /usr/lib/libk5crypto.so.3.1
7f3c0fffe000-7f3c0ffff000 r-xp 00024000 08:02 526265                     /usr/lib/libk5crypto.so.3.1
7f3c0ffff000-7f3c10000000 rwxp 00025000 08:02 526265                     /usr/lib/libk5crypto.so.3.1
7f3c10000000-7f3c10945000 rwxp 00000000 00:00 0 
7f3c10945000-7f3c14000000 ---p 00000000 00:00 0 
7f3c14006000-7f3c14007000 r-xs 00000000 08:02 1706781                    /var/cache/fontconfig/c05880de57d1f5e948fdfacc138775d9-le64.cache-3
7f3c14007000-7f3c14010000 r-xs 00000000 08:02 1706778                    /var/cache/fontconfig/945677eb7aeaf62f1d50efc3fb3ec7d8-le64.cache-3
7f3c14010000-7f3c14012000 r-xs 00000000 08:02 1706779                    /var/cache/fontconfig/99e8ed0e538f840c565b6ed5dad60d56-le64.cache-3
7f3c14012000-7f3c14015000 r-xs 00000000 08:02 1706788                    /var/cache/fontconfig/e383d7ea5fbe662a33d9b44caf393297-le64.cache-3
7f3c14015000-7f3c14018000 r-xs 00000000 08:02 1704604                    /var/cache/fontconfig/2cd17615ca594fa2959ae173292e504c-le64.cache-3
7f3c14018000-7f3c14019000 r-xs 00000000 08:02 1706789                    /var/cache/fontconfig/e7071f4a29fa870f4323321c154eba04-le64.cache-3
7f3c14019000-7f3c1401c000 r-xs 00000000 08:02 1704494                    /var/cache/fontconfig/b5ea634b0fb353b8ea17632d1f9ef766-le64.cache-3
7f3c1401c000-7f3c14020000 r-xs 00000000 08:02 1706775                    /var/cache/fontconfig/6eb3985aa4124903f6ff08ba781cd364-le64.cache-3
7f3c14020000-7f3c14021000 r-xs 00000000 08:02 1706771                    /var/cache/fontconfig/4c73fe0c47614734b17d736dbde7580a-le64.cache-3
7f3c14021000-7f3c14022000 r-xs 00000000 08:02 1706764                    /var/cache/fontconfig/0d8c3b2ac0904cb8a57a757ad11a4a08-le64.cache-3
7f3c14022000-7f3c14023000 r-xs 00000000 08:02 1706773                    /var/cache/fontconfig/6a53c69dea097a2d716e069445527da8-le64.cache-3
7f3c14023000-7f3c14029000 r-xs 00000000 08:02 1706780                    /var/cache/fontconfig/a755afe4a08bf5b97852ceb7400b47bc-le64.cache-3
7f3c14029000-7f3c14032000 r-xs 00000000 08:02 1704816                    /var/cache/fontconfig/6d41288fd70b0be22e8c3a91e032eec0-le64.cache-3
7f3c14032000-7f3c14042000 r-xs 00000000 08:02 1706765                    /var/cache/fontconfig/0f34bcd4b6ee430af32735b75db7f02b-le64.cache-3
7f3c14042000-7f3c14045000 r-xs 00000000 08:02 1706785                    /var/cache/fontconfig/d60319d88cac85ba9e1a07bd06cfbb8c-le64.cache-3
7f3c14045000-7f3c14046000 r-xs 00000000 08:02 1706423                    /var/cache/fontconfig/4794a0821666d79190d59a36cb4f44b5-le64.cache-3
7f3c14046000-7f3c14050000 r-xs 00000000 08:02 1706784                    /var/cache/fontconfig/d52a8644073d54c13679302ca1180695-le64.cache-3
7f3c14050000-7f3c14063000 r-xs 00000000 08:02 1703478                    /var/cache/fontconfig/e13b20fdb08344e0e664864cc2ede53d-le64.cache-3
7f3c14063000-7f3c14067000 r-xs 00000000 08:02 1704562                    /var/cache/fontconfig/7ef2298fde41cc6eeb7af42e48b7d293-le64.cache-3
7f3c14067000-7f3c1407b000 r-xs 00000000 08:02 1717119                    /var/cache/fontconfig/865f88548240fee46819705c6468c165-le64.cache-3
7f3c1407b000-7f3c1408b000 r-xs 00155000 08:08 9176649                    /users/oconnorp/Desktop/jsstest/JSpikeStack/jars/jfreechart-1.0.14.jar
7f3c1408b000-7f3c14096000 rwxp 00000000 00:00 0 
7f3c14096000-7f3c140b4000 rwxp 00000000 00:00 0 
7f3c140b4000-7f3c1414e000 r-xp 00000000 08:02 525012                     /usr/lib/libgnutls.so.26.14.12
7f3c1414e000-7f3c1434e000 ---p 0009a000 08:02 525012                     /