#
# A fatal error has been detected by the Java Runtime Environment:
#
#  SIGSEGV (0xb) at pc=0x00007f5e90558759, pid=31867, tid=140044136793856
#
# JRE version: 6.0_32-b05
# Java VM: Java HotSpot(TM) 64-Bit Server VM (20.7-b02 mixed mode linux-amd64 compressed oops)
# Problematic frame:
# C  [libGL.so.1+0x91759]  __float128+0x25289
#
# If you would like to submit a bug report, please visit:
#   http://java.sun.com/webapps/bugreport/crash.jsp
# The crash happened outside the Java Virtual Machine in native code.
# See problematic frame for where to report the bug.
#

---------------  T H R E A D  ---------------

Current thread (0x0000000040a38800):  JavaThread "AWT-EventQueue-0" [_thread_in_native, id=31898, stack(0x00007f5e90f6c000,0x00007f5e9106d000)]

siginfo:si_signo=SIGSEGV: si_errno=0, si_code=1 (SEGV_MAPERR), si_addr=0x000000004151f000

Registers:
RAX=0x000000004151f000, RBX=0x0000000040bdb328, RCX=0x00007f5e907b6ce0, RDX=0x00007f5e90293bc0
RSP=0x00007f5e91069bf0, RBP=0x0000000000000001, RSI=0x0000000040bdb328, RDI=0x00007f5e907b6f40
R8 =0x00000000000007a2, R9 =0x0000000040d6e630, R10=0x0000000000000000, R11=0x0000000000000206
R12=0x00007f5e91069c10, R13=0x0000000000000001, R14=0x0000000040bdb328, R15=0x00007f5e9079b750
RIP=0x00007f5e90558759, EFLAGS=0x0000000000010202, CSGSFS=0x0000000000000033, ERR=0x0000000000000004
  TRAPNO=0x000000000000000e

Top of Stack: (sp=0x00007f5e91069bf0)
0x00007f5e91069bf0:   00007f5e91069c10 000000004151f000
0x00007f5e91069c00:   0000012c91069c50 000000010000012c
0x00007f5e91069c10:   000000004151f000 00007f5e8e0f3ee8
0x00007f5e91069c20:   0000000000000000 00007f5e91069cd8
0x00007f5e91069c30:   00007f5e91069ce0 0000000040a389d0
0x00007f5e91069c40:   0000000000000000 00007f5e9055e7a9
0x00007f5e91069c50:   0000000000000000 00007f5e9339133e
0x00007f5e91069c60:   0000000000000000 0000000005a000a8
0x00007f5e91069c70:   00007f5e902aff20 0000000000007c7b
0x00007f5e91069c80:   00007f5e9842c9e0 00007f5e8f5800b0
0x00007f5e91069c90:   000000009ea1b300 00000000406d0e60
0x00007f5e91069ca0:   0000000040bdb2e0 0000000040c1ea90
0x00007f5e91069cb0:   000000009ea1b300 00007f5e91069de8
0x00007f5e91069cc0:   0000000040a38800 00007f5e90530e27
0x00007f5e91069cd0:   00007f5e9338c298 00000000a2dd22f8
0x00007f5e91069ce0:   00000000a2f6e2d0 00007f5e91069ce8
0x00007f5e91069cf0:   000000009ea31125 000000009ea1b300
0x00007f5e91069d00:   00007f5e91069d40 0000000000000000
0x00007f5e91069d10:   000000009ea1b300 00007f5e8e54db42
0x00007f5e91069d20:   0000000005a000a8 00000000406d0e60
0x00007f5e91069d30:   00007f5e91069dc0 0000000040a389d0
0x00007f5e91069d40:   00007f5e91069db0 00007f5e93390b55
0x00007f5e91069d50:   00007f5e91069d90 000000009e9f5bc8
0x00007f5e91069d60:   0000000000000000 000000009e9e3f30
0x00007f5e91069d70:   00007f5e91069d70 0000000000000000
0x00007f5e91069d80:   00007f5e91069de8 000000009ea1f168
0x00007f5e91069d90:   0000000000000000 000000009ea1b300
0x00007f5e91069da0:   0000000000000000 00007f5e91069dd0
0x00007f5e91069db0:   00007f5e91069e30 00007f5e9337fb02
0x00007f5e91069dc0:   000000009ea1c630 00007f5e9338c298
0x00007f5e91069dd0:   0000000005a000a8 00007f5e91069e30
0x00007f5e91069de0:   00000000406d0e60 00000000a3cdce68 

Instructions: (pc=0x00007f5e90558759)
0x00007f5e90558739:   44 3b 6c 24 1c 75 90 4c 8b 24 24 31 ed 48 8b 0d
0x00007f5e90558749:   db bf 23 00 49 8b 04 24 4c 89 f6 ff c5 48 8b 11
0x00007f5e90558759:   48 8b 38 ff 92 68 03 00 00 48 8b 15 bf bf 23 00
0x00007f5e90558769:   48 89 c3 49 8b 3c 24 49 83 c4 08 48 8b 02 ff 90 

Register to memory mapping:

RAX=0x000000004151f000 is an unknown value
RBX=0x0000000040bdb328 is an unknown value
RCX=0x00007f5e907b6ce0: <offset 0x2efce0> in /usr/lib/nvidia-current/libGL.so.1 at 0x00007f5e904c7000
RDX=0x00007f5e90293bc0: <offset 0x1ba7bc0> in /usr/lib/nvidia-current/libnvidia-glcore.so.260.19.06 at 0x00007f5e8e6ec000
RSP=0x00007f5e91069bf0 is pointing into the stack for thread: 0x0000000040a38800
RBP=0x0000000000000001 is an unknown value
RSI=0x0000000040bdb328 is an unknown value
RDI=0x00007f5e907b6f40: <offset 0x2eff40> in /usr/lib/nvidia-current/libGL.so.1 at 0x00007f5e904c7000
R8 =0x00000000000007a2 is an unknown value
R9 =0x0000000040d6e630 is an unknown value
R10=0x0000000000000000 is an unknown value
R11=0x0000000000000206 is an unknown value
R12=0x00007f5e91069c10 is pointing into the stack for thread: 0x0000000040a38800
R13=0x0000000000000001 is an unknown value
R14=0x0000000040bdb328 is an unknown value
R15=0x00007f5e9079b750: <offset 0x2d4750> in /usr/lib/nvidia-current/libGL.so.1 at 0x00007f5e904c7000


Stack: [0x00007f5e90f6c000,0x00007f5e9106d000],  sp=0x00007f5e91069bf0,  free space=1014k
Native frames: (J=compiled Java code, j=interpreted, Vv=VM code, C=native code)
C  [libGL.so.1+0x91759]  __float128+0x25289

Java frames: (J=compiled Java code, j=interpreted, Vv=VM code)
j  com.sun.opengl.impl.x11.GLX.glXSwapBuffers(JJ)V+0
j  com.sun.opengl.impl.x11.X11OnscreenGLDrawable.swapBuffers()V+38
j  com.sun.opengl.impl.GLDrawableHelper.invokeGL(Ljavax/media/opengl/GLDrawable;Ljavax/media/opengl/GLContext;Ljava/lang/Runnable;Ljava/lang/Runnable;)V+435
j  javax.media.opengl.GLCanvas.maybeDoSingleThreadedWorkaround(Ljava/lang/Runnable;Ljava/lang/Runnable;)V+36
j  javax.media.opengl.GLCanvas.display()V+9
j  javax.media.opengl.GLCanvas.paint(Ljava/awt/Graphics;)V+125
j  javax.media.opengl.GLCanvas.update(Ljava/awt/Graphics;)V+2
j  sun.awt.RepaintArea.updateComponent(Ljava/awt/Component;Ljava/awt/Graphics;)V+6
j  sun.awt.X11.XRepaintArea.updateComponent(Ljava/awt/Component;Ljava/awt/Graphics;)V+23
j  sun.awt.RepaintArea.paint(Ljava/lang/Object;Z)V+263
j  sun.awt.X11.XComponentPeer.handleEvent(Ljava/awt/AWTEvent;)V+224
j  java.awt.Component.dispatchEventImpl(Ljava/awt/AWTEvent;)V+861
j  java.awt.Component.dispatchEvent(Ljava/awt/AWTEvent;)V+2
j  java.awt.EventQueue.dispatchEventImpl(Ljava/awt/AWTEvent;Ljava/lang/Object;)V+41
j  java.awt.EventQueue.access$000(Ljava/awt/EventQueue;Ljava/awt/AWTEvent;Ljava/lang/Object;)V+3
j  java.awt.EventQueue$1.run()Ljava/lang/Void;+12
j  java.awt.EventQueue$1.run()Ljava/lang/Object;+1
v  ~StubRoutines::call_stub
j  java.security.AccessController.doPrivileged(Ljava/security/PrivilegedAction;Ljava/security/AccessControlContext;)Ljava/lang/Object;+0
j  java.security.AccessControlContext$1.doIntersectionPrivilege(Ljava/security/PrivilegedAction;Ljava/security/AccessControlContext;Ljava/security/AccessControlContext;)Ljava/lang/Object;+28
j  java.security.AccessControlContext$1.doIntersectionPrivilege(Ljava/security/PrivilegedAction;Ljava/security/AccessControlContext;)Ljava/lang/Object;+6
j  java.awt.EventQueue$2.run()Ljava/lang/Void;+11
j  java.awt.EventQueue$2.run()Ljava/lang/Object;+1
v  ~StubRoutines::call_stub
j  java.security.AccessController.doPrivileged(Ljava/security/PrivilegedAction;Ljava/security/AccessControlContext;)Ljava/lang/Object;+0
j  java.security.AccessControlContext$1.doIntersectionPrivilege(Ljava/security/PrivilegedAction;Ljava/security/AccessControlContext;Ljava/security/AccessControlContext;)Ljava/lang/Object;+28
j  java.awt.EventQueue.dispatchEvent(Ljava/awt/AWTEvent;)V+73
j  java.awt.EventDispatchThread.pumpOneEventForFilters(I)Z+204
j  java.awt.EventDispatchThread.pumpEventsForFilter(ILjava/awt/Conditional;Ljava/awt/EventFilter;)V+30
j  java.awt.EventDispatchThread.pumpEventsForHierarchy(ILjava/awt/Conditional;Ljava/awt/Component;)V+11
j  java.awt.EventDispatchThread.pumpEvents(ILjava/awt/Conditional;)V+4
j  java.awt.EventDispatchThread.pumpEvents(Ljava/awt/Conditional;)V+3
j  java.awt.EventDispatchThread.run()V+9
v  ~StubRoutines::call_stub

---------------  P R O C E S S  ---------------

Java Threads: ( => current thread )
  0x00000000409a7000 JavaThread "NetPlotter" [_thread_blocked, id=31908, stack(0x00007f5e8dff2000,0x00007f5e8e0f3000)]
  0x0000000040b49800 JavaThread "Timer-0" daemon [_thread_blocked, id=31907, stack(0x00007f5e90972000,0x00007f5e90a73000)]
  0x00007f5e98337800 JavaThread "TimerQueue" daemon [_thread_blocked, id=31906, stack(0x00007f5e90a73000,0x00007f5e90b74000)]
  0x00007f5e98308000 JavaThread "Thread-1" [_thread_in_Java, id=31900, stack(0x00007f5e90c75000,0x00007f5e90d76000)]
  0x0000000040595000 JavaThread "DestroyJavaVM" [_thread_blocked, id=31872, stack(0x00007f5e9e992000,0x00007f5e9ea93000)]
  0x00007f5e981b1000 JavaThread "org.netbeans.modules.debugger.jpda.visual AWT Access Loop" daemon [_thread_blocked, id=31899, stack(0x00007f5e90e6b000,0x00007f5e90f6c000)]
=>0x0000000040a38800 JavaThread "AWT-EventQueue-0" [_thread_in_native, id=31898, stack(0x00007f5e90f6c000,0x00007f5e9106d000)]
  0x00007f5e982fc000 JavaThread "AWT-Shutdown" [_thread_blocked, id=31897, stack(0x00007f5e9106d000,0x00007f5e9116e000)]
  0x0000000040869000 JavaThread "AWT-XAWT" daemon [_thread_blocked, id=31896, stack(0x00007f5e9138d000,0x00007f5e9148e000)]
  0x00007f5e98164000 JavaThread "Java2D Disposer" daemon [_thread_blocked, id=31895, stack(0x00007f5e9148e000,0x00007f5e9158f000)]
  0x00007f5e980a5000 JavaThread "Low Memory Detector" daemon [_thread_blocked, id=31893, stack(0x00007f5e91f63000,0x00007f5e92064000)]
  0x00007f5e980a2800 JavaThread "C2 CompilerThread1" daemon [_thread_blocked, id=31892, stack(0x00007f5e92064000,0x00007f5e92165000)]
  0x00007f5e9809f800 JavaThread "C2 CompilerThread0" daemon [_thread_blocked, id=31891, stack(0x00007f5e92165000,0x00007f5e92266000)]
  0x00007f5e98093800 JavaThread "JDWP Event Helper Thread" daemon [_thread_blocked, id=31887, stack(0x00007f5e92367000,0x00007f5e92468000)]
  0x00007f5e98090000 JavaThread "JDWP Transport Listener: dt_socket" daemon [_thread_in_native, id=31885, stack(0x00007f5e92468000,0x00007f5e92569000)]
  0x00007f5e98084000 JavaThread "Signal Dispatcher" daemon [_thread_blocked, id=31884, stack(0x00007f5e9266d000,0x00007f5e9276e000)]
  0x00007f5e98010800 JavaThread "Finalizer" daemon [_thread_blocked, id=31883, stack(0x00007f5e9276e000,0x00007f5e9286f000)]
  0x0000000040658800 JavaThread "Reference Handler" daemon [_thread_blocked, id=31882, stack(0x00007f5e9286f000,0x00007f5e92970000)]

Other Threads:
  0x0000000040652800 VMThread [stack: 0x00007f5e92970000,0x00007f5e92a71000] [id=31881]
  0x00007f5e980b8000 WatcherThread [stack: 0x00007f5e91e62000,0x00007f5e91f63000] [id=31894]

VM state:not at safepoint (normal execution)

VM Mutex/Monitor currently owned by a thread: None

Heap
 PSYoungGen      total 114496K, used 45665K [0x00000000e0e00000, 0x00000000ed8f0000, 0x0000000100000000)
  eden space 85824K, 47% used [0x00000000e0e00000,0x00000000e35b84d0,0x00000000e61d0000)
  from space 28672K, 17% used [0x00000000e61d0000,0x00000000e66b0000,0x00000000e7dd0000)
  to   space 27840K, 0% used [0x00000000ebdc0000,0x00000000ebdc0000,0x00000000ed8f0000)
 PSOldGen        total 69248K, used 19543K [0x00000000a2a00000, 0x00000000a6da0000, 0x00000000e0e00000)
  object space 69248K, 28% used [0x00000000a2a00000,0x00000000a3d15f38,0x00000000a6da0000)
 PSPermGen       total 44224K, used 22215K [0x000000009d800000, 0x00000000a0330000, 0x00000000a2a00000)
  object space 44224K, 50% used [0x000000009d800000,0x000000009edb1f70,0x00000000a0330000)

Code Cache  [0x00007f5e9337a000, 0x00007f5e935ea000, 0x00007f5e9637a000)
 total_blobs=1004 nmethods=253 adapters=713 free_code_cache=49121216 largest_free_block=17408

Dynamic libraries:
40000000-40009000 r-xp 00000000 08:08 5900415                            /users/oconnorp/Programs/jdk1.6.0_32/jre/bin/java
40108000-4010a000 rwxp 00008000 08:08 5900415                            /users/oconnorp/Programs/jdk1.6.0_32/jre/bin/java
4054b000-40f6d000 rwxp 00000000 00:00 0                                  [heap]
9d800000-a0330000 rwxp 00000000 00:00 0 
a0330000-a2a00000 rwxp 00000000 00:00 0 
a2a00000-a6da0000 rwxp 00000000 00:00 0 
a6da0000-e0e00000 rwxp 00000000 00:00 0 
e0e00000-ed8f0000 rwxp 00000000 00:00 0 
ed8f0000-100000000 rwxp 00000000 00:00 0 
7f5e8b89f000-7f5e8b9c2000 rwxp 00000000 00:00 0 
7f5e8bb98000-7f5e8c1b8000 rwxp 00000000 00:00 0 
7f5e8c1d4000-7f5e8c3d4000 rwxp 00000000 00:00 0 
7f5e8c4ed000-7f5e8c8ed000 rwxp 00000000 00:00 0 
7f5e8c9de000-7f5e8d3de000 rwxp 00000000 00:00 0 
7f5e8d4a7000-7f5e8d5a7000 rwxp 00000000 00:00 0 
7f5e8d670000-7f5e8d770000 rwxp 00000000 00:00 0 
7f5e8d772000-7f5e8d972000 rwxs 79423000 00:05 8204                       /dev/nvidia0
7f5e8da76000-7f5e8dff2000 rwxs 00000000 00:04 68386830                   /SYSV00000000 (deleted)
7f5e8dff2000-7f5e8dff5000 ---p 00000000 00:00 0 
7f5e8dff5000-7f5e8e0f3000 rwxp 00000000 00:00 0 
7f5e8e0f3000-7f5e8e0f5000 r-xp 00000000 08:08 9176684                    /users/oconnorp/Desktop/Dropbox/J/JSpikeStackMod/JSpikeStack/jars/libjogl_awt.so
7f5e8e0f5000-7f5e8e1f4000 ---p 00002000 08:08 9176684                    /users/oconnorp/Desktop/Dropbox/J/JSpikeStackMod/JSpikeStack/jars/libjogl_awt.so
7f5e8e1f4000-7f5e8e1f5000 rwxp 00001000 08:08 9176684                    /users/oconnorp/Desktop/Dropbox/J/JSpikeStackMod/JSpikeStack/jars/libjogl_awt.so
7f5e8e1f5000-7f5e8e1f6000 r-xp 00000000 08:08 5901041                    /users/oconnorp/Programs/jdk1.6.0_32/jre/lib/amd64/libjawt.so
7f5e8e1f6000-7f5e8e2f5000 ---p 00001000 08:08 5901041                    /users/oconnorp/Programs/jdk1.6.0_32/jre/lib/amd64/libjawt.so
7f5e8e2f5000-7f5e8e2f6000 rwxp 00000000 08:08 5901041                    /users/oconnorp/Programs/jdk1.6.0_32/jre/lib/amd64/libjawt.so
7f5e8e2f6000-7f5e8e2fb000 r-xp 00000000 08:02 526129                     /usr/lib/libXxf86vm.so.1.0.0
7f5e8e2fb000-7f5e8e4fa000 ---p 00005000 08:02 526129                     /usr/lib/libXxf86vm.so.1.0.0
7f5e8e4fa000-7f5e8e4fb000 r-xp 00004000 08:02 526129                     /usr/lib/libXxf86vm.so.1.0.0
7f5e8e4fb000-7f5e8e4fc000 rwxp 00005000 08:02 526129                     /usr/lib/libXxf86vm.so.1.0.0
7f5e8e4fc000-7f5e8e5eb000 r-xp 00000000 08:08 9176677                    /users/oconnorp/Desktop/Dropbox/J/JSpikeStackMod/JSpikeStack/jars/libjogl.so
7f5e8e5eb000-7f5e8e6eb000 ---p 000ef000 08:08 9176677                    /users/oconnorp/Desktop/Dropbox/J/JSpikeStackMod/JSpikeStack/jars/libjogl.so
7f5e8e6eb000-7f5e8e6ec000 rwxp 000ef000 08:08 9176677                    /users/oconnorp/Desktop/Dropbox/J/JSpikeStackMod/JSpikeStack/jars/libjogl.so
7f5e8e6ec000-7f5e8fad4000 r-xp 00000000 08:02 666465                     /usr/lib/nvidia-current/libnvidia-glcore.so.260.19.06
7f5e8fad4000-7f5e8fcd3000 ---p 013e8000 08:02 666465                     /usr/lib/nvidia-current/libnvidia-glcore.so.260.19.06
7f5e8fcd3000-7f5e902af000 rwxp 013e7000 08:02 666465                     /usr/lib/nvidia-current/libnvidia-glcore.so.260.19.06
7f5e902af000-7f5e902c5000 rwxp 00000000 00:00 0 
7f5e902c5000-7f5e902c6000 r-xp 00000000 08:02 666460                     /usr/lib/nvidia-current/tls/libnvidia-tls.so.260.19.06
7f5e902c6000-7f5e904c6000 ---p 00001000 08:02 666460                     /usr/lib/nvidia-current/tls/libnvidia-tls.so.260.19.06
7f5e904c6000-7f5e904c7000 rwxp 00001000 08:02 666460                     /usr/lib/nvidia-current/tls/libnvidia-tls.so.260.19.06
7f5e904c7000-7f5e9057e000 r-xp 00000000 08:02 666455                     /usr/lib/nvidia-current/libGL.so.260.19.06
7f5e9057e000-7f5e9077e000 ---p 000b7000 08:02 666455                     /usr/lib/nvidia-current/libGL.so.260.19.06
7f5e9077e000-7f5e907b6000 rwxp 000b7000 08:02 666455                     /usr/lib/nvidia-current/libGL.so.260.19.06
7f5e907b6000-7f5e907cc000 rwxp 00000000 00:00 0 
7f5e907cc000-7f5e907cd000 r-xp 00000000 08:08 9176675                    /users/oconnorp/Desktop/Dropbox/J/JSpikeStackMod/JSpikeStack/jars/libgluegen-rt.so
7f5e907cd000-7f5e908cc000 ---p 00001000 08:08 9176675                    /users/oconnorp/Desktop/Dropbox/J/JSpikeStackMod/JSpikeStack/jars/libgluegen-rt.so
7f5e908cc000-7f5e908cd000 rwxp 00000000 08:08 9176675                    /users/oconnorp/Desktop/Dropbox/J/JSpikeStackMod/JSpikeStack/jars/libgluegen-rt.so
7f5e90972000-7f5e90975000 ---p 00000000 00:00 0 
7f5e90975000-7f5e90a73000 rwxp 00000000 00:00 0 
7f5e90a73000-7f5e90a76000 ---p 00000000 00:00 0 
7f5e90a76000-7f5e90b74000 rwxp 00000000 00:00 0 
7f5e90b74000-7f5e90b77000 ---p 00000000 00:00 0 
7f5e90b77000-7f5e90c75000 rwxp 00000000 00:00 0 
7f5e90c75000-7f5e90c78000 ---p 00000000 00:00 0 
7f5e90c78000-7f5e90d76000 rwxp 00000000 00:00 0 
7f5e90d76000-7f5e90d7f000 r-xs 00000000 08:02 1706778                    /var/cache/fontconfig/945677eb7aeaf62f1d50efc3fb3ec7d8-le64.cache-3
7f5e90d7f000-7f5e90d81000 r-xs 00000000 08:02 1706779                    /var/cache/fontconfig/99e8ed0e538f840c565b6ed5dad60d56-le64.cache-3
7f5e90d81000-7f5e90d84000 r-xs 00000000 08:02 1706788                    /var/cache/fontconfig/e383d7ea5fbe662a33d9b44caf393297-le64.cache-3
7f5e90d84000-7f5e90d87000 r-xs 00000000 08:02 1704604                    /var/cache/fontconfig/2cd17615ca594fa2959ae173292e504c-le64.cache-3
7f5e90d87000-7f5e90d8a000 r-xs 00000000 08:02 1704494                    /var/cache/fontconfig/b5ea634b0fb353b8ea17632d1f9ef766-le64.cache-3
7f5e90d8a000-7f5e90d90000 r-xs 00000000 08:02 1706780                    /var/cache/fontconfig/a755afe4a08bf5b97852ceb7400b47bc-le64.cache-3
7f5e90d90000-7f5e90d99000 r-xs 00000000 08:02 1704816                    /var/cache/fontconfig/6d41288fd70b0be22e8c3a91e032eec0-le64.cache-3
7f5e90d99000-7f5e90da9000 r-xs 00000000 08:02 1706765                    /var/cache/fontconfig/0f34bcd4b6ee430af32735b75db7f02b-le64.cache-3
7f5e90e6b000-7f5e90e6e000 ---p 00000000 00:00 0 
7f5e90e6e000-7f5e90f6c000 rwxp 00000000 00:00 0 
7f5e90f6c000-7f5e90f6f000 ---p 00000000 00:00 0 
7f5e90f6f000-7f5e9106d000 rwxp 00000000 00:00 0 
7f5e9106d000-7f5e91070000 ---p 00000000 00:00 0 
7f5e91070000-7f5e9116e000 rwxp 00000000 00:00 0 
7f5e9116e000-7f5e91175000 r-xp 00000000 08:08 5901017                    /users/oconnorp/Programs/jdk1.6.0_32/jre/lib/amd64/libnio.so
7f5e91175000-7f5e91274000 ---p 00007000 08:08 5901017                    /users/oconnorp/Programs/jdk1.6.0_32/jre/lib/amd64/libnio.so
7f5e91274000-7f5e91276000 rwxp 00006000 08:08 5901017                    /users/oconnorp/Programs/jdk1.6.0_32/jre/lib/amd64/libnio.so
7f5e91276000-7f5e91289000 r-xp 00000000 08:08 5901016                    /users/oconnorp/Programs/jdk1.6.0_32/jre/lib/amd64/libnet.so
7f5e91289000-7f5e9138a000 ---p 00013000 08:08 5901016                    /users/oconnorp/Programs/jdk1.6.0_32/jre/lib/amd64/libnet.so
7f5e9138a000-7f5e9138d000 rwxp 00014000 08:08 5901016                    /users/oconnorp/Programs/jdk1.6.0_32/jre/lib/amd64/libnet.so
7f5e9138d000-7f5e91390000 ---p 00000000 00:00 0 
7f5e91390000-7f5e9148e000 rwxp 00000000 00:00 0 
7f5e9148e000-7f5e91491000 ---p 00000000 00:00 0 
7f5e91491000-7f5e9158f000 rwxp 00000000 00:00 0 
7f5e9158f000-7f5e91608000 r-xp 00000000 08:08 5901025                    /users/oconnorp/Programs/jdk1.6.0_32/jre/lib/amd64/libfontmanager.so
7f5e91608000-7f5e91707000 ---p 00079000 08:08 5901025                    /users/oconnorp/Programs/jdk1.6.0_32/jre/lib/amd64/libfontmanager.so
7f5e91707000-7f5e9171c000 rwxp 00078000 08:08 5901025                    /users/oconnorp/Programs/jdk1.6.0_32/jre/lib/amd64/libfontmanager.so
7f5e9171c000-7f5e9172e000 rwxp 00000000 00:00 0 
7f5e9172e000-7f5e9173c000 r-xp 00000000 08:02 526099                     /usr/lib/libXi.so.6.1.0
7f5e9173c000-7f5e9193c000 ---p 0000e000 08:02 526099                     /usr/lib/libXi.so.6.1.0
7f5e9193c000-7f5e9193d000 r-xp 0000e000 08:02 526099                     /usr/lib/libXi.so.6.1.0
7f5e9193d000-7f5e9193e000 rwxp 0000f000 08:02 526099                     /usr/lib/libXi.so.6.1.0
7f5e9193e000-7f5e91943000 r-xp 00000000 08:02 526119                     /usr/lib/libXtst.so.6.1.0
7f5e91943000-7f5e91b43000 ---p 00005000 08:02 526119                     /usr/lib/libXtst.so.6.1.0
7f5e91b43000-7f5e91b44000 r-xp 00005000 08:02 526119                     /usr/lib/libXtst.so.6.1.0
7f5e91b44000-7f5e91b45000 rwxp 00006000 08:02 526119                     /usr/lib/libXtst.so.6.1.0
7f5e91b45000-7f5e91b87000 r-xp 00000000 08:08 5901014                    /users/oconnorp/Programs/jdk1.6.0_32/jre/lib/amd64/xawt/libmawt.so
7f5e91b87000-7f5e91c86000 ---p 00042000 08:08 5901014                    /users/oconnorp/Programs/jdk1.6.0_32/jre/lib/amd64/xawt/libmawt.so
7f5e91c86000-7f5e91c92000 rwxp 00041000 08:08 5901014                    /users/oconnorp/Programs/jdk1.6.0_32/jre/lib/amd64/xawt/libmawt.so
7f5e91c92000-7f5e91c93000 rwxp 00000000 00:00 0 
7f5e91c93000-7f5e91d25000 r-xp 00000000 08:08 5901061                    /users/oconnorp/Programs/jdk1.6.0_32/jre/lib/amd64/libawt.so
7f5e91d25000-7f5e91e24000 ---p 00092000 08:08 5901061                    /users/oconnorp/Programs/jdk1.6.0_32/jre/lib/amd64/libawt.so
7f5e91e24000-7f5e91e3e000 rwxp 00091000 08:08 5901061                    /users/oconnorp/Programs/jdk1.6.0_32/jre/lib/amd64/libawt.so
7f5e91e3e000-7f5e91e62000 rwxp 00000000 00:00 0 
7f5e91e62000-7f5e91e63000 ---p 00000000 00:00 0 
7f5e91e63000-7f5e91f63000 rwxp 00000000 00:00 0 
7f5e91f63000-7f5e91f66000 ---p 00000000 00:00 0 
7f5e91f66000-7f5e92064000 rwxp 00000000 00:00 0 
7f5e92064000-7f5e92067000 ---p 00000000 00:00 0 
7f5e92067000-7f5e92165000 rwxp 00000000 00:00 0 
7f5e92165000-7f5e92168000 ---p 00000000 00:00 0 
7f5e92168000-7f5e92266000 rwxp 00000000 00:00 0 
7f5e92266000-7f5e92269000 ---p 00000000 00:00 0 
7f5e92269000-7f5e92367000 rwxp 00000000 00:00 0 
7f5e92367000-7f5e9236a000 ---p 00000000 00:00 0 
7f5e9236a000-7f5e92468000 rwxp 00000000 00:00 0 
7f5e92468000-7f5e9246b000 ---p 00000000 00:00 0 
7f5e9246b000-7f5e92569000 rwxp 00000000 00:00 0 
7f5e92569000-7f5e9256c000 r-xp 00000000 08:08 5901052                    /users/oconnorp/Programs/jdk1.6.0_32/jre/lib/amd64/libdt_socket.so
7f5e9256c000-7f5e9266b000 ---p 00003000 08:08 5901052                    /users/oconnorp/Programs/jdk1.6.0_32/jre/lib/amd64/libdt_socket.so
7f5e9266b000-7f5e9266d000 rwxp 00002000 08:08 5901052                    /users/oconnorp/Programs/jdk1.6.0_32/jre/lib/amd64/libdt_socket.so
7f5e9266d000-7f5e92670000 ---p 00000000 00:00 0 
7f5e92670000-7f5e9276e000 rwxp 00000000 00:00 0 
7f5e9276e000-7f5e92771000 ---p 00000000 00:00 0 
7f5e92771000-7f5e9286f000 rwxp 00000000 00:00 0 
7f5e9286f000-7f5e92872000 ---p 00000000 00:00 0 
7f5e92872000-7f5e92970000 rwxp 00000000 00:00 0 
7f5e92970000-7f5e92971000 ---p 00000000 00:00 0 
7f5e92971000-7f5e935ea000 rwxp 00000000 00:00 0 
7f5e935ea000-7f5e9637a000 rwxp 00000000 00:00 0 
7f5e9637a000-7f5e96381000 r-xp 00000000 08:02 1458532                    /lib/librt-2.12.1.so
7f5e96381000-7f5e96580000 ---p 00007000 08:02 1458532                    /lib/librt-2.12.1.so
7f5e96580000-7f5e96581000 r-xp 00006000 08:02 1458532                    /lib/librt-2.12.1.so
7f5e96581000-7f5e96582000 rwxp 00007000 08:02 1458532                    /lib/librt-2.12.1.so
7f5e96583000-7f5e96587000 r-xs 00000000 08:02 1706775                    /var/cache/fontconfig/6eb3985aa4124903f6ff08ba781cd364-le64.cache-3
7f5e96587000-7f5e96591000 r-xs 00000000 08:02 1706784                    /var/cache/fontconfig/d52a8644073d54c13679302ca1180695-le64.cache-3
7f5e96591000-7f5e96595000 r-xs 00000000 08:02 1704562                    /var/cache/fontconfig/7ef2298fde41cc6eeb7af42e48b7d293-le64.cache-3
7f5e96595000-7f5e965a9000 r-xs 00000000 08:02 1717119                    /var/cache/fontconfig/865f88548240fee46819705c6468c165-le64.cache-3
7f5e965a9000-7f5e96740000 r-xs 03079000 08:08 5901816                    /users/oconnorp/Programs/jdk1.6.0_32/jre/lib/rt.jar
7f5e96740000-7f5e96741000 ---p 00000000 00:00 0 
7f5e96741000-7f5e96841000 rwxp 00000000 00:00 0 
7f5e96841000-7f5e96842000 ---p 00000000 00:00 0 
7f5e96842000-7f5e96942000 rwxp 00000000 00:00 0 
7f5e96942000-7f5e96943000 ---p 00000000 00:00 0 
7f5e96943000-7f5e96a43000 rwxp 00000000 00:00 0 
7f5e96a43000-7f5e96a44000 ---p 00000000 00:00 0 
7f5e96a44000-7f5e96b44000 rwxp 00000000 00:00 0 
7f5e96b44000-7f5e96b45000 ---p 00000000 00:00 0 
7f5e96b45000-7f5e96c45000 rwxp 00000000 00:00 0 
7f5e96c45000-7f5e96c46000 ---p 00000000 00:00 0 
7f5e96c46000-7f5e96d46000 rwxp 00000000 00:00 0 
7f5e96d46000-7f5e96d47000 ---p 00000000 00:00 0 
7f5e96d47000-7f5e96e47000 rwxp 00000000 00:00 0 
7f5e96e47000-7f5e96e48000 ---p 00000000 00:00 0 
7f5e96e48000-7f5e96f6a000 rwxp 00000000 00:00 0 
7f5e96f6a000-7f5e9713a000 rwxp 00000000 00:00 0 
7f5e9713a000-7f5e97150000 rwxp 00000000 00:00 0 
7f5e97150000-7f5e97163000 rwxp 00000000 00:00 0 
7f5e97163000-7f5e97185000 rwxp 00000000 00:00 0 
7f5e97185000-7f5e97355000 rwxp 00000000 00:00 0 
7f5e97355000-7f5e973bb000 rwxp 00000000 00:00 0 
7f5e973bb000-7f5e9744e000 rwxp 00000000 00:00 0 
7f5e9744e000-7f5e9744f000 rwxp 00000000 00:00 0 
7f5e9744f000-7f5e9745d000 r-xp 00000000 08:08 5901027                    /users/oconnorp/Programs/jdk1.6.0_32/jre/lib/amd64/libzip.so
7f5e9745d000-7f5e9755f000 ---p 0000e000 08:08 5901027                    /users/oconnorp/Programs/jdk1.6.0_32/jre/lib/amd64/libzip.so
7f5e9755f000-7f5e97562000 rwxp 00010000 08:08 5901027                    /users/oconnorp/Programs/jdk1.6.0_32/jre/lib/amd64/libzip.so
7f5e97562000-7f5e97563000 rwxp 00000000 00:00 0 
7f5e97563000-7f5e97568000 r-xp 00000000 08:02 1458517                    /lib/libnss_dns-2.12.1.so
7f5e97568000-7f5e97767000 ---p 00005000 08:02 1458517                    /lib/libnss_dns-2.12.1.so
7f5e97767000-7f5e97768000 r-xp 00004000 08:02 1458517                    /lib/libnss_dns-2.12.1.so
7f5e97768000-7f5e97769000 rwxp 00005000 08:02 1458517                    /lib/libnss_dns-2.12.1.so
7f5e97769000-7f5e9776b000 r-xp 00000000 08:02 1439093                    /lib/libnss_mdns4_minimal.so.2
7f5e9776b000-7f5e9796a000 ---p 00002000 08:02 1439093                    /lib/libnss_mdns4_minimal.so.2
7f5e9796a000-7f5e9796b000 r-xp 00001000 08:02 1439093                    /lib/libnss_mdns4_minimal.so.2
7f5e9796b000-7f5e9796c000 rwxp 00002000 08:02 1439093                    /lib/libnss_mdns4_minimal.so.2
7f5e9796c000-7f5e9796f000 r-xp 00000000 08:02 1439061                    /lib/libgpg-error.so.0.4.0
7f5e9796f000-7f5e97b6e000 ---p 00003000 08:02 1439061                    /lib/libgpg-error.so.0.4.0
7f5e97b6e000-7f5e97b6f000 r-xp 00002000 08:02 1439061                    /lib/libgpg-error.so.0.4.0
7f5e97b6f000-7f5e97b70000 rwxp 00003000 08:02 1439061                    /lib/libgpg-error.so.0.4.0
7f5e97b70000-7f5e97be4000 r-xp 00000000 08:02 1439057                    /lib/libgcrypt.so.11.5.3
7f5e97be4000-7f5e97de4000 ---p 00074000 08:02 1439057                    /lib/libgcrypt.so.11.5.3
7f5e97de4000-7f5e97de5000 r-xp 00074000 08:02 1439057                    /lib/libgcrypt.so.11.5.3
7f5e97de5000-7f5e97de8000 rwxp 00075000 08:02 1439057                    /lib/libgcrypt.so.11.5.3
7f5e97de8000-7f5e97dfe000 r-xp 00000000 08:02 1439170                    /lib/libz.so.1.2.3.4
7f5e97dfe000-7f5e97ffe000 ---p 00016000 08:02 1439170                    /lib/libz.so.1.2.3.4
7f5e97ffe000-7f5e97fff000 r-xp 00016000 08:02 1439170                    /lib/libz.so.1.2.3.4
7f5e97fff000-7f5e98000000 rwxp 00017000 08:02 1439170                    /lib/libz.so.1.2.3.4
7f5e98000000-7f5e987a2000 rwxp 00000000 00:00 0 
7f5e987a2000-7f5e9c000000 ---p 00000000 00:00 0 
7f5e9c000000-7f5e9c001000 r-xs 00000000 08:02 1706781                    /var/cache/fontconfig/c05880de57d1f5e948fdfacc138775d9-le64.cache-3
7f5e9c001000-7f5e9c002000 r-xs 00000000 08:02 1706789                    /var/cache/fontconfig/e7071f4a29fa870f4323321c154eba04-le64.cache-3
7f5e9c002000-7f5e9c003000 r-xs 00000000 08:02 1706771                    /var/cache/fontconfig/4c73fe0c47614734b17d736dbde7580a-le64.cache-3
7f5e9c003000-7f5e9c006000 r-xs 00000000 08:02 1706785                    /var/cache/fontconfig/d60319d88cac85ba9e1a07bd06cfbb8c-le64.cache-3
7f5e9c006000-7f5e9c019000 r-xs 00000000 08:02 1703478                    /var/cache/fontconfig/e13b20fdb08344e0e664864cc2ede53d-le64.cache-3
7f5e9c019000-7f5e9c029000 r-xs 00155000 08:08 9176682                    /users/oconnorp/Desktop/Dropbox/J/JSpikeStackMod/JSpikeStack/jars/jfreechart-1.0.14.jar
7f5e9c029000-7f5e9c03f000 rwxp 00000000 00:00 0 
7f5e9c03f000-7f5e9c052000 rwxp 00000000 00:00 0 
7f5e9c052000-7f5e9c062000 r-xp 00000000 08:02 526942                     /usr/lib/libtasn1.so.3.1.9
7f5e9c062000-7f5e9c261000 ---p 00010000 08:02 526942                     /usr/lib/libtasn1.so.3.1.9
7f5e9c261000-7f5e9c262000 r-xp 0000f000 08:02 526942                     /usr/lib/libtasn1.so.3.1.9
7f5e9c262000-7f5e9c263000 rwxp 00010000 08:02 526942                     /usr/lib/libtasn1.so.3.1.9
7f5e9c263000-7f5e9c265000 r-xp 00000000 08:02 1439069                    /lib/libkeyutils.so.1.3
7f5e9c265000-7f5e9c464000 ---p 00002000 08:02 1439069                    /lib/libkeyutils.so.1.3
7f5e9c464000-7f5e9c465000 r-xp 00001000 08:02 1439069                    /lib/libkeyutils.so.1.3
7f5e9c465000-7f5e9c466000 rwxp 00002000 08:02 1439069                    /lib/libkeyutils.so.1.3
7f5e9c466000-7f5e9c46d000 r-xp 00000000 08:02 527117                     /usr/lib/libkrb5support.so.0.1
7f5e9c46d000-7f5e9c66c000 ---p 00007000 08:02 527117                     /usr/lib/libkrb5support.so.0.1
7f5e9c66c000-7f5e9c66d000 r-xp 00006000 08:02 527117                     /usr/lib/libkrb5support.so.0.1
7f5e9c66d000-7f5e9c66e000 rwxp 00007000 08:02 527117                     /usr/lib/libkrb5support.so.0.1
7f5e9c66e000-7f5e9c692000 r-xp 00000000 08:02 526265                     /usr/lib/libk5crypto.so.3.1
7f5e9c692000-7f5e9c892000 ---p 00024000 08:02 526265                     /usr/lib/libk5crypto.so.3.1
7f5e9c892000-7f5e9c893000 r-xp 00024000 08:02 526265                     /usr/lib/libk5crypto.so.3.1
7f5e9c893000-7f5e9c894000 rwxp 00025000 08:02 526265                     /usr/lib/libk5crypto.so.3.1
7f5e9c894000-7f5e9c92e000 r-xp 00000000 08:02 525012                     /usr/lib/libgnutls.so.26.14.12
7f5e9c92e000-7f5e9cb2e000 ---p 0009a000 08:02 525012                     /usr/lib/libgnutls.so.26.14.12
7f5e9cb2e000-7f5e9cb34000 r-xp 0009a000 08:02 525012                     /usr/lib/libgnutls.so.26.14.12
7f5e9cb34000-7f5e9cb35000 rwxp 000a0000 08:02 525012                     /usr/lib/libgnutls.so.26.14.12
7f5e9cb35000-7f5e9cb4b000 r-xp 00000000 08:02 1458530                    /lib/libresolv-2.12.1.so
7f5e9cb4b000-7f5e9cd4a000 ---p 00016000 08:02 1458530                    /lib/libresolv-2.12.1.so
7f5e9cd4a000-7f5e9cd4b000 r-xp 00015000 08:02 1458530                    /lib/libresolv-2.12.1.so
7f5e9cd4b000-7f5e9cd4c000 rwxp 00016000 08:02 1458530                    /lib/libresolv-2.12.1.so
7f5e9cd4c000-7f5e9cd4e000 rwxp 00000000 00:00 0 
7f5e9cd4e000-7f5e9cd80000 r-xp 00000000 08:02 529493                     /usr/lib/libgssapi_krb5.so.2.2
7f5e9cd80000-7f5e9cf80000 ---p 00032000 08:02 529493                     /usr/lib/libgssapi_krb5.so.2.2
7f5e9cf80000-7f5e9cf81000 r-xp 00032000 08:02 529493                     /usr/lib/libgssapi_krb5.so.2.2
7f5e9cf81000-7f5e9cf82000 rwxp 00033000 08:02 529493                     /usr/lib/libgssapi_krb5.so.2.2
7f5e9cf82000-7f5e9cf85000 r-xp 00000000 08:02 1439028                    /lib/libcom_err.so.2.1
7f5e9cf85000-7f5e9d184000 ---p 00003000 08:02 1439028                    /lib/libcom_err.so.2.1
7f5e9d184000-7f5e9d185000 r-xp 00002000 08:02 1439028                    /lib/libcom_err.so.2.1
7f5e9d185000-7f5e9d186000 rwxp 00003000 08:02 1439028                    /lib/libcom_err.so.2.1
7f5e9d186000-7f5e9d23f000 r-xp 00000000 08:02 537775                     /usr/lib/libkrb5.so.3.3
7f5e9d23f000-7f5e9d43e000 ---p 000b9000 08:02 537775                     /usr/lib/libkrb5.so.3.3
7f5e9d43e000-7f5e9d447000 r-xp 000b8000 08:02 537775                     /usr/lib/libkrb5.so.3.3
7f5e9d447000-7f5e9d448000 rwxp 000c1000 08:02 537775                     /usr/lib/libkrb5.so.3.3
7f5e9d448000-7f5e9d461000 r-xp 00000000 08:02 526884                     /usr/lib/libsasl2.so.2.0.23
7f5e9d461000-7f5e9d660000 ---p 00019000 08:02 526884                     /usr/lib/libsasl2.so.2.0.23
7f5e9d660000-7f5e9d661000 r-xp 00018000 08:02 526884                     /usr/lib/libsasl2.so.2.0.23
7f5e9d661000-7f5e9d662000 rwxp 00019000 08:02 526884                     /usr/lib/libsasl2.so.2.0.23
7f5e9d662000-7f5e9d66f000 r-xp 00000000 08:02 523653                     /usr/lib/liblber-2.4.so.2.5.6
7f5e9d66f000-7f5e9d86e000 ---p 0000d000 08:02 523653                     /usr/lib/liblber-2.4.so.2.5.6
7f5e9d86e000-7f5e9d86f000 r-xp 0000c000 08:02 523653                     /usr/lib/liblber-2.4.so.2.5.6
7f5e9d86f000-7f5e9d870000 rwxp 0000d000 08:02 523653                     /usr/lib/liblber-2.4.so.2.5.6
7f5e9d870000-7f5e9d8b6000 r-xp 00000000 08:02 523654                     /usr/lib/libldap_r-2.4.so.2.5.6
7f5e9d8b6000-7f5e9dab6000 ---p 00046000 08:02 523654                     /usr/lib/libldap_r-2.4.so.2.5.6
7f5e9dab6000-7f5e9dab8000 r-xp 00046000 08:02 523654                     /usr/lib/libldap_r-2.4.so.2.5.6
7f5e9dab8000-7f5e9dab9000 rwxp 00048000 08:02 523654                     /usr/lib/libldap_r-2.4.so.2.5.6
7f5e9dab9000-7f5e9dabb000 rwxp 00000000 00:00 0 
7f5e9dabb000-7f5e9dacf000 r-xp 00000000 08: