#
# A fatal error has been detected by the Java Runtime Environment:
#
#  SIGSEGV (0xb) at pc=0x00007f389a5a0759, pid=31629, tid=139881096197888
#
# JRE version: 6.0_32-b05
# Java VM: Java HotSpot(TM) 64-Bit Server VM (20.7-b02 mixed mode linux-amd64 compressed oops)
# Problematic frame:
# C  [libGL.so.1+0x91759]  __float128+0x25289
#
# If you would like to submit a bug report, please visit:
#   http://java.sun.com/webapps/bugreport/crash.jsp
# The crash happened outside the Java Virtual Machine in native code.
# See problematic frame for where to report the bug.
#

---------------  T H R E A D  ---------------

Current thread (0x000000004155a800):  JavaThread "AWT-EventQueue-0" [_thread_in_native, id=31661, stack(0x00007f389afcb000,0x00007f389b0cc000)]

siginfo:si_signo=SIGSEGV: si_errno=0, si_code=1 (SEGV_MAPERR), si_addr=0x0000000041989000

Registers:
RAX=0x0000000041989000, RBX=0x00007f38a454dc08, RCX=0x00007f389a7fece0, RDX=0x00007f389a2dbbc0
RSP=0x00007f389b0c8cf0, RBP=0x0000000000000001, RSI=0x00007f38a454dc08, RDI=0x00007f389a7fef40
R8 =0x00000000000012c6, R9 =0x00007f38a48e7e80, R10=0x0000000000000000, R11=0x0000000000000206
R12=0x00007f389b0c8d10, R13=0x0000000000000001, R14=0x00007f38a454dc08, R15=0x00007f389a7e3750
RIP=0x00007f389a5a0759, EFLAGS=0x0000000000010202, CSGSFS=0x0000000000000033, ERR=0x0000000000000004
  TRAPNO=0x000000000000000e

Top of Stack: (sp=0x00007f389b0c8cf0)
0x00007f389b0c8cf0:   00007f389b0c8d10 0000000041989000
0x00007f389b0c8d00:   0000012c9b0c8d50 000000010000012c
0x00007f389b0c8d10:   0000000041989000 00007f389813bee8
0x00007f389b0c8d20:   0000000000000000 00007f389b0c8dd8
0x00007f389b0c8d30:   00007f389b0c8de0 000000004155a9d0
0x00007f389b0c8d40:   0000000000000000 00007f389a5a67a9
0x00007f389b0c8d50:   0000000000000000 00007f389e2b333e
0x00007f389b0c8d60:   00007f389b0c8dc8 0000000005a0003b
0x00007f389b0c8d70:   00007f389a2f7f20 0000000000007b8d
0x00007f389b0c8d80:   00007f38a463d710 00007f38995c80b0
0x00007f389b0c8d90:   000000009ea1b400 00007f38a41c9430
0x00007f389b0c8da0:   00007f38a454dbc0 00007f38a42a8df0
0x00007f389b0c8db0:   000000009ea1b400 00007f389b0c8ee8
0x00007f389b0c8dc0:   000000004155a800 00007f389a578e27
0x00007f389b0c8dd0:   00007f389e2ae298 00000000a2f17ac0
0x00007f389b0c8de0:   00000000a2f17a88 00007f389b0c8de8
0x00007f389b0c8df0:   000000009ea30ff5 000000009ea1b400
0x00007f389b0c8e00:   00007f389b0c8e40 0000000000000000
0x00007f389b0c8e10:   000000009ea1b400 00007f3898595b42
0x00007f389b0c8e20:   0000000005a0003b 00007f38a41c9430
0x00007f389b0c8e30:   00007f389b0c8ec0 000000004155a9d0
0x00007f389b0c8e40:   00007f389b0c8eb0 00007f389e2b2b55
0x00007f389b0c8e50:   00007f389b0c8e90 000000009e9f5f08
0x00007f389b0c8e60:   0000000000000000 000000009e9e41d0
0x00007f389b0c8e70:   00007f389b0c8e70 0000000000000000
0x00007f389b0c8e80:   00007f389b0c8ee8 000000009ea1f208
0x00007f389b0c8e90:   0000000000000000 000000009ea1b400
0x00007f389b0c8ea0:   0000000000000000 00007f389b0c8ed0
0x00007f389b0c8eb0:   00007f389b0c8f30 00007f389e2a1b02
0x00007f389b0c8ec0:   000000009ea1c730 00007f389e2ae298
0x00007f389b0c8ed0:   0000000005a0003b 00007f389b0c8f30
0x00007f389b0c8ee0:   00007f38a41c9430 00000000a3ad12d8 

Instructions: (pc=0x00007f389a5a0759)
0x00007f389a5a0739:   44 3b 6c 24 1c 75 90 4c 8b 24 24 31 ed 48 8b 0d
0x00007f389a5a0749:   db bf 23 00 49 8b 04 24 4c 89 f6 ff c5 48 8b 11
0x00007f389a5a0759:   48 8b 38 ff 92 68 03 00 00 48 8b 15 bf bf 23 00
0x00007f389a5a0769:   48 89 c3 49 8b 3c 24 49 83 c4 08 48 8b 02 ff 90 

Register to memory mapping:

RAX=0x0000000041989000 is an unknown value
RBX=0x00007f38a454dc08 is an unknown value
RCX=0x00007f389a7fece0: <offset 0x2efce0> in /usr/lib/nvidia-current/libGL.so.1 at 0x00007f389a50f000
RDX=0x00007f389a2dbbc0: <offset 0x1ba7bc0> in /usr/lib/nvidia-current/libnvidia-glcore.so.260.19.06 at 0x00007f3898734000
RSP=0x00007f389b0c8cf0 is pointing into the stack for thread: 0x000000004155a800
RBP=0x0000000000000001 is an unknown value
RSI=0x00007f38a454dc08 is an unknown value
RDI=0x00007f389a7fef40: <offset 0x2eff40> in /usr/lib/nvidia-current/libGL.so.1 at 0x00007f389a50f000
R8 =0x00000000000012c6 is an unknown value
R9 =0x00007f38a48e7e80 is an unknown value
R10=0x0000000000000000 is an unknown value
R11=0x0000000000000206 is an unknown value
R12=0x00007f389b0c8d10 is pointing into the stack for thread: 0x000000004155a800
R13=0x0000000000000001 is an unknown value
R14=0x00007f38a454dc08 is an unknown value
R15=0x00007f389a7e3750: <offset 0x2d4750> in /usr/lib/nvidia-current/libGL.so.1 at 0x00007f389a50f000


Stack: [0x00007f389afcb000,0x00007f389b0cc000],  sp=0x00007f389b0c8cf0,  free space=1015k
Native frames: (J=compiled Java code, j=interpreted, Vv=VM code, C=native code)
C  [libGL.so.1+0x91759]  __float128+0x25289

Java frames: (J=compiled Java code, j=interpreted, Vv=VM code)
j  com.sun.opengl.impl.x11.GLX.glXSwapBuffers(JJ)V+0
j  com.sun.opengl.impl.x11.X11OnscreenGLDrawable.swapBuffers()V+38
j  com.sun.opengl.impl.GLDrawableHelper.invokeGL(Ljavax/media/opengl/GLDrawable;Ljavax/media/opengl/GLContext;Ljava/lang/Runnable;Ljava/lang/Runnable;)V+435
j  javax.media.opengl.GLCanvas.maybeDoSingleThreadedWorkaround(Ljava/lang/Runnable;Ljava/lang/Runnable;)V+36
j  javax.media.opengl.GLCanvas.display()V+9
j  javax.media.opengl.GLCanvas.paint(Ljava/awt/Graphics;)V+125
j  javax.media.opengl.GLCanvas.update(Ljava/awt/Graphics;)V+2
j  sun.awt.RepaintArea.updateComponent(Ljava/awt/Component;Ljava/awt/Graphics;)V+6
j  sun.awt.X11.XRepaintArea.updateComponent(Ljava/awt/Component;Ljava/awt/Graphics;)V+23
j  sun.awt.RepaintArea.paint(Ljava/lang/Object;Z)V+263
j  sun.awt.X11.XComponentPeer.handleEvent(Ljava/awt/AWTEvent;)V+224
j  java.awt.Component.dispatchEventImpl(Ljava/awt/AWTEvent;)V+861
j  java.awt.Component.dispatchEvent(Ljava/awt/AWTEvent;)V+2
j  java.awt.EventQueue.dispatchEventImpl(Ljava/awt/AWTEvent;Ljava/lang/Object;)V+41
j  java.awt.EventQueue.access$000(Ljava/awt/EventQueue;Ljava/awt/AWTEvent;Ljava/lang/Object;)V+3
j  java.awt.EventQueue$1.run()Ljava/lang/Void;+12
j  java.awt.EventQueue$1.run()Ljava/lang/Object;+1
v  ~StubRoutines::call_stub
j  java.security.AccessController.doPrivileged(Ljava/security/PrivilegedAction;Ljava/security/AccessControlContext;)Ljava/lang/Object;+0
j  java.security.AccessControlContext$1.doIntersectionPrivilege(Ljava/security/PrivilegedAction;Ljava/security/AccessControlContext;Ljava/security/AccessControlContext;)Ljava/lang/Object;+28
j  java.security.AccessControlContext$1.doIntersectionPrivilege(Ljava/security/PrivilegedAction;Ljava/security/AccessControlContext;)Ljava/lang/Object;+6
j  java.awt.EventQueue$2.run()Ljava/lang/Void;+11
j  java.awt.EventQueue$2.run()Ljava/lang/Object;+1
v  ~StubRoutines::call_stub
j  java.security.AccessController.doPrivileged(Ljava/security/PrivilegedAction;Ljava/security/AccessControlContext;)Ljava/lang/Object;+0
j  java.security.AccessControlContext$1.doIntersectionPrivilege(Ljava/security/PrivilegedAction;Ljava/security/AccessControlContext;Ljava/security/AccessControlContext;)Ljava/lang/Object;+28
j  java.awt.EventQueue.dispatchEvent(Ljava/awt/AWTEvent;)V+73
j  java.awt.EventDispatchThread.pumpOneEventForFilters(I)Z+204
j  java.awt.EventDispatchThread.pumpEventsForFilter(ILjava/awt/Conditional;Ljava/awt/EventFilter;)V+30
j  java.awt.EventDispatchThread.pumpEventsForHierarchy(ILjava/awt/Conditional;Ljava/awt/Component;)V+11
j  java.awt.EventDispatchThread.pumpEvents(ILjava/awt/Conditional;)V+4
j  java.awt.EventDispatchThread.pumpEvents(Ljava/awt/Conditional;)V+3
j  java.awt.EventDispatchThread.run()V+9
v  ~StubRoutines::call_stub

---------------  P R O C E S S  ---------------

Java Threads: ( => current thread )
  0x00000000416de000 JavaThread "NetPlotter" [_thread_blocked, id=31672, stack(0x00007f389803a000,0x00007f389813b000)]
  0x000000004171f000 JavaThread "Timer-0" daemon [_thread_blocked, id=31671, stack(0x00007f389a9ba000,0x00007f389aabb000)]
  0x0000000041592800 JavaThread "TimerQueue" daemon [_thread_blocked, id=31669, stack(0x00007f389aabb000,0x00007f389abbc000)]
  0x00007f38a42c7800 JavaThread "Thread-1" [_thread_in_Java, id=31663, stack(0x00007f389acbd000,0x00007f389adbe000)]
  0x00007f38a403b800 JavaThread "DestroyJavaVM" [_thread_blocked, id=31634, stack(0x00007f38a89e7000,0x00007f38a8ae8000)]
  0x000000004150b000 JavaThread "org.netbeans.modules.debugger.jpda.visual AWT Access Loop" daemon [_thread_blocked, id=31662, stack(0x00007f389aeca000,0x00007f389afcb000)]
=>0x000000004155a800 JavaThread "AWT-EventQueue-0" [_thread_in_native, id=31661, stack(0x00007f389afcb000,0x00007f389b0cc000)]
  0x0000000041554000 JavaThread "AWT-Shutdown" [_thread_blocked, id=31660, stack(0x00007f389b0cc000,0x00007f389b1cd000)]
  0x00007f38a4386800 JavaThread "AWT-XAWT" daemon [_thread_blocked, id=31659, stack(0x00007f389b3ec000,0x00007f389b4ed000)]
  0x0000000041259800 JavaThread "Java2D Disposer" daemon [_thread_blocked, id=31658, stack(0x00007f389b4ed000,0x00007f389b5ee000)]
  0x00007f38a412d800 JavaThread "Low Memory Detector" daemon [_thread_blocked, id=31656, stack(0x00007f389bfdf000,0x00007f389c0e0000)]
  0x00007f38a412b000 JavaThread "C2 CompilerThread1" daemon [_thread_blocked, id=31655, stack(0x00007f389c0e0000,0x00007f389c1e1000)]
  0x00007f38a4128000 JavaThread "C2 CompilerThread0" daemon [_thread_blocked, id=31654, stack(0x00007f389c1e1000,0x00007f389c2e2000)]
  0x00007f38a4126000 JavaThread "JDWP Event Helper Thread" daemon [_thread_blocked, id=31649, stack(0x00007f389c3e3000,0x00007f389c4e4000)]
  0x00007f38a4122800 JavaThread "JDWP Transport Listener: dt_socket" daemon [_thread_in_native, id=31648, stack(0x00007f389c4e4000,0x00007f389c5e5000)]
  0x00007f38a4117800 JavaThread "Signal Dispatcher" daemon [_thread_blocked, id=31647, stack(0x00007f389c6e9000,0x00007f389c7ea000)]
  0x00007f38a40fc800 JavaThread "Finalizer" daemon [_thread_blocked, id=31646, stack(0x00007f389c7ea000,0x00007f389c8eb000)]
  0x00007f38a40fa800 JavaThread "Reference Handler" daemon [_thread_blocked, id=31645, stack(0x00007f389c8eb000,0x00007f389c9ec000)]

Other Threads:
  0x00007f38a40f4800 VMThread [stack: 0x00007f389c9ec000,0x00007f389caed000] [id=31644]
  0x00007f38a4140000 WatcherThread [stack: 0x00007f389bede000,0x00007f389bfdf000] [id=31657]

VM state:not at safepoint (normal execution)

VM Mutex/Monitor currently owned by a thread: None

Heap
 PSYoungGen      total 173248K, used 84968K [0x00000000e0e00000, 0x00000000f0b50000, 0x0000000100000000)
  eden space 146880K, 51% used [0x00000000e0e00000,0x00000000e581a308,0x00000000e9d70000)
  from space 26368K, 34% used [0x00000000e9d70000,0x00000000ea650000,0x00000000eb730000)
  to   space 24896K, 0% used [0x00000000ef300000,0x00000000ef300000,0x00000000f0b50000)
 PSOldGen        total 69760K, used 22383K [0x00000000a2a00000, 0x00000000a6e20000, 0x00000000e0e00000)
  object space 69760K, 32% used [0x00000000a2a00000,0x00000000a3fdbcf0,0x00000000a6e20000)
 PSPermGen       total 44224K, used 22310K [0x000000009d800000, 0x00000000a0330000, 0x00000000a2a00000)
  object space 44224K, 50% used [0x000000009d800000,0x000000009edc9b30,0x00000000a0330000)

Code Cache  [0x00007f389e29c000, 0x00007f389e50c000, 0x00007f38a129c000)
 total_blobs=1090 nmethods=339 adapters=713 free_code_cache=48899136 largest_free_block=6336

Dynamic libraries:
40000000-40009000 r-xp 00000000 08:08 5900415                            /users/oconnorp/Programs/jdk1.6.0_32/jre/bin/java
40108000-4010a000 rwxp 00008000 08:08 5900415                            /users/oconnorp/Programs/jdk1.6.0_32/jre/bin/java
410e3000-41793000 rwxp 00000000 00:00 0                                  [heap]
9d800000-a0330000 rwxp 00000000 00:00 0 
a0330000-a2a00000 rwxp 00000000 00:00 0 
a2a00000-a6e20000 rwxp 00000000 00:00 0 
a6e20000-e0e00000 rwxp 00000000 00:00 0 
e0e00000-f0b50000 rwxp 00000000 00:00 0 
f0b50000-100000000 rwxp 00000000 00:00 0 
7f389742c000-7f389752c000 rwxp 00000000 00:00 0 
7f38975f5000-7f38976f5000 rwxp 00000000 00:00 0 
7f38976f5000-7f38978f5000 rwxs ab86a000 00:05 8204                       /dev/nvidia0
7f3897abe000-7f389803a000 rwxs 00000000 00:04 67731470                   /SYSV00000000 (deleted)
7f389803a000-7f389803d000 ---p 00000000 00:00 0 
7f389803d000-7f389813b000 rwxp 00000000 00:00 0 
7f389813b000-7f389813d000 r-xp 00000000 08:08 9176684                    /users/oconnorp/Desktop/Dropbox/J/JSpikeStackMod/JSpikeStack/jars/libjogl_awt.so
7f389813d000-7f389823c000 ---p 00002000 08:08 9176684                    /users/oconnorp/Desktop/Dropbox/J/JSpikeStackMod/JSpikeStack/jars/libjogl_awt.so
7f389823c000-7f389823d000 rwxp 00001000 08:08 9176684                    /users/oconnorp/Desktop/Dropbox/J/JSpikeStackMod/JSpikeStack/jars/libjogl_awt.so
7f389823d000-7f389823e000 r-xp 00000000 08:08 5901041                    /users/oconnorp/Programs/jdk1.6.0_32/jre/lib/amd64/libjawt.so
7f389823e000-7f389833d000 ---p 00001000 08:08 5901041                    /users/oconnorp/Programs/jdk1.6.0_32/jre/lib/amd64/libjawt.so
7f389833d000-7f389833e000 rwxp 00000000 08:08 5901041                    /users/oconnorp/Programs/jdk1.6.0_32/jre/lib/amd64/libjawt.so
7f389833e000-7f3898343000 r-xp 00000000 08:02 526129                     /usr/lib/libXxf86vm.so.1.0.0
7f3898343000-7f3898542000 ---p 00005000 08:02 526129                     /usr/lib/libXxf86vm.so.1.0.0
7f3898542000-7f3898543000 r-xp 00004000 08:02 526129                     /usr/lib/libXxf86vm.so.1.0.0
7f3898543000-7f3898544000 rwxp 00005000 08:02 526129                     /usr/lib/libXxf86vm.so.1.0.0
7f3898544000-7f3898633000 r-xp 00000000 08:08 9176677                    /users/oconnorp/Desktop/Dropbox/J/JSpikeStackMod/JSpikeStack/jars/libjogl.so
7f3898633000-7f3898733000 ---p 000ef000 08:08 9176677                    /users/oconnorp/Desktop/Dropbox/J/JSpikeStackMod/JSpikeStack/jars/libjogl.so
7f3898733000-7f3898734000 rwxp 000ef000 08:08 9176677                    /users/oconnorp/Desktop/Dropbox/J/JSpikeStackMod/JSpikeStack/jars/libjogl.so
7f3898734000-7f3899b1c000 r-xp 00000000 08:02 666465                     /usr/lib/nvidia-current/libnvidia-glcore.so.260.19.06
7f3899b1c000-7f3899d1b000 ---p 013e8000 08:02 666465                     /usr/lib/nvidia-current/libnvidia-glcore.so.260.19.06
7f3899d1b000-7f389a2f7000 rwxp 013e7000 08:02 666465                     /usr/lib/nvidia-current/libnvidia-glcore.so.260.19.06
7f389a2f7000-7f389a30d000 rwxp 00000000 00:00 0 
7f389a30d000-7f389a30e000 r-xp 00000000 08:02 666460                     /usr/lib/nvidia-current/tls/libnvidia-tls.so.260.19.06
7f389a30e000-7f389a50e000 ---p 00001000 08:02 666460                     /usr/lib/nvidia-current/tls/libnvidia-tls.so.260.19.06
7f389a50e000-7f389a50f000 rwxp 00001000 08:02 666460                     /usr/lib/nvidia-current/tls/libnvidia-tls.so.260.19.06
7f389a50f000-7f389a5c6000 r-xp 00000000 08:02 666455                     /usr/lib/nvidia-current/libGL.so.260.19.06
7f389a5c6000-7f389a7c6000 ---p 000b7000 08:02 666455                     /usr/lib/nvidia-current/libGL.so.260.19.06
7f389a7c6000-7f389a7fe000 rwxp 000b7000 08:02 666455                     /usr/lib/nvidia-current/libGL.so.260.19.06
7f389a7fe000-7f389a814000 rwxp 00000000 00:00 0 
7f389a814000-7f389a815000 r-xp 00000000 08:08 9176675                    /users/oconnorp/Desktop/Dropbox/J/JSpikeStackMod/JSpikeStack/jars/libgluegen-rt.so
7f389a815000-7f389a914000 ---p 00001000 08:08 9176675                    /users/oconnorp/Desktop/Dropbox/J/JSpikeStackMod/JSpikeStack/jars/libgluegen-rt.so
7f389a914000-7f389a915000 rwxp 00000000 08:08 9176675                    /users/oconnorp/Desktop/Dropbox/J/JSpikeStackMod/JSpikeStack/jars/libgluegen-rt.so
7f389a9ba000-7f389a9bd000 ---p 00000000 00:00 0 
7f389a9bd000-7f389aabb000 rwxp 00000000 00:00 0 
7f389aabb000-7f389aabe000 ---p 00000000 00:00 0 
7f389aabe000-7f389abbc000 rwxp 00000000 00:00 0 
7f389abbc000-7f389abbf000 ---p 00000000 00:00 0 
7f389abbf000-7f389acbd000 rwxp 00000000 00:00 0 
7f389acbd000-7f389acc0000 ---p 00000000 00:00 0 
7f389acc0000-7f389adbe000 rwxp 00000000 00:00 0 
7f389adbe000-7f389adbf000 r-xs 00000000 08:02 1706781                    /var/cache/fontconfig/c05880de57d1f5e948fdfacc138775d9-le64.cache-3
7f389adbf000-7f389adc8000 r-xs 00000000 08:02 1706778                    /var/cache/fontconfig/945677eb7aeaf62f1d50efc3fb3ec7d8-le64.cache-3
7f389adc8000-7f389adca000 r-xs 00000000 08:02 1706779                    /var/cache/fontconfig/99e8ed0e538f840c565b6ed5dad60d56-le64.cache-3
7f389adca000-7f389adcd000 r-xs 00000000 08:02 1706788                    /var/cache/fontconfig/e383d7ea5fbe662a33d9b44caf393297-le64.cache-3
7f389adcd000-7f389add0000 r-xs 00000000 08:02 1704604                    /var/cache/fontconfig/2cd17615ca594fa2959ae173292e504c-le64.cache-3
7f389add0000-7f389add1000 r-xs 00000000 08:02 1706789                    /var/cache/fontconfig/e7071f4a29fa870f4323321c154eba04-le64.cache-3
7f389add1000-7f389add4000 r-xs 00000000 08:02 1704494                    /var/cache/fontconfig/b5ea634b0fb353b8ea17632d1f9ef766-le64.cache-3
7f389add4000-7f389add8000 r-xs 00000000 08:02 1706775                    /var/cache/fontconfig/6eb3985aa4124903f6ff08ba781cd364-le64.cache-3
7f389add8000-7f389add9000 r-xs 00000000 08:02 1706771                    /var/cache/fontconfig/4c73fe0c47614734b17d736dbde7580a-le64.cache-3
7f389add9000-7f389adda000 r-xs 00000000 08:02 1706764                    /var/cache/fontconfig/0d8c3b2ac0904cb8a57a757ad11a4a08-le64.cache-3
7f389adda000-7f389addb000 r-xs 00000000 08:02 1706773                    /var/cache/fontconfig/6a53c69dea097a2d716e069445527da8-le64.cache-3
7f389addb000-7f389ade1000 r-xs 00000000 08:02 1706780                    /var/cache/fontconfig/a755afe4a08bf5b97852ceb7400b47bc-le64.cache-3
7f389ade1000-7f389adea000 r-xs 00000000 08:02 1704816                    /var/cache/fontconfig/6d41288fd70b0be22e8c3a91e032eec0-le64.cache-3
7f389adea000-7f389adfa000 r-xs 00000000 08:02 1706765                    /var/cache/fontconfig/0f34bcd4b6ee430af32735b75db7f02b-le64.cache-3
7f389adfa000-7f389adfd000 r-xs 00000000 08:02 1706785                    /var/cache/fontconfig/d60319d88cac85ba9e1a07bd06cfbb8c-le64.cache-3
7f389adfd000-7f389adfe000 r-xs 00000000 08:02 1706423                    /var/cache/fontconfig/4794a0821666d79190d59a36cb4f44b5-le64.cache-3
7f389adfe000-7f389ae08000 r-xs 00000000 08:02 1706784                    /var/cache/fontconfig/d52a8644073d54c13679302ca1180695-le64.cache-3
7f389aeca000-7f389aecd000 ---p 00000000 00:00 0 
7f389aecd000-7f389afcb000 rwxp 00000000 00:00 0 
7f389afcb000-7f389afce000 ---p 00000000 00:00 0 
7f389afce000-7f389b0cc000 rwxp 00000000 00:00 0 
7f389b0cc000-7f389b0cf000 ---p 00000000 00:00 0 
7f389b0cf000-7f389b1cd000 rwxp 00000000 00:00 0 
7f389b1cd000-7f389b1d4000 r-xp 00000000 08:08 5901017                    /users/oconnorp/Programs/jdk1.6.0_32/jre/lib/amd64/libnio.so
7f389b1d4000-7f389b2d3000 ---p 00007000 08:08 5901017                    /users/oconnorp/Programs/jdk1.6.0_32/jre/lib/amd64/libnio.so
7f389b2d3000-7f389b2d5000 rwxp 00006000 08:08 5901017                    /users/oconnorp/Programs/jdk1.6.0_32/jre/lib/amd64/libnio.so
7f389b2d5000-7f389b2e8000 r-xp 00000000 08:08 5901016                    /users/oconnorp/Programs/jdk1.6.0_32/jre/lib/amd64/libnet.so
7f389b2e8000-7f389b3e9000 ---p 00013000 08:08 5901016                    /users/oconnorp/Programs/jdk1.6.0_32/jre/lib/amd64/libnet.so
7f389b3e9000-7f389b3ec000 rwxp 00014000 08:08 5901016                    /users/oconnorp/Programs/jdk1.6.0_32/jre/lib/amd64/libnet.so
7f389b3ec000-7f389b3ef000 ---p 00000000 00:00 0 
7f389b3ef000-7f389b4ed000 rwxp 00000000 00:00 0 
7f389b4ed000-7f389b4f0000 ---p 00000000 00:00 0 
7f389b4f0000-7f389b5ee000 rwxp 00000000 00:00 0 
7f389b5ee000-7f389b667000 r-xp 00000000 08:08 5901025                    /users/oconnorp/Programs/jdk1.6.0_32/jre/lib/amd64/libfontmanager.so
7f389b667000-7f389b766000 ---p 00079000 08:08 5901025                    /users/oconnorp/Programs/jdk1.6.0_32/jre/lib/amd64/libfontmanager.so
7f389b766000-7f389b77b000 rwxp 00078000 08:08 5901025                    /users/oconnorp/Programs/jdk1.6.0_32/jre/lib/amd64/libfontmanager.so
7f389b77b000-7f389b78d000 rwxp 00000000 00:00 0 
7f389b78d000-7f389b79b000 r-xp 00000000 08:02 526099                     /usr/lib/libXi.so.6.1.0
7f389b79b000-7f389b99b000 ---p 0000e000 08:02 526099                     /usr/lib/libXi.so.6.1.0
7f389b99b000-7f389b99c000 r-xp 0000e000 08:02 526099                     /usr/lib/libXi.so.6.1.0
7f389b99c000-7f389b99d000 rwxp 0000f000 08:02 526099                     /usr/lib/libXi.so.6.1.0
7f389b99d000-7f389b9a2000 r-xp 00000000 08:02 526119                     /usr/lib/libXtst.so.6.1.0
7f389b9a2000-7f389bba2000 ---p 00005000 08:02 526119                     /usr/lib/libXtst.so.6.1.0
7f389bba2000-7f389bba3000 r-xp 00005000 08:02 526119                     /usr/lib/libXtst.so.6.1.0
7f389bba3000-7f389bba4000 rwxp 00006000 08:02 526119                     /usr/lib/libXtst.so.6.1.0
7f389bba9000-7f389bbad000 r-xs 00000000 08:02 1704562                    /var/cache/fontconfig/7ef2298fde41cc6eeb7af42e48b7d293-le64.cache-3
7f389bbad000-7f389bbc1000 r-xs 00000000 08:02 1717119                    /var/cache/fontconfig/865f88548240fee46819705c6468c165-le64.cache-3
7f389bbc1000-7f389bc03000 r-xp 00000000 08:08 5901014                    /users/oconnorp/Programs/jdk1.6.0_32/jre/lib/amd64/xawt/libmawt.so
7f389bc03000-7f389bd02000 ---p 00042000 08:08 5901014                    /users/oconnorp/Programs/jdk1.6.0_32/jre/lib/amd64/xawt/libmawt.so
7f389bd02000-7f389bd0e000 rwxp 00041000 08:08 5901014                    /users/oconnorp/Programs/jdk1.6.0_32/jre/lib/amd64/xawt/libmawt.so
7f389bd0e000-7f389bd0f000 rwxp 00000000 00:00 0 
7f389bd0f000-7f389bda1000 r-xp 00000000 08:08 5901061                    /users/oconnorp/Programs/jdk1.6.0_32/jre/lib/amd64/libawt.so
7f389bda1000-7f389bea0000 ---p 00092000 08:08 5901061                    /users/oconnorp/Programs/jdk1.6.0_32/jre/lib/amd64/libawt.so
7f389bea0000-7f389beba000 rwxp 00091000 08:08 5901061                    /users/oconnorp/Programs/jdk1.6.0_32/jre/lib/amd64/libawt.so
7f389beba000-7f389bede000 rwxp 00000000 00:00 0 
7f389bede000-7f389bedf000 ---p 00000000 00:00 0 
7f389bedf000-7f389bfdf000 rwxp 00000000 00:00 0 
7f389bfdf000-7f389bfe2000 ---p 00000000 00:00 0 
7f389bfe2000-7f389c0e0000 rwxp 00000000 00:00 0 
7f389c0e0000-7f389c0e3000 ---p 00000000 00:00 0 
7f389c0e3000-7f389c1e1000 rwxp 00000000 00:00 0 
7f389c1e1000-7f389c1e4000 ---p 00000000 00:00 0 
7f389c1e4000-7f389c2e2000 rwxp 00000000 00:00 0 
7f389c2e2000-7f389c2e5000 ---p 00000000 00:00 0 
7f389c2e5000-7f389c3e3000 rwxp 00000000 00:00 0 
7f389c3e3000-7f389c3e6000 ---p 00000000 00:00 0 
7f389c3e6000-7f389c4e4000 rwxp 00000000 00:00 0 
7f389c4e4000-7f389c4e7000 ---p 00000000 00:00 0 
7f389c4e7000-7f389c5e5000 rwxp 00000000 00:00 0 
7f389c5e5000-7f389c5e8000 r-xp 00000000 08:08 5901052                    /users/oconnorp/Programs/jdk1.6.0_32/jre/lib/amd64/libdt_socket.so
7f389c5e8000-7f389c6e7000 ---p 00003000 08:08 5901052                    /users/oconnorp/Programs/jdk1.6.0_32/jre/lib/amd64/libdt_socket.so
7f389c6e7000-7f389c6e9000 rwxp 00002000 08:08 5901052                    /users/oconnorp/Programs/jdk1.6.0_32/jre/lib/amd64/libdt_socket.so
7f389c6e9000-7f389c6ec000 ---p 00000000 00:00 0 
7f389c6ec000-7f389c7ea000 rwxp 00000000 00:00 0 
7f389c7ea000-7f389c7ed000 ---p 00000000 00:00 0 
7f389c7ed000-7f389c8eb000 rwxp 00000000 00:00 0 
7f389c8eb000-7f389c8ee000 ---p 00000000 00:00 0 
7f389c8ee000-7f389c9ec000 rwxp 00000000 00:00 0 
7f389c9ec000-7f389c9ed000 ---p 00000000 00:00 0 
7f389c9ed000-7f389d3f6000 rwxp 00000000 00:00 0 
7f389d3f6000-7f389d58d000 r-xs 03079000 08:08 5901816                    /users/oconnorp/Programs/jdk1.6.0_32/jre/lib/rt.jar
7f389d58d000-7f389d58e000 ---p 00000000 00:00 0 
7f389d58e000-7f389d68e000 rwxp 00000000 00:00 0 
7f389d68e000-7f389d68f000 ---p 00000000 00:00 0 
7f389d68f000-7f389d78f000 rwxp 00000000 00:00 0 
7f389d78f000-7f389d790000 ---p 00000000 00:00 0 
7f389d790000-7f389d890000 rwxp 00000000 00:00 0 
7f389d890000-7f389d891000 ---p 00000000 00:00 0 
7f389d891000-7f389d991000 rwxp 00000000 00:00 0 
7f389d991000-7f389d992000 ---p 00000000 00:00 0 
7f389d992000-7f389da92000 rwxp 00000000 00:00 0 
7f389da92000-7f389da93000 ---p 00000000 00:00 0 
7f389da93000-7f389db93000 rwxp 00000000 00:00 0 
7f389db93000-7f389db94000 ---p 00000000 00:00 0 
7f389db94000-7f389dc94000 rwxp 00000000 00:00 0 
7f389dc94000-7f389dc95000 ---p 00000000 00:00 0 
7f389dc95000-7f389ddb8000 rwxp 00000000 00:00 0 
7f389ddb8000-7f389df87000 rwxp 00000000 00:00 0 
7f389df87000-7f389df9d000 rwxp 00000000 00:00 0 
7f389df9d000-7f389dfb0000 rwxp 00000000 00:00 0 
7f389dfb0000-7f389dfd3000 rwxp 00000000 00:00 0 
7f389dfd3000-7f389e1a2000 rwxp 00000000 00:00 0 
7f389e1a2000-7f389e221000 rwxp 00000000 00:00 0 
7f389e221000-7f389e29b000 rwxp 00000000 00:00 0 
7f389e29b000-7f389e50c000 rwxp 00000000 00:00 0 
7f389e50c000-7f38a129c000 rwxp 00000000 00:00 0 
7f38a129c000-7f38a12aa000 r-xp 00000000 08:08 5901027                    /users/oconnorp/Programs/jdk1.6.0_32/jre/lib/amd64/libzip.so
7f38a12aa000-7f38a13ac000 ---p 0000e000 08:08 5901027                    /users/oconnorp/Programs/jdk1.6.0_32/jre/lib/amd64/libzip.so
7f38a13ac000-7f38a13af000 rwxp 00010000 08:08 5901027                    /users/oconnorp/Programs/jdk1.6.0_32/jre/lib/amd64/libzip.so
7f38a13af000-7f38a13b0000 rwxp 00000000 00:00 0 
7f38a13b0000-7f38a13b5000 r-xp 00000000 08:02 1458517                    /lib/libnss_dns-2.12.1.so
7f38a13b5000-7f38a15b4000 ---p 00005000 08:02 1458517                    /lib/libnss_dns-2.12.1.so
7f38a15b4000-7f38a15b5000 r-xp 00004000 08:02 1458517                    /lib/libnss_dns-2.12.1.so
7f38a15b5000-7f38a15b6000 rwxp 00005000 08:02 1458517                    /lib/libnss_dns-2.12.1.so
7f38a15b6000-7f38a15b8000 r-xp 00000000 08:02 1439093                    /lib/libnss_mdns4_minimal.so.2
7f38a15b8000-7f38a17b7000 ---p 00002000 08:02 1439093                    /lib/libnss_mdns4_minimal.so.2
7f38a17b7000-7f38a17b8000 r-xp 00001000 08:02 1439093                    /lib/libnss_mdns4_minimal.so.2
7f38a17b8000-7f38a17b9000 rwxp 00002000 08:02 1439093                    /lib/libnss_mdns4_minimal.so.2
7f38a17b9000-7f38a17bc000 r-xp 00000000 08:02 1439061                    /lib/libgpg-error.so.0.4.0
7f38a17bc000-7f38a19bb000 ---p 00003000 08:02 1439061                    /lib/libgpg-error.so.0.4.0
7f38a19bb000-7f38a19bc000 r-xp 00002000 08:02 1439061                    /lib/libgpg-error.so.0.4.0
7f38a19bc000-7f38a19bd000 rwxp 00003000 08:02 1439061                    /lib/libgpg-error.so.0.4.0
7f38a19bd000-7f38a1a31000 r-xp 00000000 08:02 1439057                    /lib/libgcrypt.so.11.5.3
7f38a1a31000-7f38a1c31000 ---p 00074000 08:02 1439057                    /lib/libgcrypt.so.11.5.3
7f38a1c31000-7f38a1c32000 r-xp 00074000 08:02 1439057                    /lib/libgcrypt.so.11.5.3
7f38a1c32000-7f38a1c35000 rwxp 00075000 08:02 1439057                    /lib/libgcrypt.so.11.5.3
7f38a1c35000-7f38a1c4b000 r-xp 00000000 08:02 1439170                    /lib/libz.so.1.2.3.4
7f38a1c4b000-7f38a1e4b000 ---p 00016000 08:02 1439170                    /lib/libz.so.1.2.3.4
7f38a1e4b000-7f38a1e4c000 r-xp 00016000 08:02 1439170                    /lib/libz.so.1.2.3.4
7f38a1e4c000-7f38a1e4d000 rwxp 00017000 08:02 1439170                    /lib/libz.so.1.2.3.4
7f38a1e4d000-7f38a1e5d000 r-xp 00000000 08:02 526942                     /usr/lib/libtasn1.so.3.1.9
7f38a1e5d000-7f38a205c000 ---p 00010000 08:02 526942                     /usr/lib/libtasn1.so.3.1.9
7f38a205c000-7f38a205d000 r-xp 0000f000 08:02 526942                     /usr/lib/libtasn1.so.3.1.9
7f38a205d000-7f38a205e000 rwxp 00010000 08:02 526942                     /usr/lib/libtasn1.so.3.1.9
7f38a205e000-7f38a2060000 r-xp 00000000 08:02 1439069                    /lib/libkeyutils.so.1.3
7f38a2060000-7f38a225f000 ---p 00002000 08:02 1439069                    /lib/libkeyutils.so.1.3
7f38a225f000-7f38a2260000 r-xp 00001000 08:02 1439069                    /lib/libkeyutils.so.1.3
7f38a2260000-7f38a2261000 rwxp 00002000 08:02 1439069                    /lib/libkeyutils.so.1.3
7f38a2261000-7f38a2268000 r-xp 00000000 08:02 527117                     /usr/lib/libkrb5support.so.0.1
7f38a2268000-7f38a2467000 ---p 00007000 08:02 527117                     /usr/lib/libkrb5support.so.0.1
7f38a2467000-7f38a2468000 r-xp 00006000 08:02 527117                     /usr/lib/libkrb5support.so.0.1
7f38a2468000-7f38a2469000 rwxp 00007000 08:02 527117                     /usr/lib/libkrb5support.so.0.1
7f38a2469000-7f38a248d000 r-xp 00000000 08:02 526265                     /usr/lib/libk5crypto.so.3.1
7f38a248d000-7f38a268d000 ---p 00024000 08:02 526265                     /usr/lib/libk5crypto.so.3.1
7f38a268d000-7f