#
# A fatal error has been detected by the Java Runtime Environment:
#
#  SIGSEGV (0xb) at pc=0x00007fd13ac9f759, pid=31944, tid=140536622917376
#
# JRE version: 6.0_32-b05
# Java VM: Java HotSpot(TM) 64-Bit Server VM (20.7-b02 mixed mode linux-amd64 compressed oops)
# Problematic frame:
# C  [libGL.so.1+0x91759]  __float128+0x25289
#
# If you would like to submit a bug report, please visit:
#   http://java.sun.com/webapps/bugreport/crash.jsp
# The crash happened outside the Java Virtual Machine in native code.
# See problematic frame for where to report the bug.
#

---------------  T H R E A D  ---------------

Current thread (0x000000004070f800):  JavaThread "AWT-EventQueue-0" [_thread_in_native, id=31979, stack(0x00007fd13b6ca000,0x00007fd13b7cb000)]

siginfo:si_signo=SIGSEGV: si_errno=0, si_code=1 (SEGV_MAPERR), si_addr=0x0000000040bf3000

Registers:
RAX=0x0000000040bf3000, RBX=0x0000000040a66578, RCX=0x00007fd13aefdce0, RDX=0x00007fd13a9dabc0
RSP=0x00007fd13b7c7b70, RBP=0x0000000000000001, RSI=0x0000000040a66578, RDI=0x00007fd13aefdf40
R8 =0x0000000000001254, R9 =0x000000004093c240, R10=0x0000000000000000, R11=0x0000000000000206
R12=0x00007fd13b7c7b90, R13=0x0000000000000001, R14=0x0000000040a66578, R15=0x00007fd13aee2750
RIP=0x00007fd13ac9f759, EFLAGS=0x0000000000010202, CSGSFS=0x0000000000000033, ERR=0x0000000000000004
  TRAPNO=0x000000000000000e

Top of Stack: (sp=0x00007fd13b7c7b70)
0x00007fd13b7c7b70:   00007fd13b7c7b90 0000000040bf3000
0x00007fd13b7c7b80:   0000012c3b7c7bd0 000000010000012c
0x00007fd13b7c7b90:   0000000040bf3000 00007fd13883aee8
0x00007fd13b7c7ba0:   0000000000000000 00007fd13b7c7c58
0x00007fd13b7c7bb0:   00007fd13b7c7c60 000000004070f9d0
0x00007fd13b7c7bc0:   0000000000000000 00007fd13aca57a9
0x00007fd13b7c7bd0:   0000000000000000 00007fd13e9eb33e
0x00007fd13b7c7be0:   00007fd13b7c7c48 0000000005a0002f
0x00007fd13b7c7bf0:   00007fd13a9f6f20 0000000000007cc8
0x00007fd13b7c7c00:   0000000040925f70 00007fd139cc70b0
0x00007fd13b7c7c10:   000000009ea1b4d8 00007fd1441f6c80
0x00007fd13b7c7c20:   0000000040a66530 0000000040a5b820
0x00007fd13b7c7c30:   000000009ea1b4d8 00007fd13b7c7d68
0x00007fd13b7c7c40:   000000004070f800 00007fd13ac77e27
0x00007fd13b7c7c50:   00007fd13e9e6298 00000000a2db0cc8
0x00007fd13b7c7c60:   00000000a2f3a850 00007fd13b7c7c68
0x00007fd13b7c7c70:   000000009ea30f2d 000000009ea1b4d8
0x00007fd13b7c7c80:   00007fd13b7c7cc0 0000000000000000
0x00007fd13b7c7c90:   000000009ea1b4d8 00007fd138c94b42
0x00007fd13b7c7ca0:   0000000005a0002f 00007fd1441f6c80
0x00007fd13b7c7cb0:   00007fd13b7c7d40 000000004070f9d0
0x00007fd13b7c7cc0:   00007fd13b7c7d30 00007fd13e9eab55
0x00007fd13b7c7cd0:   00007fd13b7c7d10 000000009e9f5e40
0x00007fd13b7c7ce0:   0000000000000000 000000009e9e4108
0x00007fd13b7c7cf0:   00007fd13b7c7cf0 0000000000000000
0x00007fd13b7c7d00:   00007fd13b7c7d68 000000009ea1f140
0x00007fd13b7c7d10:   0000000000000000 000000009ea1b4d8
0x00007fd13b7c7d20:   0000000000000000 00007fd13b7c7d50
0x00007fd13b7c7d30:   00007fd13b7c7db0 00007fd13e9d9b02
0x00007fd13b7c7d40:   000000009ea1c808 00007fd13e9e6298
0x00007fd13b7c7d50:   0000000005a0002f 00007fd13b7c7db0
0x00007fd13b7c7d60:   00007fd1441f6c80 00000000a3ac0418 

Instructions: (pc=0x00007fd13ac9f759)
0x00007fd13ac9f739:   44 3b 6c 24 1c 75 90 4c 8b 24 24 31 ed 48 8b 0d
0x00007fd13ac9f749:   db bf 23 00 49 8b 04 24 4c 89 f6 ff c5 48 8b 11
0x00007fd13ac9f759:   48 8b 38 ff 92 68 03 00 00 48 8b 15 bf bf 23 00
0x00007fd13ac9f769:   48 89 c3 49 8b 3c 24 49 83 c4 08 48 8b 02 ff 90 

Register to memory mapping:

RAX=0x0000000040bf3000 is an unknown value
RBX=0x0000000040a66578 is an unknown value
RCX=0x00007fd13aefdce0: <offset 0x2efce0> in /usr/lib/nvidia-current/libGL.so.1 at 0x00007fd13ac0e000
RDX=0x00007fd13a9dabc0: <offset 0x1ba7bc0> in /usr/lib/nvidia-current/libnvidia-glcore.so.260.19.06 at 0x00007fd138e33000
RSP=0x00007fd13b7c7b70 is pointing into the stack for thread: 0x000000004070f800
RBP=0x0000000000000001 is an unknown value
RSI=0x0000000040a66578 is an unknown value
RDI=0x00007fd13aefdf40: <offset 0x2eff40> in /usr/lib/nvidia-current/libGL.so.1 at 0x00007fd13ac0e000
R8 =0x0000000000001254 is an unknown value
R9 =0x000000004093c240 is an unknown value
R10=0x0000000000000000 is an unknown value
R11=0x0000000000000206 is an unknown value
R12=0x00007fd13b7c7b90 is pointing into the stack for thread: 0x000000004070f800
R13=0x0000000000000001 is an unknown value
R14=0x0000000040a66578 is an unknown value
R15=0x00007fd13aee2750: <offset 0x2d4750> in /usr/lib/nvidia-current/libGL.so.1 at 0x00007fd13ac0e000


Stack: [0x00007fd13b6ca000,0x00007fd13b7cb000],  sp=0x00007fd13b7c7b70,  free space=1014k
Native frames: (J=compiled Java code, j=interpreted, Vv=VM code, C=native code)
C  [libGL.so.1+0x91759]  __float128+0x25289

Java frames: (J=compiled Java code, j=interpreted, Vv=VM code)
j  com.sun.opengl.impl.x11.GLX.glXSwapBuffers(JJ)V+0
j  com.sun.opengl.impl.x11.X11OnscreenGLDrawable.swapBuffers()V+38
j  com.sun.opengl.impl.GLDrawableHelper.invokeGL(Ljavax/media/opengl/GLDrawable;Ljavax/media/opengl/GLContext;Ljava/lang/Runnable;Ljava/lang/Runnable;)V+435
j  javax.media.opengl.GLCanvas.maybeDoSingleThreadedWorkaround(Ljava/lang/Runnable;Ljava/lang/Runnable;)V+36
j  javax.media.opengl.GLCanvas.display()V+9
j  javax.media.opengl.GLCanvas.paint(Ljava/awt/Graphics;)V+125
j  javax.media.opengl.GLCanvas.update(Ljava/awt/Graphics;)V+2
j  sun.awt.RepaintArea.updateComponent(Ljava/awt/Component;Ljava/awt/Graphics;)V+6
j  sun.awt.X11.XRepaintArea.updateComponent(Ljava/awt/Component;Ljava/awt/Graphics;)V+23
j  sun.awt.RepaintArea.paint(Ljava/lang/Object;Z)V+263
j  sun.awt.X11.XComponentPeer.handleEvent(Ljava/awt/AWTEvent;)V+224
j  java.awt.Component.dispatchEventImpl(Ljava/awt/AWTEvent;)V+861
j  java.awt.Component.dispatchEvent(Ljava/awt/AWTEvent;)V+2
j  java.awt.EventQueue.dispatchEventImpl(Ljava/awt/AWTEvent;Ljava/lang/Object;)V+41
j  java.awt.EventQueue.access$000(Ljava/awt/EventQueue;Ljava/awt/AWTEvent;Ljava/lang/Object;)V+3
j  java.awt.EventQueue$1.run()Ljava/lang/Void;+12
j  java.awt.EventQueue$1.run()Ljava/lang/Object;+1
v  ~StubRoutines::call_stub
j  java.security.AccessController.doPrivileged(Ljava/security/PrivilegedAction;Ljava/security/AccessControlContext;)Ljava/lang/Object;+0
j  java.security.AccessControlContext$1.doIntersectionPrivilege(Ljava/security/PrivilegedAction;Ljava/security/AccessControlContext;Ljava/security/AccessControlContext;)Ljava/lang/Object;+28
j  java.security.AccessControlContext$1.doIntersectionPrivilege(Ljava/security/PrivilegedAction;Ljava/security/AccessControlContext;)Ljava/lang/Object;+6
j  java.awt.EventQueue$2.run()Ljava/lang/Void;+11
j  java.awt.EventQueue$2.run()Ljava/lang/Object;+1
v  ~StubRoutines::call_stub
j  java.security.AccessController.doPrivileged(Ljava/security/PrivilegedAction;Ljava/security/AccessControlContext;)Ljava/lang/Object;+0
j  java.security.AccessControlContext$1.doIntersectionPrivilege(Ljava/security/PrivilegedAction;Ljava/security/AccessControlContext;Ljava/security/AccessControlContext;)Ljava/lang/Object;+28
j  java.awt.EventQueue.dispatchEvent(Ljava/awt/AWTEvent;)V+73
j  java.awt.EventDispatchThread.pumpOneEventForFilters(I)Z+204
j  java.awt.EventDispatchThread.pumpEventsForFilter(ILjava/awt/Conditional;Ljava/awt/EventFilter;)V+30
j  java.awt.EventDispatchThread.pumpEventsForHierarchy(ILjava/awt/Conditional;Ljava/awt/Component;)V+11
j  java.awt.EventDispatchThread.pumpEvents(ILjava/awt/Conditional;)V+4
j  java.awt.EventDispatchThread.pumpEvents(Ljava/awt/Conditional;)V+3
j  java.awt.EventDispatchThread.run()V+9
v  ~StubRoutines::call_stub

---------------  P R O C E S S  ---------------

Java Threads: ( => current thread )
  0x00007fd1444e0000 JavaThread "NetPlotter" [_thread_blocked, id=31989, stack(0x00007fd138739000,0x00007fd13883a000)]
  0x000000004087c000 JavaThread "Timer-0" daemon [_thread_blocked, id=31988, stack(0x00007fd13b0b9000,0x00007fd13b1ba000)]
  0x00007fd144434800 JavaThread "TimerQueue" daemon [_thread_blocked, id=31987, stack(0x00007fd13b1ba000,0x00007fd13b2bb000)]
  0x0000000040729000 JavaThread "Thread-1" [_thread_in_Java, id=31981, stack(0x00007fd13b3bc000,0x00007fd13b4bd000)]
  0x0000000040391000 JavaThread "DestroyJavaVM" [_thread_blocked, id=31952, stack(0x00007fd1490d9000,0x00007fd1491da000)]
  0x000000004034c800 JavaThread "org.netbeans.modules.debugger.jpda.visual AWT Access Loop" daemon [_thread_blocked, id=31980, stack(0x00007fd13b5c9000,0x00007fd13b6ca000)]
=>0x000000004070f800 JavaThread "AWT-EventQueue-0" [_thread_in_native, id=31979, stack(0x00007fd13b6ca000,0x00007fd13b7cb000)]
  0x00000000406e8000 JavaThread "AWT-Shutdown" [_thread_blocked, id=31978, stack(0x00007fd13b7cb000,0x00007fd13b8cc000)]
  0x000000004066e000 JavaThread "AWT-XAWT" daemon [_thread_blocked, id=31977, stack(0x00007fd13baeb000,0x00007fd13bbec000)]
  0x00007fd14426b800 JavaThread "Java2D Disposer" daemon [_thread_blocked, id=31976, stack(0x00007fd13bbec000,0x00007fd13bced000)]
  0x00007fd144143800 JavaThread "Low Memory Detector" daemon [_thread_blocked, id=31974, stack(0x00007fd13c6ee000,0x00007fd13c7ef000)]
  0x00007fd144141000 JavaThread "C2 CompilerThread1" daemon [_thread_blocked, id=31973, stack(0x00007fd13c7ef000,0x00007fd13c8f0000)]
  0x00007fd14413f000 JavaThread "C2 CompilerThread0" daemon [_thread_blocked, id=31972, stack(0x00007fd13c8f0000,0x00007fd13c9f1000)]
  0x00007fd14413a800 JavaThread "JDWP Event Helper Thread" daemon [_thread_blocked, id=31968, stack(0x00007fd13caf2000,0x00007fd13cbf3000)]
  0x00007fd144136800 JavaThread "JDWP Transport Listener: dt_socket" daemon [_thread_in_native, id=31966, stack(0x00007fd13cbf3000,0x00007fd13ccf4000)]
  0x00007fd14412a800 JavaThread "Signal Dispatcher" daemon [_thread_blocked, id=31965, stack(0x00007fd13cdf8000,0x00007fd13cef9000)]
  0x00007fd14410f800 JavaThread "Finalizer" daemon [_thread_blocked, id=31964, stack(0x00007fd13cef9000,0x00007fd13cffa000)]
  0x00007fd14410d800 JavaThread "Reference Handler" daemon [_thread_blocked, id=31963, stack(0x00007fd13cffa000,0x00007fd13d0fb000)]

Other Threads:
  0x00007fd144106800 VMThread [stack: 0x00007fd13d0fb000,0x00007fd13d1fc000] [id=31962]
  0x00007fd144156800 WatcherThread [stack: 0x00007fd13c5ed000,0x00007fd13c6ee000] [id=31975]

VM state:not at safepoint (normal execution)

VM Mutex/Monitor currently owned by a thread: None

Heap
 PSYoungGen      total 175744K, used 154970K [0x00000000e0e00000, 0x00000000f1160000, 0x0000000100000000)
  eden space 149248K, 97% used [0x00000000e0e00000,0x00000000e9c1e878,0x00000000e9fc0000)
  from space 26496K, 35% used [0x00000000e9fc0000,0x00000000ea8f8000,0x00000000eb9a0000)
  to   space 24896K, 0% used [0x00000000ef910000,0x00000000ef910000,0x00000000f1160000)
 PSOldGen        total 68672K, used 21064K [0x00000000a2a00000, 0x00000000a6d10000, 0x00000000e0e00000)
  object space 68672K, 30% used [0x00000000a2a00000,0x00000000a3e92090,0x00000000a6d10000)
 PSPermGen       total 44224K, used 22302K [0x000000009d800000, 0x00000000a0330000, 0x00000000a2a00000)
  object space 44224K, 50% used [0x000000009d800000,0x000000009edc7900,0x00000000a0330000)

Code Cache  [0x00007fd13e9d4000, 0x00007fd13ec44000, 0x00007fd1419d4000)
 total_blobs=1086 nmethods=335 adapters=713 free_code_cache=48901824 largest_free_block=13312

Dynamic libraries:
40000000-40009000 r-xp 00000000 08:08 5900415                            /users/oconnorp/Programs/jdk1.6.0_32/jre/bin/java
40108000-4010a000 rwxp 00008000 08:08 5900415                            /users/oconnorp/Programs/jdk1.6.0_32/jre/bin/java
40347000-40bf1000 rwxp 00000000 00:00 0                                  [heap]
9d800000-a0330000 rwxp 00000000 00:00 0 
a0330000-a2a00000 rwxp 00000000 00:00 0 
a2a00000-a6d10000 rwxp 00000000 00:00 0 
a6d10000-e0e00000 rwxp 00000000 00:00 0 
e0e00000-f1160000 rwxp 00000000 00:00 0 
f1160000-100000000 rwxp 00000000 00:00 0 
7fd135f9d000-7fd1360c0000 rwxp 00000000 00:00 0 
7fd136296000-7fd136eb6000 rwxp 00000000 00:00 0 
7fd136fa7000-7fd1375a7000 rwxp 00000000 00:00 0 
7fd137662000-7fd137b62000 rwxp 00000000 00:00 0 
7fd137cf4000-7fd137df4000 rwxp 00000000 00:00 0 
7fd1381bd000-7fd138739000 rwxs 00000000 00:04 68681742                   /SYSV00000000 (deleted)
7fd138739000-7fd13873c000 ---p 00000000 00:00 0 
7fd13873c000-7fd13883a000 rwxp 00000000 00:00 0 
7fd13883a000-7fd13883c000 r-xp 00000000 08:08 9176684                    /users/oconnorp/Desktop/Dropbox/J/JSpikeStackMod/JSpikeStack/jars/libjogl_awt.so
7fd13883c000-7fd13893b000 ---p 00002000 08:08 9176684                    /users/oconnorp/Desktop/Dropbox/J/JSpikeStackMod/JSpikeStack/jars/libjogl_awt.so
7fd13893b000-7fd13893c000 rwxp 00001000 08:08 9176684                    /users/oconnorp/Desktop/Dropbox/J/JSpikeStackMod/JSpikeStack/jars/libjogl_awt.so
7fd13893c000-7fd13893d000 r-xp 00000000 08:08 5901041                    /users/oconnorp/Programs/jdk1.6.0_32/jre/lib/amd64/libjawt.so
7fd13893d000-7fd138a3c000 ---p 00001000 08:08 5901041                    /users/oconnorp/Programs/jdk1.6.0_32/jre/lib/amd64/libjawt.so
7fd138a3c000-7fd138a3d000 rwxp 00000000 08:08 5901041                    /users/oconnorp/Programs/jdk1.6.0_32/jre/lib/amd64/libjawt.so
7fd138a3d000-7fd138a42000 r-xp 00000000 08:02 526129                     /usr/lib/libXxf86vm.so.1.0.0
7fd138a42000-7fd138c41000 ---p 00005000 08:02 526129                     /usr/lib/libXxf86vm.so.1.0.0
7fd138c41000-7fd138c42000 r-xp 00004000 08:02 526129                     /usr/lib/libXxf86vm.so.1.0.0
7fd138c42000-7fd138c43000 rwxp 00005000 08:02 526129                     /usr/lib/libXxf86vm.so.1.0.0
7fd138c43000-7fd138d32000 r-xp 00000000 08:08 9176677                    /users/oconnorp/Desktop/Dropbox/J/JSpikeStackMod/JSpikeStack/jars/libjogl.so
7fd138d32000-7fd138e32000 ---p 000ef000 08:08 9176677                    /users/oconnorp/Desktop/Dropbox/J/JSpikeStackMod/JSpikeStack/jars/libjogl.so
7fd138e32000-7fd138e33000 rwxp 000ef000 08:08 9176677                    /users/oconnorp/Desktop/Dropbox/J/JSpikeStackMod/JSpikeStack/jars/libjogl.so
7fd138e33000-7fd13a21b000 r-xp 00000000 08:02 666465                     /usr/lib/nvidia-current/libnvidia-glcore.so.260.19.06
7fd13a21b000-7fd13a41a000 ---p 013e8000 08:02 666465                     /usr/lib/nvidia-current/libnvidia-glcore.so.260.19.06
7fd13a41a000-7fd13a9f6000 rwxp 013e7000 08:02 666465                     /usr/lib/nvidia-current/libnvidia-glcore.so.260.19.06
7fd13a9f6000-7fd13aa0c000 rwxp 00000000 00:00 0 
7fd13aa0c000-7fd13aa0d000 r-xp 00000000 08:02 666460                     /usr/lib/nvidia-current/tls/libnvidia-tls.so.260.19.06
7fd13aa0d000-7fd13ac0d000 ---p 00001000 08:02 666460                     /usr/lib/nvidia-current/tls/libnvidia-tls.so.260.19.06
7fd13ac0d000-7fd13ac0e000 rwxp 00001000 08:02 666460                     /usr/lib/nvidia-current/tls/libnvidia-tls.so.260.19.06
7fd13ac0e000-7fd13acc5000 r-xp 00000000 08:02 666455                     /usr/lib/nvidia-current/libGL.so.260.19.06
7fd13acc5000-7fd13aec5000 ---p 000b7000 08:02 666455                     /usr/lib/nvidia-current/libGL.so.260.19.06
7fd13aec5000-7fd13aefd000 rwxp 000b7000 08:02 666455                     /usr/lib/nvidia-current/libGL.so.260.19.06
7fd13aefd000-7fd13af13000 rwxp 00000000 00:00 0 
7fd13af13000-7fd13af14000 r-xp 00000000 08:08 9176675                    /users/oconnorp/Desktop/Dropbox/J/JSpikeStackMod/JSpikeStack/jars/libgluegen-rt.so
7fd13af14000-7fd13b013000 ---p 00001000 08:08 9176675                    /users/oconnorp/Desktop/Dropbox/J/JSpikeStackMod/JSpikeStack/jars/libgluegen-rt.so
7fd13b013000-7fd13b014000 rwxp 00000000 08:08 9176675                    /users/oconnorp/Desktop/Dropbox/J/JSpikeStackMod/JSpikeStack/jars/libgluegen-rt.so
7fd13b0b9000-7fd13b0bc000 ---p 00000000 00:00 0 
7fd13b0bc000-7fd13b1ba000 rwxp 00000000 00:00 0 
7fd13b1ba000-7fd13b1bd000 ---p 00000000 00:00 0 
7fd13b1bd000-7fd13b2bb000 rwxp 00000000 00:00 0 
7fd13b2bb000-7fd13b2be000 ---p 00000000 00:00 0 
7fd13b2be000-7fd13b3bc000 rwxp 00000000 00:00 0 
7fd13b3bc000-7fd13b3bf000 ---p 00000000 00:00 0 
7fd13b3bf000-7fd13b4bd000 rwxp 00000000 00:00 0 
7fd13b4bd000-7fd13b4c6000 r-xs 00000000 08:02 1706778                    /var/cache/fontconfig/945677eb7aeaf62f1d50efc3fb3ec7d8-le64.cache-3
7fd13b4c6000-7fd13b4c8000 r-xs 00000000 08:02 1706779                    /var/cache/fontconfig/99e8ed0e538f840c565b6ed5dad60d56-le64.cache-3
7fd13b4c8000-7fd13b4cb000 r-xs 00000000 08:02 1706788                    /var/cache/fontconfig/e383d7ea5fbe662a33d9b44caf393297-le64.cache-3
7fd13b4cb000-7fd13b4ce000 r-xs 00000000 08:02 1704604                    /var/cache/fontconfig/2cd17615ca594fa2959ae173292e504c-le64.cache-3
7fd13b4ce000-7fd13b4d1000 r-xs 00000000 08:02 1704494                    /var/cache/fontconfig/b5ea634b0fb353b8ea17632d1f9ef766-le64.cache-3
7fd13b4d1000-7fd13b4da000 r-xs 00000000 08:02 1704816                    /var/cache/fontconfig/6d41288fd70b0be22e8c3a91e032eec0-le64.cache-3
7fd13b4da000-7fd13b4ea000 r-xs 00000000 08:02 1706765                    /var/cache/fontconfig/0f34bcd4b6ee430af32735b75db7f02b-le64.cach