#
# A fatal error has been detected by the Java Runtime Environment:
#
#  SIGSEGV (0xb) at pc=0x00007f2e18be3759, pid=31821, tid=139835971786496
#
# JRE version: 6.0_32-b05
# Java VM: Java HotSpot(TM) 64-Bit Server VM (20.7-b02 mixed mode linux-amd64 compressed oops)
# Problematic frame:
# C  [libGL.so.1+0x91759]  __float128+0x25289
#
# If you would like to submit a bug report, please visit:
#   http://java.sun.com/webapps/bugreport/crash.jsp
# The crash happened outside the Java Virtual Machine in native code.
# See problematic frame for where to report the bug.
#

---------------  T H R E A D  ---------------

Current thread (0x00007f2e1412a800):  JavaThread "AWT-EventQueue-0" [_thread_in_native, id=31852, stack(0x00007f2e195cd000,0x00007f2e196ce000)]

siginfo:si_signo=SIGSEGV: si_errno=0, si_code=1 (SEGV_MAPERR), si_addr=0x0000000041abf000

Registers:
RAX=0x0000000041abf000, RBX=0x00007f2e20787d08, RCX=0x00007f2e18e41ce0, RDX=0x00007f2e13fcebc0
RSP=0x00007f2e196cacf0, RBP=0x0000000000000001, RSI=0x00007f2e20787d08, RDI=0x00007f2e18e41f40
R8 =0x0000000000000b3e, R9 =0x00007f2e14179dd0, R10=0x0000000000000000, R11=0x0000000000000206
R12=0x00007f2e196cad10, R13=0x0000000000000001, R14=0x00007f2e20787d08, R15=0x00007f2e18e26750
RIP=0x00007f2e18be3759, EFLAGS=0x0000000000010202, CSGSFS=0x0000000000000033, ERR=0x0000000000000004
  TRAPNO=0x000000000000000e

Top of Stack: (sp=0x00007f2e196cacf0)
0x00007f2e196cacf0:   00007f2e196cad10 0000000041abf000
0x00007f2e196cad00:   0000012c196cad50 000000010000012c
0x00007f2e196cad10:   0000000041abf000 00007f2e18357ee8
0x00007f2e196cad20:   0000000000000000 00007f2e196cadd8
0x00007f2e196cad30:   00007f2e196cade0 00007f2e1412a9d0
0x00007f2e196cad40:   0000000000000000 00007f2e18be97a9
0x00007f2e196cad50:   0000000000000000 00007f2e19fb633e
0x00007f2e196cad60:   0000000000000000 0000000005a000b4
0x00007f2e196cad70:   00007f2e13feaf20 0000000000007c4d
0x00007f2e196cad80:   00000000416de580 00007f2e132bb0b0
0x00007f2e196cad90:   000000009ea1b330 00007f2e2011bb80
0x00007f2e196cada0:   00007f2e20787cc0 00007f2e20654e80
0x00007f2e196cadb0:   000000009ea1b330 00007f2e196caee8
0x00007f2e196cadc0:   00007f2e1412a800 00007f2e18bbbe27
0x00007f2e196cadd0:   00007f2e19fb1298 00000000a2e8d990
0x00007f2e196cade0:   00000000a2e8d958 00007f2e196cade8
0x00007f2e196cadf0:   000000009ea30f25 000000009ea1b330
0x00007f2e196cae00:   00007f2e196cae40 0000000000000000
0x00007f2e196cae10:   000000009ea1b330 00007f2e187b1b42
0x00007f2e196cae20:   0000000005a000b4 00007f2e2011bb80
0x00007f2e196cae30:   00007f2e196caec0 00007f2e1412a9d0
0x00007f2e196cae40:   00007f2e196caeb0 00007f2e19fb5b55
0x00007f2e196cae50:   00007f2e196cae90 000000009e9f5d98
0x00007f2e196cae60:   0000000000000000 000000009e9e3fb8
0x00007f2e196cae70:   00007f2e196cae70 0000000000000000
0x00007f2e196cae80:   00007f2e196caee8 000000009ea1f138
0x00007f2e196cae90:   0000000000000000 000000009ea1b330
0x00007f2e196caea0:   0000000000000000 00007f2e196caed0
0x00007f2e196caeb0:   00007f2e196caf30 00007f2e19fa4b02
0x00007f2e196caec0:   000000009ea1c660 00007f2e19fb1298
0x00007f2e196caed0:   0000000005a000b4 00007f2e196caf30
0x00007f2e196caee0:   00007f2e2011bb80 00000000a3cbdde8 

Instructions: (pc=0x00007f2e18be3759)
0x00007f2e18be3739:   44 3b 6c 24 1c 75 90 4c 8b 24 24 31 ed 48 8b 0d
0x00007f2e18be3749:   db bf 23 00 49 8b 04 24 4c 89 f6 ff c5 48 8b 11
0x00007f2e18be3759:   48 8b 38 ff 92 68 03 00 00 48 8b 15 bf bf 23 00
0x00007f2e18be3769:   48 89 c3 49 8b 3c 24 49 83 c4 08 48 8b 02 ff 90 

Register to memory mapping:

RAX=0x0000000041abf000 is an unknown value
RBX=0x00007f2e20787d08 is an unknown value
RCX=0x00007f2e18e41ce0: <offset 0x2efce0> in /usr/lib/nvidia-current/libGL.so.1 at 0x00007f2e18b52000
RDX=0x00007f2e13fcebc0: <offset 0x1ba7bc0> in /usr/lib/nvidia-current/libnvidia-glcore.so.260.19.06 at 0x00007f2e12427000
RSP=0x00007f2e196cacf0 is pointing into the stack for thread: 0x00007f2e1412a800
RBP=0x0000000000000001 is an unknown value
RSI=0x00007f2e20787d08 is an unknown value
RDI=0x00007f2e18e41f40: <offset 0x2eff40> in /usr/lib/nvidia-current/libGL.so.1 at 0x00007f2e18b52000
R8 =0x0000000000000b3e is an unknown value
R9 =0x00007f2e14179dd0 is an unknown value
R10=0x0000000000000000 is an unknown value
R11=0x0000000000000206 is an unknown value
R12=0x00007f2e196cad10 is pointing into the stack for thread: 0x00007f2e1412a800
R13=0x0000000000000001 is an unknown value
R14=0x00007f2e20787d08 is an unknown value
R15=0x00007f2e18e26750: <offset 0x2d4750> in /usr/lib/nvidia-current/libGL.so.1 at 0x00007f2e18b52000


Stack: [0x00007f2e195cd000,0x00007f2e196ce000],  sp=0x00007f2e196cacf0,  free space=1015k
Native frames: (J=compiled Java code, j=interpreted, Vv=VM code, C=native code)
C  [libGL.so.1+0x91759]  __float128+0x25289

Java frames: (J=compiled Java code, j=interpreted, Vv=VM code)
j  com.sun.opengl.impl.x11.GLX.glXSwapBuffers(JJ)V+0
j  com.sun.opengl.impl.x11.X11OnscreenGLDrawable.swapBuffers()V+38
j  com.sun.opengl.impl.GLDrawableHelper.invokeGL(Ljavax/media/opengl/GLDrawable;Ljavax/media/opengl/GLContext;Ljava/lang/Runnable;Ljava/lang/Runnable;)V+435
j  javax.media.opengl.GLCanvas.maybeDoSingleThreadedWorkaround(Ljava/lang/Runnable;Ljava/lang/Runnable;)V+36
j  javax.media.opengl.GLCanvas.display()V+9
j  javax.media.opengl.GLCanvas.paint(Ljava/awt/Graphics;)V+125
j  javax.media.opengl.GLCanvas.update(Ljava/awt/Graphics;)V+2
j  sun.awt.RepaintArea.updateComponent(Ljava/awt/Component;Ljava/awt/Graphics;)V+6
j  sun.awt.X11.XRepaintArea.updateComponent(Ljava/awt/Component;Ljava/awt/Graphics;)V+23
j  sun.awt.RepaintArea.paint(Ljava/lang/Object;Z)V+263
j  sun.awt.X11.XComponentPeer.handleEvent(Ljava/awt/AWTEvent;)V+224
j  java.awt.Component.dispatchEventImpl(Ljava/awt/AWTEvent;)V+861
j  java.awt.Component.dispatchEvent(Ljava/awt/AWTEvent;)V+2
j  java.awt.EventQueue.dispatchEventImpl(Ljava/awt/AWTEvent;Ljava/lang/Object;)V+41
j  java.awt.EventQueue.access$000(Ljava/awt/EventQueue;Ljava/awt/AWTEvent;Ljava/lang/Object;)V+3
j  java.awt.EventQueue$1.run()Ljava/lang/Void;+12
j  java.awt.EventQueue$1.run()Ljava/lang/Object;+1
v  ~StubRoutines::call_stub
j  java.security.AccessController.doPrivileged(Ljava/security/PrivilegedAction;Ljava/security/AccessControlContext;)Ljava/lang/Object;+0
j  java.security.AccessControlContext$1.doIntersectionPrivilege(Ljava/security/PrivilegedAction;Ljava/security/AccessControlContext;Ljava/security/AccessControlContext;)Ljava/lang/Object;+28
j  java.security.AccessControlContext$1.doIntersectionPrivilege(Ljava/security/PrivilegedAction;Ljava/security/AccessControlContext;)Ljava/lang/Object;+6
j  java.awt.EventQueue$2.run()Ljava/lang/Void;+11
j  java.awt.EventQueue$2.run()Ljava/lang/Object;+1
v  ~StubRoutines::call_stub
j  java.security.AccessController.doPrivileged(Ljava/security/PrivilegedAction;Ljava/security/AccessControlContext;)Ljava/lang/Object;+0
j  java.security.AccessControlContext$1.doIntersectionPrivilege(Ljava/security/PrivilegedAction;Ljava/security/AccessControlContext;Ljava/security/AccessControlContext;)Ljava/lang/Object;+28
j  java.awt.EventQueue.dispatchEvent(Ljava/awt/AWTEvent;)V+73
j  java.awt.EventDispatchThread.pumpOneEventForFilters(I)Z+204
j  java.awt.EventDispatchThread.pumpEventsForFilter(ILjava/awt/Conditional;Ljava/awt/EventFilter;)V+30
j  java.awt.EventDispatchThread.pumpEventsForHierarchy(ILjava/awt/Conditional;Ljava/awt/Component;)V+11
j  java.awt.EventDispatchThread.pumpEvents(ILjava/awt/Conditional;)V+4
j  java.awt.EventDispatchThread.pumpEvents(Ljava/awt/Conditional;)V+3
j  java.awt.EventDispatchThread.run()V+9
v  ~StubRoutines::call_stub

---------------  P R O C E S S  ---------------

Java Threads: ( => current thread )
  0x0000000041505800 JavaThread "NetPlotter" [_thread_blocked, id=31862, stack(0x00007f2e18256000,0x00007f2e18357000)]
  0x00007f2e20234000 JavaThread "Timer-0" daemon [_thread_blocked, id=31861, stack(0x00007f2e18ffd000,0x00007f2e190fe000)]
  0x00007f2e202ad000 JavaThread "TimerQueue" daemon [_thread_blocked, id=31860, stack(0x00007f2e190fe000,0x00007f2e191ff000)]
  0x00007f2e201f4800 JavaThread "Thread-1" [_thread_in_Java, id=31854, stack(0x00007f2e19300000,0x00007f2e19401000)]
  0x00007f2e1414f800 JavaThread "DestroyJavaVM" [_thread_blocked, id=31826, stack(0x00007f2e2722b000,0x00007f2e2732c000)]
  0x00000000410e5000 JavaThread "org.netbeans.modules.debugger.jpda.visual AWT Access Loop" daemon [_thread_blocked, id=31853, stack(0x00007f2e194cc000,0x00007f2e195cd000)]
=>0x00007f2e1412a800 JavaThread "AWT-EventQueue-0" [_thread_in_native, id=31852, stack(0x00007f2e195cd000,0x00007f2e196ce000)]
  0x00007f2e1411d800 JavaThread "AWT-Shutdown" [_thread_blocked, id=31851, stack(0x00007f2e196ce000,0x00007f2e197cf000)]
  0x00007f2e201c3800 JavaThread "AWT-XAWT" daemon [_thread_blocked, id=31850, stack(0x00007f2e199ee000,0x00007f2e19aef000)]
  0x00007f2e2013d000 JavaThread "Java2D Disposer" daemon [_thread_blocked, id=31849, stack(0x00007f2e19aef000,0x00007f2e19bf0000)]
  0x00007f2e20069800 JavaThread "Low Memory Detector" daemon [_thread_blocked, id=31847, stack(0x00007f2e1d826000,0x00007f2e1d927000)]
  0x00007f2e20067000 JavaThread "C2 CompilerThread1" daemon [_thread_blocked, id=31846, stack(0x00007f2e1d927000,0x00007f2e1da28000)]
  0x00007f2e2000c000 JavaThread "C2 CompilerThread0" daemon [_thread_blocked, id=31845, stack(0x00007f2e1da28000,0x00007f2e1db29000)]
  0x0000000041219000 JavaThread "JDWP Event Helper Thread" daemon [_thread_blocked, id=31842, stack(0x00007f2e1dc2a000,0x00007f2e1dd2b000)]
  0x0000000041215800 JavaThread "JDWP Transport Listener: dt_socket" daemon [_thread_in_native, id=31840, stack(0x00007f2e1dd2b000,0x00007f2e1de2c000)]
  0x000000004120a800 JavaThread "Signal Dispatcher" daemon [_thread_blocked, id=31838, stack(0x00007f2e1df30000,0x00007f2e1e031000)]
  0x00000000411ef800 JavaThread "Finalizer" daemon [_thread_blocked, id=31837, stack(0x00007f2e1e031000,0x00007f2e1e132000)]
  0x00000000411e8000 JavaThread "Reference Handler" daemon [_thread_blocked, id=31836, stack(0x00007f2e1e132000,0x00007f2e1e233000)]

Other Threads:
  0x00000000411e1800 VMThread [stack: 0x00007f2e1e233000,0x00007f2e1e334000] [id=31835]
  0x00007f2e2007c800 WatcherThread [stack: 0x00007f2e1d725000,0x00007f2e1d826000] [id=31848]

VM state:not at safepoint (normal execution)

VM Mutex/Monitor currently owned by a thread: None

Heap
 PSYoungGen      total 172800K, used 32369K [0x00000000e0e00000, 0x00000000ed2f0000, 0x0000000100000000)
  eden space 148672K, 16% used [0x00000000e0e00000,0x00000000e261c608,0x00000000e9f30000)
  from space 24128K, 31% used [0x00000000ebb60000,0x00000000ec2e0000,0x00000000ed2f0000)
  to   space 26496K, 0% used [0x00000000e9f30000,0x00000000e9f30000,0x00000000eb910000)
 PSOldGen        total 69888K, used 19657K [0x00000000a2a00000, 0x00000000a6e40000, 0x00000000e0e00000)
  object space 69888K, 28% used [0x00000000a2a00000,0x00000000a3d326e8,0x00000000a6e40000)
 PSPermGen       total 44224K, used 22243K [0x000000009d800000, 0x00000000a0330000, 0x00000000a2a00000)
  object space 44224K, 50% used [0x000000009d800000,0x000000009edb8ec8,0x00000000a0330000)

Code Cache  [0x00007f2e19f9f000, 0x00007f2e1a20f000, 0x00007f2e1cf9f000)
 total_blobs=1034 nmethods=283 adapters=713 free_code_cache=49065792 largest_free_block=13248

Dynamic libraries:
40000000-40009000 r-xp 00000000 08:08 5900415                            /users/oconnorp/Programs/jdk1.6.0_32/jre/bin/java
40108000-4010a000 rwxp 00008000 08:08 5900415                            /users/oconnorp/Programs/jdk1.6.0_32/jre/bin/java
410d6000-4198d000 rwxp 00000000 00:00 0                                  [heap]
9d800000-a0330000 rwxp 00000000 00:00 0 
a0330000-a2a00000 rwxp 00000000 00:00 0 
a2a00000-a6e40000 rwxp 00000000 00:00 0 
a6e40000-e0e00000 rwxp 00000000 00:00 0 
e0e00000-ed2f0000 rwxp 00000000 00:00 0 
ed2f0000-ed6a0000 ---p 00000000 00:00 0 
ed6a0000-100000000 rwxp 00000000 00:00 0 
7f2e11aa7000-7f2e11ba7000 rwxp 00000000 00:00 0 
7f2e11ba7000-7f2e11da7000 rwxs ab979000 00:05 8204                       /dev/nvidia0
7f2e11eab000-7f2e12427000 rwxs 00000000 00:04 68255758                   /SYSV00000000 (deleted)
7f2e12427000-7f2e1380f000 r-xp 00000000 08:02 666465                     /usr/lib/nvidia-current/libnvidia-glcore.so.260.19.06
7f2e1380f000-7f2e13a0e000 ---p 013e8000 08:02 666465                     /usr/lib/nvidia-current/libnvidia-glcore.so.260.19.06
7f2e13a0e000-7f2e13fea000 rwxp 013e7000 08:02 666465                     /usr/lib/nvidia-current/libnvidia-glcore.so.260.19.06
7f2e13fea000-7f2e14000000 rwxp 00000000 00:00 0 
7f2e14000000-7f2e15ca2000 rwxp 00000000 00:00 0 
7f2e15ca2000-7f2e18000000 ---p 00000000 00:00 0 
7f2e1808d000-7f2e1818d000 rwxp 00000000 00:00 0 
7f2e18256000-7f2e18259000 ---p 00000000 00:00 0 
7f2e18259000-7f2e18357000 rwxp 00000000 00:00 0 
7f2e18357000-7f2e18359000 r-xp 00000000 08:08 9176684                    /users/oconnorp/Desktop/Dropbox/J/JSpikeStackMod/JSpikeStack/jars/libjogl_awt.so
7f2e18359000-7f2e18458000 ---p 00002000 08:08 9176684                    /users/oconnorp/Desktop/Dropbox/J/JSpikeStackMod/JSpikeStack/jars/libjogl_awt.so
7f2e18458000-7f2e18459000 rwxp 00001000 08:08 9176684                    /users/oconnorp/Desktop/Dropbox/J/JSpikeStackMod/JSpikeStack/jars/libjogl_awt.so
7f2e18459000-7f2e1845a000 r-xp 00000000 08:08 5901041                    /users/oconnorp/Programs/jdk1.6.0_32/jre/lib/amd64/libjawt.so
7f2e1845a000-7f2e18559000 ---p 00001000 08:08 5901041                    /users/oconnorp/Programs/jdk1.6.0_32/jre/lib/amd64/libjawt.so
7f2e18559000-7f2e1855a000 rwxp 00000000 08:08 5901041                    /users/oconnorp/Programs/jdk1.6.0_32/jre/lib/amd64/libjawt.so
7f2e1855a000-7f2e1855f000 r-xp 00000000 08:02 526129                     /usr/lib/libXxf86vm.so.1.0.0
7f2e1855f000-7f2e1875e000 ---p 00005000 08:02 526129                     /usr/lib/libXxf86vm.so.1.0.0
7f2e1875e000-7f2e1875f000 r-xp 00004000 08:02 526129                     /usr/lib/libXxf86vm.so.1.0.0
7f2e1875f000-7f2e18760000 rwxp 00005000 08:02 526129                     /usr/lib/libXxf86vm.so.1.0.0
7f2e18760000-7f2e1884f000 r-xp 00000000 08:08 9176677                    /users/oconnorp/Desktop/Dropbox/J/JSpikeStackMod/JSpikeStack/jars/libjogl.so
7f2e1884f000-7f2e1894f000 ---p 000ef000 08:08 9176677                    /users/oconnorp/Desktop/Dropbox/J/JSpikeStackMod/JSpikeStack/jars/libjogl.so
7f2e1894f000-7f2e18950000 rwxp 000ef000 08:08 9176677                    /users/oconnorp/Desktop/Dropbox/J/JSpikeStackMod/JSpikeStack/jars/libjogl.so
7f2e18950000-7f2e18951000 r-xp 00000000 08:02 666460                     /usr/lib/nvidia-current/tls/libnvidia-tls.so.260.19.06
7f2e18951000-7f2e18b51000 ---p 00001000 08:02 666460                     /usr/lib/nvidia-current/tls/libnvidia-tls.so.260.19.06
7f2e18b51000-7f2e18b52000 rwxp 00001000 08:02 666460                     /usr/lib/nvidia-current/tls/libnvidia-tls.so.260.19.06
7f2e18b52000-7f2e18c09000 r-xp 00000000 08:02 666455                     /usr/lib/nvidia-current/libGL.so.260.19.06
7f2e18c09000-7f2e18e09000 ---p 000b7000 08:02 666455                     /usr/lib/nvidia-current/libGL.so.260.19.06
7f2e18e09000-7f2e18e41000 rwxp 000b7000 08:02 666455                     /usr/lib/nvidia-current/libGL.so.260.19.06
7f2e18e41000-7f2e18e57000 rwxp 00000000 00:00 0 
7f2e18e57000-7f2e18e58000 r-xp 00000000 08:08 9176675                    /users/oconnorp/Desktop/Dropbox/J/JSpikeStackMod/JSpikeStack/jars/libgluegen-rt.so
7f2e18e58000-7f2e18f57000 ---p 00001000 08:08 9176675                    /users/oconnorp/Desktop/Dropbox/J/JSpikeStackMod/JSpikeStack/jars/libgluegen-rt.so
7f2e18f57000-7f2e18f58000 rwxp 00000000 08:08 9176675                    /users/oconnorp/Desktop/Dropbox/J/JSpikeStackMod/JSpikeStack/jars/libgluegen-rt.so
7f2e18ffd000-7f2e19000000 ---p 00000000 00:00 0 
7f2e19000000-7f2e190fe000 rwxp 00000000 00:00 0 
7f2e190fe000-7f2e19101000 ---p 00000000 00:00 0 
7f2e19101000-7f2e191ff000 rwxp 00000000 00:00 0 
7f2e191ff000-7f2e19202000 ---p 00000000 00:00 0 
7f2e19202000-7f2e19300000 rwxp 00000000 00:00 0 
7f2e19300000-7f2e19303000 ---p 00000000 00:00 0 
7f2e19303000-7f2e19401000 rwxp 00000000 00:00 0 
7f2e19401000-7f2e1940a000 r-xs 00000000 08:02 1706778                    /var/cache/fontconfig/945677eb7aeaf62f1d50efc3fb3ec7d8-le64.cache-3
7f2e194cc000-7f2e194cf000 ---p 00000000 00:00 0 
7f2e194cf000-7f2e195cd000 rwxp 00000000 00:00 0 
7f2e195cd000-7f2e195d0000 ---p 00000000 00:00 0 
7f2e195d0000-7f2e196ce000 rwxp 00000000 00:00 0 
7f2e196ce000-7f2e196d1000 ---p 00000000 00:00 0 
7f2e196d1000-7f2e197cf000 rwxp 00000000 00:00 0 
7f2e197cf000-7f2e197d6000 r-xp 00000000 08:08 5901017                    /users/oconnorp/Programs/jdk1.6.0_32/jre/lib/amd64/libnio.so
7f2e197d6000-7f2e198d5000 ---p 00007000 08:08 5901017                    /users/oconnorp/Programs/jdk1.6.0_32/jre/lib/amd64/libnio.so
7f2e198d5000-7f2e198d7000 rwxp 00006000 08:08 5901017                    /users/oconnorp/Programs/jdk1.6.0_32/jre/lib/amd64/libnio.so
7f2e198d7000-7f2e198ea000 r-xp 00000000 08:08 5901016                    /users/oconnorp/Programs/jdk1.6.0_32/jre/lib/amd64/libnet.so
7f2e198ea000-7f2e199eb000 ---p 00013000 08:08 5901016                    /users/oconnorp/Programs/jdk1.6.0_32/jre/lib/amd64/libnet.so
7f2e199eb000-7f2e199ee000 rwxp 00014000 08:08 5901016                    /users/oconnorp/Programs/jdk1.6.0_32/jre/lib/amd64/libnet.so
7f2e199ee000-7f2e199f1000 ---p 00000000 00:00 0 
7f2e199f1000-7f2e19aef000 rwxp 00000000 00:00 0 
7f2e19aef000-7f2e19af2000 ---p 00000000 00:00 0 
7f2e19af2000-7f2e19bf0000 rwxp 00000000 00:00 0 
7f2e19bf0000-7f2e19c69000 r-xp 00000000 08:08 5901025                    /users/oconnorp/Programs/jdk1.6.0_32/jre/lib/amd64/libfontmanager.so
7f2e19c69000-7f2e19d68000 ---p 00079000 08:08 5901025                    /users/oconnorp/Programs/jdk1.6.0_32/jre/lib/amd64/libfontmanager.so
7f2e19d68000-7f2e19d7d000 rwxp 00078000 08:08 5901025                    /users/oconnorp/Programs/jdk1.6.0_32/jre/lib/amd64/libfontmanager.so
7f2e19d7d000-7f2e19d8f000 rwxp 00000000 00:00 0 
7f2e19d8f000-7f2e19d9d000 r-xp 00000000 08:02 526099                     /usr/lib/libXi.so.6.1.0
7f2e19d9d000-7f2e19f9d000 ---p 0000e000 08:02 526099                     /usr/lib/libXi.so.6.1.0
7f2e19f9d000-7f2e19f9e000 r-xp 0000e000 08:02 526099                     /usr/lib/libXi.so.6.1.0
7f2e19f9e000-7f2e19f9f000 rwxp 0000f000 08:02 526099                     /usr/lib/libXi.so.6.1.0
7f2e19f9f000-7f2e1a20f000 rwxp 00000000 00:00 0 
7f2e1a20f000-7f2e1cf9f000 rwxp 00000000 00:00 0 
7f2e1cf9f000-7f2e1cfb5000 r-xp 00000000 08:02 1458530                    /lib/libresolv-2.12.1.so
7f2e1cfb5000-7f2e1d1b4000 ---p 00016000 08:02 1458530                    /lib/libresolv-2.12.1.so
7f2e1d1b4000-7f2e1d1b5000 r-xp 00015000 08:02 1458530                    /lib/libresolv-2.12.1.so
7f2e1d1b5000-7f2e1d1b6000 rwxp 00016000 08:02 1458530                    /lib/libresolv-2.12.1.so
7f2e1d1b6000-7f2e1d1b8000 rwxp 00000000 00:00 0 
7f2e1d1bd000-7f2e1d1bf000 r-xs 00000000 08:02 1706779                    /var/cache/fontconfig/99e8ed0e538f840c565b6ed5dad60d56-le64.cache-3
7f2e1d1bf000-7f2e1d1c2000 r-xs 00000000 08:02 1706788                    /var/cache/fontconfig/e383d7ea5fbe662a33d9b44caf393297-le64.cache-3
7f2e1d1c2000-7f2e1d1c5000 r-xs 00000000 08:02 1704604                    /var/cache/fontconfig/2cd17615ca594fa2959ae173292e504c-le64.cache-3
7f2e1d1c5000-7f2e1d1cb000 r-xs 00000000 08:02 1706780                    /var/cache/fontconfig/a755afe4a08bf5b97852ceb7400b47bc-le64.cache-3
7f2e1d1cb000-7f2e1d1d4000 r-xs 00000000 08:02 1704816                    /var/cache/fontconfig/6d41288fd70b0be22e8c3a91e032eec0-le64.cache-3
7f2e1d1d4000-7f2e1d1e4000 r-xs 00000000 08:02 1706765                    /var/cache/fontconfig/0f34bcd4b6ee430af32735b75db7f02b-le64.cache-3
7f2e1d1e4000-7f2e1d1e9000 r-xp 00000000 08:02 526119                     /usr/lib/libXtst.so.6.1.0
7f2e1d1e9000-7f2e1d3e9000 ---p 00005000 08:02 526119                     /usr/lib/libXtst.so.6.1.0
7f2e1d3e9000-7f2e1d3ea000 r-xp 00005000 08:02 526119                     /usr/lib/libXtst.so.6.1.0
7f2e1d3ea000-7f2e1d3eb000 rwxp 00006000 08:02 526119                     /usr/lib/libXtst.so.6.1.0
7f2e1d3eb000-7f2e1d3ec000 r-xs 00000000 08:02 1706781                    /var/cache/fontconfig/c05880de57d1f5e948fdfacc138775d9-le64.cache-3
7f2e1d3ec000-7f2e1d3ed000 r-xs 00000000 08:02 1706789                    /var/cache/fontconfig/e7071f4a29fa870f4323321c154eba04-le64.cache-3
7f2e1d3ed000-7f2e1d3f0000 r-xs 00000000 08:02 1704494                    /var/cache/fontconfig/b5ea634b0fb353b8ea17632d1f9ef766-le64.cache-3
7f2e1d3f0000-7f2e1d3f4000 r-xs 00000000 08:02 1704562                    /var/cache/fontconfig/7ef2298fde41cc6eeb7af42e48b7d293-le64.cache-3
7f2e1d3f4000-7f2e1d408000 r-xs 00000000 08:02 1717119                    /var/cache/fontconfig/865f88548240fee46819705c6468c165-le64.cache-3
7f2e1d408000-7f2e1d44a000 r-xp 00000000 08:08 5901014                    /users/oconnorp/Programs/jdk1.6.0_32/jre/lib/amd64/xawt/libmawt.so
7f2e1d44a000-7f2e1d549000 ---p 00042000 08:08 5901014                    /users/oconnorp/Programs/jdk1.6.0_32/jre/lib/amd64/xawt/libmawt.so
7f2e1d549000-7f2e1d555000 rwxp 00041000 08:08 5901014                    /users/oconnorp/Programs/jdk1.6.0_32/jre/lib/amd64/xawt/libmawt.so
7f2e1d555000-7f2e1d556000 rwxp 00000000 00:00 0 
7f2e1d556000-7f2e1d5e8000 r-xp 00000000 08:08 5901061                    /users/oconnorp/Programs/jdk1.6.0_32/jre/lib/amd64/libawt.so
7f2e1d5e8000-7f2e1d6e7000 ---p 00092000 08:08 5901061                    /users/oconnorp/Programs/jdk1.6.0_32/jre/lib/amd64/libawt.so
7f2e1d6e7000-7f2e1d701000 rwxp 00091000 08:08 5901061                    /users/oconnorp/Programs/jdk1.6.0_32/jre/lib/amd64/libawt.so
7f2e1d701000-7f2e1d725000 rwxp 00000000 00:00 0 
7f2e1d725000-7f2e1d726000 ---p 00000000 00:00 0 
7f2e1d726000-7f2e1d826000 rwxp 00000000 00:00 0 
7f2e1d826000-7f2e1d829000 ---p 00000000 00:00 0 
7f2e1d829000-7f2e1d927000 rwxp 00000000 00:00 0 
7f2e1d927000-7f2e1d92a000 ---p 00000000 00:00 0 
7f2e1d92a000-7f2e1da28000 rwxp 00000000 00:00 0 
7f2e1da28000-7f2e1da2b000 ---p 00000000 00:00 0 
7f2e1da2b000-7f2e1db29000 rwxp 00000000 00:00 0 
7f2e1db29000-7f2e1db2c000 ---p 00000000 00:00 0 
7f2e1db2c000-7f2e1dc2a000 rwxp 00000000 00:00 0 
7f2e1dc2a000-7f2e1dc2d000 ---p 00000000 00:00 0 
7f2e1dc2d000-7f2e1dd2b000 rwxp 00000000 00:00 0 
7f2e1dd2b000-7f2e1dd2e000 ---p 00000000 00:00 0 
7f2e1dd2e000-7f2e1de2c000 rwxp 00000000 00:00 0 
7f2e1de2c000-7f2e1de2f000 r-xp 00000000 08:08 5901052                    /users/oconnorp/Programs/jdk1.6.0_32/jre/lib/amd64/libdt_socket.so
7f2e1de2f000-7f2e1df2e000 ---p 00003000 08:08 5901052                    /users/oconnorp/Programs/jdk1.6.0_32/jre/lib/amd64/libdt_socket.so
7f2e1df2e000-7f2e1df30000 rwxp 00002000 08:08 5901052                    /users/oconnorp/Programs/jdk1.6.0_32/jre/lib/amd64/libdt_socket.so
7f2e1df30000-7f2e1df33000 ---p 00000000 00:00 0 
7f2e1df33000-7f2e1e031000 rwxp 00000000 00:00 0 
7f2e1e031000-7f2e1e034000 ---p 00000000 00:00 0 
7f2e1e034000-7f2e1e132000 rwxp 00000000 00:00 0 
7f2e1e132000-7f2e1e135000 ---p 00000000 00:00 0 
7f2e1e135000-7f2e1e233000 rwxp 00000000 00:00 0 
7f2e1e233000-7f2e1e234000 ---p 00000000 00:00 0 
7f2e1e234000-7f2e1ec3d000 rwxp 00000000 00:00 0 
7f2e1ec3d000-7f2e1edd4000 r-xs 03079000 08:08 5901816                    /users/oconnorp/Programs/jdk1.6.0_32/jre/lib/rt.jar
7f2e1edd4000-7f2e1edd5000 ---p 00000000 00:00 0 
7f2e1edd5000-7f2e1eed5000 rwxp 00000000 00:00 0 
7f2e1eed5000-7f2e1eed6000 ---p 00000000 00:00 0 
7f2e1eed6000-7f2e1efd6000 rwxp 00000000 00:00 0 
7f2e1efd6000-7f2e1efd7000 ---p 00000000 00:00 0 
7f2e1efd7000-7f2e1f0d7000 rwxp 00000000 00:00 0 
7f2e1f0d7000-7f2e1f0d8000 ---p 00000000 00:00 0 
7f2e1f0d8000-7f2e1f1d8000 rwxp 00000000 00:00 0 
7f2e1f1d8000-7f2e1f1d9000 ---p 00000000 00:00 0 
7f2e1f1d9000-7f2e1f2d9000 rwxp 00000000 00:00 0 
7f2e1f2d9000-7f2e1f2da000 ---p 00000000 00:00 0 
7f2e1f2da000-7f2e1f3da000 rwxp 00000000 00:00 0 
7f2e1f3da000-7f2e1f3db000 ---p 00000000 00:00 0 
7f2e1f3db000-7f2e1f4db000 rwxp 00000000 00:00 0 
7f2e1f4db000-7f2e1f4dc000 ---p 00000000 00:00 0 
7f2e1f4dc000-7f2e1f5ff000 rwxp 00000000 00:00 0 
7f2e1f5ff000-7f2e1f7ce000 rwxp 00000000 00:00 0 
7f2e1f7ce000-7f2e1f7e4000 rwxp 00000000 00:00 0 
7f2e1f7e4000-7f2e1f7f7000 rwxp 00000000 00:00 0 
7f2e1f7f7000-7f2e1f81a000 rwxp 00000000 00:00 0 
7f2e1f81a000-7f2e1f9e9000 rwxp 00000000 00:00 0 
7f2e1f9e9000-7f2e1fa4c000 rwxp 00000000 00:00 0 
7f2e1fa4c000-7f2e1fa4e000 ---p 00000000 00:00 0 
7f2e1fa4e000-7f2e1fae2000 rwxp 00000000 00:00 0 
7f2e1fae2000-7f2e1fae3000 rwxp 00000000 00:00 0 
7f2e1fae3000-7f2e1faf1000 r-xp 00000000 08:08 5901027                    /users/oconnorp/Programs/jdk1.6.0_32/jre/lib/amd64/libzip.so
7f2e1faf1000-7f2e1fbf3000 ---p 0000e000 08:08 5901027                    /users/oconnorp/Programs/jdk1.6.0_32/jre/lib/amd64/libzip.so
7f2e1fbf3000-7f2e1fbf6000 rwxp 00010000 08:08 5901027                    /users/oconnorp/Programs/jdk1.6.0_32/jre/lib/amd64/libzip.so
7f2e1fbf6000-7f2e1fbf7000 rwxp 00000000 00:00 0 
7f2e1fbf7000-7f2e1fbfc000 r-xp 00000000 08:02 1458517                    /lib/libnss_dns-2.12.1.so
7f2e1fbfc000-7f2e1fdfb000 ---p 00005000 08:02 1458517                    /lib/libnss_dns-2.12.1.so
7f2e1fdfb000-7f2e1fdfc000 r-xp 00004000 08:02 1458517                    /lib/libnss_dns-2.12.1.so
7f2e1fdfc000-7f2e1fdfd000 rwxp 00005000 08:02 1458517                    /lib/libnss_dns-2.12.1.so
7f2e1fdfd000-7f2e1fdff000 r-xp 00000000 08:02 1439093                    /lib/libnss_mdns4_minimal.so.2
7f2e1fdff000-7f2e1fffe000 ---p 00002000 08:02 1439093                    /lib/libnss_mdns4_minimal.so.2
7f2e1fffe000-7f2e1ffff000 r-xp 00001000 08:02 1439093                    /lib/libnss_mdns4_minimal.so.2
7f2e1ffff000-7f2e20000000 rwxp 00002000 08:02 1439093                    /lib/libnss_mdns4_minimal.so.2
7f2e20000000-7f2e2