#
# A fatal error has been detected by the Java Runtime Environment:
#
#  SIGSEGV (0xb) at pc=0x00007fef1eba2759, pid=31727, tid=140665001109248
#
# JRE version: 6.0_32-b05
# Java VM: Java HotSpot(TM) 64-Bit Server VM (20.7-b02 mixed mode linux-amd64 compressed oops)
# Problematic frame:
# C  [libGL.so.1+0x91759]  __float128+0x25289
#
# If you would like to submit a bug report, please visit:
#   http://java.sun.com/webapps/bugreport/crash.jsp
# The crash happened outside the Java Virtual Machine in native code.
# See problematic frame for where to report the bug.
#

---------------  T H R E A D  ---------------

Current thread (0x00007fef200f4000):  JavaThread "AWT-EventQueue-0" [_thread_in_native, id=31758, stack(0x00007fef1f5c6000,0x00007fef1f6c7000)]

siginfo:si_signo=SIGSEGV: si_errno=0, si_code=1 (SEGV_MAPERR), si_addr=0x00000000407e9000

Registers:
RAX=0x00000000407e9000, RBX=0x00007fef1bae1988, RCX=0x00007fef1ee00ce0, RDX=0x00007fef1e8ddbc0
RSP=0x00007fef1f6c3df0, RBP=0x0000000000000001, RSI=0x00007fef1bae1988, RDI=0x00007fef1ee00f40
R8 =0x0000000000000921, R9 =0x0000000040ea03e0, R10=0x0000000000000000, R11=0x0000000000000206
R12=0x00007fef1f6c3e10, R13=0x0000000000000001, R14=0x00007fef1bae1988, R15=0x00007fef1ede5750
RIP=0x00007fef1eba2759, EFLAGS=0x0000000000010202, CSGSFS=0x0000000000000033, ERR=0x0000000000000004
  TRAPNO=0x000000000000000e

Top of Stack: (sp=0x00007fef1f6c3df0)
0x00007fef1f6c3df0:   00007fef1f6c3e10 00000000407e9000
0x00007fef1f6c3e00:   0000012c1f6c3e50 000000010000012c
0x00007fef1f6c3e10:   00000000407e9000 00007fef1c73dee8
0x00007fef1f6c3e20:   0000000000000000 00007fef1f6c3ed8
0x00007fef1f6c3e30:   00007fef1f6c3ee0 00007fef200f41d0
0x00007fef1f6c3e40:   0000000000000000 00007fef1eba87a9
0x00007fef1f6c3e50:   0000000000000000 00007fef268f133e
0x00007fef1f6c3e60:   0000000000000000 0000000005a000b0
0x00007fef1f6c3e70:   00007fef1e8f9f20 0000000000007bef
0x00007fef1f6c3e80:   00007fef2c396ab0 00007fef1dbca0b0
0x00007fef1f6c3e90:   000000009ea2e670 00007fef2c1c7da0
0x00007fef1f6c3ea0:   00007fef1bae1940 00007fef1bbef3d0
0x00007fef1f6c3eb0:   000000009ea2e670 00007fef1f6c3fe8
0x00007fef1f6c3ec0:   00007fef200f4000 00007fef1eb7ae27
0x00007fef1f6c3ed0:   00007fef268ec298 00000000a38e99c0
0x00007fef1f6c3ee0:   00000000a38e9988 00007fef1f6c3ee8
0x00007fef1f6c3ef0:   000000009ea44475 000000009ea2e670
0x00007fef1f6c3f00:   00007fef1f6c3f40 0000000000000000
0x00007fef1f6c3f10:   000000009ea2e670 00007fef1cb97b42
0x00007fef1f6c3f20:   0000000005a000b0 00007fef2c1c7da0
0x00007fef1f6c3f30:   00007fef1f6c3fc0 00007fef200f41d0
0x00007fef1f6c3f40:   00007fef1f6c3fb0 00007fef268f0b55
0x00007fef1f6c3f50:   00007fef1f6c3f90 000000009ea09178
0x00007fef1f6c3f60:   0000000000000000 000000009e9f7440
0x00007fef1f6c3f70:   00007fef1f6c3f70 0000000000000000
0x00007fef1f6c3f80:   00007fef1f6c3fe8 000000009ea32478
0x00007fef1f6c3f90:   0000000000000000 000000009ea2e670
0x00007fef1f6c3fa0:   0000000000000000 00007fef1f6c3fd0
0x00007fef1f6c3fb0:   00007fef1f6c4030 00007fef268dfb02
0x00007fef1f6c3fc0:   000000009ea2f9a0 00007fef268ec298
0x00007fef1f6c3fd0:   0000000005a000b0 00007fef1f6c4030
0x00007fef1f6c3fe0:   00007fef2c1c7da0 00000000a3abd088 

Instructions: (pc=0x00007fef1eba2759)
0x00007fef1eba2739:   44 3b 6c 24 1c 75 90 4c 8b 24 24 31 ed 48 8b 0d
0x00007fef1eba2749:   db bf 23 00 49 8b 04 24 4c 89 f6 ff c5 48 8b 11
0x00007fef1eba2759:   48 8b 38 ff 92 68 03 00 00 48 8b 15 bf bf 23 00
0x00007fef1eba2769:   48 89 c3 49 8b 3c 24 49 83 c4 08 48 8b 02 ff 90 

Register to memory mapping:

RAX=0x00000000407e9000 is an unknown value
RBX=0x00007fef1bae1988 is an unknown value
RCX=0x00007fef1ee00ce0: <offset 0x2efce0> in /usr/lib/nvidia-current/libGL.so.1 at 0x00007fef1eb11000
RDX=0x00007fef1e8ddbc0: <offset 0x1ba7bc0> in /usr/lib/nvidia-current/libnvidia-glcore.so.260.19.06 at 0x00007fef1cd36000
RSP=0x00007fef1f6c3df0 is pointing into the stack for thread: 0x00007fef200f4000
RBP=0x0000000000000001 is an unknown value
RSI=0x00007fef1bae1988 is an unknown value
RDI=0x00007fef1ee00f40: <offset 0x2eff40> in /usr/lib/nvidia-current/libGL.so.1 at 0x00007fef1eb11000
R8 =0x0000000000000921 is an unknown value
R9 =0x0000000040ea03e0 is an unknown value
R10=0x0000000000000000 is an unknown value
R11=0x0000000000000206 is an unknown value
R12=0x00007fef1f6c3e10 is pointing into the stack for thread: 0x00007fef200f4000
R13=0x0000000000000001 is an unknown value
R14=0x00007fef1bae1988 is an unknown value
R15=0x00007fef1ede5750: <offset 0x2d4750> in /usr/lib/nvidia-current/libGL.so.1 at 0x00007fef1eb11000


Stack: [0x00007fef1f5c6000,0x00007fef1f6c7000],  sp=0x00007fef1f6c3df0,  free space=1015k
Native frames: (J=compiled Java code, j=interpreted, Vv=VM code, C=native code)
C  [libGL.so.1+0x91759]  __float128+0x25289

Java frames: (J=compiled Java code, j=interpreted, Vv=VM code)
j  com.sun.opengl.impl.x11.GLX.glXSwapBuffers(JJ)V+0
j  com.sun.opengl.impl.x11.X11OnscreenGLDrawable.swapBuffers()V+38
j  com.sun.opengl.impl.GLDrawableHelper.invokeGL(Ljavax/media/opengl/GLDrawable;Ljavax/media/opengl/GLContext;Ljava/lang/Runnable;Ljava/lang/Runnable;)V+435
j  javax.media.opengl.GLCanvas.maybeDoSingleThreadedWorkaround(Ljava/lang/Runnable;Ljava/lang/Runnable;)V+36
j  javax.media.opengl.GLCanvas.display()V+9
j  javax.media.opengl.GLCanvas.paint(Ljava/awt/Graphics;)V+125
j  javax.media.opengl.GLCanvas.update(Ljava/awt/Graphics;)V+2
j  sun.awt.RepaintArea.updateComponent(Ljava/awt/Component;Ljava/awt/Graphics;)V+6
j  sun.awt.X11.XRepaintArea.updateComponent(Ljava/awt/Component;Ljava/awt/Graphics;)V+23
j  sun.awt.RepaintArea.paint(Ljava/lang/Object;Z)V+263
j  sun.awt.X11.XComponentPeer.handleEvent(Ljava/awt/AWTEvent;)V+224
j  java.awt.Component.dispatchEventImpl(Ljava/awt/AWTEvent;)V+861
j  java.awt.Component.dispatchEvent(Ljava/awt/AWTEvent;)V+2
j  java.awt.EventQueue.dispatchEventImpl(Ljava/awt/AWTEvent;Ljava/lang/Object;)V+41
j  java.awt.EventQueue.access$000(Ljava/awt/EventQueue;Ljava/awt/AWTEvent;Ljava/lang/Object;)V+3
j  java.awt.EventQueue$1.run()Ljava/lang/Void;+12
j  java.awt.EventQueue$1.run()Ljava/lang/Object;+1
v  ~StubRoutines::call_stub
j  java.security.AccessController.doPrivileged(Ljava/security/PrivilegedAction;Ljava/security/AccessControlContext;)Ljava/lang/Object;+0
j  java.security.AccessControlContext$1.doIntersectionPrivilege(Ljava/security/PrivilegedAction;Ljava/security/AccessControlContext;Ljava/security/AccessControlContext;)Ljava/lang/Object;+28
j  java.security.AccessControlContext$1.doIntersectionPrivilege(Ljava/security/PrivilegedAction;Ljava/security/AccessControlContext;)Ljava/lang/Object;+6
j  java.awt.EventQueue$2.run()Ljava/lang/Void;+11
j  java.awt.EventQueue$2.run()Ljava/lang/Object;+1
v  ~StubRoutines::call_stub
j  java.security.AccessController.doPrivileged(Ljava/security/PrivilegedAction;Ljava/security/AccessControlContext;)Ljava/lang/Object;+0
j  java.security.AccessControlContext$1.doIntersectionPrivilege(Ljava/security/PrivilegedAction;Ljava/security/AccessControlContext;Ljava/security/AccessControlContext;)Ljava/lang/Object;+28
j  java.awt.EventQueue.dispatchEvent(Ljava/awt/AWTEvent;)V+73
j  java.awt.EventDispatchThread.pumpOneEventForFilters(I)Z+204
j  java.awt.EventDispatchThread.pumpEventsForFilter(ILjava/awt/Conditional;Ljava/awt/EventFilter;)V+30
j  java.awt.EventDispatchThread.pumpEventsForHierarchy(ILjava/awt/Conditional;Ljava/awt/Component;)V+11
j  java.awt.EventDispatchThread.pumpEvents(ILjava/awt/Conditional;)V+4
j  java.awt.EventDispatchThread.pumpEvents(Ljava/awt/Conditional;)V+3
j  java.awt.EventDispatchThread.run()V+9
v  ~StubRoutines::call_stub

---------------  P R O C E S S  ---------------

Java Threads: ( => current thread )
  0x0000000040e69000 JavaThread "NetPlotter" [_thread_blocked, id=31768, stack(0x00007fef1c63c000,0x00007fef1c73d000)]
  0x0000000040c7d000 JavaThread "Timer-0" daemon [_thread_blocked, id=31767, stack(0x00007fef1efbc000,0x00007fef1f0bd000)]
  0x0000000040e81000 JavaThread "TimerQueue" daemon [_thread_blocked, id=31766, stack(0x00007fef1f0bd000,0x00007fef1f1be000)]
  0x00007fef2c311800 JavaThread "Thread-1" [_thread_in_Java, id=31760, stack(0x00007fef1f2bf000,0x00007fef1f3c0000)]
  0x00007fef2c02f800 JavaThread "DestroyJavaVM" [_thread_blocked, id=31732, stack(0x00007fef30fde000,0x00007fef310df000)]
  0x00007fef2c2d7800 JavaThread "org.netbeans.modules.debugger.jpda.visual AWT Access Loop" daemon [_thread_blocked, id=31759, stack(0x00007fef1f4c5000,0x00007fef1f5c6000)]
=>0x00007fef200f4000 JavaThread "AWT-EventQueue-0" [_thread_in_native, id=31758, stack(0x00007fef1f5c6000,0x00007fef1f6c7000)]
  0x00007fef200e7800 JavaThread "AWT-Shutdown" [_thread_blocked, id=31757, stack(0x00007fef1f6c7000,0x00007fef1f7c8000)]
  0x00007fef2c2c2800 JavaThread "AWT-XAWT" daemon [_thread_blocked, id=31756, stack(0x00007fef1f9e7000,0x00007fef1fae8000)]
  0x00007fef2c1ff800 JavaThread "Java2D Disposer" daemon [_thread_blocked, id=31755, stack(0x00007fef1fae8000,0x00007fef1fbe9000)]
  0x00007fef2c12c000 JavaThread "Low Memory Detector" daemon [_thread_blocked, id=31753, stack(0x00007fef245f4000,0x00007fef246f5000)]
  0x00007fef2c129800 JavaThread "C2 CompilerThread1" daemon [_thread_blocked, id=31752, stack(0x00007fef246f5000,0x00007fef247f6000)]
  0x00007fef2c126800 JavaThread "C2 CompilerThread0" daemon [_thread_blocked, id=31751, stack(0x00007fef247f6000,0x00007fef248f7000)]
  0x00007fef2c124800 JavaThread "JDWP Event Helper Thread" daemon [_thread_blocked, id=31747, stack(0x00007fef249f8000,0x00007fef24af9000)]
  0x00007fef2c121000 JavaThread "JDWP Transport Listener: dt_socket" daemon [_thread_in_native, id=31745, stack(0x00007fef24af9000,0x00007fef24bfa000)]
  0x00007fef2c116000 JavaThread "Signal Dispatcher" daemon [_thread_blocked, id=31744, stack(0x00007fef24cfe000,0x00007fef24dff000)]
  0x00007fef2c0fb000 JavaThread "Finalizer" daemon [_thread_blocked, id=31743, stack(0x00007fef24dff000,0x00007fef24f00000)]
  0x00007fef2c0f9000 JavaThread "Reference Handler" daemon [_thread_blocked, id=31742, stack(0x00007fef24f00000,0x00007fef25001000)]

Other Threads:
  0x00007fef2c0f3000 VMThread [stack: 0x00007fef25001000,0x00007fef25102000] [id=31741]
  0x00007fef2c13e800 WatcherThread [stack: 0x00007fef244f3000,0x00007fef245f4000] [id=31754]

VM state:not at safepoint (normal execution)

VM Mutex/Monitor currently owned by a thread: None

Heap
 PSYoungGen      total 115840K, used 87447K [0x00000000e0e00000, 0x00000000edcc0000, 0x0000000100000000)
  eden space 86976K, 94% used [0x00000000e0e00000,0x00000000e5e30630,0x00000000e62f0000)
  from space 28864K, 18% used [0x00000000e62f0000,0x00000000e6825818,0x00000000e7f20000)
  to   space 27840K, 0% used [0x00000000ec190000,0x00000000ec190000,0x00000000edcc0000)
 PSOldGen        total 70144K, used 19795K [0x00000000a2a00000, 0x00000000a6e80000, 0x00000000e0e00000)
  object space 70144K, 28% used [0x00000000a2a00000,0x00000000a3d54d20,0x00000000a6e80000)
 PSPermGen       total 44928K, used 22297K [0x000000009d800000, 0x00000000a03e0000, 0x00000000a2a00000)
  object space 44928K, 49% used [0x000000009d800000,0x000000009edc6608,0x00000000a03e0000)

Code Cache  [0x00007fef268da000, 0x00007fef26b4a000, 0x00007fef298da000)
 total_blobs=1006 nmethods=255 adapters=713 free_code_cache=49100672 largest_free_block=10816

Dynamic libraries:
40000000-40009000 r-xp 00000000 08:08 5900415                            /users/oconnorp/Programs/jdk1.6.0_32/jre/bin/java
40108000-4010a000 rwxp 00008000 08:08 5900415                            /users/oconnorp/Programs/jdk1.6.0_32/jre/bin/java
40a03000-40fbc000 rwxp 00000000 00:00 0                                  [heap]
9d800000-a03e0000 rwxp 00000000 00:00 0 
a03e0000-a2a00000 rwxp 00000000 00:00 0 
a2a00000-a6e80000 rwxp 00000000 00:00 0 
a6e80000-e0e00000 rwxp 00000000 00:00 0 
e0e00000-edcc0000 rwxp 00000000 00:00 0 
edcc0000-100000000 rwxp 00000000 00:00 0 
7fef1b728000-7fef1b828000 rwxp 00000000 00:00 0 
7fef1b8f1000-7fef1baf1000 rwxp 00000000 00:00 0 
7fef1baf3000-7fef1bbf3000 rwxp 00000000 00:00 0 
7fef1bbf3000-7fef1bdf3000 rwxs ab9d6000 00:05 8204                       /dev/nvidia0
7fef1bef7000-7fef1bff7000 rwxp 00000000 00:00 0 
7fef1c0c0000-7fef1c63c000 rwxs 00000000 00:04 67993614                   /SYSV00000000 (deleted)
7fef1c63c000-7fef1c63f000 ---p 00000000 00:00 0 
7fef1c63f000-7fef1c73d000 rwxp 00000000 00:00 0 
7fef1c73d000-7fef1c73f000 r-xp 00000000 08:08 9176684                    /users/oconnorp/Desktop/Dropbox/J/JSpikeStackMod/JSpikeStack/jars/libjogl_awt.so
7fef1c73f000-7fef1c83e000 ---p 00002000 08:08 9176684                    /users/oconnorp/Desktop/Dropbox/J/JSpikeStackMod/JSpikeStack/jars/libjogl_awt.so
7fef1c83e000-7fef1c83f000 rwxp 00001000 08:08 9176684                    /users/oconnorp/Desktop/Dropbox/J/JSpikeStackMod/JSpikeStack/jars/libjogl_awt.so
7fef1c83f000-7fef1c840000 r-xp 00000000 08:08 5901041                    /users/oconnorp/Programs/jdk1.6.0_32/jre/lib/amd64/libjawt.so
7fef1c840000-7fef1c93f000 ---p 00001000 08:08 5901041                    /users/oconnorp/Programs/jdk1.6.0_32/jre/lib/amd64/libjawt.so
7fef1c93f000-7fef1c940000 rwxp 00000000 08:08 5901041                    /users/oconnorp/Programs/jdk1.6.0_32/jre/lib/amd64/libjawt.so
7fef1c940000-7fef1c945000 r-xp 00000000 08:02 526129                     /usr/lib/libXxf86vm.so.1.0.0
7fef1c945000-7fef1cb44000 ---p 00005000 08:02 526129                     /usr/lib/libXxf86vm.so.1.0.0
7fef1cb44000-7fef1cb45000 r-xp 00004000 08:02 526129                     /usr/lib/libXxf86vm.so.1.0.0
7fef1cb45000-7fef1cb46000 rwxp 00005000 08:02 526129                     /usr/lib/libXxf86vm.so.1.0.0
7fef1cb46000-7fef1cc35000 r-xp 00000000 08:08 9176677                    /users/oconnorp/Desktop/Dropbox/J/JSpikeStackMod/JSpikeStack/jars/libjogl.so
7fef1cc35000-7fef1cd35000 ---p 000ef000 08:08 9176677                    /users/oconnorp/Desktop/Dropbox/J/JSpikeStackMod/JSpikeStack/jars/libjogl.so
7fef1cd35000-7fef1cd36000 rwxp 000ef000 08:08 9176677                    /users/oconnorp/Desktop/Dropbox/J/JSpikeStackMod/JSpikeStack/jars/libjogl.so
7fef1cd36000-7fef1e11e000 r-xp 00000000 08:02 666465                     /usr/lib/nvidia-current/libnvidia-glcore.so.260.19.06
7fef1e11e000-7fef1e31d000 ---p 013e8000 08:02 666465                     /usr/lib/nvidia-current/libnvidia-glcore.so.260.19.06
7fef1e31d000-7fef1e8f9000 rwxp 013e7000 08:02 666465                     /usr/lib/nvidia-current/libnvidia-glcore.so.260.19.06
7fef1e8f9000-7fef1e90f000 rwxp 00000000 00:00 0 
7fef1e90f000-7fef1e910000 r-xp 00000000 08:02 666460                     /usr/lib/nvidia-current/tls/libnvidia-tls.so.260.19.06
7fef1e910000-7fef1eb10000 ---p 00001000 08:02 666460                     /usr/lib/nvidia-current/tls/libnvidia-tls.so.260.19.06
7fef1eb10000-7fef1eb11000 rwxp 00001000 08:02 666460                     /usr/lib/nvidia-current/tls/libnvidia-tls.so.260.19.06
7fef1eb11000-7fef1ebc8000 r-xp 00000000 08:02 666455                     /usr/lib/nvidia-current/libGL.so.260.19.06
7fef1ebc8000-7fef1edc8000 ---p 000b7000 08:02 666455                     /usr/lib/nvidia-current/libGL.so.260.19.06
7fef1edc8000-7fef1ee00000 rwxp 000b7000 08:02 666455                     /usr/lib/nvidia-current/libGL.so.260.19.06
7fef1ee00000-7fef1ee16000 rwxp 00000000 00:00 0 
7fef1ee16000-7fef1ee17000 r-xp 00000000 08:08 9176675                    /users/oconnorp/Desktop/Dropbox/J/JSpikeStackMod/JSpikeStack/jars/libgluegen-rt.so
7fef1ee17000-7fef1ef16000 ---p 00001000 08:08 9176675                    /users/oconnorp/Desktop/Dropbox/J/JSpikeStackMod/JSpikeStack/jars/libgluegen-rt.so
7fef1ef16000-7fef1ef17000 rwxp 00000000 08:08 9176675                    /users/oconnorp/Desktop/Dropbox/J/JSpikeStackMod/JSpikeStack/jars/libgluegen-rt.so
7fef1efbc000-7fef1efbf000 ---p 00000000 00:00 0 
7fef1efbf000-7fef1f0bd000 rwxp 00000000 00:00 0 
7fef1f0bd000-7fef1f0c0000 ---p 00000000 00:00 0 
7fef1f0c0000-7fef1f1be000 rwxp 00000000 00:00 0 
7fef1f1be000-7fef1f1c1000 ---p 00000000 00:00 0 
7fef1f1c1000-7fef1f2bf000 rwxp 00000000 00:00 0 
7fef1f2bf000-7fef1f2c2000 ---p 00000000 00:00 0 
7fef1f2c2000-7fef1f3c0000 rwxp 00000000 00:00 0 
7fef1f3c0000-7fef1f3c1000 r-xs 00000000 08:02 1706781                    /var/cache/fontconfig/c05880de57d1f5e948fdfacc138775d9-le64.cache-3
7fef1f3c1000-7fef1f3ca000 r-xs 00000000 08:02 1706778                    /var/cache/fontconfig/945677eb7aeaf62f1d50efc3fb3ec7d8-le64.cache-3
7fef1f3ca000-7fef1f3cc000 r-xs 00000000 08:02 1706779                    /var/cache/fontconfig/99e8ed0e538f840c565b6ed5dad60d56-le64.cache-3
7fef1f3cc000-7fef1f3cf000 r-xs 00000000 08:02 1706788                    /var/cache/fontconfig/e383d7ea5fbe662a33d9b44caf393297-le64.cache-3
7fef1f3cf000-7fef1f3d2000 r-xs 00000000 08:02 1704604                    /var/cache/fontconfig/2cd17615ca594fa2959ae173292e504c-le64.cache-3
7fef1f3d2000-7fef1f3d3000 r-xs 00000000 08:02 1706789                    /var/cache/fontconfig/e7071f4a29fa870f4323321c154eba04-le64.cache-3
7fef1f3d3000-7fef1f3d6000 r-xs 00000000 08:02 1704494                    /var/cache/fontconfig/b5ea634b0fb353b8ea17632d1f9ef766-le64.cache-3
7fef1f3d6000-7fef1f3da000 r-xs 00000000 08:02 1706775                    /var/cache/fontconfig/6eb3985aa4124903f6ff08ba781cd364-le64.cache-3
7fef1f3da000-7fef1f3e0000 r-xs 00000000 08:02 1706780                    /var/cache/fontconfig/a755afe4a08bf5b97852ceb7400b47bc-le64.cache-3
7fef1f3e0000-7fef1f3f0000 r-xs 00000000 08:02 1706765                    /var/cache/fontconfig/0f34bcd4b6ee430af32735b75db7f02b-le64.cache-3
7fef1f3f0000-7fef1f403000 r-xs 00000000 08:02 1703478                    /var/cache/fontconfig/e13b20fdb08344e0e664864cc2ede53d-le64.cache-3
7fef1f4c5000-7fef1f4c8000 ---p 00000000 00:00 0 
7fef1f4c8000-7fef1f5c6000 rwxp 00000000 00:00 0 
7fef1f5c6000-7fef1f5c9000 ---p 00000000 00:00 0 
7fef1f5c9000-7fef1f6c7000 rwxp 00000000 00:00 0 
7fef1f6c7000-7fef1f6ca000 ---p 00000000 00:00 0 
7fef1f6ca000-7fef1f7c8000 rwxp 00000000 00:00 0 
7fef1f7c8000-7fef1f7cf000 r-xp 00000000 08:08 5901017                    /users/oconnorp/Programs/jdk1.6.0_32/jre/lib/amd64/libnio.so
7fef1f7cf000-7fef1f8ce000 ---p 00007000 08:08 5901017                    /users/oconnorp/Programs/jdk1.6.0_32/jre/lib/amd64/libnio.so
7fef1f8ce000-7fef1f8d0000 rwxp 00006000 08:08 5901017                    /users/oconnorp/Programs/jdk1.6.0_32/jre/lib/amd64/libnio.so
7fef1f8d0000-7fef1f8e3000 r-xp 00000000 08:08 5901016                    /users/oconnorp/Programs/jdk1.6.0_32/jre/lib/amd64/libnet.so
7fef1f8e3000-7fef1f9e4000 ---p 00013000 08:08 5901016                    /users/oconnorp/Programs/jdk1.6.0_32/jre/lib/amd64/libnet.so
7fef1f9e4000-7fef1f9e7000 rwxp 00014000 08:08 5901016                    /users/oconnorp/Programs/jdk1.6.0_32/jre/lib/amd64/libnet.so
7fef1f9e7000-7fef1f9ea000 ---p 00000000 00:00 0 
7fef1f9ea000-7fef1fae8000 rwxp 00000000 00:00 0 
7fef1fae8000-7fef1faeb000 ---p 00000000 00:00 0 
7fef1faeb000-7fef1fbe9000 rwxp 00000000 00:00 0 
7fef1fbe9000-7fef1fbf7000 r-xp 00000000 08:02 526099                     /usr/lib/libXi.so.6.1.0
7fef1fbf7000-7fef1fdf7000 ---p 0000e000 08:02 526099                     /usr/lib/libXi.so.6.1.0
7fef1fdf7000-7fef1fdf8000 r-xp 0000e000 08:02 526099                     /usr/lib/libXi.so.6.1.0
7fef1fdf8000-7fef1fdf9000 rwxp 0000f000 08:02 526099                     /usr/lib/libXi.so.6.1.0
7fef1fdf9000-7fef1fdfe000 r-xp 00000000 08:02 526119                     /usr/lib/libXtst.so.6.1.0
7fef1fdfe000-7fef1fffe000 ---p 00005000 08:02 526119                     /usr/lib/libXtst.so.6.1.0
7fef1fffe000-7fef1ffff000 r-xp 00005000 08:02 526119                     /usr/lib/libXtst.so.6.1.0
7fef1ffff000-7fef20000000 rwxp 00006000 08:02 526119                     /usr/lib/libXtst.so.6.1.0
7fef20000000-7fef20618000 rwxp 00000000 00:00 0 
7fef20618000-7fef24000000 ---p 00000000 00:00 0 
7fef24003000-7fef2400c000 r-xs 00000000 08:02 1704816                    /var/cache/fontconfig/6d41288fd70b0be22e8c3a91e032eec0-le64.cache-3
7fef2400c000-7fef2400f000 r-xs 00000000 08:02 1706785                    /var/cache/fontconfig/d60319d88cac85ba9e1a07bd06cfbb8c-le64.cache-3
7fef2400f000-7fef24013000 r-xs 00000000 08:02 1704562                    /var/cache/fontconfig/7ef2298fde41cc6eeb7af42e48b7d293-le64.cache-3
7fef24013000-7fef24027000 r-xs 00000000 08:02 1717119                    /var/cache/fontconfig/865f88548240fee46819705c6468c165-le64.cache-3
7fef24027000-7fef240a0000 r-xp 00000000 08:08 5901025                    /users/oconnorp/Programs/jdk1.6.0_32/jre/lib/amd64/libfontmanager.so
7fef240a0000-7fef2419f000 ---p 00079000 08:08 5901025                    /users/oconnorp/Programs/jdk1.6.0_32/jre/lib/amd64/libfontmanager.so
7fef2419f000-7fef241b4000 rwxp 00078000 08:08 5901025                    /users/oconnorp/Programs/jdk1.6.0_32/jre/lib/amd64/libfontmanager.so
7fef241b4000-7fef241c6000 rwxp 00000000 00:00 0 
7fef241c6000-7fef24208000 r-xp 00000000 08:08 5901014                    /users/oconnorp/Programs/jdk1.6.0_32/jre/lib/amd64/xawt/libmawt.so
7fef24208000-7fef24307000 ---p 00042000 08:08 5901014                    /users/oconnorp/Programs/jdk1.6.0_32/jre/lib/amd64/xawt/libmawt.so
7fef24307000-7fef24313000 rwxp 00041000 08:08 5901014                    /users/oconnorp/Programs/jdk1.6.0_32/jre/lib/amd64/xawt/libmawt.so
7fef24313000-7fef24314000 rwxp 00000000 00:00 0 
7fef24314000-7fef243a6000 r-xp 00000000 08:08 5901061                    /users/oconnorp/Programs/jdk1.6.0_32/jre/lib/amd64/libawt.so
7fef243a6000-7fef244a5000 ---p 00092000 08:08 5901061                    /users/oconnorp/Programs/jdk1.6.0_32/jre/lib/amd64/libawt.so
7fef244a5000-7fef244bf000 rwxp 00091000 08:08 5901061                    /users/oconnorp/Programs/jdk1.6.0_32/jre/lib/amd64/libawt.so
7fef244bf000-7fef244e3000 rwxp 00000000 00:00 0 
7fef244e3000-7fef244f3000 r-xs 00155000 08:08 9176682                    /users/oconnorp/Desktop/Dropbox/J/JSpikeStackMod/JSpikeStack/jars/jfreechart-1.0.14.jar
7fef244f3000-7fef244f4000 ---p 00000000 00:00 0 
7fef244f4000-7fef245f4000 rwxp 00000000 00:00 0 
7fef245f4000-7fef245f7000 ---p 00000000 00:00 0 
7fef245f7000-7fef246f5000 rwxp 00000000 00:00 0 
7fef246f5000-7fef246f8000 ---p 00000000 00:00 0 
7fef246f8000-7fef247f6000 rwxp 00000000 00:00 0 
7fef247f6000-7fef247f9000 ---p 00000000 00:00 0 
7fef247f9000-7fef248f7000 rwxp 00000000 00:00 0 
7fef248f7000-7fef248fa000 ---p 00000000 00:00 0 
7fef248fa000-7fef249f8000 rwxp 00000000 00:00 0 
7fef249f8000-7fef249fb000 ---p 00000000 00:00 0 
7fef249fb000-7fef24af9000 rwxp 00000000 00:00 0 
7fef24af9000-7fef24afc000 ---p 00000000 00:00 0 
7fef24afc000-7fef24bfa000 rwxp 00000000 00:00 0 
7fef24bfa000-7fef24bfd000 r-xp 00000000 08:08 5901052                    /users/oconnorp/Programs/jdk1.6.0_32/jre/lib/amd64/libdt_socket.so
7fef24bfd000-7fef24cfc000 ---p 00003000 08:08 5901052                    /users/oconnorp/Programs/jdk1.6.0_32/jre/lib/amd64/libdt_socket.so
7fef24cfc000-7fef24cfe000 rwxp 00002000 08:08 5901052                    /users/oconnorp/Programs/jdk1.6.0_32/jre/lib/amd64/libdt_socket.so
7fef24cfe000-7fef24d01000 ---p 00000000 00:00 0 
7fef24d01000-7fef24dff000 rwxp 00000000 00:00 0 
7fef24dff000-7fef24e02000 ---p 00000000 00:00 0 
7fef24e02000-7fef24f00000 rwxp 00000000 00:00 0 
7fef24f00000-7fef24f03000 ---p 00000000 00:00 0 
7fef24f03000-7fef25001000 rwxp 00000000 00:00 0 
7fef25001000-7fef25002000 ---p 00000000 00:00 0 
7fef25002000-7fef25a0b000 rwxp 00000000 00:00 0 
7fef25a0b000-7fef25ba2000 r-xs 03079000 08:08 5901816                    /users/oconnorp/Programs/jdk1.6.0_32/jre/lib/rt.jar
7fef25ba2000-7fef25ba3000 ---p 00000000 00:00 0 
7fef25ba3000-7fef25ca3000 rwxp 00000000 00:00 0 
7fef25ca3000-7fef25ca4000 ---p 00000000 00:00 0 
7fef25ca4000-7fef25da4000 rwxp 00000000 00:00 0 
7fef25da4000-7fef25da5000 ---p 00000000 00:00 0 
7fef25da5000-7fef25ea5000 rwxp 00000000 00:00 0 
7fef25ea5000-7fef25ea6000 ---p 00000000 00:00 0 
7fef25ea6000-7fef25fa6000 rwxp 00000000 00:00 0 
7fef25fa6000-7fef25fa7000 ---p 00000000 00:00 0 
7fef25fa7000-7fef260a7000 rwxp 00000000 00:00 0 
7fef260a7000-7fef260a8000 ---p 00000000 00:00 0 
7fef260a8000-7fef261a8000 rwxp 00000000 00:00 0 
7fef261a8000-7fef261a9000 ---p 00000000 00:00 0 
7fef261a9000-7fef262a9000 rwxp 00000000 00:00 0 
7fef262a9000-7fef262aa000 ---p 00000000 00:00 0 
7fef262aa000-7fef263c0000 rwxp 00000000 00:00 0 
7fef263c0000-7fef263d3000 rwxp 00000000 00:00 0 
7fef263d3000-7fef263f6000 rwxp 00000000 00:00 0 
7fef263f6000-7fef265c5000 rwxp 00000000 00:00 0 
7fef265c5000-7fef265db000 rwxp 00000000 00:00 0 
7fef265db000-7fef265ee000 rwxp 00000000 00:00 0 
7fef265ee000-7fef26611000 rwxp 00000000 00:00 0 
7fef26611000-7fef267e0000 rwxp 00000000 00:00 0 
7fef267e0000-7fef26848000 rwxp 00000000 00:00 0 
7fef26848000-7fef268d9000 rwxp 00000000 00:00 0 
7fef268d9000-7fef26b4a000 rwxp 00000000 00:00 0 
7fef26b4a000-7fef298da000 rwxp 00000000 00:00 0 
7fef298da000-7fef298df000 r-xp 00000000 08:02 1458517                    /lib/libnss_dns-2.12.1.so
7fef298df000-7fef29ade000 ---p 00005000 08:02 1458517                    /lib/libnss_dns-2.12.1.so
7fef29ade000-7fef29adf000 r-xp 00004000 08:02 1458517                    /lib/libnss_dns-2.12.1.so
7fef29adf000-7fef29ae0000 rwxp 00005000 08:02 1458517                    /lib/libnss_dns-2.12.1.so
7fef29ae0000-7fef29ae2000 r-xp 00000000 08:02 1439093                    /lib/libnss_mdns4_minimal.so.2
7fef29ae2000-7fef29ce1000 ---p 00002000 08:02 1439093                    /lib/libnss_mdns4_minimal.so.2
7fef29ce1000-7fef29ce2000 r-xp 00001000 08:02 1439093                    /lib/libnss_mdns4_minimal.so.2
7fef29ce2000-7fef29ce3000 rwxp 00002000 08:02 1439093                    /lib/libnss_mdns4_minimal.so.2
7fef29ce3000-7fef29ce6000 r-xp 00000000 08:02 1439061                    /lib/libgpg-error.so.0.4.0
7fef29ce6000-7fef29ee5000 ---p 00003000 08:02 1439061                    /lib/libgpg-error.so.0.4.0
7fef29ee5000-7fef29ee6000 r-xp 00002000 08:02 1439061                    /lib/libgpg-error.so.0.4.0
7fef29ee6000-7fef29ee7000 rwxp 00003000 08:02 1439061                    /lib/libgpg-error.so.0.4.0
7fef29ee7000-7fef29f5b000 r-xp 00000000 08:02 1439057                    /lib/libgcrypt.so.11.5.3
7fef29f5b000-7fef2a15b000 ---p 00074000 08:02 1439057                    /lib/libgcrypt.so.11.5.3
7fef2a15b000-7fef2a15c000 r-xp 00074000 08:02 1439057                    /lib/libgcrypt.so.11.5.3
7fef2a15c000-7fef2a15f000 rwxp 00075000 08:02 1439057                    /lib/libgcrypt.so.11.5.3
7fef2a15f000-7fef2a17